[2024-10-28T18:03:50.489+0000] {processor.py:186} INFO - Started process (PID=77) to work on /opt/airflow/dags/etl.py
[2024-10-28T18:03:50.491+0000] {processor.py:914} INFO - Processing file /opt/airflow/dags/etl.py for tasks to queue
[2024-10-28T18:03:50.496+0000] {logging_mixin.py:190} INFO - [2024-10-28T18:03:50.496+0000] {dagbag.py:588} INFO - Filling up the DagBag from /opt/airflow/dags/etl.py
[2024-10-28T18:03:50.543+0000] {processor.py:925} INFO - DAG(s) 'simple_etl_dag' retrieved from /opt/airflow/dags/etl.py
[2024-10-28T18:03:50.616+0000] {logging_mixin.py:190} INFO - [2024-10-28T18:03:50.616+0000] {dag.py:3239} INFO - Sync 1 DAGs
[2024-10-28T18:03:50.672+0000] {logging_mixin.py:190} INFO - [2024-10-28T18:03:50.672+0000] {dag.py:4180} INFO - Setting next_dagrun for simple_etl_dag to 2024-10-27 00:00:00+00:00, run_after=2024-10-28 00:00:00+00:00
[2024-10-28T18:03:50.706+0000] {processor.py:208} INFO - Processing /opt/airflow/dags/etl.py took 0.226 seconds
[2024-10-28T18:04:21.375+0000] {processor.py:186} INFO - Started process (PID=148) to work on /opt/airflow/dags/etl.py
[2024-10-28T18:04:21.376+0000] {processor.py:914} INFO - Processing file /opt/airflow/dags/etl.py for tasks to queue
[2024-10-28T18:04:21.379+0000] {logging_mixin.py:190} INFO - [2024-10-28T18:04:21.379+0000] {dagbag.py:588} INFO - Filling up the DagBag from /opt/airflow/dags/etl.py
[2024-10-28T18:04:21.403+0000] {processor.py:925} INFO - DAG(s) 'simple_etl_dag' retrieved from /opt/airflow/dags/etl.py
[2024-10-28T18:04:21.419+0000] {logging_mixin.py:190} INFO - [2024-10-28T18:04:21.419+0000] {dag.py:3239} INFO - Sync 1 DAGs
[2024-10-28T18:04:21.438+0000] {logging_mixin.py:190} INFO - [2024-10-28T18:04:21.438+0000] {dag.py:4180} INFO - Setting next_dagrun for simple_etl_dag to 2024-10-28 00:00:00+00:00, run_after=2024-10-29 00:00:00+00:00
[2024-10-28T18:04:21.455+0000] {processor.py:208} INFO - Processing /opt/airflow/dags/etl.py took 0.084 seconds
[2024-10-28T18:04:51.528+0000] {processor.py:186} INFO - Started process (PID=214) to work on /opt/airflow/dags/etl.py
[2024-10-28T18:04:51.529+0000] {processor.py:914} INFO - Processing file /opt/airflow/dags/etl.py for tasks to queue
[2024-10-28T18:04:51.531+0000] {logging_mixin.py:190} INFO - [2024-10-28T18:04:51.531+0000] {dagbag.py:588} INFO - Filling up the DagBag from /opt/airflow/dags/etl.py
[2024-10-28T18:04:51.548+0000] {processor.py:925} INFO - DAG(s) 'simple_etl_dag' retrieved from /opt/airflow/dags/etl.py
[2024-10-28T18:04:51.565+0000] {logging_mixin.py:190} INFO - [2024-10-28T18:04:51.565+0000] {dag.py:3239} INFO - Sync 1 DAGs
[2024-10-28T18:04:51.583+0000] {logging_mixin.py:190} INFO - [2024-10-28T18:04:51.583+0000] {dag.py:4180} INFO - Setting next_dagrun for simple_etl_dag to 2024-10-28 00:00:00+00:00, run_after=2024-10-29 00:00:00+00:00
[2024-10-28T18:04:51.603+0000] {processor.py:208} INFO - Processing /opt/airflow/dags/etl.py took 0.080 seconds
[2024-10-28T18:05:22.383+0000] {processor.py:186} INFO - Started process (PID=280) to work on /opt/airflow/dags/etl.py
[2024-10-28T18:05:22.383+0000] {processor.py:914} INFO - Processing file /opt/airflow/dags/etl.py for tasks to queue
[2024-10-28T18:05:22.385+0000] {logging_mixin.py:190} INFO - [2024-10-28T18:05:22.385+0000] {dagbag.py:588} INFO - Filling up the DagBag from /opt/airflow/dags/etl.py
[2024-10-28T18:05:22.401+0000] {processor.py:925} INFO - DAG(s) 'simple_etl_dag' retrieved from /opt/airflow/dags/etl.py
[2024-10-28T18:05:22.415+0000] {logging_mixin.py:190} INFO - [2024-10-28T18:05:22.415+0000] {dag.py:3239} INFO - Sync 1 DAGs
[2024-10-28T18:05:22.433+0000] {logging_mixin.py:190} INFO - [2024-10-28T18:05:22.432+0000] {dag.py:4180} INFO - Setting next_dagrun for simple_etl_dag to 2024-10-28 00:00:00+00:00, run_after=2024-10-29 00:00:00+00:00
[2024-10-28T18:05:22.449+0000] {processor.py:208} INFO - Processing /opt/airflow/dags/etl.py took 0.071 seconds
[2024-10-28T18:05:53.103+0000] {processor.py:186} INFO - Started process (PID=346) to work on /opt/airflow/dags/etl.py
[2024-10-28T18:05:53.103+0000] {processor.py:914} INFO - Processing file /opt/airflow/dags/etl.py for tasks to queue
[2024-10-28T18:05:53.105+0000] {logging_mixin.py:190} INFO - [2024-10-28T18:05:53.105+0000] {dagbag.py:588} INFO - Filling up the DagBag from /opt/airflow/dags/etl.py
[2024-10-28T18:05:53.123+0000] {processor.py:925} INFO - DAG(s) 'simple_etl_dag' retrieved from /opt/airflow/dags/etl.py
[2024-10-28T18:05:53.138+0000] {logging_mixin.py:190} INFO - [2024-10-28T18:05:53.137+0000] {dag.py:3239} INFO - Sync 1 DAGs
[2024-10-28T18:05:53.155+0000] {logging_mixin.py:190} INFO - [2024-10-28T18:05:53.155+0000] {dag.py:4180} INFO - Setting next_dagrun for simple_etl_dag to 2024-10-28 00:00:00+00:00, run_after=2024-10-29 00:00:00+00:00
[2024-10-28T18:05:53.169+0000] {processor.py:208} INFO - Processing /opt/airflow/dags/etl.py took 0.071 seconds
[2024-10-28T18:06:24.094+0000] {processor.py:186} INFO - Started process (PID=412) to work on /opt/airflow/dags/etl.py
[2024-10-28T18:06:24.095+0000] {processor.py:914} INFO - Processing file /opt/airflow/dags/etl.py for tasks to queue
[2024-10-28T18:06:24.097+0000] {logging_mixin.py:190} INFO - [2024-10-28T18:06:24.097+0000] {dagbag.py:588} INFO - Filling up the DagBag from /opt/airflow/dags/etl.py
[2024-10-28T18:06:24.113+0000] {processor.py:925} INFO - DAG(s) 'simple_etl_dag' retrieved from /opt/airflow/dags/etl.py
[2024-10-28T18:06:24.125+0000] {logging_mixin.py:190} INFO - [2024-10-28T18:06:24.125+0000] {dag.py:3239} INFO - Sync 1 DAGs
[2024-10-28T18:06:24.143+0000] {logging_mixin.py:190} INFO - [2024-10-28T18:06:24.143+0000] {dag.py:4180} INFO - Setting next_dagrun for simple_etl_dag to 2024-10-28 00:00:00+00:00, run_after=2024-10-29 00:00:00+00:00
[2024-10-28T18:06:24.164+0000] {processor.py:208} INFO - Processing /opt/airflow/dags/etl.py took 0.073 seconds
[2024-10-28T18:06:54.748+0000] {processor.py:186} INFO - Started process (PID=478) to work on /opt/airflow/dags/etl.py
[2024-10-28T18:06:54.749+0000] {processor.py:914} INFO - Processing file /opt/airflow/dags/etl.py for tasks to queue
[2024-10-28T18:06:54.751+0000] {logging_mixin.py:190} INFO - [2024-10-28T18:06:54.751+0000] {dagbag.py:588} INFO - Filling up the DagBag from /opt/airflow/dags/etl.py
[2024-10-28T18:06:54.775+0000] {processor.py:925} INFO - DAG(s) 'simple_etl_dag' retrieved from /opt/airflow/dags/etl.py
[2024-10-28T18:06:54.789+0000] {logging_mixin.py:190} INFO - [2024-10-28T18:06:54.789+0000] {dag.py:3239} INFO - Sync 1 DAGs
[2024-10-28T18:06:54.806+0000] {logging_mixin.py:190} INFO - [2024-10-28T18:06:54.806+0000] {dag.py:4180} INFO - Setting next_dagrun for simple_etl_dag to 2024-10-28 00:00:00+00:00, run_after=2024-10-29 00:00:00+00:00
[2024-10-28T18:06:54.822+0000] {processor.py:208} INFO - Processing /opt/airflow/dags/etl.py took 0.078 seconds
[2024-10-28T18:07:25.425+0000] {processor.py:186} INFO - Started process (PID=544) to work on /opt/airflow/dags/etl.py
[2024-10-28T18:07:25.426+0000] {processor.py:914} INFO - Processing file /opt/airflow/dags/etl.py for tasks to queue
[2024-10-28T18:07:25.428+0000] {logging_mixin.py:190} INFO - [2024-10-28T18:07:25.428+0000] {dagbag.py:588} INFO - Filling up the DagBag from /opt/airflow/dags/etl.py
[2024-10-28T18:07:25.447+0000] {processor.py:925} INFO - DAG(s) 'simple_etl_dag' retrieved from /opt/airflow/dags/etl.py
[2024-10-28T18:07:25.465+0000] {logging_mixin.py:190} INFO - [2024-10-28T18:07:25.464+0000] {dag.py:3239} INFO - Sync 1 DAGs
[2024-10-28T18:07:25.483+0000] {logging_mixin.py:190} INFO - [2024-10-28T18:07:25.483+0000] {dag.py:4180} INFO - Setting next_dagrun for simple_etl_dag to 2024-10-28 00:00:00+00:00, run_after=2024-10-29 00:00:00+00:00
[2024-10-28T18:07:25.496+0000] {processor.py:208} INFO - Processing /opt/airflow/dags/etl.py took 0.075 seconds
[2024-10-28T18:07:56.023+0000] {processor.py:186} INFO - Started process (PID=610) to work on /opt/airflow/dags/etl.py
[2024-10-28T18:07:56.024+0000] {processor.py:914} INFO - Processing file /opt/airflow/dags/etl.py for tasks to queue
[2024-10-28T18:07:56.026+0000] {logging_mixin.py:190} INFO - [2024-10-28T18:07:56.026+0000] {dagbag.py:588} INFO - Filling up the DagBag from /opt/airflow/dags/etl.py
[2024-10-28T18:07:56.046+0000] {processor.py:925} INFO - DAG(s) 'simple_etl_dag' retrieved from /opt/airflow/dags/etl.py
[2024-10-28T18:07:56.063+0000] {logging_mixin.py:190} INFO - [2024-10-28T18:07:56.063+0000] {dag.py:3239} INFO - Sync 1 DAGs
[2024-10-28T18:07:56.084+0000] {logging_mixin.py:190} INFO - [2024-10-28T18:07:56.084+0000] {dag.py:4180} INFO - Setting next_dagrun for simple_etl_dag to 2024-10-28 00:00:00+00:00, run_after=2024-10-29 00:00:00+00:00
[2024-10-28T18:07:56.105+0000] {processor.py:208} INFO - Processing /opt/airflow/dags/etl.py took 0.087 seconds
[2024-10-28T18:08:26.320+0000] {processor.py:186} INFO - Started process (PID=675) to work on /opt/airflow/dags/etl.py
[2024-10-28T18:08:26.321+0000] {processor.py:914} INFO - Processing file /opt/airflow/dags/etl.py for tasks to queue
[2024-10-28T18:08:26.324+0000] {logging_mixin.py:190} INFO - [2024-10-28T18:08:26.323+0000] {dagbag.py:588} INFO - Filling up the DagBag from /opt/airflow/dags/etl.py
[2024-10-28T18:08:26.343+0000] {processor.py:925} INFO - DAG(s) 'simple_etl_dag' retrieved from /opt/airflow/dags/etl.py
[2024-10-28T18:08:26.356+0000] {logging_mixin.py:190} INFO - [2024-10-28T18:08:26.356+0000] {dag.py:3239} INFO - Sync 1 DAGs
[2024-10-28T18:08:26.374+0000] {logging_mixin.py:190} INFO - [2024-10-28T18:08:26.374+0000] {dag.py:4180} INFO - Setting next_dagrun for simple_etl_dag to 2024-10-28 00:00:00+00:00, run_after=2024-10-29 00:00:00+00:00
[2024-10-28T18:08:26.392+0000] {processor.py:208} INFO - Processing /opt/airflow/dags/etl.py took 0.076 seconds
[2024-10-28T18:08:57.391+0000] {processor.py:186} INFO - Started process (PID=741) to work on /opt/airflow/dags/etl.py
[2024-10-28T18:08:57.392+0000] {processor.py:914} INFO - Processing file /opt/airflow/dags/etl.py for tasks to queue
[2024-10-28T18:08:57.394+0000] {logging_mixin.py:190} INFO - [2024-10-28T18:08:57.394+0000] {dagbag.py:588} INFO - Filling up the DagBag from /opt/airflow/dags/etl.py
[2024-10-28T18:08:57.410+0000] {processor.py:925} INFO - DAG(s) 'simple_etl_dag' retrieved from /opt/airflow/dags/etl.py
[2024-10-28T18:08:57.424+0000] {logging_mixin.py:190} INFO - [2024-10-28T18:08:57.424+0000] {dag.py:3239} INFO - Sync 1 DAGs
[2024-10-28T18:08:57.440+0000] {logging_mixin.py:190} INFO - [2024-10-28T18:08:57.439+0000] {dag.py:4180} INFO - Setting next_dagrun for simple_etl_dag to 2024-10-28 00:00:00+00:00, run_after=2024-10-29 00:00:00+00:00
[2024-10-28T18:08:57.455+0000] {processor.py:208} INFO - Processing /opt/airflow/dags/etl.py took 0.067 seconds
[2024-10-28T18:09:27.955+0000] {processor.py:186} INFO - Started process (PID=807) to work on /opt/airflow/dags/etl.py
[2024-10-28T18:09:27.957+0000] {processor.py:914} INFO - Processing file /opt/airflow/dags/etl.py for tasks to queue
[2024-10-28T18:09:27.959+0000] {logging_mixin.py:190} INFO - [2024-10-28T18:09:27.959+0000] {dagbag.py:588} INFO - Filling up the DagBag from /opt/airflow/dags/etl.py
[2024-10-28T18:09:27.978+0000] {processor.py:925} INFO - DAG(s) 'simple_etl_dag' retrieved from /opt/airflow/dags/etl.py
[2024-10-28T18:09:27.996+0000] {logging_mixin.py:190} INFO - [2024-10-28T18:09:27.996+0000] {dag.py:3239} INFO - Sync 1 DAGs
[2024-10-28T18:09:28.018+0000] {logging_mixin.py:190} INFO - [2024-10-28T18:09:28.018+0000] {dag.py:4180} INFO - Setting next_dagrun for simple_etl_dag to 2024-10-28 00:00:00+00:00, run_after=2024-10-29 00:00:00+00:00
[2024-10-28T18:09:28.037+0000] {processor.py:208} INFO - Processing /opt/airflow/dags/etl.py took 0.087 seconds
[2024-10-28T18:09:59.068+0000] {processor.py:186} INFO - Started process (PID=873) to work on /opt/airflow/dags/etl.py
[2024-10-28T18:09:59.069+0000] {processor.py:914} INFO - Processing file /opt/airflow/dags/etl.py for tasks to queue
[2024-10-28T18:09:59.071+0000] {logging_mixin.py:190} INFO - [2024-10-28T18:09:59.070+0000] {dagbag.py:588} INFO - Filling up the DagBag from /opt/airflow/dags/etl.py
[2024-10-28T18:09:59.087+0000] {processor.py:925} INFO - DAG(s) 'simple_etl_dag' retrieved from /opt/airflow/dags/etl.py
[2024-10-28T18:09:59.101+0000] {logging_mixin.py:190} INFO - [2024-10-28T18:09:59.100+0000] {dag.py:3239} INFO - Sync 1 DAGs
[2024-10-28T18:09:59.117+0000] {logging_mixin.py:190} INFO - [2024-10-28T18:09:59.117+0000] {dag.py:4180} INFO - Setting next_dagrun for simple_etl_dag to 2024-10-28 00:00:00+00:00, run_after=2024-10-29 00:00:00+00:00
[2024-10-28T18:09:59.131+0000] {processor.py:208} INFO - Processing /opt/airflow/dags/etl.py took 0.067 seconds
[2024-10-28T18:10:29.327+0000] {processor.py:186} INFO - Started process (PID=939) to work on /opt/airflow/dags/etl.py
[2024-10-28T18:10:29.327+0000] {processor.py:914} INFO - Processing file /opt/airflow/dags/etl.py for tasks to queue
[2024-10-28T18:10:29.329+0000] {logging_mixin.py:190} INFO - [2024-10-28T18:10:29.329+0000] {dagbag.py:588} INFO - Filling up the DagBag from /opt/airflow/dags/etl.py
[2024-10-28T18:10:29.347+0000] {processor.py:925} INFO - DAG(s) 'simple_etl_dag' retrieved from /opt/airflow/dags/etl.py
[2024-10-28T18:10:29.361+0000] {logging_mixin.py:190} INFO - [2024-10-28T18:10:29.361+0000] {dag.py:3239} INFO - Sync 1 DAGs
[2024-10-28T18:10:29.379+0000] {logging_mixin.py:190} INFO - [2024-10-28T18:10:29.379+0000] {dag.py:4180} INFO - Setting next_dagrun for simple_etl_dag to 2024-10-28 00:00:00+00:00, run_after=2024-10-29 00:00:00+00:00
[2024-10-28T18:10:29.401+0000] {processor.py:208} INFO - Processing /opt/airflow/dags/etl.py took 0.077 seconds
[2024-10-28T18:10:59.541+0000] {processor.py:186} INFO - Started process (PID=1005) to work on /opt/airflow/dags/etl.py
[2024-10-28T18:10:59.542+0000] {processor.py:914} INFO - Processing file /opt/airflow/dags/etl.py for tasks to queue
[2024-10-28T18:10:59.544+0000] {logging_mixin.py:190} INFO - [2024-10-28T18:10:59.544+0000] {dagbag.py:588} INFO - Filling up the DagBag from /opt/airflow/dags/etl.py
[2024-10-28T18:10:59.561+0000] {processor.py:925} INFO - DAG(s) 'simple_etl_dag' retrieved from /opt/airflow/dags/etl.py
[2024-10-28T18:10:59.575+0000] {logging_mixin.py:190} INFO - [2024-10-28T18:10:59.575+0000] {dag.py:3239} INFO - Sync 1 DAGs
[2024-10-28T18:10:59.593+0000] {logging_mixin.py:190} INFO - [2024-10-28T18:10:59.592+0000] {dag.py:4180} INFO - Setting next_dagrun for simple_etl_dag to 2024-10-28 00:00:00+00:00, run_after=2024-10-29 00:00:00+00:00
[2024-10-28T18:10:59.608+0000] {processor.py:208} INFO - Processing /opt/airflow/dags/etl.py took 0.071 seconds
[2024-10-28T18:11:29.822+0000] {processor.py:186} INFO - Started process (PID=1071) to work on /opt/airflow/dags/etl.py
[2024-10-28T18:11:29.823+0000] {processor.py:914} INFO - Processing file /opt/airflow/dags/etl.py for tasks to queue
[2024-10-28T18:11:29.825+0000] {logging_mixin.py:190} INFO - [2024-10-28T18:11:29.824+0000] {dagbag.py:588} INFO - Filling up the DagBag from /opt/airflow/dags/etl.py
[2024-10-28T18:11:29.842+0000] {processor.py:925} INFO - DAG(s) 'simple_etl_dag' retrieved from /opt/airflow/dags/etl.py
[2024-10-28T18:11:29.857+0000] {logging_mixin.py:190} INFO - [2024-10-28T18:11:29.857+0000] {dag.py:3239} INFO - Sync 1 DAGs
[2024-10-28T18:11:29.877+0000] {logging_mixin.py:190} INFO - [2024-10-28T18:11:29.876+0000] {dag.py:4180} INFO - Setting next_dagrun for simple_etl_dag to 2024-10-28 00:00:00+00:00, run_after=2024-10-29 00:00:00+00:00
[2024-10-28T18:11:29.894+0000] {processor.py:208} INFO - Processing /opt/airflow/dags/etl.py took 0.077 seconds
[2024-10-28T18:12:00.722+0000] {processor.py:186} INFO - Started process (PID=1137) to work on /opt/airflow/dags/etl.py
[2024-10-28T18:12:00.723+0000] {processor.py:914} INFO - Processing file /opt/airflow/dags/etl.py for tasks to queue
[2024-10-28T18:12:00.725+0000] {logging_mixin.py:190} INFO - [2024-10-28T18:12:00.725+0000] {dagbag.py:588} INFO - Filling up the DagBag from /opt/airflow/dags/etl.py
[2024-10-28T18:12:00.743+0000] {processor.py:925} INFO - DAG(s) 'simple_etl_dag' retrieved from /opt/airflow/dags/etl.py
[2024-10-28T18:12:00.758+0000] {logging_mixin.py:190} INFO - [2024-10-28T18:12:00.758+0000] {dag.py:3239} INFO - Sync 1 DAGs
[2024-10-28T18:12:00.774+0000] {logging_mixin.py:190} INFO - [2024-10-28T18:12:00.774+0000] {dag.py:4180} INFO - Setting next_dagrun for simple_etl_dag to 2024-10-28 00:00:00+00:00, run_after=2024-10-29 00:00:00+00:00
[2024-10-28T18:12:00.792+0000] {processor.py:208} INFO - Processing /opt/airflow/dags/etl.py took 0.073 seconds
[2024-10-28T18:12:31.048+0000] {processor.py:186} INFO - Started process (PID=1204) to work on /opt/airflow/dags/etl.py
[2024-10-28T18:12:31.054+0000] {processor.py:914} INFO - Processing file /opt/airflow/dags/etl.py for tasks to queue
[2024-10-28T18:12:31.057+0000] {logging_mixin.py:190} INFO - [2024-10-28T18:12:31.057+0000] {dagbag.py:588} INFO - Filling up the DagBag from /opt/airflow/dags/etl.py
[2024-10-28T18:12:31.088+0000] {processor.py:925} INFO - DAG(s) 'simple_etl_dag' retrieved from /opt/airflow/dags/etl.py
[2024-10-28T18:12:31.107+0000] {logging_mixin.py:190} INFO - [2024-10-28T18:12:31.107+0000] {dag.py:3239} INFO - Sync 1 DAGs
[2024-10-28T18:12:31.133+0000] {logging_mixin.py:190} INFO - [2024-10-28T18:12:31.133+0000] {dag.py:4180} INFO - Setting next_dagrun for simple_etl_dag to 2024-10-28 00:00:00+00:00, run_after=2024-10-29 00:00:00+00:00
[2024-10-28T18:12:31.155+0000] {processor.py:208} INFO - Processing /opt/airflow/dags/etl.py took 0.116 seconds
[2024-10-28T18:13:02.099+0000] {processor.py:186} INFO - Started process (PID=1270) to work on /opt/airflow/dags/etl.py
[2024-10-28T18:13:02.100+0000] {processor.py:914} INFO - Processing file /opt/airflow/dags/etl.py for tasks to queue
[2024-10-28T18:13:02.102+0000] {logging_mixin.py:190} INFO - [2024-10-28T18:13:02.102+0000] {dagbag.py:588} INFO - Filling up the DagBag from /opt/airflow/dags/etl.py
[2024-10-28T18:13:02.113+0000] {processor.py:925} INFO - DAG(s) 'simple_etl_dag' retrieved from /opt/airflow/dags/etl.py
[2024-10-28T18:13:02.124+0000] {logging_mixin.py:190} INFO - [2024-10-28T18:13:02.124+0000] {dag.py:3239} INFO - Sync 1 DAGs
[2024-10-28T18:13:02.143+0000] {logging_mixin.py:190} INFO - [2024-10-28T18:13:02.142+0000] {dag.py:4180} INFO - Setting next_dagrun for simple_etl_dag to 2024-10-28 00:00:00+00:00, run_after=2024-10-29 00:00:00+00:00
[2024-10-28T18:13:02.165+0000] {processor.py:208} INFO - Processing /opt/airflow/dags/etl.py took 0.070 seconds
[2024-10-28T18:13:33.054+0000] {processor.py:186} INFO - Started process (PID=1336) to work on /opt/airflow/dags/etl.py
[2024-10-28T18:13:33.055+0000] {processor.py:914} INFO - Processing file /opt/airflow/dags/etl.py for tasks to queue
[2024-10-28T18:13:33.056+0000] {logging_mixin.py:190} INFO - [2024-10-28T18:13:33.056+0000] {dagbag.py:588} INFO - Filling up the DagBag from /opt/airflow/dags/etl.py
[2024-10-28T18:13:33.074+0000] {processor.py:925} INFO - DAG(s) 'simple_etl_dag' retrieved from /opt/airflow/dags/etl.py
[2024-10-28T18:13:33.087+0000] {logging_mixin.py:190} INFO - [2024-10-28T18:13:33.086+0000] {dag.py:3239} INFO - Sync 1 DAGs
[2024-10-28T18:13:33.103+0000] {logging_mixin.py:190} INFO - [2024-10-28T18:13:33.103+0000] {dag.py:4180} INFO - Setting next_dagrun for simple_etl_dag to 2024-10-28 00:00:00+00:00, run_after=2024-10-29 00:00:00+00:00
[2024-10-28T18:13:33.126+0000] {processor.py:208} INFO - Processing /opt/airflow/dags/etl.py took 0.075 seconds
[2024-10-28T18:14:03.179+0000] {processor.py:186} INFO - Started process (PID=1401) to work on /opt/airflow/dags/etl.py
[2024-10-28T18:14:03.180+0000] {processor.py:914} INFO - Processing file /opt/airflow/dags/etl.py for tasks to queue
[2024-10-28T18:14:03.182+0000] {logging_mixin.py:190} INFO - [2024-10-28T18:14:03.181+0000] {dagbag.py:588} INFO - Filling up the DagBag from /opt/airflow/dags/etl.py
[2024-10-28T18:14:03.198+0000] {processor.py:925} INFO - DAG(s) 'simple_etl_dag' retrieved from /opt/airflow/dags/etl.py
[2024-10-28T18:14:03.214+0000] {logging_mixin.py:190} INFO - [2024-10-28T18:14:03.213+0000] {dag.py:3239} INFO - Sync 1 DAGs
[2024-10-28T18:14:03.229+0000] {logging_mixin.py:190} INFO - [2024-10-28T18:14:03.229+0000] {dag.py:4180} INFO - Setting next_dagrun for simple_etl_dag to 2024-10-28 00:00:00+00:00, run_after=2024-10-29 00:00:00+00:00
[2024-10-28T18:14:03.245+0000] {processor.py:208} INFO - Processing /opt/airflow/dags/etl.py took 0.070 seconds
[2024-10-28T18:14:33.951+0000] {processor.py:186} INFO - Started process (PID=1468) to work on /opt/airflow/dags/etl.py
[2024-10-28T18:14:33.952+0000] {processor.py:914} INFO - Processing file /opt/airflow/dags/etl.py for tasks to queue
[2024-10-28T18:14:33.954+0000] {logging_mixin.py:190} INFO - [2024-10-28T18:14:33.954+0000] {dagbag.py:588} INFO - Filling up the DagBag from /opt/airflow/dags/etl.py
[2024-10-28T18:14:33.969+0000] {processor.py:925} INFO - DAG(s) 'simple_etl_dag' retrieved from /opt/airflow/dags/etl.py
[2024-10-28T18:14:33.982+0000] {logging_mixin.py:190} INFO - [2024-10-28T18:14:33.982+0000] {dag.py:3239} INFO - Sync 1 DAGs
[2024-10-28T18:14:33.999+0000] {logging_mixin.py:190} INFO - [2024-10-28T18:14:33.999+0000] {dag.py:4180} INFO - Setting next_dagrun for simple_etl_dag to 2024-10-28 00:00:00+00:00, run_after=2024-10-29 00:00:00+00:00
[2024-10-28T18:14:34.019+0000] {processor.py:208} INFO - Processing /opt/airflow/dags/etl.py took 0.072 seconds
[2024-10-28T18:15:04.656+0000] {processor.py:186} INFO - Started process (PID=1534) to work on /opt/airflow/dags/etl.py
[2024-10-28T18:15:04.657+0000] {processor.py:914} INFO - Processing file /opt/airflow/dags/etl.py for tasks to queue
[2024-10-28T18:15:04.659+0000] {logging_mixin.py:190} INFO - [2024-10-28T18:15:04.659+0000] {dagbag.py:588} INFO - Filling up the DagBag from /opt/airflow/dags/etl.py
[2024-10-28T18:15:04.678+0000] {processor.py:925} INFO - DAG(s) 'simple_etl_dag' retrieved from /opt/airflow/dags/etl.py
[2024-10-28T18:15:04.693+0000] {logging_mixin.py:190} INFO - [2024-10-28T18:15:04.692+0000] {dag.py:3239} INFO - Sync 1 DAGs
[2024-10-28T18:15:04.710+0000] {logging_mixin.py:190} INFO - [2024-10-28T18:15:04.709+0000] {dag.py:4180} INFO - Setting next_dagrun for simple_etl_dag to 2024-10-28 00:00:00+00:00, run_after=2024-10-29 00:00:00+00:00
[2024-10-28T18:15:04.729+0000] {processor.py:208} INFO - Processing /opt/airflow/dags/etl.py took 0.077 seconds
[2024-10-28T18:15:35.274+0000] {processor.py:186} INFO - Started process (PID=1600) to work on /opt/airflow/dags/etl.py
[2024-10-28T18:15:35.275+0000] {processor.py:914} INFO - Processing file /opt/airflow/dags/etl.py for tasks to queue
[2024-10-28T18:15:35.277+0000] {logging_mixin.py:190} INFO - [2024-10-28T18:15:35.277+0000] {dagbag.py:588} INFO - Filling up the DagBag from /opt/airflow/dags/etl.py
[2024-10-28T18:15:35.297+0000] {processor.py:925} INFO - DAG(s) 'simple_etl_dag' retrieved from /opt/airflow/dags/etl.py
[2024-10-28T18:15:35.315+0000] {logging_mixin.py:190} INFO - [2024-10-28T18:15:35.315+0000] {dag.py:3239} INFO - Sync 1 DAGs
[2024-10-28T18:15:35.337+0000] {logging_mixin.py:190} INFO - [2024-10-28T18:15:35.337+0000] {dag.py:4180} INFO - Setting next_dagrun for simple_etl_dag to 2024-10-28 00:00:00+00:00, run_after=2024-10-29 00:00:00+00:00
[2024-10-28T18:15:35.361+0000] {processor.py:208} INFO - Processing /opt/airflow/dags/etl.py took 0.091 seconds
[2024-10-28T18:16:06.209+0000] {processor.py:186} INFO - Started process (PID=1666) to work on /opt/airflow/dags/etl.py
[2024-10-28T18:16:06.209+0000] {processor.py:914} INFO - Processing file /opt/airflow/dags/etl.py for tasks to queue
[2024-10-28T18:16:06.211+0000] {logging_mixin.py:190} INFO - [2024-10-28T18:16:06.211+0000] {dagbag.py:588} INFO - Filling up the DagBag from /opt/airflow/dags/etl.py
[2024-10-28T18:16:06.226+0000] {processor.py:925} INFO - DAG(s) 'simple_etl_dag' retrieved from /opt/airflow/dags/etl.py
[2024-10-28T18:16:06.239+0000] {logging_mixin.py:190} INFO - [2024-10-28T18:16:06.239+0000] {dag.py:3239} INFO - Sync 1 DAGs
[2024-10-28T18:16:06.257+0000] {logging_mixin.py:190} INFO - [2024-10-28T18:16:06.257+0000] {dag.py:4180} INFO - Setting next_dagrun for simple_etl_dag to 2024-10-28 00:00:00+00:00, run_after=2024-10-29 00:00:00+00:00
[2024-10-28T18:16:06.277+0000] {processor.py:208} INFO - Processing /opt/airflow/dags/etl.py took 0.072 seconds
[2024-10-28T18:16:36.874+0000] {processor.py:186} INFO - Started process (PID=1732) to work on /opt/airflow/dags/etl.py
[2024-10-28T18:16:36.875+0000] {processor.py:914} INFO - Processing file /opt/airflow/dags/etl.py for tasks to queue
[2024-10-28T18:16:36.877+0000] {logging_mixin.py:190} INFO - [2024-10-28T18:16:36.877+0000] {dagbag.py:588} INFO - Filling up the DagBag from /opt/airflow/dags/etl.py
[2024-10-28T18:16:36.892+0000] {processor.py:925} INFO - DAG(s) 'simple_etl_dag' retrieved from /opt/airflow/dags/etl.py
[2024-10-28T18:16:36.904+0000] {logging_mixin.py:190} INFO - [2024-10-28T18:16:36.904+0000] {dag.py:3239} INFO - Sync 1 DAGs
[2024-10-28T18:16:36.919+0000] {logging_mixin.py:190} INFO - [2024-10-28T18:16:36.919+0000] {dag.py:4180} INFO - Setting next_dagrun for simple_etl_dag to 2024-10-28 00:00:00+00:00, run_after=2024-10-29 00:00:00+00:00
[2024-10-28T18:16:36.939+0000] {processor.py:208} INFO - Processing /opt/airflow/dags/etl.py took 0.069 seconds
[2024-10-28T18:17:07.544+0000] {processor.py:186} INFO - Started process (PID=1798) to work on /opt/airflow/dags/etl.py
[2024-10-28T18:17:07.545+0000] {processor.py:914} INFO - Processing file /opt/airflow/dags/etl.py for tasks to queue
[2024-10-28T18:17:07.547+0000] {logging_mixin.py:190} INFO - [2024-10-28T18:17:07.547+0000] {dagbag.py:588} INFO - Filling up the DagBag from /opt/airflow/dags/etl.py
[2024-10-28T18:17:07.563+0000] {processor.py:925} INFO - DAG(s) 'simple_etl_dag' retrieved from /opt/airflow/dags/etl.py
[2024-10-28T18:17:07.577+0000] {logging_mixin.py:190} INFO - [2024-10-28T18:17:07.577+0000] {dag.py:3239} INFO - Sync 1 DAGs
[2024-10-28T18:17:07.593+0000] {logging_mixin.py:190} INFO - [2024-10-28T18:17:07.593+0000] {dag.py:4180} INFO - Setting next_dagrun for simple_etl_dag to 2024-10-28 00:00:00+00:00, run_after=2024-10-29 00:00:00+00:00
[2024-10-28T18:17:07.613+0000] {processor.py:208} INFO - Processing /opt/airflow/dags/etl.py took 0.072 seconds
[2024-10-28T18:17:37.675+0000] {processor.py:186} INFO - Started process (PID=1863) to work on /opt/airflow/dags/etl.py
[2024-10-28T18:17:37.676+0000] {processor.py:914} INFO - Processing file /opt/airflow/dags/etl.py for tasks to queue
[2024-10-28T18:17:37.679+0000] {logging_mixin.py:190} INFO - [2024-10-28T18:17:37.679+0000] {dagbag.py:588} INFO - Filling up the DagBag from /opt/airflow/dags/etl.py
[2024-10-28T18:17:37.697+0000] {processor.py:925} INFO - DAG(s) 'simple_etl_dag' retrieved from /opt/airflow/dags/etl.py
[2024-10-28T18:17:37.717+0000] {logging_mixin.py:190} INFO - [2024-10-28T18:17:37.716+0000] {dag.py:3239} INFO - Sync 1 DAGs
[2024-10-28T18:17:37.738+0000] {logging_mixin.py:190} INFO - [2024-10-28T18:17:37.738+0000] {dag.py:4180} INFO - Setting next_dagrun for simple_etl_dag to 2024-10-28 00:00:00+00:00, run_after=2024-10-29 00:00:00+00:00
[2024-10-28T18:17:37.766+0000] {processor.py:208} INFO - Processing /opt/airflow/dags/etl.py took 0.096 seconds
[2024-10-28T18:18:07.805+0000] {processor.py:186} INFO - Started process (PID=1928) to work on /opt/airflow/dags/etl.py
[2024-10-28T18:18:07.806+0000] {processor.py:914} INFO - Processing file /opt/airflow/dags/etl.py for tasks to queue
[2024-10-28T18:18:07.808+0000] {logging_mixin.py:190} INFO - [2024-10-28T18:18:07.808+0000] {dagbag.py:588} INFO - Filling up the DagBag from /opt/airflow/dags/etl.py
[2024-10-28T18:18:07.822+0000] {processor.py:925} INFO - DAG(s) 'simple_etl_dag' retrieved from /opt/airflow/dags/etl.py
[2024-10-28T18:18:07.836+0000] {logging_mixin.py:190} INFO - [2024-10-28T18:18:07.836+0000] {dag.py:3239} INFO - Sync 1 DAGs
[2024-10-28T18:18:07.852+0000] {logging_mixin.py:190} INFO - [2024-10-28T18:18:07.852+0000] {dag.py:4180} INFO - Setting next_dagrun for simple_etl_dag to 2024-10-28 00:00:00+00:00, run_after=2024-10-29 00:00:00+00:00
[2024-10-28T18:18:07.872+0000] {processor.py:208} INFO - Processing /opt/airflow/dags/etl.py took 0.071 seconds
[2024-10-28T18:18:38.011+0000] {processor.py:186} INFO - Started process (PID=1994) to work on /opt/airflow/dags/etl.py
[2024-10-28T18:18:38.012+0000] {processor.py:914} INFO - Processing file /opt/airflow/dags/etl.py for tasks to queue
[2024-10-28T18:18:38.017+0000] {logging_mixin.py:190} INFO - [2024-10-28T18:18:38.016+0000] {dagbag.py:588} INFO - Filling up the DagBag from /opt/airflow/dags/etl.py
[2024-10-28T18:18:38.051+0000] {processor.py:925} INFO - DAG(s) 'simple_etl_dag' retrieved from /opt/airflow/dags/etl.py
[2024-10-28T18:18:38.068+0000] {logging_mixin.py:190} INFO - [2024-10-28T18:18:38.068+0000] {dag.py:3239} INFO - Sync 1 DAGs
[2024-10-28T18:18:38.085+0000] {logging_mixin.py:190} INFO - [2024-10-28T18:18:38.085+0000] {dag.py:4180} INFO - Setting next_dagrun for simple_etl_dag to 2024-10-28 00:00:00+00:00, run_after=2024-10-29 00:00:00+00:00
[2024-10-28T18:18:38.113+0000] {processor.py:208} INFO - Processing /opt/airflow/dags/etl.py took 0.106 seconds
[2024-10-28T18:19:09.031+0000] {processor.py:186} INFO - Started process (PID=2061) to work on /opt/airflow/dags/etl.py
[2024-10-28T18:19:09.032+0000] {processor.py:914} INFO - Processing file /opt/airflow/dags/etl.py for tasks to queue
[2024-10-28T18:19:09.034+0000] {logging_mixin.py:190} INFO - [2024-10-28T18:19:09.034+0000] {dagbag.py:588} INFO - Filling up the DagBag from /opt/airflow/dags/etl.py
[2024-10-28T18:19:09.050+0000] {processor.py:925} INFO - DAG(s) 'simple_etl_dag' retrieved from /opt/airflow/dags/etl.py
[2024-10-28T18:19:09.063+0000] {logging_mixin.py:190} INFO - [2024-10-28T18:19:09.063+0000] {dag.py:3239} INFO - Sync 1 DAGs
[2024-10-28T18:19:09.082+0000] {logging_mixin.py:190} INFO - [2024-10-28T18:19:09.082+0000] {dag.py:4180} INFO - Setting next_dagrun for simple_etl_dag to 2024-10-28 00:00:00+00:00, run_after=2024-10-29 00:00:00+00:00
[2024-10-28T18:19:09.108+0000] {processor.py:208} INFO - Processing /opt/airflow/dags/etl.py took 0.080 seconds
[2024-10-28T18:19:39.397+0000] {processor.py:186} INFO - Started process (PID=2128) to work on /opt/airflow/dags/etl.py
[2024-10-28T18:19:39.400+0000] {processor.py:914} INFO - Processing file /opt/airflow/dags/etl.py for tasks to queue
[2024-10-28T18:19:39.403+0000] {logging_mixin.py:190} INFO - [2024-10-28T18:19:39.403+0000] {dagbag.py:588} INFO - Filling up the DagBag from /opt/airflow/dags/etl.py
[2024-10-28T18:19:39.428+0000] {processor.py:925} INFO - DAG(s) 'simple_etl_dag' retrieved from /opt/airflow/dags/etl.py
[2024-10-28T18:19:39.446+0000] {logging_mixin.py:190} INFO - [2024-10-28T18:19:39.446+0000] {dag.py:3239} INFO - Sync 1 DAGs
[2024-10-28T18:19:39.465+0000] {logging_mixin.py:190} INFO - [2024-10-28T18:19:39.465+0000] {dag.py:4180} INFO - Setting next_dagrun for simple_etl_dag to 2024-10-28 00:00:00+00:00, run_after=2024-10-29 00:00:00+00:00
[2024-10-28T18:19:39.483+0000] {processor.py:208} INFO - Processing /opt/airflow/dags/etl.py took 0.093 seconds
[2024-10-28T18:20:10.041+0000] {processor.py:186} INFO - Started process (PID=2194) to work on /opt/airflow/dags/etl.py
[2024-10-28T18:20:10.042+0000] {processor.py:914} INFO - Processing file /opt/airflow/dags/etl.py for tasks to queue
[2024-10-28T18:20:10.045+0000] {logging_mixin.py:190} INFO - [2024-10-28T18:20:10.045+0000] {dagbag.py:588} INFO - Filling up the DagBag from /opt/airflow/dags/etl.py
[2024-10-28T18:20:10.069+0000] {processor.py:925} INFO - DAG(s) 'simple_etl_dag' retrieved from /opt/airflow/dags/etl.py
[2024-10-28T18:20:10.091+0000] {logging_mixin.py:190} INFO - [2024-10-28T18:20:10.091+0000] {dag.py:3239} INFO - Sync 1 DAGs
[2024-10-28T18:20:10.122+0000] {logging_mixin.py:190} INFO - [2024-10-28T18:20:10.120+0000] {dag.py:4180} INFO - Setting next_dagrun for simple_etl_dag to 2024-10-28 00:00:00+00:00, run_after=2024-10-29 00:00:00+00:00
[2024-10-28T18:20:10.151+0000] {processor.py:208} INFO - Processing /opt/airflow/dags/etl.py took 0.116 seconds
[2024-10-28T18:20:40.571+0000] {processor.py:186} INFO - Started process (PID=2260) to work on /opt/airflow/dags/etl.py
[2024-10-28T18:20:40.572+0000] {processor.py:914} INFO - Processing file /opt/airflow/dags/etl.py for tasks to queue
[2024-10-28T18:20:40.574+0000] {logging_mixin.py:190} INFO - [2024-10-28T18:20:40.574+0000] {dagbag.py:588} INFO - Filling up the DagBag from /opt/airflow/dags/etl.py
[2024-10-28T18:20:40.592+0000] {processor.py:925} INFO - DAG(s) 'simple_etl_dag' retrieved from /opt/airflow/dags/etl.py
[2024-10-28T18:20:40.608+0000] {logging_mixin.py:190} INFO - [2024-10-28T18:20:40.608+0000] {dag.py:3239} INFO - Sync 1 DAGs
[2024-10-28T18:20:40.625+0000] {logging_mixin.py:190} INFO - [2024-10-28T18:20:40.625+0000] {dag.py:4180} INFO - Setting next_dagrun for simple_etl_dag to 2024-10-28 00:00:00+00:00, run_after=2024-10-29 00:00:00+00:00
[2024-10-28T18:20:40.645+0000] {processor.py:208} INFO - Processing /opt/airflow/dags/etl.py took 0.079 seconds
[2024-10-28T18:21:10.839+0000] {processor.py:186} INFO - Started process (PID=2326) to work on /opt/airflow/dags/etl.py
[2024-10-28T18:21:10.839+0000] {processor.py:914} INFO - Processing file /opt/airflow/dags/etl.py for tasks to queue
[2024-10-28T18:21:10.841+0000] {logging_mixin.py:190} INFO - [2024-10-28T18:21:10.841+0000] {dagbag.py:588} INFO - Filling up the DagBag from /opt/airflow/dags/etl.py
[2024-10-28T18:21:10.859+0000] {processor.py:925} INFO - DAG(s) 'simple_etl_dag' retrieved from /opt/airflow/dags/etl.py
[2024-10-28T18:21:10.876+0000] {logging_mixin.py:190} INFO - [2024-10-28T18:21:10.876+0000] {dag.py:3239} INFO - Sync 1 DAGs
[2024-10-28T18:21:10.894+0000] {logging_mixin.py:190} INFO - [2024-10-28T18:21:10.894+0000] {dag.py:4180} INFO - Setting next_dagrun for simple_etl_dag to 2024-10-28 00:00:00+00:00, run_after=2024-10-29 00:00:00+00:00
[2024-10-28T18:21:10.909+0000] {processor.py:208} INFO - Processing /opt/airflow/dags/etl.py took 0.074 seconds
[2024-10-28T18:21:41.140+0000] {processor.py:186} INFO - Started process (PID=2392) to work on /opt/airflow/dags/etl.py
[2024-10-28T18:21:41.141+0000] {processor.py:914} INFO - Processing file /opt/airflow/dags/etl.py for tasks to queue
[2024-10-28T18:21:41.143+0000] {logging_mixin.py:190} INFO - [2024-10-28T18:21:41.143+0000] {dagbag.py:588} INFO - Filling up the DagBag from /opt/airflow/dags/etl.py
[2024-10-28T18:21:41.163+0000] {processor.py:925} INFO - DAG(s) 'simple_etl_dag' retrieved from /opt/airflow/dags/etl.py
[2024-10-28T18:21:41.179+0000] {logging_mixin.py:190} INFO - [2024-10-28T18:21:41.179+0000] {dag.py:3239} INFO - Sync 1 DAGs
[2024-10-28T18:21:41.197+0000] {logging_mixin.py:190} INFO - [2024-10-28T18:21:41.197+0000] {dag.py:4180} INFO - Setting next_dagrun for simple_etl_dag to 2024-10-28 00:00:00+00:00, run_after=2024-10-29 00:00:00+00:00
[2024-10-28T18:21:41.217+0000] {processor.py:208} INFO - Processing /opt/airflow/dags/etl.py took 0.081 seconds
[2024-10-28T18:22:12.127+0000] {processor.py:186} INFO - Started process (PID=2458) to work on /opt/airflow/dags/etl.py
[2024-10-28T18:22:12.128+0000] {processor.py:914} INFO - Processing file /opt/airflow/dags/etl.py for tasks to queue
[2024-10-28T18:22:12.130+0000] {logging_mixin.py:190} INFO - [2024-10-28T18:22:12.129+0000] {dagbag.py:588} INFO - Filling up the DagBag from /opt/airflow/dags/etl.py
[2024-10-28T18:22:12.152+0000] {processor.py:925} INFO - DAG(s) 'simple_etl_dag' retrieved from /opt/airflow/dags/etl.py
[2024-10-28T18:22:12.169+0000] {logging_mixin.py:190} INFO - [2024-10-28T18:22:12.168+0000] {dag.py:3239} INFO - Sync 1 DAGs
[2024-10-28T18:22:12.186+0000] {logging_mixin.py:190} INFO - [2024-10-28T18:22:12.185+0000] {dag.py:4180} INFO - Setting next_dagrun for simple_etl_dag to 2024-10-28 00:00:00+00:00, run_after=2024-10-29 00:00:00+00:00
[2024-10-28T18:22:12.202+0000] {processor.py:208} INFO - Processing /opt/airflow/dags/etl.py took 0.078 seconds
[2024-10-28T18:22:42.434+0000] {processor.py:186} INFO - Started process (PID=2524) to work on /opt/airflow/dags/etl.py
[2024-10-28T18:22:42.435+0000] {processor.py:914} INFO - Processing file /opt/airflow/dags/etl.py for tasks to queue
[2024-10-28T18:22:42.436+0000] {logging_mixin.py:190} INFO - [2024-10-28T18:22:42.436+0000] {dagbag.py:588} INFO - Filling up the DagBag from /opt/airflow/dags/etl.py
[2024-10-28T18:22:42.453+0000] {processor.py:925} INFO - DAG(s) 'simple_etl_dag' retrieved from /opt/airflow/dags/etl.py
[2024-10-28T18:22:42.466+0000] {logging_mixin.py:190} INFO - [2024-10-28T18:22:42.466+0000] {dag.py:3239} INFO - Sync 1 DAGs
[2024-10-28T18:22:42.484+0000] {logging_mixin.py:190} INFO - [2024-10-28T18:22:42.484+0000] {dag.py:4180} INFO - Setting next_dagrun for simple_etl_dag to 2024-10-28 00:00:00+00:00, run_after=2024-10-29 00:00:00+00:00
[2024-10-28T18:22:42.503+0000] {processor.py:208} INFO - Processing /opt/airflow/dags/etl.py took 0.073 seconds
[2024-10-28T18:23:12.678+0000] {processor.py:186} INFO - Started process (PID=2590) to work on /opt/airflow/dags/etl.py
[2024-10-28T18:23:12.679+0000] {processor.py:914} INFO - Processing file /opt/airflow/dags/etl.py for tasks to queue
[2024-10-28T18:23:12.680+0000] {logging_mixin.py:190} INFO - [2024-10-28T18:23:12.680+0000] {dagbag.py:588} INFO - Filling up the DagBag from /opt/airflow/dags/etl.py
[2024-10-28T18:23:12.697+0000] {processor.py:925} INFO - DAG(s) 'simple_etl_dag' retrieved from /opt/airflow/dags/etl.py
[2024-10-28T18:23:12.709+0000] {logging_mixin.py:190} INFO - [2024-10-28T18:23:12.709+0000] {dag.py:3239} INFO - Sync 1 DAGs
[2024-10-28T18:23:12.724+0000] {logging_mixin.py:190} INFO - [2024-10-28T18:23:12.724+0000] {dag.py:4180} INFO - Setting next_dagrun for simple_etl_dag to 2024-10-28 00:00:00+00:00, run_after=2024-10-29 00:00:00+00:00
[2024-10-28T18:23:12.749+0000] {processor.py:208} INFO - Processing /opt/airflow/dags/etl.py took 0.075 seconds
[2024-10-28T18:23:42.966+0000] {processor.py:186} INFO - Started process (PID=2656) to work on /opt/airflow/dags/etl.py
[2024-10-28T18:23:42.967+0000] {processor.py:914} INFO - Processing file /opt/airflow/dags/etl.py for tasks to queue
[2024-10-28T18:23:42.969+0000] {logging_mixin.py:190} INFO - [2024-10-28T18:23:42.968+0000] {dagbag.py:588} INFO - Filling up the DagBag from /opt/airflow/dags/etl.py
[2024-10-28T18:23:42.988+0000] {processor.py:925} INFO - DAG(s) 'simple_etl_dag' retrieved from /opt/airflow/dags/etl.py
[2024-10-28T18:23:43.003+0000] {logging_mixin.py:190} INFO - [2024-10-28T18:23:43.003+0000] {dag.py:3239} INFO - Sync 1 DAGs
[2024-10-28T18:23:43.020+0000] {logging_mixin.py:190} INFO - [2024-10-28T18:23:43.020+0000] {dag.py:4180} INFO - Setting next_dagrun for simple_etl_dag to 2024-10-28 00:00:00+00:00, run_after=2024-10-29 00:00:00+00:00
[2024-10-28T18:23:43.039+0000] {processor.py:208} INFO - Processing /opt/airflow/dags/etl.py took 0.077 seconds
[2024-10-28T18:24:13.341+0000] {processor.py:186} INFO - Started process (PID=2722) to work on /opt/airflow/dags/etl.py
[2024-10-28T18:24:13.342+0000] {processor.py:914} INFO - Processing file /opt/airflow/dags/etl.py for tasks to queue
[2024-10-28T18:24:13.344+0000] {logging_mixin.py:190} INFO - [2024-10-28T18:24:13.344+0000] {dagbag.py:588} INFO - Filling up the DagBag from /opt/airflow/dags/etl.py
[2024-10-28T18:24:13.362+0000] {processor.py:925} INFO - DAG(s) 'simple_etl_dag' retrieved from /opt/airflow/dags/etl.py
[2024-10-28T18:24:13.378+0000] {logging_mixin.py:190} INFO - [2024-10-28T18:24:13.377+0000] {dag.py:3239} INFO - Sync 1 DAGs
[2024-10-28T18:24:13.396+0000] {logging_mixin.py:190} INFO - [2024-10-28T18:24:13.396+0000] {dag.py:4180} INFO - Setting next_dagrun for simple_etl_dag to 2024-10-28 00:00:00+00:00, run_after=2024-10-29 00:00:00+00:00
[2024-10-28T18:24:13.414+0000] {processor.py:208} INFO - Processing /opt/airflow/dags/etl.py took 0.076 seconds
[2024-10-28T18:24:44.123+0000] {processor.py:186} INFO - Started process (PID=2788) to work on /opt/airflow/dags/etl.py
[2024-10-28T18:24:44.124+0000] {processor.py:914} INFO - Processing file /opt/airflow/dags/etl.py for tasks to queue
[2024-10-28T18:24:44.126+0000] {logging_mixin.py:190} INFO - [2024-10-28T18:24:44.126+0000] {dagbag.py:588} INFO - Filling up the DagBag from /opt/airflow/dags/etl.py
[2024-10-28T18:24:44.146+0000] {processor.py:925} INFO - DAG(s) 'simple_etl_dag' retrieved from /opt/airflow/dags/etl.py
[2024-10-28T18:24:44.158+0000] {logging_mixin.py:190} INFO - [2024-10-28T18:24:44.158+0000] {dag.py:3239} INFO - Sync 1 DAGs
[2024-10-28T18:24:44.175+0000] {logging_mixin.py:190} INFO - [2024-10-28T18:24:44.175+0000] {dag.py:4180} INFO - Setting next_dagrun for simple_etl_dag to 2024-10-28 00:00:00+00:00, run_after=2024-10-29 00:00:00+00:00
[2024-10-28T18:24:44.197+0000] {processor.py:208} INFO - Processing /opt/airflow/dags/etl.py took 0.077 seconds
