[2024-10-28T18:03:50.485+0000] {processor.py:186} INFO - Started process (PID=76) to work on /opt/airflow/dags/pgres.py
[2024-10-28T18:03:50.487+0000] {processor.py:914} INFO - Processing file /opt/airflow/dags/pgres.py for tasks to queue
[2024-10-28T18:03:50.492+0000] {logging_mixin.py:190} INFO - [2024-10-28T18:03:50.491+0000] {dagbag.py:588} INFO - Filling up the DagBag from /opt/airflow/dags/pgres.py
[2024-10-28T18:03:50.532+0000] {processor.py:925} INFO - DAG(s) 'postgres_etl_dag' retrieved from /opt/airflow/dags/pgres.py
[2024-10-28T18:03:50.618+0000] {logging_mixin.py:190} INFO - [2024-10-28T18:03:50.617+0000] {dag.py:3239} INFO - Sync 1 DAGs
[2024-10-28T18:03:50.679+0000] {logging_mixin.py:190} INFO - [2024-10-28T18:03:50.679+0000] {dag.py:4180} INFO - Setting next_dagrun for postgres_etl_dag to 2024-10-27 00:00:00+00:00, run_after=2024-10-28 00:00:00+00:00
[2024-10-28T18:03:50.712+0000] {processor.py:208} INFO - Processing /opt/airflow/dags/pgres.py took 0.237 seconds
[2024-10-28T18:04:21.366+0000] {processor.py:186} INFO - Started process (PID=147) to work on /opt/airflow/dags/pgres.py
[2024-10-28T18:04:21.367+0000] {processor.py:914} INFO - Processing file /opt/airflow/dags/pgres.py for tasks to queue
[2024-10-28T18:04:21.369+0000] {logging_mixin.py:190} INFO - [2024-10-28T18:04:21.369+0000] {dagbag.py:588} INFO - Filling up the DagBag from /opt/airflow/dags/pgres.py
[2024-10-28T18:04:21.392+0000] {processor.py:925} INFO - DAG(s) 'postgres_etl_dag' retrieved from /opt/airflow/dags/pgres.py
[2024-10-28T18:04:21.408+0000] {logging_mixin.py:190} INFO - [2024-10-28T18:04:21.408+0000] {dag.py:3239} INFO - Sync 1 DAGs
[2024-10-28T18:04:21.428+0000] {logging_mixin.py:190} INFO - [2024-10-28T18:04:21.428+0000] {dag.py:4180} INFO - Setting next_dagrun for postgres_etl_dag to 2024-10-28 00:00:00+00:00, run_after=2024-10-29 00:00:00+00:00
[2024-10-28T18:04:21.454+0000] {processor.py:208} INFO - Processing /opt/airflow/dags/pgres.py took 0.093 seconds
[2024-10-28T18:04:51.520+0000] {processor.py:186} INFO - Started process (PID=213) to work on /opt/airflow/dags/pgres.py
[2024-10-28T18:04:51.521+0000] {processor.py:914} INFO - Processing file /opt/airflow/dags/pgres.py for tasks to queue
[2024-10-28T18:04:51.523+0000] {logging_mixin.py:190} INFO - [2024-10-28T18:04:51.522+0000] {dagbag.py:588} INFO - Filling up the DagBag from /opt/airflow/dags/pgres.py
[2024-10-28T18:04:51.542+0000] {processor.py:925} INFO - DAG(s) 'postgres_etl_dag' retrieved from /opt/airflow/dags/pgres.py
[2024-10-28T18:04:51.558+0000] {logging_mixin.py:190} INFO - [2024-10-28T18:04:51.558+0000] {dag.py:3239} INFO - Sync 1 DAGs
[2024-10-28T18:04:51.577+0000] {logging_mixin.py:190} INFO - [2024-10-28T18:04:51.576+0000] {dag.py:4180} INFO - Setting next_dagrun for postgres_etl_dag to 2024-10-28 00:00:00+00:00, run_after=2024-10-29 00:00:00+00:00
[2024-10-28T18:04:51.597+0000] {processor.py:208} INFO - Processing /opt/airflow/dags/pgres.py took 0.082 seconds
[2024-10-28T18:05:22.377+0000] {processor.py:186} INFO - Started process (PID=279) to work on /opt/airflow/dags/pgres.py
[2024-10-28T18:05:22.377+0000] {processor.py:914} INFO - Processing file /opt/airflow/dags/pgres.py for tasks to queue
[2024-10-28T18:05:22.380+0000] {logging_mixin.py:190} INFO - [2024-10-28T18:05:22.379+0000] {dagbag.py:588} INFO - Filling up the DagBag from /opt/airflow/dags/pgres.py
[2024-10-28T18:05:22.396+0000] {processor.py:925} INFO - DAG(s) 'postgres_etl_dag' retrieved from /opt/airflow/dags/pgres.py
[2024-10-28T18:05:22.410+0000] {logging_mixin.py:190} INFO - [2024-10-28T18:05:22.410+0000] {dag.py:3239} INFO - Sync 1 DAGs
[2024-10-28T18:05:22.426+0000] {logging_mixin.py:190} INFO - [2024-10-28T18:05:22.426+0000] {dag.py:4180} INFO - Setting next_dagrun for postgres_etl_dag to 2024-10-28 00:00:00+00:00, run_after=2024-10-29 00:00:00+00:00
[2024-10-28T18:05:22.444+0000] {processor.py:208} INFO - Processing /opt/airflow/dags/pgres.py took 0.070 seconds
[2024-10-28T18:05:53.088+0000] {processor.py:186} INFO - Started process (PID=345) to work on /opt/airflow/dags/pgres.py
[2024-10-28T18:05:53.089+0000] {processor.py:914} INFO - Processing file /opt/airflow/dags/pgres.py for tasks to queue
[2024-10-28T18:05:53.091+0000] {logging_mixin.py:190} INFO - [2024-10-28T18:05:53.091+0000] {dagbag.py:588} INFO - Filling up the DagBag from /opt/airflow/dags/pgres.py
[2024-10-28T18:05:53.111+0000] {processor.py:925} INFO - DAG(s) 'postgres_etl_dag' retrieved from /opt/airflow/dags/pgres.py
[2024-10-28T18:05:53.126+0000] {logging_mixin.py:190} INFO - [2024-10-28T18:05:53.125+0000] {dag.py:3239} INFO - Sync 1 DAGs
[2024-10-28T18:05:53.145+0000] {logging_mixin.py:190} INFO - [2024-10-28T18:05:53.145+0000] {dag.py:4180} INFO - Setting next_dagrun for postgres_etl_dag to 2024-10-28 00:00:00+00:00, run_after=2024-10-29 00:00:00+00:00
[2024-10-28T18:05:53.168+0000] {processor.py:208} INFO - Processing /opt/airflow/dags/pgres.py took 0.084 seconds
[2024-10-28T18:06:24.087+0000] {processor.py:186} INFO - Started process (PID=411) to work on /opt/airflow/dags/pgres.py
[2024-10-28T18:06:24.088+0000] {processor.py:914} INFO - Processing file /opt/airflow/dags/pgres.py for tasks to queue
[2024-10-28T18:06:24.090+0000] {logging_mixin.py:190} INFO - [2024-10-28T18:06:24.090+0000] {dagbag.py:588} INFO - Filling up the DagBag from /opt/airflow/dags/pgres.py
[2024-10-28T18:06:24.107+0000] {processor.py:925} INFO - DAG(s) 'postgres_etl_dag' retrieved from /opt/airflow/dags/pgres.py
[2024-10-28T18:06:24.121+0000] {logging_mixin.py:190} INFO - [2024-10-28T18:06:24.121+0000] {dag.py:3239} INFO - Sync 1 DAGs
[2024-10-28T18:06:24.139+0000] {logging_mixin.py:190} INFO - [2024-10-28T18:06:24.139+0000] {dag.py:4180} INFO - Setting next_dagrun for postgres_etl_dag to 2024-10-28 00:00:00+00:00, run_after=2024-10-29 00:00:00+00:00
[2024-10-28T18:06:24.164+0000] {processor.py:208} INFO - Processing /opt/airflow/dags/pgres.py took 0.081 seconds
[2024-10-28T18:06:54.742+0000] {processor.py:186} INFO - Started process (PID=477) to work on /opt/airflow/dags/pgres.py
[2024-10-28T18:06:54.744+0000] {processor.py:914} INFO - Processing file /opt/airflow/dags/pgres.py for tasks to queue
[2024-10-28T18:06:54.746+0000] {logging_mixin.py:190} INFO - [2024-10-28T18:06:54.746+0000] {dagbag.py:588} INFO - Filling up the DagBag from /opt/airflow/dags/pgres.py
[2024-10-28T18:06:54.768+0000] {processor.py:925} INFO - DAG(s) 'postgres_etl_dag' retrieved from /opt/airflow/dags/pgres.py
[2024-10-28T18:06:54.783+0000] {logging_mixin.py:190} INFO - [2024-10-28T18:06:54.783+0000] {dag.py:3239} INFO - Sync 1 DAGs
[2024-10-28T18:06:54.801+0000] {logging_mixin.py:190} INFO - [2024-10-28T18:06:54.800+0000] {dag.py:4180} INFO - Setting next_dagrun for postgres_etl_dag to 2024-10-28 00:00:00+00:00, run_after=2024-10-29 00:00:00+00:00
[2024-10-28T18:06:54.818+0000] {processor.py:208} INFO - Processing /opt/airflow/dags/pgres.py took 0.080 seconds
[2024-10-28T18:07:25.418+0000] {processor.py:186} INFO - Started process (PID=543) to work on /opt/airflow/dags/pgres.py
[2024-10-28T18:07:25.419+0000] {processor.py:914} INFO - Processing file /opt/airflow/dags/pgres.py for tasks to queue
[2024-10-28T18:07:25.422+0000] {logging_mixin.py:190} INFO - [2024-10-28T18:07:25.422+0000] {dagbag.py:588} INFO - Filling up the DagBag from /opt/airflow/dags/pgres.py
[2024-10-28T18:07:25.444+0000] {processor.py:925} INFO - DAG(s) 'postgres_etl_dag' retrieved from /opt/airflow/dags/pgres.py
[2024-10-28T18:07:25.460+0000] {logging_mixin.py:190} INFO - [2024-10-28T18:07:25.460+0000] {dag.py:3239} INFO - Sync 1 DAGs
[2024-10-28T18:07:25.479+0000] {logging_mixin.py:190} INFO - [2024-10-28T18:07:25.478+0000] {dag.py:4180} INFO - Setting next_dagrun for postgres_etl_dag to 2024-10-28 00:00:00+00:00, run_after=2024-10-29 00:00:00+00:00
[2024-10-28T18:07:25.495+0000] {processor.py:208} INFO - Processing /opt/airflow/dags/pgres.py took 0.082 seconds
[2024-10-28T18:07:56.012+0000] {processor.py:186} INFO - Started process (PID=609) to work on /opt/airflow/dags/pgres.py
[2024-10-28T18:07:56.013+0000] {processor.py:914} INFO - Processing file /opt/airflow/dags/pgres.py for tasks to queue
[2024-10-28T18:07:56.016+0000] {logging_mixin.py:190} INFO - [2024-10-28T18:07:56.015+0000] {dagbag.py:588} INFO - Filling up the DagBag from /opt/airflow/dags/pgres.py
[2024-10-28T18:07:56.040+0000] {processor.py:925} INFO - DAG(s) 'postgres_etl_dag' retrieved from /opt/airflow/dags/pgres.py
[2024-10-28T18:07:56.059+0000] {logging_mixin.py:190} INFO - [2024-10-28T18:07:56.059+0000] {dag.py:3239} INFO - Sync 1 DAGs
[2024-10-28T18:07:56.080+0000] {logging_mixin.py:190} INFO - [2024-10-28T18:07:56.079+0000] {dag.py:4180} INFO - Setting next_dagrun for postgres_etl_dag to 2024-10-28 00:00:00+00:00, run_after=2024-10-29 00:00:00+00:00
[2024-10-28T18:07:56.105+0000] {processor.py:208} INFO - Processing /opt/airflow/dags/pgres.py took 0.106 seconds
[2024-10-28T18:08:26.304+0000] {processor.py:186} INFO - Started process (PID=674) to work on /opt/airflow/dags/pgres.py
[2024-10-28T18:08:26.307+0000] {processor.py:914} INFO - Processing file /opt/airflow/dags/pgres.py for tasks to queue
[2024-10-28T18:08:26.310+0000] {logging_mixin.py:190} INFO - [2024-10-28T18:08:26.309+0000] {dagbag.py:588} INFO - Filling up the DagBag from /opt/airflow/dags/pgres.py
[2024-10-28T18:08:26.331+0000] {processor.py:925} INFO - DAG(s) 'postgres_etl_dag' retrieved from /opt/airflow/dags/pgres.py
[2024-10-28T18:08:26.346+0000] {logging_mixin.py:190} INFO - [2024-10-28T18:08:26.345+0000] {dag.py:3239} INFO - Sync 1 DAGs
[2024-10-28T18:08:26.363+0000] {logging_mixin.py:190} INFO - [2024-10-28T18:08:26.363+0000] {dag.py:4180} INFO - Setting next_dagrun for postgres_etl_dag to 2024-10-28 00:00:00+00:00, run_after=2024-10-29 00:00:00+00:00
[2024-10-28T18:08:26.380+0000] {processor.py:208} INFO - Processing /opt/airflow/dags/pgres.py took 0.080 seconds
[2024-10-28T18:08:57.385+0000] {processor.py:186} INFO - Started process (PID=740) to work on /opt/airflow/dags/pgres.py
[2024-10-28T18:08:57.386+0000] {processor.py:914} INFO - Processing file /opt/airflow/dags/pgres.py for tasks to queue
[2024-10-28T18:08:57.388+0000] {logging_mixin.py:190} INFO - [2024-10-28T18:08:57.388+0000] {dagbag.py:588} INFO - Filling up the DagBag from /opt/airflow/dags/pgres.py
[2024-10-28T18:08:57.405+0000] {processor.py:925} INFO - DAG(s) 'postgres_etl_dag' retrieved from /opt/airflow/dags/pgres.py
[2024-10-28T18:08:57.419+0000] {logging_mixin.py:190} INFO - [2024-10-28T18:08:57.419+0000] {dag.py:3239} INFO - Sync 1 DAGs
[2024-10-28T18:08:57.435+0000] {logging_mixin.py:190} INFO - [2024-10-28T18:08:57.435+0000] {dag.py:4180} INFO - Setting next_dagrun for postgres_etl_dag to 2024-10-28 00:00:00+00:00, run_after=2024-10-29 00:00:00+00:00
[2024-10-28T18:08:57.450+0000] {processor.py:208} INFO - Processing /opt/airflow/dags/pgres.py took 0.069 seconds
[2024-10-28T18:09:27.944+0000] {processor.py:186} INFO - Started process (PID=806) to work on /opt/airflow/dags/pgres.py
[2024-10-28T18:09:27.945+0000] {processor.py:914} INFO - Processing file /opt/airflow/dags/pgres.py for tasks to queue
[2024-10-28T18:09:27.947+0000] {logging_mixin.py:190} INFO - [2024-10-28T18:09:27.947+0000] {dagbag.py:588} INFO - Filling up the DagBag from /opt/airflow/dags/pgres.py
[2024-10-28T18:09:27.966+0000] {processor.py:925} INFO - DAG(s) 'postgres_etl_dag' retrieved from /opt/airflow/dags/pgres.py
[2024-10-28T18:09:27.983+0000] {logging_mixin.py:190} INFO - [2024-10-28T18:09:27.983+0000] {dag.py:3239} INFO - Sync 1 DAGs
[2024-10-28T18:09:28.005+0000] {logging_mixin.py:190} INFO - [2024-10-28T18:09:28.005+0000] {dag.py:4180} INFO - Setting next_dagrun for postgres_etl_dag to 2024-10-28 00:00:00+00:00, run_after=2024-10-29 00:00:00+00:00
[2024-10-28T18:09:28.028+0000] {processor.py:208} INFO - Processing /opt/airflow/dags/pgres.py took 0.089 seconds
[2024-10-28T18:09:59.061+0000] {processor.py:186} INFO - Started process (PID=872) to work on /opt/airflow/dags/pgres.py
[2024-10-28T18:09:59.062+0000] {processor.py:914} INFO - Processing file /opt/airflow/dags/pgres.py for tasks to queue
[2024-10-28T18:09:59.064+0000] {logging_mixin.py:190} INFO - [2024-10-28T18:09:59.064+0000] {dagbag.py:588} INFO - Filling up the DagBag from /opt/airflow/dags/pgres.py
[2024-10-28T18:09:59.080+0000] {processor.py:925} INFO - DAG(s) 'postgres_etl_dag' retrieved from /opt/airflow/dags/pgres.py
[2024-10-28T18:09:59.093+0000] {logging_mixin.py:190} INFO - [2024-10-28T18:09:59.093+0000] {dag.py:3239} INFO - Sync 1 DAGs
[2024-10-28T18:09:59.109+0000] {logging_mixin.py:190} INFO - [2024-10-28T18:09:59.109+0000] {dag.py:4180} INFO - Setting next_dagrun for postgres_etl_dag to 2024-10-28 00:00:00+00:00, run_after=2024-10-29 00:00:00+00:00
[2024-10-28T18:09:59.128+0000] {processor.py:208} INFO - Processing /opt/airflow/dags/pgres.py took 0.070 seconds
[2024-10-28T18:10:29.320+0000] {processor.py:186} INFO - Started process (PID=938) to work on /opt/airflow/dags/pgres.py
[2024-10-28T18:10:29.321+0000] {processor.py:914} INFO - Processing file /opt/airflow/dags/pgres.py for tasks to queue
[2024-10-28T18:10:29.323+0000] {logging_mixin.py:190} INFO - [2024-10-28T18:10:29.323+0000] {dagbag.py:588} INFO - Filling up the DagBag from /opt/airflow/dags/pgres.py
[2024-10-28T18:10:29.341+0000] {processor.py:925} INFO - DAG(s) 'postgres_etl_dag' retrieved from /opt/airflow/dags/pgres.py
[2024-10-28T18:10:29.355+0000] {logging_mixin.py:190} INFO - [2024-10-28T18:10:29.355+0000] {dag.py:3239} INFO - Sync 1 DAGs
[2024-10-28T18:10:29.375+0000] {logging_mixin.py:190} INFO - [2024-10-28T18:10:29.374+0000] {dag.py:4180} INFO - Setting next_dagrun for postgres_etl_dag to 2024-10-28 00:00:00+00:00, run_after=2024-10-29 00:00:00+00:00
[2024-10-28T18:10:29.400+0000] {processor.py:208} INFO - Processing /opt/airflow/dags/pgres.py took 0.085 seconds
[2024-10-28T18:10:59.535+0000] {processor.py:186} INFO - Started process (PID=1004) to work on /opt/airflow/dags/pgres.py
[2024-10-28T18:10:59.537+0000] {processor.py:914} INFO - Processing file /opt/airflow/dags/pgres.py for tasks to queue
[2024-10-28T18:10:59.539+0000] {logging_mixin.py:190} INFO - [2024-10-28T18:10:59.539+0000] {dagbag.py:588} INFO - Filling up the DagBag from /opt/airflow/dags/pgres.py
[2024-10-28T18:10:59.557+0000] {processor.py:925} INFO - DAG(s) 'postgres_etl_dag' retrieved from /opt/airflow/dags/pgres.py
[2024-10-28T18:10:59.572+0000] {logging_mixin.py:190} INFO - [2024-10-28T18:10:59.572+0000] {dag.py:3239} INFO - Sync 1 DAGs
[2024-10-28T18:10:59.589+0000] {logging_mixin.py:190} INFO - [2024-10-28T18:10:59.589+0000] {dag.py:4180} INFO - Setting next_dagrun for postgres_etl_dag to 2024-10-28 00:00:00+00:00, run_after=2024-10-29 00:00:00+00:00
[2024-10-28T18:10:59.606+0000] {processor.py:208} INFO - Processing /opt/airflow/dags/pgres.py took 0.075 seconds
[2024-10-28T18:11:29.816+0000] {processor.py:186} INFO - Started process (PID=1070) to work on /opt/airflow/dags/pgres.py
[2024-10-28T18:11:29.817+0000] {processor.py:914} INFO - Processing file /opt/airflow/dags/pgres.py for tasks to queue
[2024-10-28T18:11:29.819+0000] {logging_mixin.py:190} INFO - [2024-10-28T18:11:29.819+0000] {dagbag.py:588} INFO - Filling up the DagBag from /opt/airflow/dags/pgres.py
[2024-10-28T18:11:29.834+0000] {processor.py:925} INFO - DAG(s) 'postgres_etl_dag' retrieved from /opt/airflow/dags/pgres.py
[2024-10-28T18:11:29.849+0000] {logging_mixin.py:190} INFO - [2024-10-28T18:11:29.849+0000] {dag.py:3239} INFO - Sync 1 DAGs
[2024-10-28T18:11:29.869+0000] {logging_mixin.py:190} INFO - [2024-10-28T18:11:29.868+0000] {dag.py:4180} INFO - Setting next_dagrun for postgres_etl_dag to 2024-10-28 00:00:00+00:00, run_after=2024-10-29 00:00:00+00:00
[2024-10-28T18:11:29.893+0000] {processor.py:208} INFO - Processing /opt/airflow/dags/pgres.py took 0.080 seconds
[2024-10-28T18:12:00.716+0000] {processor.py:186} INFO - Started process (PID=1136) to work on /opt/airflow/dags/pgres.py
[2024-10-28T18:12:00.717+0000] {processor.py:914} INFO - Processing file /opt/airflow/dags/pgres.py for tasks to queue
[2024-10-28T18:12:00.719+0000] {logging_mixin.py:190} INFO - [2024-10-28T18:12:00.718+0000] {dagbag.py:588} INFO - Filling up the DagBag from /opt/airflow/dags/pgres.py
[2024-10-28T18:12:00.735+0000] {processor.py:925} INFO - DAG(s) 'postgres_etl_dag' retrieved from /opt/airflow/dags/pgres.py
[2024-10-28T18:12:00.749+0000] {logging_mixin.py:190} INFO - [2024-10-28T18:12:00.749+0000] {dag.py:3239} INFO - Sync 1 DAGs
[2024-10-28T18:12:00.767+0000] {logging_mixin.py:190} INFO - [2024-10-28T18:12:00.767+0000] {dag.py:4180} INFO - Setting next_dagrun for postgres_etl_dag to 2024-10-28 00:00:00+00:00, run_after=2024-10-29 00:00:00+00:00
[2024-10-28T18:12:00.792+0000] {processor.py:208} INFO - Processing /opt/airflow/dags/pgres.py took 0.080 seconds
[2024-10-28T18:12:31.020+0000] {processor.py:186} INFO - Started process (PID=1203) to work on /opt/airflow/dags/pgres.py
[2024-10-28T18:12:31.021+0000] {processor.py:914} INFO - Processing file /opt/airflow/dags/pgres.py for tasks to queue
[2024-10-28T18:12:31.031+0000] {logging_mixin.py:190} INFO - [2024-10-28T18:12:31.030+0000] {dagbag.py:588} INFO - Filling up the DagBag from /opt/airflow/dags/pgres.py
[2024-10-28T18:12:31.080+0000] {processor.py:925} INFO - DAG(s) 'postgres_etl_dag' retrieved from /opt/airflow/dags/pgres.py
[2024-10-28T18:12:31.102+0000] {logging_mixin.py:190} INFO - [2024-10-28T18:12:31.102+0000] {dag.py:3239} INFO - Sync 1 DAGs
[2024-10-28T18:12:31.125+0000] {logging_mixin.py:190} INFO - [2024-10-28T18:12:31.125+0000] {dag.py:4180} INFO - Setting next_dagrun for postgres_etl_dag to 2024-10-28 00:00:00+00:00, run_after=2024-10-29 00:00:00+00:00
[2024-10-28T18:12:31.153+0000] {processor.py:208} INFO - Processing /opt/airflow/dags/pgres.py took 0.137 seconds
[2024-10-28T18:13:02.094+0000] {processor.py:186} INFO - Started process (PID=1269) to work on /opt/airflow/dags/pgres.py
[2024-10-28T18:13:02.095+0000] {processor.py:914} INFO - Processing file /opt/airflow/dags/pgres.py for tasks to queue
[2024-10-28T18:13:02.096+0000] {logging_mixin.py:190} INFO - [2024-10-28T18:13:02.096+0000] {dagbag.py:588} INFO - Filling up the DagBag from /opt/airflow/dags/pgres.py
[2024-10-28T18:13:02.109+0000] {processor.py:925} INFO - DAG(s) 'postgres_etl_dag' retrieved from /opt/airflow/dags/pgres.py
[2024-10-28T18:13:02.123+0000] {logging_mixin.py:190} INFO - [2024-10-28T18:13:02.123+0000] {dag.py:3239} INFO - Sync 1 DAGs
[2024-10-28T18:13:02.141+0000] {logging_mixin.py:190} INFO - [2024-10-28T18:13:02.141+0000] {dag.py:4180} INFO - Setting next_dagrun for postgres_etl_dag to 2024-10-28 00:00:00+00:00, run_after=2024-10-29 00:00:00+00:00
[2024-10-28T18:13:02.166+0000] {processor.py:208} INFO - Processing /opt/airflow/dags/pgres.py took 0.077 seconds
[2024-10-28T18:13:33.048+0000] {processor.py:186} INFO - Started process (PID=1335) to work on /opt/airflow/dags/pgres.py
[2024-10-28T18:13:33.049+0000] {processor.py:914} INFO - Processing file /opt/airflow/dags/pgres.py for tasks to queue
[2024-10-28T18:13:33.051+0000] {logging_mixin.py:190} INFO - [2024-10-28T18:13:33.051+0000] {dagbag.py:588} INFO - Filling up the DagBag from /opt/airflow/dags/pgres.py
[2024-10-28T18:13:33.068+0000] {processor.py:925} INFO - DAG(s) 'postgres_etl_dag' retrieved from /opt/airflow/dags/pgres.py
[2024-10-28T18:13:33.081+0000] {logging_mixin.py:190} INFO - [2024-10-28T18:13:33.081+0000] {dag.py:3239} INFO - Sync 1 DAGs
[2024-10-28T18:13:33.099+0000] {logging_mixin.py:190} INFO - [2024-10-28T18:13:33.099+0000] {dag.py:4180} INFO - Setting next_dagrun for postgres_etl_dag to 2024-10-28 00:00:00+00:00, run_after=2024-10-29 00:00:00+00:00
[2024-10-28T18:13:33.125+0000] {processor.py:208} INFO - Processing /opt/airflow/dags/pgres.py took 0.081 seconds
[2024-10-28T18:14:03.190+0000] {processor.py:186} INFO - Started process (PID=1402) to work on /opt/airflow/dags/pgres.py
[2024-10-28T18:14:03.191+0000] {processor.py:914} INFO - Processing file /opt/airflow/dags/pgres.py for tasks to queue
[2024-10-28T18:14:03.193+0000] {logging_mixin.py:190} INFO - [2024-10-28T18:14:03.193+0000] {dagbag.py:588} INFO - Filling up the DagBag from /opt/airflow/dags/pgres.py
[2024-10-28T18:14:03.204+0000] {processor.py:925} INFO - DAG(s) 'postgres_etl_dag' retrieved from /opt/airflow/dags/pgres.py
[2024-10-28T18:14:03.219+0000] {logging_mixin.py:190} INFO - [2024-10-28T18:14:03.219+0000] {dag.py:3239} INFO - Sync 1 DAGs
[2024-10-28T18:14:03.235+0000] {logging_mixin.py:190} INFO - [2024-10-28T18:14:03.235+0000] {dag.py:4180} INFO - Setting next_dagrun for postgres_etl_dag to 2024-10-28 00:00:00+00:00, run_after=2024-10-29 00:00:00+00:00
[2024-10-28T18:14:03.250+0000] {processor.py:208} INFO - Processing /opt/airflow/dags/pgres.py took 0.064 seconds
[2024-10-28T18:14:33.945+0000] {processor.py:186} INFO - Started process (PID=1467) to work on /opt/airflow/dags/pgres.py
[2024-10-28T18:14:33.946+0000] {processor.py:914} INFO - Processing file /opt/airflow/dags/pgres.py for tasks to queue
[2024-10-28T18:14:33.948+0000] {logging_mixin.py:190} INFO - [2024-10-28T18:14:33.948+0000] {dagbag.py:588} INFO - Filling up the DagBag from /opt/airflow/dags/pgres.py
[2024-10-28T18:14:33.965+0000] {processor.py:925} INFO - DAG(s) 'postgres_etl_dag' retrieved from /opt/airflow/dags/pgres.py
[2024-10-28T18:14:33.979+0000] {logging_mixin.py:190} INFO - [2024-10-28T18:14:33.979+0000] {dag.py:3239} INFO - Sync 1 DAGs
[2024-10-28T18:14:33.995+0000] {logging_mixin.py:190} INFO - [2024-10-28T18:14:33.995+0000] {dag.py:4180} INFO - Setting next_dagrun for postgres_etl_dag to 2024-10-28 00:00:00+00:00, run_after=2024-10-29 00:00:00+00:00
[2024-10-28T18:14:34.018+0000] {processor.py:208} INFO - Processing /opt/airflow/dags/pgres.py took 0.077 seconds
[2024-10-28T18:15:04.650+0000] {processor.py:186} INFO - Started process (PID=1533) to work on /opt/airflow/dags/pgres.py
[2024-10-28T18:15:04.651+0000] {processor.py:914} INFO - Processing file /opt/airflow/dags/pgres.py for tasks to queue
[2024-10-28T18:15:04.653+0000] {logging_mixin.py:190} INFO - [2024-10-28T18:15:04.653+0000] {dagbag.py:588} INFO - Filling up the DagBag from /opt/airflow/dags/pgres.py
[2024-10-28T18:15:04.673+0000] {processor.py:925} INFO - DAG(s) 'postgres_etl_dag' retrieved from /opt/airflow/dags/pgres.py
[2024-10-28T18:15:04.688+0000] {logging_mixin.py:190} INFO - [2024-10-28T18:15:04.688+0000] {dag.py:3239} INFO - Sync 1 DAGs
[2024-10-28T18:15:04.705+0000] {logging_mixin.py:190} INFO - [2024-10-28T18:15:04.705+0000] {dag.py:4180} INFO - Setting next_dagrun for postgres_etl_dag to 2024-10-28 00:00:00+00:00, run_after=2024-10-29 00:00:00+00:00
[2024-10-28T18:15:04.729+0000] {processor.py:208} INFO - Processing /opt/airflow/dags/pgres.py took 0.083 seconds
[2024-10-28T18:15:35.265+0000] {processor.py:186} INFO - Started process (PID=1599) to work on /opt/airflow/dags/pgres.py
[2024-10-28T18:15:35.268+0000] {processor.py:914} INFO - Processing file /opt/airflow/dags/pgres.py for tasks to queue
[2024-10-28T18:15:35.270+0000] {logging_mixin.py:190} INFO - [2024-10-28T18:15:35.270+0000] {dagbag.py:588} INFO - Filling up the DagBag from /opt/airflow/dags/pgres.py
[2024-10-28T18:15:35.292+0000] {processor.py:925} INFO - DAG(s) 'postgres_etl_dag' retrieved from /opt/airflow/dags/pgres.py
[2024-10-28T18:15:35.311+0000] {logging_mixin.py:190} INFO - [2024-10-28T18:15:35.311+0000] {dag.py:3239} INFO - Sync 1 DAGs
[2024-10-28T18:15:35.334+0000] {logging_mixin.py:190} INFO - [2024-10-28T18:15:35.334+0000] {dag.py:4180} INFO - Setting next_dagrun for postgres_etl_dag to 2024-10-28 00:00:00+00:00, run_after=2024-10-29 00:00:00+00:00
[2024-10-28T18:15:35.362+0000] {processor.py:208} INFO - Processing /opt/airflow/dags/pgres.py took 0.100 seconds
[2024-10-28T18:16:06.205+0000] {processor.py:186} INFO - Started process (PID=1665) to work on /opt/airflow/dags/pgres.py
[2024-10-28T18:16:06.206+0000] {processor.py:914} INFO - Processing file /opt/airflow/dags/pgres.py for tasks to queue
[2024-10-28T18:16:06.208+0000] {logging_mixin.py:190} INFO - [2024-10-28T18:16:06.208+0000] {dagbag.py:588} INFO - Filling up the DagBag from /opt/airflow/dags/pgres.py
[2024-10-28T18:16:06.225+0000] {processor.py:925} INFO - DAG(s) 'postgres_etl_dag' retrieved from /opt/airflow/dags/pgres.py
[2024-10-28T18:16:06.238+0000] {logging_mixin.py:190} INFO - [2024-10-28T18:16:06.238+0000] {dag.py:3239} INFO - Sync 1 DAGs
[2024-10-28T18:16:06.254+0000] {logging_mixin.py:190} INFO - [2024-10-28T18:16:06.254+0000] {dag.py:4180} INFO - Setting next_dagrun for postgres_etl_dag to 2024-10-28 00:00:00+00:00, run_after=2024-10-29 00:00:00+00:00
[2024-10-28T18:16:06.277+0000] {processor.py:208} INFO - Processing /opt/airflow/dags/pgres.py took 0.076 seconds
[2024-10-28T18:16:36.870+0000] {processor.py:186} INFO - Started process (PID=1731) to work on /opt/airflow/dags/pgres.py
[2024-10-28T18:16:36.871+0000] {processor.py:914} INFO - Processing file /opt/airflow/dags/pgres.py for tasks to queue
[2024-10-28T18:16:36.873+0000] {logging_mixin.py:190} INFO - [2024-10-28T18:16:36.873+0000] {dagbag.py:588} INFO - Filling up the DagBag from /opt/airflow/dags/pgres.py
[2024-10-28T18:16:36.889+0000] {processor.py:925} INFO - DAG(s) 'postgres_etl_dag' retrieved from /opt/airflow/dags/pgres.py
[2024-10-28T18:16:36.903+0000] {logging_mixin.py:190} INFO - [2024-10-28T18:16:36.903+0000] {dag.py:3239} INFO - Sync 1 DAGs
[2024-10-28T18:16:36.920+0000] {logging_mixin.py:190} INFO - [2024-10-28T18:16:36.920+0000] {dag.py:4180} INFO - Setting next_dagrun for postgres_etl_dag to 2024-10-28 00:00:00+00:00, run_after=2024-10-29 00:00:00+00:00
[2024-10-28T18:16:36.940+0000] {processor.py:208} INFO - Processing /opt/airflow/dags/pgres.py took 0.074 seconds
[2024-10-28T18:17:07.538+0000] {processor.py:186} INFO - Started process (PID=1797) to work on /opt/airflow/dags/pgres.py
[2024-10-28T18:17:07.539+0000] {processor.py:914} INFO - Processing file /opt/airflow/dags/pgres.py for tasks to queue
[2024-10-28T18:17:07.541+0000] {logging_mixin.py:190} INFO - [2024-10-28T18:17:07.540+0000] {dagbag.py:588} INFO - Filling up the DagBag from /opt/airflow/dags/pgres.py
[2024-10-28T18:17:07.557+0000] {processor.py:925} INFO - DAG(s) 'postgres_etl_dag' retrieved from /opt/airflow/dags/pgres.py
[2024-10-28T18:17:07.571+0000] {logging_mixin.py:190} INFO - [2024-10-28T18:17:07.571+0000] {dag.py:3239} INFO - Sync 1 DAGs
[2024-10-28T18:17:07.588+0000] {logging_mixin.py:190} INFO - [2024-10-28T18:17:07.588+0000] {dag.py:4180} INFO - Setting next_dagrun for postgres_etl_dag to 2024-10-28 00:00:00+00:00, run_after=2024-10-29 00:00:00+00:00
[2024-10-28T18:17:07.613+0000] {processor.py:208} INFO - Processing /opt/airflow/dags/pgres.py took 0.079 seconds
[2024-10-28T18:17:37.670+0000] {processor.py:186} INFO - Started process (PID=1862) to work on /opt/airflow/dags/pgres.py
[2024-10-28T18:17:37.671+0000] {processor.py:914} INFO - Processing file /opt/airflow/dags/pgres.py for tasks to queue
[2024-10-28T18:17:37.674+0000] {logging_mixin.py:190} INFO - [2024-10-28T18:17:37.674+0000] {dagbag.py:588} INFO - Filling up the DagBag from /opt/airflow/dags/pgres.py
[2024-10-28T18:17:37.695+0000] {processor.py:925} INFO - DAG(s) 'postgres_etl_dag' retrieved from /opt/airflow/dags/pgres.py
[2024-10-28T18:17:37.714+0000] {logging_mixin.py:190} INFO - [2024-10-28T18:17:37.714+0000] {dag.py:3239} INFO - Sync 1 DAGs
[2024-10-28T18:17:37.737+0000] {logging_mixin.py:190} INFO - [2024-10-28T18:17:37.736+0000] {dag.py:4180} INFO - Setting next_dagrun for postgres_etl_dag to 2024-10-28 00:00:00+00:00, run_after=2024-10-29 00:00:00+00:00
[2024-10-28T18:17:37.767+0000] {processor.py:208} INFO - Processing /opt/airflow/dags/pgres.py took 0.102 seconds
[2024-10-28T18:18:07.927+0000] {processor.py:186} INFO - Started process (PID=1929) to work on /opt/airflow/dags/pgres.py
[2024-10-28T18:18:07.929+0000] {processor.py:914} INFO - Processing file /opt/airflow/dags/pgres.py for tasks to queue
[2024-10-28T18:18:07.935+0000] {logging_mixin.py:190} INFO - [2024-10-28T18:18:07.934+0000] {dagbag.py:588} INFO - Filling up the DagBag from /opt/airflow/dags/pgres.py
[2024-10-28T18:18:07.964+0000] {processor.py:925} INFO - DAG(s) 'postgres_etl_dag' retrieved from /opt/airflow/dags/pgres.py
[2024-10-28T18:18:07.982+0000] {logging_mixin.py:190} INFO - [2024-10-28T18:18:07.982+0000] {dag.py:3239} INFO - Sync 1 DAGs
[2024-10-28T18:18:08.001+0000] {logging_mixin.py:190} INFO - [2024-10-28T18:18:08.000+0000] {dag.py:4180} INFO - Setting next_dagrun for postgres_etl_dag to 2024-10-28 00:00:00+00:00, run_after=2024-10-29 00:00:00+00:00
[2024-10-28T18:18:08.026+0000] {processor.py:208} INFO - Processing /opt/airflow/dags/pgres.py took 0.103 seconds
[2024-10-28T18:18:38.160+0000] {processor.py:186} INFO - Started process (PID=1995) to work on /opt/airflow/dags/pgres.py
[2024-10-28T18:18:38.161+0000] {processor.py:914} INFO - Processing file /opt/airflow/dags/pgres.py for tasks to queue
[2024-10-28T18:18:38.163+0000] {logging_mixin.py:190} INFO - [2024-10-28T18:18:38.163+0000] {dagbag.py:588} INFO - Filling up the DagBag from /opt/airflow/dags/pgres.py
[2024-10-28T18:18:38.179+0000] {processor.py:925} INFO - DAG(s) 'postgres_etl_dag' retrieved from /opt/airflow/dags/pgres.py
[2024-10-28T18:18:38.192+0000] {logging_mixin.py:190} INFO - [2024-10-28T18:18:38.191+0000] {dag.py:3239} INFO - Sync 1 DAGs
[2024-10-28T18:18:38.207+0000] {logging_mixin.py:190} INFO - [2024-10-28T18:18:38.207+0000] {dag.py:4180} INFO - Setting next_dagrun for postgres_etl_dag to 2024-10-28 00:00:00+00:00, run_after=2024-10-29 00:00:00+00:00
[2024-10-28T18:18:38.228+0000] {processor.py:208} INFO - Processing /opt/airflow/dags/pgres.py took 0.072 seconds
[2024-10-28T18:19:09.026+0000] {processor.py:186} INFO - Started process (PID=2060) to work on /opt/airflow/dags/pgres.py
[2024-10-28T18:19:09.027+0000] {processor.py:914} INFO - Processing file /opt/airflow/dags/pgres.py for tasks to queue
[2024-10-28T18:19:09.029+0000] {logging_mixin.py:190} INFO - [2024-10-28T18:19:09.028+0000] {dagbag.py:588} INFO - Filling up the DagBag from /opt/airflow/dags/pgres.py
[2024-10-28T18:19:09.048+0000] {processor.py:925} INFO - DAG(s) 'postgres_etl_dag' retrieved from /opt/airflow/dags/pgres.py
[2024-10-28T18:19:09.065+0000] {logging_mixin.py:190} INFO - [2024-10-28T18:19:09.064+0000] {dag.py:3239} INFO - Sync 1 DAGs
[2024-10-28T18:19:09.083+0000] {logging_mixin.py:190} INFO - [2024-10-28T18:19:09.083+0000] {dag.py:4180} INFO - Setting next_dagrun for postgres_etl_dag to 2024-10-28 00:00:00+00:00, run_after=2024-10-29 00:00:00+00:00
[2024-10-28T18:19:09.108+0000] {processor.py:208} INFO - Processing /opt/airflow/dags/pgres.py took 0.085 seconds
[2024-10-28T18:19:39.379+0000] {processor.py:186} INFO - Started process (PID=2127) to work on /opt/airflow/dags/pgres.py
[2024-10-28T18:19:39.382+0000] {processor.py:914} INFO - Processing file /opt/airflow/dags/pgres.py for tasks to queue
[2024-10-28T18:19:39.385+0000] {logging_mixin.py:190} INFO - [2024-10-28T18:19:39.384+0000] {dagbag.py:588} INFO - Filling up the DagBag from /opt/airflow/dags/pgres.py
[2024-10-28T18:19:39.416+0000] {processor.py:925} INFO - DAG(s) 'postgres_etl_dag' retrieved from /opt/airflow/dags/pgres.py
[2024-10-28T18:19:39.433+0000] {logging_mixin.py:190} INFO - [2024-10-28T18:19:39.433+0000] {dag.py:3239} INFO - Sync 1 DAGs
[2024-10-28T18:19:39.453+0000] {logging_mixin.py:190} INFO - [2024-10-28T18:19:39.453+0000] {dag.py:4180} INFO - Setting next_dagrun for postgres_etl_dag to 2024-10-28 00:00:00+00:00, run_after=2024-10-29 00:00:00+00:00
[2024-10-28T18:19:39.480+0000] {processor.py:208} INFO - Processing /opt/airflow/dags/pgres.py took 0.105 seconds
[2024-10-28T18:20:10.033+0000] {processor.py:186} INFO - Started process (PID=2193) to work on /opt/airflow/dags/pgres.py
[2024-10-28T18:20:10.035+0000] {processor.py:914} INFO - Processing file /opt/airflow/dags/pgres.py for tasks to queue
[2024-10-28T18:20:10.038+0000] {logging_mixin.py:190} INFO - [2024-10-28T18:20:10.037+0000] {dagbag.py:588} INFO - Filling up the DagBag from /opt/airflow/dags/pgres.py
[2024-10-28T18:20:10.068+0000] {processor.py:925} INFO - DAG(s) 'postgres_etl_dag' retrieved from /opt/airflow/dags/pgres.py
[2024-10-28T18:20:10.089+0000] {logging_mixin.py:190} INFO - [2024-10-28T18:20:10.088+0000] {dag.py:3239} INFO - Sync 1 DAGs
[2024-10-28T18:20:10.119+0000] {logging_mixin.py:190} INFO - [2024-10-28T18:20:10.119+0000] {dag.py:4180} INFO - Setting next_dagrun for postgres_etl_dag to 2024-10-28 00:00:00+00:00, run_after=2024-10-29 00:00:00+00:00
[2024-10-28T18:20:10.143+0000] {processor.py:208} INFO - Processing /opt/airflow/dags/pgres.py took 0.115 seconds
[2024-10-28T18:20:40.559+0000] {processor.py:186} INFO - Started process (PID=2259) to work on /opt/airflow/dags/pgres.py
[2024-10-28T18:20:40.560+0000] {processor.py:914} INFO - Processing file /opt/airflow/dags/pgres.py for tasks to queue
[2024-10-28T18:20:40.563+0000] {logging_mixin.py:190} INFO - [2024-10-28T18:20:40.562+0000] {dagbag.py:588} INFO - Filling up the DagBag from /opt/airflow/dags/pgres.py
[2024-10-28T18:20:40.585+0000] {processor.py:925} INFO - DAG(s) 'postgres_etl_dag' retrieved from /opt/airflow/dags/pgres.py
[2024-10-28T18:20:40.601+0000] {logging_mixin.py:190} INFO - [2024-10-28T18:20:40.601+0000] {dag.py:3239} INFO - Sync 1 DAGs
[2024-10-28T18:20:40.620+0000] {logging_mixin.py:190} INFO - [2024-10-28T18:20:40.620+0000] {dag.py:4180} INFO - Setting next_dagrun for postgres_etl_dag to 2024-10-28 00:00:00+00:00, run_after=2024-10-29 00:00:00+00:00
[2024-10-28T18:20:40.644+0000] {processor.py:208} INFO - Processing /opt/airflow/dags/pgres.py took 0.090 seconds
[2024-10-28T18:21:10.826+0000] {processor.py:186} INFO - Started process (PID=2325) to work on /opt/airflow/dags/pgres.py
[2024-10-28T18:21:10.827+0000] {processor.py:914} INFO - Processing file /opt/airflow/dags/pgres.py for tasks to queue
[2024-10-28T18:21:10.829+0000] {logging_mixin.py:190} INFO - [2024-10-28T18:21:10.829+0000] {dagbag.py:588} INFO - Filling up the DagBag from /opt/airflow/dags/pgres.py
[2024-10-28T18:21:10.847+0000] {processor.py:925} INFO - DAG(s) 'postgres_etl_dag' retrieved from /opt/airflow/dags/pgres.py
[2024-10-28T18:21:10.862+0000] {logging_mixin.py:190} INFO - [2024-10-28T18:21:10.861+0000] {dag.py:3239} INFO - Sync 1 DAGs
[2024-10-28T18:21:10.879+0000] {logging_mixin.py:190} INFO - [2024-10-28T18:21:10.879+0000] {dag.py:4180} INFO - Setting next_dagrun for postgres_etl_dag to 2024-10-28 00:00:00+00:00, run_after=2024-10-29 00:00:00+00:00
[2024-10-28T18:21:10.905+0000] {processor.py:208} INFO - Processing /opt/airflow/dags/pgres.py took 0.083 seconds
[2024-10-28T18:21:41.129+0000] {processor.py:186} INFO - Started process (PID=2391) to work on /opt/airflow/dags/pgres.py
[2024-10-28T18:21:41.130+0000] {processor.py:914} INFO - Processing file /opt/airflow/dags/pgres.py for tasks to queue
[2024-10-28T18:21:41.133+0000] {logging_mixin.py:190} INFO - [2024-10-28T18:21:41.132+0000] {dagbag.py:588} INFO - Filling up the DagBag from /opt/airflow/dags/pgres.py
[2024-10-28T18:21:41.153+0000] {processor.py:925} INFO - DAG(s) 'postgres_etl_dag' retrieved from /opt/airflow/dags/pgres.py
[2024-10-28T18:21:41.166+0000] {logging_mixin.py:190} INFO - [2024-10-28T18:21:41.166+0000] {dag.py:3239} INFO - Sync 1 DAGs
[2024-10-28T18:21:41.184+0000] {logging_mixin.py:190} INFO - [2024-10-28T18:21:41.184+0000] {dag.py:4180} INFO - Setting next_dagrun for postgres_etl_dag to 2024-10-28 00:00:00+00:00, run_after=2024-10-29 00:00:00+00:00
[2024-10-28T18:21:41.214+0000] {processor.py:208} INFO - Processing /opt/airflow/dags/pgres.py took 0.090 seconds
[2024-10-28T18:22:12.118+0000] {processor.py:186} INFO - Started process (PID=2457) to work on /opt/airflow/dags/pgres.py
[2024-10-28T18:22:12.121+0000] {processor.py:914} INFO - Processing file /opt/airflow/dags/pgres.py for tasks to queue
[2024-10-28T18:22:12.123+0000] {logging_mixin.py:190} INFO - [2024-10-28T18:22:12.123+0000] {dagbag.py:588} INFO - Filling up the DagBag from /opt/airflow/dags/pgres.py
[2024-10-28T18:22:12.142+0000] {processor.py:925} INFO - DAG(s) 'postgres_etl_dag' retrieved from /opt/airflow/dags/pgres.py
[2024-10-28T18:22:12.156+0000] {logging_mixin.py:190} INFO - [2024-10-28T18:22:12.156+0000] {dag.py:3239} INFO - Sync 1 DAGs
[2024-10-28T18:22:12.173+0000] {logging_mixin.py:190} INFO - [2024-10-28T18:22:12.172+0000] {dag.py:4180} INFO - Setting next_dagrun for postgres_etl_dag to 2024-10-28 00:00:00+00:00, run_after=2024-10-29 00:00:00+00:00
[2024-10-28T18:22:12.189+0000] {processor.py:208} INFO - Processing /opt/airflow/dags/pgres.py took 0.075 seconds
[2024-10-28T18:22:42.428+0000] {processor.py:186} INFO - Started process (PID=2523) to work on /opt/airflow/dags/pgres.py
[2024-10-28T18:22:42.429+0000] {processor.py:914} INFO - Processing file /opt/airflow/dags/pgres.py for tasks to queue
[2024-10-28T18:22:42.431+0000] {logging_mixin.py:190} INFO - [2024-10-28T18:22:42.431+0000] {dagbag.py:588} INFO - Filling up the DagBag from /opt/airflow/dags/pgres.py
[2024-10-28T18:22:42.448+0000] {processor.py:925} INFO - DAG(s) 'postgres_etl_dag' retrieved from /opt/airflow/dags/pgres.py
[2024-10-28T18:22:42.463+0000] {logging_mixin.py:190} INFO - [2024-10-28T18:22:42.463+0000] {dag.py:3239} INFO - Sync 1 DAGs
[2024-10-28T18:22:42.480+0000] {logging_mixin.py:190} INFO - [2024-10-28T18:22:42.480+0000] {dag.py:4180} INFO - Setting next_dagrun for postgres_etl_dag to 2024-10-28 00:00:00+00:00, run_after=2024-10-29 00:00:00+00:00
[2024-10-28T18:22:42.503+0000] {processor.py:208} INFO - Processing /opt/airflow/dags/pgres.py took 0.079 seconds
[2024-10-28T18:23:12.672+0000] {processor.py:186} INFO - Started process (PID=2589) to work on /opt/airflow/dags/pgres.py
[2024-10-28T18:23:12.673+0000] {processor.py:914} INFO - Processing file /opt/airflow/dags/pgres.py for tasks to queue
[2024-10-28T18:23:12.676+0000] {logging_mixin.py:190} INFO - [2024-10-28T18:23:12.675+0000] {dagbag.py:588} INFO - Filling up the DagBag from /opt/airflow/dags/pgres.py
[2024-10-28T18:23:12.693+0000] {processor.py:925} INFO - DAG(s) 'postgres_etl_dag' retrieved from /opt/airflow/dags/pgres.py
[2024-10-28T18:23:12.708+0000] {logging_mixin.py:190} INFO - [2024-10-28T18:23:12.707+0000] {dag.py:3239} INFO - Sync 1 DAGs
[2024-10-28T18:23:12.724+0000] {logging_mixin.py:190} INFO - [2024-10-28T18:23:12.724+0000] {dag.py:4180} INFO - Setting next_dagrun for postgres_etl_dag to 2024-10-28 00:00:00+00:00, run_after=2024-10-29 00:00:00+00:00
[2024-10-28T18:23:12.749+0000] {processor.py:208} INFO - Processing /opt/airflow/dags/pgres.py took 0.080 seconds
[2024-10-28T18:23:42.958+0000] {processor.py:186} INFO - Started process (PID=2655) to work on /opt/airflow/dags/pgres.py
[2024-10-28T18:23:42.959+0000] {processor.py:914} INFO - Processing file /opt/airflow/dags/pgres.py for tasks to queue
[2024-10-28T18:23:42.961+0000] {logging_mixin.py:190} INFO - [2024-10-28T18:23:42.961+0000] {dagbag.py:588} INFO - Filling up the DagBag from /opt/airflow/dags/pgres.py
[2024-10-28T18:23:42.978+0000] {processor.py:925} INFO - DAG(s) 'postgres_etl_dag' retrieved from /opt/airflow/dags/pgres.py
[2024-10-28T18:23:42.993+0000] {logging_mixin.py:190} INFO - [2024-10-28T18:23:42.993+0000] {dag.py:3239} INFO - Sync 1 DAGs
[2024-10-28T18:23:43.011+0000] {logging_mixin.py:190} INFO - [2024-10-28T18:23:43.011+0000] {dag.py:4180} INFO - Setting next_dagrun for postgres_etl_dag to 2024-10-28 00:00:00+00:00, run_after=2024-10-29 00:00:00+00:00
[2024-10-28T18:23:43.036+0000] {processor.py:208} INFO - Processing /opt/airflow/dags/pgres.py took 0.082 seconds
[2024-10-28T18:24:13.333+0000] {processor.py:186} INFO - Started process (PID=2721) to work on /opt/airflow/dags/pgres.py
[2024-10-28T18:24:13.334+0000] {processor.py:914} INFO - Processing file /opt/airflow/dags/pgres.py for tasks to queue
[2024-10-28T18:24:13.336+0000] {logging_mixin.py:190} INFO - [2024-10-28T18:24:13.336+0000] {dagbag.py:588} INFO - Filling up the DagBag from /opt/airflow/dags/pgres.py
[2024-10-28T18:24:13.357+0000] {processor.py:925} INFO - DAG(s) 'postgres_etl_dag' retrieved from /opt/airflow/dags/pgres.py
[2024-10-28T18:24:13.372+0000] {logging_mixin.py:190} INFO - [2024-10-28T18:24:13.372+0000] {dag.py:3239} INFO - Sync 1 DAGs
[2024-10-28T18:24:13.391+0000] {logging_mixin.py:190} INFO - [2024-10-28T18:24:13.390+0000] {dag.py:4180} INFO - Setting next_dagrun for postgres_etl_dag to 2024-10-28 00:00:00+00:00, run_after=2024-10-29 00:00:00+00:00
[2024-10-28T18:24:13.414+0000] {processor.py:208} INFO - Processing /opt/airflow/dags/pgres.py took 0.085 seconds
[2024-10-28T18:24:44.120+0000] {processor.py:186} INFO - Started process (PID=2787) to work on /opt/airflow/dags/pgres.py
[2024-10-28T18:24:44.121+0000] {processor.py:914} INFO - Processing file /opt/airflow/dags/pgres.py for tasks to queue
[2024-10-28T18:24:44.123+0000] {logging_mixin.py:190} INFO - [2024-10-28T18:24:44.123+0000] {dagbag.py:588} INFO - Filling up the DagBag from /opt/airflow/dags/pgres.py
[2024-10-28T18:24:44.143+0000] {processor.py:925} INFO - DAG(s) 'postgres_etl_dag' retrieved from /opt/airflow/dags/pgres.py
[2024-10-28T18:24:44.157+0000] {logging_mixin.py:190} INFO - [2024-10-28T18:24:44.157+0000] {dag.py:3239} INFO - Sync 1 DAGs
[2024-10-28T18:24:44.174+0000] {logging_mixin.py:190} INFO - [2024-10-28T18:24:44.174+0000] {dag.py:4180} INFO - Setting next_dagrun for postgres_etl_dag to 2024-10-28 00:00:00+00:00, run_after=2024-10-29 00:00:00+00:00
[2024-10-28T18:24:44.197+0000] {processor.py:208} INFO - Processing /opt/airflow/dags/pgres.py took 0.081 seconds
