[2024-10-28T18:03:51.032+0000] {processor.py:186} INFO - Started process (PID=79) to work on /opt/airflow/dags/simpl_etl.py
[2024-10-28T18:03:51.034+0000] {processor.py:914} INFO - Processing file /opt/airflow/dags/simpl_etl.py for tasks to queue
[2024-10-28T18:03:51.039+0000] {logging_mixin.py:190} INFO - [2024-10-28T18:03:51.038+0000] {dagbag.py:588} INFO - Filling up the DagBag from /opt/airflow/dags/simpl_etl.py
[2024-10-28T18:03:51.077+0000] {processor.py:925} INFO - DAG(s) 'dataframe_move_dag' retrieved from /opt/airflow/dags/simpl_etl.py
[2024-10-28T18:03:51.123+0000] {logging_mixin.py:190} INFO - [2024-10-28T18:03:51.123+0000] {dag.py:3239} INFO - Sync 1 DAGs
[2024-10-28T18:03:51.167+0000] {logging_mixin.py:190} INFO - [2024-10-28T18:03:51.167+0000] {dag.py:4180} INFO - Setting next_dagrun for dataframe_move_dag to 2024-10-27 00:00:00+00:00, run_after=2024-10-28 00:00:00+00:00
[2024-10-28T18:03:51.209+0000] {processor.py:208} INFO - Processing /opt/airflow/dags/simpl_etl.py took 0.185 seconds
[2024-10-28T18:04:21.611+0000] {processor.py:186} INFO - Started process (PID=150) to work on /opt/airflow/dags/simpl_etl.py
[2024-10-28T18:04:21.612+0000] {processor.py:914} INFO - Processing file /opt/airflow/dags/simpl_etl.py for tasks to queue
[2024-10-28T18:04:21.614+0000] {logging_mixin.py:190} INFO - [2024-10-28T18:04:21.614+0000] {dagbag.py:588} INFO - Filling up the DagBag from /opt/airflow/dags/simpl_etl.py
[2024-10-28T18:04:21.632+0000] {processor.py:925} INFO - DAG(s) 'dataframe_move_dag' retrieved from /opt/airflow/dags/simpl_etl.py
[2024-10-28T18:04:21.650+0000] {logging_mixin.py:190} INFO - [2024-10-28T18:04:21.650+0000] {dag.py:3239} INFO - Sync 1 DAGs
[2024-10-28T18:04:21.671+0000] {logging_mixin.py:190} INFO - [2024-10-28T18:04:21.670+0000] {dag.py:4180} INFO - Setting next_dagrun for dataframe_move_dag to 2024-10-27 00:00:00+00:00, run_after=2024-10-28 00:00:00+00:00
[2024-10-28T18:04:21.689+0000] {processor.py:208} INFO - Processing /opt/airflow/dags/simpl_etl.py took 0.082 seconds
[2024-10-28T18:04:51.787+0000] {processor.py:186} INFO - Started process (PID=216) to work on /opt/airflow/dags/simpl_etl.py
[2024-10-28T18:04:51.789+0000] {processor.py:914} INFO - Processing file /opt/airflow/dags/simpl_etl.py for tasks to queue
[2024-10-28T18:04:51.792+0000] {logging_mixin.py:190} INFO - [2024-10-28T18:04:51.792+0000] {dagbag.py:588} INFO - Filling up the DagBag from /opt/airflow/dags/simpl_etl.py
[2024-10-28T18:04:51.814+0000] {processor.py:925} INFO - DAG(s) 'dataframe_move_dag' retrieved from /opt/airflow/dags/simpl_etl.py
[2024-10-28T18:04:51.835+0000] {logging_mixin.py:190} INFO - [2024-10-28T18:04:51.834+0000] {dag.py:3239} INFO - Sync 1 DAGs
[2024-10-28T18:04:51.862+0000] {logging_mixin.py:190} INFO - [2024-10-28T18:04:51.862+0000] {dag.py:4180} INFO - Setting next_dagrun for dataframe_move_dag to 2024-10-27 00:00:00+00:00, run_after=2024-10-28 00:00:00+00:00
[2024-10-28T18:04:51.881+0000] {processor.py:208} INFO - Processing /opt/airflow/dags/simpl_etl.py took 0.099 seconds
[2024-10-28T18:05:22.604+0000] {processor.py:186} INFO - Started process (PID=282) to work on /opt/airflow/dags/simpl_etl.py
[2024-10-28T18:05:22.605+0000] {processor.py:914} INFO - Processing file /opt/airflow/dags/simpl_etl.py for tasks to queue
[2024-10-28T18:05:22.607+0000] {logging_mixin.py:190} INFO - [2024-10-28T18:05:22.607+0000] {dagbag.py:588} INFO - Filling up the DagBag from /opt/airflow/dags/simpl_etl.py
[2024-10-28T18:05:22.624+0000] {processor.py:925} INFO - DAG(s) 'dataframe_move_dag' retrieved from /opt/airflow/dags/simpl_etl.py
[2024-10-28T18:05:22.637+0000] {logging_mixin.py:190} INFO - [2024-10-28T18:05:22.637+0000] {dag.py:3239} INFO - Sync 1 DAGs
[2024-10-28T18:05:22.654+0000] {logging_mixin.py:190} INFO - [2024-10-28T18:05:22.653+0000] {dag.py:4180} INFO - Setting next_dagrun for dataframe_move_dag to 2024-10-27 00:00:00+00:00, run_after=2024-10-28 00:00:00+00:00
[2024-10-28T18:05:22.666+0000] {processor.py:208} INFO - Processing /opt/airflow/dags/simpl_etl.py took 0.065 seconds
[2024-10-28T18:05:53.316+0000] {processor.py:186} INFO - Started process (PID=348) to work on /opt/airflow/dags/simpl_etl.py
[2024-10-28T18:05:53.318+0000] {processor.py:914} INFO - Processing file /opt/airflow/dags/simpl_etl.py for tasks to queue
[2024-10-28T18:05:53.320+0000] {logging_mixin.py:190} INFO - [2024-10-28T18:05:53.319+0000] {dagbag.py:588} INFO - Filling up the DagBag from /opt/airflow/dags/simpl_etl.py
[2024-10-28T18:05:53.340+0000] {processor.py:925} INFO - DAG(s) 'dataframe_move_dag' retrieved from /opt/airflow/dags/simpl_etl.py
[2024-10-28T18:05:53.357+0000] {logging_mixin.py:190} INFO - [2024-10-28T18:05:53.357+0000] {dag.py:3239} INFO - Sync 1 DAGs
[2024-10-28T18:05:53.376+0000] {logging_mixin.py:190} INFO - [2024-10-28T18:05:53.376+0000] {dag.py:4180} INFO - Setting next_dagrun for dataframe_move_dag to 2024-10-27 00:00:00+00:00, run_after=2024-10-28 00:00:00+00:00
[2024-10-28T18:05:53.391+0000] {processor.py:208} INFO - Processing /opt/airflow/dags/simpl_etl.py took 0.079 seconds
[2024-10-28T18:06:24.207+0000] {processor.py:186} INFO - Started process (PID=414) to work on /opt/airflow/dags/simpl_etl.py
[2024-10-28T18:06:24.207+0000] {processor.py:914} INFO - Processing file /opt/airflow/dags/simpl_etl.py for tasks to queue
[2024-10-28T18:06:24.209+0000] {logging_mixin.py:190} INFO - [2024-10-28T18:06:24.209+0000] {dagbag.py:588} INFO - Filling up the DagBag from /opt/airflow/dags/simpl_etl.py
[2024-10-28T18:06:24.227+0000] {processor.py:925} INFO - DAG(s) 'dataframe_move_dag' retrieved from /opt/airflow/dags/simpl_etl.py
[2024-10-28T18:06:24.240+0000] {logging_mixin.py:190} INFO - [2024-10-28T18:06:24.240+0000] {dag.py:3239} INFO - Sync 1 DAGs
[2024-10-28T18:06:24.255+0000] {logging_mixin.py:190} INFO - [2024-10-28T18:06:24.255+0000] {dag.py:4180} INFO - Setting next_dagrun for dataframe_move_dag to 2024-10-27 00:00:00+00:00, run_after=2024-10-28 00:00:00+00:00
[2024-10-28T18:06:24.275+0000] {processor.py:208} INFO - Processing /opt/airflow/dags/simpl_etl.py took 0.072 seconds
[2024-10-28T18:06:54.968+0000] {processor.py:186} INFO - Started process (PID=480) to work on /opt/airflow/dags/simpl_etl.py
[2024-10-28T18:06:54.969+0000] {processor.py:914} INFO - Processing file /opt/airflow/dags/simpl_etl.py for tasks to queue
[2024-10-28T18:06:54.971+0000] {logging_mixin.py:190} INFO - [2024-10-28T18:06:54.970+0000] {dagbag.py:588} INFO - Filling up the DagBag from /opt/airflow/dags/simpl_etl.py
[2024-10-28T18:06:54.987+0000] {processor.py:925} INFO - DAG(s) 'dataframe_move_dag' retrieved from /opt/airflow/dags/simpl_etl.py
[2024-10-28T18:06:55.000+0000] {logging_mixin.py:190} INFO - [2024-10-28T18:06:55.000+0000] {dag.py:3239} INFO - Sync 1 DAGs
[2024-10-28T18:06:55.020+0000] {logging_mixin.py:190} INFO - [2024-10-28T18:06:55.020+0000] {dag.py:4180} INFO - Setting next_dagrun for dataframe_move_dag to 2024-10-27 00:00:00+00:00, run_after=2024-10-28 00:00:00+00:00
[2024-10-28T18:06:55.036+0000] {processor.py:208} INFO - Processing /opt/airflow/dags/simpl_etl.py took 0.072 seconds
[2024-10-28T18:07:25.638+0000] {processor.py:186} INFO - Started process (PID=546) to work on /opt/airflow/dags/simpl_etl.py
[2024-10-28T18:07:25.639+0000] {processor.py:914} INFO - Processing file /opt/airflow/dags/simpl_etl.py for tasks to queue
[2024-10-28T18:07:25.642+0000] {logging_mixin.py:190} INFO - [2024-10-28T18:07:25.641+0000] {dagbag.py:588} INFO - Filling up the DagBag from /opt/airflow/dags/simpl_etl.py
[2024-10-28T18:07:25.658+0000] {processor.py:925} INFO - DAG(s) 'dataframe_move_dag' retrieved from /opt/airflow/dags/simpl_etl.py
[2024-10-28T18:07:25.670+0000] {logging_mixin.py:190} INFO - [2024-10-28T18:07:25.670+0000] {dag.py:3239} INFO - Sync 1 DAGs
[2024-10-28T18:07:25.687+0000] {logging_mixin.py:190} INFO - [2024-10-28T18:07:25.687+0000] {dag.py:4180} INFO - Setting next_dagrun for dataframe_move_dag to 2024-10-27 00:00:00+00:00, run_after=2024-10-28 00:00:00+00:00
[2024-10-28T18:07:25.700+0000] {processor.py:208} INFO - Processing /opt/airflow/dags/simpl_etl.py took 0.065 seconds
[2024-10-28T18:07:56.258+0000] {processor.py:186} INFO - Started process (PID=612) to work on /opt/airflow/dags/simpl_etl.py
[2024-10-28T18:07:56.259+0000] {processor.py:914} INFO - Processing file /opt/airflow/dags/simpl_etl.py for tasks to queue
[2024-10-28T18:07:56.262+0000] {logging_mixin.py:190} INFO - [2024-10-28T18:07:56.261+0000] {dagbag.py:588} INFO - Filling up the DagBag from /opt/airflow/dags/simpl_etl.py
[2024-10-28T18:07:56.278+0000] {processor.py:925} INFO - DAG(s) 'dataframe_move_dag' retrieved from /opt/airflow/dags/simpl_etl.py
[2024-10-28T18:07:56.293+0000] {logging_mixin.py:190} INFO - [2024-10-28T18:07:56.293+0000] {dag.py:3239} INFO - Sync 1 DAGs
[2024-10-28T18:07:56.311+0000] {logging_mixin.py:190} INFO - [2024-10-28T18:07:56.311+0000] {dag.py:4180} INFO - Setting next_dagrun for dataframe_move_dag to 2024-10-27 00:00:00+00:00, run_after=2024-10-28 00:00:00+00:00
[2024-10-28T18:07:56.328+0000] {processor.py:208} INFO - Processing /opt/airflow/dags/simpl_etl.py took 0.074 seconds
[2024-10-28T18:08:26.521+0000] {processor.py:186} INFO - Started process (PID=677) to work on /opt/airflow/dags/simpl_etl.py
[2024-10-28T18:08:26.522+0000] {processor.py:914} INFO - Processing file /opt/airflow/dags/simpl_etl.py for tasks to queue
[2024-10-28T18:08:26.524+0000] {logging_mixin.py:190} INFO - [2024-10-28T18:08:26.524+0000] {dagbag.py:588} INFO - Filling up the DagBag from /opt/airflow/dags/simpl_etl.py
[2024-10-28T18:08:26.541+0000] {processor.py:925} INFO - DAG(s) 'dataframe_move_dag' retrieved from /opt/airflow/dags/simpl_etl.py
[2024-10-28T18:08:26.554+0000] {logging_mixin.py:190} INFO - [2024-10-28T18:08:26.554+0000] {dag.py:3239} INFO - Sync 1 DAGs
[2024-10-28T18:08:26.573+0000] {logging_mixin.py:190} INFO - [2024-10-28T18:08:26.572+0000] {dag.py:4180} INFO - Setting next_dagrun for dataframe_move_dag to 2024-10-27 00:00:00+00:00, run_after=2024-10-28 00:00:00+00:00
[2024-10-28T18:08:26.590+0000] {processor.py:208} INFO - Processing /opt/airflow/dags/simpl_etl.py took 0.074 seconds
[2024-10-28T18:08:57.585+0000] {processor.py:186} INFO - Started process (PID=743) to work on /opt/airflow/dags/simpl_etl.py
[2024-10-28T18:08:57.585+0000] {processor.py:914} INFO - Processing file /opt/airflow/dags/simpl_etl.py for tasks to queue
[2024-10-28T18:08:57.588+0000] {logging_mixin.py:190} INFO - [2024-10-28T18:08:57.587+0000] {dagbag.py:588} INFO - Filling up the DagBag from /opt/airflow/dags/simpl_etl.py
[2024-10-28T18:08:57.605+0000] {processor.py:925} INFO - DAG(s) 'dataframe_move_dag' retrieved from /opt/airflow/dags/simpl_etl.py
[2024-10-28T18:08:57.617+0000] {logging_mixin.py:190} INFO - [2024-10-28T18:08:57.617+0000] {dag.py:3239} INFO - Sync 1 DAGs
[2024-10-28T18:08:57.633+0000] {logging_mixin.py:190} INFO - [2024-10-28T18:08:57.632+0000] {dag.py:4180} INFO - Setting next_dagrun for dataframe_move_dag to 2024-10-27 00:00:00+00:00, run_after=2024-10-28 00:00:00+00:00
[2024-10-28T18:08:57.652+0000] {processor.py:208} INFO - Processing /opt/airflow/dags/simpl_etl.py took 0.071 seconds
[2024-10-28T18:09:28.211+0000] {processor.py:186} INFO - Started process (PID=809) to work on /opt/airflow/dags/simpl_etl.py
[2024-10-28T18:09:28.212+0000] {processor.py:914} INFO - Processing file /opt/airflow/dags/simpl_etl.py for tasks to queue
[2024-10-28T18:09:28.215+0000] {logging_mixin.py:190} INFO - [2024-10-28T18:09:28.214+0000] {dagbag.py:588} INFO - Filling up the DagBag from /opt/airflow/dags/simpl_etl.py
[2024-10-28T18:09:28.232+0000] {processor.py:925} INFO - DAG(s) 'dataframe_move_dag' retrieved from /opt/airflow/dags/simpl_etl.py
[2024-10-28T18:09:28.250+0000] {logging_mixin.py:190} INFO - [2024-10-28T18:09:28.249+0000] {dag.py:3239} INFO - Sync 1 DAGs
[2024-10-28T18:09:28.268+0000] {logging_mixin.py:190} INFO - [2024-10-28T18:09:28.268+0000] {dag.py:4180} INFO - Setting next_dagrun for dataframe_move_dag to 2024-10-27 00:00:00+00:00, run_after=2024-10-28 00:00:00+00:00
[2024-10-28T18:09:28.288+0000] {processor.py:208} INFO - Processing /opt/airflow/dags/simpl_etl.py took 0.081 seconds
[2024-10-28T18:09:59.287+0000] {processor.py:186} INFO - Started process (PID=875) to work on /opt/airflow/dags/simpl_etl.py
[2024-10-28T18:09:59.289+0000] {processor.py:914} INFO - Processing file /opt/airflow/dags/simpl_etl.py for tasks to queue
[2024-10-28T18:09:59.291+0000] {logging_mixin.py:190} INFO - [2024-10-28T18:09:59.291+0000] {dagbag.py:588} INFO - Filling up the DagBag from /opt/airflow/dags/simpl_etl.py
[2024-10-28T18:09:59.312+0000] {processor.py:925} INFO - DAG(s) 'dataframe_move_dag' retrieved from /opt/airflow/dags/simpl_etl.py
[2024-10-28T18:09:59.325+0000] {logging_mixin.py:190} INFO - [2024-10-28T18:09:59.325+0000] {dag.py:3239} INFO - Sync 1 DAGs
[2024-10-28T18:09:59.339+0000] {logging_mixin.py:190} INFO - [2024-10-28T18:09:59.339+0000] {dag.py:4180} INFO - Setting next_dagrun for dataframe_move_dag to 2024-10-27 00:00:00+00:00, run_after=2024-10-28 00:00:00+00:00
[2024-10-28T18:09:59.354+0000] {processor.py:208} INFO - Processing /opt/airflow/dags/simpl_etl.py took 0.072 seconds
[2024-10-28T18:10:29.610+0000] {processor.py:186} INFO - Started process (PID=941) to work on /opt/airflow/dags/simpl_etl.py
[2024-10-28T18:10:29.612+0000] {processor.py:914} INFO - Processing file /opt/airflow/dags/simpl_etl.py for tasks to queue
[2024-10-28T18:10:29.614+0000] {logging_mixin.py:190} INFO - [2024-10-28T18:10:29.614+0000] {dagbag.py:588} INFO - Filling up the DagBag from /opt/airflow/dags/simpl_etl.py
[2024-10-28T18:10:29.639+0000] {processor.py:925} INFO - DAG(s) 'dataframe_move_dag' retrieved from /opt/airflow/dags/simpl_etl.py
[2024-10-28T18:10:29.656+0000] {logging_mixin.py:190} INFO - [2024-10-28T18:10:29.656+0000] {dag.py:3239} INFO - Sync 1 DAGs
[2024-10-28T18:10:29.673+0000] {logging_mixin.py:190} INFO - [2024-10-28T18:10:29.673+0000] {dag.py:4180} INFO - Setting next_dagrun for dataframe_move_dag to 2024-10-27 00:00:00+00:00, run_after=2024-10-28 00:00:00+00:00
[2024-10-28T18:10:29.692+0000] {processor.py:208} INFO - Processing /opt/airflow/dags/simpl_etl.py took 0.088 seconds
[2024-10-28T18:10:59.762+0000] {processor.py:186} INFO - Started process (PID=1007) to work on /opt/airflow/dags/simpl_etl.py
[2024-10-28T18:10:59.764+0000] {processor.py:914} INFO - Processing file /opt/airflow/dags/simpl_etl.py for tasks to queue
[2024-10-28T18:10:59.768+0000] {logging_mixin.py:190} INFO - [2024-10-28T18:10:59.767+0000] {dagbag.py:588} INFO - Filling up the DagBag from /opt/airflow/dags/simpl_etl.py
[2024-10-28T18:10:59.794+0000] {processor.py:925} INFO - DAG(s) 'dataframe_move_dag' retrieved from /opt/airflow/dags/simpl_etl.py
[2024-10-28T18:10:59.809+0000] {logging_mixin.py:190} INFO - [2024-10-28T18:10:59.809+0000] {dag.py:3239} INFO - Sync 1 DAGs
[2024-10-28T18:10:59.826+0000] {logging_mixin.py:190} INFO - [2024-10-28T18:10:59.826+0000] {dag.py:4180} INFO - Setting next_dagrun for dataframe_move_dag to 2024-10-27 00:00:00+00:00, run_after=2024-10-28 00:00:00+00:00
[2024-10-28T18:10:59.841+0000] {processor.py:208} INFO - Processing /opt/airflow/dags/simpl_etl.py took 0.083 seconds
[2024-10-28T18:11:30.062+0000] {processor.py:186} INFO - Started process (PID=1073) to work on /opt/airflow/dags/simpl_etl.py
[2024-10-28T18:11:30.063+0000] {processor.py:914} INFO - Processing file /opt/airflow/dags/simpl_etl.py for tasks to queue
[2024-10-28T18:11:30.065+0000] {logging_mixin.py:190} INFO - [2024-10-28T18:11:30.065+0000] {dagbag.py:588} INFO - Filling up the DagBag from /opt/airflow/dags/simpl_etl.py
[2024-10-28T18:11:30.082+0000] {processor.py:925} INFO - DAG(s) 'dataframe_move_dag' retrieved from /opt/airflow/dags/simpl_etl.py
[2024-10-28T18:11:30.095+0000] {logging_mixin.py:190} INFO - [2024-10-28T18:11:30.095+0000] {dag.py:3239} INFO - Sync 1 DAGs
[2024-10-28T18:11:30.112+0000] {logging_mixin.py:190} INFO - [2024-10-28T18:11:30.112+0000] {dag.py:4180} INFO - Setting next_dagrun for dataframe_move_dag to 2024-10-27 00:00:00+00:00, run_after=2024-10-28 00:00:00+00:00
[2024-10-28T18:11:30.130+0000] {processor.py:208} INFO - Processing /opt/airflow/dags/simpl_etl.py took 0.072 seconds
[2024-10-28T18:12:00.942+0000] {processor.py:186} INFO - Started process (PID=1139) to work on /opt/airflow/dags/simpl_etl.py
[2024-10-28T18:12:00.943+0000] {processor.py:914} INFO - Processing file /opt/airflow/dags/simpl_etl.py for tasks to queue
[2024-10-28T18:12:00.945+0000] {logging_mixin.py:190} INFO - [2024-10-28T18:12:00.945+0000] {dagbag.py:588} INFO - Filling up the DagBag from /opt/airflow/dags/simpl_etl.py
[2024-10-28T18:12:00.961+0000] {processor.py:925} INFO - DAG(s) 'dataframe_move_dag' retrieved from /opt/airflow/dags/simpl_etl.py
[2024-10-28T18:12:00.975+0000] {logging_mixin.py:190} INFO - [2024-10-28T18:12:00.975+0000] {dag.py:3239} INFO - Sync 1 DAGs
[2024-10-28T18:12:00.992+0000] {logging_mixin.py:190} INFO - [2024-10-28T18:12:00.992+0000] {dag.py:4180} INFO - Setting next_dagrun for dataframe_move_dag to 2024-10-27 00:00:00+00:00, run_after=2024-10-28 00:00:00+00:00
[2024-10-28T18:12:01.005+0000] {processor.py:208} INFO - Processing /opt/airflow/dags/simpl_etl.py took 0.067 seconds
[2024-10-28T18:12:31.418+0000] {processor.py:186} INFO - Started process (PID=1206) to work on /opt/airflow/dags/simpl_etl.py
[2024-10-28T18:12:31.419+0000] {processor.py:914} INFO - Processing file /opt/airflow/dags/simpl_etl.py for tasks to queue
[2024-10-28T18:12:31.420+0000] {logging_mixin.py:190} INFO - [2024-10-28T18:12:31.420+0000] {dagbag.py:588} INFO - Filling up the DagBag from /opt/airflow/dags/simpl_etl.py
[2024-10-28T18:12:31.435+0000] {processor.py:925} INFO - DAG(s) 'dataframe_move_dag' retrieved from /opt/airflow/dags/simpl_etl.py
[2024-10-28T18:12:31.448+0000] {logging_mixin.py:190} INFO - [2024-10-28T18:12:31.448+0000] {dag.py:3239} INFO - Sync 1 DAGs
[2024-10-28T18:12:31.463+0000] {logging_mixin.py:190} INFO - [2024-10-28T18:12:31.463+0000] {dag.py:4180} INFO - Setting next_dagrun for dataframe_move_dag to 2024-10-27 00:00:00+00:00, run_after=2024-10-28 00:00:00+00:00
[2024-10-28T18:12:31.479+0000] {processor.py:208} INFO - Processing /opt/airflow/dags/simpl_etl.py took 0.065 seconds
[2024-10-28T18:13:02.298+0000] {processor.py:186} INFO - Started process (PID=1272) to work on /opt/airflow/dags/simpl_etl.py
[2024-10-28T18:13:02.299+0000] {processor.py:914} INFO - Processing file /opt/airflow/dags/simpl_etl.py for tasks to queue
[2024-10-28T18:13:02.300+0000] {logging_mixin.py:190} INFO - [2024-10-28T18:13:02.300+0000] {dagbag.py:588} INFO - Filling up the DagBag from /opt/airflow/dags/simpl_etl.py
[2024-10-28T18:13:02.316+0000] {processor.py:925} INFO - DAG(s) 'dataframe_move_dag' retrieved from /opt/airflow/dags/simpl_etl.py
[2024-10-28T18:13:02.330+0000] {logging_mixin.py:190} INFO - [2024-10-28T18:13:02.330+0000] {dag.py:3239} INFO - Sync 1 DAGs
[2024-10-28T18:13:02.348+0000] {logging_mixin.py:190} INFO - [2024-10-28T18:13:02.347+0000] {dag.py:4180} INFO - Setting next_dagrun for dataframe_move_dag to 2024-10-27 00:00:00+00:00, run_after=2024-10-28 00:00:00+00:00
[2024-10-28T18:13:02.361+0000] {processor.py:208} INFO - Processing /opt/airflow/dags/simpl_etl.py took 0.066 seconds
[2024-10-28T18:13:33.310+0000] {processor.py:186} INFO - Started process (PID=1338) to work on /opt/airflow/dags/simpl_etl.py
[2024-10-28T18:13:33.311+0000] {processor.py:914} INFO - Processing file /opt/airflow/dags/simpl_etl.py for tasks to queue
[2024-10-28T18:13:33.312+0000] {logging_mixin.py:190} INFO - [2024-10-28T18:13:33.312+0000] {dagbag.py:588} INFO - Filling up the DagBag from /opt/airflow/dags/simpl_etl.py
[2024-10-28T18:13:33.330+0000] {processor.py:925} INFO - DAG(s) 'dataframe_move_dag' retrieved from /opt/airflow/dags/simpl_etl.py
[2024-10-28T18:13:33.342+0000] {logging_mixin.py:190} INFO - [2024-10-28T18:13:33.342+0000] {dag.py:3239} INFO - Sync 1 DAGs
[2024-10-28T18:13:33.357+0000] {logging_mixin.py:190} INFO - [2024-10-28T18:13:33.357+0000] {dag.py:4180} INFO - Setting next_dagrun for dataframe_move_dag to 2024-10-27 00:00:00+00:00, run_after=2024-10-28 00:00:00+00:00
[2024-10-28T18:13:33.370+0000] {processor.py:208} INFO - Processing /opt/airflow/dags/simpl_etl.py took 0.064 seconds
[2024-10-28T18:14:04.227+0000] {processor.py:186} INFO - Started process (PID=1404) to work on /opt/airflow/dags/simpl_etl.py
[2024-10-28T18:14:04.228+0000] {processor.py:914} INFO - Processing file /opt/airflow/dags/simpl_etl.py for tasks to queue
[2024-10-28T18:14:04.229+0000] {logging_mixin.py:190} INFO - [2024-10-28T18:14:04.229+0000] {dagbag.py:588} INFO - Filling up the DagBag from /opt/airflow/dags/simpl_etl.py
[2024-10-28T18:14:04.243+0000] {processor.py:925} INFO - DAG(s) 'dataframe_move_dag' retrieved from /opt/airflow/dags/simpl_etl.py
[2024-10-28T18:14:04.257+0000] {logging_mixin.py:190} INFO - [2024-10-28T18:14:04.257+0000] {dag.py:3239} INFO - Sync 1 DAGs
[2024-10-28T18:14:04.274+0000] {logging_mixin.py:190} INFO - [2024-10-28T18:14:04.273+0000] {dag.py:4180} INFO - Setting next_dagrun for dataframe_move_dag to 2024-10-27 00:00:00+00:00, run_after=2024-10-28 00:00:00+00:00
[2024-10-28T18:14:04.297+0000] {processor.py:208} INFO - Processing /opt/airflow/dags/simpl_etl.py took 0.074 seconds
[2024-10-28T18:14:35.016+0000] {processor.py:186} INFO - Started process (PID=1470) to work on /opt/airflow/dags/simpl_etl.py
[2024-10-28T18:14:35.017+0000] {processor.py:914} INFO - Processing file /opt/airflow/dags/simpl_etl.py for tasks to queue
[2024-10-28T18:14:35.019+0000] {logging_mixin.py:190} INFO - [2024-10-28T18:14:35.019+0000] {dagbag.py:588} INFO - Filling up the DagBag from /opt/airflow/dags/simpl_etl.py
[2024-10-28T18:14:35.034+0000] {processor.py:925} INFO - DAG(s) 'dataframe_move_dag' retrieved from /opt/airflow/dags/simpl_etl.py
[2024-10-28T18:14:35.046+0000] {logging_mixin.py:190} INFO - [2024-10-28T18:14:35.046+0000] {dag.py:3239} INFO - Sync 1 DAGs
[2024-10-28T18:14:35.062+0000] {logging_mixin.py:190} INFO - [2024-10-28T18:14:35.062+0000] {dag.py:4180} INFO - Setting next_dagrun for dataframe_move_dag to 2024-10-27 00:00:00+00:00, run_after=2024-10-28 00:00:00+00:00
[2024-10-28T18:14:35.085+0000] {processor.py:208} INFO - Processing /opt/airflow/dags/simpl_etl.py took 0.073 seconds
[2024-10-28T18:15:05.701+0000] {processor.py:186} INFO - Started process (PID=1536) to work on /opt/airflow/dags/simpl_etl.py
[2024-10-28T18:15:05.702+0000] {processor.py:914} INFO - Processing file /opt/airflow/dags/simpl_etl.py for tasks to queue
[2024-10-28T18:15:05.704+0000] {logging_mixin.py:190} INFO - [2024-10-28T18:15:05.703+0000] {dagbag.py:588} INFO - Filling up the DagBag from /opt/airflow/dags/simpl_etl.py
[2024-10-28T18:15:05.721+0000] {processor.py:925} INFO - DAG(s) 'dataframe_move_dag' retrieved from /opt/airflow/dags/simpl_etl.py
[2024-10-28T18:15:05.734+0000] {logging_mixin.py:190} INFO - [2024-10-28T18:15:05.734+0000] {dag.py:3239} INFO - Sync 1 DAGs
[2024-10-28T18:15:05.752+0000] {logging_mixin.py:190} INFO - [2024-10-28T18:15:05.752+0000] {dag.py:4180} INFO - Setting next_dagrun for dataframe_move_dag to 2024-10-27 00:00:00+00:00, run_after=2024-10-28 00:00:00+00:00
[2024-10-28T18:15:05.769+0000] {processor.py:208} INFO - Processing /opt/airflow/dags/simpl_etl.py took 0.073 seconds
[2024-10-28T18:15:36.312+0000] {processor.py:186} INFO - Started process (PID=1602) to work on /opt/airflow/dags/simpl_etl.py
[2024-10-28T18:15:36.312+0000] {processor.py:914} INFO - Processing file /opt/airflow/dags/simpl_etl.py for tasks to queue
[2024-10-28T18:15:36.314+0000] {logging_mixin.py:190} INFO - [2024-10-28T18:15:36.314+0000] {dagbag.py:588} INFO - Filling up the DagBag from /opt/airflow/dags/simpl_etl.py
[2024-10-28T18:15:36.331+0000] {processor.py:925} INFO - DAG(s) 'dataframe_move_dag' retrieved from /opt/airflow/dags/simpl_etl.py
[2024-10-28T18:15:36.344+0000] {logging_mixin.py:190} INFO - [2024-10-28T18:15:36.344+0000] {dag.py:3239} INFO - Sync 1 DAGs
[2024-10-28T18:15:36.363+0000] {logging_mixin.py:190} INFO - [2024-10-28T18:15:36.363+0000] {dag.py:4180} INFO - Setting next_dagrun for dataframe_move_dag to 2024-10-27 00:00:00+00:00, run_after=2024-10-28 00:00:00+00:00
[2024-10-28T18:15:36.385+0000] {processor.py:208} INFO - Processing /opt/airflow/dags/simpl_etl.py took 0.077 seconds
[2024-10-28T18:16:07.254+0000] {processor.py:186} INFO - Started process (PID=1668) to work on /opt/airflow/dags/simpl_etl.py
[2024-10-28T18:16:07.255+0000] {processor.py:914} INFO - Processing file /opt/airflow/dags/simpl_etl.py for tasks to queue
[2024-10-28T18:16:07.257+0000] {logging_mixin.py:190} INFO - [2024-10-28T18:16:07.257+0000] {dagbag.py:588} INFO - Filling up the DagBag from /opt/airflow/dags/simpl_etl.py
[2024-10-28T18:16:07.272+0000] {processor.py:925} INFO - DAG(s) 'dataframe_move_dag' retrieved from /opt/airflow/dags/simpl_etl.py
[2024-10-28T18:16:07.285+0000] {logging_mixin.py:190} INFO - [2024-10-28T18:16:07.285+0000] {dag.py:3239} INFO - Sync 1 DAGs
[2024-10-28T18:16:07.303+0000] {logging_mixin.py:190} INFO - [2024-10-28T18:16:07.303+0000] {dag.py:4180} INFO - Setting next_dagrun for dataframe_move_dag to 2024-10-27 00:00:00+00:00, run_after=2024-10-28 00:00:00+00:00
[2024-10-28T18:16:07.318+0000] {processor.py:208} INFO - Processing /opt/airflow/dags/simpl_etl.py took 0.067 seconds
[2024-10-28T18:16:37.952+0000] {processor.py:186} INFO - Started process (PID=1734) to work on /opt/airflow/dags/simpl_etl.py
[2024-10-28T18:16:37.952+0000] {processor.py:914} INFO - Processing file /opt/airflow/dags/simpl_etl.py for tasks to queue
[2024-10-28T18:16:37.954+0000] {logging_mixin.py:190} INFO - [2024-10-28T18:16:37.954+0000] {dagbag.py:588} INFO - Filling up the DagBag from /opt/airflow/dags/simpl_etl.py
[2024-10-28T18:16:37.969+0000] {processor.py:925} INFO - DAG(s) 'dataframe_move_dag' retrieved from /opt/airflow/dags/simpl_etl.py
[2024-10-28T18:16:37.982+0000] {logging_mixin.py:190} INFO - [2024-10-28T18:16:37.982+0000] {dag.py:3239} INFO - Sync 1 DAGs
[2024-10-28T18:16:37.997+0000] {logging_mixin.py:190} INFO - [2024-10-28T18:16:37.997+0000] {dag.py:4180} INFO - Setting next_dagrun for dataframe_move_dag to 2024-10-27 00:00:00+00:00, run_after=2024-10-28 00:00:00+00:00
[2024-10-28T18:16:38.014+0000] {processor.py:208} INFO - Processing /opt/airflow/dags/simpl_etl.py took 0.066 seconds
[2024-10-28T18:17:08.630+0000] {processor.py:186} INFO - Started process (PID=1800) to work on /opt/airflow/dags/simpl_etl.py
[2024-10-28T18:17:08.631+0000] {processor.py:914} INFO - Processing file /opt/airflow/dags/simpl_etl.py for tasks to queue
[2024-10-28T18:17:08.632+0000] {logging_mixin.py:190} INFO - [2024-10-28T18:17:08.632+0000] {dagbag.py:588} INFO - Filling up the DagBag from /opt/airflow/dags/simpl_etl.py
[2024-10-28T18:17:08.648+0000] {processor.py:925} INFO - DAG(s) 'dataframe_move_dag' retrieved from /opt/airflow/dags/simpl_etl.py
[2024-10-28T18:17:08.661+0000] {logging_mixin.py:190} INFO - [2024-10-28T18:17:08.660+0000] {dag.py:3239} INFO - Sync 1 DAGs
[2024-10-28T18:17:08.677+0000] {logging_mixin.py:190} INFO - [2024-10-28T18:17:08.677+0000] {dag.py:4180} INFO - Setting next_dagrun for dataframe_move_dag to 2024-10-27 00:00:00+00:00, run_after=2024-10-28 00:00:00+00:00
[2024-10-28T18:17:08.693+0000] {processor.py:208} INFO - Processing /opt/airflow/dags/simpl_etl.py took 0.067 seconds
[2024-10-28T18:17:38.833+0000] {processor.py:186} INFO - Started process (PID=1865) to work on /opt/airflow/dags/simpl_etl.py
[2024-10-28T18:17:38.833+0000] {processor.py:914} INFO - Processing file /opt/airflow/dags/simpl_etl.py for tasks to queue
[2024-10-28T18:17:38.835+0000] {logging_mixin.py:190} INFO - [2024-10-28T18:17:38.835+0000] {dagbag.py:588} INFO - Filling up the DagBag from /opt/airflow/dags/simpl_etl.py
[2024-10-28T18:17:38.853+0000] {processor.py:925} INFO - DAG(s) 'dataframe_move_dag' retrieved from /opt/airflow/dags/simpl_etl.py
[2024-10-28T18:17:38.866+0000] {logging_mixin.py:190} INFO - [2024-10-28T18:17:38.866+0000] {dag.py:3239} INFO - Sync 1 DAGs
[2024-10-28T18:17:38.885+0000] {logging_mixin.py:190} INFO - [2024-10-28T18:17:38.885+0000] {dag.py:4180} INFO - Setting next_dagrun for dataframe_move_dag to 2024-10-27 00:00:00+00:00, run_after=2024-10-28 00:00:00+00:00
[2024-10-28T18:17:38.908+0000] {processor.py:208} INFO - Processing /opt/airflow/dags/simpl_etl.py took 0.079 seconds
[2024-10-28T18:18:08.966+0000] {processor.py:186} INFO - Started process (PID=1931) to work on /opt/airflow/dags/simpl_etl.py
[2024-10-28T18:18:08.967+0000] {processor.py:914} INFO - Processing file /opt/airflow/dags/simpl_etl.py for tasks to queue
[2024-10-28T18:18:08.971+0000] {logging_mixin.py:190} INFO - [2024-10-28T18:18:08.971+0000] {dagbag.py:588} INFO - Filling up the DagBag from /opt/airflow/dags/simpl_etl.py
[2024-10-28T18:18:08.997+0000] {processor.py:925} INFO - DAG(s) 'dataframe_move_dag' retrieved from /opt/airflow/dags/simpl_etl.py
[2024-10-28T18:18:09.021+0000] {logging_mixin.py:190} INFO - [2024-10-28T18:18:09.020+0000] {dag.py:3239} INFO - Sync 1 DAGs
[2024-10-28T18:18:09.052+0000] {logging_mixin.py:190} INFO - [2024-10-28T18:18:09.052+0000] {dag.py:4180} INFO - Setting next_dagrun for dataframe_move_dag to 2024-10-27 00:00:00+00:00, run_after=2024-10-28 00:00:00+00:00
[2024-10-28T18:18:09.079+0000] {processor.py:208} INFO - Processing /opt/airflow/dags/simpl_etl.py took 0.119 seconds
[2024-10-28T18:18:39.195+0000] {processor.py:186} INFO - Started process (PID=1997) to work on /opt/airflow/dags/simpl_etl.py
[2024-10-28T18:18:39.196+0000] {processor.py:914} INFO - Processing file /opt/airflow/dags/simpl_etl.py for tasks to queue
[2024-10-28T18:18:39.198+0000] {logging_mixin.py:190} INFO - [2024-10-28T18:18:39.198+0000] {dagbag.py:588} INFO - Filling up the DagBag from /opt/airflow/dags/simpl_etl.py
[2024-10-28T18:18:39.215+0000] {processor.py:925} INFO - DAG(s) 'dataframe_move_dag' retrieved from /opt/airflow/dags/simpl_etl.py
[2024-10-28T18:18:39.228+0000] {logging_mixin.py:190} INFO - [2024-10-28T18:18:39.228+0000] {dag.py:3239} INFO - Sync 1 DAGs
[2024-10-28T18:18:39.244+0000] {logging_mixin.py:190} INFO - [2024-10-28T18:18:39.244+0000] {dag.py:4180} INFO - Setting next_dagrun for dataframe_move_dag to 2024-10-27 00:00:00+00:00, run_after=2024-10-28 00:00:00+00:00
[2024-10-28T18:18:39.267+0000] {processor.py:208} INFO - Processing /opt/airflow/dags/simpl_etl.py took 0.076 seconds
[2024-10-28T18:19:10.087+0000] {processor.py:186} INFO - Started process (PID=2063) to work on /opt/airflow/dags/simpl_etl.py
[2024-10-28T18:19:10.088+0000] {processor.py:914} INFO - Processing file /opt/airflow/dags/simpl_etl.py for tasks to queue
[2024-10-28T18:19:10.090+0000] {logging_mixin.py:190} INFO - [2024-10-28T18:19:10.090+0000] {dagbag.py:588} INFO - Filling up the DagBag from /opt/airflow/dags/simpl_etl.py
[2024-10-28T18:19:10.107+0000] {processor.py:925} INFO - DAG(s) 'dataframe_move_dag' retrieved from /opt/airflow/dags/simpl_etl.py
[2024-10-28T18:19:10.120+0000] {logging_mixin.py:190} INFO - [2024-10-28T18:19:10.119+0000] {dag.py:3239} INFO - Sync 1 DAGs
[2024-10-28T18:19:10.138+0000] {logging_mixin.py:190} INFO - [2024-10-28T18:19:10.138+0000] {dag.py:4180} INFO - Setting next_dagrun for dataframe_move_dag to 2024-10-27 00:00:00+00:00, run_after=2024-10-28 00:00:00+00:00
[2024-10-28T18:19:10.158+0000] {processor.py:208} INFO - Processing /opt/airflow/dags/simpl_etl.py took 0.074 seconds
[2024-10-28T18:19:40.432+0000] {processor.py:186} INFO - Started process (PID=2130) to work on /opt/airflow/dags/simpl_etl.py
[2024-10-28T18:19:40.432+0000] {processor.py:914} INFO - Processing file /opt/airflow/dags/simpl_etl.py for tasks to queue
[2024-10-28T18:19:40.435+0000] {logging_mixin.py:190} INFO - [2024-10-28T18:19:40.435+0000] {dagbag.py:588} INFO - Filling up the DagBag from /opt/airflow/dags/simpl_etl.py
[2024-10-28T18:19:40.457+0000] {processor.py:925} INFO - DAG(s) 'dataframe_move_dag' retrieved from /opt/airflow/dags/simpl_etl.py
[2024-10-28T18:19:40.476+0000] {logging_mixin.py:190} INFO - [2024-10-28T18:19:40.476+0000] {dag.py:3239} INFO - Sync 1 DAGs
[2024-10-28T18:19:40.494+0000] {logging_mixin.py:190} INFO - [2024-10-28T18:19:40.494+0000] {dag.py:4180} INFO - Setting next_dagrun for dataframe_move_dag to 2024-10-27 00:00:00+00:00, run_after=2024-10-28 00:00:00+00:00
[2024-10-28T18:19:40.510+0000] {processor.py:208} INFO - Processing /opt/airflow/dags/simpl_etl.py took 0.082 seconds
[2024-10-28T18:20:11.078+0000] {processor.py:186} INFO - Started process (PID=2196) to work on /opt/airflow/dags/simpl_etl.py
[2024-10-28T18:20:11.079+0000] {processor.py:914} INFO - Processing file /opt/airflow/dags/simpl_etl.py for tasks to queue
[2024-10-28T18:20:11.081+0000] {logging_mixin.py:190} INFO - [2024-10-28T18:20:11.081+0000] {dagbag.py:588} INFO - Filling up the DagBag from /opt/airflow/dags/simpl_etl.py
[2024-10-28T18:20:11.101+0000] {processor.py:925} INFO - DAG(s) 'dataframe_move_dag' retrieved from /opt/airflow/dags/simpl_etl.py
[2024-10-28T18:20:11.121+0000] {logging_mixin.py:190} INFO - [2024-10-28T18:20:11.120+0000] {dag.py:3239} INFO - Sync 1 DAGs
[2024-10-28T18:20:11.147+0000] {logging_mixin.py:190} INFO - [2024-10-28T18:20:11.146+0000] {dag.py:4180} INFO - Setting next_dagrun for dataframe_move_dag to 2024-10-27 00:00:00+00:00, run_after=2024-10-28 00:00:00+00:00
[2024-10-28T18:20:11.169+0000] {processor.py:208} INFO - Processing /opt/airflow/dags/simpl_etl.py took 0.096 seconds
[2024-10-28T18:20:41.624+0000] {processor.py:186} INFO - Started process (PID=2262) to work on /opt/airflow/dags/simpl_etl.py
[2024-10-28T18:20:41.625+0000] {processor.py:914} INFO - Processing file /opt/airflow/dags/simpl_etl.py for tasks to queue
[2024-10-28T18:20:41.627+0000] {logging_mixin.py:190} INFO - [2024-10-28T18:20:41.627+0000] {dagbag.py:588} INFO - Filling up the DagBag from /opt/airflow/dags/simpl_etl.py
[2024-10-28T18:20:41.645+0000] {processor.py:925} INFO - DAG(s) 'dataframe_move_dag' retrieved from /opt/airflow/dags/simpl_etl.py
[2024-10-28T18:20:41.659+0000] {logging_mixin.py:190} INFO - [2024-10-28T18:20:41.659+0000] {dag.py:3239} INFO - Sync 1 DAGs
[2024-10-28T18:20:41.678+0000] {logging_mixin.py:190} INFO - [2024-10-28T18:20:41.677+0000] {dag.py:4180} INFO - Setting next_dagrun for dataframe_move_dag to 2024-10-27 00:00:00+00:00, run_after=2024-10-28 00:00:00+00:00
[2024-10-28T18:20:41.698+0000] {processor.py:208} INFO - Processing /opt/airflow/dags/simpl_etl.py took 0.078 seconds
[2024-10-28T18:21:11.881+0000] {processor.py:186} INFO - Started process (PID=2328) to work on /opt/airflow/dags/simpl_etl.py
[2024-10-28T18:21:11.882+0000] {processor.py:914} INFO - Processing file /opt/airflow/dags/simpl_etl.py for tasks to queue
[2024-10-28T18:21:11.884+0000] {logging_mixin.py:190} INFO - [2024-10-28T18:21:11.884+0000] {dagbag.py:588} INFO - Filling up the DagBag from /opt/airflow/dags/simpl_etl.py
[2024-10-28T18:21:11.901+0000] {processor.py:925} INFO - DAG(s) 'dataframe_move_dag' retrieved from /opt/airflow/dags/simpl_etl.py
[2024-10-28T18:21:11.917+0000] {logging_mixin.py:190} INFO - [2024-10-28T18:21:11.917+0000] {dag.py:3239} INFO - Sync 1 DAGs
[2024-10-28T18:21:11.934+0000] {logging_mixin.py:190} INFO - [2024-10-28T18:21:11.934+0000] {dag.py:4180} INFO - Setting next_dagrun for dataframe_move_dag to 2024-10-27 00:00:00+00:00, run_after=2024-10-28 00:00:00+00:00
[2024-10-28T18:21:11.951+0000] {processor.py:208} INFO - Processing /opt/airflow/dags/simpl_etl.py took 0.074 seconds
[2024-10-28T18:21:42.186+0000] {processor.py:186} INFO - Started process (PID=2394) to work on /opt/airflow/dags/simpl_etl.py
[2024-10-28T18:21:42.187+0000] {processor.py:914} INFO - Processing file /opt/airflow/dags/simpl_etl.py for tasks to queue
[2024-10-28T18:21:42.189+0000] {logging_mixin.py:190} INFO - [2024-10-28T18:21:42.188+0000] {dagbag.py:588} INFO - Filling up the DagBag from /opt/airflow/dags/simpl_etl.py
[2024-10-28T18:21:42.206+0000] {processor.py:925} INFO - DAG(s) 'dataframe_move_dag' retrieved from /opt/airflow/dags/simpl_etl.py
[2024-10-28T18:21:42.221+0000] {logging_mixin.py:190} INFO - [2024-10-28T18:21:42.221+0000] {dag.py:3239} INFO - Sync 1 DAGs
[2024-10-28T18:21:42.238+0000] {logging_mixin.py:190} INFO - [2024-10-28T18:21:42.238+0000] {dag.py:4180} INFO - Setting next_dagrun for dataframe_move_dag to 2024-10-27 00:00:00+00:00, run_after=2024-10-28 00:00:00+00:00
[2024-10-28T18:21:42.256+0000] {processor.py:208} INFO - Processing /opt/airflow/dags/simpl_etl.py took 0.076 seconds
[2024-10-28T18:22:13.251+0000] {processor.py:186} INFO - Started process (PID=2460) to work on /opt/airflow/dags/simpl_etl.py
[2024-10-28T18:22:13.252+0000] {processor.py:914} INFO - Processing file /opt/airflow/dags/simpl_etl.py for tasks to queue
[2024-10-28T18:22:13.254+0000] {logging_mixin.py:190} INFO - [2024-10-28T18:22:13.254+0000] {dagbag.py:588} INFO - Filling up the DagBag from /opt/airflow/dags/simpl_etl.py
[2024-10-28T18:22:13.274+0000] {processor.py:925} INFO - DAG(s) 'dataframe_move_dag' retrieved from /opt/airflow/dags/simpl_etl.py
[2024-10-28T18:22:13.287+0000] {logging_mixin.py:190} INFO - [2024-10-28T18:22:13.287+0000] {dag.py:3239} INFO - Sync 1 DAGs
[2024-10-28T18:22:13.305+0000] {logging_mixin.py:190} INFO - [2024-10-28T18:22:13.304+0000] {dag.py:4180} INFO - Setting next_dagrun for dataframe_move_dag to 2024-10-27 00:00:00+00:00, run_after=2024-10-28 00:00:00+00:00
[2024-10-28T18:22:13.321+0000] {processor.py:208} INFO - Processing /opt/airflow/dags/simpl_etl.py took 0.073 seconds
[2024-10-28T18:22:43.480+0000] {processor.py:186} INFO - Started process (PID=2526) to work on /opt/airflow/dags/simpl_etl.py
[2024-10-28T18:22:43.481+0000] {processor.py:914} INFO - Processing file /opt/airflow/dags/simpl_etl.py for tasks to queue
[2024-10-28T18:22:43.483+0000] {logging_mixin.py:190} INFO - [2024-10-28T18:22:43.482+0000] {dagbag.py:588} INFO - Filling up the DagBag from /opt/airflow/dags/simpl_etl.py
[2024-10-28T18:22:43.500+0000] {processor.py:925} INFO - DAG(s) 'dataframe_move_dag' retrieved from /opt/airflow/dags/simpl_etl.py
[2024-10-28T18:22:43.515+0000] {logging_mixin.py:190} INFO - [2024-10-28T18:22:43.515+0000] {dag.py:3239} INFO - Sync 1 DAGs
[2024-10-28T18:22:43.533+0000] {logging_mixin.py:190} INFO - [2024-10-28T18:22:43.533+0000] {dag.py:4180} INFO - Setting next_dagrun for dataframe_move_dag to 2024-10-27 00:00:00+00:00, run_after=2024-10-28 00:00:00+00:00
[2024-10-28T18:22:43.550+0000] {processor.py:208} INFO - Processing /opt/airflow/dags/simpl_etl.py took 0.074 seconds
[2024-10-28T18:23:13.721+0000] {processor.py:186} INFO - Started process (PID=2592) to work on /opt/airflow/dags/simpl_etl.py
[2024-10-28T18:23:13.722+0000] {processor.py:914} INFO - Processing file /opt/airflow/dags/simpl_etl.py for tasks to queue
[2024-10-28T18:23:13.724+0000] {logging_mixin.py:190} INFO - [2024-10-28T18:23:13.724+0000] {dagbag.py:588} INFO - Filling up the DagBag from /opt/airflow/dags/simpl_etl.py
[2024-10-28T18:23:13.741+0000] {processor.py:925} INFO - DAG(s) 'dataframe_move_dag' retrieved from /opt/airflow/dags/simpl_etl.py
[2024-10-28T18:23:13.756+0000] {logging_mixin.py:190} INFO - [2024-10-28T18:23:13.756+0000] {dag.py:3239} INFO - Sync 1 DAGs
[2024-10-28T18:23:13.773+0000] {logging_mixin.py:190} INFO - [2024-10-28T18:23:13.773+0000] {dag.py:4180} INFO - Setting next_dagrun for dataframe_move_dag to 2024-10-27 00:00:00+00:00, run_after=2024-10-28 00:00:00+00:00
[2024-10-28T18:23:13.791+0000] {processor.py:208} INFO - Processing /opt/airflow/dags/simpl_etl.py took 0.074 seconds
[2024-10-28T18:23:44.013+0000] {processor.py:186} INFO - Started process (PID=2658) to work on /opt/airflow/dags/simpl_etl.py
[2024-10-28T18:23:44.014+0000] {processor.py:914} INFO - Processing file /opt/airflow/dags/simpl_etl.py for tasks to queue
[2024-10-28T18:23:44.016+0000] {logging_mixin.py:190} INFO - [2024-10-28T18:23:44.015+0000] {dagbag.py:588} INFO - Filling up the DagBag from /opt/airflow/dags/simpl_etl.py
[2024-10-28T18:23:44.033+0000] {processor.py:925} INFO - DAG(s) 'dataframe_move_dag' retrieved from /opt/airflow/dags/simpl_etl.py
[2024-10-28T18:23:44.046+0000] {logging_mixin.py:190} INFO - [2024-10-28T18:23:44.045+0000] {dag.py:3239} INFO - Sync 1 DAGs
[2024-10-28T18:23:44.062+0000] {logging_mixin.py:190} INFO - [2024-10-28T18:23:44.062+0000] {dag.py:4180} INFO - Setting next_dagrun for dataframe_move_dag to 2024-10-27 00:00:00+00:00, run_after=2024-10-28 00:00:00+00:00
[2024-10-28T18:23:44.077+0000] {processor.py:208} INFO - Processing /opt/airflow/dags/simpl_etl.py took 0.069 seconds
[2024-10-28T18:24:14.386+0000] {processor.py:186} INFO - Started process (PID=2724) to work on /opt/airflow/dags/simpl_etl.py
[2024-10-28T18:24:14.387+0000] {processor.py:914} INFO - Processing file /opt/airflow/dags/simpl_etl.py for tasks to queue
[2024-10-28T18:24:14.390+0000] {logging_mixin.py:190} INFO - [2024-10-28T18:24:14.389+0000] {dagbag.py:588} INFO - Filling up the DagBag from /opt/airflow/dags/simpl_etl.py
[2024-10-28T18:24:14.408+0000] {processor.py:925} INFO - DAG(s) 'dataframe_move_dag' retrieved from /opt/airflow/dags/simpl_etl.py
[2024-10-28T18:24:14.421+0000] {logging_mixin.py:190} INFO - [2024-10-28T18:24:14.421+0000] {dag.py:3239} INFO - Sync 1 DAGs
[2024-10-28T18:24:14.440+0000] {logging_mixin.py:190} INFO - [2024-10-28T18:24:14.440+0000] {dag.py:4180} INFO - Setting next_dagrun for dataframe_move_dag to 2024-10-27 00:00:00+00:00, run_after=2024-10-28 00:00:00+00:00
[2024-10-28T18:24:14.464+0000] {processor.py:208} INFO - Processing /opt/airflow/dags/simpl_etl.py took 0.082 seconds
[2024-10-28T18:24:45.262+0000] {processor.py:186} INFO - Started process (PID=2790) to work on /opt/airflow/dags/simpl_etl.py
[2024-10-28T18:24:45.263+0000] {processor.py:914} INFO - Processing file /opt/airflow/dags/simpl_etl.py for tasks to queue
[2024-10-28T18:24:45.265+0000] {logging_mixin.py:190} INFO - [2024-10-28T18:24:45.265+0000] {dagbag.py:588} INFO - Filling up the DagBag from /opt/airflow/dags/simpl_etl.py
[2024-10-28T18:24:45.281+0000] {processor.py:925} INFO - DAG(s) 'dataframe_move_dag' retrieved from /opt/airflow/dags/simpl_etl.py
[2024-10-28T18:24:45.299+0000] {logging_mixin.py:190} INFO - [2024-10-28T18:24:45.299+0000] {dag.py:3239} INFO - Sync 1 DAGs
[2024-10-28T18:24:45.316+0000] {logging_mixin.py:190} INFO - [2024-10-28T18:24:45.315+0000] {dag.py:4180} INFO - Setting next_dagrun for dataframe_move_dag to 2024-10-27 00:00:00+00:00, run_after=2024-10-28 00:00:00+00:00
[2024-10-28T18:24:45.336+0000] {processor.py:208} INFO - Processing /opt/airflow/dags/simpl_etl.py took 0.076 seconds
