[2024-10-23T17:28:35.231+0000] {local_task_job_runner.py:123} INFO - ::group::Pre task execution logs
[2024-10-23T17:28:35.242+0000] {taskinstance.py:2612} INFO - Dependencies all met for dep_context=non-requeueable deps ti=<TaskInstance: simple_etl_dag.transform_task manual__2024-10-23T17:28:32.182866+00:00 [queued]>
[2024-10-23T17:28:35.248+0000] {taskinstance.py:2612} INFO - Dependencies all met for dep_context=requeueable deps ti=<TaskInstance: simple_etl_dag.transform_task manual__2024-10-23T17:28:32.182866+00:00 [queued]>
[2024-10-23T17:28:35.249+0000] {taskinstance.py:2865} INFO - Starting attempt 1 of 1
[2024-10-23T17:28:35.259+0000] {taskinstance.py:2888} INFO - Executing <Task(PythonOperator): transform_task> on 2024-10-23 17:28:32.182866+00:00
[2024-10-23T17:28:35.264+0000] {warnings.py:112} WARNING - /home/***/.local/lib/python3.12/site-packages/***/task/task_runner/standard_task_runner.py:70: DeprecationWarning: This process (pid=215) is multi-threaded, use of fork() may lead to deadlocks in the child.
  pid = os.fork()

[2024-10-23T17:28:35.265+0000] {standard_task_runner.py:72} INFO - Started process 219 to run task
[2024-10-23T17:28:35.266+0000] {standard_task_runner.py:104} INFO - Running: ['***', 'tasks', 'run', 'simple_etl_dag', 'transform_task', 'manual__2024-10-23T17:28:32.182866+00:00', '--job-id', '80', '--raw', '--subdir', 'DAGS_FOLDER/etl.py', '--cfg-path', '/tmp/tmpm6wzahjh']
[2024-10-23T17:28:35.266+0000] {standard_task_runner.py:105} INFO - Job 80: Subtask transform_task
[2024-10-23T17:28:35.298+0000] {task_command.py:467} INFO - Running <TaskInstance: simple_etl_dag.transform_task manual__2024-10-23T17:28:32.182866+00:00 [running]> on host a6116a313841
[2024-10-23T17:28:35.408+0000] {taskinstance.py:3131} INFO - Exporting env vars: AIRFLOW_CTX_DAG_OWNER='***' AIRFLOW_CTX_DAG_ID='simple_etl_dag' AIRFLOW_CTX_TASK_ID='transform_task' AIRFLOW_CTX_EXECUTION_DATE='2024-10-23T17:28:32.182866+00:00' AIRFLOW_CTX_TRY_NUMBER='1' AIRFLOW_CTX_DAG_RUN_ID='manual__2024-10-23T17:28:32.182866+00:00'
[2024-10-23T17:28:35.410+0000] {logging_mixin.py:190} INFO - Task instance is in running state
[2024-10-23T17:28:35.411+0000] {logging_mixin.py:190} INFO -  Previous state of the Task instance: queued
[2024-10-23T17:28:35.411+0000] {logging_mixin.py:190} INFO - Current task name:transform_task state:running start_date:2024-10-23 17:28:35.243052+00:00
[2024-10-23T17:28:35.412+0000] {logging_mixin.py:190} INFO - Dag name:simple_etl_dag and current dag run status:running
[2024-10-23T17:28:35.412+0000] {taskinstance.py:731} INFO - ::endgroup::
[2024-10-23T17:28:35.415+0000] {python.py:240} INFO - Done. Returned value was:    id important_column           description  value
0   1           Data A  Sample description 1  100.0
2   3           Data C  Sample description 3    NaN
3   4           Data D  Sample description 4  150.0
5   6           Data F  Sample description 6  400.0
6   7           Data G  Sample description 7    NaN
[2024-10-23T17:28:35.444+0000] {taskinstance.py:340} INFO - ::group::Post task execution logs
[2024-10-23T17:28:35.445+0000] {taskinstance.py:352} INFO - Marking task as SUCCESS. dag_id=simple_etl_dag, task_id=transform_task, run_id=manual__2024-10-23T17:28:32.182866+00:00, execution_date=20241023T172832, start_date=20241023T172835, end_date=20241023T172835
[2024-10-23T17:28:35.454+0000] {logging_mixin.py:190} INFO - Task instance in success state
[2024-10-23T17:28:35.454+0000] {logging_mixin.py:190} INFO -  Previous state of the Task instance: running
[2024-10-23T17:28:35.455+0000] {logging_mixin.py:190} INFO - Dag name:simple_etl_dag queued_at:2024-10-23 17:28:32.194066+00:00
[2024-10-23T17:28:35.455+0000] {logging_mixin.py:190} INFO - Task hostname:a6116a313841 operator:PythonOperator
[2024-10-23T17:28:35.481+0000] {local_task_job_runner.py:266} INFO - Task exited with return code 0
[2024-10-23T17:28:35.495+0000] {taskinstance.py:3900} INFO - 1 downstream tasks scheduled from follow-on schedule check
[2024-10-23T17:28:35.498+0000] {local_task_job_runner.py:245} INFO - ::endgroup::
