[2024-10-23T02:30:42.988+0000] {local_task_job_runner.py:123} INFO - ::group::Pre task execution logs
[2024-10-23T02:30:43.053+0000] {taskinstance.py:2612} INFO - Dependencies all met for dep_context=non-requeueable deps ti=<TaskInstance: direct_load_etl.extract scheduled__2024-10-22T00:00:00+00:00 [queued]>
[2024-10-23T02:30:43.102+0000] {taskinstance.py:2612} INFO - Dependencies all met for dep_context=requeueable deps ti=<TaskInstance: direct_load_etl.extract scheduled__2024-10-22T00:00:00+00:00 [queued]>
[2024-10-23T02:30:43.105+0000] {taskinstance.py:2865} INFO - Starting attempt 1 of 2
[2024-10-23T02:30:43.160+0000] {taskinstance.py:2888} INFO - Executing <Task(PythonOperator): extract> on 2024-10-22 00:00:00+00:00
[2024-10-23T02:30:43.192+0000] {warnings.py:112} WARNING - /home/***/.local/lib/python3.12/site-packages/***/task/task_runner/standard_task_runner.py:70: DeprecationWarning: This process (pid=89) is multi-threaded, use of fork() may lead to deadlocks in the child.
  pid = os.fork()

[2024-10-23T02:30:43.200+0000] {standard_task_runner.py:72} INFO - Started process 114 to run task
[2024-10-23T02:30:43.197+0000] {standard_task_runner.py:104} INFO - Running: ['***', 'tasks', 'run', 'direct_load_etl', 'extract', 'scheduled__2024-10-22T00:00:00+00:00', '--job-id', '38', '--raw', '--subdir', 'DAGS_FOLDER/direct_load_etl.py', '--cfg-path', '/tmp/tmp92db8o8k']
[2024-10-23T02:30:43.204+0000] {standard_task_runner.py:105} INFO - Job 38: Subtask extract
[2024-10-23T02:30:43.341+0000] {task_command.py:467} INFO - Running <TaskInstance: direct_load_etl.extract scheduled__2024-10-22T00:00:00+00:00 [running]> on host 65fa52b3600c
[2024-10-23T02:30:43.499+0000] {taskinstance.py:3131} INFO - Exporting env vars: AIRFLOW_CTX_DAG_OWNER='***' AIRFLOW_CTX_DAG_ID='direct_load_etl' AIRFLOW_CTX_TASK_ID='extract' AIRFLOW_CTX_EXECUTION_DATE='2024-10-22T00:00:00+00:00' AIRFLOW_CTX_TRY_NUMBER='1' AIRFLOW_CTX_DAG_RUN_ID='scheduled__2024-10-22T00:00:00+00:00'
[2024-10-23T02:30:43.502+0000] {logging_mixin.py:190} INFO - Task instance is in running state
[2024-10-23T02:30:43.503+0000] {logging_mixin.py:190} INFO -  Previous state of the Task instance: queued
[2024-10-23T02:30:43.504+0000] {logging_mixin.py:190} INFO - Current task name:extract state:running start_date:2024-10-23 02:30:43.061345+00:00
[2024-10-23T02:30:43.505+0000] {logging_mixin.py:190} INFO - Dag name:direct_load_etl and current dag run status:running
[2024-10-23T02:30:43.506+0000] {taskinstance.py:731} INFO - ::endgroup::
[2024-10-23T02:30:43.507+0000] {python.py:240} INFO - Done. Returned value was: [{"name": "John Doe", "age": 30}, {"name": "Jane Smith", "age": 25}, {"name": "Emily Davis", "age": 35}]
[2024-10-23T02:30:43.553+0000] {taskinstance.py:340} INFO - ::group::Post task execution logs
[2024-10-23T02:30:43.554+0000] {taskinstance.py:352} INFO - Marking task as SUCCESS. dag_id=direct_load_etl, task_id=extract, run_id=scheduled__2024-10-22T00:00:00+00:00, execution_date=20241022T000000, start_date=20241023T023043, end_date=20241023T023043
[2024-10-23T02:30:43.575+0000] {logging_mixin.py:190} INFO - Task instance in success state
[2024-10-23T02:30:43.576+0000] {logging_mixin.py:190} INFO -  Previous state of the Task instance: running
[2024-10-23T02:30:43.578+0000] {logging_mixin.py:190} INFO - Dag name:direct_load_etl queued_at:2024-10-23 02:30:36.759528+00:00
[2024-10-23T02:30:43.578+0000] {logging_mixin.py:190} INFO - Task hostname:65fa52b3600c operator:PythonOperator
[2024-10-23T02:30:43.626+0000] {local_task_job_runner.py:266} INFO - Task exited with return code 0
[2024-10-23T02:30:43.675+0000] {taskinstance.py:3900} INFO - 1 downstream tasks scheduled from follow-on schedule check
[2024-10-23T02:30:43.679+0000] {local_task_job_runner.py:245} INFO - ::endgroup::
