[2024-10-28T18:03:57.382+0000] {local_task_job_runner.py:123} INFO - ::group::Pre task execution logs
[2024-10-28T18:03:57.423+0000] {taskinstance.py:2612} INFO - Dependencies all met for dep_context=non-requeueable deps ti=<TaskInstance: file_move_dag.move_files_task scheduled__2024-10-24T00:00:00+00:00 [queued]>
[2024-10-28T18:03:57.443+0000] {taskinstance.py:2612} INFO - Dependencies all met for dep_context=requeueable deps ti=<TaskInstance: file_move_dag.move_files_task scheduled__2024-10-24T00:00:00+00:00 [queued]>
[2024-10-28T18:03:57.445+0000] {taskinstance.py:2865} INFO - Starting attempt 1 of 1
[2024-10-28T18:03:57.478+0000] {taskinstance.py:2888} INFO - Executing <Task(PythonOperator): move_files_task> on 2024-10-24 00:00:00+00:00
[2024-10-28T18:03:57.490+0000] {warnings.py:112} WARNING - /home/***/.local/lib/python3.12/site-packages/***/task/task_runner/standard_task_runner.py:70: DeprecationWarning: This process (pid=74) is multi-threaded, use of fork() may lead to deadlocks in the child.
  pid = os.fork()

[2024-10-28T18:03:57.493+0000] {standard_task_runner.py:72} INFO - Started process 87 to run task
[2024-10-28T18:03:57.500+0000] {standard_task_runner.py:104} INFO - Running: ['***', 'tasks', 'run', 'file_move_dag', 'move_files_task', 'scheduled__2024-10-24T00:00:00+00:00', '--job-id', '99', '--raw', '--subdir', 'DAGS_FOLDER/dp.py', '--cfg-path', '/tmp/tmp2bkzxyuv']
[2024-10-28T18:03:57.502+0000] {standard_task_runner.py:105} INFO - Job 99: Subtask move_files_task
[2024-10-28T18:03:57.616+0000] {task_command.py:467} INFO - Running <TaskInstance: file_move_dag.move_files_task scheduled__2024-10-24T00:00:00+00:00 [running]> on host c315ecb1fc54
[2024-10-28T18:03:57.791+0000] {taskinstance.py:3131} INFO - Exporting env vars: AIRFLOW_CTX_DAG_OWNER='***' AIRFLOW_CTX_DAG_ID='file_move_dag' AIRFLOW_CTX_TASK_ID='move_files_task' AIRFLOW_CTX_EXECUTION_DATE='2024-10-24T00:00:00+00:00' AIRFLOW_CTX_TRY_NUMBER='1' AIRFLOW_CTX_DAG_RUN_ID='scheduled__2024-10-24T00:00:00+00:00'
[2024-10-28T18:03:57.793+0000] {logging_mixin.py:190} INFO - Task instance is in running state
[2024-10-28T18:03:57.794+0000] {logging_mixin.py:190} INFO -  Previous state of the Task instance: queued
[2024-10-28T18:03:57.795+0000] {logging_mixin.py:190} INFO - Current task name:move_files_task state:running start_date:2024-10-28 18:03:57.425297+00:00
[2024-10-28T18:03:57.796+0000] {logging_mixin.py:190} INFO - Dag name:file_move_dag and current dag run status:running
[2024-10-28T18:03:57.797+0000] {taskinstance.py:731} INFO - ::endgroup::
[2024-10-28T18:03:57.800+0000] {dp.py:16} INFO - Current working directory: /opt/***
[2024-10-28T18:03:57.802+0000] {dp.py:17} INFO - Contents of /opt/***: ['dags', 'logs', 'dest', '***.cfg', 'config', 'plugins', 'webserver_config.py', 'source']
[2024-10-28T18:03:57.813+0000] {python.py:240} INFO - Done. Returned value was: None
[2024-10-28T18:03:57.834+0000] {taskinstance.py:340} INFO - ::group::Post task execution logs
[2024-10-28T18:03:57.837+0000] {taskinstance.py:352} INFO - Marking task as SUCCESS. dag_id=file_move_dag, task_id=move_files_task, run_id=scheduled__2024-10-24T00:00:00+00:00, execution_date=20241024T000000, start_date=20241028T180357, end_date=20241028T180357
[2024-10-28T18:03:57.862+0000] {logging_mixin.py:190} INFO - Task instance in success state
[2024-10-28T18:03:57.864+0000] {logging_mixin.py:190} INFO -  Previous state of the Task instance: running
[2024-10-28T18:03:57.865+0000] {logging_mixin.py:190} INFO - Dag name:file_move_dag queued_at:2024-10-28 18:03:50.046902+00:00
[2024-10-28T18:03:57.865+0000] {logging_mixin.py:190} INFO - Task hostname:c315ecb1fc54 operator:PythonOperator
[2024-10-28T18:03:57.886+0000] {local_task_job_runner.py:266} INFO - Task exited with return code 0
[2024-10-28T18:03:57.930+0000] {taskinstance.py:3900} INFO - 0 downstream tasks scheduled from follow-on schedule check
[2024-10-28T18:03:57.933+0000] {local_task_job_runner.py:245} INFO - ::endgroup::
