[2024-10-23T02:38:00.809+0000] {local_task_job_runner.py:123} INFO - ::group::Pre task execution logs
[2024-10-23T02:38:00.841+0000] {taskinstance.py:2612} INFO - Dependencies all met for dep_context=non-requeueable deps ti=<TaskInstance: dataframe_move_dag.move_data_task manual__2024-10-23T02:37:58.966614+00:00 [queued]>
[2024-10-23T02:38:00.901+0000] {taskinstance.py:2612} INFO - Dependencies all met for dep_context=requeueable deps ti=<TaskInstance: dataframe_move_dag.move_data_task manual__2024-10-23T02:37:58.966614+00:00 [queued]>
[2024-10-23T02:38:00.910+0000] {taskinstance.py:2865} INFO - Starting attempt 1 of 1
[2024-10-23T02:38:00.934+0000] {taskinstance.py:2888} INFO - Executing <Task(PythonOperator): move_data_task> on 2024-10-23 02:37:58.966614+00:00
[2024-10-23T02:38:00.950+0000] {standard_task_runner.py:104} INFO - Running: ['***', 'tasks', 'run', 'dataframe_move_dag', 'move_data_task', 'manual__2024-10-23T02:37:58.966614+00:00', '--job-id', '51', '--raw', '--subdir', 'DAGS_FOLDER/simpl_etl.py', '--cfg-path', '/tmp/tmpiyp_1l_0']
[2024-10-23T02:38:00.952+0000] {standard_task_runner.py:105} INFO - Job 51: Subtask move_data_task
[2024-10-23T02:38:00.948+0000] {warnings.py:112} WARNING - /home/***/.local/lib/python3.12/site-packages/***/task/task_runner/standard_task_runner.py:70: DeprecationWarning: This process (pid=261) is multi-threaded, use of fork() may lead to deadlocks in the child.
  pid = os.fork()

[2024-10-23T02:38:00.955+0000] {standard_task_runner.py:72} INFO - Started process 264 to run task
[2024-10-23T02:38:01.045+0000] {task_command.py:467} INFO - Running <TaskInstance: dataframe_move_dag.move_data_task manual__2024-10-23T02:37:58.966614+00:00 [running]> on host 65fa52b3600c
[2024-10-23T02:38:01.151+0000] {taskinstance.py:3131} INFO - Exporting env vars: AIRFLOW_CTX_DAG_OWNER='***' AIRFLOW_CTX_DAG_ID='dataframe_move_dag' AIRFLOW_CTX_TASK_ID='move_data_task' AIRFLOW_CTX_EXECUTION_DATE='2024-10-23T02:37:58.966614+00:00' AIRFLOW_CTX_TRY_NUMBER='1' AIRFLOW_CTX_DAG_RUN_ID='manual__2024-10-23T02:37:58.966614+00:00'
[2024-10-23T02:38:01.153+0000] {logging_mixin.py:190} INFO - Task instance is in running state
[2024-10-23T02:38:01.154+0000] {logging_mixin.py:190} INFO -  Previous state of the Task instance: queued
[2024-10-23T02:38:01.155+0000] {logging_mixin.py:190} INFO - Current task name:move_data_task state:running start_date:2024-10-23 02:38:00.888206+00:00
[2024-10-23T02:38:01.155+0000] {logging_mixin.py:190} INFO - Dag name:dataframe_move_dag and current dag run status:running
[2024-10-23T02:38:01.156+0000] {taskinstance.py:731} INFO - ::endgroup::
[2024-10-23T02:38:01.159+0000] {logging_mixin.py:190} INFO - Source DataFrame:
[2024-10-23T02:38:01.173+0000] {logging_mixin.py:190} INFO -       Name  Age         City
0    Alice   25     New York
1      Bob   30  Los Angeles
2  Charlie   35      Chicago
[2024-10-23T02:38:01.174+0000] {logging_mixin.py:190} INFO - Destination DataFrame:
[2024-10-23T02:38:01.178+0000] {logging_mixin.py:190} INFO -       Name  Age         City
0    Alice   25     New York
1      Bob   30  Los Angeles
2  Charlie   35      Chicago
[2024-10-23T02:38:01.179+0000] {python.py:240} INFO - Done. Returned value was: None
[2024-10-23T02:38:01.191+0000] {taskinstance.py:340} INFO - ::group::Post task execution logs
[2024-10-23T02:38:01.192+0000] {taskinstance.py:352} INFO - Marking task as SUCCESS. dag_id=dataframe_move_dag, task_id=move_data_task, run_id=manual__2024-10-23T02:37:58.966614+00:00, execution_date=20241023T023758, start_date=20241023T023800, end_date=20241023T023801
[2024-10-23T02:38:01.203+0000] {logging_mixin.py:190} INFO - Task instance in success state
[2024-10-23T02:38:01.204+0000] {logging_mixin.py:190} INFO -  Previous state of the Task instance: running
[2024-10-23T02:38:01.205+0000] {logging_mixin.py:190} INFO - Dag name:dataframe_move_dag queued_at:2024-10-23 02:37:58.996709+00:00
[2024-10-23T02:38:01.206+0000] {logging_mixin.py:190} INFO - Task hostname:65fa52b3600c operator:PythonOperator
[2024-10-23T02:38:01.251+0000] {local_task_job_runner.py:266} INFO - Task exited with return code 0
[2024-10-23T02:38:01.276+0000] {taskinstance.py:3900} INFO - 0 downstream tasks scheduled from follow-on schedule check
[2024-10-23T02:38:01.279+0000] {local_task_job_runner.py:245} INFO - ::endgroup::
