[2024-10-17T18:48:06.273+0000] {local_task_job_runner.py:123} INFO - ::group::Pre task execution logs
[2024-10-17T18:48:06.284+0000] {taskinstance.py:2612} INFO - Dependencies all met for dep_context=non-requeueable deps ti=<TaskInstance: direct_load_etl.extract manual__2024-10-17T18:48:04.032031+00:00 [queued]>
[2024-10-17T18:48:06.290+0000] {taskinstance.py:2612} INFO - Dependencies all met for dep_context=requeueable deps ti=<TaskInstance: direct_load_etl.extract manual__2024-10-17T18:48:04.032031+00:00 [queued]>
[2024-10-17T18:48:06.291+0000] {taskinstance.py:2865} INFO - Starting attempt 1 of 2
[2024-10-17T18:48:06.300+0000] {taskinstance.py:2888} INFO - Executing <Task(PythonOperator): extract> on 2024-10-17 18:48:04.032031+00:00
[2024-10-17T18:48:06.306+0000] {warnings.py:112} WARNING - /home/***/.local/lib/python3.12/site-packages/***/task/task_runner/standard_task_runner.py:70: DeprecationWarning: This process (pid=409) is multi-threaded, use of fork() may lead to deadlocks in the child.
  pid = os.fork()

[2024-10-17T18:48:06.307+0000] {standard_task_runner.py:72} INFO - Started process 411 to run task
[2024-10-17T18:48:06.308+0000] {standard_task_runner.py:104} INFO - Running: ['***', 'tasks', 'run', 'direct_load_etl', 'extract', 'manual__2024-10-17T18:48:04.032031+00:00', '--job-id', '19', '--raw', '--subdir', 'DAGS_FOLDER/direct_load_etl.py', '--cfg-path', '/tmp/tmp42_rvhot']
[2024-10-17T18:48:06.309+0000] {standard_task_runner.py:105} INFO - Job 19: Subtask extract
[2024-10-17T18:48:06.341+0000] {task_command.py:467} INFO - Running <TaskInstance: direct_load_etl.extract manual__2024-10-17T18:48:04.032031+00:00 [running]> on host 1a738d4b19e8
[2024-10-17T18:48:06.391+0000] {taskinstance.py:3131} INFO - Exporting env vars: AIRFLOW_CTX_DAG_OWNER='***' AIRFLOW_CTX_DAG_ID='direct_load_etl' AIRFLOW_CTX_TASK_ID='extract' AIRFLOW_CTX_EXECUTION_DATE='2024-10-17T18:48:04.032031+00:00' AIRFLOW_CTX_TRY_NUMBER='1' AIRFLOW_CTX_DAG_RUN_ID='manual__2024-10-17T18:48:04.032031+00:00'
[2024-10-17T18:48:06.392+0000] {logging_mixin.py:190} INFO - Task instance is in running state
[2024-10-17T18:48:06.393+0000] {logging_mixin.py:190} INFO -  Previous state of the Task instance: queued
[2024-10-17T18:48:06.393+0000] {logging_mixin.py:190} INFO - Current task name:extract state:running start_date:2024-10-17 18:48:06.285162+00:00
[2024-10-17T18:48:06.393+0000] {logging_mixin.py:190} INFO - Dag name:direct_load_etl and current dag run status:running
[2024-10-17T18:48:06.394+0000] {taskinstance.py:731} INFO - ::endgroup::
[2024-10-17T18:48:06.394+0000] {python.py:240} INFO - Done. Returned value was: [{"name": "John Doe", "age": 30}, {"name": "Jane Smith", "age": 25}, {"name": "Emily Davis", "age": 35}]
[2024-10-17T18:48:06.409+0000] {taskinstance.py:340} INFO - ::group::Post task execution logs
[2024-10-17T18:48:06.410+0000] {taskinstance.py:352} INFO - Marking task as SUCCESS. dag_id=direct_load_etl, task_id=extract, run_id=manual__2024-10-17T18:48:04.032031+00:00, execution_date=20241017T184804, start_date=20241017T184806, end_date=20241017T184806
[2024-10-17T18:48:06.417+0000] {logging_mixin.py:190} INFO - Task instance in success state
[2024-10-17T18:48:06.418+0000] {logging_mixin.py:190} INFO -  Previous state of the Task instance: running
[2024-10-17T18:48:06.418+0000] {logging_mixin.py:190} INFO - Dag name:direct_load_etl queued_at:2024-10-17 18:48:04.042316+00:00
[2024-10-17T18:48:06.419+0000] {logging_mixin.py:190} INFO - Task hostname:1a738d4b19e8 operator:PythonOperator
[2024-10-17T18:48:06.443+0000] {local_task_job_runner.py:266} INFO - Task exited with return code 0
[2024-10-17T18:48:06.467+0000] {taskinstance.py:3900} INFO - 1 downstream tasks scheduled from follow-on schedule check
[2024-10-17T18:48:06.469+0000] {local_task_job_runner.py:245} INFO - ::endgroup::
