[2024-10-23T17:19:16.356+0000] {local_task_job_runner.py:123} INFO - ::group::Pre task execution logs
[2024-10-23T17:19:16.370+0000] {taskinstance.py:2612} INFO - Dependencies all met for dep_context=non-requeueable deps ti=<TaskInstance: file_move_dag.move_files_task manual__2024-10-23T17:19:13.306030+00:00 [queued]>
[2024-10-23T17:19:16.377+0000] {taskinstance.py:2612} INFO - Dependencies all met for dep_context=requeueable deps ti=<TaskInstance: file_move_dag.move_files_task manual__2024-10-23T17:19:13.306030+00:00 [queued]>
[2024-10-23T17:19:16.378+0000] {taskinstance.py:2865} INFO - Starting attempt 1 of 1
[2024-10-23T17:19:16.390+0000] {taskinstance.py:2888} INFO - Executing <Task(PythonOperator): move_files_task> on 2024-10-23 17:19:13.306030+00:00
[2024-10-23T17:19:16.396+0000] {warnings.py:112} WARNING - /home/***/.local/lib/python3.12/site-packages/***/task/task_runner/standard_task_runner.py:70: DeprecationWarning: This process (pid=82) is multi-threaded, use of fork() may lead to deadlocks in the child.
  pid = os.fork()

[2024-10-23T17:19:16.399+0000] {standard_task_runner.py:72} INFO - Started process 84 to run task
[2024-10-23T17:19:16.398+0000] {standard_task_runner.py:104} INFO - Running: ['***', 'tasks', 'run', 'file_move_dag', 'move_files_task', 'manual__2024-10-23T17:19:13.306030+00:00', '--job-id', '75', '--raw', '--subdir', 'DAGS_FOLDER/dp.py', '--cfg-path', '/tmp/tmpri4s53c9']
[2024-10-23T17:19:16.400+0000] {standard_task_runner.py:105} INFO - Job 75: Subtask move_files_task
[2024-10-23T17:19:16.441+0000] {task_command.py:467} INFO - Running <TaskInstance: file_move_dag.move_files_task manual__2024-10-23T17:19:13.306030+00:00 [running]> on host a6116a313841
[2024-10-23T17:19:16.504+0000] {taskinstance.py:3131} INFO - Exporting env vars: AIRFLOW_CTX_DAG_OWNER='***' AIRFLOW_CTX_DAG_ID='file_move_dag' AIRFLOW_CTX_TASK_ID='move_files_task' AIRFLOW_CTX_EXECUTION_DATE='2024-10-23T17:19:13.306030+00:00' AIRFLOW_CTX_TRY_NUMBER='1' AIRFLOW_CTX_DAG_RUN_ID='manual__2024-10-23T17:19:13.306030+00:00'
[2024-10-23T17:19:16.516+0000] {logging_mixin.py:190} INFO - Task instance is in running state
[2024-10-23T17:19:16.519+0000] {logging_mixin.py:190} INFO -  Previous state of the Task instance: queued
[2024-10-23T17:19:16.527+0000] {logging_mixin.py:190} INFO - Current task name:move_files_task state:running start_date:2024-10-23 17:19:16.371554+00:00
[2024-10-23T17:19:16.528+0000] {logging_mixin.py:190} INFO - Dag name:file_move_dag and current dag run status:running
[2024-10-23T17:19:16.529+0000] {taskinstance.py:731} INFO - ::endgroup::
[2024-10-23T17:19:16.533+0000] {dp.py:16} INFO - Current working directory: /opt/***
[2024-10-23T17:19:16.534+0000] {dp.py:17} INFO - Contents of /opt/***: ['dags', 'logs', 'dest', '***.cfg', 'config', 'plugins', 'webserver_config.py', 'source']
[2024-10-23T17:19:16.573+0000] {dp.py:27} INFO - Moved: /opt/***/source/abc.txt to /opt/***/dest/abc.txt
[2024-10-23T17:19:16.574+0000] {python.py:240} INFO - Done. Returned value was: None
[2024-10-23T17:19:16.583+0000] {taskinstance.py:340} INFO - ::group::Post task execution logs
[2024-10-23T17:19:16.583+0000] {taskinstance.py:352} INFO - Marking task as SUCCESS. dag_id=file_move_dag, task_id=move_files_task, run_id=manual__2024-10-23T17:19:13.306030+00:00, execution_date=20241023T171913, start_date=20241023T171916, end_date=20241023T171916
[2024-10-23T17:19:16.595+0000] {logging_mixin.py:190} INFO - Task instance in success state
[2024-10-23T17:19:16.596+0000] {logging_mixin.py:190} INFO -  Previous state of the Task instance: running
[2024-10-23T17:19:16.596+0000] {logging_mixin.py:190} INFO - Dag name:file_move_dag queued_at:2024-10-23 17:19:13.319423+00:00
[2024-10-23T17:19:16.597+0000] {logging_mixin.py:190} INFO - Task hostname:a6116a313841 operator:PythonOperator
[2024-10-23T17:19:16.615+0000] {local_task_job_runner.py:266} INFO - Task exited with return code 0
[2024-10-23T17:19:16.628+0000] {taskinstance.py:3900} INFO - 0 downstream tasks scheduled from follow-on schedule check
[2024-10-23T17:19:16.631+0000] {local_task_job_runner.py:245} INFO - ::endgroup::
