[2024-10-24T00:00:02.272+0000] {local_task_job_runner.py:123} INFO - ::group::Pre task execution logs
[2024-10-24T00:00:02.300+0000] {taskinstance.py:2612} INFO - Dependencies all met for dep_context=non-requeueable deps ti=<TaskInstance: simple_etl_dag.extract_task scheduled__2024-10-23T00:00:00+00:00 [queued]>
[2024-10-24T00:00:02.315+0000] {taskinstance.py:2612} INFO - Dependencies all met for dep_context=requeueable deps ti=<TaskInstance: simple_etl_dag.extract_task scheduled__2024-10-23T00:00:00+00:00 [queued]>
[2024-10-24T00:00:02.316+0000] {taskinstance.py:2865} INFO - Starting attempt 1 of 1
[2024-10-24T00:00:02.342+0000] {taskinstance.py:2888} INFO - Executing <Task(PythonOperator): extract_task> on 2024-10-23 00:00:00+00:00
[2024-10-24T00:00:02.364+0000] {warnings.py:112} WARNING - /home/***/.local/lib/python3.12/site-packages/***/task/task_runner/standard_task_runner.py:70: DeprecationWarning: This process (pid=3782) is multi-threaded, use of fork() may lead to deadlocks in the child.
  pid = os.fork()

[2024-10-24T00:00:02.370+0000] {standard_task_runner.py:72} INFO - Started process 3790 to run task
[2024-10-24T00:00:02.369+0000] {standard_task_runner.py:104} INFO - Running: ['***', 'tasks', 'run', 'simple_etl_dag', 'extract_task', 'scheduled__2024-10-23T00:00:00+00:00', '--job-id', '91', '--raw', '--subdir', 'DAGS_FOLDER/etl.py', '--cfg-path', '/tmp/tmp3j2th0_y']
[2024-10-24T00:00:02.372+0000] {standard_task_runner.py:105} INFO - Job 91: Subtask extract_task
[2024-10-24T00:00:02.454+0000] {task_command.py:467} INFO - Running <TaskInstance: simple_etl_dag.extract_task scheduled__2024-10-23T00:00:00+00:00 [running]> on host 4b852a7c7c78
[2024-10-24T00:00:02.568+0000] {taskinstance.py:3131} INFO - Exporting env vars: AIRFLOW_CTX_DAG_OWNER='***' AIRFLOW_CTX_DAG_ID='simple_etl_dag' AIRFLOW_CTX_TASK_ID='extract_task' AIRFLOW_CTX_EXECUTION_DATE='2024-10-23T00:00:00+00:00' AIRFLOW_CTX_TRY_NUMBER='1' AIRFLOW_CTX_DAG_RUN_ID='scheduled__2024-10-23T00:00:00+00:00'
[2024-10-24T00:00:02.570+0000] {logging_mixin.py:190} INFO - Task instance is in running state
[2024-10-24T00:00:02.571+0000] {logging_mixin.py:190} INFO -  Previous state of the Task instance: queued
[2024-10-24T00:00:02.572+0000] {logging_mixin.py:190} INFO - Current task name:extract_task state:running start_date:2024-10-24 00:00:02.301642+00:00
[2024-10-24T00:00:02.573+0000] {logging_mixin.py:190} INFO - Dag name:simple_etl_dag and current dag run status:running
[2024-10-24T00:00:02.574+0000] {taskinstance.py:731} INFO - ::endgroup::
[2024-10-24T00:00:02.588+0000] {python.py:240} INFO - Done. Returned value was:    id important_column           description  value
0   1           Data A  Sample description 1  100.0
1   2              NaN  Sample description 2  200.0
2   3           Data C  Sample description 3    NaN
3   4           Data D  Sample description 4  150.0
4   5              NaN  Sample description 5  300.0
5   6           Data F  Sample description 6  400.0
6   7           Data G  Sample description 7    NaN
[2024-10-24T00:00:02.832+0000] {taskinstance.py:340} INFO - ::group::Post task execution logs
[2024-10-24T00:00:02.833+0000] {taskinstance.py:352} INFO - Marking task as SUCCESS. dag_id=simple_etl_dag, task_id=extract_task, run_id=scheduled__2024-10-23T00:00:00+00:00, execution_date=20241023T000000, start_date=20241024T000002, end_date=20241024T000002
[2024-10-24T00:00:02.846+0000] {logging_mixin.py:190} INFO - Task instance in success state
[2024-10-24T00:00:02.847+0000] {logging_mixin.py:190} INFO -  Previous state of the Task instance: running
[2024-10-24T00:00:02.848+0000] {logging_mixin.py:190} INFO - Dag name:simple_etl_dag queued_at:2024-10-24 00:00:00.186821+00:00
[2024-10-24T00:00:02.849+0000] {logging_mixin.py:190} INFO - Task hostname:4b852a7c7c78 operator:PythonOperator
[2024-10-24T00:00:02.873+0000] {local_task_job_runner.py:266} INFO - Task exited with return code 0
[2024-10-24T00:00:02.914+0000] {taskinstance.py:3900} INFO - 1 downstream tasks scheduled from follow-on schedule check
[2024-10-24T00:00:02.917+0000] {local_task_job_runner.py:245} INFO - ::endgroup::
