[2024-10-23T02:30:33.064+0000] {processor.py:186} INFO - Started process (PID=73) to work on /opt/airflow/dags/simple_etl.py
[2024-10-23T02:30:33.065+0000] {processor.py:914} INFO - Processing file /opt/airflow/dags/simple_etl.py for tasks to queue
[2024-10-23T02:30:33.069+0000] {logging_mixin.py:190} INFO - [2024-10-23T02:30:33.068+0000] {dagbag.py:588} INFO - Filling up the DagBag from /opt/airflow/dags/simple_etl.py
[2024-10-23T02:30:33.144+0000] {processor.py:925} INFO - DAG(s) 'sample_etl' retrieved from /opt/airflow/dags/simple_etl.py
[2024-10-23T02:30:33.218+0000] {logging_mixin.py:190} INFO - [2024-10-23T02:30:33.218+0000] {dag.py:3239} INFO - Sync 1 DAGs
[2024-10-23T02:30:33.271+0000] {logging_mixin.py:190} INFO - [2024-10-23T02:30:33.271+0000] {dag.py:4180} INFO - Setting next_dagrun for sample_etl to 2024-10-18 00:00:00+00:00, run_after=2024-10-19 00:00:00+00:00
[2024-10-23T02:30:33.304+0000] {processor.py:208} INFO - Processing /opt/airflow/dags/simple_etl.py took 0.251 seconds
[2024-10-23T02:31:03.975+0000] {processor.py:186} INFO - Started process (PID=174) to work on /opt/airflow/dags/simple_etl.py
[2024-10-23T02:31:03.977+0000] {processor.py:914} INFO - Processing file /opt/airflow/dags/simple_etl.py for tasks to queue
[2024-10-23T02:31:03.981+0000] {logging_mixin.py:190} INFO - [2024-10-23T02:31:03.981+0000] {dagbag.py:588} INFO - Filling up the DagBag from /opt/airflow/dags/simple_etl.py
[2024-10-23T02:31:04.012+0000] {processor.py:925} INFO - DAG(s) 'sample_etl' retrieved from /opt/airflow/dags/simple_etl.py
[2024-10-23T02:31:04.041+0000] {logging_mixin.py:190} INFO - [2024-10-23T02:31:04.040+0000] {dag.py:3239} INFO - Sync 1 DAGs
[2024-10-23T02:31:04.078+0000] {logging_mixin.py:190} INFO - [2024-10-23T02:31:04.078+0000] {dag.py:4180} INFO - Setting next_dagrun for sample_etl to 2024-10-23 00:00:00+00:00, run_after=2024-10-24 00:00:00+00:00
[2024-10-23T02:31:04.108+0000] {processor.py:208} INFO - Processing /opt/airflow/dags/simple_etl.py took 0.142 seconds
[2024-10-23T02:31:34.861+0000] {processor.py:186} INFO - Started process (PID=238) to work on /opt/airflow/dags/simple_etl.py
[2024-10-23T02:31:34.863+0000] {processor.py:914} INFO - Processing file /opt/airflow/dags/simple_etl.py for tasks to queue
[2024-10-23T02:31:34.867+0000] {logging_mixin.py:190} INFO - [2024-10-23T02:31:34.867+0000] {dagbag.py:588} INFO - Filling up the DagBag from /opt/airflow/dags/simple_etl.py
[2024-10-23T02:31:34.934+0000] {processor.py:925} INFO - DAG(s) 'sample_etl' retrieved from /opt/airflow/dags/simple_etl.py
[2024-10-23T02:31:34.973+0000] {logging_mixin.py:190} INFO - [2024-10-23T02:31:34.973+0000] {dag.py:3239} INFO - Sync 1 DAGs
[2024-10-23T02:31:35.030+0000] {logging_mixin.py:190} INFO - [2024-10-23T02:31:35.030+0000] {dag.py:4180} INFO - Setting next_dagrun for sample_etl to 2024-10-23 00:00:00+00:00, run_after=2024-10-24 00:00:00+00:00
[2024-10-23T02:31:35.069+0000] {processor.py:208} INFO - Processing /opt/airflow/dags/simple_etl.py took 0.220 seconds
[2024-10-23T02:32:05.278+0000] {processor.py:186} INFO - Started process (PID=302) to work on /opt/airflow/dags/simple_etl.py
[2024-10-23T02:32:05.283+0000] {processor.py:914} INFO - Processing file /opt/airflow/dags/simple_etl.py for tasks to queue
[2024-10-23T02:32:05.289+0000] {logging_mixin.py:190} INFO - [2024-10-23T02:32:05.288+0000] {dagbag.py:588} INFO - Filling up the DagBag from /opt/airflow/dags/simple_etl.py
[2024-10-23T02:32:05.325+0000] {processor.py:925} INFO - DAG(s) 'sample_etl' retrieved from /opt/airflow/dags/simple_etl.py
[2024-10-23T02:32:05.355+0000] {logging_mixin.py:190} INFO - [2024-10-23T02:32:05.355+0000] {dag.py:3239} INFO - Sync 1 DAGs
[2024-10-23T02:32:05.394+0000] {logging_mixin.py:190} INFO - [2024-10-23T02:32:05.393+0000] {dag.py:4180} INFO - Setting next_dagrun for sample_etl to 2024-10-23 00:00:00+00:00, run_after=2024-10-24 00:00:00+00:00
[2024-10-23T02:32:05.426+0000] {processor.py:208} INFO - Processing /opt/airflow/dags/simple_etl.py took 0.165 seconds
[2024-10-23T02:32:35.804+0000] {processor.py:186} INFO - Started process (PID=366) to work on /opt/airflow/dags/simple_etl.py
[2024-10-23T02:32:35.806+0000] {processor.py:914} INFO - Processing file /opt/airflow/dags/simple_etl.py for tasks to queue
[2024-10-23T02:32:35.808+0000] {logging_mixin.py:190} INFO - [2024-10-23T02:32:35.807+0000] {dagbag.py:588} INFO - Filling up the DagBag from /opt/airflow/dags/simple_etl.py
[2024-10-23T02:32:35.838+0000] {processor.py:925} INFO - DAG(s) 'sample_etl' retrieved from /opt/airflow/dags/simple_etl.py
[2024-10-23T02:32:35.871+0000] {logging_mixin.py:190} INFO - [2024-10-23T02:32:35.871+0000] {dag.py:3239} INFO - Sync 1 DAGs
[2024-10-23T02:32:35.922+0000] {logging_mixin.py:190} INFO - [2024-10-23T02:32:35.921+0000] {dag.py:4180} INFO - Setting next_dagrun for sample_etl to 2024-10-23 00:00:00+00:00, run_after=2024-10-24 00:00:00+00:00
[2024-10-23T02:32:35.986+0000] {processor.py:208} INFO - Processing /opt/airflow/dags/simple_etl.py took 0.198 seconds
[2024-10-23T02:33:06.475+0000] {processor.py:186} INFO - Started process (PID=431) to work on /opt/airflow/dags/simple_etl.py
[2024-10-23T02:33:06.503+0000] {processor.py:914} INFO - Processing file /opt/airflow/dags/simple_etl.py for tasks to queue
[2024-10-23T02:33:06.507+0000] {logging_mixin.py:190} INFO - [2024-10-23T02:33:06.506+0000] {dagbag.py:588} INFO - Filling up the DagBag from /opt/airflow/dags/simple_etl.py
[2024-10-23T02:33:06.564+0000] {processor.py:925} INFO - DAG(s) 'sample_etl' retrieved from /opt/airflow/dags/simple_etl.py
[2024-10-23T02:33:06.611+0000] {logging_mixin.py:190} INFO - [2024-10-23T02:33:06.610+0000] {dag.py:3239} INFO - Sync 1 DAGs
[2024-10-23T02:33:06.676+0000] {logging_mixin.py:190} INFO - [2024-10-23T02:33:06.675+0000] {dag.py:4180} INFO - Setting next_dagrun for sample_etl to 2024-10-23 00:00:00+00:00, run_after=2024-10-24 00:00:00+00:00
[2024-10-23T02:33:06.734+0000] {processor.py:208} INFO - Processing /opt/airflow/dags/simple_etl.py took 0.281 seconds
[2024-10-23T02:33:17.080+0000] {processor.py:186} INFO - Started process (PID=480) to work on /opt/airflow/dags/simple_etl.py
[2024-10-23T02:33:17.083+0000] {processor.py:914} INFO - Processing file /opt/airflow/dags/simple_etl.py for tasks to queue
[2024-10-23T02:33:17.085+0000] {logging_mixin.py:190} INFO - [2024-10-23T02:33:17.085+0000] {dagbag.py:588} INFO - Filling up the DagBag from /opt/airflow/dags/simple_etl.py
[2024-10-23T02:33:17.137+0000] {processor.py:925} INFO - DAG(s) 'dataframe_move_dag' retrieved from /opt/airflow/dags/simple_etl.py
[2024-10-23T02:33:17.155+0000] {logging_mixin.py:190} INFO - [2024-10-23T02:33:17.154+0000] {dag.py:3239} INFO - Sync 1 DAGs
[2024-10-23T02:33:17.186+0000] {logging_mixin.py:190} INFO - [2024-10-23T02:33:17.185+0000] {dag.py:4180} INFO - Setting next_dagrun for dataframe_move_dag to 2024-10-22 00:00:00+00:00, run_after=2024-10-23 00:00:00+00:00
[2024-10-23T02:33:17.210+0000] {processor.py:208} INFO - Processing /opt/airflow/dags/simple_etl.py took 0.138 seconds
[2024-10-23T02:33:47.664+0000] {processor.py:186} INFO - Started process (PID=540) to work on /opt/airflow/dags/simple_etl.py
[2024-10-23T02:33:47.666+0000] {processor.py:914} INFO - Processing file /opt/airflow/dags/simple_etl.py for tasks to queue
[2024-10-23T02:33:47.670+0000] {logging_mixin.py:190} INFO - [2024-10-23T02:33:47.669+0000] {dagbag.py:588} INFO - Filling up the DagBag from /opt/airflow/dags/simple_etl.py
[2024-10-23T02:33:47.714+0000] {processor.py:925} INFO - DAG(s) 'dataframe_move_dag' retrieved from /opt/airflow/dags/simple_etl.py
[2024-10-23T02:33:47.889+0000] {logging_mixin.py:190} INFO - [2024-10-23T02:33:47.889+0000] {dag.py:3239} INFO - Sync 1 DAGs
[2024-10-23T02:33:47.980+0000] {logging_mixin.py:190} INFO - [2024-10-23T02:33:47.979+0000] {dag.py:4180} INFO - Setting next_dagrun for dataframe_move_dag to 2024-10-22 00:00:00+00:00, run_after=2024-10-23 00:00:00+00:00
[2024-10-23T02:33:48.019+0000] {processor.py:208} INFO - Processing /opt/airflow/dags/simple_etl.py took 0.366 seconds
[2024-10-23T02:34:18.399+0000] {processor.py:186} INFO - Started process (PID=605) to work on /opt/airflow/dags/simple_etl.py
[2024-10-23T02:34:18.400+0000] {processor.py:914} INFO - Processing file /opt/airflow/dags/simple_etl.py for tasks to queue
[2024-10-23T02:34:18.402+0000] {logging_mixin.py:190} INFO - [2024-10-23T02:34:18.401+0000] {dagbag.py:588} INFO - Filling up the DagBag from /opt/airflow/dags/simple_etl.py
[2024-10-23T02:34:18.427+0000] {processor.py:925} INFO - DAG(s) 'dataframe_move_dag' retrieved from /opt/airflow/dags/simple_etl.py
[2024-10-23T02:34:18.450+0000] {logging_mixin.py:190} INFO - [2024-10-23T02:34:18.450+0000] {dag.py:3239} INFO - Sync 1 DAGs
[2024-10-23T02:34:18.477+0000] {logging_mixin.py:190} INFO - [2024-10-23T02:34:18.477+0000] {dag.py:4180} INFO - Setting next_dagrun for dataframe_move_dag to 2024-10-22 00:00:00+00:00, run_after=2024-10-23 00:00:00+00:00
[2024-10-23T02:34:18.511+0000] {processor.py:208} INFO - Processing /opt/airflow/dags/simple_etl.py took 0.123 seconds
[2024-10-23T02:34:48.938+0000] {processor.py:186} INFO - Started process (PID=665) to work on /opt/airflow/dags/simple_etl.py
[2024-10-23T02:34:48.939+0000] {processor.py:914} INFO - Processing file /opt/airflow/dags/simple_etl.py for tasks to queue
[2024-10-23T02:34:48.942+0000] {logging_mixin.py:190} INFO - [2024-10-23T02:34:48.941+0000] {dagbag.py:588} INFO - Filling up the DagBag from /opt/airflow/dags/simple_etl.py
[2024-10-23T02:34:48.972+0000] {processor.py:925} INFO - DAG(s) 'dataframe_move_dag' retrieved from /opt/airflow/dags/simple_etl.py
[2024-10-23T02:34:48.986+0000] {logging_mixin.py:190} INFO - [2024-10-23T02:34:48.986+0000] {dag.py:3239} INFO - Sync 1 DAGs
[2024-10-23T02:34:49.022+0000] {logging_mixin.py:190} INFO - [2024-10-23T02:34:49.022+0000] {dag.py:4180} INFO - Setting next_dagrun for dataframe_move_dag to 2024-10-22 00:00:00+00:00, run_after=2024-10-23 00:00:00+00:00
[2024-10-23T02:34:49.055+0000] {processor.py:208} INFO - Processing /opt/airflow/dags/simple_etl.py took 0.123 seconds
