[2024-10-24T00:00:07.345+0000] {local_task_job_runner.py:123} INFO - ::group::Pre task execution logs
[2024-10-24T00:00:07.367+0000] {taskinstance.py:2612} INFO - Dependencies all met for dep_context=non-requeueable deps ti=<TaskInstance: simple_etl_dag.load_task scheduled__2024-10-23T00:00:00+00:00 [queued]>
[2024-10-24T00:00:07.379+0000] {taskinstance.py:2612} INFO - Dependencies all met for dep_context=requeueable deps ti=<TaskInstance: simple_etl_dag.load_task scheduled__2024-10-23T00:00:00+00:00 [queued]>
[2024-10-24T00:00:07.382+0000] {taskinstance.py:2865} INFO - Starting attempt 1 of 1
[2024-10-24T00:00:07.395+0000] {taskinstance.py:2888} INFO - Executing <Task(PythonOperator): load_task> on 2024-10-23 00:00:00+00:00
[2024-10-24T00:00:07.406+0000] {warnings.py:112} WARNING - /home/***/.local/lib/python3.12/site-packages/***/task/task_runner/standard_task_runner.py:70: DeprecationWarning: This process (pid=3802) is multi-threaded, use of fork() may lead to deadlocks in the child.
  pid = os.fork()

[2024-10-24T00:00:07.408+0000] {standard_task_runner.py:72} INFO - Started process 3804 to run task
[2024-10-24T00:00:07.408+0000] {standard_task_runner.py:104} INFO - Running: ['***', 'tasks', 'run', 'simple_etl_dag', 'load_task', 'scheduled__2024-10-23T00:00:00+00:00', '--job-id', '93', '--raw', '--subdir', 'DAGS_FOLDER/etl.py', '--cfg-path', '/tmp/tmpke3k5rr3']
[2024-10-24T00:00:07.410+0000] {standard_task_runner.py:105} INFO - Job 93: Subtask load_task
[2024-10-24T00:00:07.465+0000] {task_command.py:467} INFO - Running <TaskInstance: simple_etl_dag.load_task scheduled__2024-10-23T00:00:00+00:00 [running]> on host 4b852a7c7c78
[2024-10-24T00:00:07.647+0000] {taskinstance.py:3131} INFO - Exporting env vars: AIRFLOW_CTX_DAG_OWNER='***' AIRFLOW_CTX_DAG_ID='simple_etl_dag' AIRFLOW_CTX_TASK_ID='load_task' AIRFLOW_CTX_EXECUTION_DATE='2024-10-23T00:00:00+00:00' AIRFLOW_CTX_TRY_NUMBER='1' AIRFLOW_CTX_DAG_RUN_ID='scheduled__2024-10-23T00:00:00+00:00'
[2024-10-24T00:00:07.649+0000] {logging_mixin.py:190} INFO - Task instance is in running state
[2024-10-24T00:00:07.650+0000] {logging_mixin.py:190} INFO -  Previous state of the Task instance: queued
[2024-10-24T00:00:07.651+0000] {logging_mixin.py:190} INFO - Current task name:load_task state:running start_date:2024-10-24 00:00:07.368717+00:00
[2024-10-24T00:00:07.652+0000] {logging_mixin.py:190} INFO - Dag name:simple_etl_dag and current dag run status:running
[2024-10-24T00:00:07.652+0000] {taskinstance.py:731} INFO - ::endgroup::
[2024-10-24T00:00:07.666+0000] {logging_mixin.py:190} INFO - Transformed data saved to: /opt/***/dest/transformed_data.csv
[2024-10-24T00:00:07.667+0000] {python.py:240} INFO - Done. Returned value was: None
[2024-10-24T00:00:07.679+0000] {taskinstance.py:340} INFO - ::group::Post task execution logs
[2024-10-24T00:00:07.680+0000] {taskinstance.py:352} INFO - Marking task as SUCCESS. dag_id=simple_etl_dag, task_id=load_task, run_id=scheduled__2024-10-23T00:00:00+00:00, execution_date=20241023T000000, start_date=20241024T000007, end_date=20241024T000007
[2024-10-24T00:00:07.694+0000] {logging_mixin.py:190} INFO - Task instance in success state
[2024-10-24T00:00:07.695+0000] {logging_mixin.py:190} INFO -  Previous state of the Task instance: running
[2024-10-24T00:00:07.696+0000] {logging_mixin.py:190} INFO - Dag name:simple_etl_dag queued_at:2024-10-24 00:00:00.186821+00:00
[2024-10-24T00:00:07.696+0000] {logging_mixin.py:190} INFO - Task hostname:4b852a7c7c78 operator:PythonOperator
[2024-10-24T00:00:07.706+0000] {local_task_job_runner.py:266} INFO - Task exited with return code 0
[2024-10-24T00:00:07.724+0000] {taskinstance.py:3900} INFO - 0 downstream tasks scheduled from follow-on schedule check
[2024-10-24T00:00:07.727+0000] {local_task_job_runner.py:245} INFO - ::endgroup::
