[2024-10-23T02:30:42.243+0000] {local_task_job_runner.py:123} INFO - ::group::Pre task execution logs
[2024-10-23T02:30:42.287+0000] {taskinstance.py:2612} INFO - Dependencies all met for dep_context=non-requeueable deps ti=<TaskInstance: direct_load_etl.extract scheduled__2024-10-20T00:00:00+00:00 [queued]>
[2024-10-23T02:30:42.311+0000] {taskinstance.py:2612} INFO - Dependencies all met for dep_context=requeueable deps ti=<TaskInstance: direct_load_etl.extract scheduled__2024-10-20T00:00:00+00:00 [queued]>
[2024-10-23T02:30:42.315+0000] {taskinstance.py:2865} INFO - Starting attempt 1 of 2
[2024-10-23T02:30:42.357+0000] {taskinstance.py:2888} INFO - Executing <Task(PythonOperator): extract> on 2024-10-20 00:00:00+00:00
[2024-10-23T02:30:42.379+0000] {warnings.py:112} WARNING - /home/***/.local/lib/python3.12/site-packages/***/task/task_runner/standard_task_runner.py:70: DeprecationWarning: This process (pid=81) is multi-threaded, use of fork() may lead to deadlocks in the child.
  pid = os.fork()

[2024-10-23T02:30:42.382+0000] {standard_task_runner.py:72} INFO - Started process 110 to run task
[2024-10-23T02:30:42.387+0000] {standard_task_runner.py:104} INFO - Running: ['***', 'tasks', 'run', 'direct_load_etl', 'extract', 'scheduled__2024-10-20T00:00:00+00:00', '--job-id', '36', '--raw', '--subdir', 'DAGS_FOLDER/direct_load_etl.py', '--cfg-path', '/tmp/tmpc4crckrf']
[2024-10-23T02:30:42.395+0000] {standard_task_runner.py:105} INFO - Job 36: Subtask extract
[2024-10-23T02:30:42.591+0000] {task_command.py:467} INFO - Running <TaskInstance: direct_load_etl.extract scheduled__2024-10-20T00:00:00+00:00 [running]> on host 65fa52b3600c
[2024-10-23T02:30:42.898+0000] {taskinstance.py:3131} INFO - Exporting env vars: AIRFLOW_CTX_DAG_OWNER='***' AIRFLOW_CTX_DAG_ID='direct_load_etl' AIRFLOW_CTX_TASK_ID='extract' AIRFLOW_CTX_EXECUTION_DATE='2024-10-20T00:00:00+00:00' AIRFLOW_CTX_TRY_NUMBER='1' AIRFLOW_CTX_DAG_RUN_ID='scheduled__2024-10-20T00:00:00+00:00'
[2024-10-23T02:30:42.904+0000] {logging_mixin.py:190} INFO - Task instance is in running state
[2024-10-23T02:30:42.908+0000] {logging_mixin.py:190} INFO -  Previous state of the Task instance: queued
[2024-10-23T02:30:42.910+0000] {logging_mixin.py:190} INFO - Current task name:extract state:running start_date:2024-10-23 02:30:42.289123+00:00
[2024-10-23T02:30:42.911+0000] {logging_mixin.py:190} INFO - Dag name:direct_load_etl and current dag run status:running
[2024-10-23T02:30:42.914+0000] {taskinstance.py:731} INFO - ::endgroup::
[2024-10-23T02:30:42.922+0000] {python.py:240} INFO - Done. Returned value was: [{"name": "John Doe", "age": 30}, {"name": "Jane Smith", "age": 25}, {"name": "Emily Davis", "age": 35}]
[2024-10-23T02:30:42.983+0000] {taskinstance.py:340} INFO - ::group::Post task execution logs
[2024-10-23T02:30:42.985+0000] {taskinstance.py:352} INFO - Marking task as SUCCESS. dag_id=direct_load_etl, task_id=extract, run_id=scheduled__2024-10-20T00:00:00+00:00, execution_date=20241020T000000, start_date=20241023T023042, end_date=20241023T023042
[2024-10-23T02:30:43.028+0000] {logging_mixin.py:190} INFO - Task instance in success state
[2024-10-23T02:30:43.043+0000] {logging_mixin.py:190} INFO -  Previous state of the Task instance: running
[2024-10-23T02:30:43.044+0000] {logging_mixin.py:190} INFO - Dag name:direct_load_etl queued_at:2024-10-23 02:30:35.362457+00:00
[2024-10-23T02:30:43.054+0000] {logging_mixin.py:190} INFO - Task hostname:65fa52b3600c operator:PythonOperator
[2024-10-23T02:30:43.132+0000] {local_task_job_runner.py:266} INFO - Task exited with return code 0
[2024-10-23T02:30:43.210+0000] {taskinstance.py:3900} INFO - 1 downstream tasks scheduled from follow-on schedule check
[2024-10-23T02:30:43.216+0000] {local_task_job_runner.py:245} INFO - ::endgroup::
