[2024-10-28T18:03:56.839+0000] {processor.py:186} INFO - Started process (PID=112) to work on /home/airflow/.local/lib/python3.12/site-packages/airflow/example_dags/example_skip_dag.py
[2024-10-28T18:03:56.842+0000] {processor.py:914} INFO - Processing file /home/airflow/.local/lib/python3.12/site-packages/airflow/example_dags/example_skip_dag.py for tasks to queue
[2024-10-28T18:03:56.848+0000] {logging_mixin.py:190} INFO - [2024-10-28T18:03:56.847+0000] {dagbag.py:588} INFO - Filling up the DagBag from /home/airflow/.local/lib/python3.12/site-packages/airflow/example_dags/example_skip_dag.py
[2024-10-28T18:03:56.869+0000] {processor.py:925} INFO - DAG(s) 'example_skip_dag' retrieved from /home/airflow/.local/lib/python3.12/site-packages/airflow/example_dags/example_skip_dag.py
[2024-10-28T18:03:56.927+0000] {logging_mixin.py:190} INFO - [2024-10-28T18:03:56.927+0000] {dag.py:3239} INFO - Sync 1 DAGs
[2024-10-28T18:03:56.983+0000] {logging_mixin.py:190} INFO - [2024-10-28T18:03:56.982+0000] {dag.py:4180} INFO - Setting next_dagrun for example_skip_dag to 2024-10-27 00:00:00+00:00, run_after=2024-10-28 00:00:00+00:00
[2024-10-28T18:03:57.024+0000] {processor.py:208} INFO - Processing /home/airflow/.local/lib/python3.12/site-packages/airflow/example_dags/example_skip_dag.py took 0.198 seconds
[2024-10-28T18:04:27.429+0000] {processor.py:186} INFO - Started process (PID=178) to work on /home/airflow/.local/lib/python3.12/site-packages/airflow/example_dags/example_skip_dag.py
[2024-10-28T18:04:27.430+0000] {processor.py:914} INFO - Processing file /home/airflow/.local/lib/python3.12/site-packages/airflow/example_dags/example_skip_dag.py for tasks to queue
[2024-10-28T18:04:27.431+0000] {logging_mixin.py:190} INFO - [2024-10-28T18:04:27.431+0000] {dagbag.py:588} INFO - Filling up the DagBag from /home/airflow/.local/lib/python3.12/site-packages/airflow/example_dags/example_skip_dag.py
[2024-10-28T18:04:27.438+0000] {processor.py:925} INFO - DAG(s) 'example_skip_dag' retrieved from /home/airflow/.local/lib/python3.12/site-packages/airflow/example_dags/example_skip_dag.py
[2024-10-28T18:04:27.454+0000] {logging_mixin.py:190} INFO - [2024-10-28T18:04:27.454+0000] {dag.py:3239} INFO - Sync 1 DAGs
[2024-10-28T18:04:27.471+0000] {logging_mixin.py:190} INFO - [2024-10-28T18:04:27.471+0000] {dag.py:4180} INFO - Setting next_dagrun for example_skip_dag to 2024-10-27 00:00:00+00:00, run_after=2024-10-28 00:00:00+00:00
[2024-10-28T18:04:27.492+0000] {processor.py:208} INFO - Processing /home/airflow/.local/lib/python3.12/site-packages/airflow/example_dags/example_skip_dag.py took 0.067 seconds
[2024-10-28T18:04:58.781+0000] {processor.py:186} INFO - Started process (PID=244) to work on /home/airflow/.local/lib/python3.12/site-packages/airflow/example_dags/example_skip_dag.py
[2024-10-28T18:04:58.782+0000] {processor.py:914} INFO - Processing file /home/airflow/.local/lib/python3.12/site-packages/airflow/example_dags/example_skip_dag.py for tasks to queue
[2024-10-28T18:04:58.784+0000] {logging_mixin.py:190} INFO - [2024-10-28T18:04:58.783+0000] {dagbag.py:588} INFO - Filling up the DagBag from /home/airflow/.local/lib/python3.12/site-packages/airflow/example_dags/example_skip_dag.py
[2024-10-28T18:04:58.791+0000] {processor.py:925} INFO - DAG(s) 'example_skip_dag' retrieved from /home/airflow/.local/lib/python3.12/site-packages/airflow/example_dags/example_skip_dag.py
[2024-10-28T18:04:58.814+0000] {logging_mixin.py:190} INFO - [2024-10-28T18:04:58.813+0000] {dag.py:3239} INFO - Sync 1 DAGs
[2024-10-28T18:04:58.837+0000] {logging_mixin.py:190} INFO - [2024-10-28T18:04:58.837+0000] {dag.py:4180} INFO - Setting next_dagrun for example_skip_dag to 2024-10-27 00:00:00+00:00, run_after=2024-10-28 00:00:00+00:00
[2024-10-28T18:04:58.865+0000] {processor.py:208} INFO - Processing /home/airflow/.local/lib/python3.12/site-packages/airflow/example_dags/example_skip_dag.py took 0.089 seconds
[2024-10-28T18:05:29.228+0000] {processor.py:186} INFO - Started process (PID=309) to work on /home/airflow/.local/lib/python3.12/site-packages/airflow/example_dags/example_skip_dag.py
[2024-10-28T18:05:29.229+0000] {processor.py:914} INFO - Processing file /home/airflow/.local/lib/python3.12/site-packages/airflow/example_dags/example_skip_dag.py for tasks to queue
[2024-10-28T18:05:29.231+0000] {logging_mixin.py:190} INFO - [2024-10-28T18:05:29.231+0000] {dagbag.py:588} INFO - Filling up the DagBag from /home/airflow/.local/lib/python3.12/site-packages/airflow/example_dags/example_skip_dag.py
[2024-10-28T18:05:29.236+0000] {processor.py:925} INFO - DAG(s) 'example_skip_dag' retrieved from /home/airflow/.local/lib/python3.12/site-packages/airflow/example_dags/example_skip_dag.py
[2024-10-28T18:05:29.250+0000] {logging_mixin.py:190} INFO - [2024-10-28T18:05:29.250+0000] {dag.py:3239} INFO - Sync 1 DAGs
[2024-10-28T18:05:29.270+0000] {logging_mixin.py:190} INFO - [2024-10-28T18:05:29.269+0000] {dag.py:4180} INFO - Setting next_dagrun for example_skip_dag to 2024-10-27 00:00:00+00:00, run_after=2024-10-28 00:00:00+00:00
[2024-10-28T18:05:29.282+0000] {processor.py:208} INFO - Processing /home/airflow/.local/lib/python3.12/site-packages/airflow/example_dags/example_skip_dag.py took 0.058 seconds
[2024-10-28T18:06:00.051+0000] {processor.py:186} INFO - Started process (PID=376) to work on /home/airflow/.local/lib/python3.12/site-packages/airflow/example_dags/example_skip_dag.py
[2024-10-28T18:06:00.052+0000] {processor.py:914} INFO - Processing file /home/airflow/.local/lib/python3.12/site-packages/airflow/example_dags/example_skip_dag.py for tasks to queue
[2024-10-28T18:06:00.054+0000] {logging_mixin.py:190} INFO - [2024-10-28T18:06:00.054+0000] {dagbag.py:588} INFO - Filling up the DagBag from /home/airflow/.local/lib/python3.12/site-packages/airflow/example_dags/example_skip_dag.py
[2024-10-28T18:06:00.059+0000] {processor.py:925} INFO - DAG(s) 'example_skip_dag' retrieved from /home/airflow/.local/lib/python3.12/site-packages/airflow/example_dags/example_skip_dag.py
[2024-10-28T18:06:00.077+0000] {logging_mixin.py:190} INFO - [2024-10-28T18:06:00.076+0000] {dag.py:3239} INFO - Sync 1 DAGs
[2024-10-28T18:06:00.091+0000] {logging_mixin.py:190} INFO - [2024-10-28T18:06:00.091+0000] {dag.py:4180} INFO - Setting next_dagrun for example_skip_dag to 2024-10-27 00:00:00+00:00, run_after=2024-10-28 00:00:00+00:00
[2024-10-28T18:06:00.112+0000] {processor.py:208} INFO - Processing /home/airflow/.local/lib/python3.12/site-packages/airflow/example_dags/example_skip_dag.py took 0.066 seconds
[2024-10-28T18:06:30.848+0000] {processor.py:186} INFO - Started process (PID=442) to work on /home/airflow/.local/lib/python3.12/site-packages/airflow/example_dags/example_skip_dag.py
[2024-10-28T18:06:30.849+0000] {processor.py:914} INFO - Processing file /home/airflow/.local/lib/python3.12/site-packages/airflow/example_dags/example_skip_dag.py for tasks to queue
[2024-10-28T18:06:30.851+0000] {logging_mixin.py:190} INFO - [2024-10-28T18:06:30.851+0000] {dagbag.py:588} INFO - Filling up the DagBag from /home/airflow/.local/lib/python3.12/site-packages/airflow/example_dags/example_skip_dag.py
[2024-10-28T18:06:30.858+0000] {processor.py:925} INFO - DAG(s) 'example_skip_dag' retrieved from /home/airflow/.local/lib/python3.12/site-packages/airflow/example_dags/example_skip_dag.py
[2024-10-28T18:06:30.873+0000] {logging_mixin.py:190} INFO - [2024-10-28T18:06:30.873+0000] {dag.py:3239} INFO - Sync 1 DAGs
[2024-10-28T18:06:30.889+0000] {logging_mixin.py:190} INFO - [2024-10-28T18:06:30.889+0000] {dag.py:4180} INFO - Setting next_dagrun for example_skip_dag to 2024-10-27 00:00:00+00:00, run_after=2024-10-28 00:00:00+00:00
[2024-10-28T18:06:30.904+0000] {processor.py:208} INFO - Processing /home/airflow/.local/lib/python3.12/site-packages/airflow/example_dags/example_skip_dag.py took 0.060 seconds
[2024-10-28T18:07:01.603+0000] {processor.py:186} INFO - Started process (PID=508) to work on /home/airflow/.local/lib/python3.12/site-packages/airflow/example_dags/example_skip_dag.py
[2024-10-28T18:07:01.604+0000] {processor.py:914} INFO - Processing file /home/airflow/.local/lib/python3.12/site-packages/airflow/example_dags/example_skip_dag.py for tasks to queue
[2024-10-28T18:07:01.607+0000] {logging_mixin.py:190} INFO - [2024-10-28T18:07:01.607+0000] {dagbag.py:588} INFO - Filling up the DagBag from /home/airflow/.local/lib/python3.12/site-packages/airflow/example_dags/example_skip_dag.py
[2024-10-28T18:07:01.614+0000] {processor.py:925} INFO - DAG(s) 'example_skip_dag' retrieved from /home/airflow/.local/lib/python3.12/site-packages/airflow/example_dags/example_skip_dag.py
[2024-10-28T18:07:01.633+0000] {logging_mixin.py:190} INFO - [2024-10-28T18:07:01.633+0000] {dag.py:3239} INFO - Sync 1 DAGs
[2024-10-28T18:07:01.653+0000] {logging_mixin.py:190} INFO - [2024-10-28T18:07:01.653+0000] {dag.py:4180} INFO - Setting next_dagrun for example_skip_dag to 2024-10-27 00:00:00+00:00, run_after=2024-10-28 00:00:00+00:00
[2024-10-28T18:07:01.680+0000] {processor.py:208} INFO - Processing /home/airflow/.local/lib/python3.12/site-packages/airflow/example_dags/example_skip_dag.py took 0.081 seconds
[2024-10-28T18:07:32.269+0000] {processor.py:186} INFO - Started process (PID=574) to work on /home/airflow/.local/lib/python3.12/site-packages/airflow/example_dags/example_skip_dag.py
[2024-10-28T18:07:32.269+0000] {processor.py:914} INFO - Processing file /home/airflow/.local/lib/python3.12/site-packages/airflow/example_dags/example_skip_dag.py for tasks to queue
[2024-10-28T18:07:32.272+0000] {logging_mixin.py:190} INFO - [2024-10-28T18:07:32.271+0000] {dagbag.py:588} INFO - Filling up the DagBag from /home/airflow/.local/lib/python3.12/site-packages/airflow/example_dags/example_skip_dag.py
[2024-10-28T18:07:32.279+0000] {processor.py:925} INFO - DAG(s) 'example_skip_dag' retrieved from /home/airflow/.local/lib/python3.12/site-packages/airflow/example_dags/example_skip_dag.py
[2024-10-28T18:07:32.298+0000] {logging_mixin.py:190} INFO - [2024-10-28T18:07:32.298+0000] {dag.py:3239} INFO - Sync 1 DAGs
[2024-10-28T18:07:32.320+0000] {logging_mixin.py:190} INFO - [2024-10-28T18:07:32.320+0000] {dag.py:4180} INFO - Setting next_dagrun for example_skip_dag to 2024-10-27 00:00:00+00:00, run_after=2024-10-28 00:00:00+00:00
[2024-10-28T18:07:32.342+0000] {processor.py:208} INFO - Processing /home/airflow/.local/lib/python3.12/site-packages/airflow/example_dags/example_skip_dag.py took 0.077 seconds
[2024-10-28T18:08:02.712+0000] {processor.py:186} INFO - Started process (PID=640) to work on /home/airflow/.local/lib/python3.12/site-packages/airflow/example_dags/example_skip_dag.py
[2024-10-28T18:08:02.714+0000] {processor.py:914} INFO - Processing file /home/airflow/.local/lib/python3.12/site-packages/airflow/example_dags/example_skip_dag.py for tasks to queue
[2024-10-28T18:08:02.715+0000] {logging_mixin.py:190} INFO - [2024-10-28T18:08:02.715+0000] {dagbag.py:588} INFO - Filling up the DagBag from /home/airflow/.local/lib/python3.12/site-packages/airflow/example_dags/example_skip_dag.py
[2024-10-28T18:08:02.721+0000] {processor.py:925} INFO - DAG(s) 'example_skip_dag' retrieved from /home/airflow/.local/lib/python3.12/site-packages/airflow/example_dags/example_skip_dag.py
[2024-10-28T18:08:02.736+0000] {logging_mixin.py:190} INFO - [2024-10-28T18:08:02.736+0000] {dag.py:3239} INFO - Sync 1 DAGs
[2024-10-28T18:08:02.751+0000] {logging_mixin.py:190} INFO - [2024-10-28T18:08:02.751+0000] {dag.py:4180} INFO - Setting next_dagrun for example_skip_dag to 2024-10-27 00:00:00+00:00, run_after=2024-10-28 00:00:00+00:00
[2024-10-28T18:08:02.765+0000] {processor.py:208} INFO - Processing /home/airflow/.local/lib/python3.12/site-packages/airflow/example_dags/example_skip_dag.py took 0.057 seconds
[2024-10-28T18:08:33.033+0000] {processor.py:186} INFO - Started process (PID=705) to work on /home/airflow/.local/lib/python3.12/site-packages/airflow/example_dags/example_skip_dag.py
[2024-10-28T18:08:33.034+0000] {processor.py:914} INFO - Processing file /home/airflow/.local/lib/python3.12/site-packages/airflow/example_dags/example_skip_dag.py for tasks to queue
[2024-10-28T18:08:33.036+0000] {logging_mixin.py:190} INFO - [2024-10-28T18:08:33.036+0000] {dagbag.py:588} INFO - Filling up the DagBag from /home/airflow/.local/lib/python3.12/site-packages/airflow/example_dags/example_skip_dag.py
[2024-10-28T18:08:33.041+0000] {processor.py:925} INFO - DAG(s) 'example_skip_dag' retrieved from /home/airflow/.local/lib/python3.12/site-packages/airflow/example_dags/example_skip_dag.py
[2024-10-28T18:08:33.058+0000] {logging_mixin.py:190} INFO - [2024-10-28T18:08:33.058+0000] {dag.py:3239} INFO - Sync 1 DAGs
[2024-10-28T18:08:33.077+0000] {logging_mixin.py:190} INFO - [2024-10-28T18:08:33.077+0000] {dag.py:4180} INFO - Setting next_dagrun for example_skip_dag to 2024-10-27 00:00:00+00:00, run_after=2024-10-28 00:00:00+00:00
[2024-10-28T18:08:33.101+0000] {processor.py:208} INFO - Processing /home/airflow/.local/lib/python3.12/site-packages/airflow/example_dags/example_skip_dag.py took 0.072 seconds
[2024-10-28T18:09:03.299+0000] {processor.py:186} INFO - Started process (PID=770) to work on /home/airflow/.local/lib/python3.12/site-packages/airflow/example_dags/example_skip_dag.py
[2024-10-28T18:09:03.300+0000] {processor.py:914} INFO - Processing file /home/airflow/.local/lib/python3.12/site-packages/airflow/example_dags/example_skip_dag.py for tasks to queue
[2024-10-28T18:09:03.301+0000] {logging_mixin.py:190} INFO - [2024-10-28T18:09:03.301+0000] {dagbag.py:588} INFO - Filling up the DagBag from /home/airflow/.local/lib/python3.12/site-packages/airflow/example_dags/example_skip_dag.py
[2024-10-28T18:09:03.306+0000] {processor.py:925} INFO - DAG(s) 'example_skip_dag' retrieved from /home/airflow/.local/lib/python3.12/site-packages/airflow/example_dags/example_skip_dag.py
[2024-10-28T18:09:03.321+0000] {logging_mixin.py:190} INFO - [2024-10-28T18:09:03.321+0000] {dag.py:3239} INFO - Sync 1 DAGs
[2024-10-28T18:09:03.336+0000] {logging_mixin.py:190} INFO - [2024-10-28T18:09:03.336+0000] {dag.py:4180} INFO - Setting next_dagrun for example_skip_dag to 2024-10-27 00:00:00+00:00, run_after=2024-10-28 00:00:00+00:00
[2024-10-28T18:09:03.356+0000] {processor.py:208} INFO - Processing /home/airflow/.local/lib/python3.12/site-packages/airflow/example_dags/example_skip_dag.py took 0.060 seconds
[2024-10-28T18:09:34.007+0000] {processor.py:186} INFO - Started process (PID=837) to work on /home/airflow/.local/lib/python3.12/site-packages/airflow/example_dags/example_skip_dag.py
[2024-10-28T18:09:34.008+0000] {processor.py:914} INFO - Processing file /home/airflow/.local/lib/python3.12/site-packages/airflow/example_dags/example_skip_dag.py for tasks to queue
[2024-10-28T18:09:34.013+0000] {logging_mixin.py:190} INFO - [2024-10-28T18:09:34.013+0000] {dagbag.py:588} INFO - Filling up the DagBag from /home/airflow/.local/lib/python3.12/site-packages/airflow/example_dags/example_skip_dag.py
[2024-10-28T18:09:34.019+0000] {processor.py:925} INFO - DAG(s) 'example_skip_dag' retrieved from /home/airflow/.local/lib/python3.12/site-packages/airflow/example_dags/example_skip_dag.py
[2024-10-28T18:09:34.036+0000] {logging_mixin.py:190} INFO - [2024-10-28T18:09:34.035+0000] {dag.py:3239} INFO - Sync 1 DAGs
[2024-10-28T18:09:34.053+0000] {logging_mixin.py:190} INFO - [2024-10-28T18:09:34.053+0000] {dag.py:4180} INFO - Setting next_dagrun for example_skip_dag to 2024-10-27 00:00:00+00:00, run_after=2024-10-28 00:00:00+00:00
[2024-10-28T18:09:34.076+0000] {processor.py:208} INFO - Processing /home/airflow/.local/lib/python3.12/site-packages/airflow/example_dags/example_skip_dag.py took 0.072 seconds
[2024-10-28T18:10:04.260+0000] {processor.py:186} INFO - Started process (PID=903) to work on /home/airflow/.local/lib/python3.12/site-packages/airflow/example_dags/example_skip_dag.py
[2024-10-28T18:10:04.261+0000] {processor.py:914} INFO - Processing file /home/airflow/.local/lib/python3.12/site-packages/airflow/example_dags/example_skip_dag.py for tasks to queue
[2024-10-28T18:10:04.263+0000] {logging_mixin.py:190} INFO - [2024-10-28T18:10:04.263+0000] {dagbag.py:588} INFO - Filling up the DagBag from /home/airflow/.local/lib/python3.12/site-packages/airflow/example_dags/example_skip_dag.py
[2024-10-28T18:10:04.271+0000] {processor.py:925} INFO - DAG(s) 'example_skip_dag' retrieved from /home/airflow/.local/lib/python3.12/site-packages/airflow/example_dags/example_skip_dag.py
[2024-10-28T18:10:04.289+0000] {logging_mixin.py:190} INFO - [2024-10-28T18:10:04.289+0000] {dag.py:3239} INFO - Sync 1 DAGs
[2024-10-28T18:10:04.308+0000] {logging_mixin.py:190} INFO - [2024-10-28T18:10:04.308+0000] {dag.py:4180} INFO - Setting next_dagrun for example_skip_dag to 2024-10-27 00:00:00+00:00, run_after=2024-10-28 00:00:00+00:00
[2024-10-28T18:10:04.333+0000] {processor.py:208} INFO - Processing /home/airflow/.local/lib/python3.12/site-packages/airflow/example_dags/example_skip_dag.py took 0.077 seconds
[2024-10-28T18:10:34.540+0000] {processor.py:186} INFO - Started process (PID=969) to work on /home/airflow/.local/lib/python3.12/site-packages/airflow/example_dags/example_skip_dag.py
[2024-10-28T18:10:34.541+0000] {processor.py:914} INFO - Processing file /home/airflow/.local/lib/python3.12/site-packages/airflow/example_dags/example_skip_dag.py for tasks to queue
[2024-10-28T18:10:34.543+0000] {logging_mixin.py:190} INFO - [2024-10-28T18:10:34.543+0000] {dagbag.py:588} INFO - Filling up the DagBag from /home/airflow/.local/lib/python3.12/site-packages/airflow/example_dags/example_skip_dag.py
[2024-10-28T18:10:34.548+0000] {processor.py:925} INFO - DAG(s) 'example_skip_dag' retrieved from /home/airflow/.local/lib/python3.12/site-packages/airflow/example_dags/example_skip_dag.py
[2024-10-28T18:10:34.567+0000] {logging_mixin.py:190} INFO - [2024-10-28T18:10:34.567+0000] {dag.py:3239} INFO - Sync 1 DAGs
[2024-10-28T18:10:34.582+0000] {logging_mixin.py:190} INFO - [2024-10-28T18:10:34.582+0000] {dag.py:4180} INFO - Setting next_dagrun for example_skip_dag to 2024-10-27 00:00:00+00:00, run_after=2024-10-28 00:00:00+00:00
[2024-10-28T18:10:34.599+0000] {processor.py:208} INFO - Processing /home/airflow/.local/lib/python3.12/site-packages/airflow/example_dags/example_skip_dag.py took 0.062 seconds
[2024-10-28T18:11:04.776+0000] {processor.py:186} INFO - Started process (PID=1035) to work on /home/airflow/.local/lib/python3.12/site-packages/airflow/example_dags/example_skip_dag.py
[2024-10-28T18:11:04.776+0000] {processor.py:914} INFO - Processing file /home/airflow/.local/lib/python3.12/site-packages/airflow/example_dags/example_skip_dag.py for tasks to queue
[2024-10-28T18:11:04.778+0000] {logging_mixin.py:190} INFO - [2024-10-28T18:11:04.778+0000] {dagbag.py:588} INFO - Filling up the DagBag from /home/airflow/.local/lib/python3.12/site-packages/airflow/example_dags/example_skip_dag.py
[2024-10-28T18:11:04.784+0000] {processor.py:925} INFO - DAG(s) 'example_skip_dag' retrieved from /home/airflow/.local/lib/python3.12/site-packages/airflow/example_dags/example_skip_dag.py
[2024-10-28T18:11:04.800+0000] {logging_mixin.py:190} INFO - [2024-10-28T18:11:04.800+0000] {dag.py:3239} INFO - Sync 1 DAGs
[2024-10-28T18:11:04.818+0000] {logging_mixin.py:190} INFO - [2024-10-28T18:11:04.818+0000] {dag.py:4180} INFO - Setting next_dagrun for example_skip_dag to 2024-10-27 00:00:00+00:00, run_after=2024-10-28 00:00:00+00:00
[2024-10-28T18:11:04.841+0000] {processor.py:208} INFO - Processing /home/airflow/.local/lib/python3.12/site-packages/airflow/example_dags/example_skip_dag.py took 0.069 seconds
[2024-10-28T18:11:35.805+0000] {processor.py:186} INFO - Started process (PID=1101) to work on /home/airflow/.local/lib/python3.12/site-packages/airflow/example_dags/example_skip_dag.py
[2024-10-28T18:11:35.806+0000] {processor.py:914} INFO - Processing file /home/airflow/.local/lib/python3.12/site-packages/airflow/example_dags/example_skip_dag.py for tasks to queue
[2024-10-28T18:11:35.808+0000] {logging_mixin.py:190} INFO - [2024-10-28T18:11:35.808+0000] {dagbag.py:588} INFO - Filling up the DagBag from /home/airflow/.local/lib/python3.12/site-packages/airflow/example_dags/example_skip_dag.py
[2024-10-28T18:11:35.813+0000] {processor.py:925} INFO - DAG(s) 'example_skip_dag' retrieved from /home/airflow/.local/lib/python3.12/site-packages/airflow/example_dags/example_skip_dag.py
[2024-10-28T18:11:35.828+0000] {logging_mixin.py:190} INFO - [2024-10-28T18:11:35.828+0000] {dag.py:3239} INFO - Sync 1 DAGs
[2024-10-28T18:11:35.848+0000] {logging_mixin.py:190} INFO - [2024-10-28T18:11:35.848+0000] {dag.py:4180} INFO - Setting next_dagrun for example_skip_dag to 2024-10-27 00:00:00+00:00, run_after=2024-10-28 00:00:00+00:00
[2024-10-28T18:11:35.863+0000] {processor.py:208} INFO - Processing /home/airflow/.local/lib/python3.12/site-packages/airflow/example_dags/example_skip_dag.py took 0.062 seconds
[2024-10-28T18:12:06.718+0000] {processor.py:186} INFO - Started process (PID=1167) to work on /home/airflow/.local/lib/python3.12/site-packages/airflow/example_dags/example_skip_dag.py
[2024-10-28T18:12:06.719+0000] {processor.py:914} INFO - Processing file /home/airflow/.local/lib/python3.12/site-packages/airflow/example_dags/example_skip_dag.py for tasks to queue
[2024-10-28T18:12:06.721+0000] {logging_mixin.py:190} INFO - [2024-10-28T18:12:06.720+0000] {dagbag.py:588} INFO - Filling up the DagBag from /home/airflow/.local/lib/python3.12/site-packages/airflow/example_dags/example_skip_dag.py
[2024-10-28T18:12:06.726+0000] {processor.py:925} INFO - DAG(s) 'example_skip_dag' retrieved from /home/airflow/.local/lib/python3.12/site-packages/airflow/example_dags/example_skip_dag.py
[2024-10-28T18:12:06.742+0000] {logging_mixin.py:190} INFO - [2024-10-28T18:12:06.742+0000] {dag.py:3239} INFO - Sync 1 DAGs
[2024-10-28T18:12:06.759+0000] {logging_mixin.py:190} INFO - [2024-10-28T18:12:06.759+0000] {dag.py:4180} INFO - Setting next_dagrun for example_skip_dag to 2024-10-27 00:00:00+00:00, run_after=2024-10-28 00:00:00+00:00
[2024-10-28T18:12:06.780+0000] {processor.py:208} INFO - Processing /home/airflow/.local/lib/python3.12/site-packages/airflow/example_dags/example_skip_dag.py took 0.067 seconds
[2024-10-28T18:12:36.923+0000] {processor.py:186} INFO - Started process (PID=1233) to work on /home/airflow/.local/lib/python3.12/site-packages/airflow/example_dags/example_skip_dag.py
[2024-10-28T18:12:36.924+0000] {processor.py:914} INFO - Processing file /home/airflow/.local/lib/python3.12/site-packages/airflow/example_dags/example_skip_dag.py for tasks to queue
[2024-10-28T18:12:36.926+0000] {logging_mixin.py:190} INFO - [2024-10-28T18:12:36.926+0000] {dagbag.py:588} INFO - Filling up the DagBag from /home/airflow/.local/lib/python3.12/site-packages/airflow/example_dags/example_skip_dag.py
[2024-10-28T18:12:36.931+0000] {processor.py:925} INFO - DAG(s) 'example_skip_dag' retrieved from /home/airflow/.local/lib/python3.12/site-packages/airflow/example_dags/example_skip_dag.py
[2024-10-28T18:12:36.948+0000] {logging_mixin.py:190} INFO - [2024-10-28T18:12:36.948+0000] {dag.py:3239} INFO - Sync 1 DAGs
[2024-10-28T18:12:36.965+0000] {logging_mixin.py:190} INFO - [2024-10-28T18:12:36.965+0000] {dag.py:4180} INFO - Setting next_dagrun for example_skip_dag to 2024-10-27 00:00:00+00:00, run_after=2024-10-28 00:00:00+00:00
[2024-10-28T18:12:36.988+0000] {processor.py:208} INFO - Processing /home/airflow/.local/lib/python3.12/site-packages/airflow/example_dags/example_skip_dag.py took 0.068 seconds
[2024-10-28T18:13:07.998+0000] {processor.py:186} INFO - Started process (PID=1300) to work on /home/airflow/.local/lib/python3.12/site-packages/airflow/example_dags/example_skip_dag.py
[2024-10-28T18:13:08.004+0000] {processor.py:914} INFO - Processing file /home/airflow/.local/lib/python3.12/site-packages/airflow/example_dags/example_skip_dag.py for tasks to queue
[2024-10-28T18:13:08.006+0000] {logging_mixin.py:190} INFO - [2024-10-28T18:13:08.005+0000] {dagbag.py:588} INFO - Filling up the DagBag from /home/airflow/.local/lib/python3.12/site-packages/airflow/example_dags/example_skip_dag.py
[2024-10-28T18:13:08.011+0000] {processor.py:925} INFO - DAG(s) 'example_skip_dag' retrieved from /home/airflow/.local/lib/python3.12/site-packages/airflow/example_dags/example_skip_dag.py
[2024-10-28T18:13:08.026+0000] {logging_mixin.py:190} INFO - [2024-10-28T18:13:08.026+0000] {dag.py:3239} INFO - Sync 1 DAGs
[2024-10-28T18:13:08.043+0000] {logging_mixin.py:190} INFO - [2024-10-28T18:13:08.043+0000] {dag.py:4180} INFO - Setting next_dagrun for example_skip_dag to 2024-10-27 00:00:00+00:00, run_after=2024-10-28 00:00:00+00:00
[2024-10-28T18:13:08.066+0000] {processor.py:208} INFO - Processing /home/airflow/.local/lib/python3.12/site-packages/airflow/example_dags/example_skip_dag.py took 0.072 seconds
[2024-10-28T18:13:38.970+0000] {processor.py:186} INFO - Started process (PID=1366) to work on /home/airflow/.local/lib/python3.12/site-packages/airflow/example_dags/example_skip_dag.py
[2024-10-28T18:13:38.971+0000] {processor.py:914} INFO - Processing file /home/airflow/.local/lib/python3.12/site-packages/airflow/example_dags/example_skip_dag.py for tasks to queue
[2024-10-28T18:13:38.973+0000] {logging_mixin.py:190} INFO - [2024-10-28T18:13:38.973+0000] {dagbag.py:588} INFO - Filling up the DagBag from /home/airflow/.local/lib/python3.12/site-packages/airflow/example_dags/example_skip_dag.py
[2024-10-28T18:13:38.978+0000] {processor.py:925} INFO - DAG(s) 'example_skip_dag' retrieved from /home/airflow/.local/lib/python3.12/site-packages/airflow/example_dags/example_skip_dag.py
[2024-10-28T18:13:38.996+0000] {logging_mixin.py:190} INFO - [2024-10-28T18:13:38.996+0000] {dag.py:3239} INFO - Sync 1 DAGs
[2024-10-28T18:13:39.011+0000] {logging_mixin.py:190} INFO - [2024-10-28T18:13:39.011+0000] {dag.py:4180} INFO - Setting next_dagrun for example_skip_dag to 2024-10-27 00:00:00+00:00, run_after=2024-10-28 00:00:00+00:00
[2024-10-28T18:13:39.026+0000] {processor.py:208} INFO - Processing /home/airflow/.local/lib/python3.12/site-packages/airflow/example_dags/example_skip_dag.py took 0.061 seconds
[2024-10-28T18:14:09.774+0000] {processor.py:186} INFO - Started process (PID=1432) to work on /home/airflow/.local/lib/python3.12/site-packages/airflow/example_dags/example_skip_dag.py
[2024-10-28T18:14:09.774+0000] {processor.py:914} INFO - Processing file /home/airflow/.local/lib/python3.12/site-packages/airflow/example_dags/example_skip_dag.py for tasks to queue
[2024-10-28T18:14:09.776+0000] {logging_mixin.py:190} INFO - [2024-10-28T18:14:09.776+0000] {dagbag.py:588} INFO - Filling up the DagBag from /home/airflow/.local/lib/python3.12/site-packages/airflow/example_dags/example_skip_dag.py
[2024-10-28T18:14:09.781+0000] {processor.py:925} INFO - DAG(s) 'example_skip_dag' retrieved from /home/airflow/.local/lib/python3.12/site-packages/airflow/example_dags/example_skip_dag.py
[2024-10-28T18:14:09.795+0000] {logging_mixin.py:190} INFO - [2024-10-28T18:14:09.795+0000] {dag.py:3239} INFO - Sync 1 DAGs
[2024-10-28T18:14:09.809+0000] {logging_mixin.py:190} INFO - [2024-10-28T18:14:09.809+0000] {dag.py:4180} INFO - Setting next_dagrun for example_skip_dag to 2024-10-27 00:00:00+00:00, run_after=2024-10-28 00:00:00+00:00
[2024-10-28T18:14:09.821+0000] {processor.py:208} INFO - Processing /home/airflow/.local/lib/python3.12/site-packages/airflow/example_dags/example_skip_dag.py took 0.051 seconds
[2024-10-28T18:14:40.678+0000] {processor.py:186} INFO - Started process (PID=1498) to work on /home/airflow/.local/lib/python3.12/site-packages/airflow/example_dags/example_skip_dag.py
[2024-10-28T18:14:40.679+0000] {processor.py:914} INFO - Processing file /home/airflow/.local/lib/python3.12/site-packages/airflow/example_dags/example_skip_dag.py for tasks to queue
[2024-10-28T18:14:40.680+0000] {logging_mixin.py:190} INFO - [2024-10-28T18:14:40.680+0000] {dagbag.py:588} INFO - Filling up the DagBag from /home/airflow/.local/lib/python3.12/site-packages/airflow/example_dags/example_skip_dag.py
[2024-10-28T18:14:40.685+0000] {processor.py:925} INFO - DAG(s) 'example_skip_dag' retrieved from /home/airflow/.local/lib/python3.12/site-packages/airflow/example_dags/example_skip_dag.py
[2024-10-28T18:14:40.701+0000] {logging_mixin.py:190} INFO - [2024-10-28T18:14:40.701+0000] {dag.py:3239} INFO - Sync 1 DAGs
[2024-10-28T18:14:40.718+0000] {logging_mixin.py:190} INFO - [2024-10-28T18:14:40.717+0000] {dag.py:4180} INFO - Setting next_dagrun for example_skip_dag to 2024-10-27 00:00:00+00:00, run_after=2024-10-28 00:00:00+00:00
[2024-10-28T18:14:40.733+0000] {processor.py:208} INFO - Processing /home/airflow/.local/lib/python3.12/site-packages/airflow/example_dags/example_skip_dag.py took 0.059 seconds
[2024-10-28T18:15:11.315+0000] {processor.py:186} INFO - Started process (PID=1564) to work on /home/airflow/.local/lib/python3.12/site-packages/airflow/example_dags/example_skip_dag.py
[2024-10-28T18:15:11.316+0000] {processor.py:914} INFO - Processing file /home/airflow/.local/lib/python3.12/site-packages/airflow/example_dags/example_skip_dag.py for tasks to queue
[2024-10-28T18:15:11.318+0000] {logging_mixin.py:190} INFO - [2024-10-28T18:15:11.317+0000] {dagbag.py:588} INFO - Filling up the DagBag from /home/airflow/.local/lib/python3.12/site-packages/airflow/example_dags/example_skip_dag.py
[2024-10-28T18:15:11.323+0000] {processor.py:925} INFO - DAG(s) 'example_skip_dag' retrieved from /home/airflow/.local/lib/python3.12/site-packages/airflow/example_dags/example_skip_dag.py
[2024-10-28T18:15:11.341+0000] {logging_mixin.py:190} INFO - [2024-10-28T18:15:11.341+0000] {dag.py:3239} INFO - Sync 1 DAGs
[2024-10-28T18:15:11.357+0000] {logging_mixin.py:190} INFO - [2024-10-28T18:15:11.357+0000] {dag.py:4180} INFO - Setting next_dagrun for example_skip_dag to 2024-10-27 00:00:00+00:00, run_after=2024-10-28 00:00:00+00:00
[2024-10-28T18:15:11.372+0000] {processor.py:208} INFO - Processing /home/airflow/.local/lib/python3.12/site-packages/airflow/example_dags/example_skip_dag.py took 0.060 seconds
[2024-10-28T18:15:41.921+0000] {processor.py:186} INFO - Started process (PID=1630) to work on /home/airflow/.local/lib/python3.12/site-packages/airflow/example_dags/example_skip_dag.py
[2024-10-28T18:15:41.922+0000] {processor.py:914} INFO - Processing file /home/airflow/.local/lib/python3.12/site-packages/airflow/example_dags/example_skip_dag.py for tasks to queue
[2024-10-28T18:15:41.923+0000] {logging_mixin.py:190} INFO - [2024-10-28T18:15:41.923+0000] {dagbag.py:588} INFO - Filling up the DagBag from /home/airflow/.local/lib/python3.12/site-packages/airflow/example_dags/example_skip_dag.py
[2024-10-28T18:15:41.929+0000] {processor.py:925} INFO - DAG(s) 'example_skip_dag' retrieved from /home/airflow/.local/lib/python3.12/site-packages/airflow/example_dags/example_skip_dag.py
[2024-10-28T18:15:41.944+0000] {logging_mixin.py:190} INFO - [2024-10-28T18:15:41.943+0000] {dag.py:3239} INFO - Sync 1 DAGs
[2024-10-28T18:15:41.959+0000] {logging_mixin.py:190} INFO - [2024-10-28T18:15:41.959+0000] {dag.py:4180} INFO - Setting next_dagrun for example_skip_dag to 2024-10-27 00:00:00+00:00, run_after=2024-10-28 00:00:00+00:00
[2024-10-28T18:15:41.972+0000] {processor.py:208} INFO - Processing /home/airflow/.local/lib/python3.12/site-packages/airflow/example_dags/example_skip_dag.py took 0.055 seconds
[2024-10-28T18:16:12.860+0000] {processor.py:186} INFO - Started process (PID=1696) to work on /home/airflow/.local/lib/python3.12/site-packages/airflow/example_dags/example_skip_dag.py
[2024-10-28T18:16:12.861+0000] {processor.py:914} INFO - Processing file /home/airflow/.local/lib/python3.12/site-packages/airflow/example_dags/example_skip_dag.py for tasks to queue
[2024-10-28T18:16:12.863+0000] {logging_mixin.py:190} INFO - [2024-10-28T18:16:12.862+0000] {dagbag.py:588} INFO - Filling up the DagBag from /home/airflow/.local/lib/python3.12/site-packages/airflow/example_dags/example_skip_dag.py
[2024-10-28T18:16:12.870+0000] {processor.py:925} INFO - DAG(s) 'example_skip_dag' retrieved from /home/airflow/.local/lib/python3.12/site-packages/airflow/example_dags/example_skip_dag.py
[2024-10-28T18:16:12.890+0000] {logging_mixin.py:190} INFO - [2024-10-28T18:16:12.889+0000] {dag.py:3239} INFO - Sync 1 DAGs
[2024-10-28T18:16:12.906+0000] {logging_mixin.py:190} INFO - [2024-10-28T18:16:12.906+0000] {dag.py:4180} INFO - Setting next_dagrun for example_skip_dag to 2024-10-27 00:00:00+00:00, run_after=2024-10-28 00:00:00+00:00
[2024-10-28T18:16:12.933+0000] {processor.py:208} INFO - Processing /home/airflow/.local/lib/python3.12/site-packages/airflow/example_dags/example_skip_dag.py took 0.077 seconds
[2024-10-28T18:16:43.714+0000] {processor.py:186} INFO - Started process (PID=1762) to work on /home/airflow/.local/lib/python3.12/site-packages/airflow/example_dags/example_skip_dag.py
[2024-10-28T18:16:43.715+0000] {processor.py:914} INFO - Processing file /home/airflow/.local/lib/python3.12/site-packages/airflow/example_dags/example_skip_dag.py for tasks to queue
[2024-10-28T18:16:43.717+0000] {logging_mixin.py:190} INFO - [2024-10-28T18:16:43.717+0000] {dagbag.py:588} INFO - Filling up the DagBag from /home/airflow/.local/lib/python3.12/site-packages/airflow/example_dags/example_skip_dag.py
[2024-10-28T18:16:43.722+0000] {processor.py:925} INFO - DAG(s) 'example_skip_dag' retrieved from /home/airflow/.local/lib/python3.12/site-packages/airflow/example_dags/example_skip_dag.py
[2024-10-28T18:16:43.738+0000] {logging_mixin.py:190} INFO - [2024-10-28T18:16:43.738+0000] {dag.py:3239} INFO - Sync 1 DAGs
[2024-10-28T18:16:43.754+0000] {logging_mixin.py:190} INFO - [2024-10-28T18:16:43.754+0000] {dag.py:4180} INFO - Setting next_dagrun for example_skip_dag to 2024-10-27 00:00:00+00:00, run_after=2024-10-28 00:00:00+00:00
[2024-10-28T18:16:43.770+0000] {processor.py:208} INFO - Processing /home/airflow/.local/lib/python3.12/site-packages/airflow/example_dags/example_skip_dag.py took 0.060 seconds
[2024-10-28T18:17:14.406+0000] {processor.py:186} INFO - Started process (PID=1828) to work on /home/airflow/.local/lib/python3.12/site-packages/airflow/example_dags/example_skip_dag.py
[2024-10-28T18:17:14.408+0000] {processor.py:914} INFO - Processing file /home/airflow/.local/lib/python3.12/site-packages/airflow/example_dags/example_skip_dag.py for tasks to queue
[2024-10-28T18:17:14.410+0000] {logging_mixin.py:190} INFO - [2024-10-28T18:17:14.410+0000] {dagbag.py:588} INFO - Filling up the DagBag from /home/airflow/.local/lib/python3.12/site-packages/airflow/example_dags/example_skip_dag.py
[2024-10-28T18:17:14.418+0000] {processor.py:925} INFO - DAG(s) 'example_skip_dag' retrieved from /home/airflow/.local/lib/python3.12/site-packages/airflow/example_dags/example_skip_dag.py
[2024-10-28T18:17:14.435+0000] {logging_mixin.py:190} INFO - [2024-10-28T18:17:14.435+0000] {dag.py:3239} INFO - Sync 1 DAGs
[2024-10-28T18:17:14.453+0000] {logging_mixin.py:190} INFO - [2024-10-28T18:17:14.453+0000] {dag.py:4180} INFO - Setting next_dagrun for example_skip_dag to 2024-10-27 00:00:00+00:00, run_after=2024-10-28 00:00:00+00:00
[2024-10-28T18:17:14.476+0000] {processor.py:208} INFO - Processing /home/airflow/.local/lib/python3.12/site-packages/airflow/example_dags/example_skip_dag.py took 0.074 seconds
[2024-10-28T18:17:44.827+0000] {processor.py:186} INFO - Started process (PID=1893) to work on /home/airflow/.local/lib/python3.12/site-packages/airflow/example_dags/example_skip_dag.py
[2024-10-28T18:17:44.828+0000] {processor.py:914} INFO - Processing file /home/airflow/.local/lib/python3.12/site-packages/airflow/example_dags/example_skip_dag.py for tasks to queue
[2024-10-28T18:17:44.830+0000] {logging_mixin.py:190} INFO - [2024-10-28T18:17:44.830+0000] {dagbag.py:588} INFO - Filling up the DagBag from /home/airflow/.local/lib/python3.12/site-packages/airflow/example_dags/example_skip_dag.py
[2024-10-28T18:17:44.835+0000] {processor.py:925} INFO - DAG(s) 'example_skip_dag' retrieved from /home/airflow/.local/lib/python3.12/site-packages/airflow/example_dags/example_skip_dag.py
[2024-10-28T18:17:44.854+0000] {logging_mixin.py:190} INFO - [2024-10-28T18:17:44.854+0000] {dag.py:3239} INFO - Sync 1 DAGs
[2024-10-28T18:17:44.879+0000] {logging_mixin.py:190} INFO - [2024-10-28T18:17:44.879+0000] {dag.py:4180} INFO - Setting next_dagrun for example_skip_dag to 2024-10-27 00:00:00+00:00, run_after=2024-10-28 00:00:00+00:00
[2024-10-28T18:17:44.907+0000] {processor.py:208} INFO - Processing /home/airflow/.local/lib/python3.12/site-packages/airflow/example_dags/example_skip_dag.py took 0.084 seconds
[2024-10-28T18:18:15.793+0000] {processor.py:186} INFO - Started process (PID=1959) to work on /home/airflow/.local/lib/python3.12/site-packages/airflow/example_dags/example_skip_dag.py
[2024-10-28T18:18:15.794+0000] {processor.py:914} INFO - Processing file /home/airflow/.local/lib/python3.12/site-packages/airflow/example_dags/example_skip_dag.py for tasks to queue
[2024-10-28T18:18:15.796+0000] {logging_mixin.py:190} INFO - [2024-10-28T18:18:15.796+0000] {dagbag.py:588} INFO - Filling up the DagBag from /home/airflow/.local/lib/python3.12/site-packages/airflow/example_dags/example_skip_dag.py
[2024-10-28T18:18:15.803+0000] {processor.py:925} INFO - DAG(s) 'example_skip_dag' retrieved from /home/airflow/.local/lib/python3.12/site-packages/airflow/example_dags/example_skip_dag.py
[2024-10-28T18:18:15.821+0000] {logging_mixin.py:190} INFO - [2024-10-28T18:18:15.821+0000] {dag.py:3239} INFO - Sync 1 DAGs
[2024-10-28T18:18:15.839+0000] {logging_mixin.py:190} INFO - [2024-10-28T18:18:15.839+0000] {dag.py:4180} INFO - Setting next_dagrun for example_skip_dag to 2024-10-27 00:00:00+00:00, run_after=2024-10-28 00:00:00+00:00
[2024-10-28T18:18:15.860+0000] {processor.py:208} INFO - Processing /home/airflow/.local/lib/python3.12/site-packages/airflow/example_dags/example_skip_dag.py took 0.070 seconds
[2024-10-28T18:18:46.774+0000] {processor.py:186} INFO - Started process (PID=2025) to work on /home/airflow/.local/lib/python3.12/site-packages/airflow/example_dags/example_skip_dag.py
[2024-10-28T18:18:46.776+0000] {processor.py:914} INFO - Processing file /home/airflow/.local/lib/python3.12/site-packages/airflow/example_dags/example_skip_dag.py for tasks to queue
[2024-10-28T18:18:46.778+0000] {logging_mixin.py:190} INFO - [2024-10-28T18:18:46.778+0000] {dagbag.py:588} INFO - Filling up the DagBag from /home/airflow/.local/lib/python3.12/site-packages/airflow/example_dags/example_skip_dag.py
[2024-10-28T18:18:46.786+0000] {processor.py:925} INFO - DAG(s) 'example_skip_dag' retrieved from /home/airflow/.local/lib/python3.12/site-packages/airflow/example_dags/example_skip_dag.py
[2024-10-28T18:18:46.807+0000] {logging_mixin.py:190} INFO - [2024-10-28T18:18:46.806+0000] {dag.py:3239} INFO - Sync 1 DAGs
[2024-10-28T18:18:46.829+0000] {logging_mixin.py:190} INFO - [2024-10-28T18:18:46.829+0000] {dag.py:4180} INFO - Setting next_dagrun for example_skip_dag to 2024-10-27 00:00:00+00:00, run_after=2024-10-28 00:00:00+00:00
[2024-10-28T18:18:46.847+0000] {processor.py:208} INFO - Processing /home/airflow/.local/lib/python3.12/site-packages/airflow/example_dags/example_skip_dag.py took 0.078 seconds
[2024-10-28T18:19:17.158+0000] {processor.py:186} INFO - Started process (PID=2091) to work on /home/airflow/.local/lib/python3.12/site-packages/airflow/example_dags/example_skip_dag.py
[2024-10-28T18:19:17.159+0000] {processor.py:914} INFO - Processing file /home/airflow/.local/lib/python3.12/site-packages/airflow/example_dags/example_skip_dag.py for tasks to queue
[2024-10-28T18:19:17.161+0000] {logging_mixin.py:190} INFO - [2024-10-28T18:19:17.161+0000] {dagbag.py:588} INFO - Filling up the DagBag from /home/airflow/.local/lib/python3.12/site-packages/airflow/example_dags/example_skip_dag.py
[2024-10-28T18:19:17.167+0000] {processor.py:925} INFO - DAG(s) 'example_skip_dag' retrieved from /home/airflow/.local/lib/python3.12/site-packages/airflow/example_dags/example_skip_dag.py
[2024-10-28T18:19:17.183+0000] {logging_mixin.py:190} INFO - [2024-10-28T18:19:17.183+0000] {dag.py:3239} INFO - Sync 1 DAGs
[2024-10-28T18:19:17.201+0000] {logging_mixin.py:190} INFO - [2024-10-28T18:19:17.201+0000] {dag.py:4180} INFO - Setting next_dagrun for example_skip_dag to 2024-10-27 00:00:00+00:00, run_after=2024-10-28 00:00:00+00:00
[2024-10-28T18:19:17.227+0000] {processor.py:208} INFO - Processing /home/airflow/.local/lib/python3.12/site-packages/airflow/example_dags/example_skip_dag.py took 0.072 seconds
[2024-10-28T18:19:48.156+0000] {processor.py:186} INFO - Started process (PID=2158) to work on /home/airflow/.local/lib/python3.12/site-packages/airflow/example_dags/example_skip_dag.py
[2024-10-28T18:19:48.157+0000] {processor.py:914} INFO - Processing file /home/airflow/.local/lib/python3.12/site-packages/airflow/example_dags/example_skip_dag.py for tasks to queue
[2024-10-28T18:19:48.159+0000] {logging_mixin.py:190} INFO - [2024-10-28T18:19:48.159+0000] {dagbag.py:588} INFO - Filling up the DagBag from /home/airflow/.local/lib/python3.12/site-packages/airflow/example_dags/example_skip_dag.py
[2024-10-28T18:19:48.164+0000] {processor.py:925} INFO - DAG(s) 'example_skip_dag' retrieved from /home/airflow/.local/lib/python3.12/site-packages/airflow/example_dags/example_skip_dag.py
[2024-10-28T18:19:48.180+0000] {logging_mixin.py:190} INFO - [2024-10-28T18:19:48.180+0000] {dag.py:3239} INFO - Sync 1 DAGs
[2024-10-28T18:19:48.196+0000] {logging_mixin.py:190} INFO - [2024-10-28T18:19:48.196+0000] {dag.py:4180} INFO - Setting next_dagrun for example_skip_dag to 2024-10-27 00:00:00+00:00, run_after=2024-10-28 00:00:00+00:00
[2024-10-28T18:19:48.211+0000] {processor.py:208} INFO - Processing /home/airflow/.local/lib/python3.12/site-packages/airflow/example_dags/example_skip_dag.py took 0.058 seconds
[2024-10-28T18:20:19.113+0000] {processor.py:186} INFO - Started process (PID=2224) to work on /home/airflow/.local/lib/python3.12/site-packages/airflow/example_dags/example_skip_dag.py
[2024-10-28T18:20:19.114+0000] {processor.py:914} INFO - Processing file /home/airflow/.local/lib/python3.12/site-packages/airflow/example_dags/example_skip_dag.py for tasks to queue
[2024-10-28T18:20:19.116+0000] {logging_mixin.py:190} INFO - [2024-10-28T18:20:19.116+0000] {dagbag.py:588} INFO - Filling up the DagBag from /home/airflow/.local/lib/python3.12/site-packages/airflow/example_dags/example_skip_dag.py
[2024-10-28T18:20:19.122+0000] {processor.py:925} INFO - DAG(s) 'example_skip_dag' retrieved from /home/airflow/.local/lib/python3.12/site-packages/airflow/example_dags/example_skip_dag.py
[2024-10-28T18:20:19.140+0000] {logging_mixin.py:190} INFO - [2024-10-28T18:20:19.140+0000] {dag.py:3239} INFO - Sync 1 DAGs
[2024-10-28T18:20:19.158+0000] {logging_mixin.py:190} INFO - [2024-10-28T18:20:19.158+0000] {dag.py:4180} INFO - Setting next_dagrun for example_skip_dag to 2024-10-27 00:00:00+00:00, run_after=2024-10-28 00:00:00+00:00
[2024-10-28T18:20:19.174+0000] {processor.py:208} INFO - Processing /home/airflow/.local/lib/python3.12/site-packages/airflow/example_dags/example_skip_dag.py took 0.065 seconds
[2024-10-28T18:20:49.832+0000] {processor.py:186} INFO - Started process (PID=2290) to work on /home/airflow/.local/lib/python3.12/site-packages/airflow/example_dags/example_skip_dag.py
[2024-10-28T18:20:49.832+0000] {processor.py:914} INFO - Processing file /home/airflow/.local/lib/python3.12/site-packages/airflow/example_dags/example_skip_dag.py for tasks to queue
[2024-10-28T18:20:49.834+0000] {logging_mixin.py:190} INFO - [2024-10-28T18:20:49.834+0000] {dagbag.py:588} INFO - Filling up the DagBag from /home/airflow/.local/lib/python3.12/site-packages/airflow/example_dags/example_skip_dag.py
[2024-10-28T18:20:49.842+0000] {processor.py:925} INFO - DAG(s) 'example_skip_dag' retrieved from /home/airflow/.local/lib/python3.12/site-packages/airflow/example_dags/example_skip_dag.py
[2024-10-28T18:20:49.860+0000] {logging_mixin.py:190} INFO - [2024-10-28T18:20:49.860+0000] {dag.py:3239} INFO - Sync 1 DAGs
[2024-10-28T18:20:49.880+0000] {logging_mixin.py:190} INFO - [2024-10-28T18:20:49.879+0000] {dag.py:4180} INFO - Setting next_dagrun for example_skip_dag to 2024-10-27 00:00:00+00:00, run_after=2024-10-28 00:00:00+00:00
[2024-10-28T18:20:49.897+0000] {processor.py:208} INFO - Processing /home/airflow/.local/lib/python3.12/site-packages/airflow/example_dags/example_skip_dag.py took 0.069 seconds
[2024-10-28T18:21:20.962+0000] {processor.py:186} INFO - Started process (PID=2356) to work on /home/airflow/.local/lib/python3.12/site-packages/airflow/example_dags/example_skip_dag.py
[2024-10-28T18:21:20.963+0000] {processor.py:914} INFO - Processing file /home/airflow/.local/lib/python3.12/site-packages/airflow/example_dags/example_skip_dag.py for tasks to queue
[2024-10-28T18:21:20.966+0000] {logging_mixin.py:190} INFO - [2024-10-28T18:21:20.965+0000] {dagbag.py:588} INFO - Filling up the DagBag from /home/airflow/.local/lib/python3.12/site-packages/airflow/example_dags/example_skip_dag.py
[2024-10-28T18:21:20.971+0000] {processor.py:925} INFO - DAG(s) 'example_skip_dag' retrieved from /home/airflow/.local/lib/python3.12/site-packages/airflow/example_dags/example_skip_dag.py
[2024-10-28T18:21:20.988+0000] {logging_mixin.py:190} INFO - [2024-10-28T18:21:20.988+0000] {dag.py:3239} INFO - Sync 1 DAGs
[2024-10-28T18:21:21.004+0000] {logging_mixin.py:190} INFO - [2024-10-28T18:21:21.004+0000] {dag.py:4180} INFO - Setting next_dagrun for example_skip_dag to 2024-10-27 00:00:00+00:00, run_after=2024-10-28 00:00:00+00:00
[2024-10-28T18:21:21.020+0000] {processor.py:208} INFO - Processing /home/airflow/.local/lib/python3.12/site-packages/airflow/example_dags/example_skip_dag.py took 0.064 seconds
[2024-10-28T18:21:52.016+0000] {processor.py:186} INFO - Started process (PID=2428) to work on /home/airflow/.local/lib/python3.12/site-packages/airflow/example_dags/example_skip_dag.py
[2024-10-28T18:21:52.017+0000] {processor.py:914} INFO - Processing file /home/airflow/.local/lib/python3.12/site-packages/airflow/example_dags/example_skip_dag.py for tasks to queue
[2024-10-28T18:21:52.019+0000] {logging_mixin.py:190} INFO - [2024-10-28T18:21:52.019+0000] {dagbag.py:588} INFO - Filling up the DagBag from /home/airflow/.local/lib/python3.12/site-packages/airflow/example_dags/example_skip_dag.py
[2024-10-28T18:21:52.024+0000] {processor.py:925} INFO - DAG(s) 'example_skip_dag' retrieved from /home/airflow/.local/lib/python3.12/site-packages/airflow/example_dags/example_skip_dag.py
[2024-10-28T18:21:52.041+0000] {logging_mixin.py:190} INFO - [2024-10-28T18:21:52.041+0000] {dag.py:3239} INFO - Sync 1 DAGs
[2024-10-28T18:21:52.057+0000] {logging_mixin.py:190} INFO - [2024-10-28T18:21:52.057+0000] {dag.py:4180} INFO - Setting next_dagrun for example_skip_dag to 2024-10-27 00:00:00+00:00, run_after=2024-10-28 00:00:00+00:00
[2024-10-28T18:21:52.084+0000] {processor.py:208} INFO - Processing /home/airflow/.local/lib/python3.12/site-packages/airflow/example_dags/example_skip_dag.py took 0.073 seconds
[2024-10-28T18:22:23.148+0000] {processor.py:186} INFO - Started process (PID=2494) to work on /home/airflow/.local/lib/python3.12/site-packages/airflow/example_dags/example_skip_dag.py
[2024-10-28T18:22:23.150+0000] {processor.py:914} INFO - Processing file /home/airflow/.local/lib/python3.12/site-packages/airflow/example_dags/example_skip_dag.py for tasks to queue
[2024-10-28T18:22:23.152+0000] {logging_mixin.py:190} INFO - [2024-10-28T18:22:23.152+0000] {dagbag.py:588} INFO - Filling up the DagBag from /home/airflow/.local/lib/python3.12/site-packages/airflow/example_dags/example_skip_dag.py
[2024-10-28T18:22:23.158+0000] {processor.py:925} INFO - DAG(s) 'example_skip_dag' retrieved from /home/airflow/.local/lib/python3.12/site-packages/airflow/example_dags/example_skip_dag.py
[2024-10-28T18:22:23.174+0000] {logging_mixin.py:190} INFO - [2024-10-28T18:22:23.174+0000] {dag.py:3239} INFO - Sync 1 DAGs
[2024-10-28T18:22:23.190+0000] {logging_mixin.py:190} INFO - [2024-10-28T18:22:23.189+0000] {dag.py:4180} INFO - Setting next_dagrun for example_skip_dag to 2024-10-27 00:00:00+00:00, run_after=2024-10-28 00:00:00+00:00
[2024-10-28T18:22:23.204+0000] {processor.py:208} INFO - Processing /home/airflow/.local/lib/python3.12/site-packages/airflow/example_dags/example_skip_dag.py took 0.059 seconds
[2024-10-28T18:22:53.534+0000] {processor.py:186} INFO - Started process (PID=2560) to work on /home/airflow/.local/lib/python3.12/site-packages/airflow/example_dags/example_skip_dag.py
[2024-10-28T18:22:53.535+0000] {processor.py:914} INFO - Processing file /home/airflow/.local/lib/python3.12/site-packages/airflow/example_dags/example_skip_dag.py for tasks to queue
[2024-10-28T18:22:53.537+0000] {logging_mixin.py:190} INFO - [2024-10-28T18:22:53.537+0000] {dagbag.py:588} INFO - Filling up the DagBag from /home/airflow/.local/lib/python3.12/site-packages/airflow/example_dags/example_skip_dag.py
[2024-10-28T18:22:53.544+0000] {processor.py:925} INFO - DAG(s) 'example_skip_dag' retrieved from /home/airflow/.local/lib/python3.12/site-packages/airflow/example_dags/example_skip_dag.py
[2024-10-28T18:22:53.561+0000] {logging_mixin.py:190} INFO - [2024-10-28T18:22:53.561+0000] {dag.py:3239} INFO - Sync 1 DAGs
[2024-10-28T18:22:53.584+0000] {logging_mixin.py:190} INFO - [2024-10-28T18:22:53.584+0000] {dag.py:4180} INFO - Setting next_dagrun for example_skip_dag to 2024-10-27 00:00:00+00:00, run_after=2024-10-28 00:00:00+00:00
[2024-10-28T18:22:53.603+0000] {processor.py:208} INFO - Processing /home/airflow/.local/lib/python3.12/site-packages/airflow/example_dags/example_skip_dag.py took 0.072 seconds
[2024-10-28T18:23:23.934+0000] {processor.py:186} INFO - Started process (PID=2626) to work on /home/airflow/.local/lib/python3.12/site-packages/airflow/example_dags/example_skip_dag.py
[2024-10-28T18:23:23.935+0000] {processor.py:914} INFO - Processing file /home/airflow/.local/lib/python3.12/site-packages/airflow/example_dags/example_skip_dag.py for tasks to queue
[2024-10-28T18:23:23.937+0000] {logging_mixin.py:190} INFO - [2024-10-28T18:23:23.937+0000] {dagbag.py:588} INFO - Filling up the DagBag from /home/airflow/.local/lib/python3.12/site-packages/airflow/example_dags/example_skip_dag.py
[2024-10-28T18:23:23.942+0000] {processor.py:925} INFO - DAG(s) 'example_skip_dag' retrieved from /home/airflow/.local/lib/python3.12/site-packages/airflow/example_dags/example_skip_dag.py
[2024-10-28T18:23:23.960+0000] {logging_mixin.py:190} INFO - [2024-10-28T18:23:23.960+0000] {dag.py:3239} INFO - Sync 1 DAGs
[2024-10-28T18:23:23.978+0000] {logging_mixin.py:190} INFO - [2024-10-28T18:23:23.978+0000] {dag.py:4180} INFO - Setting next_dagrun for example_skip_dag to 2024-10-27 00:00:00+00:00, run_after=2024-10-28 00:00:00+00:00
[2024-10-28T18:23:23.994+0000] {processor.py:208} INFO - Processing /home/airflow/.local/lib/python3.12/site-packages/airflow/example_dags/example_skip_dag.py took 0.063 seconds
[2024-10-28T18:23:54.131+0000] {processor.py:186} INFO - Started process (PID=2691) to work on /home/airflow/.local/lib/python3.12/site-packages/airflow/example_dags/example_skip_dag.py
[2024-10-28T18:23:54.132+0000] {processor.py:914} INFO - Processing file /home/airflow/.local/lib/python3.12/site-packages/airflow/example_dags/example_skip_dag.py for tasks to queue
[2024-10-28T18:23:54.134+0000] {logging_mixin.py:190} INFO - [2024-10-28T18:23:54.134+0000] {dagbag.py:588} INFO - Filling up the DagBag from /home/airflow/.local/lib/python3.12/site-packages/airflow/example_dags/example_skip_dag.py
[2024-10-28T18:23:54.140+0000] {processor.py:925} INFO - DAG(s) 'example_skip_dag' retrieved from /home/airflow/.local/lib/python3.12/site-packages/airflow/example_dags/example_skip_dag.py
[2024-10-28T18:23:54.156+0000] {logging_mixin.py:190} INFO - [2024-10-28T18:23:54.156+0000] {dag.py:3239} INFO - Sync 1 DAGs
[2024-10-28T18:23:54.173+0000] {logging_mixin.py:190} INFO - [2024-10-28T18:23:54.173+0000] {dag.py:4180} INFO - Setting next_dagrun for example_skip_dag to 2024-10-27 00:00:00+00:00, run_after=2024-10-28 00:00:00+00:00
[2024-10-28T18:23:54.195+0000] {processor.py:208} INFO - Processing /home/airflow/.local/lib/python3.12/site-packages/airflow/example_dags/example_skip_dag.py took 0.067 seconds
[2024-10-28T18:24:25.069+0000] {processor.py:186} INFO - Started process (PID=2758) to work on /home/airflow/.local/lib/python3.12/site-packages/airflow/example_dags/example_skip_dag.py
[2024-10-28T18:24:25.071+0000] {processor.py:914} INFO - Processing file /home/airflow/.local/lib/python3.12/site-packages/airflow/example_dags/example_skip_dag.py for tasks to queue
[2024-10-28T18:24:25.073+0000] {logging_mixin.py:190} INFO - [2024-10-28T18:24:25.072+0000] {dagbag.py:588} INFO - Filling up the DagBag from /home/airflow/.local/lib/python3.12/site-packages/airflow/example_dags/example_skip_dag.py
[2024-10-28T18:24:25.078+0000] {processor.py:925} INFO - DAG(s) 'example_skip_dag' retrieved from /home/airflow/.local/lib/python3.12/site-packages/airflow/example_dags/example_skip_dag.py
[2024-10-28T18:24:25.094+0000] {logging_mixin.py:190} INFO - [2024-10-28T18:24:25.094+0000] {dag.py:3239} INFO - Sync 1 DAGs
[2024-10-28T18:24:25.111+0000] {logging_mixin.py:190} INFO - [2024-10-28T18:24:25.111+0000] {dag.py:4180} INFO - Setting next_dagrun for example_skip_dag to 2024-10-27 00:00:00+00:00, run_after=2024-10-28 00:00:00+00:00
[2024-10-28T18:24:25.127+0000] {processor.py:208} INFO - Processing /home/airflow/.local/lib/python3.12/site-packages/airflow/example_dags/example_skip_dag.py took 0.061 seconds
[2024-10-28T18:24:55.493+0000] {processor.py:186} INFO - Started process (PID=2824) to work on /home/airflow/.local/lib/python3.12/site-packages/airflow/example_dags/example_skip_dag.py
[2024-10-28T18:24:55.494+0000] {processor.py:914} INFO - Processing file /home/airflow/.local/lib/python3.12/site-packages/airflow/example_dags/example_skip_dag.py for tasks to queue
[2024-10-28T18:24:55.496+0000] {logging_mixin.py:190} INFO - [2024-10-28T18:24:55.496+0000] {dagbag.py:588} INFO - Filling up the DagBag from /home/airflow/.local/lib/python3.12/site-packages/airflow/example_dags/example_skip_dag.py
[2024-10-28T18:24:55.501+0000] {processor.py:925} INFO - DAG(s) 'example_skip_dag' retrieved from /home/airflow/.local/lib/python3.12/site-packages/airflow/example_dags/example_skip_dag.py
[2024-10-28T18:24:55.516+0000] {logging_mixin.py:190} INFO - [2024-10-28T18:24:55.516+0000] {dag.py:3239} INFO - Sync 1 DAGs
[2024-10-28T18:24:55.530+0000] {logging_mixin.py:190} INFO - [2024-10-28T18:24:55.529+0000] {dag.py:4180} INFO - Setting next_dagrun for example_skip_dag to 2024-10-27 00:00:00+00:00, run_after=2024-10-28 00:00:00+00:00
[2024-10-28T18:24:55.542+0000] {processor.py:208} INFO - Processing /home/airflow/.local/lib/python3.12/site-packages/airflow/example_dags/example_skip_dag.py took 0.053 seconds
