[2024-10-28T18:03:56.297+0000] {processor.py:186} INFO - Started process (PID=110) to work on /home/airflow/.local/lib/python3.12/site-packages/airflow/example_dags/example_inlet_event_extra.py
[2024-10-28T18:03:56.299+0000] {processor.py:914} INFO - Processing file /home/airflow/.local/lib/python3.12/site-packages/airflow/example_dags/example_inlet_event_extra.py for tasks to queue
[2024-10-28T18:03:56.304+0000] {logging_mixin.py:190} INFO - [2024-10-28T18:03:56.303+0000] {dagbag.py:588} INFO - Filling up the DagBag from /home/airflow/.local/lib/python3.12/site-packages/airflow/example_dags/example_inlet_event_extra.py
[2024-10-28T18:03:56.605+0000] {processor.py:925} INFO - DAG(s) 'read_dataset_event', 'read_dataset_event_from_classic' retrieved from /home/airflow/.local/lib/python3.12/site-packages/airflow/example_dags/example_inlet_event_extra.py
[2024-10-28T18:03:56.653+0000] {logging_mixin.py:190} INFO - [2024-10-28T18:03:56.652+0000] {dag.py:3239} INFO - Sync 2 DAGs
[2024-10-28T18:03:56.710+0000] {logging_mixin.py:190} INFO - [2024-10-28T18:03:56.709+0000] {dag.py:4180} INFO - Setting next_dagrun for read_dataset_event to 2024-10-27 00:00:00+00:00, run_after=2024-10-28 00:00:00+00:00
[2024-10-28T18:03:56.724+0000] {logging_mixin.py:190} INFO - [2024-10-28T18:03:56.723+0000] {dag.py:4180} INFO - Setting next_dagrun for read_dataset_event_from_classic to 2024-10-27 00:00:00+00:00, run_after=2024-10-28 00:00:00+00:00
[2024-10-28T18:03:56.765+0000] {processor.py:208} INFO - Processing /home/airflow/.local/lib/python3.12/site-packages/airflow/example_dags/example_inlet_event_extra.py took 0.480 seconds
[2024-10-28T18:04:27.246+0000] {processor.py:186} INFO - Started process (PID=176) to work on /home/airflow/.local/lib/python3.12/site-packages/airflow/example_dags/example_inlet_event_extra.py
[2024-10-28T18:04:27.247+0000] {processor.py:914} INFO - Processing file /home/airflow/.local/lib/python3.12/site-packages/airflow/example_dags/example_inlet_event_extra.py for tasks to queue
[2024-10-28T18:04:27.248+0000] {logging_mixin.py:190} INFO - [2024-10-28T18:04:27.248+0000] {dagbag.py:588} INFO - Filling up the DagBag from /home/airflow/.local/lib/python3.12/site-packages/airflow/example_dags/example_inlet_event_extra.py
[2024-10-28T18:04:27.339+0000] {processor.py:925} INFO - DAG(s) 'read_dataset_event_from_classic', 'read_dataset_event' retrieved from /home/airflow/.local/lib/python3.12/site-packages/airflow/example_dags/example_inlet_event_extra.py
[2024-10-28T18:04:27.354+0000] {logging_mixin.py:190} INFO - [2024-10-28T18:04:27.354+0000] {dag.py:3239} INFO - Sync 2 DAGs
[2024-10-28T18:04:27.371+0000] {logging_mixin.py:190} INFO - [2024-10-28T18:04:27.371+0000] {dag.py:4180} INFO - Setting next_dagrun for read_dataset_event to 2024-10-27 00:00:00+00:00, run_after=2024-10-28 00:00:00+00:00
[2024-10-28T18:04:27.376+0000] {logging_mixin.py:190} INFO - [2024-10-28T18:04:27.376+0000] {dag.py:4180} INFO - Setting next_dagrun for read_dataset_event_from_classic to 2024-10-27 00:00:00+00:00, run_after=2024-10-28 00:00:00+00:00
[2024-10-28T18:04:27.396+0000] {processor.py:208} INFO - Processing /home/airflow/.local/lib/python3.12/site-packages/airflow/example_dags/example_inlet_event_extra.py took 0.155 seconds
[2024-10-28T18:04:58.549+0000] {processor.py:186} INFO - Started process (PID=242) to work on /home/airflow/.local/lib/python3.12/site-packages/airflow/example_dags/example_inlet_event_extra.py
[2024-10-28T18:04:58.550+0000] {processor.py:914} INFO - Processing file /home/airflow/.local/lib/python3.12/site-packages/airflow/example_dags/example_inlet_event_extra.py for tasks to queue
[2024-10-28T18:04:58.552+0000] {logging_mixin.py:190} INFO - [2024-10-28T18:04:58.552+0000] {dagbag.py:588} INFO - Filling up the DagBag from /home/airflow/.local/lib/python3.12/site-packages/airflow/example_dags/example_inlet_event_extra.py
[2024-10-28T18:04:58.664+0000] {processor.py:925} INFO - DAG(s) 'read_dataset_event_from_classic', 'read_dataset_event' retrieved from /home/airflow/.local/lib/python3.12/site-packages/airflow/example_dags/example_inlet_event_extra.py
[2024-10-28T18:04:58.683+0000] {logging_mixin.py:190} INFO - [2024-10-28T18:04:58.683+0000] {dag.py:3239} INFO - Sync 2 DAGs
[2024-10-28T18:04:58.703+0000] {logging_mixin.py:190} INFO - [2024-10-28T18:04:58.703+0000] {dag.py:4180} INFO - Setting next_dagrun for read_dataset_event to 2024-10-27 00:00:00+00:00, run_after=2024-10-28 00:00:00+00:00
[2024-10-28T18:04:58.709+0000] {logging_mixin.py:190} INFO - [2024-10-28T18:04:58.709+0000] {dag.py:4180} INFO - Setting next_dagrun for read_dataset_event_from_classic to 2024-10-27 00:00:00+00:00, run_after=2024-10-28 00:00:00+00:00
[2024-10-28T18:04:58.732+0000] {processor.py:208} INFO - Processing /home/airflow/.local/lib/python3.12/site-packages/airflow/example_dags/example_inlet_event_extra.py took 0.189 seconds
[2024-10-28T18:05:29.033+0000] {processor.py:186} INFO - Started process (PID=308) to work on /home/airflow/.local/lib/python3.12/site-packages/airflow/example_dags/example_inlet_event_extra.py
[2024-10-28T18:05:29.034+0000] {processor.py:914} INFO - Processing file /home/airflow/.local/lib/python3.12/site-packages/airflow/example_dags/example_inlet_event_extra.py for tasks to queue
[2024-10-28T18:05:29.036+0000] {logging_mixin.py:190} INFO - [2024-10-28T18:05:29.036+0000] {dagbag.py:588} INFO - Filling up the DagBag from /home/airflow/.local/lib/python3.12/site-packages/airflow/example_dags/example_inlet_event_extra.py
[2024-10-28T18:05:29.129+0000] {processor.py:925} INFO - DAG(s) 'read_dataset_event', 'read_dataset_event_from_classic' retrieved from /home/airflow/.local/lib/python3.12/site-packages/airflow/example_dags/example_inlet_event_extra.py
[2024-10-28T18:05:29.148+0000] {logging_mixin.py:190} INFO - [2024-10-28T18:05:29.147+0000] {dag.py:3239} INFO - Sync 2 DAGs
[2024-10-28T18:05:29.165+0000] {logging_mixin.py:190} INFO - [2024-10-28T18:05:29.164+0000] {dag.py:4180} INFO - Setting next_dagrun for read_dataset_event to 2024-10-27 00:00:00+00:00, run_after=2024-10-28 00:00:00+00:00
[2024-10-28T18:05:29.168+0000] {logging_mixin.py:190} INFO - [2024-10-28T18:05:29.168+0000] {dag.py:4180} INFO - Setting next_dagrun for read_dataset_event_from_classic to 2024-10-27 00:00:00+00:00, run_after=2024-10-28 00:00:00+00:00
[2024-10-28T18:05:29.187+0000] {processor.py:208} INFO - Processing /home/airflow/.local/lib/python3.12/site-packages/airflow/example_dags/example_inlet_event_extra.py took 0.157 seconds
[2024-10-28T18:05:59.843+0000] {processor.py:186} INFO - Started process (PID=374) to work on /home/airflow/.local/lib/python3.12/site-packages/airflow/example_dags/example_inlet_event_extra.py
[2024-10-28T18:05:59.844+0000] {processor.py:914} INFO - Processing file /home/airflow/.local/lib/python3.12/site-packages/airflow/example_dags/example_inlet_event_extra.py for tasks to queue
[2024-10-28T18:05:59.846+0000] {logging_mixin.py:190} INFO - [2024-10-28T18:05:59.846+0000] {dagbag.py:588} INFO - Filling up the DagBag from /home/airflow/.local/lib/python3.12/site-packages/airflow/example_dags/example_inlet_event_extra.py
[2024-10-28T18:05:59.939+0000] {processor.py:925} INFO - DAG(s) 'read_dataset_event', 'read_dataset_event_from_classic' retrieved from /home/airflow/.local/lib/python3.12/site-packages/airflow/example_dags/example_inlet_event_extra.py
[2024-10-28T18:05:59.955+0000] {logging_mixin.py:190} INFO - [2024-10-28T18:05:59.955+0000] {dag.py:3239} INFO - Sync 2 DAGs
[2024-10-28T18:05:59.979+0000] {logging_mixin.py:190} INFO - [2024-10-28T18:05:59.978+0000] {dag.py:4180} INFO - Setting next_dagrun for read_dataset_event to 2024-10-27 00:00:00+00:00, run_after=2024-10-28 00:00:00+00:00
[2024-10-28T18:05:59.983+0000] {logging_mixin.py:190} INFO - [2024-10-28T18:05:59.983+0000] {dag.py:4180} INFO - Setting next_dagrun for read_dataset_event_from_classic to 2024-10-27 00:00:00+00:00, run_after=2024-10-28 00:00:00+00:00
[2024-10-28T18:06:00.003+0000] {processor.py:208} INFO - Processing /home/airflow/.local/lib/python3.12/site-packages/airflow/example_dags/example_inlet_event_extra.py took 0.163 seconds
[2024-10-28T18:06:30.729+0000] {processor.py:186} INFO - Started process (PID=440) to work on /home/airflow/.local/lib/python3.12/site-packages/airflow/example_dags/example_inlet_event_extra.py
[2024-10-28T18:06:30.730+0000] {processor.py:914} INFO - Processing file /home/airflow/.local/lib/python3.12/site-packages/airflow/example_dags/example_inlet_event_extra.py for tasks to queue
[2024-10-28T18:06:30.732+0000] {logging_mixin.py:190} INFO - [2024-10-28T18:06:30.732+0000] {dagbag.py:588} INFO - Filling up the DagBag from /home/airflow/.local/lib/python3.12/site-packages/airflow/example_dags/example_inlet_event_extra.py
[2024-10-28T18:06:30.824+0000] {processor.py:925} INFO - DAG(s) 'read_dataset_event', 'read_dataset_event_from_classic' retrieved from /home/airflow/.local/lib/python3.12/site-packages/airflow/example_dags/example_inlet_event_extra.py
[2024-10-28T18:06:30.840+0000] {logging_mixin.py:190} INFO - [2024-10-28T18:06:30.840+0000] {dag.py:3239} INFO - Sync 2 DAGs
[2024-10-28T18:06:30.857+0000] {logging_mixin.py:190} INFO - [2024-10-28T18:06:30.857+0000] {dag.py:4180} INFO - Setting next_dagrun for read_dataset_event to 2024-10-27 00:00:00+00:00, run_after=2024-10-28 00:00:00+00:00
[2024-10-28T18:06:30.862+0000] {logging_mixin.py:190} INFO - [2024-10-28T18:06:30.862+0000] {dag.py:4180} INFO - Setting next_dagrun for read_dataset_event_from_classic to 2024-10-27 00:00:00+00:00, run_after=2024-10-28 00:00:00+00:00
[2024-10-28T18:06:30.875+0000] {processor.py:208} INFO - Processing /home/airflow/.local/lib/python3.12/site-packages/airflow/example_dags/example_inlet_event_extra.py took 0.149 seconds
[2024-10-28T18:07:01.404+0000] {processor.py:186} INFO - Started process (PID=506) to work on /home/airflow/.local/lib/python3.12/site-packages/airflow/example_dags/example_inlet_event_extra.py
[2024-10-28T18:07:01.405+0000] {processor.py:914} INFO - Processing file /home/airflow/.local/lib/python3.12/site-packages/airflow/example_dags/example_inlet_event_extra.py for tasks to queue
[2024-10-28T18:07:01.407+0000] {logging_mixin.py:190} INFO - [2024-10-28T18:07:01.407+0000] {dagbag.py:588} INFO - Filling up the DagBag from /home/airflow/.local/lib/python3.12/site-packages/airflow/example_dags/example_inlet_event_extra.py
[2024-10-28T18:07:01.511+0000] {processor.py:925} INFO - DAG(s) 'read_dataset_event', 'read_dataset_event_from_classic' retrieved from /home/airflow/.local/lib/python3.12/site-packages/airflow/example_dags/example_inlet_event_extra.py
[2024-10-28T18:07:01.529+0000] {logging_mixin.py:190} INFO - [2024-10-28T18:07:01.529+0000] {dag.py:3239} INFO - Sync 2 DAGs
[2024-10-28T18:07:01.551+0000] {logging_mixin.py:190} INFO - [2024-10-28T18:07:01.551+0000] {dag.py:4180} INFO - Setting next_dagrun for read_dataset_event to 2024-10-27 00:00:00+00:00, run_after=2024-10-28 00:00:00+00:00
[2024-10-28T18:07:01.555+0000] {logging_mixin.py:190} INFO - [2024-10-28T18:07:01.555+0000] {dag.py:4180} INFO - Setting next_dagrun for read_dataset_event_from_classic to 2024-10-27 00:00:00+00:00, run_after=2024-10-28 00:00:00+00:00
[2024-10-28T18:07:01.570+0000] {processor.py:208} INFO - Processing /home/airflow/.local/lib/python3.12/site-packages/airflow/example_dags/example_inlet_event_extra.py took 0.170 seconds
[2024-10-28T18:07:32.076+0000] {processor.py:186} INFO - Started process (PID=572) to work on /home/airflow/.local/lib/python3.12/site-packages/airflow/example_dags/example_inlet_event_extra.py
[2024-10-28T18:07:32.077+0000] {processor.py:914} INFO - Processing file /home/airflow/.local/lib/python3.12/site-packages/airflow/example_dags/example_inlet_event_extra.py for tasks to queue
[2024-10-28T18:07:32.079+0000] {logging_mixin.py:190} INFO - [2024-10-28T18:07:32.078+0000] {dagbag.py:588} INFO - Filling up the DagBag from /home/airflow/.local/lib/python3.12/site-packages/airflow/example_dags/example_inlet_event_extra.py
[2024-10-28T18:07:32.173+0000] {processor.py:925} INFO - DAG(s) 'read_dataset_event_from_classic', 'read_dataset_event' retrieved from /home/airflow/.local/lib/python3.12/site-packages/airflow/example_dags/example_inlet_event_extra.py
[2024-10-28T18:07:32.189+0000] {logging_mixin.py:190} INFO - [2024-10-28T18:07:32.189+0000] {dag.py:3239} INFO - Sync 2 DAGs
[2024-10-28T18:07:32.207+0000] {logging_mixin.py:190} INFO - [2024-10-28T18:07:32.207+0000] {dag.py:4180} INFO - Setting next_dagrun for read_dataset_event to 2024-10-27 00:00:00+00:00, run_after=2024-10-28 00:00:00+00:00
[2024-10-28T18:07:32.213+0000] {logging_mixin.py:190} INFO - [2024-10-28T18:07:32.213+0000] {dag.py:4180} INFO - Setting next_dagrun for read_dataset_event_from_classic to 2024-10-27 00:00:00+00:00, run_after=2024-10-28 00:00:00+00:00
[2024-10-28T18:07:32.236+0000] {processor.py:208} INFO - Processing /home/airflow/.local/lib/python3.12/site-packages/airflow/example_dags/example_inlet_event_extra.py took 0.166 seconds
[2024-10-28T18:08:02.597+0000] {processor.py:186} INFO - Started process (PID=638) to work on /home/airflow/.local/lib/python3.12/site-packages/airflow/example_dags/example_inlet_event_extra.py
[2024-10-28T18:08:02.598+0000] {processor.py:914} INFO - Processing file /home/airflow/.local/lib/python3.12/site-packages/airflow/example_dags/example_inlet_event_extra.py for tasks to queue
[2024-10-28T18:08:02.600+0000] {logging_mixin.py:190} INFO - [2024-10-28T18:08:02.600+0000] {dagbag.py:588} INFO - Filling up the DagBag from /home/airflow/.local/lib/python3.12/site-packages/airflow/example_dags/example_inlet_event_extra.py
[2024-10-28T18:08:02.706+0000] {processor.py:925} INFO - DAG(s) 'read_dataset_event_from_classic', 'read_dataset_event' retrieved from /home/airflow/.local/lib/python3.12/site-packages/airflow/example_dags/example_inlet_event_extra.py
[2024-10-28T18:08:02.723+0000] {logging_mixin.py:190} INFO - [2024-10-28T18:08:02.722+0000] {dag.py:3239} INFO - Sync 2 DAGs
[2024-10-28T18:08:02.742+0000] {logging_mixin.py:190} INFO - [2024-10-28T18:08:02.742+0000] {dag.py:4180} INFO - Setting next_dagrun for read_dataset_event to 2024-10-27 00:00:00+00:00, run_after=2024-10-28 00:00:00+00:00
[2024-10-28T18:08:02.746+0000] {logging_mixin.py:190} INFO - [2024-10-28T18:08:02.746+0000] {dag.py:4180} INFO - Setting next_dagrun for read_dataset_event_from_classic to 2024-10-27 00:00:00+00:00, run_after=2024-10-28 00:00:00+00:00
[2024-10-28T18:08:02.765+0000] {processor.py:208} INFO - Processing /home/airflow/.local/lib/python3.12/site-packages/airflow/example_dags/example_inlet_event_extra.py took 0.172 seconds
[2024-10-28T18:08:33.033+0000] {processor.py:186} INFO - Started process (PID=704) to work on /home/airflow/.local/lib/python3.12/site-packages/airflow/example_dags/example_inlet_event_extra.py
[2024-10-28T18:08:33.034+0000] {processor.py:914} INFO - Processing file /home/airflow/.local/lib/python3.12/site-packages/airflow/example_dags/example_inlet_event_extra.py for tasks to queue
[2024-10-28T18:08:33.036+0000] {logging_mixin.py:190} INFO - [2024-10-28T18:08:33.036+0000] {dagbag.py:588} INFO - Filling up the DagBag from /home/airflow/.local/lib/python3.12/site-packages/airflow/example_dags/example_inlet_event_extra.py
[2024-10-28T18:08:33.142+0000] {processor.py:925} INFO - DAG(s) 'read_dataset_event', 'read_dataset_event_from_classic' retrieved from /home/airflow/.local/lib/python3.12/site-packages/airflow/example_dags/example_inlet_event_extra.py
[2024-10-28T18:08:33.164+0000] {logging_mixin.py:190} INFO - [2024-10-28T18:08:33.164+0000] {dag.py:3239} INFO - Sync 2 DAGs
[2024-10-28T18:08:33.182+0000] {logging_mixin.py:190} INFO - [2024-10-28T18:08:33.182+0000] {dag.py:4180} INFO - Setting next_dagrun for read_dataset_event to 2024-10-27 00:00:00+00:00, run_after=2024-10-28 00:00:00+00:00
[2024-10-28T18:08:33.186+0000] {logging_mixin.py:190} INFO - [2024-10-28T18:08:33.186+0000] {dag.py:4180} INFO - Setting next_dagrun for read_dataset_event_from_classic to 2024-10-27 00:00:00+00:00, run_after=2024-10-28 00:00:00+00:00
[2024-10-28T18:08:33.200+0000] {processor.py:208} INFO - Processing /home/airflow/.local/lib/python3.12/site-packages/airflow/example_dags/example_inlet_event_extra.py took 0.172 seconds
[2024-10-28T18:09:03.400+0000] {processor.py:186} INFO - Started process (PID=771) to work on /home/airflow/.local/lib/python3.12/site-packages/airflow/example_dags/example_inlet_event_extra.py
[2024-10-28T18:09:03.400+0000] {processor.py:914} INFO - Processing file /home/airflow/.local/lib/python3.12/site-packages/airflow/example_dags/example_inlet_event_extra.py for tasks to queue
[2024-10-28T18:09:03.402+0000] {logging_mixin.py:190} INFO - [2024-10-28T18:09:03.402+0000] {dagbag.py:588} INFO - Filling up the DagBag from /home/airflow/.local/lib/python3.12/site-packages/airflow/example_dags/example_inlet_event_extra.py
[2024-10-28T18:09:03.484+0000] {processor.py:925} INFO - DAG(s) 'read_dataset_event', 'read_dataset_event_from_classic' retrieved from /home/airflow/.local/lib/python3.12/site-packages/airflow/example_dags/example_inlet_event_extra.py
[2024-10-28T18:09:03.499+0000] {logging_mixin.py:190} INFO - [2024-10-28T18:09:03.499+0000] {dag.py:3239} INFO - Sync 2 DAGs
[2024-10-28T18:09:03.514+0000] {logging_mixin.py:190} INFO - [2024-10-28T18:09:03.514+0000] {dag.py:4180} INFO - Setting next_dagrun for read_dataset_event to 2024-10-27 00:00:00+00:00, run_after=2024-10-28 00:00:00+00:00
[2024-10-28T18:09:03.519+0000] {logging_mixin.py:190} INFO - [2024-10-28T18:09:03.519+0000] {dag.py:4180} INFO - Setting next_dagrun for read_dataset_event_from_classic to 2024-10-27 00:00:00+00:00, run_after=2024-10-28 00:00:00+00:00
[2024-10-28T18:09:03.540+0000] {processor.py:208} INFO - Processing /home/airflow/.local/lib/python3.12/site-packages/airflow/example_dags/example_inlet_event_extra.py took 0.144 seconds
[2024-10-28T18:09:33.816+0000] {processor.py:186} INFO - Started process (PID=835) to work on /home/airflow/.local/lib/python3.12/site-packages/airflow/example_dags/example_inlet_event_extra.py
[2024-10-28T18:09:33.818+0000] {processor.py:914} INFO - Processing file /home/airflow/.local/lib/python3.12/site-packages/airflow/example_dags/example_inlet_event_extra.py for tasks to queue
[2024-10-28T18:09:33.820+0000] {logging_mixin.py:190} INFO - [2024-10-28T18:09:33.819+0000] {dagbag.py:588} INFO - Filling up the DagBag from /home/airflow/.local/lib/python3.12/site-packages/airflow/example_dags/example_inlet_event_extra.py
[2024-10-28T18:09:33.911+0000] {processor.py:925} INFO - DAG(s) 'read_dataset_event', 'read_dataset_event_from_classic' retrieved from /home/airflow/.local/lib/python3.12/site-packages/airflow/example_dags/example_inlet_event_extra.py
[2024-10-28T18:09:33.928+0000] {logging_mixin.py:190} INFO - [2024-10-28T18:09:33.928+0000] {dag.py:3239} INFO - Sync 2 DAGs
[2024-10-28T18:09:33.945+0000] {logging_mixin.py:190} INFO - [2024-10-28T18:09:33.945+0000] {dag.py:4180} INFO - Setting next_dagrun for read_dataset_event to 2024-10-27 00:00:00+00:00, run_after=2024-10-28 00:00:00+00:00
[2024-10-28T18:09:33.950+0000] {logging_mixin.py:190} INFO - [2024-10-28T18:09:33.950+0000] {dag.py:4180} INFO - Setting next_dagrun for read_dataset_event_from_classic to 2024-10-27 00:00:00+00:00, run_after=2024-10-28 00:00:00+00:00
[2024-10-28T18:09:33.974+0000] {processor.py:208} INFO - Processing /home/airflow/.local/lib/python3.12/site-packages/airflow/example_dags/example_inlet_event_extra.py took 0.163 seconds
[2024-10-28T18:10:04.076+0000] {processor.py:186} INFO - Started process (PID=901) to work on /home/airflow/.local/lib/python3.12/site-packages/airflow/example_dags/example_inlet_event_extra.py
[2024-10-28T18:10:04.077+0000] {processor.py:914} INFO - Processing file /home/airflow/.local/lib/python3.12/site-packages/airflow/example_dags/example_inlet_event_extra.py for tasks to queue
[2024-10-28T18:10:04.080+0000] {logging_mixin.py:190} INFO - [2024-10-28T18:10:04.080+0000] {dagbag.py:588} INFO - Filling up the DagBag from /home/airflow/.local/lib/python3.12/site-packages/airflow/example_dags/example_inlet_event_extra.py
[2024-10-28T18:10:04.171+0000] {processor.py:925} INFO - DAG(s) 'read_dataset_event', 'read_dataset_event_from_classic' retrieved from /home/airflow/.local/lib/python3.12/site-packages/airflow/example_dags/example_inlet_event_extra.py
[2024-10-28T18:10:04.189+0000] {logging_mixin.py:190} INFO - [2024-10-28T18:10:04.188+0000] {dag.py:3239} INFO - Sync 2 DAGs
[2024-10-28T18:10:04.203+0000] {logging_mixin.py:190} INFO - [2024-10-28T18:10:04.203+0000] {dag.py:4180} INFO - Setting next_dagrun for read_dataset_event to 2024-10-27 00:00:00+00:00, run_after=2024-10-28 00:00:00+00:00
[2024-10-28T18:10:04.206+0000] {logging_mixin.py:190} INFO - [2024-10-28T18:10:04.206+0000] {dag.py:4180} INFO - Setting next_dagrun for read_dataset_event_from_classic to 2024-10-27 00:00:00+00:00, run_after=2024-10-28 00:00:00+00:00
[2024-10-28T18:10:04.227+0000] {processor.py:208} INFO - Processing /home/airflow/.local/lib/python3.12/site-packages/airflow/example_dags/example_inlet_event_extra.py took 0.155 seconds
[2024-10-28T18:10:34.359+0000] {processor.py:186} INFO - Started process (PID=967) to work on /home/airflow/.local/lib/python3.12/site-packages/airflow/example_dags/example_inlet_event_extra.py
[2024-10-28T18:10:34.360+0000] {processor.py:914} INFO - Processing file /home/airflow/.local/lib/python3.12/site-packages/airflow/example_dags/example_inlet_event_extra.py for tasks to queue
[2024-10-28T18:10:34.362+0000] {logging_mixin.py:190} INFO - [2024-10-28T18:10:34.362+0000] {dagbag.py:588} INFO - Filling up the DagBag from /home/airflow/.local/lib/python3.12/site-packages/airflow/example_dags/example_inlet_event_extra.py
[2024-10-28T18:10:34.450+0000] {processor.py:925} INFO - DAG(s) 'read_dataset_event', 'read_dataset_event_from_classic' retrieved from /home/airflow/.local/lib/python3.12/site-packages/airflow/example_dags/example_inlet_event_extra.py
[2024-10-28T18:10:34.465+0000] {logging_mixin.py:190} INFO - [2024-10-28T18:10:34.464+0000] {dag.py:3239} INFO - Sync 2 DAGs
[2024-10-28T18:10:34.480+0000] {logging_mixin.py:190} INFO - [2024-10-28T18:10:34.480+0000] {dag.py:4180} INFO - Setting next_dagrun for read_dataset_event to 2024-10-27 00:00:00+00:00, run_after=2024-10-28 00:00:00+00:00
[2024-10-28T18:10:34.483+0000] {logging_mixin.py:190} INFO - [2024-10-28T18:10:34.483+0000] {dag.py:4180} INFO - Setting next_dagrun for read_dataset_event_from_classic to 2024-10-27 00:00:00+00:00, run_after=2024-10-28 00:00:00+00:00
[2024-10-28T18:10:34.503+0000] {processor.py:208} INFO - Processing /home/airflow/.local/lib/python3.12/site-packages/airflow/example_dags/example_inlet_event_extra.py took 0.148 seconds
[2024-10-28T18:11:04.591+0000] {processor.py:186} INFO - Started process (PID=1033) to work on /home/airflow/.local/lib/python3.12/site-packages/airflow/example_dags/example_inlet_event_extra.py
[2024-10-28T18:11:04.592+0000] {processor.py:914} INFO - Processing file /home/airflow/.local/lib/python3.12/site-packages/airflow/example_dags/example_inlet_event_extra.py for tasks to queue
[2024-10-28T18:11:04.594+0000] {logging_mixin.py:190} INFO - [2024-10-28T18:11:04.593+0000] {dagbag.py:588} INFO - Filling up the DagBag from /home/airflow/.local/lib/python3.12/site-packages/airflow/example_dags/example_inlet_event_extra.py
[2024-10-28T18:11:04.685+0000] {processor.py:925} INFO - DAG(s) 'read_dataset_event', 'read_dataset_event_from_classic' retrieved from /home/airflow/.local/lib/python3.12/site-packages/airflow/example_dags/example_inlet_event_extra.py
[2024-10-28T18:11:04.699+0000] {logging_mixin.py:190} INFO - [2024-10-28T18:11:04.699+0000] {dag.py:3239} INFO - Sync 2 DAGs
[2024-10-28T18:11:04.715+0000] {logging_mixin.py:190} INFO - [2024-10-28T18:11:04.715+0000] {dag.py:4180} INFO - Setting next_dagrun for read_dataset_event to 2024-10-27 00:00:00+00:00, run_after=2024-10-28 00:00:00+00:00
[2024-10-28T18:11:04.719+0000] {logging_mixin.py:190} INFO - [2024-10-28T18:11:04.719+0000] {dag.py:4180} INFO - Setting next_dagrun for read_dataset_event_from_classic to 2024-10-27 00:00:00+00:00, run_after=2024-10-28 00:00:00+00:00
[2024-10-28T18:11:04.738+0000] {processor.py:208} INFO - Processing /home/airflow/.local/lib/python3.12/site-packages/airflow/example_dags/example_inlet_event_extra.py took 0.151 seconds
[2024-10-28T18:11:35.608+0000] {processor.py:186} INFO - Started process (PID=1099) to work on /home/airflow/.local/lib/python3.12/site-packages/airflow/example_dags/example_inlet_event_extra.py
[2024-10-28T18:11:35.609+0000] {processor.py:914} INFO - Processing file /home/airflow/.local/lib/python3.12/site-packages/airflow/example_dags/example_inlet_event_extra.py for tasks to queue
[2024-10-28T18:11:35.611+0000] {logging_mixin.py:190} INFO - [2024-10-28T18:11:35.611+0000] {dagbag.py:588} INFO - Filling up the DagBag from /home/airflow/.local/lib/python3.12/site-packages/airflow/example_dags/example_inlet_event_extra.py
[2024-10-28T18:11:35.704+0000] {processor.py:925} INFO - DAG(s) 'read_dataset_event', 'read_dataset_event_from_classic' retrieved from /home/airflow/.local/lib/python3.12/site-packages/airflow/example_dags/example_inlet_event_extra.py
[2024-10-28T18:11:35.721+0000] {logging_mixin.py:190} INFO - [2024-10-28T18:11:35.721+0000] {dag.py:3239} INFO - Sync 2 DAGs
[2024-10-28T18:11:35.737+0000] {logging_mixin.py:190} INFO - [2024-10-28T18:11:35.736+0000] {dag.py:4180} INFO - Setting next_dagrun for read_dataset_event to 2024-10-27 00:00:00+00:00, run_after=2024-10-28 00:00:00+00:00
[2024-10-28T18:11:35.740+0000] {logging_mixin.py:190} INFO - [2024-10-28T18:11:35.740+0000] {dag.py:4180} INFO - Setting next_dagrun for read_dataset_event_from_classic to 2024-10-27 00:00:00+00:00, run_after=2024-10-28 00:00:00+00:00
[2024-10-28T18:11:35.759+0000] {processor.py:208} INFO - Processing /home/airflow/.local/lib/python3.12/site-packages/airflow/example_dags/example_inlet_event_extra.py took 0.155 seconds
[2024-10-28T18:12:06.516+0000] {processor.py:186} INFO - Started process (PID=1165) to work on /home/airflow/.local/lib/python3.12/site-packages/airflow/example_dags/example_inlet_event_extra.py
[2024-10-28T18:12:06.516+0000] {processor.py:914} INFO - Processing file /home/airflow/.local/lib/python3.12/site-packages/airflow/example_dags/example_inlet_event_extra.py for tasks to queue
[2024-10-28T18:12:06.518+0000] {logging_mixin.py:190} INFO - [2024-10-28T18:12:06.518+0000] {dagbag.py:588} INFO - Filling up the DagBag from /home/airflow/.local/lib/python3.12/site-packages/airflow/example_dags/example_inlet_event_extra.py
[2024-10-28T18:12:06.609+0000] {processor.py:925} INFO - DAG(s) 'read_dataset_event_from_classic', 'read_dataset_event' retrieved from /home/airflow/.local/lib/python3.12/site-packages/airflow/example_dags/example_inlet_event_extra.py
[2024-10-28T18:12:06.629+0000] {logging_mixin.py:190} INFO - [2024-10-28T18:12:06.629+0000] {dag.py:3239} INFO - Sync 2 DAGs
[2024-10-28T18:12:06.645+0000] {logging_mixin.py:190} INFO - [2024-10-28T18:12:06.645+0000] {dag.py:4180} INFO - Setting next_dagrun for read_dataset_event to 2024-10-27 00:00:00+00:00, run_after=2024-10-28 00:00:00+00:00
[2024-10-28T18:12:06.649+0000] {logging_mixin.py:190} INFO - [2024-10-28T18:12:06.649+0000] {dag.py:4180} INFO - Setting next_dagrun for read_dataset_event_from_classic to 2024-10-27 00:00:00+00:00, run_after=2024-10-28 00:00:00+00:00
[2024-10-28T18:12:06.670+0000] {processor.py:208} INFO - Processing /home/airflow/.local/lib/python3.12/site-packages/airflow/example_dags/example_inlet_event_extra.py took 0.158 seconds
[2024-10-28T18:12:36.923+0000] {processor.py:186} INFO - Started process (PID=1232) to work on /home/airflow/.local/lib/python3.12/site-packages/airflow/example_dags/example_inlet_event_extra.py
[2024-10-28T18:12:36.924+0000] {processor.py:914} INFO - Processing file /home/airflow/.local/lib/python3.12/site-packages/airflow/example_dags/example_inlet_event_extra.py for tasks to queue
[2024-10-28T18:12:36.926+0000] {logging_mixin.py:190} INFO - [2024-10-28T18:12:36.925+0000] {dagbag.py:588} INFO - Filling up the DagBag from /home/airflow/.local/lib/python3.12/site-packages/airflow/example_dags/example_inlet_event_extra.py
[2024-10-28T18:12:37.012+0000] {processor.py:925} INFO - DAG(s) 'read_dataset_event_from_classic', 'read_dataset_event' retrieved from /home/airflow/.local/lib/python3.12/site-packages/airflow/example_dags/example_inlet_event_extra.py
[2024-10-28T18:12:37.026+0000] {logging_mixin.py:190} INFO - [2024-10-28T18:12:37.026+0000] {dag.py:3239} INFO - Sync 2 DAGs
[2024-10-28T18:12:37.045+0000] {logging_mixin.py:190} INFO - [2024-10-28T18:12:37.045+0000] {dag.py:4180} INFO - Setting next_dagrun for read_dataset_event to 2024-10-27 00:00:00+00:00, run_after=2024-10-28 00:00:00+00:00
[2024-10-28T18:12:37.049+0000] {logging_mixin.py:190} INFO - [2024-10-28T18:12:37.048+0000] {dag.py:4180} INFO - Setting next_dagrun for read_dataset_event_from_classic to 2024-10-27 00:00:00+00:00, run_after=2024-10-28 00:00:00+00:00
[2024-10-28T18:12:37.069+0000] {processor.py:208} INFO - Processing /home/airflow/.local/lib/python3.12/site-packages/airflow/example_dags/example_inlet_event_extra.py took 0.149 seconds
[2024-10-28T18:13:07.823+0000] {processor.py:186} INFO - Started process (PID=1298) to work on /home/airflow/.local/lib/python3.12/site-packages/airflow/example_dags/example_inlet_event_extra.py
[2024-10-28T18:13:07.824+0000] {processor.py:914} INFO - Processing file /home/airflow/.local/lib/python3.12/site-packages/airflow/example_dags/example_inlet_event_extra.py for tasks to queue
[2024-10-28T18:13:07.826+0000] {logging_mixin.py:190} INFO - [2024-10-28T18:13:07.826+0000] {dagbag.py:588} INFO - Filling up the DagBag from /home/airflow/.local/lib/python3.12/site-packages/airflow/example_dags/example_inlet_event_extra.py
[2024-10-28T18:13:07.909+0000] {processor.py:925} INFO - DAG(s) 'read_dataset_event', 'read_dataset_event_from_classic' retrieved from /home/airflow/.local/lib/python3.12/site-packages/airflow/example_dags/example_inlet_event_extra.py
[2024-10-28T18:13:07.925+0000] {logging_mixin.py:190} INFO - [2024-10-28T18:13:07.925+0000] {dag.py:3239} INFO - Sync 2 DAGs
[2024-10-28T18:13:07.942+0000] {logging_mixin.py:190} INFO - [2024-10-28T18:13:07.941+0000] {dag.py:4180} INFO - Setting next_dagrun for read_dataset_event to 2024-10-27 00:00:00+00:00, run_after=2024-10-28 00:00:00+00:00
[2024-10-28T18:13:07.945+0000] {logging_mixin.py:190} INFO - [2024-10-28T18:13:07.945+0000] {dag.py:4180} INFO - Setting next_dagrun for read_dataset_event_from_classic to 2024-10-27 00:00:00+00:00, run_after=2024-10-28 00:00:00+00:00
[2024-10-28T18:13:07.964+0000] {processor.py:208} INFO - Processing /home/airflow/.local/lib/python3.12/site-packages/airflow/example_dags/example_inlet_event_extra.py took 0.145 seconds
[2024-10-28T18:13:38.767+0000] {processor.py:186} INFO - Started process (PID=1364) to work on /home/airflow/.local/lib/python3.12/site-packages/airflow/example_dags/example_inlet_event_extra.py
[2024-10-28T18:13:38.768+0000] {processor.py:914} INFO - Processing file /home/airflow/.local/lib/python3.12/site-packages/airflow/example_dags/example_inlet_event_extra.py for tasks to queue
[2024-10-28T18:13:38.769+0000] {logging_mixin.py:190} INFO - [2024-10-28T18:13:38.769+0000] {dagbag.py:588} INFO - Filling up the DagBag from /home/airflow/.local/lib/python3.12/site-packages/airflow/example_dags/example_inlet_event_extra.py
[2024-10-28T18:13:38.853+0000] {processor.py:925} INFO - DAG(s) 'read_dataset_event', 'read_dataset_event_from_classic' retrieved from /home/airflow/.local/lib/python3.12/site-packages/airflow/example_dags/example_inlet_event_extra.py
[2024-10-28T18:13:38.869+0000] {logging_mixin.py:190} INFO - [2024-10-28T18:13:38.869+0000] {dag.py:3239} INFO - Sync 2 DAGs
[2024-10-28T18:13:38.884+0000] {logging_mixin.py:190} INFO - [2024-10-28T18:13:38.884+0000] {dag.py:4180} INFO - Setting next_dagrun for read_dataset_event to 2024-10-27 00:00:00+00:00, run_after=2024-10-28 00:00:00+00:00
[2024-10-28T18:13:38.887+0000] {logging_mixin.py:190} INFO - [2024-10-28T18:13:38.887+0000] {dag.py:4180} INFO - Setting next_dagrun for read_dataset_event_from_classic to 2024-10-27 00:00:00+00:00, run_after=2024-10-28 00:00:00+00:00
[2024-10-28T18:13:38.908+0000] {processor.py:208} INFO - Processing /home/airflow/.local/lib/python3.12/site-packages/airflow/example_dags/example_inlet_event_extra.py took 0.145 seconds
[2024-10-28T18:14:09.666+0000] {processor.py:186} INFO - Started process (PID=1430) to work on /home/airflow/.local/lib/python3.12/site-packages/airflow/example_dags/example_inlet_event_extra.py
[2024-10-28T18:14:09.667+0000] {processor.py:914} INFO - Processing file /home/airflow/.local/lib/python3.12/site-packages/airflow/example_dags/example_inlet_event_extra.py for tasks to queue
[2024-10-28T18:14:09.669+0000] {logging_mixin.py:190} INFO - [2024-10-28T18:14:09.669+0000] {dagbag.py:588} INFO - Filling up the DagBag from /home/airflow/.local/lib/python3.12/site-packages/airflow/example_dags/example_inlet_event_extra.py
[2024-10-28T18:14:09.755+0000] {processor.py:925} INFO - DAG(s) 'read_dataset_event_from_classic', 'read_dataset_event' retrieved from /home/airflow/.local/lib/python3.12/site-packages/airflow/example_dags/example_inlet_event_extra.py
[2024-10-28T18:14:09.774+0000] {logging_mixin.py:190} INFO - [2024-10-28T18:14:09.774+0000] {dag.py:3239} INFO - Sync 2 DAGs
[2024-10-28T18:14:09.789+0000] {logging_mixin.py:190} INFO - [2024-10-28T18:14:09.789+0000] {dag.py:4180} INFO - Setting next_dagrun for read_dataset_event to 2024-10-27 00:00:00+00:00, run_after=2024-10-28 00:00:00+00:00
[2024-10-28T18:14:09.793+0000] {logging_mixin.py:190} INFO - [2024-10-28T18:14:09.792+0000] {dag.py:4180} INFO - Setting next_dagrun for read_dataset_event_from_classic to 2024-10-27 00:00:00+00:00, run_after=2024-10-28 00:00:00+00:00
[2024-10-28T18:14:09.813+0000] {processor.py:208} INFO - Processing /home/airflow/.local/lib/python3.12/site-packages/airflow/example_dags/example_inlet_event_extra.py took 0.150 seconds
[2024-10-28T18:14:40.565+0000] {processor.py:186} INFO - Started process (PID=1496) to work on /home/airflow/.local/lib/python3.12/site-packages/airflow/example_dags/example_inlet_event_extra.py
[2024-10-28T18:14:40.566+0000] {processor.py:914} INFO - Processing file /home/airflow/.local/lib/python3.12/site-packages/airflow/example_dags/example_inlet_event_extra.py for tasks to queue
[2024-10-28T18:14:40.568+0000] {logging_mixin.py:190} INFO - [2024-10-28T18:14:40.568+0000] {dagbag.py:588} INFO - Filling up the DagBag from /home/airflow/.local/lib/python3.12/site-packages/airflow/example_dags/example_inlet_event_extra.py
[2024-10-28T18:14:40.660+0000] {processor.py:925} INFO - DAG(s) 'read_dataset_event_from_classic', 'read_dataset_event' retrieved from /home/airflow/.local/lib/python3.12/site-packages/airflow/example_dags/example_inlet_event_extra.py
[2024-10-28T18:14:40.677+0000] {logging_mixin.py:190} INFO - [2024-10-28T18:14:40.676+0000] {dag.py:3239} INFO - Sync 2 DAGs
[2024-10-28T18:14:40.695+0000] {logging_mixin.py:190} INFO - [2024-10-28T18:14:40.695+0000] {dag.py:4180} INFO - Setting next_dagrun for read_dataset_event to 2024-10-27 00:00:00+00:00, run_after=2024-10-28 00:00:00+00:00
[2024-10-28T18:14:40.699+0000] {logging_mixin.py:190} INFO - [2024-10-28T18:14:40.698+0000] {dag.py:4180} INFO - Setting next_dagrun for read_dataset_event_from_classic to 2024-10-27 00:00:00+00:00, run_after=2024-10-28 00:00:00+00:00
[2024-10-28T18:14:40.719+0000] {processor.py:208} INFO - Processing /home/airflow/.local/lib/python3.12/site-packages/airflow/example_dags/example_inlet_event_extra.py took 0.159 seconds
[2024-10-28T18:15:11.124+0000] {processor.py:186} INFO - Started process (PID=1562) to work on /home/airflow/.local/lib/python3.12/site-packages/airflow/example_dags/example_inlet_event_extra.py
[2024-10-28T18:15:11.125+0000] {processor.py:914} INFO - Processing file /home/airflow/.local/lib/python3.12/site-packages/airflow/example_dags/example_inlet_event_extra.py for tasks to queue
[2024-10-28T18:15:11.127+0000] {logging_mixin.py:190} INFO - [2024-10-28T18:15:11.127+0000] {dagbag.py:588} INFO - Filling up the DagBag from /home/airflow/.local/lib/python3.12/site-packages/airflow/example_dags/example_inlet_event_extra.py
[2024-10-28T18:15:11.225+0000] {processor.py:925} INFO - DAG(s) 'read_dataset_event', 'read_dataset_event_from_classic' retrieved from /home/airflow/.local/lib/python3.12/site-packages/airflow/example_dags/example_inlet_event_extra.py
[2024-10-28T18:15:11.240+0000] {logging_mixin.py:190} INFO - [2024-10-28T18:15:11.240+0000] {dag.py:3239} INFO - Sync 2 DAGs
[2024-10-28T18:15:11.256+0000] {logging_mixin.py:190} INFO - [2024-10-28T18:15:11.256+0000] {dag.py:4180} INFO - Setting next_dagrun for read_dataset_event to 2024-10-27 00:00:00+00:00, run_after=2024-10-28 00:00:00+00:00
[2024-10-28T18:15:11.261+0000] {logging_mixin.py:190} INFO - [2024-10-28T18:15:11.261+0000] {dag.py:4180} INFO - Setting next_dagrun for read_dataset_event_from_classic to 2024-10-27 00:00:00+00:00, run_after=2024-10-28 00:00:00+00:00
[2024-10-28T18:15:11.281+0000] {processor.py:208} INFO - Processing /home/airflow/.local/lib/python3.12/site-packages/airflow/example_dags/example_inlet_event_extra.py took 0.162 seconds
[2024-10-28T18:15:41.820+0000] {processor.py:186} INFO - Started process (PID=1628) to work on /home/airflow/.local/lib/python3.12/site-packages/airflow/example_dags/example_inlet_event_extra.py
[2024-10-28T18:15:41.821+0000] {processor.py:914} INFO - Processing file /home/airflow/.local/lib/python3.12/site-packages/airflow/example_dags/example_inlet_event_extra.py for tasks to queue
[2024-10-28T18:15:41.823+0000] {logging_mixin.py:190} INFO - [2024-10-28T18:15:41.823+0000] {dagbag.py:588} INFO - Filling up the DagBag from /home/airflow/.local/lib/python3.12/site-packages/airflow/example_dags/example_inlet_event_extra.py
[2024-10-28T18:15:41.913+0000] {processor.py:925} INFO - DAG(s) 'read_dataset_event', 'read_dataset_event_from_classic' retrieved from /home/airflow/.local/lib/python3.12/site-packages/airflow/example_dags/example_inlet_event_extra.py
[2024-10-28T18:15:41.930+0000] {logging_mixin.py:190} INFO - [2024-10-28T18:15:41.930+0000] {dag.py:3239} INFO - Sync 2 DAGs
[2024-10-28T18:15:41.948+0000] {logging_mixin.py:190} INFO - [2024-10-28T18:15:41.947+0000] {dag.py:4180} INFO - Setting next_dagrun for read_dataset_event to 2024-10-27 00:00:00+00:00, run_after=2024-10-28 00:00:00+00:00
[2024-10-28T18:15:41.952+0000] {logging_mixin.py:190} INFO - [2024-10-28T18:15:41.952+0000] {dag.py:4180} INFO - Setting next_dagrun for read_dataset_event_from_classic to 2024-10-27 00:00:00+00:00, run_after=2024-10-28 00:00:00+00:00
[2024-10-28T18:15:41.965+0000] {processor.py:208} INFO - Processing /home/airflow/.local/lib/python3.12/site-packages/airflow/example_dags/example_inlet_event_extra.py took 0.149 seconds
[2024-10-28T18:16:12.677+0000] {processor.py:186} INFO - Started process (PID=1694) to work on /home/airflow/.local/lib/python3.12/site-packages/airflow/example_dags/example_inlet_event_extra.py
[2024-10-28T18:16:12.678+0000] {processor.py:914} INFO - Processing file /home/airflow/.local/lib/python3.12/site-packages/airflow/example_dags/example_inlet_event_extra.py for tasks to queue
[2024-10-28T18:16:12.680+0000] {logging_mixin.py:190} INFO - [2024-10-28T18:16:12.680+0000] {dagbag.py:588} INFO - Filling up the DagBag from /home/airflow/.local/lib/python3.12/site-packages/airflow/example_dags/example_inlet_event_extra.py
[2024-10-28T18:16:12.771+0000] {processor.py:925} INFO - DAG(s) 'read_dataset_event', 'read_dataset_event_from_classic' retrieved from /home/airflow/.local/lib/python3.12/site-packages/airflow/example_dags/example_inlet_event_extra.py
[2024-10-28T18:16:12.788+0000] {logging_mixin.py:190} INFO - [2024-10-28T18:16:12.788+0000] {dag.py:3239} INFO - Sync 2 DAGs
[2024-10-28T18:16:12.805+0000] {logging_mixin.py:190} INFO - [2024-10-28T18:16:12.805+0000] {dag.py:4180} INFO - Setting next_dagrun for read_dataset_event to 2024-10-27 00:00:00+00:00, run_after=2024-10-28 00:00:00+00:00
[2024-10-28T18:16:12.809+0000] {logging_mixin.py:190} INFO - [2024-10-28T18:16:12.808+0000] {dag.py:4180} INFO - Setting next_dagrun for read_dataset_event_from_classic to 2024-10-27 00:00:00+00:00, run_after=2024-10-28 00:00:00+00:00
[2024-10-28T18:16:12.827+0000] {processor.py:208} INFO - Processing /home/airflow/.local/lib/python3.12/site-packages/airflow/example_dags/example_inlet_event_extra.py took 0.154 seconds
[2024-10-28T18:16:43.390+0000] {processor.py:186} INFO - Started process (PID=1760) to work on /home/airflow/.local/lib/python3.12/site-packages/airflow/example_dags/example_inlet_event_extra.py
[2024-10-28T18:16:43.391+0000] {processor.py:914} INFO - Processing file /home/airflow/.local/lib/python3.12/site-packages/airflow/example_dags/example_inlet_event_extra.py for tasks to queue
[2024-10-28T18:16:43.393+0000] {logging_mixin.py:190} INFO - [2024-10-28T18:16:43.393+0000] {dagbag.py:588} INFO - Filling up the DagBag from /home/airflow/.local/lib/python3.12/site-packages/airflow/example_dags/example_inlet_event_extra.py
[2024-10-28T18:16:43.483+0000] {processor.py:925} INFO - DAG(s) 'read_dataset_event_from_classic', 'read_dataset_event' retrieved from /home/airflow/.local/lib/python3.12/site-packages/airflow/example_dags/example_inlet_event_extra.py
[2024-10-28T18:16:43.498+0000] {logging_mixin.py:190} INFO - [2024-10-28T18:16:43.498+0000] {dag.py:3239} INFO - Sync 2 DAGs
[2024-10-28T18:16:43.515+0000] {logging_mixin.py:190} INFO - [2024-10-28T18:16:43.515+0000] {dag.py:4180} INFO - Setting next_dagrun for read_dataset_event to 2024-10-27 00:00:00+00:00, run_after=2024-10-28 00:00:00+00:00
[2024-10-28T18:16:43.520+0000] {logging_mixin.py:190} INFO - [2024-10-28T18:16:43.520+0000] {dag.py:4180} INFO - Setting next_dagrun for read_dataset_event_from_classic to 2024-10-27 00:00:00+00:00, run_after=2024-10-28 00:00:00+00:00
[2024-10-28T18:16:43.662+0000] {processor.py:208} INFO - Processing /home/airflow/.local/lib/python3.12/site-packages/airflow/example_dags/example_inlet_event_extra.py took 0.276 seconds
[2024-10-28T18:17:14.204+0000] {processor.py:186} INFO - Started process (PID=1826) to work on /home/airflow/.local/lib/python3.12/site-packages/airflow/example_dags/example_inlet_event_extra.py
[2024-10-28T18:17:14.205+0000] {processor.py:914} INFO - Processing file /home/airflow/.local/lib/python3.12/site-packages/airflow/example_dags/example_inlet_event_extra.py for tasks to queue
[2024-10-28T18:17:14.207+0000] {logging_mixin.py:190} INFO - [2024-10-28T18:17:14.207+0000] {dagbag.py:588} INFO - Filling up the DagBag from /home/airflow/.local/lib/python3.12/site-packages/airflow/example_dags/example_inlet_event_extra.py
[2024-10-28T18:17:14.306+0000] {processor.py:925} INFO - DAG(s) 'read_dataset_event_from_classic', 'read_dataset_event' retrieved from /home/airflow/.local/lib/python3.12/site-packages/airflow/example_dags/example_inlet_event_extra.py
[2024-10-28T18:17:14.323+0000] {logging_mixin.py:190} INFO - [2024-10-28T18:17:14.322+0000] {dag.py:3239} INFO - Sync 2 DAGs
[2024-10-28T18:17:14.343+0000] {logging_mixin.py:190} INFO - [2024-10-28T18:17:14.343+0000] {dag.py:4180} INFO - Setting next_dagrun for read_dataset_event to 2024-10-27 00:00:00+00:00, run_after=2024-10-28 00:00:00+00:00
[2024-10-28T18:17:14.348+0000] {logging_mixin.py:190} INFO - [2024-10-28T18:17:14.348+0000] {dag.py:4180} INFO - Setting next_dagrun for read_dataset_event_from_classic to 2024-10-27 00:00:00+00:00, run_after=2024-10-28 00:00:00+00:00
[2024-10-28T18:17:14.370+0000] {processor.py:208} INFO - Processing /home/airflow/.local/lib/python3.12/site-packages/airflow/example_dags/example_inlet_event_extra.py took 0.170 seconds
[2024-10-28T18:17:44.634+0000] {processor.py:186} INFO - Started process (PID=1891) to work on /home/airflow/.local/lib/python3.12/site-packages/airflow/example_dags/example_inlet_event_extra.py
[2024-10-28T18:17:44.635+0000] {processor.py:914} INFO - Processing file /home/airflow/.local/lib/python3.12/site-packages/airflow/example_dags/example_inlet_event_extra.py for tasks to queue
[2024-10-28T18:17:44.637+0000] {logging_mixin.py:190} INFO - [2024-10-28T18:17:44.636+0000] {dagbag.py:588} INFO - Filling up the DagBag from /home/airflow/.local/lib/python3.12/site-packages/airflow/example_dags/example_inlet_event_extra.py
[2024-10-28T18:17:44.731+0000] {processor.py:925} INFO - DAG(s) 'read_dataset_event', 'read_dataset_event_from_classic' retrieved from /home/airflow/.local/lib/python3.12/site-packages/airflow/example_dags/example_inlet_event_extra.py
[2024-10-28T18:17:44.746+0000] {logging_mixin.py:190} INFO - [2024-10-28T18:17:44.746+0000] {dag.py:3239} INFO - Sync 2 DAGs
[2024-10-28T18:17:44.762+0000] {logging_mixin.py:190} INFO - [2024-10-28T18:17:44.761+0000] {dag.py:4180} INFO - Setting next_dagrun for read_dataset_event to 2024-10-27 00:00:00+00:00, run_after=2024-10-28 00:00:00+00:00
[2024-10-28T18:17:44.766+0000] {logging_mixin.py:190} INFO - [2024-10-28T18:17:44.766+0000] {dag.py:4180} INFO - Setting next_dagrun for read_dataset_event_from_classic to 2024-10-27 00:00:00+00:00, run_after=2024-10-28 00:00:00+00:00
[2024-10-28T18:17:44.786+0000] {processor.py:208} INFO - Processing /home/airflow/.local/lib/python3.12/site-packages/airflow/example_dags/example_inlet_event_extra.py took 0.156 seconds
[2024-10-28T18:18:15.643+0000] {processor.py:186} INFO - Started process (PID=1957) to work on /home/airflow/.local/lib/python3.12/site-packages/airflow/example_dags/example_inlet_event_extra.py
[2024-10-28T18:18:15.644+0000] {processor.py:914} INFO - Processing file /home/airflow/.local/lib/python3.12/site-packages/airflow/example_dags/example_inlet_event_extra.py for tasks to queue
[2024-10-28T18:18:15.645+0000] {logging_mixin.py:190} INFO - [2024-10-28T18:18:15.645+0000] {dagbag.py:588} INFO - Filling up the DagBag from /home/airflow/.local/lib/python3.12/site-packages/airflow/example_dags/example_inlet_event_extra.py
[2024-10-28T18:18:15.747+0000] {processor.py:925} INFO - DAG(s) 'read_dataset_event', 'read_dataset_event_from_classic' retrieved from /home/airflow/.local/lib/python3.12/site-packages/airflow/example_dags/example_inlet_event_extra.py
[2024-10-28T18:18:15.762+0000] {logging_mixin.py:190} INFO - [2024-10-28T18:18:15.762+0000] {dag.py:3239} INFO - Sync 2 DAGs
[2024-10-28T18:18:15.785+0000] {logging_mixin.py:190} INFO - [2024-10-28T18:18:15.785+0000] {dag.py:4180} INFO - Setting next_dagrun for read_dataset_event to 2024-10-27 00:00:00+00:00, run_after=2024-10-28 00:00:00+00:00
[2024-10-28T18:18:15.789+0000] {logging_mixin.py:190} INFO - [2024-10-28T18:18:15.789+0000] {dag.py:4180} INFO - Setting next_dagrun for read_dataset_event_from_classic to 2024-10-27 00:00:00+00:00, run_after=2024-10-28 00:00:00+00:00
[2024-10-28T18:18:15.803+0000] {processor.py:208} INFO - Processing /home/airflow/.local/lib/python3.12/site-packages/airflow/example_dags/example_inlet_event_extra.py took 0.164 seconds
[2024-10-28T18:18:46.565+0000] {processor.py:186} INFO - Started process (PID=2023) to work on /home/airflow/.local/lib/python3.12/site-packages/airflow/example_dags/example_inlet_event_extra.py
[2024-10-28T18:18:46.566+0000] {processor.py:914} INFO - Processing file /home/airflow/.local/lib/python3.12/site-packages/airflow/example_dags/example_inlet_event_extra.py for tasks to queue
[2024-10-28T18:18:46.569+0000] {logging_mixin.py:190} INFO - [2024-10-28T18:18:46.568+0000] {dagbag.py:588} INFO - Filling up the DagBag from /home/airflow/.local/lib/python3.12/site-packages/airflow/example_dags/example_inlet_event_extra.py
[2024-10-28T18:18:46.705+0000] {processor.py:925} INFO - DAG(s) 'read_dataset_event', 'read_dataset_event_from_classic' retrieved from /home/airflow/.local/lib/python3.12/site-packages/airflow/example_dags/example_inlet_event_extra.py
[2024-10-28T18:18:46.728+0000] {logging_mixin.py:190} INFO - [2024-10-28T18:18:46.728+0000] {dag.py:3239} INFO - Sync 2 DAGs
[2024-10-28T18:18:46.750+0000] {logging_mixin.py:190} INFO - [2024-10-28T18:18:46.750+0000] {dag.py:4180} INFO - Setting next_dagrun for read_dataset_event to 2024-10-27 00:00:00+00:00, run_after=2024-10-28 00:00:00+00:00
[2024-10-28T18:18:46.756+0000] {logging_mixin.py:190} INFO - [2024-10-28T18:18:46.755+0000] {dag.py:4180} INFO - Setting next_dagrun for read_dataset_event_from_classic to 2024-10-27 00:00:00+00:00, run_after=2024-10-28 00:00:00+00:00
[2024-10-28T18:18:46.772+0000] {processor.py:208} INFO - Processing /home/airflow/.local/lib/python3.12/site-packages/airflow/example_dags/example_inlet_event_extra.py took 0.213 seconds
[2024-10-28T18:19:17.044+0000] {processor.py:186} INFO - Started process (PID=2089) to work on /home/airflow/.local/lib/python3.12/site-packages/airflow/example_dags/example_inlet_event_extra.py
[2024-10-28T18:19:17.046+0000] {processor.py:914} INFO - Processing file /home/airflow/.local/lib/python3.12/site-packages/airflow/example_dags/example_inlet_event_extra.py for tasks to queue
[2024-10-28T18:19:17.048+0000] {logging_mixin.py:190} INFO - [2024-10-28T18:19:17.047+0000] {dagbag.py:588} INFO - Filling up the DagBag from /home/airflow/.local/lib/python3.12/site-packages/airflow/example_dags/example_inlet_event_extra.py
[2024-10-28T18:19:17.141+0000] {processor.py:925} INFO - DAG(s) 'read_dataset_event', 'read_dataset_event_from_classic' retrieved from /home/airflow/.local/lib/python3.12/site-packages/airflow/example_dags/example_inlet_event_extra.py
[2024-10-28T18:19:17.159+0000] {logging_mixin.py:190} INFO - [2024-10-28T18:19:17.159+0000] {dag.py:3239} INFO - Sync 2 DAGs
[2024-10-28T18:19:17.297+0000] {logging_mixin.py:190} INFO - [2024-10-28T18:19:17.297+0000] {dag.py:4180} INFO - Setting next_dagrun for read_dataset_event to 2024-10-27 00:00:00+00:00, run_after=2024-10-28 00:00:00+00:00
[2024-10-28T18:19:17.301+0000] {logging_mixin.py:190} INFO - [2024-10-28T18:19:17.301+0000] {dag.py:4180} INFO - Setting next_dagrun for read_dataset_event_from_classic to 2024-10-27 00:00:00+00:00, run_after=2024-10-28 00:00:00+00:00
[2024-10-28T18:19:17.319+0000] {processor.py:208} INFO - Processing /home/airflow/.local/lib/python3.12/site-packages/airflow/example_dags/example_inlet_event_extra.py took 0.279 seconds
[2024-10-28T18:19:47.806+0000] {processor.py:186} INFO - Started process (PID=2156) to work on /home/airflow/.local/lib/python3.12/site-packages/airflow/example_dags/example_inlet_event_extra.py
[2024-10-28T18:19:47.808+0000] {processor.py:914} INFO - Processing file /home/airflow/.local/lib/python3.12/site-packages/airflow/example_dags/example_inlet_event_extra.py for tasks to queue
[2024-10-28T18:19:47.811+0000] {logging_mixin.py:190} INFO - [2024-10-28T18:19:47.810+0000] {dagbag.py:588} INFO - Filling up the DagBag from /home/airflow/.local/lib/python3.12/site-packages/airflow/example_dags/example_inlet_event_extra.py
[2024-10-28T18:19:47.910+0000] {processor.py:925} INFO - DAG(s) 'read_dataset_event_from_classic', 'read_dataset_event' retrieved from /home/airflow/.local/lib/python3.12/site-packages/airflow/example_dags/example_inlet_event_extra.py
[2024-10-28T18:19:47.926+0000] {logging_mixin.py:190} INFO - [2024-10-28T18:19:47.926+0000] {dag.py:3239} INFO - Sync 2 DAGs
[2024-10-28T18:19:48.076+0000] {logging_mixin.py:190} INFO - [2024-10-28T18:19:48.076+0000] {dag.py:4180} INFO - Setting next_dagrun for read_dataset_event to 2024-10-27 00:00:00+00:00, run_after=2024-10-28 00:00:00+00:00
[2024-10-28T18:19:48.081+0000] {logging_mixin.py:190} INFO - [2024-10-28T18:19:48.081+0000] {dag.py:4180} INFO - Setting next_dagrun for read_dataset_event_from_classic to 2024-10-27 00:00:00+00:00, run_after=2024-10-28 00:00:00+00:00
[2024-10-28T18:19:48.101+0000] {processor.py:208} INFO - Processing /home/airflow/.local/lib/python3.12/site-packages/airflow/example_dags/example_inlet_event_extra.py took 0.305 seconds
[2024-10-28T18:20:18.772+0000] {processor.py:186} INFO - Started process (PID=2222) to work on /home/airflow/.local/lib/python3.12/site-packages/airflow/example_dags/example_inlet_event_extra.py
[2024-10-28T18:20:18.774+0000] {processor.py:914} INFO - Processing file /home/airflow/.local/lib/python3.12/site-packages/airflow/example_dags/example_inlet_event_extra.py for tasks to queue
[2024-10-28T18:20:18.776+0000] {logging_mixin.py:190} INFO - [2024-10-28T18:20:18.776+0000] {dagbag.py:588} INFO - Filling up the DagBag from /home/airflow/.local/lib/python3.12/site-packages/airflow/example_dags/example_inlet_event_extra.py
[2024-10-28T18:20:18.869+0000] {processor.py:925} INFO - DAG(s) 'read_dataset_event_from_classic', 'read_dataset_event' retrieved from /home/airflow/.local/lib/python3.12/site-packages/airflow/example_dags/example_inlet_event_extra.py
[2024-10-28T18:20:18.884+0000] {logging_mixin.py:190} INFO - [2024-10-28T18:20:18.884+0000] {dag.py:3239} INFO - Sync 2 DAGs
[2024-10-28T18:20:19.022+0000] {logging_mixin.py:190} INFO - [2024-10-28T18:20:19.022+0000] {dag.py:4180} INFO - Setting next_dagrun for read_dataset_event to 2024-10-27 00:00:00+00:00, run_after=2024-10-28 00:00:00+00:00
[2024-10-28T18:20:19.027+0000] {logging_mixin.py:190} INFO - [2024-10-28T18:20:19.026+0000] {dag.py:4180} INFO - Setting next_dagrun for read_dataset_event_from_classic to 2024-10-27 00:00:00+00:00, run_after=2024-10-28 00:00:00+00:00
[2024-10-28T18:20:19.048+0000] {processor.py:208} INFO - Processing /home/airflow/.local/lib/python3.12/site-packages/airflow/example_dags/example_inlet_event_extra.py took 0.279 seconds
[2024-10-28T18:20:49.440+0000] {processor.py:186} INFO - Started process (PID=2288) to work on /home/airflow/.local/lib/python3.12/site-packages/airflow/example_dags/example_inlet_event_extra.py
[2024-10-28T18:20:49.441+0000] {processor.py:914} INFO - Processing file /home/airflow/.local/lib/python3.12/site-packages/airflow/example_dags/example_inlet_event_extra.py for tasks to queue
[2024-10-28T18:20:49.443+0000] {logging_mixin.py:190} INFO - [2024-10-28T18:20:49.443+0000] {dagbag.py:588} INFO - Filling up the DagBag from /home/airflow/.local/lib/python3.12/site-packages/airflow/example_dags/example_inlet_event_extra.py
[2024-10-28T18:20:49.553+0000] {processor.py:925} INFO - DAG(s) 'read_dataset_event_from_classic', 'read_dataset_event' retrieved from /home/airflow/.local/lib/python3.12/site-packages/airflow/example_dags/example_inlet_event_extra.py
[2024-10-28T18:20:49.572+0000] {logging_mixin.py:190} INFO - [2024-10-28T18:20:49.571+0000] {dag.py:3239} INFO - Sync 2 DAGs
[2024-10-28T18:20:49.745+0000] {logging_mixin.py:190} INFO - [2024-10-28T18:20:49.745+0000] {dag.py:4180} INFO - Setting next_dagrun for read_dataset_event to 2024-10-27 00:00:00+00:00, run_after=2024-10-28 00:00:00+00:00
[2024-10-28T18:20:49.749+0000] {logging_mixin.py:190} INFO - [2024-10-28T18:20:49.749+0000] {dag.py:4180} INFO - Setting next_dagrun for read_dataset_event_from_classic to 2024-10-27 00:00:00+00:00, run_after=2024-10-28 00:00:00+00:00
[2024-10-28T18:20:49.772+0000] {processor.py:208} INFO - Processing /home/airflow/.local/lib/python3.12/site-packages/airflow/example_dags/example_inlet_event_extra.py took 0.335 seconds
[2024-10-28T18:21:20.564+0000] {processor.py:186} INFO - Started process (PID=2354) to work on /home/airflow/.local/lib/python3.12/site-packages/airflow/example_dags/example_inlet_event_extra.py
[2024-10-28T18:21:20.565+0000] {processor.py:914} INFO - Processing file /home/airflow/.local/lib/python3.12/site-packages/airflow/example_dags/example_inlet_event_extra.py for tasks to queue
[2024-10-28T18:21:20.568+0000] {logging_mixin.py:190} INFO - [2024-10-28T18:21:20.568+0000] {dagbag.py:588} INFO - Filling up the DagBag from /home/airflow/.local/lib/python3.12/site-packages/airflow/example_dags/example_inlet_event_extra.py
[2024-10-28T18:21:20.672+0000] {processor.py:925} INFO - DAG(s) 'read_dataset_event', 'read_dataset_event_from_classic' retrieved from /home/airflow/.local/lib/python3.12/site-packages/airflow/example_dags/example_inlet_event_extra.py
[2024-10-28T18:21:20.691+0000] {logging_mixin.py:190} INFO - [2024-10-28T18:21:20.690+0000] {dag.py:3239} INFO - Sync 2 DAGs
[2024-10-28T18:21:20.708+0000] {logging_mixin.py:190} INFO - [2024-10-28T18:21:20.708+0000] {dag.py:4180} INFO - Setting next_dagrun for read_dataset_event to 2024-10-27 00:00:00+00:00, run_after=2024-10-28 00:00:00+00:00
[2024-10-28T18:21:20.855+0000] {logging_mixin.py:190} INFO - [2024-10-28T18:21:20.855+0000] {dag.py:4180} INFO - Setting next_dagrun for read_dataset_event_from_classic to 2024-10-27 00:00:00+00:00, run_after=2024-10-28 00:00:00+00:00
[2024-10-28T18:21:20.880+0000] {processor.py:208} INFO - Processing /home/airflow/.local/lib/python3.12/site-packages/airflow/example_dags/example_inlet_event_extra.py took 0.320 seconds
[2024-10-28T18:21:51.646+0000] {processor.py:186} INFO - Started process (PID=2426) to work on /home/airflow/.local/lib/python3.12/site-packages/airflow/example_dags/example_inlet_event_extra.py
[2024-10-28T18:21:51.647+0000] {processor.py:914} INFO - Processing file /home/airflow/.local/lib/python3.12/site-packages/airflow/example_dags/example_inlet_event_extra.py for tasks to queue
[2024-10-28T18:21:51.650+0000] {logging_mixin.py:190} INFO - [2024-10-28T18:21:51.649+0000] {dagbag.py:588} INFO - Filling up the DagBag from /home/airflow/.local/lib/python3.12/site-packages/airflow/example_dags/example_inlet_event_extra.py
[2024-10-28T18:21:51.892+0000] {processor.py:925} INFO - DAG(s) 'read_dataset_event', 'read_dataset_event_from_classic' retrieved from /home/airflow/.local/lib/python3.12/site-packages/airflow/example_dags/example_inlet_event_extra.py
[2024-10-28T18:21:51.910+0000] {logging_mixin.py:190} INFO - [2024-10-28T18:21:51.910+0000] {dag.py:3239} INFO - Sync 2 DAGs
[2024-10-28T18:21:51.927+0000] {logging_mixin.py:190} INFO - [2024-10-28T18:21:51.927+0000] {dag.py:4180} INFO - Setting next_dagrun for read_dataset_event to 2024-10-27 00:00:00+00:00, run_after=2024-10-28 00:00:00+00:00
[2024-10-28T18:21:51.931+0000] {logging_mixin.py:190} INFO - [2024-10-28T18:21:51.931+0000] {dag.py:4180} INFO - Setting next_dagrun for read_dataset_event_from_classic to 2024-10-27 00:00:00+00:00, run_after=2024-10-28 00:00:00+00:00
[2024-10-28T18:21:51.952+0000] {processor.py:208} INFO - Processing /home/airflow/.local/lib/python3.12/site-packages/airflow/example_dags/example_inlet_event_extra.py took 0.310 seconds
[2024-10-28T18:22:22.805+0000] {processor.py:186} INFO - Started process (PID=2492) to work on /home/airflow/.local/lib/python3.12/site-packages/airflow/example_dags/example_inlet_event_extra.py
[2024-10-28T18:22:22.806+0000] {processor.py:914} INFO - Processing file /home/airflow/.local/lib/python3.12/site-packages/airflow/example_dags/example_inlet_event_extra.py for tasks to queue
[2024-10-28T18:22:22.808+0000] {logging_mixin.py:190} INFO - [2024-10-28T18:22:22.808+0000] {dagbag.py:588} INFO - Filling up the DagBag from /home/airflow/.local/lib/python3.12/site-packages/airflow/example_dags/example_inlet_event_extra.py
[2024-10-28T18:22:23.029+0000] {processor.py:925} INFO - DAG(s) 'read_dataset_event', 'read_dataset_event_from_classic' retrieved from /home/airflow/.local/lib/python3.12/site-packages/airflow/example_dags/example_inlet_event_extra.py
[2024-10-28T18:22:23.043+0000] {logging_mixin.py:190} INFO - [2024-10-28T18:22:23.043+0000] {dag.py:3239} INFO - Sync 2 DAGs
[2024-10-28T18:22:23.059+0000] {logging_mixin.py:190} INFO - [2024-10-28T18:22:23.058+0000] {dag.py:4180} INFO - Setting next_dagrun for read_dataset_event to 2024-10-27 00:00:00+00:00, run_after=2024-10-28 00:00:00+00:00
[2024-10-28T18:22:23.064+0000] {logging_mixin.py:190} INFO - [2024-10-28T18:22:23.063+0000] {dag.py:4180} INFO - Setting next_dagrun for read_dataset_event_from_classic to 2024-10-27 00:00:00+00:00, run_after=2024-10-28 00:00:00+00:00
[2024-10-28T18:22:23.084+0000] {processor.py:208} INFO - Processing /home/airflow/.local/lib/python3.12/site-packages/airflow/example_dags/example_inlet_event_extra.py took 0.283 seconds
[2024-10-28T18:22:53.133+0000] {processor.py:186} INFO - Started process (PID=2557) to work on /home/airflow/.local/lib/python3.12/site-packages/airflow/example_dags/example_inlet_event_extra.py
[2024-10-28T18:22:53.134+0000] {processor.py:914} INFO - Processing file /home/airflow/.local/lib/python3.12/site-packages/airflow/example_dags/example_inlet_event_extra.py for tasks to queue
[2024-10-28T18:22:53.136+0000] {logging_mixin.py:190} INFO - [2024-10-28T18:22:53.136+0000] {dagbag.py:588} INFO - Filling up the DagBag from /home/airflow/.local/lib/python3.12/site-packages/airflow/example_dags/example_inlet_event_extra.py
[2024-10-28T18:22:53.384+0000] {processor.py:925} INFO - DAG(s) 'read_dataset_event_from_classic', 'read_dataset_event' retrieved from /home/airflow/.local/lib/python3.12/site-packages/airflow/example_dags/example_inlet_event_extra.py
[2024-10-28T18:22:53.402+0000] {logging_mixin.py:190} INFO - [2024-10-28T18:22:53.402+0000] {dag.py:3239} INFO - Sync 2 DAGs
[2024-10-28T18:22:53.419+0000] {logging_mixin.py:190} INFO - [2024-10-28T18:22:53.419+0000] {dag.py:4180} INFO - Setting next_dagrun for read_dataset_event to 2024-10-27 00:00:00+00:00, run_after=2024-10-28 00:00:00+00:00
[2024-10-28T18:22:53.423+0000] {logging_mixin.py:190} INFO - [2024-10-28T18:22:53.423+0000] {dag.py:4180} INFO - Setting next_dagrun for read_dataset_event_from_classic to 2024-10-27 00:00:00+00:00, run_after=2024-10-28 00:00:00+00:00
[2024-10-28T18:22:53.446+0000] {processor.py:208} INFO - Processing /home/airflow/.local/lib/python3.12/site-packages/airflow/example_dags/example_inlet_event_extra.py took 0.316 seconds
[2024-10-28T18:23:23.507+0000] {processor.py:186} INFO - Started process (PID=2623) to work on /home/airflow/.local/lib/python3.12/site-packages/airflow/example_dags/example_inlet_event_extra.py
[2024-10-28T18:23:23.508+0000] {processor.py:914} INFO - Processing file /home/airflow/.local/lib/python3.12/site-packages/airflow/example_dags/example_inlet_event_extra.py for tasks to queue
[2024-10-28T18:23:23.509+0000] {logging_mixin.py:190} INFO - [2024-10-28T18:23:23.509+0000] {dagbag.py:588} INFO - Filling up the DagBag from /home/airflow/.local/lib/python3.12/site-packages/airflow/example_dags/example_inlet_event_extra.py
[2024-10-28T18:23:23.719+0000] {processor.py:925} INFO - DAG(s) 'read_dataset_event_from_classic', 'read_dataset_event' retrieved from /home/airflow/.local/lib/python3.12/site-packages/airflow/example_dags/example_inlet_event_extra.py
[2024-10-28T18:23:23.733+0000] {logging_mixin.py:190} INFO - [2024-10-28T18:23:23.732+0000] {dag.py:3239} INFO - Sync 2 DAGs
[2024-10-28T18:23:23.746+0000] {logging_mixin.py:190} INFO - [2024-10-28T18:23:23.746+0000] {dag.py:4180} INFO - Setting next_dagrun for read_dataset_event to 2024-10-27 00:00:00+00:00, run_after=2024-10-28 00:00:00+00:00
[2024-10-28T18:23:23.750+0000] {logging_mixin.py:190} INFO - [2024-10-28T18:23:23.750+0000] {dag.py:4180} INFO - Setting next_dagrun for read_dataset_event_from_classic to 2024-10-27 00:00:00+00:00, run_after=2024-10-28 00:00:00+00:00
[2024-10-28T18:23:23.767+0000] {processor.py:208} INFO - Processing /home/airflow/.local/lib/python3.12/site-packages/airflow/example_dags/example_inlet_event_extra.py took 0.265 seconds
[2024-10-28T18:23:53.833+0000] {processor.py:186} INFO - Started process (PID=2689) to work on /home/airflow/.local/lib/python3.12/site-packages/airflow/example_dags/example_inlet_event_extra.py
[2024-10-28T18:23:53.834+0000] {processor.py:914} INFO - Processing file /home/airflow/.local/lib/python3.12/site-packages/airflow/example_dags/example_inlet_event_extra.py for tasks to queue
[2024-10-28T18:23:53.836+0000] {logging_mixin.py:190} INFO - [2024-10-28T18:23:53.836+0000] {dagbag.py:588} INFO - Filling up the DagBag from /home/airflow/.local/lib/python3.12/site-packages/airflow/example_dags/example_inlet_event_extra.py
[2024-10-28T18:23:54.038+0000] {processor.py:925} INFO - DAG(s) 'read_dataset_event_from_classic', 'read_dataset_event' retrieved from /home/airflow/.local/lib/python3.12/site-packages/airflow/example_dags/example_inlet_event_extra.py
[2024-10-28T18:23:54.050+0000] {logging_mixin.py:190} INFO - [2024-10-28T18:23:54.050+0000] {dag.py:3239} INFO - Sync 2 DAGs
[2024-10-28T18:23:54.066+0000] {logging_mixin.py:190} INFO - [2024-10-28T18:23:54.066+0000] {dag.py:4180} INFO - Setting next_dagrun for read_dataset_event to 2024-10-27 00:00:00+00:00, run_after=2024-10-28 00:00:00+00:00
[2024-10-28T18:23:54.070+0000] {logging_mixin.py:190} INFO - [2024-10-28T18:23:54.070+0000] {dag.py:4180} INFO - Setting next_dagrun for read_dataset_event_from_classic to 2024-10-27 00:00:00+00:00, run_after=2024-10-28 00:00:00+00:00
[2024-10-28T18:23:54.091+0000] {processor.py:208} INFO - Processing /home/airflow/.local/lib/python3.12/site-packages/airflow/example_dags/example_inlet_event_extra.py took 0.261 seconds
[2024-10-28T18:24:24.705+0000] {processor.py:186} INFO - Started process (PID=2756) to work on /home/airflow/.local/lib/python3.12/site-packages/airflow/example_dags/example_inlet_event_extra.py
[2024-10-28T18:24:24.707+0000] {processor.py:914} INFO - Processing file /home/airflow/.local/lib/python3.12/site-packages/airflow/example_dags/example_inlet_event_extra.py for tasks to queue
[2024-10-28T18:24:24.709+0000] {logging_mixin.py:190} INFO - [2024-10-28T18:24:24.708+0000] {dagbag.py:588} INFO - Filling up the DagBag from /home/airflow/.local/lib/python3.12/site-packages/airflow/example_dags/example_inlet_event_extra.py
[2024-10-28T18:24:24.907+0000] {processor.py:925} INFO - DAG(s) 'read_dataset_event_from_classic', 'read_dataset_event' retrieved from /home/airflow/.local/lib/python3.12/site-packages/airflow/example_dags/example_inlet_event_extra.py
[2024-10-28T18:24:24.920+0000] {logging_mixin.py:190} INFO - [2024-10-28T18:24:24.920+0000] {dag.py:3239} INFO - Sync 2 DAGs
[2024-10-28T18:24:24.936+0000] {logging_mixin.py:190} INFO - [2024-10-28T18:24:24.935+0000] {dag.py:4180} INFO - Setting next_dagrun for read_dataset_event to 2024-10-27 00:00:00+00:00, run_after=2024-10-28 00:00:00+00:00
[2024-10-28T18:24:24.939+0000] {logging_mixin.py:190} INFO - [2024-10-28T18:24:24.939+0000] {dag.py:4180} INFO - Setting next_dagrun for read_dataset_event_from_classic to 2024-10-27 00:00:00+00:00, run_after=2024-10-28 00:00:00+00:00
[2024-10-28T18:24:24.949+0000] {processor.py:208} INFO - Processing /home/airflow/.local/lib/python3.12/site-packages/airflow/example_dags/example_inlet_event_extra.py took 0.247 seconds
[2024-10-28T18:24:55.155+0000] {processor.py:186} INFO - Started process (PID=2822) to work on /home/airflow/.local/lib/python3.12/site-packages/airflow/example_dags/example_inlet_event_extra.py
[2024-10-28T18:24:55.157+0000] {processor.py:914} INFO - Processing file /home/airflow/.local/lib/python3.12/site-packages/airflow/example_dags/example_inlet_event_extra.py for tasks to queue
[2024-10-28T18:24:55.159+0000] {logging_mixin.py:190} INFO - [2024-10-28T18:24:55.159+0000] {dagbag.py:588} INFO - Filling up the DagBag from /home/airflow/.local/lib/python3.12/site-packages/airflow/example_dags/example_inlet_event_extra.py
[2024-10-28T18:24:55.380+0000] {processor.py:925} INFO - DAG(s) 'read_dataset_event', 'read_dataset_event_from_classic' retrieved from /home/airflow/.local/lib/python3.12/site-packages/airflow/example_dags/example_inlet_event_extra.py
[2024-10-28T18:24:55.397+0000] {logging_mixin.py:190} INFO - [2024-10-28T18:24:55.396+0000] {dag.py:3239} INFO - Sync 2 DAGs
[2024-10-28T18:24:55.412+0000] {logging_mixin.py:190} INFO - [2024-10-28T18:24:55.412+0000] {dag.py:4180} INFO - Setting next_dagrun for read_dataset_event to 2024-10-27 00:00:00+00:00, run_after=2024-10-28 00:00:00+00:00
[2024-10-28T18:24:55.417+0000] {logging_mixin.py:190} INFO - [2024-10-28T18:24:55.417+0000] {dag.py:4180} INFO - Setting next_dagrun for read_dataset_event_from_classic to 2024-10-27 00:00:00+00:00, run_after=2024-10-28 00:00:00+00:00
[2024-10-28T18:24:55.430+0000] {processor.py:208} INFO - Processing /home/airflow/.local/lib/python3.12/site-packages/airflow/example_dags/example_inlet_event_extra.py took 0.278 seconds
