[2024-10-28T18:03:54.218+0000] {processor.py:186} INFO - Started process (PID=98) to work on /home/airflow/.local/lib/python3.12/site-packages/airflow/example_dags/example_external_task_marker_dag.py
[2024-10-28T18:03:54.220+0000] {processor.py:914} INFO - Processing file /home/airflow/.local/lib/python3.12/site-packages/airflow/example_dags/example_external_task_marker_dag.py for tasks to queue
[2024-10-28T18:03:54.225+0000] {logging_mixin.py:190} INFO - [2024-10-28T18:03:54.225+0000] {dagbag.py:588} INFO - Filling up the DagBag from /home/airflow/.local/lib/python3.12/site-packages/airflow/example_dags/example_external_task_marker_dag.py
[2024-10-28T18:03:54.240+0000] {processor.py:925} INFO - DAG(s) 'example_external_task_marker_parent', 'example_external_task_marker_child' retrieved from /home/airflow/.local/lib/python3.12/site-packages/airflow/example_dags/example_external_task_marker_dag.py
[2024-10-28T18:03:54.296+0000] {logging_mixin.py:190} INFO - [2024-10-28T18:03:54.296+0000] {dag.py:3239} INFO - Sync 2 DAGs
[2024-10-28T18:03:54.329+0000] {logging_mixin.py:190} INFO - [2024-10-28T18:03:54.329+0000] {dag.py:4180} INFO - Setting next_dagrun for example_external_task_marker_child to None, run_after=None
[2024-10-28T18:03:54.336+0000] {logging_mixin.py:190} INFO - [2024-10-28T18:03:54.336+0000] {dag.py:4180} INFO - Setting next_dagrun for example_external_task_marker_parent to None, run_after=None
[2024-10-28T18:03:54.371+0000] {processor.py:208} INFO - Processing /home/airflow/.local/lib/python3.12/site-packages/airflow/example_dags/example_external_task_marker_dag.py took 0.166 seconds
[2024-10-28T18:04:24.477+0000] {processor.py:186} INFO - Started process (PID=164) to work on /home/airflow/.local/lib/python3.12/site-packages/airflow/example_dags/example_external_task_marker_dag.py
[2024-10-28T18:04:24.478+0000] {processor.py:914} INFO - Processing file /home/airflow/.local/lib/python3.12/site-packages/airflow/example_dags/example_external_task_marker_dag.py for tasks to queue
[2024-10-28T18:04:24.480+0000] {logging_mixin.py:190} INFO - [2024-10-28T18:04:24.480+0000] {dagbag.py:588} INFO - Filling up the DagBag from /home/airflow/.local/lib/python3.12/site-packages/airflow/example_dags/example_external_task_marker_dag.py
[2024-10-28T18:04:24.486+0000] {processor.py:925} INFO - DAG(s) 'example_external_task_marker_child', 'example_external_task_marker_parent' retrieved from /home/airflow/.local/lib/python3.12/site-packages/airflow/example_dags/example_external_task_marker_dag.py
[2024-10-28T18:04:24.501+0000] {logging_mixin.py:190} INFO - [2024-10-28T18:04:24.501+0000] {dag.py:3239} INFO - Sync 2 DAGs
[2024-10-28T18:04:24.511+0000] {logging_mixin.py:190} INFO - [2024-10-28T18:04:24.510+0000] {dag.py:4180} INFO - Setting next_dagrun for example_external_task_marker_child to None, run_after=None
[2024-10-28T18:04:24.514+0000] {logging_mixin.py:190} INFO - [2024-10-28T18:04:24.514+0000] {dag.py:4180} INFO - Setting next_dagrun for example_external_task_marker_parent to None, run_after=None
[2024-10-28T18:04:24.534+0000] {processor.py:208} INFO - Processing /home/airflow/.local/lib/python3.12/site-packages/airflow/example_dags/example_external_task_marker_dag.py took 0.061 seconds
[2024-10-28T18:04:54.612+0000] {processor.py:186} INFO - Started process (PID=230) to work on /home/airflow/.local/lib/python3.12/site-packages/airflow/example_dags/example_external_task_marker_dag.py
[2024-10-28T18:04:54.613+0000] {processor.py:914} INFO - Processing file /home/airflow/.local/lib/python3.12/site-packages/airflow/example_dags/example_external_task_marker_dag.py for tasks to queue
[2024-10-28T18:04:54.616+0000] {logging_mixin.py:190} INFO - [2024-10-28T18:04:54.615+0000] {dagbag.py:588} INFO - Filling up the DagBag from /home/airflow/.local/lib/python3.12/site-packages/airflow/example_dags/example_external_task_marker_dag.py
[2024-10-28T18:04:54.623+0000] {processor.py:925} INFO - DAG(s) 'example_external_task_marker_child', 'example_external_task_marker_parent' retrieved from /home/airflow/.local/lib/python3.12/site-packages/airflow/example_dags/example_external_task_marker_dag.py
[2024-10-28T18:04:54.646+0000] {logging_mixin.py:190} INFO - [2024-10-28T18:04:54.646+0000] {dag.py:3239} INFO - Sync 2 DAGs
[2024-10-28T18:04:54.661+0000] {logging_mixin.py:190} INFO - [2024-10-28T18:04:54.660+0000] {dag.py:4180} INFO - Setting next_dagrun for example_external_task_marker_child to None, run_after=None
[2024-10-28T18:04:54.666+0000] {logging_mixin.py:190} INFO - [2024-10-28T18:04:54.665+0000] {dag.py:4180} INFO - Setting next_dagrun for example_external_task_marker_parent to None, run_after=None
[2024-10-28T18:04:54.684+0000] {processor.py:208} INFO - Processing /home/airflow/.local/lib/python3.12/site-packages/airflow/example_dags/example_external_task_marker_dag.py took 0.077 seconds
[2024-10-28T18:05:25.442+0000] {processor.py:186} INFO - Started process (PID=296) to work on /home/airflow/.local/lib/python3.12/site-packages/airflow/example_dags/example_external_task_marker_dag.py
[2024-10-28T18:05:25.443+0000] {processor.py:914} INFO - Processing file /home/airflow/.local/lib/python3.12/site-packages/airflow/example_dags/example_external_task_marker_dag.py for tasks to queue
[2024-10-28T18:05:25.445+0000] {logging_mixin.py:190} INFO - [2024-10-28T18:05:25.445+0000] {dagbag.py:588} INFO - Filling up the DagBag from /home/airflow/.local/lib/python3.12/site-packages/airflow/example_dags/example_external_task_marker_dag.py
[2024-10-28T18:05:25.454+0000] {processor.py:925} INFO - DAG(s) 'example_external_task_marker_parent', 'example_external_task_marker_child' retrieved from /home/airflow/.local/lib/python3.12/site-packages/airflow/example_dags/example_external_task_marker_dag.py
[2024-10-28T18:05:25.474+0000] {logging_mixin.py:190} INFO - [2024-10-28T18:05:25.474+0000] {dag.py:3239} INFO - Sync 2 DAGs
[2024-10-28T18:05:25.486+0000] {logging_mixin.py:190} INFO - [2024-10-28T18:05:25.485+0000] {dag.py:4180} INFO - Setting next_dagrun for example_external_task_marker_child to None, run_after=None
[2024-10-28T18:05:25.489+0000] {logging_mixin.py:190} INFO - [2024-10-28T18:05:25.489+0000] {dag.py:4180} INFO - Setting next_dagrun for example_external_task_marker_parent to None, run_after=None
[2024-10-28T18:05:25.501+0000] {processor.py:208} INFO - Processing /home/airflow/.local/lib/python3.12/site-packages/airflow/example_dags/example_external_task_marker_dag.py took 0.064 seconds
[2024-10-28T18:05:56.195+0000] {processor.py:186} INFO - Started process (PID=362) to work on /home/airflow/.local/lib/python3.12/site-packages/airflow/example_dags/example_external_task_marker_dag.py
[2024-10-28T18:05:56.196+0000] {processor.py:914} INFO - Processing file /home/airflow/.local/lib/python3.12/site-packages/airflow/example_dags/example_external_task_marker_dag.py for tasks to queue
[2024-10-28T18:05:56.198+0000] {logging_mixin.py:190} INFO - [2024-10-28T18:05:56.198+0000] {dagbag.py:588} INFO - Filling up the DagBag from /home/airflow/.local/lib/python3.12/site-packages/airflow/example_dags/example_external_task_marker_dag.py
[2024-10-28T18:05:56.205+0000] {processor.py:925} INFO - DAG(s) 'example_external_task_marker_parent', 'example_external_task_marker_child' retrieved from /home/airflow/.local/lib/python3.12/site-packages/airflow/example_dags/example_external_task_marker_dag.py
[2024-10-28T18:05:56.225+0000] {logging_mixin.py:190} INFO - [2024-10-28T18:05:56.225+0000] {dag.py:3239} INFO - Sync 2 DAGs
[2024-10-28T18:05:56.239+0000] {logging_mixin.py:190} INFO - [2024-10-28T18:05:56.239+0000] {dag.py:4180} INFO - Setting next_dagrun for example_external_task_marker_child to None, run_after=None
[2024-10-28T18:05:56.244+0000] {logging_mixin.py:190} INFO - [2024-10-28T18:05:56.243+0000] {dag.py:4180} INFO - Setting next_dagrun for example_external_task_marker_parent to None, run_after=None
[2024-10-28T18:05:56.269+0000] {processor.py:208} INFO - Processing /home/airflow/.local/lib/python3.12/site-packages/airflow/example_dags/example_external_task_marker_dag.py took 0.079 seconds
[2024-10-28T18:06:27.098+0000] {processor.py:186} INFO - Started process (PID=428) to work on /home/airflow/.local/lib/python3.12/site-packages/airflow/example_dags/example_external_task_marker_dag.py
[2024-10-28T18:06:27.100+0000] {processor.py:914} INFO - Processing file /home/airflow/.local/lib/python3.12/site-packages/airflow/example_dags/example_external_task_marker_dag.py for tasks to queue
[2024-10-28T18:06:27.101+0000] {logging_mixin.py:190} INFO - [2024-10-28T18:06:27.101+0000] {dagbag.py:588} INFO - Filling up the DagBag from /home/airflow/.local/lib/python3.12/site-packages/airflow/example_dags/example_external_task_marker_dag.py
[2024-10-28T18:06:27.107+0000] {processor.py:925} INFO - DAG(s) 'example_external_task_marker_child', 'example_external_task_marker_parent' retrieved from /home/airflow/.local/lib/python3.12/site-packages/airflow/example_dags/example_external_task_marker_dag.py
[2024-10-28T18:06:27.124+0000] {logging_mixin.py:190} INFO - [2024-10-28T18:06:27.123+0000] {dag.py:3239} INFO - Sync 2 DAGs
[2024-10-28T18:06:27.134+0000] {logging_mixin.py:190} INFO - [2024-10-28T18:06:27.134+0000] {dag.py:4180} INFO - Setting next_dagrun for example_external_task_marker_child to None, run_after=None
[2024-10-28T18:06:27.137+0000] {logging_mixin.py:190} INFO - [2024-10-28T18:06:27.137+0000] {dag.py:4180} INFO - Setting next_dagrun for example_external_task_marker_parent to None, run_after=None
[2024-10-28T18:06:27.148+0000] {processor.py:208} INFO - Processing /home/airflow/.local/lib/python3.12/site-packages/airflow/example_dags/example_external_task_marker_dag.py took 0.053 seconds
[2024-10-28T18:06:57.799+0000] {processor.py:186} INFO - Started process (PID=494) to work on /home/airflow/.local/lib/python3.12/site-packages/airflow/example_dags/example_external_task_marker_dag.py
[2024-10-28T18:06:57.800+0000] {processor.py:914} INFO - Processing file /home/airflow/.local/lib/python3.12/site-packages/airflow/example_dags/example_external_task_marker_dag.py for tasks to queue
[2024-10-28T18:06:57.802+0000] {logging_mixin.py:190} INFO - [2024-10-28T18:06:57.802+0000] {dagbag.py:588} INFO - Filling up the DagBag from /home/airflow/.local/lib/python3.12/site-packages/airflow/example_dags/example_external_task_marker_dag.py
[2024-10-28T18:06:57.808+0000] {processor.py:925} INFO - DAG(s) 'example_external_task_marker_parent', 'example_external_task_marker_child' retrieved from /home/airflow/.local/lib/python3.12/site-packages/airflow/example_dags/example_external_task_marker_dag.py
[2024-10-28T18:06:57.825+0000] {logging_mixin.py:190} INFO - [2024-10-28T18:06:57.825+0000] {dag.py:3239} INFO - Sync 2 DAGs
[2024-10-28T18:06:57.836+0000] {logging_mixin.py:190} INFO - [2024-10-28T18:06:57.836+0000] {dag.py:4180} INFO - Setting next_dagrun for example_external_task_marker_child to None, run_after=None
[2024-10-28T18:06:57.839+0000] {logging_mixin.py:190} INFO - [2024-10-28T18:06:57.839+0000] {dag.py:4180} INFO - Setting next_dagrun for example_external_task_marker_parent to None, run_after=None
[2024-10-28T18:06:57.853+0000] {processor.py:208} INFO - Processing /home/airflow/.local/lib/python3.12/site-packages/airflow/example_dags/example_external_task_marker_dag.py took 0.058 seconds
[2024-10-28T18:07:28.438+0000] {processor.py:186} INFO - Started process (PID=560) to work on /home/airflow/.local/lib/python3.12/site-packages/airflow/example_dags/example_external_task_marker_dag.py
[2024-10-28T18:07:28.439+0000] {processor.py:914} INFO - Processing file /home/airflow/.local/lib/python3.12/site-packages/airflow/example_dags/example_external_task_marker_dag.py for tasks to queue
[2024-10-28T18:07:28.440+0000] {logging_mixin.py:190} INFO - [2024-10-28T18:07:28.440+0000] {dagbag.py:588} INFO - Filling up the DagBag from /home/airflow/.local/lib/python3.12/site-packages/airflow/example_dags/example_external_task_marker_dag.py
[2024-10-28T18:07:28.446+0000] {processor.py:925} INFO - DAG(s) 'example_external_task_marker_parent', 'example_external_task_marker_child' retrieved from /home/airflow/.local/lib/python3.12/site-packages/airflow/example_dags/example_external_task_marker_dag.py
[2024-10-28T18:07:28.462+0000] {logging_mixin.py:190} INFO - [2024-10-28T18:07:28.462+0000] {dag.py:3239} INFO - Sync 2 DAGs
[2024-10-28T18:07:28.473+0000] {logging_mixin.py:190} INFO - [2024-10-28T18:07:28.473+0000] {dag.py:4180} INFO - Setting next_dagrun for example_external_task_marker_child to None, run_after=None
[2024-10-28T18:07:28.476+0000] {logging_mixin.py:190} INFO - [2024-10-28T18:07:28.476+0000] {dag.py:4180} INFO - Setting next_dagrun for example_external_task_marker_parent to None, run_after=None
[2024-10-28T18:07:28.494+0000] {processor.py:208} INFO - Processing /home/airflow/.local/lib/python3.12/site-packages/airflow/example_dags/example_external_task_marker_dag.py took 0.060 seconds
[2024-10-28T18:07:59.046+0000] {processor.py:186} INFO - Started process (PID=626) to work on /home/airflow/.local/lib/python3.12/site-packages/airflow/example_dags/example_external_task_marker_dag.py
[2024-10-28T18:07:59.047+0000] {processor.py:914} INFO - Processing file /home/airflow/.local/lib/python3.12/site-packages/airflow/example_dags/example_external_task_marker_dag.py for tasks to queue
[2024-10-28T18:07:59.049+0000] {logging_mixin.py:190} INFO - [2024-10-28T18:07:59.049+0000] {dagbag.py:588} INFO - Filling up the DagBag from /home/airflow/.local/lib/python3.12/site-packages/airflow/example_dags/example_external_task_marker_dag.py
[2024-10-28T18:07:59.054+0000] {processor.py:925} INFO - DAG(s) 'example_external_task_marker_child', 'example_external_task_marker_parent' retrieved from /home/airflow/.local/lib/python3.12/site-packages/airflow/example_dags/example_external_task_marker_dag.py
[2024-10-28T18:07:59.070+0000] {logging_mixin.py:190} INFO - [2024-10-28T18:07:59.070+0000] {dag.py:3239} INFO - Sync 2 DAGs
[2024-10-28T18:07:59.081+0000] {logging_mixin.py:190} INFO - [2024-10-28T18:07:59.080+0000] {dag.py:4180} INFO - Setting next_dagrun for example_external_task_marker_child to None, run_after=None
[2024-10-28T18:07:59.084+0000] {logging_mixin.py:190} INFO - [2024-10-28T18:07:59.084+0000] {dag.py:4180} INFO - Setting next_dagrun for example_external_task_marker_parent to None, run_after=None
[2024-10-28T18:07:59.095+0000] {processor.py:208} INFO - Processing /home/airflow/.local/lib/python3.12/site-packages/airflow/example_dags/example_external_task_marker_dag.py took 0.054 seconds
[2024-10-28T18:08:29.321+0000] {processor.py:186} INFO - Started process (PID=691) to work on /home/airflow/.local/lib/python3.12/site-packages/airflow/example_dags/example_external_task_marker_dag.py
[2024-10-28T18:08:29.322+0000] {processor.py:914} INFO - Processing file /home/airflow/.local/lib/python3.12/site-packages/airflow/example_dags/example_external_task_marker_dag.py for tasks to queue
[2024-10-28T18:08:29.325+0000] {logging_mixin.py:190} INFO - [2024-10-28T18:08:29.325+0000] {dagbag.py:588} INFO - Filling up the DagBag from /home/airflow/.local/lib/python3.12/site-packages/airflow/example_dags/example_external_task_marker_dag.py
[2024-10-28T18:08:29.331+0000] {processor.py:925} INFO - DAG(s) 'example_external_task_marker_parent', 'example_external_task_marker_child' retrieved from /home/airflow/.local/lib/python3.12/site-packages/airflow/example_dags/example_external_task_marker_dag.py
[2024-10-28T18:08:29.350+0000] {logging_mixin.py:190} INFO - [2024-10-28T18:08:29.350+0000] {dag.py:3239} INFO - Sync 2 DAGs
[2024-10-28T18:08:29.362+0000] {logging_mixin.py:190} INFO - [2024-10-28T18:08:29.362+0000] {dag.py:4180} INFO - Setting next_dagrun for example_external_task_marker_child to None, run_after=None
[2024-10-28T18:08:29.365+0000] {logging_mixin.py:190} INFO - [2024-10-28T18:08:29.365+0000] {dag.py:4180} INFO - Setting next_dagrun for example_external_task_marker_parent to None, run_after=None
[2024-10-28T18:08:29.378+0000] {processor.py:208} INFO - Processing /home/airflow/.local/lib/python3.12/site-packages/airflow/example_dags/example_external_task_marker_dag.py took 0.061 seconds
[2024-10-28T18:08:59.603+0000] {processor.py:186} INFO - Started process (PID=757) to work on /home/airflow/.local/lib/python3.12/site-packages/airflow/example_dags/example_external_task_marker_dag.py
[2024-10-28T18:08:59.605+0000] {processor.py:914} INFO - Processing file /home/airflow/.local/lib/python3.12/site-packages/airflow/example_dags/example_external_task_marker_dag.py for tasks to queue
[2024-10-28T18:08:59.607+0000] {logging_mixin.py:190} INFO - [2024-10-28T18:08:59.607+0000] {dagbag.py:588} INFO - Filling up the DagBag from /home/airflow/.local/lib/python3.12/site-packages/airflow/example_dags/example_external_task_marker_dag.py
[2024-10-28T18:08:59.614+0000] {processor.py:925} INFO - DAG(s) 'example_external_task_marker_child', 'example_external_task_marker_parent' retrieved from /home/airflow/.local/lib/python3.12/site-packages/airflow/example_dags/example_external_task_marker_dag.py
[2024-10-28T18:08:59.632+0000] {logging_mixin.py:190} INFO - [2024-10-28T18:08:59.632+0000] {dag.py:3239} INFO - Sync 2 DAGs
[2024-10-28T18:08:59.646+0000] {logging_mixin.py:190} INFO - [2024-10-28T18:08:59.645+0000] {dag.py:4180} INFO - Setting next_dagrun for example_external_task_marker_child to None, run_after=None
[2024-10-28T18:08:59.649+0000] {logging_mixin.py:190} INFO - [2024-10-28T18:08:59.649+0000] {dag.py:4180} INFO - Setting next_dagrun for example_external_task_marker_parent to None, run_after=None
[2024-10-28T18:08:59.672+0000] {processor.py:208} INFO - Processing /home/airflow/.local/lib/python3.12/site-packages/airflow/example_dags/example_external_task_marker_dag.py took 0.072 seconds
[2024-10-28T18:09:30.200+0000] {processor.py:186} INFO - Started process (PID=823) to work on /home/airflow/.local/lib/python3.12/site-packages/airflow/example_dags/example_external_task_marker_dag.py
[2024-10-28T18:09:30.201+0000] {processor.py:914} INFO - Processing file /home/airflow/.local/lib/python3.12/site-packages/airflow/example_dags/example_external_task_marker_dag.py for tasks to queue
[2024-10-28T18:09:30.203+0000] {logging_mixin.py:190} INFO - [2024-10-28T18:09:30.202+0000] {dagbag.py:588} INFO - Filling up the DagBag from /home/airflow/.local/lib/python3.12/site-packages/airflow/example_dags/example_external_task_marker_dag.py
[2024-10-28T18:09:30.208+0000] {processor.py:925} INFO - DAG(s) 'example_external_task_marker_child', 'example_external_task_marker_parent' retrieved from /home/airflow/.local/lib/python3.12/site-packages/airflow/example_dags/example_external_task_marker_dag.py
[2024-10-28T18:09:30.222+0000] {logging_mixin.py:190} INFO - [2024-10-28T18:09:30.222+0000] {dag.py:3239} INFO - Sync 2 DAGs
[2024-10-28T18:09:30.232+0000] {logging_mixin.py:190} INFO - [2024-10-28T18:09:30.232+0000] {dag.py:4180} INFO - Setting next_dagrun for example_external_task_marker_child to None, run_after=None
[2024-10-28T18:09:30.235+0000] {logging_mixin.py:190} INFO - [2024-10-28T18:09:30.235+0000] {dag.py:4180} INFO - Setting next_dagrun for example_external_task_marker_parent to None, run_after=None
[2024-10-28T18:09:30.254+0000] {processor.py:208} INFO - Processing /home/airflow/.local/lib/python3.12/site-packages/airflow/example_dags/example_external_task_marker_dag.py took 0.058 seconds
[2024-10-28T18:10:01.235+0000] {processor.py:186} INFO - Started process (PID=889) to work on /home/airflow/.local/lib/python3.12/site-packages/airflow/example_dags/example_external_task_marker_dag.py
[2024-10-28T18:10:01.236+0000] {processor.py:914} INFO - Processing file /home/airflow/.local/lib/python3.12/site-packages/airflow/example_dags/example_external_task_marker_dag.py for tasks to queue
[2024-10-28T18:10:01.238+0000] {logging_mixin.py:190} INFO - [2024-10-28T18:10:01.237+0000] {dagbag.py:588} INFO - Filling up the DagBag from /home/airflow/.local/lib/python3.12/site-packages/airflow/example_dags/example_external_task_marker_dag.py
[2024-10-28T18:10:01.242+0000] {processor.py:925} INFO - DAG(s) 'example_external_task_marker_parent', 'example_external_task_marker_child' retrieved from /home/airflow/.local/lib/python3.12/site-packages/airflow/example_dags/example_external_task_marker_dag.py
[2024-10-28T18:10:01.257+0000] {logging_mixin.py:190} INFO - [2024-10-28T18:10:01.256+0000] {dag.py:3239} INFO - Sync 2 DAGs
[2024-10-28T18:10:01.266+0000] {logging_mixin.py:190} INFO - [2024-10-28T18:10:01.266+0000] {dag.py:4180} INFO - Setting next_dagrun for example_external_task_marker_child to None, run_after=None
[2024-10-28T18:10:01.271+0000] {logging_mixin.py:190} INFO - [2024-10-28T18:10:01.270+0000] {dag.py:4180} INFO - Setting next_dagrun for example_external_task_marker_parent to None, run_after=None
[2024-10-28T18:10:01.295+0000] {processor.py:208} INFO - Processing /home/airflow/.local/lib/python3.12/site-packages/airflow/example_dags/example_external_task_marker_dag.py took 0.063 seconds
[2024-10-28T18:10:31.499+0000] {processor.py:186} INFO - Started process (PID=955) to work on /home/airflow/.local/lib/python3.12/site-packages/airflow/example_dags/example_external_task_marker_dag.py
[2024-10-28T18:10:31.500+0000] {processor.py:914} INFO - Processing file /home/airflow/.local/lib/python3.12/site-packages/airflow/example_dags/example_external_task_marker_dag.py for tasks to queue
[2024-10-28T18:10:31.501+0000] {logging_mixin.py:190} INFO - [2024-10-28T18:10:31.501+0000] {dagbag.py:588} INFO - Filling up the DagBag from /home/airflow/.local/lib/python3.12/site-packages/airflow/example_dags/example_external_task_marker_dag.py
[2024-10-28T18:10:31.506+0000] {processor.py:925} INFO - DAG(s) 'example_external_task_marker_parent', 'example_external_task_marker_child' retrieved from /home/airflow/.local/lib/python3.12/site-packages/airflow/example_dags/example_external_task_marker_dag.py
[2024-10-28T18:10:31.522+0000] {logging_mixin.py:190} INFO - [2024-10-28T18:10:31.522+0000] {dag.py:3239} INFO - Sync 2 DAGs
[2024-10-28T18:10:31.532+0000] {logging_mixin.py:190} INFO - [2024-10-28T18:10:31.532+0000] {dag.py:4180} INFO - Setting next_dagrun for example_external_task_marker_child to None, run_after=None
[2024-10-28T18:10:31.535+0000] {logging_mixin.py:190} INFO - [2024-10-28T18:10:31.535+0000] {dag.py:4180} INFO - Setting next_dagrun for example_external_task_marker_parent to None, run_after=None
[2024-10-28T18:10:31.547+0000] {processor.py:208} INFO - Processing /home/airflow/.local/lib/python3.12/site-packages/airflow/example_dags/example_external_task_marker_dag.py took 0.051 seconds
[2024-10-28T18:11:01.700+0000] {processor.py:186} INFO - Started process (PID=1021) to work on /home/airflow/.local/lib/python3.12/site-packages/airflow/example_dags/example_external_task_marker_dag.py
[2024-10-28T18:11:01.701+0000] {processor.py:914} INFO - Processing file /home/airflow/.local/lib/python3.12/site-packages/airflow/example_dags/example_external_task_marker_dag.py for tasks to queue
[2024-10-28T18:11:01.704+0000] {logging_mixin.py:190} INFO - [2024-10-28T18:11:01.703+0000] {dagbag.py:588} INFO - Filling up the DagBag from /home/airflow/.local/lib/python3.12/site-packages/airflow/example_dags/example_external_task_marker_dag.py
[2024-10-28T18:11:01.712+0000] {processor.py:925} INFO - DAG(s) 'example_external_task_marker_parent', 'example_external_task_marker_child' retrieved from /home/airflow/.local/lib/python3.12/site-packages/airflow/example_dags/example_external_task_marker_dag.py
[2024-10-28T18:11:01.730+0000] {logging_mixin.py:190} INFO - [2024-10-28T18:11:01.730+0000] {dag.py:3239} INFO - Sync 2 DAGs
[2024-10-28T18:11:01.741+0000] {logging_mixin.py:190} INFO - [2024-10-28T18:11:01.741+0000] {dag.py:4180} INFO - Setting next_dagrun for example_external_task_marker_child to None, run_after=None
[2024-10-28T18:11:01.745+0000] {logging_mixin.py:190} INFO - [2024-10-28T18:11:01.745+0000] {dag.py:4180} INFO - Setting next_dagrun for example_external_task_marker_parent to None, run_after=None
[2024-10-28T18:11:01.764+0000] {processor.py:208} INFO - Processing /home/airflow/.local/lib/python3.12/site-packages/airflow/example_dags/example_external_task_marker_dag.py took 0.068 seconds
[2024-10-28T18:11:32.873+0000] {processor.py:186} INFO - Started process (PID=1087) to work on /home/airflow/.local/lib/python3.12/site-packages/airflow/example_dags/example_external_task_marker_dag.py
[2024-10-28T18:11:32.874+0000] {processor.py:914} INFO - Processing file /home/airflow/.local/lib/python3.12/site-packages/airflow/example_dags/example_external_task_marker_dag.py for tasks to queue
[2024-10-28T18:11:32.876+0000] {logging_mixin.py:190} INFO - [2024-10-28T18:11:32.876+0000] {dagbag.py:588} INFO - Filling up the DagBag from /home/airflow/.local/lib/python3.12/site-packages/airflow/example_dags/example_external_task_marker_dag.py
[2024-10-28T18:11:32.882+0000] {processor.py:925} INFO - DAG(s) 'example_external_task_marker_parent', 'example_external_task_marker_child' retrieved from /home/airflow/.local/lib/python3.12/site-packages/airflow/example_dags/example_external_task_marker_dag.py
[2024-10-28T18:11:32.899+0000] {logging_mixin.py:190} INFO - [2024-10-28T18:11:32.899+0000] {dag.py:3239} INFO - Sync 2 DAGs
[2024-10-28T18:11:32.911+0000] {logging_mixin.py:190} INFO - [2024-10-28T18:11:32.911+0000] {dag.py:4180} INFO - Setting next_dagrun for example_external_task_marker_child to None, run_after=None
[2024-10-28T18:11:32.914+0000] {logging_mixin.py:190} INFO - [2024-10-28T18:11:32.914+0000] {dag.py:4180} INFO - Setting next_dagrun for example_external_task_marker_parent to None, run_after=None
[2024-10-28T18:11:32.933+0000] {processor.py:208} INFO - Processing /home/airflow/.local/lib/python3.12/site-packages/airflow/example_dags/example_external_task_marker_dag.py took 0.064 seconds
[2024-10-28T18:12:03.800+0000] {processor.py:186} INFO - Started process (PID=1153) to work on /home/airflow/.local/lib/python3.12/site-packages/airflow/example_dags/example_external_task_marker_dag.py
[2024-10-28T18:12:03.801+0000] {processor.py:914} INFO - Processing file /home/airflow/.local/lib/python3.12/site-packages/airflow/example_dags/example_external_task_marker_dag.py for tasks to queue
[2024-10-28T18:12:03.803+0000] {logging_mixin.py:190} INFO - [2024-10-28T18:12:03.803+0000] {dagbag.py:588} INFO - Filling up the DagBag from /home/airflow/.local/lib/python3.12/site-packages/airflow/example_dags/example_external_task_marker_dag.py
[2024-10-28T18:12:03.811+0000] {processor.py:925} INFO - DAG(s) 'example_external_task_marker_child', 'example_external_task_marker_parent' retrieved from /home/airflow/.local/lib/python3.12/site-packages/airflow/example_dags/example_external_task_marker_dag.py
[2024-10-28T18:12:03.830+0000] {logging_mixin.py:190} INFO - [2024-10-28T18:12:03.830+0000] {dag.py:3239} INFO - Sync 2 DAGs
[2024-10-28T18:12:03.840+0000] {logging_mixin.py:190} INFO - [2024-10-28T18:12:03.840+0000] {dag.py:4180} INFO - Setting next_dagrun for example_external_task_marker_child to None, run_after=None
[2024-10-28T18:12:03.845+0000] {logging_mixin.py:190} INFO - [2024-10-28T18:12:03.844+0000] {dag.py:4180} INFO - Setting next_dagrun for example_external_task_marker_parent to None, run_after=None
[2024-10-28T18:12:03.866+0000] {processor.py:208} INFO - Processing /home/airflow/.local/lib/python3.12/site-packages/airflow/example_dags/example_external_task_marker_dag.py took 0.070 seconds
[2024-10-28T18:12:34.269+0000] {processor.py:186} INFO - Started process (PID=1220) to work on /home/airflow/.local/lib/python3.12/site-packages/airflow/example_dags/example_external_task_marker_dag.py
[2024-10-28T18:12:34.270+0000] {processor.py:914} INFO - Processing file /home/airflow/.local/lib/python3.12/site-packages/airflow/example_dags/example_external_task_marker_dag.py for tasks to queue
[2024-10-28T18:12:34.272+0000] {logging_mixin.py:190} INFO - [2024-10-28T18:12:34.272+0000] {dagbag.py:588} INFO - Filling up the DagBag from /home/airflow/.local/lib/python3.12/site-packages/airflow/example_dags/example_external_task_marker_dag.py
[2024-10-28T18:12:34.277+0000] {processor.py:925} INFO - DAG(s) 'example_external_task_marker_child', 'example_external_task_marker_parent' retrieved from /home/airflow/.local/lib/python3.12/site-packages/airflow/example_dags/example_external_task_marker_dag.py
[2024-10-28T18:12:34.291+0000] {logging_mixin.py:190} INFO - [2024-10-28T18:12:34.291+0000] {dag.py:3239} INFO - Sync 2 DAGs
[2024-10-28T18:12:34.300+0000] {logging_mixin.py:190} INFO - [2024-10-28T18:12:34.300+0000] {dag.py:4180} INFO - Setting next_dagrun for example_external_task_marker_child to None, run_after=None
[2024-10-28T18:12:34.303+0000] {logging_mixin.py:190} INFO - [2024-10-28T18:12:34.303+0000] {dag.py:4180} INFO - Setting next_dagrun for example_external_task_marker_parent to None, run_after=None
[2024-10-28T18:12:34.314+0000] {processor.py:208} INFO - Processing /home/airflow/.local/lib/python3.12/site-packages/airflow/example_dags/example_external_task_marker_dag.py took 0.049 seconds
[2024-10-28T18:13:05.116+0000] {processor.py:186} INFO - Started process (PID=1286) to work on /home/airflow/.local/lib/python3.12/site-packages/airflow/example_dags/example_external_task_marker_dag.py
[2024-10-28T18:13:05.117+0000] {processor.py:914} INFO - Processing file /home/airflow/.local/lib/python3.12/site-packages/airflow/example_dags/example_external_task_marker_dag.py for tasks to queue
[2024-10-28T18:13:05.119+0000] {logging_mixin.py:190} INFO - [2024-10-28T18:13:05.119+0000] {dagbag.py:588} INFO - Filling up the DagBag from /home/airflow/.local/lib/python3.12/site-packages/airflow/example_dags/example_external_task_marker_dag.py
[2024-10-28T18:13:05.124+0000] {processor.py:925} INFO - DAG(s) 'example_external_task_marker_child', 'example_external_task_marker_parent' retrieved from /home/airflow/.local/lib/python3.12/site-packages/airflow/example_dags/example_external_task_marker_dag.py
[2024-10-28T18:13:05.138+0000] {logging_mixin.py:190} INFO - [2024-10-28T18:13:05.138+0000] {dag.py:3239} INFO - Sync 2 DAGs
[2024-10-28T18:13:05.147+0000] {logging_mixin.py:190} INFO - [2024-10-28T18:13:05.147+0000] {dag.py:4180} INFO - Setting next_dagrun for example_external_task_marker_child to None, run_after=None
[2024-10-28T18:13:05.150+0000] {logging_mixin.py:190} INFO - [2024-10-28T18:13:05.150+0000] {dag.py:4180} INFO - Setting next_dagrun for example_external_task_marker_parent to None, run_after=None
[2024-10-28T18:13:05.168+0000] {processor.py:208} INFO - Processing /home/airflow/.local/lib/python3.12/site-packages/airflow/example_dags/example_external_task_marker_dag.py took 0.056 seconds
[2024-10-28T18:13:36.103+0000] {processor.py:186} INFO - Started process (PID=1352) to work on /home/airflow/.local/lib/python3.12/site-packages/airflow/example_dags/example_external_task_marker_dag.py
[2024-10-28T18:13:36.104+0000] {processor.py:914} INFO - Processing file /home/airflow/.local/lib/python3.12/site-packages/airflow/example_dags/example_external_task_marker_dag.py for tasks to queue
[2024-10-28T18:13:36.106+0000] {logging_mixin.py:190} INFO - [2024-10-28T18:13:36.105+0000] {dagbag.py:588} INFO - Filling up the DagBag from /home/airflow/.local/lib/python3.12/site-packages/airflow/example_dags/example_external_task_marker_dag.py
[2024-10-28T18:13:36.110+0000] {processor.py:925} INFO - DAG(s) 'example_external_task_marker_child', 'example_external_task_marker_parent' retrieved from /home/airflow/.local/lib/python3.12/site-packages/airflow/example_dags/example_external_task_marker_dag.py
[2024-10-28T18:13:36.128+0000] {logging_mixin.py:190} INFO - [2024-10-28T18:13:36.128+0000] {dag.py:3239} INFO - Sync 2 DAGs
[2024-10-28T18:13:36.138+0000] {logging_mixin.py:190} INFO - [2024-10-28T18:13:36.138+0000] {dag.py:4180} INFO - Setting next_dagrun for example_external_task_marker_child to None, run_after=None
[2024-10-28T18:13:36.142+0000] {logging_mixin.py:190} INFO - [2024-10-28T18:13:36.141+0000] {dag.py:4180} INFO - Setting next_dagrun for example_external_task_marker_parent to None, run_after=None
[2024-10-28T18:13:36.159+0000] {processor.py:208} INFO - Processing /home/airflow/.local/lib/python3.12/site-packages/airflow/example_dags/example_external_task_marker_dag.py took 0.060 seconds
[2024-10-28T18:14:07.061+0000] {processor.py:186} INFO - Started process (PID=1418) to work on /home/airflow/.local/lib/python3.12/site-packages/airflow/example_dags/example_external_task_marker_dag.py
[2024-10-28T18:14:07.062+0000] {processor.py:914} INFO - Processing file /home/airflow/.local/lib/python3.12/site-packages/airflow/example_dags/example_external_task_marker_dag.py for tasks to queue
[2024-10-28T18:14:07.064+0000] {logging_mixin.py:190} INFO - [2024-10-28T18:14:07.064+0000] {dagbag.py:588} INFO - Filling up the DagBag from /home/airflow/.local/lib/python3.12/site-packages/airflow/example_dags/example_external_task_marker_dag.py
[2024-10-28T18:14:07.069+0000] {processor.py:925} INFO - DAG(s) 'example_external_task_marker_child', 'example_external_task_marker_parent' retrieved from /home/airflow/.local/lib/python3.12/site-packages/airflow/example_dags/example_external_task_marker_dag.py
[2024-10-28T18:14:07.083+0000] {logging_mixin.py:190} INFO - [2024-10-28T18:14:07.083+0000] {dag.py:3239} INFO - Sync 2 DAGs
[2024-10-28T18:14:07.092+0000] {logging_mixin.py:190} INFO - [2024-10-28T18:14:07.092+0000] {dag.py:4180} INFO - Setting next_dagrun for example_external_task_marker_child to None, run_after=None
[2024-10-28T18:14:07.095+0000] {logging_mixin.py:190} INFO - [2024-10-28T18:14:07.095+0000] {dag.py:4180} INFO - Setting next_dagrun for example_external_task_marker_parent to None, run_after=None
[2024-10-28T18:14:07.113+0000] {processor.py:208} INFO - Processing /home/airflow/.local/lib/python3.12/site-packages/airflow/example_dags/example_external_task_marker_dag.py took 0.056 seconds
[2024-10-28T18:14:37.833+0000] {processor.py:186} INFO - Started process (PID=1484) to work on /home/airflow/.local/lib/python3.12/site-packages/airflow/example_dags/example_external_task_marker_dag.py
[2024-10-28T18:14:37.834+0000] {processor.py:914} INFO - Processing file /home/airflow/.local/lib/python3.12/site-packages/airflow/example_dags/example_external_task_marker_dag.py for tasks to queue
[2024-10-28T18:14:37.836+0000] {logging_mixin.py:190} INFO - [2024-10-28T18:14:37.835+0000] {dagbag.py:588} INFO - Filling up the DagBag from /home/airflow/.local/lib/python3.12/site-packages/airflow/example_dags/example_external_task_marker_dag.py
[2024-10-28T18:14:37.842+0000] {processor.py:925} INFO - DAG(s) 'example_external_task_marker_child', 'example_external_task_marker_parent' retrieved from /home/airflow/.local/lib/python3.12/site-packages/airflow/example_dags/example_external_task_marker_dag.py
[2024-10-28T18:14:37.860+0000] {logging_mixin.py:190} INFO - [2024-10-28T18:14:37.860+0000] {dag.py:3239} INFO - Sync 2 DAGs
[2024-10-28T18:14:37.871+0000] {logging_mixin.py:190} INFO - [2024-10-28T18:14:37.870+0000] {dag.py:4180} INFO - Setting next_dagrun for example_external_task_marker_child to None, run_after=None
[2024-10-28T18:14:37.874+0000] {logging_mixin.py:190} INFO - [2024-10-28T18:14:37.873+0000] {dag.py:4180} INFO - Setting next_dagrun for example_external_task_marker_parent to None, run_after=None
[2024-10-28T18:14:37.894+0000] {processor.py:208} INFO - Processing /home/airflow/.local/lib/python3.12/site-packages/airflow/example_dags/example_external_task_marker_dag.py took 0.065 seconds
[2024-10-28T18:15:08.535+0000] {processor.py:186} INFO - Started process (PID=1550) to work on /home/airflow/.local/lib/python3.12/site-packages/airflow/example_dags/example_external_task_marker_dag.py
[2024-10-28T18:15:08.536+0000] {processor.py:914} INFO - Processing file /home/airflow/.local/lib/python3.12/site-packages/airflow/example_dags/example_external_task_marker_dag.py for tasks to queue
[2024-10-28T18:15:08.537+0000] {logging_mixin.py:190} INFO - [2024-10-28T18:15:08.537+0000] {dagbag.py:588} INFO - Filling up the DagBag from /home/airflow/.local/lib/python3.12/site-packages/airflow/example_dags/example_external_task_marker_dag.py
[2024-10-28T18:15:08.542+0000] {processor.py:925} INFO - DAG(s) 'example_external_task_marker_parent', 'example_external_task_marker_child' retrieved from /home/airflow/.local/lib/python3.12/site-packages/airflow/example_dags/example_external_task_marker_dag.py
[2024-10-28T18:15:08.559+0000] {logging_mixin.py:190} INFO - [2024-10-28T18:15:08.559+0000] {dag.py:3239} INFO - Sync 2 DAGs
[2024-10-28T18:15:08.571+0000] {logging_mixin.py:190} INFO - [2024-10-28T18:15:08.570+0000] {dag.py:4180} INFO - Setting next_dagrun for example_external_task_marker_child to None, run_after=None
[2024-10-28T18:15:08.573+0000] {logging_mixin.py:190} INFO - [2024-10-28T18:15:08.573+0000] {dag.py:4180} INFO - Setting next_dagrun for example_external_task_marker_parent to None, run_after=None
[2024-10-28T18:15:08.585+0000] {processor.py:208} INFO - Processing /home/airflow/.local/lib/python3.12/site-packages/airflow/example_dags/example_external_task_marker_dag.py took 0.053 seconds
[2024-10-28T18:15:39.143+0000] {processor.py:186} INFO - Started process (PID=1616) to work on /home/airflow/.local/lib/python3.12/site-packages/airflow/example_dags/example_external_task_marker_dag.py
[2024-10-28T18:15:39.144+0000] {processor.py:914} INFO - Processing file /home/airflow/.local/lib/python3.12/site-packages/airflow/example_dags/example_external_task_marker_dag.py for tasks to queue
[2024-10-28T18:15:39.146+0000] {logging_mixin.py:190} INFO - [2024-10-28T18:15:39.146+0000] {dagbag.py:588} INFO - Filling up the DagBag from /home/airflow/.local/lib/python3.12/site-packages/airflow/example_dags/example_external_task_marker_dag.py
[2024-10-28T18:15:39.151+0000] {processor.py:925} INFO - DAG(s) 'example_external_task_marker_child', 'example_external_task_marker_parent' retrieved from /home/airflow/.local/lib/python3.12/site-packages/airflow/example_dags/example_external_task_marker_dag.py
[2024-10-28T18:15:39.165+0000] {logging_mixin.py:190} INFO - [2024-10-28T18:15:39.165+0000] {dag.py:3239} INFO - Sync 2 DAGs
[2024-10-28T18:15:39.175+0000] {logging_mixin.py:190} INFO - [2024-10-28T18:15:39.174+0000] {dag.py:4180} INFO - Setting next_dagrun for example_external_task_marker_child to None, run_after=None
[2024-10-28T18:15:39.177+0000] {logging_mixin.py:190} INFO - [2024-10-28T18:15:39.177+0000] {dag.py:4180} INFO - Setting next_dagrun for example_external_task_marker_parent to None, run_after=None
[2024-10-28T18:15:39.195+0000] {processor.py:208} INFO - Processing /home/airflow/.local/lib/python3.12/site-packages/airflow/example_dags/example_external_task_marker_dag.py took 0.056 seconds
[2024-10-28T18:16:10.072+0000] {processor.py:186} INFO - Started process (PID=1682) to work on /home/airflow/.local/lib/python3.12/site-packages/airflow/example_dags/example_external_task_marker_dag.py
[2024-10-28T18:16:10.073+0000] {processor.py:914} INFO - Processing file /home/airflow/.local/lib/python3.12/site-packages/airflow/example_dags/example_external_task_marker_dag.py for tasks to queue
[2024-10-28T18:16:10.074+0000] {logging_mixin.py:190} INFO - [2024-10-28T18:16:10.074+0000] {dagbag.py:588} INFO - Filling up the DagBag from /home/airflow/.local/lib/python3.12/site-packages/airflow/example_dags/example_external_task_marker_dag.py
[2024-10-28T18:16:10.080+0000] {processor.py:925} INFO - DAG(s) 'example_external_task_marker_parent', 'example_external_task_marker_child' retrieved from /home/airflow/.local/lib/python3.12/site-packages/airflow/example_dags/example_external_task_marker_dag.py
[2024-10-28T18:16:10.097+0000] {logging_mixin.py:190} INFO - [2024-10-28T18:16:10.097+0000] {dag.py:3239} INFO - Sync 2 DAGs
[2024-10-28T18:16:10.108+0000] {logging_mixin.py:190} INFO - [2024-10-28T18:16:10.108+0000] {dag.py:4180} INFO - Setting next_dagrun for example_external_task_marker_child to None, run_after=None
[2024-10-28T18:16:10.111+0000] {logging_mixin.py:190} INFO - [2024-10-28T18:16:10.110+0000] {dag.py:4180} INFO - Setting next_dagrun for example_external_task_marker_parent to None, run_after=None
[2024-10-28T18:16:10.124+0000] {processor.py:208} INFO - Processing /home/airflow/.local/lib/python3.12/site-packages/airflow/example_dags/example_external_task_marker_dag.py took 0.056 seconds
[2024-10-28T18:16:40.707+0000] {processor.py:186} INFO - Started process (PID=1748) to work on /home/airflow/.local/lib/python3.12/site-packages/airflow/example_dags/example_external_task_marker_dag.py
[2024-10-28T18:16:40.708+0000] {processor.py:914} INFO - Processing file /home/airflow/.local/lib/python3.12/site-packages/airflow/example_dags/example_external_task_marker_dag.py for tasks to queue
[2024-10-28T18:16:40.710+0000] {logging_mixin.py:190} INFO - [2024-10-28T18:16:40.710+0000] {dagbag.py:588} INFO - Filling up the DagBag from /home/airflow/.local/lib/python3.12/site-packages/airflow/example_dags/example_external_task_marker_dag.py
[2024-10-28T18:16:40.715+0000] {processor.py:925} INFO - DAG(s) 'example_external_task_marker_child', 'example_external_task_marker_parent' retrieved from /home/airflow/.local/lib/python3.12/site-packages/airflow/example_dags/example_external_task_marker_dag.py
[2024-10-28T18:16:40.732+0000] {logging_mixin.py:190} INFO - [2024-10-28T18:16:40.732+0000] {dag.py:3239} INFO - Sync 2 DAGs
[2024-10-28T18:16:40.743+0000] {logging_mixin.py:190} INFO - [2024-10-28T18:16:40.742+0000] {dag.py:4180} INFO - Setting next_dagrun for example_external_task_marker_child to None, run_after=None
[2024-10-28T18:16:40.746+0000] {logging_mixin.py:190} INFO - [2024-10-28T18:16:40.745+0000] {dag.py:4180} INFO - Setting next_dagrun for example_external_task_marker_parent to None, run_after=None
[2024-10-28T18:16:40.764+0000] {processor.py:208} INFO - Processing /home/airflow/.local/lib/python3.12/site-packages/airflow/example_dags/example_external_task_marker_dag.py took 0.061 seconds
[2024-10-28T18:17:11.458+0000] {processor.py:186} INFO - Started process (PID=1814) to work on /home/airflow/.local/lib/python3.12/site-packages/airflow/example_dags/example_external_task_marker_dag.py
[2024-10-28T18:17:11.459+0000] {processor.py:914} INFO - Processing file /home/airflow/.local/lib/python3.12/site-packages/airflow/example_dags/example_external_task_marker_dag.py for tasks to queue
[2024-10-28T18:17:11.461+0000] {logging_mixin.py:190} INFO - [2024-10-28T18:17:11.461+0000] {dagbag.py:588} INFO - Filling up the DagBag from /home/airflow/.local/lib/python3.12/site-packages/airflow/example_dags/example_external_task_marker_dag.py
[2024-10-28T18:17:11.466+0000] {processor.py:925} INFO - DAG(s) 'example_external_task_marker_parent', 'example_external_task_marker_child' retrieved from /home/airflow/.local/lib/python3.12/site-packages/airflow/example_dags/example_external_task_marker_dag.py
[2024-10-28T18:17:11.483+0000] {logging_mixin.py:190} INFO - [2024-10-28T18:17:11.482+0000] {dag.py:3239} INFO - Sync 2 DAGs
[2024-10-28T18:17:11.494+0000] {logging_mixin.py:190} INFO - [2024-10-28T18:17:11.493+0000] {dag.py:4180} INFO - Setting next_dagrun for example_external_task_marker_child to None, run_after=None
[2024-10-28T18:17:11.497+0000] {logging_mixin.py:190} INFO - [2024-10-28T18:17:11.497+0000] {dag.py:4180} INFO - Setting next_dagrun for example_external_task_marker_parent to None, run_after=None
[2024-10-28T18:17:11.516+0000] {processor.py:208} INFO - Processing /home/airflow/.local/lib/python3.12/site-packages/airflow/example_dags/example_external_task_marker_dag.py took 0.062 seconds
[2024-10-28T18:17:41.619+0000] {processor.py:186} INFO - Started process (PID=1879) to work on /home/airflow/.local/lib/python3.12/site-packages/airflow/example_dags/example_external_task_marker_dag.py
[2024-10-28T18:17:41.620+0000] {processor.py:914} INFO - Processing file /home/airflow/.local/lib/python3.12/site-packages/airflow/example_dags/example_external_task_marker_dag.py for tasks to queue
[2024-10-28T18:17:41.622+0000] {logging_mixin.py:190} INFO - [2024-10-28T18:17:41.621+0000] {dagbag.py:588} INFO - Filling up the DagBag from /home/airflow/.local/lib/python3.12/site-packages/airflow/example_dags/example_external_task_marker_dag.py
[2024-10-28T18:17:41.628+0000] {processor.py:925} INFO - DAG(s) 'example_external_task_marker_parent', 'example_external_task_marker_child' retrieved from /home/airflow/.local/lib/python3.12/site-packages/airflow/example_dags/example_external_task_marker_dag.py
[2024-10-28T18:17:41.644+0000] {logging_mixin.py:190} INFO - [2024-10-28T18:17:41.644+0000] {dag.py:3239} INFO - Sync 2 DAGs
[2024-10-28T18:17:41.654+0000] {logging_mixin.py:190} INFO - [2024-10-28T18:17:41.654+0000] {dag.py:4180} INFO - Setting next_dagrun for example_external_task_marker_child to None, run_after=None
[2024-10-28T18:17:41.657+0000] {logging_mixin.py:190} INFO - [2024-10-28T18:17:41.657+0000] {dag.py:4180} INFO - Setting next_dagrun for example_external_task_marker_parent to None, run_after=None
[2024-10-28T18:17:41.670+0000] {processor.py:208} INFO - Processing /home/airflow/.local/lib/python3.12/site-packages/airflow/example_dags/example_external_task_marker_dag.py took 0.055 seconds
[2024-10-28T18:18:11.981+0000] {processor.py:186} INFO - Started process (PID=1945) to work on /home/airflow/.local/lib/python3.12/site-packages/airflow/example_dags/example_external_task_marker_dag.py
[2024-10-28T18:18:11.982+0000] {processor.py:914} INFO - Processing file /home/airflow/.local/lib/python3.12/site-packages/airflow/example_dags/example_external_task_marker_dag.py for tasks to queue
[2024-10-28T18:18:11.983+0000] {logging_mixin.py:190} INFO - [2024-10-28T18:18:11.983+0000] {dagbag.py:588} INFO - Filling up the DagBag from /home/airflow/.local/lib/python3.12/site-packages/airflow/example_dags/example_external_task_marker_dag.py
[2024-10-28T18:18:11.989+0000] {processor.py:925} INFO - DAG(s) 'example_external_task_marker_parent', 'example_external_task_marker_child' retrieved from /home/airflow/.local/lib/python3.12/site-packages/airflow/example_dags/example_external_task_marker_dag.py
[2024-10-28T18:18:12.008+0000] {logging_mixin.py:190} INFO - [2024-10-28T18:18:12.007+0000] {dag.py:3239} INFO - Sync 2 DAGs
[2024-10-28T18:18:12.020+0000] {logging_mixin.py:190} INFO - [2024-10-28T18:18:12.020+0000] {dag.py:4180} INFO - Setting next_dagrun for example_external_task_marker_child to None, run_after=None
[2024-10-28T18:18:12.023+0000] {logging_mixin.py:190} INFO - [2024-10-28T18:18:12.023+0000] {dag.py:4180} INFO - Setting next_dagrun for example_external_task_marker_parent to None, run_after=None
[2024-10-28T18:18:12.041+0000] {processor.py:208} INFO - Processing /home/airflow/.local/lib/python3.12/site-packages/airflow/example_dags/example_external_task_marker_dag.py took 0.064 seconds
[2024-10-28T18:18:42.944+0000] {processor.py:186} INFO - Started process (PID=2011) to work on /home/airflow/.local/lib/python3.12/site-packages/airflow/example_dags/example_external_task_marker_dag.py
[2024-10-28T18:18:42.945+0000] {processor.py:914} INFO - Processing file /home/airflow/.local/lib/python3.12/site-packages/airflow/example_dags/example_external_task_marker_dag.py for tasks to queue
[2024-10-28T18:18:42.947+0000] {logging_mixin.py:190} INFO - [2024-10-28T18:18:42.947+0000] {dagbag.py:588} INFO - Filling up the DagBag from /home/airflow/.local/lib/python3.12/site-packages/airflow/example_dags/example_external_task_marker_dag.py
[2024-10-28T18:18:42.953+0000] {processor.py:925} INFO - DAG(s) 'example_external_task_marker_child', 'example_external_task_marker_parent' retrieved from /home/airflow/.local/lib/python3.12/site-packages/airflow/example_dags/example_external_task_marker_dag.py
[2024-10-28T18:18:42.971+0000] {logging_mixin.py:190} INFO - [2024-10-28T18:18:42.971+0000] {dag.py:3239} INFO - Sync 2 DAGs
[2024-10-28T18:18:42.981+0000] {logging_mixin.py:190} INFO - [2024-10-28T18:18:42.980+0000] {dag.py:4180} INFO - Setting next_dagrun for example_external_task_marker_child to None, run_after=None
[2024-10-28T18:18:42.984+0000] {logging_mixin.py:190} INFO - [2024-10-28T18:18:42.983+0000] {dag.py:4180} INFO - Setting next_dagrun for example_external_task_marker_parent to None, run_after=None
[2024-10-28T18:18:42.995+0000] {processor.py:208} INFO - Processing /home/airflow/.local/lib/python3.12/site-packages/airflow/example_dags/example_external_task_marker_dag.py took 0.054 seconds
[2024-10-28T18:19:13.916+0000] {processor.py:186} INFO - Started process (PID=2077) to work on /home/airflow/.local/lib/python3.12/site-packages/airflow/example_dags/example_external_task_marker_dag.py
[2024-10-28T18:19:13.917+0000] {processor.py:914} INFO - Processing file /home/airflow/.local/lib/python3.12/site-packages/airflow/example_dags/example_external_task_marker_dag.py for tasks to queue
[2024-10-28T18:19:13.919+0000] {logging_mixin.py:190} INFO - [2024-10-28T18:19:13.919+0000] {dagbag.py:588} INFO - Filling up the DagBag from /home/airflow/.local/lib/python3.12/site-packages/airflow/example_dags/example_external_task_marker_dag.py
[2024-10-28T18:19:13.928+0000] {processor.py:925} INFO - DAG(s) 'example_external_task_marker_parent', 'example_external_task_marker_child' retrieved from /home/airflow/.local/lib/python3.12/site-packages/airflow/example_dags/example_external_task_marker_dag.py
[2024-10-28T18:19:13.950+0000] {logging_mixin.py:190} INFO - [2024-10-28T18:19:13.950+0000] {dag.py:3239} INFO - Sync 2 DAGs
[2024-10-28T18:19:13.962+0000] {logging_mixin.py:190} INFO - [2024-10-28T18:19:13.961+0000] {dag.py:4180} INFO - Setting next_dagrun for example_external_task_marker_child to None, run_after=None
[2024-10-28T18:19:13.965+0000] {logging_mixin.py:190} INFO - [2024-10-28T18:19:13.965+0000] {dag.py:4180} INFO - Setting next_dagrun for example_external_task_marker_parent to None, run_after=None
[2024-10-28T18:19:13.989+0000] {processor.py:208} INFO - Processing /home/airflow/.local/lib/python3.12/site-packages/airflow/example_dags/example_external_task_marker_dag.py took 0.078 seconds
[2024-10-28T18:19:44.219+0000] {processor.py:186} INFO - Started process (PID=2144) to work on /home/airflow/.local/lib/python3.12/site-packages/airflow/example_dags/example_external_task_marker_dag.py
[2024-10-28T18:19:44.220+0000] {processor.py:914} INFO - Processing file /home/airflow/.local/lib/python3.12/site-packages/airflow/example_dags/example_external_task_marker_dag.py for tasks to queue
[2024-10-28T18:19:44.222+0000] {logging_mixin.py:190} INFO - [2024-10-28T18:19:44.222+0000] {dagbag.py:588} INFO - Filling up the DagBag from /home/airflow/.local/lib/python3.12/site-packages/airflow/example_dags/example_external_task_marker_dag.py
[2024-10-28T18:19:44.228+0000] {processor.py:925} INFO - DAG(s) 'example_external_task_marker_parent', 'example_external_task_marker_child' retrieved from /home/airflow/.local/lib/python3.12/site-packages/airflow/example_dags/example_external_task_marker_dag.py
[2024-10-28T18:19:44.255+0000] {logging_mixin.py:190} INFO - [2024-10-28T18:19:44.255+0000] {dag.py:3239} INFO - Sync 2 DAGs
[2024-10-28T18:19:44.268+0000] {logging_mixin.py:190} INFO - [2024-10-28T18:19:44.268+0000] {dag.py:4180} INFO - Setting next_dagrun for example_external_task_marker_child to None, run_after=None
[2024-10-28T18:19:44.273+0000] {logging_mixin.py:190} INFO - [2024-10-28T18:19:44.273+0000] {dag.py:4180} INFO - Setting next_dagrun for example_external_task_marker_parent to None, run_after=None
[2024-10-28T18:19:44.299+0000] {processor.py:208} INFO - Processing /home/airflow/.local/lib/python3.12/site-packages/airflow/example_dags/example_external_task_marker_dag.py took 0.087 seconds
[2024-10-28T18:20:15.091+0000] {processor.py:186} INFO - Started process (PID=2210) to work on /home/airflow/.local/lib/python3.12/site-packages/airflow/example_dags/example_external_task_marker_dag.py
[2024-10-28T18:20:15.092+0000] {processor.py:914} INFO - Processing file /home/airflow/.local/lib/python3.12/site-packages/airflow/example_dags/example_external_task_marker_dag.py for tasks to queue
[2024-10-28T18:20:15.094+0000] {logging_mixin.py:190} INFO - [2024-10-28T18:20:15.094+0000] {dagbag.py:588} INFO - Filling up the DagBag from /home/airflow/.local/lib/python3.12/site-packages/airflow/example_dags/example_external_task_marker_dag.py
[2024-10-28T18:20:15.102+0000] {processor.py:925} INFO - DAG(s) 'example_external_task_marker_child', 'example_external_task_marker_parent' retrieved from /home/airflow/.local/lib/python3.12/site-packages/airflow/example_dags/example_external_task_marker_dag.py
[2024-10-28T18:20:15.120+0000] {logging_mixin.py:190} INFO - [2024-10-28T18:20:15.119+0000] {dag.py:3239} INFO - Sync 2 DAGs
[2024-10-28T18:20:15.133+0000] {logging_mixin.py:190} INFO - [2024-10-28T18:20:15.132+0000] {dag.py:4180} INFO - Setting next_dagrun for example_external_task_marker_child to None, run_after=None
[2024-10-28T18:20:15.137+0000] {logging_mixin.py:190} INFO - [2024-10-28T18:20:15.137+0000] {dag.py:4180} INFO - Setting next_dagrun for example_external_task_marker_parent to None, run_after=None
[2024-10-28T18:20:15.151+0000] {processor.py:208} INFO - Processing /home/airflow/.local/lib/python3.12/site-packages/airflow/example_dags/example_external_task_marker_dag.py took 0.064 seconds
[2024-10-28T18:20:45.630+0000] {processor.py:186} INFO - Started process (PID=2276) to work on /home/airflow/.local/lib/python3.12/site-packages/airflow/example_dags/example_external_task_marker_dag.py
[2024-10-28T18:20:45.631+0000] {processor.py:914} INFO - Processing file /home/airflow/.local/lib/python3.12/site-packages/airflow/example_dags/example_external_task_marker_dag.py for tasks to queue
[2024-10-28T18:20:45.634+0000] {logging_mixin.py:190} INFO - [2024-10-28T18:20:45.633+0000] {dagbag.py:588} INFO - Filling up the DagBag from /home/airflow/.local/lib/python3.12/site-packages/airflow/example_dags/example_external_task_marker_dag.py
[2024-10-28T18:20:45.639+0000] {processor.py:925} INFO - DAG(s) 'example_external_task_marker_parent', 'example_external_task_marker_child' retrieved from /home/airflow/.local/lib/python3.12/site-packages/airflow/example_dags/example_external_task_marker_dag.py
[2024-10-28T18:20:45.658+0000] {logging_mixin.py:190} INFO - [2024-10-28T18:20:45.658+0000] {dag.py:3239} INFO - Sync 2 DAGs
[2024-10-28T18:20:45.668+0000] {logging_mixin.py:190} INFO - [2024-10-28T18:20:45.668+0000] {dag.py:4180} INFO - Setting next_dagrun for example_external_task_marker_child to None, run_after=None
[2024-10-28T18:20:45.673+0000] {logging_mixin.py:190} INFO - [2024-10-28T18:20:45.672+0000] {dag.py:4180} INFO - Setting next_dagrun for example_external_task_marker_parent to None, run_after=None
[2024-10-28T18:20:45.697+0000] {processor.py:208} INFO - Processing /home/airflow/.local/lib/python3.12/site-packages/airflow/example_dags/example_external_task_marker_dag.py took 0.071 seconds
[2024-10-28T18:21:16.714+0000] {processor.py:186} INFO - Started process (PID=2342) to work on /home/airflow/.local/lib/python3.12/site-packages/airflow/example_dags/example_external_task_marker_dag.py
[2024-10-28T18:21:16.715+0000] {processor.py:914} INFO - Processing file /home/airflow/.local/lib/python3.12/site-packages/airflow/example_dags/example_external_task_marker_dag.py for tasks to queue
[2024-10-28T18:21:16.718+0000] {logging_mixin.py:190} INFO - [2024-10-28T18:21:16.718+0000] {dagbag.py:588} INFO - Filling up the DagBag from /home/airflow/.local/lib/python3.12/site-packages/airflow/example_dags/example_external_task_marker_dag.py
[2024-10-28T18:21:16.725+0000] {processor.py:925} INFO - DAG(s) 'example_external_task_marker_parent', 'example_external_task_marker_child' retrieved from /home/airflow/.local/lib/python3.12/site-packages/airflow/example_dags/example_external_task_marker_dag.py
[2024-10-28T18:21:16.744+0000] {logging_mixin.py:190} INFO - [2024-10-28T18:21:16.744+0000] {dag.py:3239} INFO - Sync 2 DAGs
[2024-10-28T18:21:16.757+0000] {logging_mixin.py:190} INFO - [2024-10-28T18:21:16.757+0000] {dag.py:4180} INFO - Setting next_dagrun for example_external_task_marker_child to None, run_after=None
[2024-10-28T18:21:16.760+0000] {logging_mixin.py:190} INFO - [2024-10-28T18:21:16.760+0000] {dag.py:4180} INFO - Setting next_dagrun for example_external_task_marker_parent to None, run_after=None
[2024-10-28T18:21:16.784+0000] {processor.py:208} INFO - Processing /home/airflow/.local/lib/python3.12/site-packages/airflow/example_dags/example_external_task_marker_dag.py took 0.074 seconds
[2024-10-28T18:21:46.893+0000] {processor.py:186} INFO - Started process (PID=2408) to work on /home/airflow/.local/lib/python3.12/site-packages/airflow/example_dags/example_external_task_marker_dag.py
[2024-10-28T18:21:46.894+0000] {processor.py:914} INFO - Processing file /home/airflow/.local/lib/python3.12/site-packages/airflow/example_dags/example_external_task_marker_dag.py for tasks to queue
[2024-10-28T18:21:46.896+0000] {logging_mixin.py:190} INFO - [2024-10-28T18:21:46.895+0000] {dagbag.py:588} INFO - Filling up the DagBag from /home/airflow/.local/lib/python3.12/site-packages/airflow/example_dags/example_external_task_marker_dag.py
[2024-10-28T18:21:46.902+0000] {processor.py:925} INFO - DAG(s) 'example_external_task_marker_parent', 'example_external_task_marker_child' retrieved from /home/airflow/.local/lib/python3.12/site-packages/airflow/example_dags/example_external_task_marker_dag.py
[2024-10-28T18:21:46.924+0000] {logging_mixin.py:190} INFO - [2024-10-28T18:21:46.923+0000] {dag.py:3239} INFO - Sync 2 DAGs
[2024-10-28T18:21:46.935+0000] {logging_mixin.py:190} INFO - [2024-10-28T18:21:46.935+0000] {dag.py:4180} INFO - Setting next_dagrun for example_external_task_marker_child to None, run_after=None
[2024-10-28T18:21:46.941+0000] {logging_mixin.py:190} INFO - [2024-10-28T18:21:46.941+0000] {dag.py:4180} INFO - Setting next_dagrun for example_external_task_marker_parent to None, run_after=None
[2024-10-28T18:21:46.958+0000] {processor.py:208} INFO - Processing /home/airflow/.local/lib/python3.12/site-packages/airflow/example_dags/example_external_task_marker_dag.py took 0.069 seconds
[2024-10-28T18:22:17.132+0000] {processor.py:186} INFO - Started process (PID=2474) to work on /home/airflow/.local/lib/python3.12/site-packages/airflow/example_dags/example_external_task_marker_dag.py
[2024-10-28T18:22:17.133+0000] {processor.py:914} INFO - Processing file /home/airflow/.local/lib/python3.12/site-packages/airflow/example_dags/example_external_task_marker_dag.py for tasks to queue
[2024-10-28T18:22:17.135+0000] {logging_mixin.py:190} INFO - [2024-10-28T18:22:17.135+0000] {dagbag.py:588} INFO - Filling up the DagBag from /home/airflow/.local/lib/python3.12/site-packages/airflow/example_dags/example_external_task_marker_dag.py
[2024-10-28T18:22:17.148+0000] {processor.py:925} INFO - DAG(s) 'example_external_task_marker_child', 'example_external_task_marker_parent' retrieved from /home/airflow/.local/lib/python3.12/site-packages/airflow/example_dags/example_external_task_marker_dag.py
[2024-10-28T18:22:17.174+0000] {logging_mixin.py:190} INFO - [2024-10-28T18:22:17.174+0000] {dag.py:3239} INFO - Sync 2 DAGs
[2024-10-28T18:22:17.189+0000] {logging_mixin.py:190} INFO - [2024-10-28T18:22:17.189+0000] {dag.py:4180} INFO - Setting next_dagrun for example_external_task_marker_child to None, run_after=None
[2024-10-28T18:22:17.194+0000] {logging_mixin.py:190} INFO - [2024-10-28T18:22:17.194+0000] {dag.py:4180} INFO - Setting next_dagrun for example_external_task_marker_parent to None, run_after=None
[2024-10-28T18:22:17.209+0000] {processor.py:208} INFO - Processing /home/airflow/.local/lib/python3.12/site-packages/airflow/example_dags/example_external_task_marker_dag.py took 0.081 seconds
[2024-10-28T18:22:47.371+0000] {processor.py:186} INFO - Started process (PID=2539) to work on /home/airflow/.local/lib/python3.12/site-packages/airflow/example_dags/example_external_task_marker_dag.py
[2024-10-28T18:22:47.372+0000] {processor.py:914} INFO - Processing file /home/airflow/.local/lib/python3.12/site-packages/airflow/example_dags/example_external_task_marker_dag.py for tasks to queue
[2024-10-28T18:22:47.375+0000] {logging_mixin.py:190} INFO - [2024-10-28T18:22:47.374+0000] {dagbag.py:588} INFO - Filling up the DagBag from /home/airflow/.local/lib/python3.12/site-packages/airflow/example_dags/example_external_task_marker_dag.py
[2024-10-28T18:22:47.381+0000] {processor.py:925} INFO - DAG(s) 'example_external_task_marker_child', 'example_external_task_marker_parent' retrieved from /home/airflow/.local/lib/python3.12/site-packages/airflow/example_dags/example_external_task_marker_dag.py
[2024-10-28T18:22:47.401+0000] {logging_mixin.py:190} INFO - [2024-10-28T18:22:47.400+0000] {dag.py:3239} INFO - Sync 2 DAGs
[2024-10-28T18:22:47.411+0000] {logging_mixin.py:190} INFO - [2024-10-28T18:22:47.411+0000] {dag.py:4180} INFO - Setting next_dagrun for example_external_task_marker_child to None, run_after=None
[2024-10-28T18:22:47.415+0000] {logging_mixin.py:190} INFO - [2024-10-28T18:22:47.414+0000] {dag.py:4180} INFO - Setting next_dagrun for example_external_task_marker_parent to None, run_after=None
[2024-10-28T18:22:47.428+0000] {processor.py:208} INFO - Processing /home/airflow/.local/lib/python3.12/site-packages/airflow/example_dags/example_external_task_marker_dag.py took 0.060 seconds
[2024-10-28T18:23:17.506+0000] {processor.py:186} INFO - Started process (PID=2605) to work on /home/airflow/.local/lib/python3.12/site-packages/airflow/example_dags/example_external_task_marker_dag.py
[2024-10-28T18:23:17.507+0000] {processor.py:914} INFO - Processing file /home/airflow/.local/lib/python3.12/site-packages/airflow/example_dags/example_external_task_marker_dag.py for tasks to queue
[2024-10-28T18:23:17.510+0000] {logging_mixin.py:190} INFO - [2024-10-28T18:23:17.510+0000] {dagbag.py:588} INFO - Filling up the DagBag from /home/airflow/.local/lib/python3.12/site-packages/airflow/example_dags/example_external_task_marker_dag.py
[2024-10-28T18:23:17.517+0000] {processor.py:925} INFO - DAG(s) 'example_external_task_marker_child', 'example_external_task_marker_parent' retrieved from /home/airflow/.local/lib/python3.12/site-packages/airflow/example_dags/example_external_task_marker_dag.py
[2024-10-28T18:23:17.535+0000] {logging_mixin.py:190} INFO - [2024-10-28T18:23:17.534+0000] {dag.py:3239} INFO - Sync 2 DAGs
[2024-10-28T18:23:17.543+0000] {logging_mixin.py:190} INFO - [2024-10-28T18:23:17.543+0000] {dag.py:4180} INFO - Setting next_dagrun for example_external_task_marker_child to None, run_after=None
[2024-10-28T18:23:17.546+0000] {logging_mixin.py:190} INFO - [2024-10-28T18:23:17.546+0000] {dag.py:4180} INFO - Setting next_dagrun for example_external_task_marker_parent to None, run_after=None
[2024-10-28T18:23:17.567+0000] {processor.py:208} INFO - Processing /home/airflow/.local/lib/python3.12/site-packages/airflow/example_dags/example_external_task_marker_dag.py took 0.065 seconds
[2024-10-28T18:23:47.791+0000] {processor.py:186} INFO - Started process (PID=2671) to work on /home/airflow/.local/lib/python3.12/site-packages/airflow/example_dags/example_external_task_marker_dag.py
[2024-10-28T18:23:47.792+0000] {processor.py:914} INFO - Processing file /home/airflow/.local/lib/python3.12/site-packages/airflow/example_dags/example_external_task_marker_dag.py for tasks to queue
[2024-10-28T18:23:47.794+0000] {logging_mixin.py:190} INFO - [2024-10-28T18:23:47.793+0000] {dagbag.py:588} INFO - Filling up the DagBag from /home/airflow/.local/lib/python3.12/site-packages/airflow/example_dags/example_external_task_marker_dag.py
[2024-10-28T18:23:47.801+0000] {processor.py:925} INFO - DAG(s) 'example_external_task_marker_child', 'example_external_task_marker_parent' retrieved from /home/airflow/.local/lib/python3.12/site-packages/airflow/example_dags/example_external_task_marker_dag.py
[2024-10-28T18:23:47.820+0000] {logging_mixin.py:190} INFO - [2024-10-28T18:23:47.819+0000] {dag.py:3239} INFO - Sync 2 DAGs
[2024-10-28T18:23:47.830+0000] {logging_mixin.py:190} INFO - [2024-10-28T18:23:47.830+0000] {dag.py:4180} INFO - Setting next_dagrun for example_external_task_marker_child to None, run_after=None
[2024-10-28T18:23:47.833+0000] {logging_mixin.py:190} INFO - [2024-10-28T18:23:47.833+0000] {dag.py:4180} INFO - Setting next_dagrun for example_external_task_marker_parent to None, run_after=None
[2024-10-28T18:23:47.847+0000] {processor.py:208} INFO - Processing /home/airflow/.local/lib/python3.12/site-packages/airflow/example_dags/example_external_task_marker_dag.py took 0.060 seconds
[2024-10-28T18:24:18.006+0000] {processor.py:186} INFO - Started process (PID=2737) to work on /home/airflow/.local/lib/python3.12/site-packages/airflow/example_dags/example_external_task_marker_dag.py
[2024-10-28T18:24:18.007+0000] {processor.py:914} INFO - Processing file /home/airflow/.local/lib/python3.12/site-packages/airflow/example_dags/example_external_task_marker_dag.py for tasks to queue
[2024-10-28T18:24:18.009+0000] {logging_mixin.py:190} INFO - [2024-10-28T18:24:18.009+0000] {dagbag.py:588} INFO - Filling up the DagBag from /home/airflow/.local/lib/python3.12/site-packages/airflow/example_dags/example_external_task_marker_dag.py
[2024-10-28T18:24:18.014+0000] {processor.py:925} INFO - DAG(s) 'example_external_task_marker_parent', 'example_external_task_marker_child' retrieved from /home/airflow/.local/lib/python3.12/site-packages/airflow/example_dags/example_external_task_marker_dag.py
[2024-10-28T18:24:18.031+0000] {logging_mixin.py:190} INFO - [2024-10-28T18:24:18.031+0000] {dag.py:3239} INFO - Sync 2 DAGs
[2024-10-28T18:24:18.041+0000] {logging_mixin.py:190} INFO - [2024-10-28T18:24:18.041+0000] {dag.py:4180} INFO - Setting next_dagrun for example_external_task_marker_child to None, run_after=None
[2024-10-28T18:24:18.044+0000] {logging_mixin.py:190} INFO - [2024-10-28T18:24:18.044+0000] {dag.py:4180} INFO - Setting next_dagrun for example_external_task_marker_parent to None, run_after=None
[2024-10-28T18:24:18.058+0000] {processor.py:208} INFO - Processing /home/airflow/.local/lib/python3.12/site-packages/airflow/example_dags/example_external_task_marker_dag.py took 0.056 seconds
[2024-10-28T18:24:49.095+0000] {processor.py:186} INFO - Started process (PID=2803) to work on /home/airflow/.local/lib/python3.12/site-packages/airflow/example_dags/example_external_task_marker_dag.py
[2024-10-28T18:24:49.096+0000] {processor.py:914} INFO - Processing file /home/airflow/.local/lib/python3.12/site-packages/airflow/example_dags/example_external_task_marker_dag.py for tasks to queue
[2024-10-28T18:24:49.098+0000] {logging_mixin.py:190} INFO - [2024-10-28T18:24:49.098+0000] {dagbag.py:588} INFO - Filling up the DagBag from /home/airflow/.local/lib/python3.12/site-packages/airflow/example_dags/example_external_task_marker_dag.py
[2024-10-28T18:24:49.103+0000] {processor.py:925} INFO - DAG(s) 'example_external_task_marker_child', 'example_external_task_marker_parent' retrieved from /home/airflow/.local/lib/python3.12/site-packages/airflow/example_dags/example_external_task_marker_dag.py
[2024-10-28T18:24:49.122+0000] {logging_mixin.py:190} INFO - [2024-10-28T18:24:49.122+0000] {dag.py:3239} INFO - Sync 2 DAGs
[2024-10-28T18:24:49.133+0000] {logging_mixin.py:190} INFO - [2024-10-28T18:24:49.132+0000] {dag.py:4180} INFO - Setting next_dagrun for example_external_task_marker_child to None, run_after=None
[2024-10-28T18:24:49.137+0000] {logging_mixin.py:190} INFO - [2024-10-28T18:24:49.136+0000] {dag.py:4180} INFO - Setting next_dagrun for example_external_task_marker_parent to None, run_after=None
[2024-10-28T18:24:49.156+0000] {processor.py:208} INFO - Processing /home/airflow/.local/lib/python3.12/site-packages/airflow/example_dags/example_external_task_marker_dag.py took 0.065 seconds
