[2024-10-28T18:03:52.507+0000] {processor.py:186} INFO - Started process (PID=91) to work on /home/airflow/.local/lib/python3.12/site-packages/airflow/example_dags/example_branch_operator.py
[2024-10-28T18:03:52.511+0000] {processor.py:914} INFO - Processing file /home/airflow/.local/lib/python3.12/site-packages/airflow/example_dags/example_branch_operator.py for tasks to queue
[2024-10-28T18:03:52.517+0000] {logging_mixin.py:190} INFO - [2024-10-28T18:03:52.516+0000] {dagbag.py:588} INFO - Filling up the DagBag from /home/airflow/.local/lib/python3.12/site-packages/airflow/example_dags/example_branch_operator.py
[2024-10-28T18:03:52.570+0000] {processor.py:925} INFO - DAG(s) 'example_branch_operator' retrieved from /home/airflow/.local/lib/python3.12/site-packages/airflow/example_dags/example_branch_operator.py
[2024-10-28T18:03:52.885+0000] {logging_mixin.py:190} INFO - [2024-10-28T18:03:52.884+0000] {dag.py:3239} INFO - Sync 1 DAGs
[2024-10-28T18:03:52.943+0000] {logging_mixin.py:190} INFO - [2024-10-28T18:03:52.942+0000] {dag.py:4180} INFO - Setting next_dagrun for example_branch_operator to 2024-10-27 00:00:00+00:00, run_after=2024-10-28 00:00:00+00:00
[2024-10-28T18:03:52.997+0000] {processor.py:208} INFO - Processing /home/airflow/.local/lib/python3.12/site-packages/airflow/example_dags/example_branch_operator.py took 0.502 seconds
[2024-10-28T18:04:23.938+0000] {processor.py:186} INFO - Started process (PID=157) to work on /home/airflow/.local/lib/python3.12/site-packages/airflow/example_dags/example_branch_operator.py
[2024-10-28T18:04:23.940+0000] {processor.py:914} INFO - Processing file /home/airflow/.local/lib/python3.12/site-packages/airflow/example_dags/example_branch_operator.py for tasks to queue
[2024-10-28T18:04:23.941+0000] {logging_mixin.py:190} INFO - [2024-10-28T18:04:23.941+0000] {dagbag.py:588} INFO - Filling up the DagBag from /home/airflow/.local/lib/python3.12/site-packages/airflow/example_dags/example_branch_operator.py
[2024-10-28T18:04:23.954+0000] {processor.py:925} INFO - DAG(s) 'example_branch_operator' retrieved from /home/airflow/.local/lib/python3.12/site-packages/airflow/example_dags/example_branch_operator.py
[2024-10-28T18:04:23.974+0000] {logging_mixin.py:190} INFO - [2024-10-28T18:04:23.974+0000] {dag.py:3239} INFO - Sync 1 DAGs
[2024-10-28T18:04:23.992+0000] {logging_mixin.py:190} INFO - [2024-10-28T18:04:23.992+0000] {dag.py:4180} INFO - Setting next_dagrun for example_branch_operator to 2024-10-27 00:00:00+00:00, run_after=2024-10-28 00:00:00+00:00
[2024-10-28T18:04:24.014+0000] {processor.py:208} INFO - Processing /home/airflow/.local/lib/python3.12/site-packages/airflow/example_dags/example_branch_operator.py took 0.079 seconds
[2024-10-28T18:04:54.156+0000] {processor.py:186} INFO - Started process (PID=223) to work on /home/airflow/.local/lib/python3.12/site-packages/airflow/example_dags/example_branch_operator.py
[2024-10-28T18:04:54.157+0000] {processor.py:914} INFO - Processing file /home/airflow/.local/lib/python3.12/site-packages/airflow/example_dags/example_branch_operator.py for tasks to queue
[2024-10-28T18:04:54.159+0000] {logging_mixin.py:190} INFO - [2024-10-28T18:04:54.158+0000] {dagbag.py:588} INFO - Filling up the DagBag from /home/airflow/.local/lib/python3.12/site-packages/airflow/example_dags/example_branch_operator.py
[2024-10-28T18:04:54.170+0000] {processor.py:925} INFO - DAG(s) 'example_branch_operator' retrieved from /home/airflow/.local/lib/python3.12/site-packages/airflow/example_dags/example_branch_operator.py
[2024-10-28T18:04:54.189+0000] {logging_mixin.py:190} INFO - [2024-10-28T18:04:54.189+0000] {dag.py:3239} INFO - Sync 1 DAGs
[2024-10-28T18:04:54.206+0000] {logging_mixin.py:190} INFO - [2024-10-28T18:04:54.206+0000] {dag.py:4180} INFO - Setting next_dagrun for example_branch_operator to 2024-10-27 00:00:00+00:00, run_after=2024-10-28 00:00:00+00:00
[2024-10-28T18:04:54.225+0000] {processor.py:208} INFO - Processing /home/airflow/.local/lib/python3.12/site-packages/airflow/example_dags/example_branch_operator.py took 0.074 seconds
[2024-10-28T18:05:24.913+0000] {processor.py:186} INFO - Started process (PID=289) to work on /home/airflow/.local/lib/python3.12/site-packages/airflow/example_dags/example_branch_operator.py
[2024-10-28T18:05:24.914+0000] {processor.py:914} INFO - Processing file /home/airflow/.local/lib/python3.12/site-packages/airflow/example_dags/example_branch_operator.py for tasks to queue
[2024-10-28T18:05:24.916+0000] {logging_mixin.py:190} INFO - [2024-10-28T18:05:24.916+0000] {dagbag.py:588} INFO - Filling up the DagBag from /home/airflow/.local/lib/python3.12/site-packages/airflow/example_dags/example_branch_operator.py
[2024-10-28T18:05:24.928+0000] {processor.py:925} INFO - DAG(s) 'example_branch_operator' retrieved from /home/airflow/.local/lib/python3.12/site-packages/airflow/example_dags/example_branch_operator.py
[2024-10-28T18:05:24.952+0000] {logging_mixin.py:190} INFO - [2024-10-28T18:05:24.952+0000] {dag.py:3239} INFO - Sync 1 DAGs
[2024-10-28T18:05:24.976+0000] {logging_mixin.py:190} INFO - [2024-10-28T18:05:24.976+0000] {dag.py:4180} INFO - Setting next_dagrun for example_branch_operator to 2024-10-27 00:00:00+00:00, run_after=2024-10-28 00:00:00+00:00
[2024-10-28T18:05:25.001+0000] {processor.py:208} INFO - Processing /home/airflow/.local/lib/python3.12/site-packages/airflow/example_dags/example_branch_operator.py took 0.092 seconds
[2024-10-28T18:05:55.642+0000] {processor.py:186} INFO - Started process (PID=355) to work on /home/airflow/.local/lib/python3.12/site-packages/airflow/example_dags/example_branch_operator.py
[2024-10-28T18:05:55.644+0000] {processor.py:914} INFO - Processing file /home/airflow/.local/lib/python3.12/site-packages/airflow/example_dags/example_branch_operator.py for tasks to queue
[2024-10-28T18:05:55.647+0000] {logging_mixin.py:190} INFO - [2024-10-28T18:05:55.647+0000] {dagbag.py:588} INFO - Filling up the DagBag from /home/airflow/.local/lib/python3.12/site-packages/airflow/example_dags/example_branch_operator.py
[2024-10-28T18:05:55.666+0000] {processor.py:925} INFO - DAG(s) 'example_branch_operator' retrieved from /home/airflow/.local/lib/python3.12/site-packages/airflow/example_dags/example_branch_operator.py
[2024-10-28T18:05:55.694+0000] {logging_mixin.py:190} INFO - [2024-10-28T18:05:55.693+0000] {dag.py:3239} INFO - Sync 1 DAGs
[2024-10-28T18:05:55.714+0000] {logging_mixin.py:190} INFO - [2024-10-28T18:05:55.714+0000] {dag.py:4180} INFO - Setting next_dagrun for example_branch_operator to 2024-10-27 00:00:00+00:00, run_after=2024-10-28 00:00:00+00:00
[2024-10-28T18:05:55.736+0000] {processor.py:208} INFO - Processing /home/airflow/.local/lib/python3.12/site-packages/airflow/example_dags/example_branch_operator.py took 0.098 seconds
[2024-10-28T18:06:26.585+0000] {processor.py:186} INFO - Started process (PID=421) to work on /home/airflow/.local/lib/python3.12/site-packages/airflow/example_dags/example_branch_operator.py
[2024-10-28T18:06:26.586+0000] {processor.py:914} INFO - Processing file /home/airflow/.local/lib/python3.12/site-packages/airflow/example_dags/example_branch_operator.py for tasks to queue
[2024-10-28T18:06:26.588+0000] {logging_mixin.py:190} INFO - [2024-10-28T18:06:26.588+0000] {dagbag.py:588} INFO - Filling up the DagBag from /home/airflow/.local/lib/python3.12/site-packages/airflow/example_dags/example_branch_operator.py
[2024-10-28T18:06:26.602+0000] {processor.py:925} INFO - DAG(s) 'example_branch_operator' retrieved from /home/airflow/.local/lib/python3.12/site-packages/airflow/example_dags/example_branch_operator.py
[2024-10-28T18:06:26.626+0000] {logging_mixin.py:190} INFO - [2024-10-28T18:06:26.626+0000] {dag.py:3239} INFO - Sync 1 DAGs
[2024-10-28T18:06:26.647+0000] {logging_mixin.py:190} INFO - [2024-10-28T18:06:26.646+0000] {dag.py:4180} INFO - Setting next_dagrun for example_branch_operator to 2024-10-27 00:00:00+00:00, run_after=2024-10-28 00:00:00+00:00
[2024-10-28T18:06:26.670+0000] {processor.py:208} INFO - Processing /home/airflow/.local/lib/python3.12/site-packages/airflow/example_dags/example_branch_operator.py took 0.089 seconds
[2024-10-28T18:06:57.293+0000] {processor.py:186} INFO - Started process (PID=487) to work on /home/airflow/.local/lib/python3.12/site-packages/airflow/example_dags/example_branch_operator.py
[2024-10-28T18:06:57.295+0000] {processor.py:914} INFO - Processing file /home/airflow/.local/lib/python3.12/site-packages/airflow/example_dags/example_branch_operator.py for tasks to queue
[2024-10-28T18:06:57.296+0000] {logging_mixin.py:190} INFO - [2024-10-28T18:06:57.296+0000] {dagbag.py:588} INFO - Filling up the DagBag from /home/airflow/.local/lib/python3.12/site-packages/airflow/example_dags/example_branch_operator.py
[2024-10-28T18:06:57.309+0000] {processor.py:925} INFO - DAG(s) 'example_branch_operator' retrieved from /home/airflow/.local/lib/python3.12/site-packages/airflow/example_dags/example_branch_operator.py
[2024-10-28T18:06:57.329+0000] {logging_mixin.py:190} INFO - [2024-10-28T18:06:57.329+0000] {dag.py:3239} INFO - Sync 1 DAGs
[2024-10-28T18:06:57.346+0000] {logging_mixin.py:190} INFO - [2024-10-28T18:06:57.346+0000] {dag.py:4180} INFO - Setting next_dagrun for example_branch_operator to 2024-10-27 00:00:00+00:00, run_after=2024-10-28 00:00:00+00:00
[2024-10-28T18:06:57.371+0000] {processor.py:208} INFO - Processing /home/airflow/.local/lib/python3.12/site-packages/airflow/example_dags/example_branch_operator.py took 0.081 seconds
[2024-10-28T18:07:27.935+0000] {processor.py:186} INFO - Started process (PID=553) to work on /home/airflow/.local/lib/python3.12/site-packages/airflow/example_dags/example_branch_operator.py
[2024-10-28T18:07:27.935+0000] {processor.py:914} INFO - Processing file /home/airflow/.local/lib/python3.12/site-packages/airflow/example_dags/example_branch_operator.py for tasks to queue
[2024-10-28T18:07:27.937+0000] {logging_mixin.py:190} INFO - [2024-10-28T18:07:27.937+0000] {dagbag.py:588} INFO - Filling up the DagBag from /home/airflow/.local/lib/python3.12/site-packages/airflow/example_dags/example_branch_operator.py
[2024-10-28T18:07:27.947+0000] {processor.py:925} INFO - DAG(s) 'example_branch_operator' retrieved from /home/airflow/.local/lib/python3.12/site-packages/airflow/example_dags/example_branch_operator.py
[2024-10-28T18:07:27.970+0000] {logging_mixin.py:190} INFO - [2024-10-28T18:07:27.970+0000] {dag.py:3239} INFO - Sync 1 DAGs
[2024-10-28T18:07:27.988+0000] {logging_mixin.py:190} INFO - [2024-10-28T18:07:27.988+0000] {dag.py:4180} INFO - Setting next_dagrun for example_branch_operator to 2024-10-27 00:00:00+00:00, run_after=2024-10-28 00:00:00+00:00
[2024-10-28T18:07:28.010+0000] {processor.py:208} INFO - Processing /home/airflow/.local/lib/python3.12/site-packages/airflow/example_dags/example_branch_operator.py took 0.081 seconds
[2024-10-28T18:07:58.554+0000] {processor.py:186} INFO - Started process (PID=619) to work on /home/airflow/.local/lib/python3.12/site-packages/airflow/example_dags/example_branch_operator.py
[2024-10-28T18:07:58.554+0000] {processor.py:914} INFO - Processing file /home/airflow/.local/lib/python3.12/site-packages/airflow/example_dags/example_branch_operator.py for tasks to queue
[2024-10-28T18:07:58.556+0000] {logging_mixin.py:190} INFO - [2024-10-28T18:07:58.556+0000] {dagbag.py:588} INFO - Filling up the DagBag from /home/airflow/.local/lib/python3.12/site-packages/airflow/example_dags/example_branch_operator.py
[2024-10-28T18:07:58.569+0000] {processor.py:925} INFO - DAG(s) 'example_branch_operator' retrieved from /home/airflow/.local/lib/python3.12/site-packages/airflow/example_dags/example_branch_operator.py
[2024-10-28T18:07:58.590+0000] {logging_mixin.py:190} INFO - [2024-10-28T18:07:58.590+0000] {dag.py:3239} INFO - Sync 1 DAGs
[2024-10-28T18:07:58.609+0000] {logging_mixin.py:190} INFO - [2024-10-28T18:07:58.609+0000] {dag.py:4180} INFO - Setting next_dagrun for example_branch_operator to 2024-10-27 00:00:00+00:00, run_after=2024-10-28 00:00:00+00:00
[2024-10-28T18:07:58.634+0000] {processor.py:208} INFO - Processing /home/airflow/.local/lib/python3.12/site-packages/airflow/example_dags/example_branch_operator.py took 0.084 seconds
[2024-10-28T18:08:28.850+0000] {processor.py:186} INFO - Started process (PID=684) to work on /home/airflow/.local/lib/python3.12/site-packages/airflow/example_dags/example_branch_operator.py
[2024-10-28T18:08:28.851+0000] {processor.py:914} INFO - Processing file /home/airflow/.local/lib/python3.12/site-packages/airflow/example_dags/example_branch_operator.py for tasks to queue
[2024-10-28T18:08:28.853+0000] {logging_mixin.py:190} INFO - [2024-10-28T18:08:28.853+0000] {dagbag.py:588} INFO - Filling up the DagBag from /home/airflow/.local/lib/python3.12/site-packages/airflow/example_dags/example_branch_operator.py
[2024-10-28T18:08:28.867+0000] {processor.py:925} INFO - DAG(s) 'example_branch_operator' retrieved from /home/airflow/.local/lib/python3.12/site-packages/airflow/example_dags/example_branch_operator.py
[2024-10-28T18:08:28.894+0000] {logging_mixin.py:190} INFO - [2024-10-28T18:08:28.894+0000] {dag.py:3239} INFO - Sync 1 DAGs
[2024-10-28T18:08:28.923+0000] {logging_mixin.py:190} INFO - [2024-10-28T18:08:28.923+0000] {dag.py:4180} INFO - Setting next_dagrun for example_branch_operator to 2024-10-27 00:00:00+00:00, run_after=2024-10-28 00:00:00+00:00
[2024-10-28T18:08:28.953+0000] {processor.py:208} INFO - Processing /home/airflow/.local/lib/python3.12/site-packages/airflow/example_dags/example_branch_operator.py took 0.107 seconds
[2024-10-28T18:08:59.052+0000] {processor.py:186} INFO - Started process (PID=750) to work on /home/airflow/.local/lib/python3.12/site-packages/airflow/example_dags/example_branch_operator.py
[2024-10-28T18:08:59.053+0000] {processor.py:914} INFO - Processing file /home/airflow/.local/lib/python3.12/site-packages/airflow/example_dags/example_branch_operator.py for tasks to queue
[2024-10-28T18:08:59.054+0000] {logging_mixin.py:190} INFO - [2024-10-28T18:08:59.054+0000] {dagbag.py:588} INFO - Filling up the DagBag from /home/airflow/.local/lib/python3.12/site-packages/airflow/example_dags/example_branch_operator.py
[2024-10-28T18:08:59.065+0000] {processor.py:925} INFO - DAG(s) 'example_branch_operator' retrieved from /home/airflow/.local/lib/python3.12/site-packages/airflow/example_dags/example_branch_operator.py
[2024-10-28T18:08:59.084+0000] {logging_mixin.py:190} INFO - [2024-10-28T18:08:59.083+0000] {dag.py:3239} INFO - Sync 1 DAGs
[2024-10-28T18:08:59.098+0000] {logging_mixin.py:190} INFO - [2024-10-28T18:08:59.098+0000] {dag.py:4180} INFO - Setting next_dagrun for example_branch_operator to 2024-10-27 00:00:00+00:00, run_after=2024-10-28 00:00:00+00:00
[2024-10-28T18:08:59.124+0000] {processor.py:208} INFO - Processing /home/airflow/.local/lib/python3.12/site-packages/airflow/example_dags/example_branch_operator.py took 0.078 seconds
[2024-10-28T18:09:29.593+0000] {processor.py:186} INFO - Started process (PID=816) to work on /home/airflow/.local/lib/python3.12/site-packages/airflow/example_dags/example_branch_operator.py
[2024-10-28T18:09:29.594+0000] {processor.py:914} INFO - Processing file /home/airflow/.local/lib/python3.12/site-packages/airflow/example_dags/example_branch_operator.py for tasks to queue
[2024-10-28T18:09:29.596+0000] {logging_mixin.py:190} INFO - [2024-10-28T18:09:29.595+0000] {dagbag.py:588} INFO - Filling up the DagBag from /home/airflow/.local/lib/python3.12/site-packages/airflow/example_dags/example_branch_operator.py
[2024-10-28T18:09:29.607+0000] {processor.py:925} INFO - DAG(s) 'example_branch_operator' retrieved from /home/airflow/.local/lib/python3.12/site-packages/airflow/example_dags/example_branch_operator.py
[2024-10-28T18:09:29.624+0000] {logging_mixin.py:190} INFO - [2024-10-28T18:09:29.624+0000] {dag.py:3239} INFO - Sync 1 DAGs
[2024-10-28T18:09:29.642+0000] {logging_mixin.py:190} INFO - [2024-10-28T18:09:29.642+0000] {dag.py:4180} INFO - Setting next_dagrun for example_branch_operator to 2024-10-27 00:00:00+00:00, run_after=2024-10-28 00:00:00+00:00
[2024-10-28T18:09:29.664+0000] {processor.py:208} INFO - Processing /home/airflow/.local/lib/python3.12/site-packages/airflow/example_dags/example_branch_operator.py took 0.074 seconds
[2024-10-28T18:10:00.641+0000] {processor.py:186} INFO - Started process (PID=882) to work on /home/airflow/.local/lib/python3.12/site-packages/airflow/example_dags/example_branch_operator.py
[2024-10-28T18:10:00.642+0000] {processor.py:914} INFO - Processing file /home/airflow/.local/lib/python3.12/site-packages/airflow/example_dags/example_branch_operator.py for tasks to queue
[2024-10-28T18:10:00.644+0000] {logging_mixin.py:190} INFO - [2024-10-28T18:10:00.644+0000] {dagbag.py:588} INFO - Filling up the DagBag from /home/airflow/.local/lib/python3.12/site-packages/airflow/example_dags/example_branch_operator.py
[2024-10-28T18:10:00.655+0000] {processor.py:925} INFO - DAG(s) 'example_branch_operator' retrieved from /home/airflow/.local/lib/python3.12/site-packages/airflow/example_dags/example_branch_operator.py
[2024-10-28T18:10:00.675+0000] {logging_mixin.py:190} INFO - [2024-10-28T18:10:00.675+0000] {dag.py:3239} INFO - Sync 1 DAGs
[2024-10-28T18:10:00.691+0000] {logging_mixin.py:190} INFO - [2024-10-28T18:10:00.691+0000] {dag.py:4180} INFO - Setting next_dagrun for example_branch_operator to 2024-10-27 00:00:00+00:00, run_after=2024-10-28 00:00:00+00:00
[2024-10-28T18:10:00.710+0000] {processor.py:208} INFO - Processing /home/airflow/.local/lib/python3.12/site-packages/airflow/example_dags/example_branch_operator.py took 0.073 seconds
[2024-10-28T18:10:30.921+0000] {processor.py:186} INFO - Started process (PID=948) to work on /home/airflow/.local/lib/python3.12/site-packages/airflow/example_dags/example_branch_operator.py
[2024-10-28T18:10:30.922+0000] {processor.py:914} INFO - Processing file /home/airflow/.local/lib/python3.12/site-packages/airflow/example_dags/example_branch_operator.py for tasks to queue
[2024-10-28T18:10:30.924+0000] {logging_mixin.py:190} INFO - [2024-10-28T18:10:30.924+0000] {dagbag.py:588} INFO - Filling up the DagBag from /home/airflow/.local/lib/python3.12/site-packages/airflow/example_dags/example_branch_operator.py
[2024-10-28T18:10:30.938+0000] {processor.py:925} INFO - DAG(s) 'example_branch_operator' retrieved from /home/airflow/.local/lib/python3.12/site-packages/airflow/example_dags/example_branch_operator.py
[2024-10-28T18:10:30.957+0000] {logging_mixin.py:190} INFO - [2024-10-28T18:10:30.957+0000] {dag.py:3239} INFO - Sync 1 DAGs
[2024-10-28T18:10:30.972+0000] {logging_mixin.py:190} INFO - [2024-10-28T18:10:30.972+0000] {dag.py:4180} INFO - Setting next_dagrun for example_branch_operator to 2024-10-27 00:00:00+00:00, run_after=2024-10-28 00:00:00+00:00
[2024-10-28T18:10:30.986+0000] {processor.py:208} INFO - Processing /home/airflow/.local/lib/python3.12/site-packages/airflow/example_dags/example_branch_operator.py took 0.069 seconds
[2024-10-28T18:11:01.155+0000] {processor.py:186} INFO - Started process (PID=1014) to work on /home/airflow/.local/lib/python3.12/site-packages/airflow/example_dags/example_branch_operator.py
[2024-10-28T18:11:01.156+0000] {processor.py:914} INFO - Processing file /home/airflow/.local/lib/python3.12/site-packages/airflow/example_dags/example_branch_operator.py for tasks to queue
[2024-10-28T18:11:01.159+0000] {logging_mixin.py:190} INFO - [2024-10-28T18:11:01.159+0000] {dagbag.py:588} INFO - Filling up the DagBag from /home/airflow/.local/lib/python3.12/site-packages/airflow/example_dags/example_branch_operator.py
[2024-10-28T18:11:01.174+0000] {processor.py:925} INFO - DAG(s) 'example_branch_operator' retrieved from /home/airflow/.local/lib/python3.12/site-packages/airflow/example_dags/example_branch_operator.py
[2024-10-28T18:11:01.196+0000] {logging_mixin.py:190} INFO - [2024-10-28T18:11:01.195+0000] {dag.py:3239} INFO - Sync 1 DAGs
[2024-10-28T18:11:01.212+0000] {logging_mixin.py:190} INFO - [2024-10-28T18:11:01.212+0000] {dag.py:4180} INFO - Setting next_dagrun for example_branch_operator to 2024-10-27 00:00:00+00:00, run_after=2024-10-28 00:00:00+00:00
[2024-10-28T18:11:01.233+0000] {processor.py:208} INFO - Processing /home/airflow/.local/lib/python3.12/site-packages/airflow/example_dags/example_branch_operator.py took 0.082 seconds
[2024-10-28T18:11:31.381+0000] {processor.py:186} INFO - Started process (PID=1080) to work on /home/airflow/.local/lib/python3.12/site-packages/airflow/example_dags/example_branch_operator.py
[2024-10-28T18:11:31.386+0000] {processor.py:914} INFO - Processing file /home/airflow/.local/lib/python3.12/site-packages/airflow/example_dags/example_branch_operator.py for tasks to queue
[2024-10-28T18:11:31.388+0000] {logging_mixin.py:190} INFO - [2024-10-28T18:11:31.388+0000] {dagbag.py:588} INFO - Filling up the DagBag from /home/airflow/.local/lib/python3.12/site-packages/airflow/example_dags/example_branch_operator.py
[2024-10-28T18:11:31.402+0000] {processor.py:925} INFO - DAG(s) 'example_branch_operator' retrieved from /home/airflow/.local/lib/python3.12/site-packages/airflow/example_dags/example_branch_operator.py
[2024-10-28T18:11:31.423+0000] {logging_mixin.py:190} INFO - [2024-10-28T18:11:31.422+0000] {dag.py:3239} INFO - Sync 1 DAGs
[2024-10-28T18:11:31.440+0000] {logging_mixin.py:190} INFO - [2024-10-28T18:11:31.440+0000] {dag.py:4180} INFO - Setting next_dagrun for example_branch_operator to 2024-10-27 00:00:00+00:00, run_after=2024-10-28 00:00:00+00:00
[2024-10-28T18:11:31.462+0000] {processor.py:208} INFO - Processing /home/airflow/.local/lib/python3.12/site-packages/airflow/example_dags/example_branch_operator.py took 0.085 seconds
[2024-10-28T18:12:02.275+0000] {processor.py:186} INFO - Started process (PID=1146) to work on /home/airflow/.local/lib/python3.12/site-packages/airflow/example_dags/example_branch_operator.py
[2024-10-28T18:12:02.277+0000] {processor.py:914} INFO - Processing file /home/airflow/.local/lib/python3.12/site-packages/airflow/example_dags/example_branch_operator.py for tasks to queue
[2024-10-28T18:12:02.278+0000] {logging_mixin.py:190} INFO - [2024-10-28T18:12:02.278+0000] {dagbag.py:588} INFO - Filling up the DagBag from /home/airflow/.local/lib/python3.12/site-packages/airflow/example_dags/example_branch_operator.py
[2024-10-28T18:12:02.290+0000] {processor.py:925} INFO - DAG(s) 'example_branch_operator' retrieved from /home/airflow/.local/lib/python3.12/site-packages/airflow/example_dags/example_branch_operator.py
[2024-10-28T18:12:02.311+0000] {logging_mixin.py:190} INFO - [2024-10-28T18:12:02.311+0000] {dag.py:3239} INFO - Sync 1 DAGs
[2024-10-28T18:12:02.329+0000] {logging_mixin.py:190} INFO - [2024-10-28T18:12:02.329+0000] {dag.py:4180} INFO - Setting next_dagrun for example_branch_operator to 2024-10-27 00:00:00+00:00, run_after=2024-10-28 00:00:00+00:00
[2024-10-28T18:12:02.349+0000] {processor.py:208} INFO - Processing /home/airflow/.local/lib/python3.12/site-packages/airflow/example_dags/example_branch_operator.py took 0.078 seconds
[2024-10-28T18:12:32.807+0000] {processor.py:186} INFO - Started process (PID=1213) to work on /home/airflow/.local/lib/python3.12/site-packages/airflow/example_dags/example_branch_operator.py
[2024-10-28T18:12:32.808+0000] {processor.py:914} INFO - Processing file /home/airflow/.local/lib/python3.12/site-packages/airflow/example_dags/example_branch_operator.py for tasks to queue
[2024-10-28T18:12:32.809+0000] {logging_mixin.py:190} INFO - [2024-10-28T18:12:32.809+0000] {dagbag.py:588} INFO - Filling up the DagBag from /home/airflow/.local/lib/python3.12/site-packages/airflow/example_dags/example_branch_operator.py
[2024-10-28T18:12:32.821+0000] {processor.py:925} INFO - DAG(s) 'example_branch_operator' retrieved from /home/airflow/.local/lib/python3.12/site-packages/airflow/example_dags/example_branch_operator.py
[2024-10-28T18:12:32.841+0000] {logging_mixin.py:190} INFO - [2024-10-28T18:12:32.841+0000] {dag.py:3239} INFO - Sync 1 DAGs
[2024-10-28T18:12:32.856+0000] {logging_mixin.py:190} INFO - [2024-10-28T18:12:32.856+0000] {dag.py:4180} INFO - Setting next_dagrun for example_branch_operator to 2024-10-27 00:00:00+00:00, run_after=2024-10-28 00:00:00+00:00
[2024-10-28T18:12:32.878+0000] {processor.py:208} INFO - Processing /home/airflow/.local/lib/python3.12/site-packages/airflow/example_dags/example_branch_operator.py took 0.074 seconds
[2024-10-28T18:13:03.662+0000] {processor.py:186} INFO - Started process (PID=1279) to work on /home/airflow/.local/lib/python3.12/site-packages/airflow/example_dags/example_branch_operator.py
[2024-10-28T18:13:03.662+0000] {processor.py:914} INFO - Processing file /home/airflow/.local/lib/python3.12/site-packages/airflow/example_dags/example_branch_operator.py for tasks to queue
[2024-10-28T18:13:03.664+0000] {logging_mixin.py:190} INFO - [2024-10-28T18:13:03.664+0000] {dagbag.py:588} INFO - Filling up the DagBag from /home/airflow/.local/lib/python3.12/site-packages/airflow/example_dags/example_branch_operator.py
[2024-10-28T18:13:03.676+0000] {processor.py:925} INFO - DAG(s) 'example_branch_operator' retrieved from /home/airflow/.local/lib/python3.12/site-packages/airflow/example_dags/example_branch_operator.py
[2024-10-28T18:13:03.694+0000] {logging_mixin.py:190} INFO - [2024-10-28T18:13:03.693+0000] {dag.py:3239} INFO - Sync 1 DAGs
[2024-10-28T18:13:03.710+0000] {logging_mixin.py:190} INFO - [2024-10-28T18:13:03.710+0000] {dag.py:4180} INFO - Setting next_dagrun for example_branch_operator to 2024-10-27 00:00:00+00:00, run_after=2024-10-28 00:00:00+00:00
[2024-10-28T18:13:03.726+0000] {processor.py:208} INFO - Processing /home/airflow/.local/lib/python3.12/site-packages/airflow/example_dags/example_branch_operator.py took 0.068 seconds
[2024-10-28T18:13:34.684+0000] {processor.py:186} INFO - Started process (PID=1345) to work on /home/airflow/.local/lib/python3.12/site-packages/airflow/example_dags/example_branch_operator.py
[2024-10-28T18:13:34.685+0000] {processor.py:914} INFO - Processing file /home/airflow/.local/lib/python3.12/site-packages/airflow/example_dags/example_branch_operator.py for tasks to queue
[2024-10-28T18:13:34.687+0000] {logging_mixin.py:190} INFO - [2024-10-28T18:13:34.687+0000] {dagbag.py:588} INFO - Filling up the DagBag from /home/airflow/.local/lib/python3.12/site-packages/airflow/example_dags/example_branch_operator.py
[2024-10-28T18:13:34.698+0000] {processor.py:925} INFO - DAG(s) 'example_branch_operator' retrieved from /home/airflow/.local/lib/python3.12/site-packages/airflow/example_dags/example_branch_operator.py
[2024-10-28T18:13:34.717+0000] {logging_mixin.py:190} INFO - [2024-10-28T18:13:34.717+0000] {dag.py:3239} INFO - Sync 1 DAGs
[2024-10-28T18:13:34.735+0000] {logging_mixin.py:190} INFO - [2024-10-28T18:13:34.735+0000] {dag.py:4180} INFO - Setting next_dagrun for example_branch_operator to 2024-10-27 00:00:00+00:00, run_after=2024-10-28 00:00:00+00:00
[2024-10-28T18:13:34.755+0000] {processor.py:208} INFO - Processing /home/airflow/.local/lib/python3.12/site-packages/airflow/example_dags/example_branch_operator.py took 0.075 seconds
[2024-10-28T18:14:05.642+0000] {processor.py:186} INFO - Started process (PID=1411) to work on /home/airflow/.local/lib/python3.12/site-packages/airflow/example_dags/example_branch_operator.py
[2024-10-28T18:14:05.643+0000] {processor.py:914} INFO - Processing file /home/airflow/.local/lib/python3.12/site-packages/airflow/example_dags/example_branch_operator.py for tasks to queue
[2024-10-28T18:14:05.645+0000] {logging_mixin.py:190} INFO - [2024-10-28T18:14:05.645+0000] {dagbag.py:588} INFO - Filling up the DagBag from /home/airflow/.local/lib/python3.12/site-packages/airflow/example_dags/example_branch_operator.py
[2024-10-28T18:14:05.656+0000] {processor.py:925} INFO - DAG(s) 'example_branch_operator' retrieved from /home/airflow/.local/lib/python3.12/site-packages/airflow/example_dags/example_branch_operator.py
[2024-10-28T18:14:05.675+0000] {logging_mixin.py:190} INFO - [2024-10-28T18:14:05.674+0000] {dag.py:3239} INFO - Sync 1 DAGs
[2024-10-28T18:14:05.692+0000] {logging_mixin.py:190} INFO - [2024-10-28T18:14:05.692+0000] {dag.py:4180} INFO - Setting next_dagrun for example_branch_operator to 2024-10-27 00:00:00+00:00, run_after=2024-10-28 00:00:00+00:00
[2024-10-28T18:14:05.714+0000] {processor.py:208} INFO - Processing /home/airflow/.local/lib/python3.12/site-packages/airflow/example_dags/example_branch_operator.py took 0.075 seconds
[2024-10-28T18:14:36.369+0000] {processor.py:186} INFO - Started process (PID=1477) to work on /home/airflow/.local/lib/python3.12/site-packages/airflow/example_dags/example_branch_operator.py
[2024-10-28T18:14:36.370+0000] {processor.py:914} INFO - Processing file /home/airflow/.local/lib/python3.12/site-packages/airflow/example_dags/example_branch_operator.py for tasks to queue
[2024-10-28T18:14:36.372+0000] {logging_mixin.py:190} INFO - [2024-10-28T18:14:36.372+0000] {dagbag.py:588} INFO - Filling up the DagBag from /home/airflow/.local/lib/python3.12/site-packages/airflow/example_dags/example_branch_operator.py
[2024-10-28T18:14:36.385+0000] {processor.py:925} INFO - DAG(s) 'example_branch_operator' retrieved from /home/airflow/.local/lib/python3.12/site-packages/airflow/example_dags/example_branch_operator.py
[2024-10-28T18:14:36.405+0000] {logging_mixin.py:190} INFO - [2024-10-28T18:14:36.404+0000] {dag.py:3239} INFO - Sync 1 DAGs
[2024-10-28T18:14:36.423+0000] {logging_mixin.py:190} INFO - [2024-10-28T18:14:36.423+0000] {dag.py:4180} INFO - Setting next_dagrun for example_branch_operator to 2024-10-27 00:00:00+00:00, run_after=2024-10-28 00:00:00+00:00
[2024-10-28T18:14:36.439+0000] {processor.py:208} INFO - Processing /home/airflow/.local/lib/python3.12/site-packages/airflow/example_dags/example_branch_operator.py took 0.074 seconds
[2024-10-28T18:15:07.102+0000] {processor.py:186} INFO - Started process (PID=1543) to work on /home/airflow/.local/lib/python3.12/site-packages/airflow/example_dags/example_branch_operator.py
[2024-10-28T18:15:07.103+0000] {processor.py:914} INFO - Processing file /home/airflow/.local/lib/python3.12/site-packages/airflow/example_dags/example_branch_operator.py for tasks to queue
[2024-10-28T18:15:07.104+0000] {logging_mixin.py:190} INFO - [2024-10-28T18:15:07.104+0000] {dagbag.py:588} INFO - Filling up the DagBag from /home/airflow/.local/lib/python3.12/site-packages/airflow/example_dags/example_branch_operator.py
[2024-10-28T18:15:07.117+0000] {processor.py:925} INFO - DAG(s) 'example_branch_operator' retrieved from /home/airflow/.local/lib/python3.12/site-packages/airflow/example_dags/example_branch_operator.py
[2024-10-28T18:15:07.142+0000] {logging_mixin.py:190} INFO - [2024-10-28T18:15:07.141+0000] {dag.py:3239} INFO - Sync 1 DAGs
[2024-10-28T18:15:07.158+0000] {logging_mixin.py:190} INFO - [2024-10-28T18:15:07.158+0000] {dag.py:4180} INFO - Setting next_dagrun for example_branch_operator to 2024-10-27 00:00:00+00:00, run_after=2024-10-28 00:00:00+00:00
[2024-10-28T18:15:07.173+0000] {processor.py:208} INFO - Processing /home/airflow/.local/lib/python3.12/site-packages/airflow/example_dags/example_branch_operator.py took 0.075 seconds
[2024-10-28T18:15:37.739+0000] {processor.py:186} INFO - Started process (PID=1609) to work on /home/airflow/.local/lib/python3.12/site-packages/airflow/example_dags/example_branch_operator.py
[2024-10-28T18:15:37.740+0000] {processor.py:914} INFO - Processing file /home/airflow/.local/lib/python3.12/site-packages/airflow/example_dags/example_branch_operator.py for tasks to queue
[2024-10-28T18:15:37.742+0000] {logging_mixin.py:190} INFO - [2024-10-28T18:15:37.741+0000] {dagbag.py:588} INFO - Filling up the DagBag from /home/airflow/.local/lib/python3.12/site-packages/airflow/example_dags/example_branch_operator.py
[2024-10-28T18:15:37.756+0000] {processor.py:925} INFO - DAG(s) 'example_branch_operator' retrieved from /home/airflow/.local/lib/python3.12/site-packages/airflow/example_dags/example_branch_operator.py
[2024-10-28T18:15:37.777+0000] {logging_mixin.py:190} INFO - [2024-10-28T18:15:37.776+0000] {dag.py:3239} INFO - Sync 1 DAGs
[2024-10-28T18:15:37.793+0000] {logging_mixin.py:190} INFO - [2024-10-28T18:15:37.793+0000] {dag.py:4180} INFO - Setting next_dagrun for example_branch_operator to 2024-10-27 00:00:00+00:00, run_after=2024-10-28 00:00:00+00:00
[2024-10-28T18:15:37.810+0000] {processor.py:208} INFO - Processing /home/airflow/.local/lib/python3.12/site-packages/airflow/example_dags/example_branch_operator.py took 0.074 seconds
[2024-10-28T18:16:08.661+0000] {processor.py:186} INFO - Started process (PID=1675) to work on /home/airflow/.local/lib/python3.12/site-packages/airflow/example_dags/example_branch_operator.py
[2024-10-28T18:16:08.662+0000] {processor.py:914} INFO - Processing file /home/airflow/.local/lib/python3.12/site-packages/airflow/example_dags/example_branch_operator.py for tasks to queue
[2024-10-28T18:16:08.663+0000] {logging_mixin.py:190} INFO - [2024-10-28T18:16:08.663+0000] {dagbag.py:588} INFO - Filling up the DagBag from /home/airflow/.local/lib/python3.12/site-packages/airflow/example_dags/example_branch_operator.py
[2024-10-28T18:16:08.675+0000] {processor.py:925} INFO - DAG(s) 'example_branch_operator' retrieved from /home/airflow/.local/lib/python3.12/site-packages/airflow/example_dags/example_branch_operator.py
[2024-10-28T18:16:08.695+0000] {logging_mixin.py:190} INFO - [2024-10-28T18:16:08.695+0000] {dag.py:3239} INFO - Sync 1 DAGs
[2024-10-28T18:16:08.712+0000] {logging_mixin.py:190} INFO - [2024-10-28T18:16:08.712+0000] {dag.py:4180} INFO - Setting next_dagrun for example_branch_operator to 2024-10-27 00:00:00+00:00, run_after=2024-10-28 00:00:00+00:00
[2024-10-28T18:16:08.728+0000] {processor.py:208} INFO - Processing /home/airflow/.local/lib/python3.12/site-packages/airflow/example_dags/example_branch_operator.py took 0.071 seconds
[2024-10-28T18:16:39.286+0000] {processor.py:186} INFO - Started process (PID=1741) to work on /home/airflow/.local/lib/python3.12/site-packages/airflow/example_dags/example_branch_operator.py
[2024-10-28T18:16:39.287+0000] {processor.py:914} INFO - Processing file /home/airflow/.local/lib/python3.12/site-packages/airflow/example_dags/example_branch_operator.py for tasks to queue
[2024-10-28T18:16:39.289+0000] {logging_mixin.py:190} INFO - [2024-10-28T18:16:39.289+0000] {dagbag.py:588} INFO - Filling up the DagBag from /home/airflow/.local/lib/python3.12/site-packages/airflow/example_dags/example_branch_operator.py
[2024-10-28T18:16:39.301+0000] {processor.py:925} INFO - DAG(s) 'example_branch_operator' retrieved from /home/airflow/.local/lib/python3.12/site-packages/airflow/example_dags/example_branch_operator.py
[2024-10-28T18:16:39.322+0000] {logging_mixin.py:190} INFO - [2024-10-28T18:16:39.322+0000] {dag.py:3239} INFO - Sync 1 DAGs
[2024-10-28T18:16:39.339+0000] {logging_mixin.py:190} INFO - [2024-10-28T18:16:39.338+0000] {dag.py:4180} INFO - Setting next_dagrun for example_branch_operator to 2024-10-27 00:00:00+00:00, run_after=2024-10-28 00:00:00+00:00
[2024-10-28T18:16:39.360+0000] {processor.py:208} INFO - Processing /home/airflow/.local/lib/python3.12/site-packages/airflow/example_dags/example_branch_operator.py took 0.078 seconds
[2024-10-28T18:17:10.024+0000] {processor.py:186} INFO - Started process (PID=1807) to work on /home/airflow/.local/lib/python3.12/site-packages/airflow/example_dags/example_branch_operator.py
[2024-10-28T18:17:10.025+0000] {processor.py:914} INFO - Processing file /home/airflow/.local/lib/python3.12/site-packages/airflow/example_dags/example_branch_operator.py for tasks to queue
[2024-10-28T18:17:10.027+0000] {logging_mixin.py:190} INFO - [2024-10-28T18:17:10.027+0000] {dagbag.py:588} INFO - Filling up the DagBag from /home/airflow/.local/lib/python3.12/site-packages/airflow/example_dags/example_branch_operator.py
[2024-10-28T18:17:10.039+0000] {processor.py:925} INFO - DAG(s) 'example_branch_operator' retrieved from /home/airflow/.local/lib/python3.12/site-packages/airflow/example_dags/example_branch_operator.py
[2024-10-28T18:17:10.060+0000] {logging_mixin.py:190} INFO - [2024-10-28T18:17:10.060+0000] {dag.py:3239} INFO - Sync 1 DAGs
[2024-10-28T18:17:10.076+0000] {logging_mixin.py:190} INFO - [2024-10-28T18:17:10.076+0000] {dag.py:4180} INFO - Setting next_dagrun for example_branch_operator to 2024-10-27 00:00:00+00:00, run_after=2024-10-28 00:00:00+00:00
[2024-10-28T18:17:10.095+0000] {processor.py:208} INFO - Processing /home/airflow/.local/lib/python3.12/site-packages/airflow/example_dags/example_branch_operator.py took 0.076 seconds
[2024-10-28T18:17:40.194+0000] {processor.py:186} INFO - Started process (PID=1872) to work on /home/airflow/.local/lib/python3.12/site-packages/airflow/example_dags/example_branch_operator.py
[2024-10-28T18:17:40.196+0000] {processor.py:914} INFO - Processing file /home/airflow/.local/lib/python3.12/site-packages/airflow/example_dags/example_branch_operator.py for tasks to queue
[2024-10-28T18:17:40.198+0000] {logging_mixin.py:190} INFO - [2024-10-28T18:17:40.198+0000] {dagbag.py:588} INFO - Filling up the DagBag from /home/airflow/.local/lib/python3.12/site-packages/airflow/example_dags/example_branch_operator.py
[2024-10-28T18:17:40.210+0000] {processor.py:925} INFO - DAG(s) 'example_branch_operator' retrieved from /home/airflow/.local/lib/python3.12/site-packages/airflow/example_dags/example_branch_operator.py
[2024-10-28T18:17:40.232+0000] {logging_mixin.py:190} INFO - [2024-10-28T18:17:40.232+0000] {dag.py:3239} INFO - Sync 1 DAGs
[2024-10-28T18:17:40.253+0000] {logging_mixin.py:190} INFO - [2024-10-28T18:17:40.253+0000] {dag.py:4180} INFO - Setting next_dagrun for example_branch_operator to 2024-10-27 00:00:00+00:00, run_after=2024-10-28 00:00:00+00:00
[2024-10-28T18:17:40.270+0000] {processor.py:208} INFO - Processing /home/airflow/.local/lib/python3.12/site-packages/airflow/example_dags/example_branch_operator.py took 0.080 seconds
[2024-10-28T18:18:10.570+0000] {processor.py:186} INFO - Started process (PID=1938) to work on /home/airflow/.local/lib/python3.12/site-packages/airflow/example_dags/example_branch_operator.py
[2024-10-28T18:18:10.571+0000] {processor.py:914} INFO - Processing file /home/airflow/.local/lib/python3.12/site-packages/airflow/example_dags/example_branch_operator.py for tasks to queue
[2024-10-28T18:18:10.573+0000] {logging_mixin.py:190} INFO - [2024-10-28T18:18:10.572+0000] {dagbag.py:588} INFO - Filling up the DagBag from /home/airflow/.local/lib/python3.12/site-packages/airflow/example_dags/example_branch_operator.py
[2024-10-28T18:18:10.584+0000] {processor.py:925} INFO - DAG(s) 'example_branch_operator' retrieved from /home/airflow/.local/lib/python3.12/site-packages/airflow/example_dags/example_branch_operator.py
[2024-10-28T18:18:10.604+0000] {logging_mixin.py:190} INFO - [2024-10-28T18:18:10.604+0000] {dag.py:3239} INFO - Sync 1 DAGs
[2024-10-28T18:18:10.621+0000] {logging_mixin.py:190} INFO - [2024-10-28T18:18:10.621+0000] {dag.py:4180} INFO - Setting next_dagrun for example_branch_operator to 2024-10-27 00:00:00+00:00, run_after=2024-10-28 00:00:00+00:00
[2024-10-28T18:18:10.642+0000] {processor.py:208} INFO - Processing /home/airflow/.local/lib/python3.12/site-packages/airflow/example_dags/example_branch_operator.py took 0.075 seconds
[2024-10-28T18:18:41.528+0000] {processor.py:186} INFO - Started process (PID=2004) to work on /home/airflow/.local/lib/python3.12/site-packages/airflow/example_dags/example_branch_operator.py
[2024-10-28T18:18:41.529+0000] {processor.py:914} INFO - Processing file /home/airflow/.local/lib/python3.12/site-packages/airflow/example_dags/example_branch_operator.py for tasks to queue
[2024-10-28T18:18:41.531+0000] {logging_mixin.py:190} INFO - [2024-10-28T18:18:41.531+0000] {dagbag.py:588} INFO - Filling up the DagBag from /home/airflow/.local/lib/python3.12/site-packages/airflow/example_dags/example_branch_operator.py
[2024-10-28T18:18:41.547+0000] {processor.py:925} INFO - DAG(s) 'example_branch_operator' retrieved from /home/airflow/.local/lib/python3.12/site-packages/airflow/example_dags/example_branch_operator.py
[2024-10-28T18:18:41.574+0000] {logging_mixin.py:190} INFO - [2024-10-28T18:18:41.574+0000] {dag.py:3239} INFO - Sync 1 DAGs
[2024-10-28T18:18:41.594+0000] {logging_mixin.py:190} INFO - [2024-10-28T18:18:41.594+0000] {dag.py:4180} INFO - Setting next_dagrun for example_branch_operator to 2024-10-27 00:00:00+00:00, run_after=2024-10-28 00:00:00+00:00
[2024-10-28T18:18:41.612+0000] {processor.py:208} INFO - Processing /home/airflow/.local/lib/python3.12/site-packages/airflow/example_dags/example_branch_operator.py took 0.089 seconds
[2024-10-28T18:19:12.423+0000] {processor.py:186} INFO - Started process (PID=2070) to work on /home/airflow/.local/lib/python3.12/site-packages/airflow/example_dags/example_branch_operator.py
[2024-10-28T18:19:12.423+0000] {processor.py:914} INFO - Processing file /home/airflow/.local/lib/python3.12/site-packages/airflow/example_dags/example_branch_operator.py for tasks to queue
[2024-10-28T18:19:12.426+0000] {logging_mixin.py:190} INFO - [2024-10-28T18:19:12.425+0000] {dagbag.py:588} INFO - Filling up the DagBag from /home/airflow/.local/lib/python3.12/site-packages/airflow/example_dags/example_branch_operator.py
[2024-10-28T18:19:12.442+0000] {processor.py:925} INFO - DAG(s) 'example_branch_operator' retrieved from /home/airflow/.local/lib/python3.12/site-packages/airflow/example_dags/example_branch_operator.py
[2024-10-28T18:19:12.464+0000] {logging_mixin.py:190} INFO - [2024-10-28T18:19:12.464+0000] {dag.py:3239} INFO - Sync 1 DAGs
[2024-10-28T18:19:12.481+0000] {logging_mixin.py:190} INFO - [2024-10-28T18:19:12.480+0000] {dag.py:4180} INFO - Setting next_dagrun for example_branch_operator to 2024-10-27 00:00:00+00:00, run_after=2024-10-28 00:00:00+00:00
[2024-10-28T18:19:12.504+0000] {processor.py:208} INFO - Processing /home/airflow/.local/lib/python3.12/site-packages/airflow/example_dags/example_branch_operator.py took 0.087 seconds
[2024-10-28T18:19:42.782+0000] {processor.py:186} INFO - Started process (PID=2137) to work on /home/airflow/.local/lib/python3.12/site-packages/airflow/example_dags/example_branch_operator.py
[2024-10-28T18:19:42.783+0000] {processor.py:914} INFO - Processing file /home/airflow/.local/lib/python3.12/site-packages/airflow/example_dags/example_branch_operator.py for tasks to queue
[2024-10-28T18:19:42.785+0000] {logging_mixin.py:190} INFO - [2024-10-28T18:19:42.785+0000] {dagbag.py:588} INFO - Filling up the DagBag from /home/airflow/.local/lib/python3.12/site-packages/airflow/example_dags/example_branch_operator.py
[2024-10-28T18:19:42.798+0000] {processor.py:925} INFO - DAG(s) 'example_branch_operator' retrieved from /home/airflow/.local/lib/python3.12/site-packages/airflow/example_dags/example_branch_operator.py
[2024-10-28T18:19:42.819+0000] {logging_mixin.py:190} INFO - [2024-10-28T18:19:42.818+0000] {dag.py:3239} INFO - Sync 1 DAGs
[2024-10-28T18:19:42.837+0000] {logging_mixin.py:190} INFO - [2024-10-28T18:19:42.837+0000] {dag.py:4180} INFO - Setting next_dagrun for example_branch_operator to 2024-10-27 00:00:00+00:00, run_after=2024-10-28 00:00:00+00:00
[2024-10-28T18:19:42.856+0000] {processor.py:208} INFO - Processing /home/airflow/.local/lib/python3.12/site-packages/airflow/example_dags/example_branch_operator.py took 0.078 seconds
[2024-10-28T18:20:13.557+0000] {processor.py:186} INFO - Started process (PID=2203) to work on /home/airflow/.local/lib/python3.12/site-packages/airflow/example_dags/example_branch_operator.py
[2024-10-28T18:20:13.558+0000] {processor.py:914} INFO - Processing file /home/airflow/.local/lib/python3.12/site-packages/airflow/example_dags/example_branch_operator.py for tasks to queue
[2024-10-28T18:20:13.561+0000] {logging_mixin.py:190} INFO - [2024-10-28T18:20:13.560+0000] {dagbag.py:588} INFO - Filling up the DagBag from /home/airflow/.local/lib/python3.12/site-packages/airflow/example_dags/example_branch_operator.py
[2024-10-28T18:20:13.579+0000] {processor.py:925} INFO - DAG(s) 'example_branch_operator' retrieved from /home/airflow/.local/lib/python3.12/site-packages/airflow/example_dags/example_branch_operator.py
[2024-10-28T18:20:13.608+0000] {logging_mixin.py:190} INFO - [2024-10-28T18:20:13.608+0000] {dag.py:3239} INFO - Sync 1 DAGs
[2024-10-28T18:20:13.635+0000] {logging_mixin.py:190} INFO - [2024-10-28T18:20:13.635+0000] {dag.py:4180} INFO - Setting next_dagrun for example_branch_operator to 2024-10-27 00:00:00+00:00, run_after=2024-10-28 00:00:00+00:00
[2024-10-28T18:20:13.657+0000] {processor.py:208} INFO - Processing /home/airflow/.local/lib/python3.12/site-packages/airflow/example_dags/example_branch_operator.py took 0.107 seconds
[2024-10-28T18:20:43.889+0000] {processor.py:186} INFO - Started process (PID=2269) to work on /home/airflow/.local/lib/python3.12/site-packages/airflow/example_dags/example_branch_operator.py
[2024-10-28T18:20:43.890+0000] {processor.py:914} INFO - Processing file /home/airflow/.local/lib/python3.12/site-packages/airflow/example_dags/example_branch_operator.py for tasks to queue
[2024-10-28T18:20:43.893+0000] {logging_mixin.py:190} INFO - [2024-10-28T18:20:43.892+0000] {dagbag.py:588} INFO - Filling up the DagBag from /home/airflow/.local/lib/python3.12/site-packages/airflow/example_dags/example_branch_operator.py
[2024-10-28T18:20:43.906+0000] {processor.py:925} INFO - DAG(s) 'example_branch_operator' retrieved from /home/airflow/.local/lib/python3.12/site-packages/airflow/example_dags/example_branch_operator.py
[2024-10-28T18:20:43.932+0000] {logging_mixin.py:190} INFO - [2024-10-28T18:20:43.932+0000] {dag.py:3239} INFO - Sync 1 DAGs
[2024-10-28T18:20:43.956+0000] {logging_mixin.py:190} INFO - [2024-10-28T18:20:43.956+0000] {dag.py:4180} INFO - Setting next_dagrun for example_branch_operator to 2024-10-27 00:00:00+00:00, run_after=2024-10-28 00:00:00+00:00
[2024-10-28T18:20:43.983+0000] {processor.py:208} INFO - Processing /home/airflow/.local/lib/python3.12/site-packages/airflow/example_dags/example_branch_operator.py took 0.099 seconds
[2024-10-28T18:21:14.211+0000] {processor.py:186} INFO - Started process (PID=2335) to work on /home/airflow/.local/lib/python3.12/site-packages/airflow/example_dags/example_branch_operator.py
[2024-10-28T18:21:14.212+0000] {processor.py:914} INFO - Processing file /home/airflow/.local/lib/python3.12/site-packages/airflow/example_dags/example_branch_operator.py for tasks to queue
[2024-10-28T18:21:14.215+0000] {logging_mixin.py:190} INFO - [2024-10-28T18:21:14.214+0000] {dagbag.py:588} INFO - Filling up the DagBag from /home/airflow/.local/lib/python3.12/site-packages/airflow/example_dags/example_branch_operator.py
[2024-10-28T18:21:14.226+0000] {processor.py:925} INFO - DAG(s) 'example_branch_operator' retrieved from /home/airflow/.local/lib/python3.12/site-packages/airflow/example_dags/example_branch_operator.py
[2024-10-28T18:21:14.246+0000] {logging_mixin.py:190} INFO - [2024-10-28T18:21:14.246+0000] {dag.py:3239} INFO - Sync 1 DAGs
[2024-10-28T18:21:14.262+0000] {logging_mixin.py:190} INFO - [2024-10-28T18:21:14.262+0000] {dag.py:4180} INFO - Setting next_dagrun for example_branch_operator to 2024-10-27 00:00:00+00:00, run_after=2024-10-28 00:00:00+00:00
[2024-10-28T18:21:14.280+0000] {processor.py:208} INFO - Processing /home/airflow/.local/lib/python3.12/site-packages/airflow/example_dags/example_branch_operator.py took 0.072 seconds
[2024-10-28T18:21:44.548+0000] {processor.py:186} INFO - Started process (PID=2401) to work on /home/airflow/.local/lib/python3.12/site-packages/airflow/example_dags/example_branch_operator.py
[2024-10-28T18:21:44.549+0000] {processor.py:914} INFO - Processing file /home/airflow/.local/lib/python3.12/site-packages/airflow/example_dags/example_branch_operator.py for tasks to queue
[2024-10-28T18:21:44.550+0000] {logging_mixin.py:190} INFO - [2024-10-28T18:21:44.550+0000] {dagbag.py:588} INFO - Filling up the DagBag from /home/airflow/.local/lib/python3.12/site-packages/airflow/example_dags/example_branch_operator.py
[2024-10-28T18:21:44.561+0000] {processor.py:925} INFO - DAG(s) 'example_branch_operator' retrieved from /home/airflow/.local/lib/python3.12/site-packages/airflow/example_dags/example_branch_operator.py
[2024-10-28T18:21:44.582+0000] {logging_mixin.py:190} INFO - [2024-10-28T18:21:44.582+0000] {dag.py:3239} INFO - Sync 1 DAGs
[2024-10-28T18:21:44.610+0000] {logging_mixin.py:190} INFO - [2024-10-28T18:21:44.609+0000] {dag.py:4180} INFO - Setting next_dagrun for example_branch_operator to 2024-10-27 00:00:00+00:00, run_after=2024-10-28 00:00:00+00:00
[2024-10-28T18:21:44.625+0000] {processor.py:208} INFO - Processing /home/airflow/.local/lib/python3.12/site-packages/airflow/example_dags/example_branch_operator.py took 0.081 seconds
[2024-10-28T18:22:14.768+0000] {processor.py:186} INFO - Started process (PID=2467) to work on /home/airflow/.local/lib/python3.12/site-packages/airflow/example_dags/example_branch_operator.py
[2024-10-28T18:22:14.770+0000] {processor.py:914} INFO - Processing file /home/airflow/.local/lib/python3.12/site-packages/airflow/example_dags/example_branch_operator.py for tasks to queue
[2024-10-28T18:22:14.772+0000] {logging_mixin.py:190} INFO - [2024-10-28T18:22:14.772+0000] {dagbag.py:588} INFO - Filling up the DagBag from /home/airflow/.local/lib/python3.12/site-packages/airflow/example_dags/example_branch_operator.py
[2024-10-28T18:22:14.783+0000] {processor.py:925} INFO - DAG(s) 'example_branch_operator' retrieved from /home/airflow/.local/lib/python3.12/site-packages/airflow/example_dags/example_branch_operator.py
[2024-10-28T18:22:14.804+0000] {logging_mixin.py:190} INFO - [2024-10-28T18:22:14.803+0000] {dag.py:3239} INFO - Sync 1 DAGs
[2024-10-28T18:22:14.821+0000] {logging_mixin.py:190} INFO - [2024-10-28T18:22:14.821+0000] {dag.py:4180} INFO - Setting next_dagrun for example_branch_operator to 2024-10-27 00:00:00+00:00, run_after=2024-10-28 00:00:00+00:00
[2024-10-28T18:22:14.842+0000] {processor.py:208} INFO - Processing /home/airflow/.local/lib/python3.12/site-packages/airflow/example_dags/example_branch_operator.py took 0.077 seconds
[2024-10-28T18:22:44.996+0000] {processor.py:186} INFO - Started process (PID=2533) to work on /home/airflow/.local/lib/python3.12/site-packages/airflow/example_dags/example_branch_operator.py
[2024-10-28T18:22:44.996+0000] {processor.py:914} INFO - Processing file /home/airflow/.local/lib/python3.12/site-packages/airflow/example_dags/example_branch_operator.py for tasks to queue
[2024-10-28T18:22:44.998+0000] {logging_mixin.py:190} INFO - [2024-10-28T18:22:44.998+0000] {dagbag.py:588} INFO - Filling up the DagBag from /home/airflow/.local/lib/python3.12/site-packages/airflow/example_dags/example_branch_operator.py
[2024-10-28T18:22:45.011+0000] {processor.py:925} INFO - DAG(s) 'example_branch_operator' retrieved from /home/airflow/.local/lib/python3.12/site-packages/airflow/example_dags/example_branch_operator.py
[2024-10-28T18:22:45.040+0000] {logging_mixin.py:190} INFO - [2024-10-28T18:22:45.039+0000] {dag.py:3239} INFO - Sync 1 DAGs
[2024-10-28T18:22:45.057+0000] {logging_mixin.py:190} INFO - [2024-10-28T18:22:45.057+0000] {dag.py:4180} INFO - Setting next_dagrun for example_branch_operator to 2024-10-27 00:00:00+00:00, run_after=2024-10-28 00:00:00+00:00
[2024-10-28T18:22:45.073+0000] {processor.py:208} INFO - Processing /home/airflow/.local/lib/python3.12/site-packages/airflow/example_dags/example_branch_operator.py took 0.081 seconds
[2024-10-28T18:23:15.124+0000] {processor.py:186} INFO - Started process (PID=2599) to work on /home/airflow/.local/lib/python3.12/site-packages/airflow/example_dags/example_branch_operator.py
[2024-10-28T18:23:15.125+0000] {processor.py:914} INFO - Processing file /home/airflow/.local/lib/python3.12/site-packages/airflow/example_dags/example_branch_operator.py for tasks to queue
[2024-10-28T18:23:15.127+0000] {logging_mixin.py:190} INFO - [2024-10-28T18:23:15.126+0000] {dagbag.py:588} INFO - Filling up the DagBag from /home/airflow/.local/lib/python3.12/site-packages/airflow/example_dags/example_branch_operator.py
[2024-10-28T18:23:15.144+0000] {processor.py:925} INFO - DAG(s) 'example_branch_operator' retrieved from /home/airflow/.local/lib/python3.12/site-packages/airflow/example_dags/example_branch_operator.py
[2024-10-28T18:23:15.168+0000] {logging_mixin.py:190} INFO - [2024-10-28T18:23:15.168+0000] {dag.py:3239} INFO - Sync 1 DAGs
[2024-10-28T18:23:15.186+0000] {logging_mixin.py:190} INFO - [2024-10-28T18:23:15.186+0000] {dag.py:4180} INFO - Setting next_dagrun for example_branch_operator to 2024-10-27 00:00:00+00:00, run_after=2024-10-28 00:00:00+00:00
[2024-10-28T18:23:15.203+0000] {processor.py:208} INFO - Processing /home/airflow/.local/lib/python3.12/site-packages/airflow/example_dags/example_branch_operator.py took 0.083 seconds
[2024-10-28T18:23:45.414+0000] {processor.py:186} INFO - Started process (PID=2665) to work on /home/airflow/.local/lib/python3.12/site-packages/airflow/example_dags/example_branch_operator.py
[2024-10-28T18:23:45.415+0000] {processor.py:914} INFO - Processing file /home/airflow/.local/lib/python3.12/site-packages/airflow/example_dags/example_branch_operator.py for tasks to queue
[2024-10-28T18:23:45.417+0000] {logging_mixin.py:190} INFO - [2024-10-28T18:23:45.417+0000] {dagbag.py:588} INFO - Filling up the DagBag from /home/airflow/.local/lib/python3.12/site-packages/airflow/example_dags/example_branch_operator.py
[2024-10-28T18:23:45.428+0000] {processor.py:925} INFO - DAG(s) 'example_branch_operator' retrieved from /home/airflow/.local/lib/python3.12/site-packages/airflow/example_dags/example_branch_operator.py
[2024-10-28T18:23:45.454+0000] {logging_mixin.py:190} INFO - [2024-10-28T18:23:45.453+0000] {dag.py:3239} INFO - Sync 1 DAGs
[2024-10-28T18:23:45.471+0000] {logging_mixin.py:190} INFO - [2024-10-28T18:23:45.471+0000] {dag.py:4180} INFO - Setting next_dagrun for example_branch_operator to 2024-10-27 00:00:00+00:00, run_after=2024-10-28 00:00:00+00:00
[2024-10-28T18:23:45.490+0000] {processor.py:208} INFO - Processing /home/airflow/.local/lib/python3.12/site-packages/airflow/example_dags/example_branch_operator.py took 0.080 seconds
[2024-10-28T18:24:15.747+0000] {processor.py:186} INFO - Started process (PID=2731) to work on /home/airflow/.local/lib/python3.12/site-packages/airflow/example_dags/example_branch_operator.py
[2024-10-28T18:24:15.749+0000] {processor.py:914} INFO - Processing file /home/airflow/.local/lib/python3.12/site-packages/airflow/example_dags/example_branch_operator.py for tasks to queue
[2024-10-28T18:24:15.751+0000] {logging_mixin.py:190} INFO - [2024-10-28T18:24:15.750+0000] {dagbag.py:588} INFO - Filling up the DagBag from /home/airflow/.local/lib/python3.12/site-packages/airflow/example_dags/example_branch_operator.py
[2024-10-28T18:24:15.762+0000] {processor.py:925} INFO - DAG(s) 'example_branch_operator' retrieved from /home/airflow/.local/lib/python3.12/site-packages/airflow/example_dags/example_branch_operator.py
[2024-10-28T18:24:15.781+0000] {logging_mixin.py:190} INFO - [2024-10-28T18:24:15.781+0000] {dag.py:3239} INFO - Sync 1 DAGs
[2024-10-28T18:24:15.798+0000] {logging_mixin.py:190} INFO - [2024-10-28T18:24:15.798+0000] {dag.py:4180} INFO - Setting next_dagrun for example_branch_operator to 2024-10-27 00:00:00+00:00, run_after=2024-10-28 00:00:00+00:00
[2024-10-28T18:24:15.820+0000] {processor.py:208} INFO - Processing /home/airflow/.local/lib/python3.12/site-packages/airflow/example_dags/example_branch_operator.py took 0.077 seconds
[2024-10-28T18:24:46.746+0000] {processor.py:186} INFO - Started process (PID=2797) to work on /home/airflow/.local/lib/python3.12/site-packages/airflow/example_dags/example_branch_operator.py
[2024-10-28T18:24:46.747+0000] {processor.py:914} INFO - Processing file /home/airflow/.local/lib/python3.12/site-packages/airflow/example_dags/example_branch_operator.py for tasks to queue
[2024-10-28T18:24:46.748+0000] {logging_mixin.py:190} INFO - [2024-10-28T18:24:46.748+0000] {dagbag.py:588} INFO - Filling up the DagBag from /home/airflow/.local/lib/python3.12/site-packages/airflow/example_dags/example_branch_operator.py
[2024-10-28T18:24:46.759+0000] {processor.py:925} INFO - DAG(s) 'example_branch_operator' retrieved from /home/airflow/.local/lib/python3.12/site-packages/airflow/example_dags/example_branch_operator.py
[2024-10-28T18:24:46.782+0000] {logging_mixin.py:190} INFO - [2024-10-28T18:24:46.781+0000] {dag.py:3239} INFO - Sync 1 DAGs
[2024-10-28T18:24:46.797+0000] {logging_mixin.py:190} INFO - [2024-10-28T18:24:46.797+0000] {dag.py:4180} INFO - Setting next_dagrun for example_branch_operator to 2024-10-27 00:00:00+00:00, run_after=2024-10-28 00:00:00+00:00
[2024-10-28T18:24:46.821+0000] {processor.py:208} INFO - Processing /home/airflow/.local/lib/python3.12/site-packages/airflow/example_dags/example_branch_operator.py took 0.079 seconds
