[2024-10-28T18:03:51.295+0000] {processor.py:186} INFO - Started process (PID=86) to work on /home/airflow/.local/lib/python3.12/site-packages/airflow/example_dags/example_subdag_operator.py
[2024-10-28T18:03:51.297+0000] {processor.py:914} INFO - Processing file /home/airflow/.local/lib/python3.12/site-packages/airflow/example_dags/example_subdag_operator.py for tasks to queue
[2024-10-28T18:03:51.303+0000] {logging_mixin.py:190} INFO - [2024-10-28T18:03:51.302+0000] {dagbag.py:588} INFO - Filling up the DagBag from /home/airflow/.local/lib/python3.12/site-packages/airflow/example_dags/example_subdag_operator.py
[2024-10-28T18:03:51.383+0000] {processor.py:925} INFO - DAG(s) 'example_subdag_operator.section-1', 'example_subdag_operator.section-2', 'example_subdag_operator' retrieved from /home/airflow/.local/lib/python3.12/site-packages/airflow/example_dags/example_subdag_operator.py
[2024-10-28T18:03:51.455+0000] {logging_mixin.py:190} INFO - [2024-10-28T18:03:51.455+0000] {dag.py:3239} INFO - Sync 3 DAGs
[2024-10-28T18:03:51.553+0000] {logging_mixin.py:190} INFO - [2024-10-28T18:03:51.553+0000] {dag.py:4180} INFO - Setting next_dagrun for example_subdag_operator to 2022-01-01 00:00:00+00:00, run_after=2022-01-01 00:00:00+00:00
[2024-10-28T18:03:51.562+0000] {logging_mixin.py:190} INFO - [2024-10-28T18:03:51.561+0000] {dag.py:4180} INFO - Setting next_dagrun for example_subdag_operator.section-1 to None, run_after=None
[2024-10-28T18:03:51.565+0000] {logging_mixin.py:190} INFO - [2024-10-28T18:03:51.565+0000] {dag.py:4180} INFO - Setting next_dagrun for example_subdag_operator.section-2 to None, run_after=None
[2024-10-28T18:03:51.581+0000] {logging_mixin.py:190} INFO - [2024-10-28T18:03:51.580+0000] {dag.py:3239} INFO - Sync 2 DAGs
[2024-10-28T18:03:51.594+0000] {logging_mixin.py:190} INFO - [2024-10-28T18:03:51.593+0000] {dag.py:4180} INFO - Setting next_dagrun for example_subdag_operator.section-1 to None, run_after=None
[2024-10-28T18:03:51.595+0000] {logging_mixin.py:190} INFO - [2024-10-28T18:03:51.595+0000] {dag.py:4180} INFO - Setting next_dagrun for example_subdag_operator.section-2 to None, run_after=None
[2024-10-28T18:03:51.620+0000] {processor.py:208} INFO - Processing /home/airflow/.local/lib/python3.12/site-packages/airflow/example_dags/example_subdag_operator.py took 0.339 seconds
[2024-10-28T18:04:21.725+0000] {processor.py:186} INFO - Started process (PID=152) to work on /home/airflow/.local/lib/python3.12/site-packages/airflow/example_dags/example_subdag_operator.py
[2024-10-28T18:04:21.726+0000] {processor.py:914} INFO - Processing file /home/airflow/.local/lib/python3.12/site-packages/airflow/example_dags/example_subdag_operator.py for tasks to queue
[2024-10-28T18:04:21.728+0000] {logging_mixin.py:190} INFO - [2024-10-28T18:04:21.728+0000] {dagbag.py:588} INFO - Filling up the DagBag from /home/airflow/.local/lib/python3.12/site-packages/airflow/example_dags/example_subdag_operator.py
[2024-10-28T18:04:21.750+0000] {processor.py:925} INFO - DAG(s) 'example_subdag_operator.section-1', 'example_subdag_operator.section-2', 'example_subdag_operator' retrieved from /home/airflow/.local/lib/python3.12/site-packages/airflow/example_dags/example_subdag_operator.py
[2024-10-28T18:04:21.763+0000] {logging_mixin.py:190} INFO - [2024-10-28T18:04:21.763+0000] {dag.py:3239} INFO - Sync 3 DAGs
[2024-10-28T18:04:21.786+0000] {logging_mixin.py:190} INFO - [2024-10-28T18:04:21.786+0000] {dag.py:4180} INFO - Setting next_dagrun for example_subdag_operator to 2022-01-01 00:00:00+00:00, run_after=2022-01-01 00:00:00+00:00
[2024-10-28T18:04:21.789+0000] {logging_mixin.py:190} INFO - [2024-10-28T18:04:21.789+0000] {dag.py:4180} INFO - Setting next_dagrun for example_subdag_operator.section-1 to None, run_after=None
[2024-10-28T18:04:21.791+0000] {logging_mixin.py:190} INFO - [2024-10-28T18:04:21.791+0000] {dag.py:4180} INFO - Setting next_dagrun for example_subdag_operator.section-2 to None, run_after=None
[2024-10-28T18:04:21.797+0000] {logging_mixin.py:190} INFO - [2024-10-28T18:04:21.797+0000] {dag.py:3239} INFO - Sync 2 DAGs
[2024-10-28T18:04:21.803+0000] {logging_mixin.py:190} INFO - [2024-10-28T18:04:21.803+0000] {dag.py:4180} INFO - Setting next_dagrun for example_subdag_operator.section-1 to None, run_after=None
[2024-10-28T18:04:21.804+0000] {logging_mixin.py:190} INFO - [2024-10-28T18:04:21.803+0000] {dag.py:4180} INFO - Setting next_dagrun for example_subdag_operator.section-2 to None, run_after=None
[2024-10-28T18:04:21.813+0000] {processor.py:208} INFO - Processing /home/airflow/.local/lib/python3.12/site-packages/airflow/example_dags/example_subdag_operator.py took 0.092 seconds
[2024-10-28T18:04:51.920+0000] {processor.py:186} INFO - Started process (PID=218) to work on /home/airflow/.local/lib/python3.12/site-packages/airflow/example_dags/example_subdag_operator.py
[2024-10-28T18:04:51.922+0000] {processor.py:914} INFO - Processing file /home/airflow/.local/lib/python3.12/site-packages/airflow/example_dags/example_subdag_operator.py for tasks to queue
[2024-10-28T18:04:51.923+0000] {logging_mixin.py:190} INFO - [2024-10-28T18:04:51.923+0000] {dagbag.py:588} INFO - Filling up the DagBag from /home/airflow/.local/lib/python3.12/site-packages/airflow/example_dags/example_subdag_operator.py
[2024-10-28T18:04:51.944+0000] {processor.py:925} INFO - DAG(s) 'example_subdag_operator.section-1', 'example_subdag_operator.section-2', 'example_subdag_operator' retrieved from /home/airflow/.local/lib/python3.12/site-packages/airflow/example_dags/example_subdag_operator.py
[2024-10-28T18:04:51.956+0000] {logging_mixin.py:190} INFO - [2024-10-28T18:04:51.956+0000] {dag.py:3239} INFO - Sync 3 DAGs
[2024-10-28T18:04:51.975+0000] {logging_mixin.py:190} INFO - [2024-10-28T18:04:51.975+0000] {dag.py:4180} INFO - Setting next_dagrun for example_subdag_operator to 2022-01-01 00:00:00+00:00, run_after=2022-01-01 00:00:00+00:00
[2024-10-28T18:04:51.979+0000] {logging_mixin.py:190} INFO - [2024-10-28T18:04:51.979+0000] {dag.py:4180} INFO - Setting next_dagrun for example_subdag_operator.section-1 to None, run_after=None
[2024-10-28T18:04:51.981+0000] {logging_mixin.py:190} INFO - [2024-10-28T18:04:51.981+0000] {dag.py:4180} INFO - Setting next_dagrun for example_subdag_operator.section-2 to None, run_after=None
[2024-10-28T18:04:51.989+0000] {logging_mixin.py:190} INFO - [2024-10-28T18:04:51.989+0000] {dag.py:3239} INFO - Sync 2 DAGs
[2024-10-28T18:04:51.994+0000] {logging_mixin.py:190} INFO - [2024-10-28T18:04:51.994+0000] {dag.py:4180} INFO - Setting next_dagrun for example_subdag_operator.section-1 to None, run_after=None
[2024-10-28T18:04:51.995+0000] {logging_mixin.py:190} INFO - [2024-10-28T18:04:51.995+0000] {dag.py:4180} INFO - Setting next_dagrun for example_subdag_operator.section-2 to None, run_after=None
[2024-10-28T18:04:52.013+0000] {processor.py:208} INFO - Processing /home/airflow/.local/lib/python3.12/site-packages/airflow/example_dags/example_subdag_operator.py took 0.097 seconds
[2024-10-28T18:05:22.699+0000] {processor.py:186} INFO - Started process (PID=284) to work on /home/airflow/.local/lib/python3.12/site-packages/airflow/example_dags/example_subdag_operator.py
[2024-10-28T18:05:22.700+0000] {processor.py:914} INFO - Processing file /home/airflow/.local/lib/python3.12/site-packages/airflow/example_dags/example_subdag_operator.py for tasks to queue
[2024-10-28T18:05:22.702+0000] {logging_mixin.py:190} INFO - [2024-10-28T18:05:22.701+0000] {dagbag.py:588} INFO - Filling up the DagBag from /home/airflow/.local/lib/python3.12/site-packages/airflow/example_dags/example_subdag_operator.py
[2024-10-28T18:05:22.718+0000] {processor.py:925} INFO - DAG(s) 'example_subdag_operator.section-1', 'example_subdag_operator.section-2', 'example_subdag_operator' retrieved from /home/airflow/.local/lib/python3.12/site-packages/airflow/example_dags/example_subdag_operator.py
[2024-10-28T18:05:22.730+0000] {logging_mixin.py:190} INFO - [2024-10-28T18:05:22.730+0000] {dag.py:3239} INFO - Sync 3 DAGs
[2024-10-28T18:05:22.745+0000] {logging_mixin.py:190} INFO - [2024-10-28T18:05:22.745+0000] {dag.py:4180} INFO - Setting next_dagrun for example_subdag_operator to 2022-01-01 00:00:00+00:00, run_after=2022-01-01 00:00:00+00:00
[2024-10-28T18:05:22.748+0000] {logging_mixin.py:190} INFO - [2024-10-28T18:05:22.748+0000] {dag.py:4180} INFO - Setting next_dagrun for example_subdag_operator.section-1 to None, run_after=None
[2024-10-28T18:05:22.749+0000] {logging_mixin.py:190} INFO - [2024-10-28T18:05:22.749+0000] {dag.py:4180} INFO - Setting next_dagrun for example_subdag_operator.section-2 to None, run_after=None
[2024-10-28T18:05:22.753+0000] {logging_mixin.py:190} INFO - [2024-10-28T18:05:22.753+0000] {dag.py:3239} INFO - Sync 2 DAGs
[2024-10-28T18:05:22.757+0000] {logging_mixin.py:190} INFO - [2024-10-28T18:05:22.757+0000] {dag.py:4180} INFO - Setting next_dagrun for example_subdag_operator.section-1 to None, run_after=None
[2024-10-28T18:05:22.758+0000] {logging_mixin.py:190} INFO - [2024-10-28T18:05:22.758+0000] {dag.py:4180} INFO - Setting next_dagrun for example_subdag_operator.section-2 to None, run_after=None
[2024-10-28T18:05:22.773+0000] {processor.py:208} INFO - Processing /home/airflow/.local/lib/python3.12/site-packages/airflow/example_dags/example_subdag_operator.py took 0.078 seconds
[2024-10-28T18:05:53.405+0000] {processor.py:186} INFO - Started process (PID=350) to work on /home/airflow/.local/lib/python3.12/site-packages/airflow/example_dags/example_subdag_operator.py
[2024-10-28T18:05:53.406+0000] {processor.py:914} INFO - Processing file /home/airflow/.local/lib/python3.12/site-packages/airflow/example_dags/example_subdag_operator.py for tasks to queue
[2024-10-28T18:05:53.407+0000] {logging_mixin.py:190} INFO - [2024-10-28T18:05:53.407+0000] {dagbag.py:588} INFO - Filling up the DagBag from /home/airflow/.local/lib/python3.12/site-packages/airflow/example_dags/example_subdag_operator.py
[2024-10-28T18:05:53.424+0000] {processor.py:925} INFO - DAG(s) 'example_subdag_operator.section-1', 'example_subdag_operator.section-2', 'example_subdag_operator' retrieved from /home/airflow/.local/lib/python3.12/site-packages/airflow/example_dags/example_subdag_operator.py
[2024-10-28T18:05:53.434+0000] {logging_mixin.py:190} INFO - [2024-10-28T18:05:53.434+0000] {dag.py:3239} INFO - Sync 3 DAGs
[2024-10-28T18:05:53.448+0000] {logging_mixin.py:190} INFO - [2024-10-28T18:05:53.448+0000] {dag.py:4180} INFO - Setting next_dagrun for example_subdag_operator to 2022-01-01 00:00:00+00:00, run_after=2022-01-01 00:00:00+00:00
[2024-10-28T18:05:53.451+0000] {logging_mixin.py:190} INFO - [2024-10-28T18:05:53.451+0000] {dag.py:4180} INFO - Setting next_dagrun for example_subdag_operator.section-1 to None, run_after=None
[2024-10-28T18:05:53.452+0000] {logging_mixin.py:190} INFO - [2024-10-28T18:05:53.452+0000] {dag.py:4180} INFO - Setting next_dagrun for example_subdag_operator.section-2 to None, run_after=None
[2024-10-28T18:05:53.456+0000] {logging_mixin.py:190} INFO - [2024-10-28T18:05:53.456+0000] {dag.py:3239} INFO - Sync 2 DAGs
[2024-10-28T18:05:53.460+0000] {logging_mixin.py:190} INFO - [2024-10-28T18:05:53.460+0000] {dag.py:4180} INFO - Setting next_dagrun for example_subdag_operator.section-1 to None, run_after=None
[2024-10-28T18:05:53.461+0000] {logging_mixin.py:190} INFO - [2024-10-28T18:05:53.461+0000] {dag.py:4180} INFO - Setting next_dagrun for example_subdag_operator.section-2 to None, run_after=None
[2024-10-28T18:05:53.476+0000] {processor.py:208} INFO - Processing /home/airflow/.local/lib/python3.12/site-packages/airflow/example_dags/example_subdag_operator.py took 0.076 seconds
[2024-10-28T18:06:24.389+0000] {processor.py:186} INFO - Started process (PID=416) to work on /home/airflow/.local/lib/python3.12/site-packages/airflow/example_dags/example_subdag_operator.py
[2024-10-28T18:06:24.390+0000] {processor.py:914} INFO - Processing file /home/airflow/.local/lib/python3.12/site-packages/airflow/example_dags/example_subdag_operator.py for tasks to queue
[2024-10-28T18:06:24.392+0000] {logging_mixin.py:190} INFO - [2024-10-28T18:06:24.391+0000] {dagbag.py:588} INFO - Filling up the DagBag from /home/airflow/.local/lib/python3.12/site-packages/airflow/example_dags/example_subdag_operator.py
[2024-10-28T18:06:24.408+0000] {processor.py:925} INFO - DAG(s) 'example_subdag_operator.section-1', 'example_subdag_operator.section-2', 'example_subdag_operator' retrieved from /home/airflow/.local/lib/python3.12/site-packages/airflow/example_dags/example_subdag_operator.py
[2024-10-28T18:06:24.418+0000] {logging_mixin.py:190} INFO - [2024-10-28T18:06:24.418+0000] {dag.py:3239} INFO - Sync 3 DAGs
[2024-10-28T18:06:24.434+0000] {logging_mixin.py:190} INFO - [2024-10-28T18:06:24.434+0000] {dag.py:4180} INFO - Setting next_dagrun for example_subdag_operator to 2022-01-01 00:00:00+00:00, run_after=2022-01-01 00:00:00+00:00
[2024-10-28T18:06:24.437+0000] {logging_mixin.py:190} INFO - [2024-10-28T18:06:24.437+0000] {dag.py:4180} INFO - Setting next_dagrun for example_subdag_operator.section-1 to None, run_after=None
[2024-10-28T18:06:24.438+0000] {logging_mixin.py:190} INFO - [2024-10-28T18:06:24.438+0000] {dag.py:4180} INFO - Setting next_dagrun for example_subdag_operator.section-2 to None, run_after=None
[2024-10-28T18:06:24.442+0000] {logging_mixin.py:190} INFO - [2024-10-28T18:06:24.442+0000] {dag.py:3239} INFO - Sync 2 DAGs
[2024-10-28T18:06:24.446+0000] {logging_mixin.py:190} INFO - [2024-10-28T18:06:24.446+0000] {dag.py:4180} INFO - Setting next_dagrun for example_subdag_operator.section-1 to None, run_after=None
[2024-10-28T18:06:24.447+0000] {logging_mixin.py:190} INFO - [2024-10-28T18:06:24.447+0000] {dag.py:4180} INFO - Setting next_dagrun for example_subdag_operator.section-2 to None, run_after=None
[2024-10-28T18:06:24.462+0000] {processor.py:208} INFO - Processing /home/airflow/.local/lib/python3.12/site-packages/airflow/example_dags/example_subdag_operator.py took 0.077 seconds
[2024-10-28T18:06:55.070+0000] {processor.py:186} INFO - Started process (PID=482) to work on /home/airflow/.local/lib/python3.12/site-packages/airflow/example_dags/example_subdag_operator.py
[2024-10-28T18:06:55.071+0000] {processor.py:914} INFO - Processing file /home/airflow/.local/lib/python3.12/site-packages/airflow/example_dags/example_subdag_operator.py for tasks to queue
[2024-10-28T18:06:55.073+0000] {logging_mixin.py:190} INFO - [2024-10-28T18:06:55.073+0000] {dagbag.py:588} INFO - Filling up the DagBag from /home/airflow/.local/lib/python3.12/site-packages/airflow/example_dags/example_subdag_operator.py
[2024-10-28T18:06:55.091+0000] {processor.py:925} INFO - DAG(s) 'example_subdag_operator.section-1', 'example_subdag_operator.section-2', 'example_subdag_operator' retrieved from /home/airflow/.local/lib/python3.12/site-packages/airflow/example_dags/example_subdag_operator.py
[2024-10-28T18:06:55.101+0000] {logging_mixin.py:190} INFO - [2024-10-28T18:06:55.101+0000] {dag.py:3239} INFO - Sync 3 DAGs
[2024-10-28T18:06:55.116+0000] {logging_mixin.py:190} INFO - [2024-10-28T18:06:55.115+0000] {dag.py:4180} INFO - Setting next_dagrun for example_subdag_operator to 2022-01-01 00:00:00+00:00, run_after=2022-01-01 00:00:00+00:00
[2024-10-28T18:06:55.119+0000] {logging_mixin.py:190} INFO - [2024-10-28T18:06:55.119+0000] {dag.py:4180} INFO - Setting next_dagrun for example_subdag_operator.section-1 to None, run_after=None
[2024-10-28T18:06:55.120+0000] {logging_mixin.py:190} INFO - [2024-10-28T18:06:55.120+0000] {dag.py:4180} INFO - Setting next_dagrun for example_subdag_operator.section-2 to None, run_after=None
[2024-10-28T18:06:55.125+0000] {logging_mixin.py:190} INFO - [2024-10-28T18:06:55.125+0000] {dag.py:3239} INFO - Sync 2 DAGs
[2024-10-28T18:06:55.128+0000] {logging_mixin.py:190} INFO - [2024-10-28T18:06:55.128+0000] {dag.py:4180} INFO - Setting next_dagrun for example_subdag_operator.section-1 to None, run_after=None
[2024-10-28T18:06:55.129+0000] {logging_mixin.py:190} INFO - [2024-10-28T18:06:55.129+0000] {dag.py:4180} INFO - Setting next_dagrun for example_subdag_operator.section-2 to None, run_after=None
[2024-10-28T18:06:55.138+0000] {processor.py:208} INFO - Processing /home/airflow/.local/lib/python3.12/site-packages/airflow/example_dags/example_subdag_operator.py took 0.073 seconds
[2024-10-28T18:07:25.734+0000] {processor.py:186} INFO - Started process (PID=548) to work on /home/airflow/.local/lib/python3.12/site-packages/airflow/example_dags/example_subdag_operator.py
[2024-10-28T18:07:25.735+0000] {processor.py:914} INFO - Processing file /home/airflow/.local/lib/python3.12/site-packages/airflow/example_dags/example_subdag_operator.py for tasks to queue
[2024-10-28T18:07:25.737+0000] {logging_mixin.py:190} INFO - [2024-10-28T18:07:25.736+0000] {dagbag.py:588} INFO - Filling up the DagBag from /home/airflow/.local/lib/python3.12/site-packages/airflow/example_dags/example_subdag_operator.py
[2024-10-28T18:07:25.755+0000] {processor.py:925} INFO - DAG(s) 'example_subdag_operator.section-1', 'example_subdag_operator.section-2', 'example_subdag_operator' retrieved from /home/airflow/.local/lib/python3.12/site-packages/airflow/example_dags/example_subdag_operator.py
[2024-10-28T18:07:25.767+0000] {logging_mixin.py:190} INFO - [2024-10-28T18:07:25.767+0000] {dag.py:3239} INFO - Sync 3 DAGs
[2024-10-28T18:07:25.785+0000] {logging_mixin.py:190} INFO - [2024-10-28T18:07:25.784+0000] {dag.py:4180} INFO - Setting next_dagrun for example_subdag_operator to 2022-01-01 00:00:00+00:00, run_after=2022-01-01 00:00:00+00:00
[2024-10-28T18:07:25.788+0000] {logging_mixin.py:190} INFO - [2024-10-28T18:07:25.787+0000] {dag.py:4180} INFO - Setting next_dagrun for example_subdag_operator.section-1 to None, run_after=None
[2024-10-28T18:07:25.789+0000] {logging_mixin.py:190} INFO - [2024-10-28T18:07:25.789+0000] {dag.py:4180} INFO - Setting next_dagrun for example_subdag_operator.section-2 to None, run_after=None
[2024-10-28T18:07:25.793+0000] {logging_mixin.py:190} INFO - [2024-10-28T18:07:25.793+0000] {dag.py:3239} INFO - Sync 2 DAGs
[2024-10-28T18:07:25.797+0000] {logging_mixin.py:190} INFO - [2024-10-28T18:07:25.797+0000] {dag.py:4180} INFO - Setting next_dagrun for example_subdag_operator.section-1 to None, run_after=None
[2024-10-28T18:07:25.798+0000] {logging_mixin.py:190} INFO - [2024-10-28T18:07:25.798+0000] {dag.py:4180} INFO - Setting next_dagrun for example_subdag_operator.section-2 to None, run_after=None
[2024-10-28T18:07:25.815+0000] {processor.py:208} INFO - Processing /home/airflow/.local/lib/python3.12/site-packages/airflow/example_dags/example_subdag_operator.py took 0.086 seconds
[2024-10-28T18:07:56.358+0000] {processor.py:186} INFO - Started process (PID=614) to work on /home/airflow/.local/lib/python3.12/site-packages/airflow/example_dags/example_subdag_operator.py
[2024-10-28T18:07:56.359+0000] {processor.py:914} INFO - Processing file /home/airflow/.local/lib/python3.12/site-packages/airflow/example_dags/example_subdag_operator.py for tasks to queue
[2024-10-28T18:07:56.361+0000] {logging_mixin.py:190} INFO - [2024-10-28T18:07:56.361+0000] {dagbag.py:588} INFO - Filling up the DagBag from /home/airflow/.local/lib/python3.12/site-packages/airflow/example_dags/example_subdag_operator.py
[2024-10-28T18:07:56.381+0000] {processor.py:925} INFO - DAG(s) 'example_subdag_operator.section-1', 'example_subdag_operator.section-2', 'example_subdag_operator' retrieved from /home/airflow/.local/lib/python3.12/site-packages/airflow/example_dags/example_subdag_operator.py
[2024-10-28T18:07:56.391+0000] {logging_mixin.py:190} INFO - [2024-10-28T18:07:56.391+0000] {dag.py:3239} INFO - Sync 3 DAGs
[2024-10-28T18:07:56.408+0000] {logging_mixin.py:190} INFO - [2024-10-28T18:07:56.408+0000] {dag.py:4180} INFO - Setting next_dagrun for example_subdag_operator to 2022-01-01 00:00:00+00:00, run_after=2022-01-01 00:00:00+00:00
[2024-10-28T18:07:56.412+0000] {logging_mixin.py:190} INFO - [2024-10-28T18:07:56.412+0000] {dag.py:4180} INFO - Setting next_dagrun for example_subdag_operator.section-1 to None, run_after=None
[2024-10-28T18:07:56.413+0000] {logging_mixin.py:190} INFO - [2024-10-28T18:07:56.413+0000] {dag.py:4180} INFO - Setting next_dagrun for example_subdag_operator.section-2 to None, run_after=None
[2024-10-28T18:07:56.418+0000] {logging_mixin.py:190} INFO - [2024-10-28T18:07:56.418+0000] {dag.py:3239} INFO - Sync 2 DAGs
[2024-10-28T18:07:56.423+0000] {logging_mixin.py:190} INFO - [2024-10-28T18:07:56.423+0000] {dag.py:4180} INFO - Setting next_dagrun for example_subdag_operator.section-1 to None, run_after=None
[2024-10-28T18:07:56.424+0000] {logging_mixin.py:190} INFO - [2024-10-28T18:07:56.424+0000] {dag.py:4180} INFO - Setting next_dagrun for example_subdag_operator.section-2 to None, run_after=None
[2024-10-28T18:07:56.442+0000] {processor.py:208} INFO - Processing /home/airflow/.local/lib/python3.12/site-packages/airflow/example_dags/example_subdag_operator.py took 0.088 seconds
[2024-10-28T18:08:26.616+0000] {processor.py:186} INFO - Started process (PID=679) to work on /home/airflow/.local/lib/python3.12/site-packages/airflow/example_dags/example_subdag_operator.py
[2024-10-28T18:08:26.617+0000] {processor.py:914} INFO - Processing file /home/airflow/.local/lib/python3.12/site-packages/airflow/example_dags/example_subdag_operator.py for tasks to queue
[2024-10-28T18:08:26.620+0000] {logging_mixin.py:190} INFO - [2024-10-28T18:08:26.620+0000] {dagbag.py:588} INFO - Filling up the DagBag from /home/airflow/.local/lib/python3.12/site-packages/airflow/example_dags/example_subdag_operator.py
[2024-10-28T18:08:26.636+0000] {processor.py:925} INFO - DAG(s) 'example_subdag_operator.section-1', 'example_subdag_operator.section-2', 'example_subdag_operator' retrieved from /home/airflow/.local/lib/python3.12/site-packages/airflow/example_dags/example_subdag_operator.py
[2024-10-28T18:08:26.647+0000] {logging_mixin.py:190} INFO - [2024-10-28T18:08:26.647+0000] {dag.py:3239} INFO - Sync 3 DAGs
[2024-10-28T18:08:26.664+0000] {logging_mixin.py:190} INFO - [2024-10-28T18:08:26.663+0000] {dag.py:4180} INFO - Setting next_dagrun for example_subdag_operator to 2022-01-01 00:00:00+00:00, run_after=2022-01-01 00:00:00+00:00
[2024-10-28T18:08:26.666+0000] {logging_mixin.py:190} INFO - [2024-10-28T18:08:26.666+0000] {dag.py:4180} INFO - Setting next_dagrun for example_subdag_operator.section-1 to None, run_after=None
[2024-10-28T18:08:26.667+0000] {logging_mixin.py:190} INFO - [2024-10-28T18:08:26.667+0000] {dag.py:4180} INFO - Setting next_dagrun for example_subdag_operator.section-2 to None, run_after=None
[2024-10-28T18:08:26.672+0000] {logging_mixin.py:190} INFO - [2024-10-28T18:08:26.672+0000] {dag.py:3239} INFO - Sync 2 DAGs
[2024-10-28T18:08:26.675+0000] {logging_mixin.py:190} INFO - [2024-10-28T18:08:26.675+0000] {dag.py:4180} INFO - Setting next_dagrun for example_subdag_operator.section-1 to None, run_after=None
[2024-10-28T18:08:26.676+0000] {logging_mixin.py:190} INFO - [2024-10-28T18:08:26.676+0000] {dag.py:4180} INFO - Setting next_dagrun for example_subdag_operator.section-2 to None, run_after=None
[2024-10-28T18:08:26.691+0000] {processor.py:208} INFO - Processing /home/airflow/.local/lib/python3.12/site-packages/airflow/example_dags/example_subdag_operator.py took 0.079 seconds
[2024-10-28T18:08:57.683+0000] {processor.py:186} INFO - Started process (PID=745) to work on /home/airflow/.local/lib/python3.12/site-packages/airflow/example_dags/example_subdag_operator.py
[2024-10-28T18:08:57.684+0000] {processor.py:914} INFO - Processing file /home/airflow/.local/lib/python3.12/site-packages/airflow/example_dags/example_subdag_operator.py for tasks to queue
[2024-10-28T18:08:57.686+0000] {logging_mixin.py:190} INFO - [2024-10-28T18:08:57.686+0000] {dagbag.py:588} INFO - Filling up the DagBag from /home/airflow/.local/lib/python3.12/site-packages/airflow/example_dags/example_subdag_operator.py
[2024-10-28T18:08:57.702+0000] {processor.py:925} INFO - DAG(s) 'example_subdag_operator.section-1', 'example_subdag_operator.section-2', 'example_subdag_operator' retrieved from /home/airflow/.local/lib/python3.12/site-packages/airflow/example_dags/example_subdag_operator.py
[2024-10-28T18:08:57.711+0000] {logging_mixin.py:190} INFO - [2024-10-28T18:08:57.711+0000] {dag.py:3239} INFO - Sync 3 DAGs
[2024-10-28T18:08:57.726+0000] {logging_mixin.py:190} INFO - [2024-10-28T18:08:57.725+0000] {dag.py:4180} INFO - Setting next_dagrun for example_subdag_operator to 2022-01-01 00:00:00+00:00, run_after=2022-01-01 00:00:00+00:00
[2024-10-28T18:08:57.729+0000] {logging_mixin.py:190} INFO - [2024-10-28T18:08:57.729+0000] {dag.py:4180} INFO - Setting next_dagrun for example_subdag_operator.section-1 to None, run_after=None
[2024-10-28T18:08:57.730+0000] {logging_mixin.py:190} INFO - [2024-10-28T18:08:57.730+0000] {dag.py:4180} INFO - Setting next_dagrun for example_subdag_operator.section-2 to None, run_after=None
[2024-10-28T18:08:57.735+0000] {logging_mixin.py:190} INFO - [2024-10-28T18:08:57.735+0000] {dag.py:3239} INFO - Sync 2 DAGs
[2024-10-28T18:08:57.738+0000] {logging_mixin.py:190} INFO - [2024-10-28T18:08:57.738+0000] {dag.py:4180} INFO - Setting next_dagrun for example_subdag_operator.section-1 to None, run_after=None
[2024-10-28T18:08:57.739+0000] {logging_mixin.py:190} INFO - [2024-10-28T18:08:57.739+0000] {dag.py:4180} INFO - Setting next_dagrun for example_subdag_operator.section-2 to None, run_after=None
[2024-10-28T18:08:57.745+0000] {processor.py:208} INFO - Processing /home/airflow/.local/lib/python3.12/site-packages/airflow/example_dags/example_subdag_operator.py took 0.066 seconds
[2024-10-28T18:09:28.313+0000] {processor.py:186} INFO - Started process (PID=811) to work on /home/airflow/.local/lib/python3.12/site-packages/airflow/example_dags/example_subdag_operator.py
[2024-10-28T18:09:28.314+0000] {processor.py:914} INFO - Processing file /home/airflow/.local/lib/python3.12/site-packages/airflow/example_dags/example_subdag_operator.py for tasks to queue
[2024-10-28T18:09:28.317+0000] {logging_mixin.py:190} INFO - [2024-10-28T18:09:28.316+0000] {dagbag.py:588} INFO - Filling up the DagBag from /home/airflow/.local/lib/python3.12/site-packages/airflow/example_dags/example_subdag_operator.py
[2024-10-28T18:09:28.340+0000] {processor.py:925} INFO - DAG(s) 'example_subdag_operator.section-1', 'example_subdag_operator.section-2', 'example_subdag_operator' retrieved from /home/airflow/.local/lib/python3.12/site-packages/airflow/example_dags/example_subdag_operator.py
[2024-10-28T18:09:28.354+0000] {logging_mixin.py:190} INFO - [2024-10-28T18:09:28.353+0000] {dag.py:3239} INFO - Sync 3 DAGs
[2024-10-28T18:09:28.377+0000] {logging_mixin.py:190} INFO - [2024-10-28T18:09:28.377+0000] {dag.py:4180} INFO - Setting next_dagrun for example_subdag_operator to 2022-01-01 00:00:00+00:00, run_after=2022-01-01 00:00:00+00:00
[2024-10-28T18:09:28.382+0000] {logging_mixin.py:190} INFO - [2024-10-28T18:09:28.382+0000] {dag.py:4180} INFO - Setting next_dagrun for example_subdag_operator.section-1 to None, run_after=None
[2024-10-28T18:09:28.384+0000] {logging_mixin.py:190} INFO - [2024-10-28T18:09:28.384+0000] {dag.py:4180} INFO - Setting next_dagrun for example_subdag_operator.section-2 to None, run_after=None
[2024-10-28T18:09:28.393+0000] {logging_mixin.py:190} INFO - [2024-10-28T18:09:28.393+0000] {dag.py:3239} INFO - Sync 2 DAGs
[2024-10-28T18:09:28.399+0000] {logging_mixin.py:190} INFO - [2024-10-28T18:09:28.399+0000] {dag.py:4180} INFO - Setting next_dagrun for example_subdag_operator.section-1 to None, run_after=None
[2024-10-28T18:09:28.400+0000] {logging_mixin.py:190} INFO - [2024-10-28T18:09:28.400+0000] {dag.py:4180} INFO - Setting next_dagrun for example_subdag_operator.section-2 to None, run_after=None
[2024-10-28T18:09:28.420+0000] {processor.py:208} INFO - Processing /home/airflow/.local/lib/python3.12/site-packages/airflow/example_dags/example_subdag_operator.py took 0.111 seconds
[2024-10-28T18:09:59.386+0000] {processor.py:186} INFO - Started process (PID=877) to work on /home/airflow/.local/lib/python3.12/site-packages/airflow/example_dags/example_subdag_operator.py
[2024-10-28T18:09:59.387+0000] {processor.py:914} INFO - Processing file /home/airflow/.local/lib/python3.12/site-packages/airflow/example_dags/example_subdag_operator.py for tasks to queue
[2024-10-28T18:09:59.388+0000] {logging_mixin.py:190} INFO - [2024-10-28T18:09:59.388+0000] {dagbag.py:588} INFO - Filling up the DagBag from /home/airflow/.local/lib/python3.12/site-packages/airflow/example_dags/example_subdag_operator.py
[2024-10-28T18:09:59.404+0000] {processor.py:925} INFO - DAG(s) 'example_subdag_operator.section-1', 'example_subdag_operator.section-2', 'example_subdag_operator' retrieved from /home/airflow/.local/lib/python3.12/site-packages/airflow/example_dags/example_subdag_operator.py
[2024-10-28T18:09:59.413+0000] {logging_mixin.py:190} INFO - [2024-10-28T18:09:59.413+0000] {dag.py:3239} INFO - Sync 3 DAGs
[2024-10-28T18:09:59.428+0000] {logging_mixin.py:190} INFO - [2024-10-28T18:09:59.427+0000] {dag.py:4180} INFO - Setting next_dagrun for example_subdag_operator to 2022-01-01 00:00:00+00:00, run_after=2022-01-01 00:00:00+00:00
[2024-10-28T18:09:59.431+0000] {logging_mixin.py:190} INFO - [2024-10-28T18:09:59.431+0000] {dag.py:4180} INFO - Setting next_dagrun for example_subdag_operator.section-1 to None, run_after=None
[2024-10-28T18:09:59.432+0000] {logging_mixin.py:190} INFO - [2024-10-28T18:09:59.432+0000] {dag.py:4180} INFO - Setting next_dagrun for example_subdag_operator.section-2 to None, run_after=None
[2024-10-28T18:09:59.437+0000] {logging_mixin.py:190} INFO - [2024-10-28T18:09:59.437+0000] {dag.py:3239} INFO - Sync 2 DAGs
[2024-10-28T18:09:59.441+0000] {logging_mixin.py:190} INFO - [2024-10-28T18:09:59.441+0000] {dag.py:4180} INFO - Setting next_dagrun for example_subdag_operator.section-1 to None, run_after=None
[2024-10-28T18:09:59.442+0000] {logging_mixin.py:190} INFO - [2024-10-28T18:09:59.442+0000] {dag.py:4180} INFO - Setting next_dagrun for example_subdag_operator.section-2 to None, run_after=None
[2024-10-28T18:09:59.458+0000] {processor.py:208} INFO - Processing /home/airflow/.local/lib/python3.12/site-packages/airflow/example_dags/example_subdag_operator.py took 0.076 seconds
[2024-10-28T18:10:29.721+0000] {processor.py:186} INFO - Started process (PID=943) to work on /home/airflow/.local/lib/python3.12/site-packages/airflow/example_dags/example_subdag_operator.py
[2024-10-28T18:10:29.722+0000] {processor.py:914} INFO - Processing file /home/airflow/.local/lib/python3.12/site-packages/airflow/example_dags/example_subdag_operator.py for tasks to queue
[2024-10-28T18:10:29.725+0000] {logging_mixin.py:190} INFO - [2024-10-28T18:10:29.724+0000] {dagbag.py:588} INFO - Filling up the DagBag from /home/airflow/.local/lib/python3.12/site-packages/airflow/example_dags/example_subdag_operator.py
[2024-10-28T18:10:29.744+0000] {processor.py:925} INFO - DAG(s) 'example_subdag_operator.section-1', 'example_subdag_operator.section-2', 'example_subdag_operator' retrieved from /home/airflow/.local/lib/python3.12/site-packages/airflow/example_dags/example_subdag_operator.py
[2024-10-28T18:10:29.756+0000] {logging_mixin.py:190} INFO - [2024-10-28T18:10:29.755+0000] {dag.py:3239} INFO - Sync 3 DAGs
[2024-10-28T18:10:29.775+0000] {logging_mixin.py:190} INFO - [2024-10-28T18:10:29.775+0000] {dag.py:4180} INFO - Setting next_dagrun for example_subdag_operator to 2022-01-01 00:00:00+00:00, run_after=2022-01-01 00:00:00+00:00
[2024-10-28T18:10:29.779+0000] {logging_mixin.py:190} INFO - [2024-10-28T18:10:29.779+0000] {dag.py:4180} INFO - Setting next_dagrun for example_subdag_operator.section-1 to None, run_after=None
[2024-10-28T18:10:29.781+0000] {logging_mixin.py:190} INFO - [2024-10-28T18:10:29.780+0000] {dag.py:4180} INFO - Setting next_dagrun for example_subdag_operator.section-2 to None, run_after=None
[2024-10-28T18:10:29.786+0000] {logging_mixin.py:190} INFO - [2024-10-28T18:10:29.786+0000] {dag.py:3239} INFO - Sync 2 DAGs
[2024-10-28T18:10:29.791+0000] {logging_mixin.py:190} INFO - [2024-10-28T18:10:29.791+0000] {dag.py:4180} INFO - Setting next_dagrun for example_subdag_operator.section-1 to None, run_after=None
[2024-10-28T18:10:29.792+0000] {logging_mixin.py:190} INFO - [2024-10-28T18:10:29.792+0000] {dag.py:4180} INFO - Setting next_dagrun for example_subdag_operator.section-2 to None, run_after=None
[2024-10-28T18:10:29.803+0000] {processor.py:208} INFO - Processing /home/airflow/.local/lib/python3.12/site-packages/airflow/example_dags/example_subdag_operator.py took 0.088 seconds
[2024-10-28T18:10:59.881+0000] {processor.py:186} INFO - Started process (PID=1009) to work on /home/airflow/.local/lib/python3.12/site-packages/airflow/example_dags/example_subdag_operator.py
[2024-10-28T18:10:59.882+0000] {processor.py:914} INFO - Processing file /home/airflow/.local/lib/python3.12/site-packages/airflow/example_dags/example_subdag_operator.py for tasks to queue
[2024-10-28T18:10:59.884+0000] {logging_mixin.py:190} INFO - [2024-10-28T18:10:59.884+0000] {dagbag.py:588} INFO - Filling up the DagBag from /home/airflow/.local/lib/python3.12/site-packages/airflow/example_dags/example_subdag_operator.py
[2024-10-28T18:10:59.901+0000] {processor.py:925} INFO - DAG(s) 'example_subdag_operator.section-1', 'example_subdag_operator.section-2', 'example_subdag_operator' retrieved from /home/airflow/.local/lib/python3.12/site-packages/airflow/example_dags/example_subdag_operator.py
[2024-10-28T18:10:59.911+0000] {logging_mixin.py:190} INFO - [2024-10-28T18:10:59.911+0000] {dag.py:3239} INFO - Sync 3 DAGs
[2024-10-28T18:10:59.927+0000] {logging_mixin.py:190} INFO - [2024-10-28T18:10:59.927+0000] {dag.py:4180} INFO - Setting next_dagrun for example_subdag_operator to 2022-01-01 00:00:00+00:00, run_after=2022-01-01 00:00:00+00:00
[2024-10-28T18:10:59.930+0000] {logging_mixin.py:190} INFO - [2024-10-28T18:10:59.930+0000] {dag.py:4180} INFO - Setting next_dagrun for example_subdag_operator.section-1 to None, run_after=None
[2024-10-28T18:10:59.931+0000] {logging_mixin.py:190} INFO - [2024-10-28T18:10:59.931+0000] {dag.py:4180} INFO - Setting next_dagrun for example_subdag_operator.section-2 to None, run_after=None
[2024-10-28T18:10:59.937+0000] {logging_mixin.py:190} INFO - [2024-10-28T18:10:59.937+0000] {dag.py:3239} INFO - Sync 2 DAGs
[2024-10-28T18:10:59.941+0000] {logging_mixin.py:190} INFO - [2024-10-28T18:10:59.941+0000] {dag.py:4180} INFO - Setting next_dagrun for example_subdag_operator.section-1 to None, run_after=None
[2024-10-28T18:10:59.941+0000] {logging_mixin.py:190} INFO - [2024-10-28T18:10:59.941+0000] {dag.py:4180} INFO - Setting next_dagrun for example_subdag_operator.section-2 to None, run_after=None
[2024-10-28T18:10:59.957+0000] {processor.py:208} INFO - Processing /home/airflow/.local/lib/python3.12/site-packages/airflow/example_dags/example_subdag_operator.py took 0.080 seconds
[2024-10-28T18:11:30.155+0000] {processor.py:186} INFO - Started process (PID=1075) to work on /home/airflow/.local/lib/python3.12/site-packages/airflow/example_dags/example_subdag_operator.py
[2024-10-28T18:11:30.156+0000] {processor.py:914} INFO - Processing file /home/airflow/.local/lib/python3.12/site-packages/airflow/example_dags/example_subdag_operator.py for tasks to queue
[2024-10-28T18:11:30.158+0000] {logging_mixin.py:190} INFO - [2024-10-28T18:11:30.158+0000] {dagbag.py:588} INFO - Filling up the DagBag from /home/airflow/.local/lib/python3.12/site-packages/airflow/example_dags/example_subdag_operator.py
[2024-10-28T18:11:30.176+0000] {processor.py:925} INFO - DAG(s) 'example_subdag_operator.section-1', 'example_subdag_operator.section-2', 'example_subdag_operator' retrieved from /home/airflow/.local/lib/python3.12/site-packages/airflow/example_dags/example_subdag_operator.py
[2024-10-28T18:11:30.187+0000] {logging_mixin.py:190} INFO - [2024-10-28T18:11:30.187+0000] {dag.py:3239} INFO - Sync 3 DAGs
[2024-10-28T18:11:30.202+0000] {logging_mixin.py:190} INFO - [2024-10-28T18:11:30.202+0000] {dag.py:4180} INFO - Setting next_dagrun for example_subdag_operator to 2022-01-01 00:00:00+00:00, run_after=2022-01-01 00:00:00+00:00
[2024-10-28T18:11:30.204+0000] {logging_mixin.py:190} INFO - [2024-10-28T18:11:30.204+0000] {dag.py:4180} INFO - Setting next_dagrun for example_subdag_operator.section-1 to None, run_after=None
[2024-10-28T18:11:30.205+0000] {logging_mixin.py:190} INFO - [2024-10-28T18:11:30.205+0000] {dag.py:4180} INFO - Setting next_dagrun for example_subdag_operator.section-2 to None, run_after=None
[2024-10-28T18:11:30.210+0000] {logging_mixin.py:190} INFO - [2024-10-28T18:11:30.210+0000] {dag.py:3239} INFO - Sync 2 DAGs
[2024-10-28T18:11:30.214+0000] {logging_mixin.py:190} INFO - [2024-10-28T18:11:30.214+0000] {dag.py:4180} INFO - Setting next_dagrun for example_subdag_operator.section-1 to None, run_after=None
[2024-10-28T18:11:30.215+0000] {logging_mixin.py:190} INFO - [2024-10-28T18:11:30.215+0000] {dag.py:4180} INFO - Setting next_dagrun for example_subdag_operator.section-2 to None, run_after=None
[2024-10-28T18:11:30.230+0000] {processor.py:208} INFO - Processing /home/airflow/.local/lib/python3.12/site-packages/airflow/example_dags/example_subdag_operator.py took 0.079 seconds
[2024-10-28T18:12:01.041+0000] {processor.py:186} INFO - Started process (PID=1141) to work on /home/airflow/.local/lib/python3.12/site-packages/airflow/example_dags/example_subdag_operator.py
[2024-10-28T18:12:01.042+0000] {processor.py:914} INFO - Processing file /home/airflow/.local/lib/python3.12/site-packages/airflow/example_dags/example_subdag_operator.py for tasks to queue
[2024-10-28T18:12:01.044+0000] {logging_mixin.py:190} INFO - [2024-10-28T18:12:01.044+0000] {dagbag.py:588} INFO - Filling up the DagBag from /home/airflow/.local/lib/python3.12/site-packages/airflow/example_dags/example_subdag_operator.py
[2024-10-28T18:12:01.060+0000] {processor.py:925} INFO - DAG(s) 'example_subdag_operator.section-1', 'example_subdag_operator.section-2', 'example_subdag_operator' retrieved from /home/airflow/.local/lib/python3.12/site-packages/airflow/example_dags/example_subdag_operator.py
[2024-10-28T18:12:01.070+0000] {logging_mixin.py:190} INFO - [2024-10-28T18:12:01.070+0000] {dag.py:3239} INFO - Sync 3 DAGs
[2024-10-28T18:12:01.087+0000] {logging_mixin.py:190} INFO - [2024-10-28T18:12:01.087+0000] {dag.py:4180} INFO - Setting next_dagrun for example_subdag_operator to 2022-01-01 00:00:00+00:00, run_after=2022-01-01 00:00:00+00:00
[2024-10-28T18:12:01.090+0000] {logging_mixin.py:190} INFO - [2024-10-28T18:12:01.090+0000] {dag.py:4180} INFO - Setting next_dagrun for example_subdag_operator.section-1 to None, run_after=None
[2024-10-28T18:12:01.092+0000] {logging_mixin.py:190} INFO - [2024-10-28T18:12:01.091+0000] {dag.py:4180} INFO - Setting next_dagrun for example_subdag_operator.section-2 to None, run_after=None
[2024-10-28T18:12:01.097+0000] {logging_mixin.py:190} INFO - [2024-10-28T18:12:01.097+0000] {dag.py:3239} INFO - Sync 2 DAGs
[2024-10-28T18:12:01.101+0000] {logging_mixin.py:190} INFO - [2024-10-28T18:12:01.101+0000] {dag.py:4180} INFO - Setting next_dagrun for example_subdag_operator.section-1 to None, run_after=None
[2024-10-28T18:12:01.102+0000] {logging_mixin.py:190} INFO - [2024-10-28T18:12:01.102+0000] {dag.py:4180} INFO - Setting next_dagrun for example_subdag_operator.section-2 to None, run_after=None
[2024-10-28T18:12:01.109+0000] {processor.py:208} INFO - Processing /home/airflow/.local/lib/python3.12/site-packages/airflow/example_dags/example_subdag_operator.py took 0.072 seconds
[2024-10-28T18:12:31.513+0000] {processor.py:186} INFO - Started process (PID=1208) to work on /home/airflow/.local/lib/python3.12/site-packages/airflow/example_dags/example_subdag_operator.py
[2024-10-28T18:12:31.514+0000] {processor.py:914} INFO - Processing file /home/airflow/.local/lib/python3.12/site-packages/airflow/example_dags/example_subdag_operator.py for tasks to queue
[2024-10-28T18:12:31.516+0000] {logging_mixin.py:190} INFO - [2024-10-28T18:12:31.516+0000] {dagbag.py:588} INFO - Filling up the DagBag from /home/airflow/.local/lib/python3.12/site-packages/airflow/example_dags/example_subdag_operator.py
[2024-10-28T18:12:31.531+0000] {processor.py:925} INFO - DAG(s) 'example_subdag_operator.section-1', 'example_subdag_operator.section-2', 'example_subdag_operator' retrieved from /home/airflow/.local/lib/python3.12/site-packages/airflow/example_dags/example_subdag_operator.py
[2024-10-28T18:12:31.541+0000] {logging_mixin.py:190} INFO - [2024-10-28T18:12:31.540+0000] {dag.py:3239} INFO - Sync 3 DAGs
[2024-10-28T18:12:31.556+0000] {logging_mixin.py:190} INFO - [2024-10-28T18:12:31.556+0000] {dag.py:4180} INFO - Setting next_dagrun for example_subdag_operator to 2022-01-01 00:00:00+00:00, run_after=2022-01-01 00:00:00+00:00
[2024-10-28T18:12:31.559+0000] {logging_mixin.py:190} INFO - [2024-10-28T18:12:31.559+0000] {dag.py:4180} INFO - Setting next_dagrun for example_subdag_operator.section-1 to None, run_after=None
[2024-10-28T18:12:31.560+0000] {logging_mixin.py:190} INFO - [2024-10-28T18:12:31.560+0000] {dag.py:4180} INFO - Setting next_dagrun for example_subdag_operator.section-2 to None, run_after=None
[2024-10-28T18:12:31.565+0000] {logging_mixin.py:190} INFO - [2024-10-28T18:12:31.565+0000] {dag.py:3239} INFO - Sync 2 DAGs
[2024-10-28T18:12:31.569+0000] {logging_mixin.py:190} INFO - [2024-10-28T18:12:31.569+0000] {dag.py:4180} INFO - Setting next_dagrun for example_subdag_operator.section-1 to None, run_after=None
[2024-10-28T18:12:31.569+0000] {logging_mixin.py:190} INFO - [2024-10-28T18:12:31.569+0000] {dag.py:4180} INFO - Setting next_dagrun for example_subdag_operator.section-2 to None, run_after=None
[2024-10-28T18:12:31.584+0000] {processor.py:208} INFO - Processing /home/airflow/.local/lib/python3.12/site-packages/airflow/example_dags/example_subdag_operator.py took 0.075 seconds
[2024-10-28T18:13:02.404+0000] {processor.py:186} INFO - Started process (PID=1274) to work on /home/airflow/.local/lib/python3.12/site-packages/airflow/example_dags/example_subdag_operator.py
[2024-10-28T18:13:02.405+0000] {processor.py:914} INFO - Processing file /home/airflow/.local/lib/python3.12/site-packages/airflow/example_dags/example_subdag_operator.py for tasks to queue
[2024-10-28T18:13:02.407+0000] {logging_mixin.py:190} INFO - [2024-10-28T18:13:02.407+0000] {dagbag.py:588} INFO - Filling up the DagBag from /home/airflow/.local/lib/python3.12/site-packages/airflow/example_dags/example_subdag_operator.py
[2024-10-28T18:13:02.422+0000] {processor.py:925} INFO - DAG(s) 'example_subdag_operator.section-1', 'example_subdag_operator.section-2', 'example_subdag_operator' retrieved from /home/airflow/.local/lib/python3.12/site-packages/airflow/example_dags/example_subdag_operator.py
[2024-10-28T18:13:02.432+0000] {logging_mixin.py:190} INFO - [2024-10-28T18:13:02.432+0000] {dag.py:3239} INFO - Sync 3 DAGs
[2024-10-28T18:13:02.446+0000] {logging_mixin.py:190} INFO - [2024-10-28T18:13:02.446+0000] {dag.py:4180} INFO - Setting next_dagrun for example_subdag_operator to 2022-01-01 00:00:00+00:00, run_after=2022-01-01 00:00:00+00:00
[2024-10-28T18:13:02.448+0000] {logging_mixin.py:190} INFO - [2024-10-28T18:13:02.448+0000] {dag.py:4180} INFO - Setting next_dagrun for example_subdag_operator.section-1 to None, run_after=None
[2024-10-28T18:13:02.449+0000] {logging_mixin.py:190} INFO - [2024-10-28T18:13:02.449+0000] {dag.py:4180} INFO - Setting next_dagrun for example_subdag_operator.section-2 to None, run_after=None
[2024-10-28T18:13:02.455+0000] {logging_mixin.py:190} INFO - [2024-10-28T18:13:02.455+0000] {dag.py:3239} INFO - Sync 2 DAGs
[2024-10-28T18:13:02.459+0000] {logging_mixin.py:190} INFO - [2024-10-28T18:13:02.459+0000] {dag.py:4180} INFO - Setting next_dagrun for example_subdag_operator.section-1 to None, run_after=None
[2024-10-28T18:13:02.459+0000] {logging_mixin.py:190} INFO - [2024-10-28T18:13:02.459+0000] {dag.py:4180} INFO - Setting next_dagrun for example_subdag_operator.section-2 to None, run_after=None
[2024-10-28T18:13:02.473+0000] {processor.py:208} INFO - Processing /home/airflow/.local/lib/python3.12/site-packages/airflow/example_dags/example_subdag_operator.py took 0.072 seconds
[2024-10-28T18:13:33.412+0000] {processor.py:186} INFO - Started process (PID=1340) to work on /home/airflow/.local/lib/python3.12/site-packages/airflow/example_dags/example_subdag_operator.py
[2024-10-28T18:13:33.413+0000] {processor.py:914} INFO - Processing file /home/airflow/.local/lib/python3.12/site-packages/airflow/example_dags/example_subdag_operator.py for tasks to queue
[2024-10-28T18:13:33.414+0000] {logging_mixin.py:190} INFO - [2024-10-28T18:13:33.414+0000] {dagbag.py:588} INFO - Filling up the DagBag from /home/airflow/.local/lib/python3.12/site-packages/airflow/example_dags/example_subdag_operator.py
[2024-10-28T18:13:33.431+0000] {processor.py:925} INFO - DAG(s) 'example_subdag_operator.section-1', 'example_subdag_operator.section-2', 'example_subdag_operator' retrieved from /home/airflow/.local/lib/python3.12/site-packages/airflow/example_dags/example_subdag_operator.py
[2024-10-28T18:13:33.442+0000] {logging_mixin.py:190} INFO - [2024-10-28T18:13:33.442+0000] {dag.py:3239} INFO - Sync 3 DAGs
[2024-10-28T18:13:33.464+0000] {logging_mixin.py:190} INFO - [2024-10-28T18:13:33.464+0000] {dag.py:4180} INFO - Setting next_dagrun for example_subdag_operator to 2022-01-01 00:00:00+00:00, run_after=2022-01-01 00:00:00+00:00
[2024-10-28T18:13:33.468+0000] {logging_mixin.py:190} INFO - [2024-10-28T18:13:33.468+0000] {dag.py:4180} INFO - Setting next_dagrun for example_subdag_operator.section-1 to None, run_after=None
[2024-10-28T18:13:33.469+0000] {logging_mixin.py:190} INFO - [2024-10-28T18:13:33.469+0000] {dag.py:4180} INFO - Setting next_dagrun for example_subdag_operator.section-2 to None, run_after=None
[2024-10-28T18:13:33.474+0000] {logging_mixin.py:190} INFO - [2024-10-28T18:13:33.474+0000] {dag.py:3239} INFO - Sync 2 DAGs
[2024-10-28T18:13:33.477+0000] {logging_mixin.py:190} INFO - [2024-10-28T18:13:33.477+0000] {dag.py:4180} INFO - Setting next_dagrun for example_subdag_operator.section-1 to None, run_after=None
[2024-10-28T18:13:33.478+0000] {logging_mixin.py:190} INFO - [2024-10-28T18:13:33.478+0000] {dag.py:4180} INFO - Setting next_dagrun for example_subdag_operator.section-2 to None, run_after=None
[2024-10-28T18:13:33.492+0000] {processor.py:208} INFO - Processing /home/airflow/.local/lib/python3.12/site-packages/airflow/example_dags/example_subdag_operator.py took 0.083 seconds
[2024-10-28T18:14:04.420+0000] {processor.py:186} INFO - Started process (PID=1406) to work on /home/airflow/.local/lib/python3.12/site-packages/airflow/example_dags/example_subdag_operator.py
[2024-10-28T18:14:04.421+0000] {processor.py:914} INFO - Processing file /home/airflow/.local/lib/python3.12/site-packages/airflow/example_dags/example_subdag_operator.py for tasks to queue
[2024-10-28T18:14:04.423+0000] {logging_mixin.py:190} INFO - [2024-10-28T18:14:04.423+0000] {dagbag.py:588} INFO - Filling up the DagBag from /home/airflow/.local/lib/python3.12/site-packages/airflow/example_dags/example_subdag_operator.py
[2024-10-28T18:14:04.440+0000] {processor.py:925} INFO - DAG(s) 'example_subdag_operator.section-1', 'example_subdag_operator.section-2', 'example_subdag_operator' retrieved from /home/airflow/.local/lib/python3.12/site-packages/airflow/example_dags/example_subdag_operator.py
[2024-10-28T18:14:04.450+0000] {logging_mixin.py:190} INFO - [2024-10-28T18:14:04.450+0000] {dag.py:3239} INFO - Sync 3 DAGs
[2024-10-28T18:14:04.465+0000] {logging_mixin.py:190} INFO - [2024-10-28T18:14:04.465+0000] {dag.py:4180} INFO - Setting next_dagrun for example_subdag_operator to 2022-01-01 00:00:00+00:00, run_after=2022-01-01 00:00:00+00:00
[2024-10-28T18:14:04.469+0000] {logging_mixin.py:190} INFO - [2024-10-28T18:14:04.468+0000] {dag.py:4180} INFO - Setting next_dagrun for example_subdag_operator.section-1 to None, run_after=None
[2024-10-28T18:14:04.470+0000] {logging_mixin.py:190} INFO - [2024-10-28T18:14:04.470+0000] {dag.py:4180} INFO - Setting next_dagrun for example_subdag_operator.section-2 to None, run_after=None
[2024-10-28T18:14:04.477+0000] {logging_mixin.py:190} INFO - [2024-10-28T18:14:04.476+0000] {dag.py:3239} INFO - Sync 2 DAGs
[2024-10-28T18:14:04.482+0000] {logging_mixin.py:190} INFO - [2024-10-28T18:14:04.482+0000] {dag.py:4180} INFO - Setting next_dagrun for example_subdag_operator.section-1 to None, run_after=None
[2024-10-28T18:14:04.483+0000] {logging_mixin.py:190} INFO - [2024-10-28T18:14:04.482+0000] {dag.py:4180} INFO - Setting next_dagrun for example_subdag_operator.section-2 to None, run_after=None
[2024-10-28T18:14:04.498+0000] {processor.py:208} INFO - Processing /home/airflow/.local/lib/python3.12/site-packages/airflow/example_dags/example_subdag_operator.py took 0.082 seconds
[2024-10-28T18:14:35.114+0000] {processor.py:186} INFO - Started process (PID=1472) to work on /home/airflow/.local/lib/python3.12/site-packages/airflow/example_dags/example_subdag_operator.py
[2024-10-28T18:14:35.115+0000] {processor.py:914} INFO - Processing file /home/airflow/.local/lib/python3.12/site-packages/airflow/example_dags/example_subdag_operator.py for tasks to queue
[2024-10-28T18:14:35.117+0000] {logging_mixin.py:190} INFO - [2024-10-28T18:14:35.117+0000] {dagbag.py:588} INFO - Filling up the DagBag from /home/airflow/.local/lib/python3.12/site-packages/airflow/example_dags/example_subdag_operator.py
[2024-10-28T18:14:35.134+0000] {processor.py:925} INFO - DAG(s) 'example_subdag_operator.section-1', 'example_subdag_operator.section-2', 'example_subdag_operator' retrieved from /home/airflow/.local/lib/python3.12/site-packages/airflow/example_dags/example_subdag_operator.py
[2024-10-28T18:14:35.144+0000] {logging_mixin.py:190} INFO - [2024-10-28T18:14:35.144+0000] {dag.py:3239} INFO - Sync 3 DAGs
[2024-10-28T18:14:35.159+0000] {logging_mixin.py:190} INFO - [2024-10-28T18:14:35.158+0000] {dag.py:4180} INFO - Setting next_dagrun for example_subdag_operator to 2022-01-01 00:00:00+00:00, run_after=2022-01-01 00:00:00+00:00
[2024-10-28T18:14:35.162+0000] {logging_mixin.py:190} INFO - [2024-10-28T18:14:35.162+0000] {dag.py:4180} INFO - Setting next_dagrun for example_subdag_operator.section-1 to None, run_after=None
[2024-10-28T18:14:35.163+0000] {logging_mixin.py:190} INFO - [2024-10-28T18:14:35.163+0000] {dag.py:4180} INFO - Setting next_dagrun for example_subdag_operator.section-2 to None, run_after=None
[2024-10-28T18:14:35.169+0000] {logging_mixin.py:190} INFO - [2024-10-28T18:14:35.169+0000] {dag.py:3239} INFO - Sync 2 DAGs
[2024-10-28T18:14:35.173+0000] {logging_mixin.py:190} INFO - [2024-10-28T18:14:35.173+0000] {dag.py:4180} INFO - Setting next_dagrun for example_subdag_operator.section-1 to None, run_after=None
[2024-10-28T18:14:35.173+0000] {logging_mixin.py:190} INFO - [2024-10-28T18:14:35.173+0000] {dag.py:4180} INFO - Setting next_dagrun for example_subdag_operator.section-2 to None, run_after=None
[2024-10-28T18:14:35.182+0000] {processor.py:208} INFO - Processing /home/airflow/.local/lib/python3.12/site-packages/airflow/example_dags/example_subdag_operator.py took 0.072 seconds
[2024-10-28T18:15:05.899+0000] {processor.py:186} INFO - Started process (PID=1538) to work on /home/airflow/.local/lib/python3.12/site-packages/airflow/example_dags/example_subdag_operator.py
[2024-10-28T18:15:05.900+0000] {processor.py:914} INFO - Processing file /home/airflow/.local/lib/python3.12/site-packages/airflow/example_dags/example_subdag_operator.py for tasks to queue
[2024-10-28T18:15:05.902+0000] {logging_mixin.py:190} INFO - [2024-10-28T18:15:05.901+0000] {dagbag.py:588} INFO - Filling up the DagBag from /home/airflow/.local/lib/python3.12/site-packages/airflow/example_dags/example_subdag_operator.py
[2024-10-28T18:15:05.920+0000] {processor.py:925} INFO - DAG(s) 'example_subdag_operator.section-1', 'example_subdag_operator.section-2', 'example_subdag_operator' retrieved from /home/airflow/.local/lib/python3.12/site-packages/airflow/example_dags/example_subdag_operator.py
[2024-10-28T18:15:05.931+0000] {logging_mixin.py:190} INFO - [2024-10-28T18:15:05.930+0000] {dag.py:3239} INFO - Sync 3 DAGs
[2024-10-28T18:15:05.947+0000] {logging_mixin.py:190} INFO - [2024-10-28T18:15:05.947+0000] {dag.py:4180} INFO - Setting next_dagrun for example_subdag_operator to 2022-01-01 00:00:00+00:00, run_after=2022-01-01 00:00:00+00:00
[2024-10-28T18:15:05.950+0000] {logging_mixin.py:190} INFO - [2024-10-28T18:15:05.950+0000] {dag.py:4180} INFO - Setting next_dagrun for example_subdag_operator.section-1 to None, run_after=None
[2024-10-28T18:15:05.951+0000] {logging_mixin.py:190} INFO - [2024-10-28T18:15:05.951+0000] {dag.py:4180} INFO - Setting next_dagrun for example_subdag_operator.section-2 to None, run_after=None
[2024-10-28T18:15:05.956+0000] {logging_mixin.py:190} INFO - [2024-10-28T18:15:05.956+0000] {dag.py:3239} INFO - Sync 2 DAGs
[2024-10-28T18:15:05.961+0000] {logging_mixin.py:190} INFO - [2024-10-28T18:15:05.961+0000] {dag.py:4180} INFO - Setting next_dagrun for example_subdag_operator.section-1 to None, run_after=None
[2024-10-28T18:15:05.962+0000] {logging_mixin.py:190} INFO - [2024-10-28T18:15:05.962+0000] {dag.py:4180} INFO - Setting next_dagrun for example_subdag_operator.section-2 to None, run_after=None
[2024-10-28T18:15:05.971+0000] {processor.py:208} INFO - Processing /home/airflow/.local/lib/python3.12/site-packages/airflow/example_dags/example_subdag_operator.py took 0.076 seconds
[2024-10-28T18:15:36.513+0000] {processor.py:186} INFO - Started process (PID=1604) to work on /home/airflow/.local/lib/python3.12/site-packages/airflow/example_dags/example_subdag_operator.py
[2024-10-28T18:15:36.515+0000] {processor.py:914} INFO - Processing file /home/airflow/.local/lib/python3.12/site-packages/airflow/example_dags/example_subdag_operator.py for tasks to queue
[2024-10-28T18:15:36.517+0000] {logging_mixin.py:190} INFO - [2024-10-28T18:15:36.517+0000] {dagbag.py:588} INFO - Filling up the DagBag from /home/airflow/.local/lib/python3.12/site-packages/airflow/example_dags/example_subdag_operator.py
[2024-10-28T18:15:36.542+0000] {processor.py:925} INFO - DAG(s) 'example_subdag_operator.section-1', 'example_subdag_operator.section-2', 'example_subdag_operator' retrieved from /home/airflow/.local/lib/python3.12/site-packages/airflow/example_dags/example_subdag_operator.py
[2024-10-28T18:15:36.558+0000] {logging_mixin.py:190} INFO - [2024-10-28T18:15:36.558+0000] {dag.py:3239} INFO - Sync 3 DAGs
[2024-10-28T18:15:36.578+0000] {logging_mixin.py:190} INFO - [2024-10-28T18:15:36.578+0000] {dag.py:4180} INFO - Setting next_dagrun for example_subdag_operator to 2022-01-01 00:00:00+00:00, run_after=2022-01-01 00:00:00+00:00
[2024-10-28T18:15:36.583+0000] {logging_mixin.py:190} INFO - [2024-10-28T18:15:36.583+0000] {dag.py:4180} INFO - Setting next_dagrun for example_subdag_operator.section-1 to None, run_after=None
[2024-10-28T18:15:36.585+0000] {logging_mixin.py:190} INFO - [2024-10-28T18:15:36.585+0000] {dag.py:4180} INFO - Setting next_dagrun for example_subdag_operator.section-2 to None, run_after=None
[2024-10-28T18:15:36.591+0000] {logging_mixin.py:190} INFO - [2024-10-28T18:15:36.591+0000] {dag.py:3239} INFO - Sync 2 DAGs
[2024-10-28T18:15:36.597+0000] {logging_mixin.py:190} INFO - [2024-10-28T18:15:36.597+0000] {dag.py:4180} INFO - Setting next_dagrun for example_subdag_operator.section-1 to None, run_after=None
[2024-10-28T18:15:36.598+0000] {logging_mixin.py:190} INFO - [2024-10-28T18:15:36.597+0000] {dag.py:4180} INFO - Setting next_dagrun for example_subdag_operator.section-2 to None, run_after=None
[2024-10-28T18:15:36.608+0000] {processor.py:208} INFO - Processing /home/airflow/.local/lib/python3.12/site-packages/airflow/example_dags/example_subdag_operator.py took 0.099 seconds
[2024-10-28T18:16:07.441+0000] {processor.py:186} INFO - Started process (PID=1670) to work on /home/airflow/.local/lib/python3.12/site-packages/airflow/example_dags/example_subdag_operator.py
[2024-10-28T18:16:07.442+0000] {processor.py:914} INFO - Processing file /home/airflow/.local/lib/python3.12/site-packages/airflow/example_dags/example_subdag_operator.py for tasks to queue
[2024-10-28T18:16:07.444+0000] {logging_mixin.py:190} INFO - [2024-10-28T18:16:07.444+0000] {dagbag.py:588} INFO - Filling up the DagBag from /home/airflow/.local/lib/python3.12/site-packages/airflow/example_dags/example_subdag_operator.py
[2024-10-28T18:16:07.462+0000] {processor.py:925} INFO - DAG(s) 'example_subdag_operator.section-1', 'example_subdag_operator.section-2', 'example_subdag_operator' retrieved from /home/airflow/.local/lib/python3.12/site-packages/airflow/example_dags/example_subdag_operator.py
[2024-10-28T18:16:07.473+0000] {logging_mixin.py:190} INFO - [2024-10-28T18:16:07.473+0000] {dag.py:3239} INFO - Sync 3 DAGs
[2024-10-28T18:16:07.492+0000] {logging_mixin.py:190} INFO - [2024-10-28T18:16:07.492+0000] {dag.py:4180} INFO - Setting next_dagrun for example_subdag_operator to 2022-01-01 00:00:00+00:00, run_after=2022-01-01 00:00:00+00:00
[2024-10-28T18:16:07.495+0000] {logging_mixin.py:190} INFO - [2024-10-28T18:16:07.495+0000] {dag.py:4180} INFO - Setting next_dagrun for example_subdag_operator.section-1 to None, run_after=None
[2024-10-28T18:16:07.497+0000] {logging_mixin.py:190} INFO - [2024-10-28T18:16:07.497+0000] {dag.py:4180} INFO - Setting next_dagrun for example_subdag_operator.section-2 to None, run_after=None
[2024-10-28T18:16:07.503+0000] {logging_mixin.py:190} INFO - [2024-10-28T18:16:07.503+0000] {dag.py:3239} INFO - Sync 2 DAGs
[2024-10-28T18:16:07.508+0000] {logging_mixin.py:190} INFO - [2024-10-28T18:16:07.508+0000] {dag.py:4180} INFO - Setting next_dagrun for example_subdag_operator.section-1 to None, run_after=None
[2024-10-28T18:16:07.509+0000] {logging_mixin.py:190} INFO - [2024-10-28T18:16:07.509+0000] {dag.py:4180} INFO - Setting next_dagrun for example_subdag_operator.section-2 to None, run_after=None
[2024-10-28T18:16:07.525+0000] {processor.py:208} INFO - Processing /home/airflow/.local/lib/python3.12/site-packages/airflow/example_dags/example_subdag_operator.py took 0.088 seconds
[2024-10-28T18:16:38.043+0000] {processor.py:186} INFO - Started process (PID=1736) to work on /home/airflow/.local/lib/python3.12/site-packages/airflow/example_dags/example_subdag_operator.py
[2024-10-28T18:16:38.044+0000] {processor.py:914} INFO - Processing file /home/airflow/.local/lib/python3.12/site-packages/airflow/example_dags/example_subdag_operator.py for tasks to queue
[2024-10-28T18:16:38.046+0000] {logging_mixin.py:190} INFO - [2024-10-28T18:16:38.046+0000] {dagbag.py:588} INFO - Filling up the DagBag from /home/airflow/.local/lib/python3.12/site-packages/airflow/example_dags/example_subdag_operator.py
[2024-10-28T18:16:38.064+0000] {processor.py:925} INFO - DAG(s) 'example_subdag_operator.section-1', 'example_subdag_operator.section-2', 'example_subdag_operator' retrieved from /home/airflow/.local/lib/python3.12/site-packages/airflow/example_dags/example_subdag_operator.py
[2024-10-28T18:16:38.074+0000] {logging_mixin.py:190} INFO - [2024-10-28T18:16:38.074+0000] {dag.py:3239} INFO - Sync 3 DAGs
[2024-10-28T18:16:38.089+0000] {logging_mixin.py:190} INFO - [2024-10-28T18:16:38.089+0000] {dag.py:4180} INFO - Setting next_dagrun for example_subdag_operator to 2022-01-01 00:00:00+00:00, run_after=2022-01-01 00:00:00+00:00
[2024-10-28T18:16:38.091+0000] {logging_mixin.py:190} INFO - [2024-10-28T18:16:38.091+0000] {dag.py:4180} INFO - Setting next_dagrun for example_subdag_operator.section-1 to None, run_after=None
[2024-10-28T18:16:38.092+0000] {logging_mixin.py:190} INFO - [2024-10-28T18:16:38.092+0000] {dag.py:4180} INFO - Setting next_dagrun for example_subdag_operator.section-2 to None, run_after=None
[2024-10-28T18:16:38.097+0000] {logging_mixin.py:190} INFO - [2024-10-28T18:16:38.097+0000] {dag.py:3239} INFO - Sync 2 DAGs
[2024-10-28T18:16:38.101+0000] {logging_mixin.py:190} INFO - [2024-10-28T18:16:38.101+0000] {dag.py:4180} INFO - Setting next_dagrun for example_subdag_operator.section-1 to None, run_after=None
[2024-10-28T18:16:38.102+0000] {logging_mixin.py:190} INFO - [2024-10-28T18:16:38.102+0000] {dag.py:4180} INFO - Setting next_dagrun for example_subdag_operator.section-2 to None, run_after=None
[2024-10-28T18:16:38.111+0000] {processor.py:208} INFO - Processing /home/airflow/.local/lib/python3.12/site-packages/airflow/example_dags/example_subdag_operator.py took 0.072 seconds
[2024-10-28T18:17:08.823+0000] {processor.py:186} INFO - Started process (PID=1802) to work on /home/airflow/.local/lib/python3.12/site-packages/airflow/example_dags/example_subdag_operator.py
[2024-10-28T18:17:08.824+0000] {processor.py:914} INFO - Processing file /home/airflow/.local/lib/python3.12/site-packages/airflow/example_dags/example_subdag_operator.py for tasks to queue
[2024-10-28T18:17:08.827+0000] {logging_mixin.py:190} INFO - [2024-10-28T18:17:08.826+0000] {dagbag.py:588} INFO - Filling up the DagBag from /home/airflow/.local/lib/python3.12/site-packages/airflow/example_dags/example_subdag_operator.py
[2024-10-28T18:17:08.847+0000] {processor.py:925} INFO - DAG(s) 'example_subdag_operator.section-1', 'example_subdag_operator.section-2', 'example_subdag_operator' retrieved from /home/airflow/.local/lib/python3.12/site-packages/airflow/example_dags/example_subdag_operator.py
[2024-10-28T18:17:08.860+0000] {logging_mixin.py:190} INFO - [2024-10-28T18:17:08.860+0000] {dag.py:3239} INFO - Sync 3 DAGs
[2024-10-28T18:17:08.877+0000] {logging_mixin.py:190} INFO - [2024-10-28T18:17:08.877+0000] {dag.py:4180} INFO - Setting next_dagrun for example_subdag_operator to 2022-01-01 00:00:00+00:00, run_after=2022-01-01 00:00:00+00:00
[2024-10-28T18:17:08.880+0000] {logging_mixin.py:190} INFO - [2024-10-28T18:17:08.880+0000] {dag.py:4180} INFO - Setting next_dagrun for example_subdag_operator.section-1 to None, run_after=None
[2024-10-28T18:17:08.881+0000] {logging_mixin.py:190} INFO - [2024-10-28T18:17:08.881+0000] {dag.py:4180} INFO - Setting next_dagrun for example_subdag_operator.section-2 to None, run_after=None
[2024-10-28T18:17:08.887+0000] {logging_mixin.py:190} INFO - [2024-10-28T18:17:08.887+0000] {dag.py:3239} INFO - Sync 2 DAGs
[2024-10-28T18:17:08.893+0000] {logging_mixin.py:190} INFO - [2024-10-28T18:17:08.892+0000] {dag.py:4180} INFO - Setting next_dagrun for example_subdag_operator.section-1 to None, run_after=None
[2024-10-28T18:17:08.893+0000] {logging_mixin.py:190} INFO - [2024-10-28T18:17:08.893+0000] {dag.py:4180} INFO - Setting next_dagrun for example_subdag_operator.section-2 to None, run_after=None
[2024-10-28T18:17:08.903+0000] {processor.py:208} INFO - Processing /home/airflow/.local/lib/python3.12/site-packages/airflow/example_dags/example_subdag_operator.py took 0.083 seconds
[2024-10-28T18:17:38.942+0000] {processor.py:186} INFO - Started process (PID=1867) to work on /home/airflow/.local/lib/python3.12/site-packages/airflow/example_dags/example_subdag_operator.py
[2024-10-28T18:17:38.943+0000] {processor.py:914} INFO - Processing file /home/airflow/.local/lib/python3.12/site-packages/airflow/example_dags/example_subdag_operator.py for tasks to queue
[2024-10-28T18:17:38.944+0000] {logging_mixin.py:190} INFO - [2024-10-28T18:17:38.944+0000] {dagbag.py:588} INFO - Filling up the DagBag from /home/airflow/.local/lib/python3.12/site-packages/airflow/example_dags/example_subdag_operator.py
[2024-10-28T18:17:38.961+0000] {processor.py:925} INFO - DAG(s) 'example_subdag_operator.section-1', 'example_subdag_operator.section-2', 'example_subdag_operator' retrieved from /home/airflow/.local/lib/python3.12/site-packages/airflow/example_dags/example_subdag_operator.py
[2024-10-28T18:17:38.971+0000] {logging_mixin.py:190} INFO - [2024-10-28T18:17:38.970+0000] {dag.py:3239} INFO - Sync 3 DAGs
[2024-10-28T18:17:38.986+0000] {logging_mixin.py:190} INFO - [2024-10-28T18:17:38.985+0000] {dag.py:4180} INFO - Setting next_dagrun for example_subdag_operator to 2022-01-01 00:00:00+00:00, run_after=2022-01-01 00:00:00+00:00
[2024-10-28T18:17:38.989+0000] {logging_mixin.py:190} INFO - [2024-10-28T18:17:38.988+0000] {dag.py:4180} INFO - Setting next_dagrun for example_subdag_operator.section-1 to None, run_after=None
[2024-10-28T18:17:38.990+0000] {logging_mixin.py:190} INFO - [2024-10-28T18:17:38.990+0000] {dag.py:4180} INFO - Setting next_dagrun for example_subdag_operator.section-2 to None, run_after=None
[2024-10-28T18:17:38.995+0000] {logging_mixin.py:190} INFO - [2024-10-28T18:17:38.995+0000] {dag.py:3239} INFO - Sync 2 DAGs
[2024-10-28T18:17:38.999+0000] {logging_mixin.py:190} INFO - [2024-10-28T18:17:38.999+0000] {dag.py:4180} INFO - Setting next_dagrun for example_subdag_operator.section-1 to None, run_after=None
[2024-10-28T18:17:39.000+0000] {logging_mixin.py:190} INFO - [2024-10-28T18:17:39.000+0000] {dag.py:4180} INFO - Setting next_dagrun for example_subdag_operator.section-2 to None, run_after=None
[2024-10-28T18:17:39.008+0000] {processor.py:208} INFO - Processing /home/airflow/.local/lib/python3.12/site-packages/airflow/example_dags/example_subdag_operator.py took 0.070 seconds
[2024-10-28T18:18:09.251+0000] {processor.py:186} INFO - Started process (PID=1933) to work on /home/airflow/.local/lib/python3.12/site-packages/airflow/example_dags/example_subdag_operator.py
[2024-10-28T18:18:09.252+0000] {processor.py:914} INFO - Processing file /home/airflow/.local/lib/python3.12/site-packages/airflow/example_dags/example_subdag_operator.py for tasks to queue
[2024-10-28T18:18:09.256+0000] {logging_mixin.py:190} INFO - [2024-10-28T18:18:09.256+0000] {dagbag.py:588} INFO - Filling up the DagBag from /home/airflow/.local/lib/python3.12/site-packages/airflow/example_dags/example_subdag_operator.py
[2024-10-28T18:18:09.284+0000] {processor.py:925} INFO - DAG(s) 'example_subdag_operator.section-1', 'example_subdag_operator.section-2', 'example_subdag_operator' retrieved from /home/airflow/.local/lib/python3.12/site-packages/airflow/example_dags/example_subdag_operator.py
[2024-10-28T18:18:09.302+0000] {logging_mixin.py:190} INFO - [2024-10-28T18:18:09.302+0000] {dag.py:3239} INFO - Sync 3 DAGs
[2024-10-28T18:18:09.327+0000] {logging_mixin.py:190} INFO - [2024-10-28T18:18:09.327+0000] {dag.py:4180} INFO - Setting next_dagrun for example_subdag_operator to 2022-01-01 00:00:00+00:00, run_after=2022-01-01 00:00:00+00:00
[2024-10-28T18:18:09.333+0000] {logging_mixin.py:190} INFO - [2024-10-28T18:18:09.333+0000] {dag.py:4180} INFO - Setting next_dagrun for example_subdag_operator.section-1 to None, run_after=None
[2024-10-28T18:18:09.336+0000] {logging_mixin.py:190} INFO - [2024-10-28T18:18:09.335+0000] {dag.py:4180} INFO - Setting next_dagrun for example_subdag_operator.section-2 to None, run_after=None
[2024-10-28T18:18:09.345+0000] {logging_mixin.py:190} INFO - [2024-10-28T18:18:09.345+0000] {dag.py:3239} INFO - Sync 2 DAGs
[2024-10-28T18:18:09.352+0000] {logging_mixin.py:190} INFO - [2024-10-28T18:18:09.352+0000] {dag.py:4180} INFO - Setting next_dagrun for example_subdag_operator.section-1 to None, run_after=None
[2024-10-28T18:18:09.354+0000] {logging_mixin.py:190} INFO - [2024-10-28T18:18:09.353+0000] {dag.py:4180} INFO - Setting next_dagrun for example_subdag_operator.section-2 to None, run_after=None
[2024-10-28T18:18:09.376+0000] {processor.py:208} INFO - Processing /home/airflow/.local/lib/python3.12/site-packages/airflow/example_dags/example_subdag_operator.py took 0.130 seconds
[2024-10-28T18:18:40.327+0000] {processor.py:186} INFO - Started process (PID=1999) to work on /home/airflow/.local/lib/python3.12/site-packages/airflow/example_dags/example_subdag_operator.py
[2024-10-28T18:18:40.328+0000] {processor.py:914} INFO - Processing file /home/airflow/.local/lib/python3.12/site-packages/airflow/example_dags/example_subdag_operator.py for tasks to queue
[2024-10-28T18:18:40.330+0000] {logging_mixin.py:190} INFO - [2024-10-28T18:18:40.330+0000] {dagbag.py:588} INFO - Filling up the DagBag from /home/airflow/.local/lib/python3.12/site-packages/airflow/example_dags/example_subdag_operator.py
[2024-10-28T18:18:40.355+0000] {processor.py:925} INFO - DAG(s) 'example_subdag_operator.section-1', 'example_subdag_operator.section-2', 'example_subdag_operator' retrieved from /home/airflow/.local/lib/python3.12/site-packages/airflow/example_dags/example_subdag_operator.py
[2024-10-28T18:18:40.369+0000] {logging_mixin.py:190} INFO - [2024-10-28T18:18:40.369+0000] {dag.py:3239} INFO - Sync 3 DAGs
[2024-10-28T18:18:40.388+0000] {logging_mixin.py:190} INFO - [2024-10-28T18:18:40.388+0000] {dag.py:4180} INFO - Setting next_dagrun for example_subdag_operator to 2022-01-01 00:00:00+00:00, run_after=2022-01-01 00:00:00+00:00
[2024-10-28T18:18:40.391+0000] {logging_mixin.py:190} INFO - [2024-10-28T18:18:40.391+0000] {dag.py:4180} INFO - Setting next_dagrun for example_subdag_operator.section-1 to None, run_after=None
[2024-10-28T18:18:40.392+0000] {logging_mixin.py:190} INFO - [2024-10-28T18:18:40.392+0000] {dag.py:4180} INFO - Setting next_dagrun for example_subdag_operator.section-2 to None, run_after=None
[2024-10-28T18:18:40.400+0000] {logging_mixin.py:190} INFO - [2024-10-28T18:18:40.399+0000] {dag.py:3239} INFO - Sync 2 DAGs
[2024-10-28T18:18:40.405+0000] {logging_mixin.py:190} INFO - [2024-10-28T18:18:40.404+0000] {dag.py:4180} INFO - Setting next_dagrun for example_subdag_operator.section-1 to None, run_after=None
[2024-10-28T18:18:40.405+0000] {logging_mixin.py:190} INFO - [2024-10-28T18:18:40.405+0000] {dag.py:4180} INFO - Setting next_dagrun for example_subdag_operator.section-2 to None, run_after=None
[2024-10-28T18:18:40.416+0000] {processor.py:208} INFO - Processing /home/airflow/.local/lib/python3.12/site-packages/airflow/example_dags/example_subdag_operator.py took 0.094 seconds
[2024-10-28T18:19:11.209+0000] {processor.py:186} INFO - Started process (PID=2065) to work on /home/airflow/.local/lib/python3.12/site-packages/airflow/example_dags/example_subdag_operator.py
[2024-10-28T18:19:11.209+0000] {processor.py:914} INFO - Processing file /home/airflow/.local/lib/python3.12/site-packages/airflow/example_dags/example_subdag_operator.py for tasks to queue
[2024-10-28T18:19:11.211+0000] {logging_mixin.py:190} INFO - [2024-10-28T18:19:11.211+0000] {dagbag.py:588} INFO - Filling up the DagBag from /home/airflow/.local/lib/python3.12/site-packages/airflow/example_dags/example_subdag_operator.py
[2024-10-28T18:19:11.230+0000] {processor.py:925} INFO - DAG(s) 'example_subdag_operator.section-1', 'example_subdag_operator.section-2', 'example_subdag_operator' retrieved from /home/airflow/.local/lib/python3.12/site-packages/airflow/example_dags/example_subdag_operator.py
[2024-10-28T18:19:11.241+0000] {logging_mixin.py:190} INFO - [2024-10-28T18:19:11.240+0000] {dag.py:3239} INFO - Sync 3 DAGs
[2024-10-28T18:19:11.259+0000] {logging_mixin.py:190} INFO - [2024-10-28T18:19:11.259+0000] {dag.py:4180} INFO - Setting next_dagrun for example_subdag_operator to 2022-01-01 00:00:00+00:00, run_after=2022-01-01 00:00:00+00:00
[2024-10-28T18:19:11.262+0000] {logging_mixin.py:190} INFO - [2024-10-28T18:19:11.262+0000] {dag.py:4180} INFO - Setting next_dagrun for example_subdag_operator.section-1 to None, run_after=None
[2024-10-28T18:19:11.264+0000] {logging_mixin.py:190} INFO - [2024-10-28T18:19:11.264+0000] {dag.py:4180} INFO - Setting next_dagrun for example_subdag_operator.section-2 to None, run_after=None
[2024-10-28T18:19:11.269+0000] {logging_mixin.py:190} INFO - [2024-10-28T18:19:11.269+0000] {dag.py:3239} INFO - Sync 2 DAGs
[2024-10-28T18:19:11.274+0000] {logging_mixin.py:190} INFO - [2024-10-28T18:19:11.274+0000] {dag.py:4180} INFO - Setting next_dagrun for example_subdag_operator.section-1 to None, run_after=None
[2024-10-28T18:19:11.275+0000] {logging_mixin.py:190} INFO - [2024-10-28T18:19:11.275+0000] {dag.py:4180} INFO - Setting next_dagrun for example_subdag_operator.section-2 to None, run_after=None
[2024-10-28T18:19:11.293+0000] {processor.py:208} INFO - Processing /home/airflow/.local/lib/python3.12/site-packages/airflow/example_dags/example_subdag_operator.py took 0.089 seconds
[2024-10-28T18:19:41.565+0000] {processor.py:186} INFO - Started process (PID=2132) to work on /home/airflow/.local/lib/python3.12/site-packages/airflow/example_dags/example_subdag_operator.py
[2024-10-28T18:19:41.566+0000] {processor.py:914} INFO - Processing file /home/airflow/.local/lib/python3.12/site-packages/airflow/example_dags/example_subdag_operator.py for tasks to queue
[2024-10-28T18:19:41.568+0000] {logging_mixin.py:190} INFO - [2024-10-28T18:19:41.568+0000] {dagbag.py:588} INFO - Filling up the DagBag from /home/airflow/.local/lib/python3.12/site-packages/airflow/example_dags/example_subdag_operator.py
[2024-10-28T18:19:41.585+0000] {processor.py:925} INFO - DAG(s) 'example_subdag_operator.section-1', 'example_subdag_operator.section-2', 'example_subdag_operator' retrieved from /home/airflow/.local/lib/python3.12/site-packages/airflow/example_dags/example_subdag_operator.py
[2024-10-28T18:19:41.597+0000] {logging_mixin.py:190} INFO - [2024-10-28T18:19:41.597+0000] {dag.py:3239} INFO - Sync 3 DAGs
[2024-10-28T18:19:41.614+0000] {logging_mixin.py:190} INFO - [2024-10-28T18:19:41.614+0000] {dag.py:4180} INFO - Setting next_dagrun for example_subdag_operator to 2022-01-01 00:00:00+00:00, run_after=2022-01-01 00:00:00+00:00
[2024-10-28T18:19:41.618+0000] {logging_mixin.py:190} INFO - [2024-10-28T18:19:41.617+0000] {dag.py:4180} INFO - Setting next_dagrun for example_subdag_operator.section-1 to None, run_after=None
[2024-10-28T18:19:41.619+0000] {logging_mixin.py:190} INFO - [2024-10-28T18:19:41.619+0000] {dag.py:4180} INFO - Setting next_dagrun for example_subdag_operator.section-2 to None, run_after=None
[2024-10-28T18:19:41.624+0000] {logging_mixin.py:190} INFO - [2024-10-28T18:19:41.624+0000] {dag.py:3239} INFO - Sync 2 DAGs
[2024-10-28T18:19:41.629+0000] {logging_mixin.py:190} INFO - [2024-10-28T18:19:41.629+0000] {dag.py:4180} INFO - Setting next_dagrun for example_subdag_operator.section-1 to None, run_after=None
[2024-10-28T18:19:41.630+0000] {logging_mixin.py:190} INFO - [2024-10-28T18:19:41.630+0000] {dag.py:4180} INFO - Setting next_dagrun for example_subdag_operator.section-2 to None, run_after=None
[2024-10-28T18:19:41.650+0000] {processor.py:208} INFO - Processing /home/airflow/.local/lib/python3.12/site-packages/airflow/example_dags/example_subdag_operator.py took 0.089 seconds
[2024-10-28T18:20:12.260+0000] {processor.py:186} INFO - Started process (PID=2198) to work on /home/airflow/.local/lib/python3.12/site-packages/airflow/example_dags/example_subdag_operator.py
[2024-10-28T18:20:12.261+0000] {processor.py:914} INFO - Processing file /home/airflow/.local/lib/python3.12/site-packages/airflow/example_dags/example_subdag_operator.py for tasks to queue
[2024-10-28T18:20:12.265+0000] {logging_mixin.py:190} INFO - [2024-10-28T18:20:12.264+0000] {dagbag.py:588} INFO - Filling up the DagBag from /home/airflow/.local/lib/python3.12/site-packages/airflow/example_dags/example_subdag_operator.py
[2024-10-28T18:20:12.292+0000] {processor.py:925} INFO - DAG(s) 'example_subdag_operator.section-1', 'example_subdag_operator.section-2', 'example_subdag_operator' retrieved from /home/airflow/.local/lib/python3.12/site-packages/airflow/example_dags/example_subdag_operator.py
[2024-10-28T18:20:12.311+0000] {logging_mixin.py:190} INFO - [2024-10-28T18:20:12.310+0000] {dag.py:3239} INFO - Sync 3 DAGs
[2024-10-28T18:20:12.337+0000] {logging_mixin.py:190} INFO - [2024-10-28T18:20:12.337+0000] {dag.py:4180} INFO - Setting next_dagrun for example_subdag_operator to 2022-01-01 00:00:00+00:00, run_after=2022-01-01 00:00:00+00:00
[2024-10-28T18:20:12.342+0000] {logging_mixin.py:190} INFO - [2024-10-28T18:20:12.342+0000] {dag.py:4180} INFO - Setting next_dagrun for example_subdag_operator.section-1 to None, run_after=None
[2024-10-28T18:20:12.344+0000] {logging_mixin.py:190} INFO - [2024-10-28T18:20:12.344+0000] {dag.py:4180} INFO - Setting next_dagrun for example_subdag_operator.section-2 to None, run_after=None
[2024-10-28T18:20:12.352+0000] {logging_mixin.py:190} INFO - [2024-10-28T18:20:12.351+0000] {dag.py:3239} INFO - Sync 2 DAGs
[2024-10-28T18:20:12.359+0000] {logging_mixin.py:190} INFO - [2024-10-28T18:20:12.358+0000] {dag.py:4180} INFO - Setting next_dagrun for example_subdag_operator.section-1 to None, run_after=None
[2024-10-28T18:20:12.360+0000] {logging_mixin.py:190} INFO - [2024-10-28T18:20:12.359+0000] {dag.py:4180} INFO - Setting next_dagrun for example_subdag_operator.section-2 to None, run_after=None
[2024-10-28T18:20:12.380+0000] {processor.py:208} INFO - Processing /home/airflow/.local/lib/python3.12/site-packages/airflow/example_dags/example_subdag_operator.py took 0.124 seconds
[2024-10-28T18:20:42.750+0000] {processor.py:186} INFO - Started process (PID=2264) to work on /home/airflow/.local/lib/python3.12/site-packages/airflow/example_dags/example_subdag_operator.py
[2024-10-28T18:20:42.751+0000] {processor.py:914} INFO - Processing file /home/airflow/.local/lib/python3.12/site-packages/airflow/example_dags/example_subdag_operator.py for tasks to queue
[2024-10-28T18:20:42.753+0000] {logging_mixin.py:190} INFO - [2024-10-28T18:20:42.753+0000] {dagbag.py:588} INFO - Filling up the DagBag from /home/airflow/.local/lib/python3.12/site-packages/airflow/example_dags/example_subdag_operator.py
[2024-10-28T18:20:42.771+0000] {processor.py:925} INFO - DAG(s) 'example_subdag_operator.section-1', 'example_subdag_operator.section-2', 'example_subdag_operator' retrieved from /home/airflow/.local/lib/python3.12/site-packages/airflow/example_dags/example_subdag_operator.py
[2024-10-28T18:20:42.782+0000] {logging_mixin.py:190} INFO - [2024-10-28T18:20:42.782+0000] {dag.py:3239} INFO - Sync 3 DAGs
[2024-10-28T18:20:42.799+0000] {logging_mixin.py:190} INFO - [2024-10-28T18:20:42.798+0000] {dag.py:4180} INFO - Setting next_dagrun for example_subdag_operator to 2022-01-01 00:00:00+00:00, run_after=2022-01-01 00:00:00+00:00
[2024-10-28T18:20:42.802+0000] {logging_mixin.py:190} INFO - [2024-10-28T18:20:42.801+0000] {dag.py:4180} INFO - Setting next_dagrun for example_subdag_operator.section-1 to None, run_after=None
[2024-10-28T18:20:42.803+0000] {logging_mixin.py:190} INFO - [2024-10-28T18:20:42.803+0000] {dag.py:4180} INFO - Setting next_dagrun for example_subdag_operator.section-2 to None, run_after=None
[2024-10-28T18:20:42.808+0000] {logging_mixin.py:190} INFO - [2024-10-28T18:20:42.808+0000] {dag.py:3239} INFO - Sync 2 DAGs
[2024-10-28T18:20:42.813+0000] {logging_mixin.py:190} INFO - [2024-10-28T18:20:42.813+0000] {dag.py:4180} INFO - Setting next_dagrun for example_subdag_operator.section-1 to None, run_after=None
[2024-10-28T18:20:42.814+0000] {logging_mixin.py:190} INFO - [2024-10-28T18:20:42.814+0000] {dag.py:4180} INFO - Setting next_dagrun for example_subdag_operator.section-2 to None, run_after=None
[2024-10-28T18:20:42.822+0000] {processor.py:208} INFO - Processing /home/airflow/.local/lib/python3.12/site-packages/airflow/example_dags/example_subdag_operator.py took 0.076 seconds
[2024-10-28T18:21:12.999+0000] {processor.py:186} INFO - Started process (PID=2330) to work on /home/airflow/.local/lib/python3.12/site-packages/airflow/example_dags/example_subdag_operator.py
[2024-10-28T18:21:13.000+0000] {processor.py:914} INFO - Processing file /home/airflow/.local/lib/python3.12/site-packages/airflow/example_dags/example_subdag_operator.py for tasks to queue
[2024-10-28T18:21:13.002+0000] {logging_mixin.py:190} INFO - [2024-10-28T18:21:13.002+0000] {dagbag.py:588} INFO - Filling up the DagBag from /home/airflow/.local/lib/python3.12/site-packages/airflow/example_dags/example_subdag_operator.py
[2024-10-28T18:21:13.020+0000] {processor.py:925} INFO - DAG(s) 'example_subdag_operator.section-1', 'example_subdag_operator.section-2', 'example_subdag_operator' retrieved from /home/airflow/.local/lib/python3.12/site-packages/airflow/example_dags/example_subdag_operator.py
[2024-10-28T18:21:13.031+0000] {logging_mixin.py:190} INFO - [2024-10-28T18:21:13.030+0000] {dag.py:3239} INFO - Sync 3 DAGs
[2024-10-28T18:21:13.050+0000] {logging_mixin.py:190} INFO - [2024-10-28T18:21:13.050+0000] {dag.py:4180} INFO - Setting next_dagrun for example_subdag_operator to 2022-01-01 00:00:00+00:00, run_after=2022-01-01 00:00:00+00:00
[2024-10-28T18:21:13.054+0000] {logging_mixin.py:190} INFO - [2024-10-28T18:21:13.054+0000] {dag.py:4180} INFO - Setting next_dagrun for example_subdag_operator.section-1 to None, run_after=None
[2024-10-28T18:21:13.056+0000] {logging_mixin.py:190} INFO - [2024-10-28T18:21:13.056+0000] {dag.py:4180} INFO - Setting next_dagrun for example_subdag_operator.section-2 to None, run_after=None
[2024-10-28T18:21:13.062+0000] {logging_mixin.py:190} INFO - [2024-10-28T18:21:13.062+0000] {dag.py:3239} INFO - Sync 2 DAGs
[2024-10-28T18:21:13.067+0000] {logging_mixin.py:190} INFO - [2024-10-28T18:21:13.067+0000] {dag.py:4180} INFO - Setting next_dagrun for example_subdag_operator.section-1 to None, run_after=None
[2024-10-28T18:21:13.068+0000] {logging_mixin.py:190} INFO - [2024-10-28T18:21:13.068+0000] {dag.py:4180} INFO - Setting next_dagrun for example_subdag_operator.section-2 to None, run_after=None
[2024-10-28T18:21:13.086+0000] {processor.py:208} INFO - Processing /home/airflow/.local/lib/python3.12/site-packages/airflow/example_dags/example_subdag_operator.py took 0.091 seconds
[2024-10-28T18:21:43.324+0000] {processor.py:186} INFO - Started process (PID=2396) to work on /home/airflow/.local/lib/python3.12/site-packages/airflow/example_dags/example_subdag_operator.py
[2024-10-28T18:21:43.326+0000] {processor.py:914} INFO - Processing file /home/airflow/.local/lib/python3.12/site-packages/airflow/example_dags/example_subdag_operator.py for tasks to queue
[2024-10-28T18:21:43.328+0000] {logging_mixin.py:190} INFO - [2024-10-28T18:21:43.327+0000] {dagbag.py:588} INFO - Filling up the DagBag from /home/airflow/.local/lib/python3.12/site-packages/airflow/example_dags/example_subdag_operator.py
[2024-10-28T18:21:43.346+0000] {processor.py:925} INFO - DAG(s) 'example_subdag_operator.section-1', 'example_subdag_operator.section-2', 'example_subdag_operator' retrieved from /home/airflow/.local/lib/python3.12/site-packages/airflow/example_dags/example_subdag_operator.py
[2024-10-28T18:21:43.357+0000] {logging_mixin.py:190} INFO - [2024-10-28T18:21:43.357+0000] {dag.py:3239} INFO - Sync 3 DAGs
[2024-10-28T18:21:43.375+0000] {logging_mixin.py:190} INFO - [2024-10-28T18:21:43.375+0000] {dag.py:4180} INFO - Setting next_dagrun for example_subdag_operator to 2022-01-01 00:00:00+00:00, run_after=2022-01-01 00:00:00+00:00
[2024-10-28T18:21:43.380+0000] {logging_mixin.py:190} INFO - [2024-10-28T18:21:43.380+0000] {dag.py:4180} INFO - Setting next_dagrun for example_subdag_operator.section-1 to None, run_after=None
[2024-10-28T18:21:43.382+0000] {logging_mixin.py:190} INFO - [2024-10-28T18:21:43.382+0000] {dag.py:4180} INFO - Setting next_dagrun for example_subdag_operator.section-2 to None, run_after=None
[2024-10-28T18:21:43.388+0000] {logging_mixin.py:190} INFO - [2024-10-28T18:21:43.388+0000] {dag.py:3239} INFO - Sync 2 DAGs
[2024-10-28T18:21:43.394+0000] {logging_mixin.py:190} INFO - [2024-10-28T18:21:43.394+0000] {dag.py:4180} INFO - Setting next_dagrun for example_subdag_operator.section-1 to None, run_after=None
[2024-10-28T18:21:43.395+0000] {logging_mixin.py:190} INFO - [2024-10-28T18:21:43.395+0000] {dag.py:4180} INFO - Setting next_dagrun for example_subdag_operator.section-2 to None, run_after=None
[2024-10-28T18:21:43.414+0000] {processor.py:208} INFO - Processing /home/airflow/.local/lib/python3.12/site-packages/airflow/example_dags/example_subdag_operator.py took 0.093 seconds
[2024-10-28T18:22:13.457+0000] {processor.py:186} INFO - Started process (PID=2462) to work on /home/airflow/.local/lib/python3.12/site-packages/airflow/example_dags/example_subdag_operator.py
[2024-10-28T18:22:13.458+0000] {processor.py:914} INFO - Processing file /home/airflow/.local/lib/python3.12/site-packages/airflow/example_dags/example_subdag_operator.py for tasks to queue
[2024-10-28T18:22:13.461+0000] {logging_mixin.py:190} INFO - [2024-10-28T18:22:13.460+0000] {dagbag.py:588} INFO - Filling up the DagBag from /home/airflow/.local/lib/python3.12/site-packages/airflow/example_dags/example_subdag_operator.py
[2024-10-28T18:22:13.481+0000] {processor.py:925} INFO - DAG(s) 'example_subdag_operator.section-1', 'example_subdag_operator.section-2', 'example_subdag_operator' retrieved from /home/airflow/.local/lib/python3.12/site-packages/airflow/example_dags/example_subdag_operator.py
[2024-10-28T18:22:13.494+0000] {logging_mixin.py:190} INFO - [2024-10-28T18:22:13.494+0000] {dag.py:3239} INFO - Sync 3 DAGs
[2024-10-28T18:22:13.512+0000] {logging_mixin.py:190} INFO - [2024-10-28T18:22:13.512+0000] {dag.py:4180} INFO - Setting next_dagrun for example_subdag_operator to 2022-01-01 00:00:00+00:00, run_after=2022-01-01 00:00:00+00:00
[2024-10-28T18:22:13.517+0000] {logging_mixin.py:190} INFO - [2024-10-28T18:22:13.516+0000] {dag.py:4180} INFO - Setting next_dagrun for example_subdag_operator.section-1 to None, run_after=None
[2024-10-28T18:22:13.518+0000] {logging_mixin.py:190} INFO - [2024-10-28T18:22:13.518+0000] {dag.py:4180} INFO - Setting next_dagrun for example_subdag_operator.section-2 to None, run_after=None
[2024-10-28T18:22:13.525+0000] {logging_mixin.py:190} INFO - [2024-10-28T18:22:13.524+0000] {dag.py:3239} INFO - Sync 2 DAGs
[2024-10-28T18:22:13.530+0000] {logging_mixin.py:190} INFO - [2024-10-28T18:22:13.529+0000] {dag.py:4180} INFO - Setting next_dagrun for example_subdag_operator.section-1 to None, run_after=None
[2024-10-28T18:22:13.530+0000] {logging_mixin.py:190} INFO - [2024-10-28T18:22:13.530+0000] {dag.py:4180} INFO - Setting next_dagrun for example_subdag_operator.section-2 to None, run_after=None
[2024-10-28T18:22:13.547+0000] {processor.py:208} INFO - Processing /home/airflow/.local/lib/python3.12/site-packages/airflow/example_dags/example_subdag_operator.py took 0.095 seconds
[2024-10-28T18:22:43.682+0000] {processor.py:186} INFO - Started process (PID=2528) to work on /home/airflow/.local/lib/python3.12/site-packages/airflow/example_dags/example_subdag_operator.py
[2024-10-28T18:22:43.683+0000] {processor.py:914} INFO - Processing file /home/airflow/.local/lib/python3.12/site-packages/airflow/example_dags/example_subdag_operator.py for tasks to queue
[2024-10-28T18:22:43.685+0000] {logging_mixin.py:190} INFO - [2024-10-28T18:22:43.685+0000] {dagbag.py:588} INFO - Filling up the DagBag from /home/airflow/.local/lib/python3.12/site-packages/airflow/example_dags/example_subdag_operator.py
[2024-10-28T18:22:43.703+0000] {processor.py:925} INFO - DAG(s) 'example_subdag_operator.section-1', 'example_subdag_operator.section-2', 'example_subdag_operator' retrieved from /home/airflow/.local/lib/python3.12/site-packages/airflow/example_dags/example_subdag_operator.py
[2024-10-28T18:22:43.713+0000] {logging_mixin.py:190} INFO - [2024-10-28T18:22:43.713+0000] {dag.py:3239} INFO - Sync 3 DAGs
[2024-10-28T18:22:43.729+0000] {logging_mixin.py:190} INFO - [2024-10-28T18:22:43.729+0000] {dag.py:4180} INFO - Setting next_dagrun for example_subdag_operator to 2022-01-01 00:00:00+00:00, run_after=2022-01-01 00:00:00+00:00
[2024-10-28T18:22:43.732+0000] {logging_mixin.py:190} INFO - [2024-10-28T18:22:43.732+0000] {dag.py:4180} INFO - Setting next_dagrun for example_subdag_operator.section-1 to None, run_after=None
[2024-10-28T18:22:43.733+0000] {logging_mixin.py:190} INFO - [2024-10-28T18:22:43.733+0000] {dag.py:4180} INFO - Setting next_dagrun for example_subdag_operator.section-2 to None, run_after=None
[2024-10-28T18:22:43.738+0000] {logging_mixin.py:190} INFO - [2024-10-28T18:22:43.738+0000] {dag.py:3239} INFO - Sync 2 DAGs
[2024-10-28T18:22:43.744+0000] {logging_mixin.py:190} INFO - [2024-10-28T18:22:43.743+0000] {dag.py:4180} INFO - Setting next_dagrun for example_subdag_operator.section-1 to None, run_after=None
[2024-10-28T18:22:43.744+0000] {logging_mixin.py:190} INFO - [2024-10-28T18:22:43.744+0000] {dag.py:4180} INFO - Setting next_dagrun for example_subdag_operator.section-2 to None, run_after=None
[2024-10-28T18:22:43.760+0000] {processor.py:208} INFO - Processing /home/airflow/.local/lib/python3.12/site-packages/airflow/example_dags/example_subdag_operator.py took 0.082 seconds
[2024-10-28T18:23:13.917+0000] {processor.py:186} INFO - Started process (PID=2594) to work on /home/airflow/.local/lib/python3.12/site-packages/airflow/example_dags/example_subdag_operator.py
[2024-10-28T18:23:13.918+0000] {processor.py:914} INFO - Processing file /home/airflow/.local/lib/python3.12/site-packages/airflow/example_dags/example_subdag_operator.py for tasks to queue
[2024-10-28T18:23:13.920+0000] {logging_mixin.py:190} INFO - [2024-10-28T18:23:13.920+0000] {dagbag.py:588} INFO - Filling up the DagBag from /home/airflow/.local/lib/python3.12/site-packages/airflow/example_dags/example_subdag_operator.py
[2024-10-28T18:23:13.940+0000] {processor.py:925} INFO - DAG(s) 'example_subdag_operator.section-1', 'example_subdag_operator.section-2', 'example_subdag_operator' retrieved from /home/airflow/.local/lib/python3.12/site-packages/airflow/example_dags/example_subdag_operator.py
[2024-10-28T18:23:13.950+0000] {logging_mixin.py:190} INFO - [2024-10-28T18:23:13.950+0000] {dag.py:3239} INFO - Sync 3 DAGs
[2024-10-28T18:23:13.967+0000] {logging_mixin.py:190} INFO - [2024-10-28T18:23:13.967+0000] {dag.py:4180} INFO - Setting next_dagrun for example_subdag_operator to 2022-01-01 00:00:00+00:00, run_after=2022-01-01 00:00:00+00:00
[2024-10-28T18:23:13.971+0000] {logging_mixin.py:190} INFO - [2024-10-28T18:23:13.971+0000] {dag.py:4180} INFO - Setting next_dagrun for example_subdag_operator.section-1 to None, run_after=None
[2024-10-28T18:23:13.972+0000] {logging_mixin.py:190} INFO - [2024-10-28T18:23:13.972+0000] {dag.py:4180} INFO - Setting next_dagrun for example_subdag_operator.section-2 to None, run_after=None
[2024-10-28T18:23:13.979+0000] {logging_mixin.py:190} INFO - [2024-10-28T18:23:13.978+0000] {dag.py:3239} INFO - Sync 2 DAGs
[2024-10-28T18:23:13.984+0000] {logging_mixin.py:190} INFO - [2024-10-28T18:23:13.984+0000] {dag.py:4180} INFO - Setting next_dagrun for example_subdag_operator.section-1 to None, run_after=None
[2024-10-28T18:23:13.985+0000] {logging_mixin.py:190} INFO - [2024-10-28T18:23:13.985+0000] {dag.py:4180} INFO - Setting next_dagrun for example_subdag_operator.section-2 to None, run_after=None
[2024-10-28T18:23:13.994+0000] {processor.py:208} INFO - Processing /home/airflow/.local/lib/python3.12/site-packages/airflow/example_dags/example_subdag_operator.py took 0.080 seconds
[2024-10-28T18:23:44.216+0000] {processor.py:186} INFO - Started process (PID=2660) to work on /home/airflow/.local/lib/python3.12/site-packages/airflow/example_dags/example_subdag_operator.py
[2024-10-28T18:23:44.218+0000] {processor.py:914} INFO - Processing file /home/airflow/.local/lib/python3.12/site-packages/airflow/example_dags/example_subdag_operator.py for tasks to queue
[2024-10-28T18:23:44.220+0000] {logging_mixin.py:190} INFO - [2024-10-28T18:23:44.219+0000] {dagbag.py:588} INFO - Filling up the DagBag from /home/airflow/.local/lib/python3.12/site-packages/airflow/example_dags/example_subdag_operator.py
[2024-10-28T18:23:44.239+0000] {processor.py:925} INFO - DAG(s) 'example_subdag_operator.section-1', 'example_subdag_operator.section-2', 'example_subdag_operator' retrieved from /home/airflow/.local/lib/python3.12/site-packages/airflow/example_dags/example_subdag_operator.py
[2024-10-28T18:23:44.253+0000] {logging_mixin.py:190} INFO - [2024-10-28T18:23:44.252+0000] {dag.py:3239} INFO - Sync 3 DAGs
[2024-10-28T18:23:44.271+0000] {logging_mixin.py:190} INFO - [2024-10-28T18:23:44.270+0000] {dag.py:4180} INFO - Setting next_dagrun for example_subdag_operator to 2022-01-01 00:00:00+00:00, run_after=2022-01-01 00:00:00+00:00
[2024-10-28T18:23:44.274+0000] {logging_mixin.py:190} INFO - [2024-10-28T18:23:44.274+0000] {dag.py:4180} INFO - Setting next_dagrun for example_subdag_operator.section-1 to None, run_after=None
[2024-10-28T18:23:44.276+0000] {logging_mixin.py:190} INFO - [2024-10-28T18:23:44.275+0000] {dag.py:4180} INFO - Setting next_dagrun for example_subdag_operator.section-2 to None, run_after=None
[2024-10-28T18:23:44.282+0000] {logging_mixin.py:190} INFO - [2024-10-28T18:23:44.281+0000] {dag.py:3239} INFO - Sync 2 DAGs
[2024-10-28T18:23:44.287+0000] {logging_mixin.py:190} INFO - [2024-10-28T18:23:44.287+0000] {dag.py:4180} INFO - Setting next_dagrun for example_subdag_operator.section-1 to None, run_after=None
[2024-10-28T18:23:44.288+0000] {logging_mixin.py:190} INFO - [2024-10-28T18:23:44.288+0000] {dag.py:4180} INFO - Setting next_dagrun for example_subdag_operator.section-2 to None, run_after=None
[2024-10-28T18:23:44.297+0000] {processor.py:208} INFO - Processing /home/airflow/.local/lib/python3.12/site-packages/airflow/example_dags/example_subdag_operator.py took 0.084 seconds
[2024-10-28T18:24:14.604+0000] {processor.py:186} INFO - Started process (PID=2726) to work on /home/airflow/.local/lib/python3.12/site-packages/airflow/example_dags/example_subdag_operator.py
[2024-10-28T18:24:14.605+0000] {processor.py:914} INFO - Processing file /home/airflow/.local/lib/python3.12/site-packages/airflow/example_dags/example_subdag_operator.py for tasks to queue
[2024-10-28T18:24:14.607+0000] {logging_mixin.py:190} INFO - [2024-10-28T18:24:14.607+0000] {dagbag.py:588} INFO - Filling up the DagBag from /home/airflow/.local/lib/python3.12/site-packages/airflow/example_dags/example_subdag_operator.py
[2024-10-28T18:24:14.628+0000] {processor.py:925} INFO - DAG(s) 'example_subdag_operator.section-1', 'example_subdag_operator.section-2', 'example_subdag_operator' retrieved from /home/airflow/.local/lib/python3.12/site-packages/airflow/example_dags/example_subdag_operator.py
[2024-10-28T18:24:14.640+0000] {logging_mixin.py:190} INFO - [2024-10-28T18:24:14.640+0000] {dag.py:3239} INFO - Sync 3 DAGs
[2024-10-28T18:24:14.656+0000] {logging_mixin.py:190} INFO - [2024-10-28T18:24:14.656+0000] {dag.py:4180} INFO - Setting next_dagrun for example_subdag_operator to 2022-01-01 00:00:00+00:00, run_after=2022-01-01 00:00:00+00:00
[2024-10-28T18:24:14.659+0000] {logging_mixin.py:190} INFO - [2024-10-28T18:24:14.659+0000] {dag.py:4180} INFO - Setting next_dagrun for example_subdag_operator.section-1 to None, run_after=None
[2024-10-28T18:24:14.660+0000] {logging_mixin.py:190} INFO - [2024-10-28T18:24:14.660+0000] {dag.py:4180} INFO - Setting next_dagrun for example_subdag_operator.section-2 to None, run_after=None
[2024-10-28T18:24:14.666+0000] {logging_mixin.py:190} INFO - [2024-10-28T18:24:14.666+0000] {dag.py:3239} INFO - Sync 2 DAGs
[2024-10-28T18:24:14.671+0000] {logging_mixin.py:190} INFO - [2024-10-28T18:24:14.670+0000] {dag.py:4180} INFO - Setting next_dagrun for example_subdag_operator.section-1 to None, run_after=None
[2024-10-28T18:24:14.675+0000] {logging_mixin.py:190} INFO - [2024-10-28T18:24:14.675+0000] {dag.py:4180} INFO - Setting next_dagrun for example_subdag_operator.section-2 to None, run_after=None
[2024-10-28T18:24:14.684+0000] {processor.py:208} INFO - Processing /home/airflow/.local/lib/python3.12/site-packages/airflow/example_dags/example_subdag_operator.py took 0.084 seconds
[2024-10-28T18:24:45.466+0000] {processor.py:186} INFO - Started process (PID=2792) to work on /home/airflow/.local/lib/python3.12/site-packages/airflow/example_dags/example_subdag_operator.py
[2024-10-28T18:24:45.467+0000] {processor.py:914} INFO - Processing file /home/airflow/.local/lib/python3.12/site-packages/airflow/example_dags/example_subdag_operator.py for tasks to queue
[2024-10-28T18:24:45.468+0000] {logging_mixin.py:190} INFO - [2024-10-28T18:24:45.468+0000] {dagbag.py:588} INFO - Filling up the DagBag from /home/airflow/.local/lib/python3.12/site-packages/airflow/example_dags/example_subdag_operator.py
[2024-10-28T18:24:45.488+0000] {processor.py:925} INFO - DAG(s) 'example_subdag_operator.section-1', 'example_subdag_operator.section-2', 'example_subdag_operator' retrieved from /home/airflow/.local/lib/python3.12/site-packages/airflow/example_dags/example_subdag_operator.py
[2024-10-28T18:24:45.502+0000] {logging_mixin.py:190} INFO - [2024-10-28T18:24:45.502+0000] {dag.py:3239} INFO - Sync 3 DAGs
[2024-10-28T18:24:45.522+0000] {logging_mixin.py:190} INFO - [2024-10-28T18:24:45.522+0000] {dag.py:4180} INFO - Setting next_dagrun for example_subdag_operator to 2022-01-01 00:00:00+00:00, run_after=2022-01-01 00:00:00+00:00
[2024-10-28T18:24:45.525+0000] {logging_mixin.py:190} INFO - [2024-10-28T18:24:45.525+0000] {dag.py:4180} INFO - Setting next_dagrun for example_subdag_operator.section-1 to None, run_after=None
[2024-10-28T18:24:45.527+0000] {logging_mixin.py:190} INFO - [2024-10-28T18:24:45.527+0000] {dag.py:4180} INFO - Setting next_dagrun for example_subdag_operator.section-2 to None, run_after=None
[2024-10-28T18:24:45.533+0000] {logging_mixin.py:190} INFO - [2024-10-28T18:24:45.533+0000] {dag.py:3239} INFO - Sync 2 DAGs
[2024-10-28T18:24:45.537+0000] {logging_mixin.py:190} INFO - [2024-10-28T18:24:45.537+0000] {dag.py:4180} INFO - Setting next_dagrun for example_subdag_operator.section-1 to None, run_after=None
[2024-10-28T18:24:45.539+0000] {logging_mixin.py:190} INFO - [2024-10-28T18:24:45.539+0000] {dag.py:4180} INFO - Setting next_dagrun for example_subdag_operator.section-2 to None, run_after=None
[2024-10-28T18:24:45.556+0000] {processor.py:208} INFO - Processing /home/airflow/.local/lib/python3.12/site-packages/airflow/example_dags/example_subdag_operator.py took 0.094 seconds
