[2024-10-28T18:03:54.080+0000] {processor.py:186} INFO - Started process (PID=97) to work on /home/airflow/.local/lib/python3.12/site-packages/airflow/example_dags/example_nested_branch_dag.py
[2024-10-28T18:03:54.082+0000] {processor.py:914} INFO - Processing file /home/airflow/.local/lib/python3.12/site-packages/airflow/example_dags/example_nested_branch_dag.py for tasks to queue
[2024-10-28T18:03:54.087+0000] {logging_mixin.py:190} INFO - [2024-10-28T18:03:54.086+0000] {dagbag.py:588} INFO - Filling up the DagBag from /home/airflow/.local/lib/python3.12/site-packages/airflow/example_dags/example_nested_branch_dag.py
[2024-10-28T18:03:54.110+0000] {processor.py:925} INFO - DAG(s) 'example_nested_branch_dag' retrieved from /home/airflow/.local/lib/python3.12/site-packages/airflow/example_dags/example_nested_branch_dag.py
[2024-10-28T18:03:54.162+0000] {logging_mixin.py:190} INFO - [2024-10-28T18:03:54.161+0000] {dag.py:3239} INFO - Sync 1 DAGs
[2024-10-28T18:03:54.216+0000] {logging_mixin.py:190} INFO - [2024-10-28T18:03:54.215+0000] {dag.py:4180} INFO - Setting next_dagrun for example_nested_branch_dag to 2024-10-27 00:00:00+00:00, run_after=2024-10-28 00:00:00+00:00
[2024-10-28T18:03:54.258+0000] {processor.py:208} INFO - Processing /home/airflow/.local/lib/python3.12/site-packages/airflow/example_dags/example_nested_branch_dag.py took 0.190 seconds
[2024-10-28T18:04:24.359+0000] {processor.py:186} INFO - Started process (PID=163) to work on /home/airflow/.local/lib/python3.12/site-packages/airflow/example_dags/example_nested_branch_dag.py
[2024-10-28T18:04:24.360+0000] {processor.py:914} INFO - Processing file /home/airflow/.local/lib/python3.12/site-packages/airflow/example_dags/example_nested_branch_dag.py for tasks to queue
[2024-10-28T18:04:24.362+0000] {logging_mixin.py:190} INFO - [2024-10-28T18:04:24.362+0000] {dagbag.py:588} INFO - Filling up the DagBag from /home/airflow/.local/lib/python3.12/site-packages/airflow/example_dags/example_nested_branch_dag.py
[2024-10-28T18:04:24.370+0000] {processor.py:925} INFO - DAG(s) 'example_nested_branch_dag' retrieved from /home/airflow/.local/lib/python3.12/site-packages/airflow/example_dags/example_nested_branch_dag.py
[2024-10-28T18:04:24.386+0000] {logging_mixin.py:190} INFO - [2024-10-28T18:04:24.386+0000] {dag.py:3239} INFO - Sync 1 DAGs
[2024-10-28T18:04:24.402+0000] {logging_mixin.py:190} INFO - [2024-10-28T18:04:24.402+0000] {dag.py:4180} INFO - Setting next_dagrun for example_nested_branch_dag to 2024-10-27 00:00:00+00:00, run_after=2024-10-28 00:00:00+00:00
[2024-10-28T18:04:24.423+0000] {processor.py:208} INFO - Processing /home/airflow/.local/lib/python3.12/site-packages/airflow/example_dags/example_nested_branch_dag.py took 0.067 seconds
[2024-10-28T18:04:54.490+0000] {processor.py:186} INFO - Started process (PID=229) to work on /home/airflow/.local/lib/python3.12/site-packages/airflow/example_dags/example_nested_branch_dag.py
[2024-10-28T18:04:54.491+0000] {processor.py:914} INFO - Processing file /home/airflow/.local/lib/python3.12/site-packages/airflow/example_dags/example_nested_branch_dag.py for tasks to queue
[2024-10-28T18:04:54.493+0000] {logging_mixin.py:190} INFO - [2024-10-28T18:04:54.493+0000] {dagbag.py:588} INFO - Filling up the DagBag from /home/airflow/.local/lib/python3.12/site-packages/airflow/example_dags/example_nested_branch_dag.py
[2024-10-28T18:04:54.501+0000] {processor.py:925} INFO - DAG(s) 'example_nested_branch_dag' retrieved from /home/airflow/.local/lib/python3.12/site-packages/airflow/example_dags/example_nested_branch_dag.py
[2024-10-28T18:04:54.521+0000] {logging_mixin.py:190} INFO - [2024-10-28T18:04:54.520+0000] {dag.py:3239} INFO - Sync 1 DAGs
[2024-10-28T18:04:54.540+0000] {logging_mixin.py:190} INFO - [2024-10-28T18:04:54.540+0000] {dag.py:4180} INFO - Setting next_dagrun for example_nested_branch_dag to 2024-10-27 00:00:00+00:00, run_after=2024-10-28 00:00:00+00:00
[2024-10-28T18:04:54.567+0000] {processor.py:208} INFO - Processing /home/airflow/.local/lib/python3.12/site-packages/airflow/example_dags/example_nested_branch_dag.py took 0.083 seconds
[2024-10-28T18:05:25.338+0000] {processor.py:186} INFO - Started process (PID=295) to work on /home/airflow/.local/lib/python3.12/site-packages/airflow/example_dags/example_nested_branch_dag.py
[2024-10-28T18:05:25.339+0000] {processor.py:914} INFO - Processing file /home/airflow/.local/lib/python3.12/site-packages/airflow/example_dags/example_nested_branch_dag.py for tasks to queue
[2024-10-28T18:05:25.341+0000] {logging_mixin.py:190} INFO - [2024-10-28T18:05:25.340+0000] {dagbag.py:588} INFO - Filling up the DagBag from /home/airflow/.local/lib/python3.12/site-packages/airflow/example_dags/example_nested_branch_dag.py
[2024-10-28T18:05:25.348+0000] {processor.py:925} INFO - DAG(s) 'example_nested_branch_dag' retrieved from /home/airflow/.local/lib/python3.12/site-packages/airflow/example_dags/example_nested_branch_dag.py
[2024-10-28T18:05:25.363+0000] {logging_mixin.py:190} INFO - [2024-10-28T18:05:25.363+0000] {dag.py:3239} INFO - Sync 1 DAGs
[2024-10-28T18:05:25.380+0000] {logging_mixin.py:190} INFO - [2024-10-28T18:05:25.380+0000] {dag.py:4180} INFO - Setting next_dagrun for example_nested_branch_dag to 2024-10-27 00:00:00+00:00, run_after=2024-10-28 00:00:00+00:00
[2024-10-28T18:05:25.404+0000] {processor.py:208} INFO - Processing /home/airflow/.local/lib/python3.12/site-packages/airflow/example_dags/example_nested_branch_dag.py took 0.069 seconds
[2024-10-28T18:05:56.086+0000] {processor.py:186} INFO - Started process (PID=361) to work on /home/airflow/.local/lib/python3.12/site-packages/airflow/example_dags/example_nested_branch_dag.py
[2024-10-28T18:05:56.087+0000] {processor.py:914} INFO - Processing file /home/airflow/.local/lib/python3.12/site-packages/airflow/example_dags/example_nested_branch_dag.py for tasks to queue
[2024-10-28T18:05:56.089+0000] {logging_mixin.py:190} INFO - [2024-10-28T18:05:56.089+0000] {dagbag.py:588} INFO - Filling up the DagBag from /home/airflow/.local/lib/python3.12/site-packages/airflow/example_dags/example_nested_branch_dag.py
[2024-10-28T18:05:56.097+0000] {processor.py:925} INFO - DAG(s) 'example_nested_branch_dag' retrieved from /home/airflow/.local/lib/python3.12/site-packages/airflow/example_dags/example_nested_branch_dag.py
[2024-10-28T18:05:56.114+0000] {logging_mixin.py:190} INFO - [2024-10-28T18:05:56.113+0000] {dag.py:3239} INFO - Sync 1 DAGs
[2024-10-28T18:05:56.132+0000] {logging_mixin.py:190} INFO - [2024-10-28T18:05:56.132+0000] {dag.py:4180} INFO - Setting next_dagrun for example_nested_branch_dag to 2024-10-27 00:00:00+00:00, run_after=2024-10-28 00:00:00+00:00
[2024-10-28T18:05:56.155+0000] {processor.py:208} INFO - Processing /home/airflow/.local/lib/python3.12/site-packages/airflow/example_dags/example_nested_branch_dag.py took 0.073 seconds
[2024-10-28T18:06:26.997+0000] {processor.py:186} INFO - Started process (PID=427) to work on /home/airflow/.local/lib/python3.12/site-packages/airflow/example_dags/example_nested_branch_dag.py
[2024-10-28T18:06:26.998+0000] {processor.py:914} INFO - Processing file /home/airflow/.local/lib/python3.12/site-packages/airflow/example_dags/example_nested_branch_dag.py for tasks to queue
[2024-10-28T18:06:27.000+0000] {logging_mixin.py:190} INFO - [2024-10-28T18:06:27.000+0000] {dagbag.py:588} INFO - Filling up the DagBag from /home/airflow/.local/lib/python3.12/site-packages/airflow/example_dags/example_nested_branch_dag.py
[2024-10-28T18:06:27.007+0000] {processor.py:925} INFO - DAG(s) 'example_nested_branch_dag' retrieved from /home/airflow/.local/lib/python3.12/site-packages/airflow/example_dags/example_nested_branch_dag.py
[2024-10-28T18:06:27.023+0000] {logging_mixin.py:190} INFO - [2024-10-28T18:06:27.023+0000] {dag.py:3239} INFO - Sync 1 DAGs
[2024-10-28T18:06:27.041+0000] {logging_mixin.py:190} INFO - [2024-10-28T18:06:27.041+0000] {dag.py:4180} INFO - Setting next_dagrun for example_nested_branch_dag to 2024-10-27 00:00:00+00:00, run_after=2024-10-28 00:00:00+00:00
[2024-10-28T18:06:27.062+0000] {processor.py:208} INFO - Processing /home/airflow/.local/lib/python3.12/site-packages/airflow/example_dags/example_nested_branch_dag.py took 0.068 seconds
[2024-10-28T18:06:57.700+0000] {processor.py:186} INFO - Started process (PID=493) to work on /home/airflow/.local/lib/python3.12/site-packages/airflow/example_dags/example_nested_branch_dag.py
[2024-10-28T18:06:57.701+0000] {processor.py:914} INFO - Processing file /home/airflow/.local/lib/python3.12/site-packages/airflow/example_dags/example_nested_branch_dag.py for tasks to queue
[2024-10-28T18:06:57.703+0000] {logging_mixin.py:190} INFO - [2024-10-28T18:06:57.703+0000] {dagbag.py:588} INFO - Filling up the DagBag from /home/airflow/.local/lib/python3.12/site-packages/airflow/example_dags/example_nested_branch_dag.py
[2024-10-28T18:06:57.711+0000] {processor.py:925} INFO - DAG(s) 'example_nested_branch_dag' retrieved from /home/airflow/.local/lib/python3.12/site-packages/airflow/example_dags/example_nested_branch_dag.py
[2024-10-28T18:06:57.726+0000] {logging_mixin.py:190} INFO - [2024-10-28T18:06:57.725+0000] {dag.py:3239} INFO - Sync 1 DAGs
[2024-10-28T18:06:57.743+0000] {logging_mixin.py:190} INFO - [2024-10-28T18:06:57.743+0000] {dag.py:4180} INFO - Setting next_dagrun for example_nested_branch_dag to 2024-10-27 00:00:00+00:00, run_after=2024-10-28 00:00:00+00:00
[2024-10-28T18:06:57.765+0000] {processor.py:208} INFO - Processing /home/airflow/.local/lib/python3.12/site-packages/airflow/example_dags/example_nested_branch_dag.py took 0.069 seconds
[2024-10-28T18:07:28.343+0000] {processor.py:186} INFO - Started process (PID=559) to work on /home/airflow/.local/lib/python3.12/site-packages/airflow/example_dags/example_nested_branch_dag.py
[2024-10-28T18:07:28.344+0000] {processor.py:914} INFO - Processing file /home/airflow/.local/lib/python3.12/site-packages/airflow/example_dags/example_nested_branch_dag.py for tasks to queue
[2024-10-28T18:07:28.346+0000] {logging_mixin.py:190} INFO - [2024-10-28T18:07:28.345+0000] {dagbag.py:588} INFO - Filling up the DagBag from /home/airflow/.local/lib/python3.12/site-packages/airflow/example_dags/example_nested_branch_dag.py
[2024-10-28T18:07:28.355+0000] {processor.py:925} INFO - DAG(s) 'example_nested_branch_dag' retrieved from /home/airflow/.local/lib/python3.12/site-packages/airflow/example_dags/example_nested_branch_dag.py
[2024-10-28T18:07:28.369+0000] {logging_mixin.py:190} INFO - [2024-10-28T18:07:28.369+0000] {dag.py:3239} INFO - Sync 1 DAGs
[2024-10-28T18:07:28.385+0000] {logging_mixin.py:190} INFO - [2024-10-28T18:07:28.384+0000] {dag.py:4180} INFO - Setting next_dagrun for example_nested_branch_dag to 2024-10-27 00:00:00+00:00, run_after=2024-10-28 00:00:00+00:00
[2024-10-28T18:07:28.405+0000] {processor.py:208} INFO - Processing /home/airflow/.local/lib/python3.12/site-packages/airflow/example_dags/example_nested_branch_dag.py took 0.066 seconds
[2024-10-28T18:07:58.951+0000] {processor.py:186} INFO - Started process (PID=625) to work on /home/airflow/.local/lib/python3.12/site-packages/airflow/example_dags/example_nested_branch_dag.py
[2024-10-28T18:07:58.952+0000] {processor.py:914} INFO - Processing file /home/airflow/.local/lib/python3.12/site-packages/airflow/example_dags/example_nested_branch_dag.py for tasks to queue
[2024-10-28T18:07:58.954+0000] {logging_mixin.py:190} INFO - [2024-10-28T18:07:58.954+0000] {dagbag.py:588} INFO - Filling up the DagBag from /home/airflow/.local/lib/python3.12/site-packages/airflow/example_dags/example_nested_branch_dag.py
[2024-10-28T18:07:58.961+0000] {processor.py:925} INFO - DAG(s) 'example_nested_branch_dag' retrieved from /home/airflow/.local/lib/python3.12/site-packages/airflow/example_dags/example_nested_branch_dag.py
[2024-10-28T18:07:58.975+0000] {logging_mixin.py:190} INFO - [2024-10-28T18:07:58.975+0000] {dag.py:3239} INFO - Sync 1 DAGs
[2024-10-28T18:07:58.991+0000] {logging_mixin.py:190} INFO - [2024-10-28T18:07:58.991+0000] {dag.py:4180} INFO - Setting next_dagrun for example_nested_branch_dag to 2024-10-27 00:00:00+00:00, run_after=2024-10-28 00:00:00+00:00
[2024-10-28T18:07:59.010+0000] {processor.py:208} INFO - Processing /home/airflow/.local/lib/python3.12/site-packages/airflow/example_dags/example_nested_branch_dag.py took 0.063 seconds
[2024-10-28T18:08:29.238+0000] {processor.py:186} INFO - Started process (PID=690) to work on /home/airflow/.local/lib/python3.12/site-packages/airflow/example_dags/example_nested_branch_dag.py
[2024-10-28T18:08:29.239+0000] {processor.py:914} INFO - Processing file /home/airflow/.local/lib/python3.12/site-packages/airflow/example_dags/example_nested_branch_dag.py for tasks to queue
[2024-10-28T18:08:29.242+0000] {logging_mixin.py:190} INFO - [2024-10-28T18:08:29.241+0000] {dagbag.py:588} INFO - Filling up the DagBag from /home/airflow/.local/lib/python3.12/site-packages/airflow/example_dags/example_nested_branch_dag.py
[2024-10-28T18:08:29.249+0000] {processor.py:925} INFO - DAG(s) 'example_nested_branch_dag' retrieved from /home/airflow/.local/lib/python3.12/site-packages/airflow/example_dags/example_nested_branch_dag.py
[2024-10-28T18:08:29.267+0000] {logging_mixin.py:190} INFO - [2024-10-28T18:08:29.267+0000] {dag.py:3239} INFO - Sync 1 DAGs
[2024-10-28T18:08:29.285+0000] {logging_mixin.py:190} INFO - [2024-10-28T18:08:29.285+0000] {dag.py:4180} INFO - Setting next_dagrun for example_nested_branch_dag to 2024-10-27 00:00:00+00:00, run_after=2024-10-28 00:00:00+00:00
[2024-10-28T18:08:29.301+0000] {processor.py:208} INFO - Processing /home/airflow/.local/lib/python3.12/site-packages/airflow/example_dags/example_nested_branch_dag.py took 0.069 seconds
[2024-10-28T18:08:59.491+0000] {processor.py:186} INFO - Started process (PID=756) to work on /home/airflow/.local/lib/python3.12/site-packages/airflow/example_dags/example_nested_branch_dag.py
[2024-10-28T18:08:59.493+0000] {processor.py:914} INFO - Processing file /home/airflow/.local/lib/python3.12/site-packages/airflow/example_dags/example_nested_branch_dag.py for tasks to queue
[2024-10-28T18:08:59.496+0000] {logging_mixin.py:190} INFO - [2024-10-28T18:08:59.495+0000] {dagbag.py:588} INFO - Filling up the DagBag from /home/airflow/.local/lib/python3.12/site-packages/airflow/example_dags/example_nested_branch_dag.py
[2024-10-28T18:08:59.506+0000] {processor.py:925} INFO - DAG(s) 'example_nested_branch_dag' retrieved from /home/airflow/.local/lib/python3.12/site-packages/airflow/example_dags/example_nested_branch_dag.py
[2024-10-28T18:08:59.524+0000] {logging_mixin.py:190} INFO - [2024-10-28T18:08:59.523+0000] {dag.py:3239} INFO - Sync 1 DAGs
[2024-10-28T18:08:59.542+0000] {logging_mixin.py:190} INFO - [2024-10-28T18:08:59.541+0000] {dag.py:4180} INFO - Setting next_dagrun for example_nested_branch_dag to 2024-10-27 00:00:00+00:00, run_after=2024-10-28 00:00:00+00:00
[2024-10-28T18:08:59.563+0000] {processor.py:208} INFO - Processing /home/airflow/.local/lib/python3.12/site-packages/airflow/example_dags/example_nested_branch_dag.py took 0.076 seconds
[2024-10-28T18:09:30.113+0000] {processor.py:186} INFO - Started process (PID=822) to work on /home/airflow/.local/lib/python3.12/site-packages/airflow/example_dags/example_nested_branch_dag.py
[2024-10-28T18:09:30.115+0000] {processor.py:914} INFO - Processing file /home/airflow/.local/lib/python3.12/site-packages/airflow/example_dags/example_nested_branch_dag.py for tasks to queue
[2024-10-28T18:09:30.116+0000] {logging_mixin.py:190} INFO - [2024-10-28T18:09:30.116+0000] {dagbag.py:588} INFO - Filling up the DagBag from /home/airflow/.local/lib/python3.12/site-packages/airflow/example_dags/example_nested_branch_dag.py
[2024-10-28T18:09:30.123+0000] {processor.py:925} INFO - DAG(s) 'example_nested_branch_dag' retrieved from /home/airflow/.local/lib/python3.12/site-packages/airflow/example_dags/example_nested_branch_dag.py
[2024-10-28T18:09:30.138+0000] {logging_mixin.py:190} INFO - [2024-10-28T18:09:30.138+0000] {dag.py:3239} INFO - Sync 1 DAGs
[2024-10-28T18:09:30.154+0000] {logging_mixin.py:190} INFO - [2024-10-28T18:09:30.154+0000] {dag.py:4180} INFO - Setting next_dagrun for example_nested_branch_dag to 2024-10-27 00:00:00+00:00, run_after=2024-10-28 00:00:00+00:00
[2024-10-28T18:09:30.165+0000] {processor.py:208} INFO - Processing /home/airflow/.local/lib/python3.12/site-packages/airflow/example_dags/example_nested_branch_dag.py took 0.064 seconds
[2024-10-28T18:10:01.141+0000] {processor.py:186} INFO - Started process (PID=888) to work on /home/airflow/.local/lib/python3.12/site-packages/airflow/example_dags/example_nested_branch_dag.py
[2024-10-28T18:10:01.142+0000] {processor.py:914} INFO - Processing file /home/airflow/.local/lib/python3.12/site-packages/airflow/example_dags/example_nested_branch_dag.py for tasks to queue
[2024-10-28T18:10:01.144+0000] {logging_mixin.py:190} INFO - [2024-10-28T18:10:01.143+0000] {dagbag.py:588} INFO - Filling up the DagBag from /home/airflow/.local/lib/python3.12/site-packages/airflow/example_dags/example_nested_branch_dag.py
[2024-10-28T18:10:01.151+0000] {processor.py:925} INFO - DAG(s) 'example_nested_branch_dag' retrieved from /home/airflow/.local/lib/python3.12/site-packages/airflow/example_dags/example_nested_branch_dag.py
[2024-10-28T18:10:01.164+0000] {logging_mixin.py:190} INFO - [2024-10-28T18:10:01.164+0000] {dag.py:3239} INFO - Sync 1 DAGs
[2024-10-28T18:10:01.180+0000] {logging_mixin.py:190} INFO - [2024-10-28T18:10:01.180+0000] {dag.py:4180} INFO - Setting next_dagrun for example_nested_branch_dag to 2024-10-27 00:00:00+00:00, run_after=2024-10-28 00:00:00+00:00
[2024-10-28T18:10:01.200+0000] {processor.py:208} INFO - Processing /home/airflow/.local/lib/python3.12/site-packages/airflow/example_dags/example_nested_branch_dag.py took 0.062 seconds
[2024-10-28T18:10:31.410+0000] {processor.py:186} INFO - Started process (PID=954) to work on /home/airflow/.local/lib/python3.12/site-packages/airflow/example_dags/example_nested_branch_dag.py
[2024-10-28T18:10:31.411+0000] {processor.py:914} INFO - Processing file /home/airflow/.local/lib/python3.12/site-packages/airflow/example_dags/example_nested_branch_dag.py for tasks to queue
[2024-10-28T18:10:31.412+0000] {logging_mixin.py:190} INFO - [2024-10-28T18:10:31.412+0000] {dagbag.py:588} INFO - Filling up the DagBag from /home/airflow/.local/lib/python3.12/site-packages/airflow/example_dags/example_nested_branch_dag.py
[2024-10-28T18:10:31.419+0000] {processor.py:925} INFO - DAG(s) 'example_nested_branch_dag' retrieved from /home/airflow/.local/lib/python3.12/site-packages/airflow/example_dags/example_nested_branch_dag.py
[2024-10-28T18:10:31.434+0000] {logging_mixin.py:190} INFO - [2024-10-28T18:10:31.434+0000] {dag.py:3239} INFO - Sync 1 DAGs
[2024-10-28T18:10:31.451+0000] {logging_mixin.py:190} INFO - [2024-10-28T18:10:31.451+0000] {dag.py:4180} INFO - Setting next_dagrun for example_nested_branch_dag to 2024-10-27 00:00:00+00:00, run_after=2024-10-28 00:00:00+00:00
[2024-10-28T18:10:31.464+0000] {processor.py:208} INFO - Processing /home/airflow/.local/lib/python3.12/site-packages/airflow/example_dags/example_nested_branch_dag.py took 0.058 seconds
[2024-10-28T18:11:01.700+0000] {processor.py:186} INFO - Started process (PID=1020) to work on /home/airflow/.local/lib/python3.12/site-packages/airflow/example_dags/example_nested_branch_dag.py
[2024-10-28T18:11:01.701+0000] {processor.py:914} INFO - Processing file /home/airflow/.local/lib/python3.12/site-packages/airflow/example_dags/example_nested_branch_dag.py for tasks to queue
[2024-10-28T18:11:01.703+0000] {logging_mixin.py:190} INFO - [2024-10-28T18:11:01.703+0000] {dagbag.py:588} INFO - Filling up the DagBag from /home/airflow/.local/lib/python3.12/site-packages/airflow/example_dags/example_nested_branch_dag.py
[2024-10-28T18:11:01.711+0000] {processor.py:925} INFO - DAG(s) 'example_nested_branch_dag' retrieved from /home/airflow/.local/lib/python3.12/site-packages/airflow/example_dags/example_nested_branch_dag.py
[2024-10-28T18:11:01.727+0000] {logging_mixin.py:190} INFO - [2024-10-28T18:11:01.726+0000] {dag.py:3239} INFO - Sync 1 DAGs
[2024-10-28T18:11:01.743+0000] {logging_mixin.py:190} INFO - [2024-10-28T18:11:01.743+0000] {dag.py:4180} INFO - Setting next_dagrun for example_nested_branch_dag to 2024-10-27 00:00:00+00:00, run_after=2024-10-28 00:00:00+00:00
[2024-10-28T18:11:01.764+0000] {processor.py:208} INFO - Processing /home/airflow/.local/lib/python3.12/site-packages/airflow/example_dags/example_nested_branch_dag.py took 0.068 seconds
[2024-10-28T18:11:32.781+0000] {processor.py:186} INFO - Started process (PID=1086) to work on /home/airflow/.local/lib/python3.12/site-packages/airflow/example_dags/example_nested_branch_dag.py
[2024-10-28T18:11:32.782+0000] {processor.py:914} INFO - Processing file /home/airflow/.local/lib/python3.12/site-packages/airflow/example_dags/example_nested_branch_dag.py for tasks to queue
[2024-10-28T18:11:32.784+0000] {logging_mixin.py:190} INFO - [2024-10-28T18:11:32.784+0000] {dagbag.py:588} INFO - Filling up the DagBag from /home/airflow/.local/lib/python3.12/site-packages/airflow/example_dags/example_nested_branch_dag.py
[2024-10-28T18:11:32.792+0000] {processor.py:925} INFO - DAG(s) 'example_nested_branch_dag' retrieved from /home/airflow/.local/lib/python3.12/site-packages/airflow/example_dags/example_nested_branch_dag.py
[2024-10-28T18:11:32.807+0000] {logging_mixin.py:190} INFO - [2024-10-28T18:11:32.807+0000] {dag.py:3239} INFO - Sync 1 DAGs
[2024-10-28T18:11:32.823+0000] {logging_mixin.py:190} INFO - [2024-10-28T18:11:32.822+0000] {dag.py:4180} INFO - Setting next_dagrun for example_nested_branch_dag to 2024-10-27 00:00:00+00:00, run_after=2024-10-28 00:00:00+00:00
[2024-10-28T18:11:32.844+0000] {processor.py:208} INFO - Processing /home/airflow/.local/lib/python3.12/site-packages/airflow/example_dags/example_nested_branch_dag.py took 0.066 seconds
[2024-10-28T18:12:03.696+0000] {processor.py:186} INFO - Started process (PID=1152) to work on /home/airflow/.local/lib/python3.12/site-packages/airflow/example_dags/example_nested_branch_dag.py
[2024-10-28T18:12:03.697+0000] {processor.py:914} INFO - Processing file /home/airflow/.local/lib/python3.12/site-packages/airflow/example_dags/example_nested_branch_dag.py for tasks to queue
[2024-10-28T18:12:03.699+0000] {logging_mixin.py:190} INFO - [2024-10-28T18:12:03.699+0000] {dagbag.py:588} INFO - Filling up the DagBag from /home/airflow/.local/lib/python3.12/site-packages/airflow/example_dags/example_nested_branch_dag.py
[2024-10-28T18:12:03.708+0000] {processor.py:925} INFO - DAG(s) 'example_nested_branch_dag' retrieved from /home/airflow/.local/lib/python3.12/site-packages/airflow/example_dags/example_nested_branch_dag.py
[2024-10-28T18:12:03.722+0000] {logging_mixin.py:190} INFO - [2024-10-28T18:12:03.722+0000] {dag.py:3239} INFO - Sync 1 DAGs
[2024-10-28T18:12:03.741+0000] {logging_mixin.py:190} INFO - [2024-10-28T18:12:03.741+0000] {dag.py:4180} INFO - Setting next_dagrun for example_nested_branch_dag to 2024-10-27 00:00:00+00:00, run_after=2024-10-28 00:00:00+00:00
[2024-10-28T18:12:03.765+0000] {processor.py:208} INFO - Processing /home/airflow/.local/lib/python3.12/site-packages/airflow/example_dags/example_nested_branch_dag.py took 0.074 seconds
[2024-10-28T18:12:34.164+0000] {processor.py:186} INFO - Started process (PID=1219) to work on /home/airflow/.local/lib/python3.12/site-packages/airflow/example_dags/example_nested_branch_dag.py
[2024-10-28T18:12:34.165+0000] {processor.py:914} INFO - Processing file /home/airflow/.local/lib/python3.12/site-packages/airflow/example_dags/example_nested_branch_dag.py for tasks to queue
[2024-10-28T18:12:34.167+0000] {logging_mixin.py:190} INFO - [2024-10-28T18:12:34.167+0000] {dagbag.py:588} INFO - Filling up the DagBag from /home/airflow/.local/lib/python3.12/site-packages/airflow/example_dags/example_nested_branch_dag.py
[2024-10-28T18:12:34.175+0000] {processor.py:925} INFO - DAG(s) 'example_nested_branch_dag' retrieved from /home/airflow/.local/lib/python3.12/site-packages/airflow/example_dags/example_nested_branch_dag.py
[2024-10-28T18:12:34.189+0000] {logging_mixin.py:190} INFO - [2024-10-28T18:12:34.188+0000] {dag.py:3239} INFO - Sync 1 DAGs
[2024-10-28T18:12:34.205+0000] {logging_mixin.py:190} INFO - [2024-10-28T18:12:34.205+0000] {dag.py:4180} INFO - Setting next_dagrun for example_nested_branch_dag to 2024-10-27 00:00:00+00:00, run_after=2024-10-28 00:00:00+00:00
[2024-10-28T18:12:34.228+0000] {processor.py:208} INFO - Processing /home/airflow/.local/lib/python3.12/site-packages/airflow/example_dags/example_nested_branch_dag.py took 0.068 seconds
[2024-10-28T18:13:05.007+0000] {processor.py:186} INFO - Started process (PID=1285) to work on /home/airflow/.local/lib/python3.12/site-packages/airflow/example_dags/example_nested_branch_dag.py
[2024-10-28T18:13:05.009+0000] {processor.py:914} INFO - Processing file /home/airflow/.local/lib/python3.12/site-packages/airflow/example_dags/example_nested_branch_dag.py for tasks to queue
[2024-10-28T18:13:05.011+0000] {logging_mixin.py:190} INFO - [2024-10-28T18:13:05.011+0000] {dagbag.py:588} INFO - Filling up the DagBag from /home/airflow/.local/lib/python3.12/site-packages/airflow/example_dags/example_nested_branch_dag.py
[2024-10-28T18:13:05.018+0000] {processor.py:925} INFO - DAG(s) 'example_nested_branch_dag' retrieved from /home/airflow/.local/lib/python3.12/site-packages/airflow/example_dags/example_nested_branch_dag.py
[2024-10-28T18:13:05.033+0000] {logging_mixin.py:190} INFO - [2024-10-28T18:13:05.033+0000] {dag.py:3239} INFO - Sync 1 DAGs
[2024-10-28T18:13:05.049+0000] {logging_mixin.py:190} INFO - [2024-10-28T18:13:05.048+0000] {dag.py:4180} INFO - Setting next_dagrun for example_nested_branch_dag to 2024-10-27 00:00:00+00:00, run_after=2024-10-28 00:00:00+00:00
[2024-10-28T18:13:05.072+0000] {processor.py:208} INFO - Processing /home/airflow/.local/lib/python3.12/site-packages/airflow/example_dags/example_nested_branch_dag.py took 0.068 seconds
[2024-10-28T18:13:36.003+0000] {processor.py:186} INFO - Started process (PID=1351) to work on /home/airflow/.local/lib/python3.12/site-packages/airflow/example_dags/example_nested_branch_dag.py
[2024-10-28T18:13:36.004+0000] {processor.py:914} INFO - Processing file /home/airflow/.local/lib/python3.12/site-packages/airflow/example_dags/example_nested_branch_dag.py for tasks to queue
[2024-10-28T18:13:36.006+0000] {logging_mixin.py:190} INFO - [2024-10-28T18:13:36.006+0000] {dagbag.py:588} INFO - Filling up the DagBag from /home/airflow/.local/lib/python3.12/site-packages/airflow/example_dags/example_nested_branch_dag.py
[2024-10-28T18:13:36.013+0000] {processor.py:925} INFO - DAG(s) 'example_nested_branch_dag' retrieved from /home/airflow/.local/lib/python3.12/site-packages/airflow/example_dags/example_nested_branch_dag.py
[2024-10-28T18:13:36.026+0000] {logging_mixin.py:190} INFO - [2024-10-28T18:13:36.026+0000] {dag.py:3239} INFO - Sync 1 DAGs
[2024-10-28T18:13:36.041+0000] {logging_mixin.py:190} INFO - [2024-10-28T18:13:36.040+0000] {dag.py:4180} INFO - Setting next_dagrun for example_nested_branch_dag to 2024-10-27 00:00:00+00:00, run_after=2024-10-28 00:00:00+00:00
[2024-10-28T18:13:36.070+0000] {processor.py:208} INFO - Processing /home/airflow/.local/lib/python3.12/site-packages/airflow/example_dags/example_nested_branch_dag.py took 0.071 seconds
[2024-10-28T18:14:06.965+0000] {processor.py:186} INFO - Started process (PID=1417) to work on /home/airflow/.local/lib/python3.12/site-packages/airflow/example_dags/example_nested_branch_dag.py
[2024-10-28T18:14:06.966+0000] {processor.py:914} INFO - Processing file /home/airflow/.local/lib/python3.12/site-packages/airflow/example_dags/example_nested_branch_dag.py for tasks to queue
[2024-10-28T18:14:06.968+0000] {logging_mixin.py:190} INFO - [2024-10-28T18:14:06.968+0000] {dagbag.py:588} INFO - Filling up the DagBag from /home/airflow/.local/lib/python3.12/site-packages/airflow/example_dags/example_nested_branch_dag.py
[2024-10-28T18:14:06.975+0000] {processor.py:925} INFO - DAG(s) 'example_nested_branch_dag' retrieved from /home/airflow/.local/lib/python3.12/site-packages/airflow/example_dags/example_nested_branch_dag.py
[2024-10-28T18:14:06.988+0000] {logging_mixin.py:190} INFO - [2024-10-28T18:14:06.988+0000] {dag.py:3239} INFO - Sync 1 DAGs
[2024-10-28T18:14:07.004+0000] {logging_mixin.py:190} INFO - [2024-10-28T18:14:07.004+0000] {dag.py:4180} INFO - Setting next_dagrun for example_nested_branch_dag to 2024-10-27 00:00:00+00:00, run_after=2024-10-28 00:00:00+00:00
[2024-10-28T18:14:07.027+0000] {processor.py:208} INFO - Processing /home/airflow/.local/lib/python3.12/site-packages/airflow/example_dags/example_nested_branch_dag.py took 0.066 seconds
[2024-10-28T18:14:37.725+0000] {processor.py:186} INFO - Started process (PID=1483) to work on /home/airflow/.local/lib/python3.12/site-packages/airflow/example_dags/example_nested_branch_dag.py
[2024-10-28T18:14:37.726+0000] {processor.py:914} INFO - Processing file /home/airflow/.local/lib/python3.12/site-packages/airflow/example_dags/example_nested_branch_dag.py for tasks to queue
[2024-10-28T18:14:37.728+0000] {logging_mixin.py:190} INFO - [2024-10-28T18:14:37.728+0000] {dagbag.py:588} INFO - Filling up the DagBag from /home/airflow/.local/lib/python3.12/site-packages/airflow/example_dags/example_nested_branch_dag.py
[2024-10-28T18:14:37.737+0000] {processor.py:925} INFO - DAG(s) 'example_nested_branch_dag' retrieved from /home/airflow/.local/lib/python3.12/site-packages/airflow/example_dags/example_nested_branch_dag.py
[2024-10-28T18:14:37.756+0000] {logging_mixin.py:190} INFO - [2024-10-28T18:14:37.756+0000] {dag.py:3239} INFO - Sync 1 DAGs
[2024-10-28T18:14:37.775+0000] {logging_mixin.py:190} INFO - [2024-10-28T18:14:37.774+0000] {dag.py:4180} INFO - Setting next_dagrun for example_nested_branch_dag to 2024-10-27 00:00:00+00:00, run_after=2024-10-28 00:00:00+00:00
[2024-10-28T18:14:37.798+0000] {processor.py:208} INFO - Processing /home/airflow/.local/lib/python3.12/site-packages/airflow/example_dags/example_nested_branch_dag.py took 0.078 seconds
[2024-10-28T18:15:08.445+0000] {processor.py:186} INFO - Started process (PID=1549) to work on /home/airflow/.local/lib/python3.12/site-packages/airflow/example_dags/example_nested_branch_dag.py
[2024-10-28T18:15:08.446+0000] {processor.py:914} INFO - Processing file /home/airflow/.local/lib/python3.12/site-packages/airflow/example_dags/example_nested_branch_dag.py for tasks to queue
[2024-10-28T18:15:08.447+0000] {logging_mixin.py:190} INFO - [2024-10-28T18:15:08.447+0000] {dagbag.py:588} INFO - Filling up the DagBag from /home/airflow/.local/lib/python3.12/site-packages/airflow/example_dags/example_nested_branch_dag.py
[2024-10-28T18:15:08.455+0000] {processor.py:925} INFO - DAG(s) 'example_nested_branch_dag' retrieved from /home/airflow/.local/lib/python3.12/site-packages/airflow/example_dags/example_nested_branch_dag.py
[2024-10-28T18:15:08.470+0000] {logging_mixin.py:190} INFO - [2024-10-28T18:15:08.470+0000] {dag.py:3239} INFO - Sync 1 DAGs
[2024-10-28T18:15:08.485+0000] {logging_mixin.py:190} INFO - [2024-10-28T18:15:08.485+0000] {dag.py:4180} INFO - Setting next_dagrun for example_nested_branch_dag to 2024-10-27 00:00:00+00:00, run_after=2024-10-28 00:00:00+00:00
[2024-10-28T18:15:08.504+0000] {processor.py:208} INFO - Processing /home/airflow/.local/lib/python3.12/site-packages/airflow/example_dags/example_nested_branch_dag.py took 0.062 seconds
[2024-10-28T18:15:39.055+0000] {processor.py:186} INFO - Started process (PID=1615) to work on /home/airflow/.local/lib/python3.12/site-packages/airflow/example_dags/example_nested_branch_dag.py
[2024-10-28T18:15:39.055+0000] {processor.py:914} INFO - Processing file /home/airflow/.local/lib/python3.12/site-packages/airflow/example_dags/example_nested_branch_dag.py for tasks to queue
[2024-10-28T18:15:39.057+0000] {logging_mixin.py:190} INFO - [2024-10-28T18:15:39.057+0000] {dagbag.py:588} INFO - Filling up the DagBag from /home/airflow/.local/lib/python3.12/site-packages/airflow/example_dags/example_nested_branch_dag.py
[2024-10-28T18:15:39.065+0000] {processor.py:925} INFO - DAG(s) 'example_nested_branch_dag' retrieved from /home/airflow/.local/lib/python3.12/site-packages/airflow/example_dags/example_nested_branch_dag.py
[2024-10-28T18:15:39.079+0000] {logging_mixin.py:190} INFO - [2024-10-28T18:15:39.078+0000] {dag.py:3239} INFO - Sync 1 DAGs
[2024-10-28T18:15:39.094+0000] {logging_mixin.py:190} INFO - [2024-10-28T18:15:39.094+0000] {dag.py:4180} INFO - Setting next_dagrun for example_nested_branch_dag to 2024-10-27 00:00:00+00:00, run_after=2024-10-28 00:00:00+00:00
[2024-10-28T18:15:39.114+0000] {processor.py:208} INFO - Processing /home/airflow/.local/lib/python3.12/site-packages/airflow/example_dags/example_nested_branch_dag.py took 0.063 seconds
[2024-10-28T18:16:10.015+0000] {processor.py:186} INFO - Started process (PID=1681) to work on /home/airflow/.local/lib/python3.12/site-packages/airflow/example_dags/example_nested_branch_dag.py
[2024-10-28T18:16:10.017+0000] {processor.py:914} INFO - Processing file /home/airflow/.local/lib/python3.12/site-packages/airflow/example_dags/example_nested_branch_dag.py for tasks to queue
[2024-10-28T18:16:10.019+0000] {logging_mixin.py:190} INFO - [2024-10-28T18:16:10.019+0000] {dagbag.py:588} INFO - Filling up the DagBag from /home/airflow/.local/lib/python3.12/site-packages/airflow/example_dags/example_nested_branch_dag.py
[2024-10-28T18:16:10.026+0000] {processor.py:925} INFO - DAG(s) 'example_nested_branch_dag' retrieved from /home/airflow/.local/lib/python3.12/site-packages/airflow/example_dags/example_nested_branch_dag.py
[2024-10-28T18:16:10.042+0000] {logging_mixin.py:190} INFO - [2024-10-28T18:16:10.041+0000] {dag.py:3239} INFO - Sync 1 DAGs
[2024-10-28T18:16:10.059+0000] {logging_mixin.py:190} INFO - [2024-10-28T18:16:10.059+0000] {dag.py:4180} INFO - Setting next_dagrun for example_nested_branch_dag to 2024-10-27 00:00:00+00:00, run_after=2024-10-28 00:00:00+00:00
[2024-10-28T18:16:10.073+0000] {processor.py:208} INFO - Processing /home/airflow/.local/lib/python3.12/site-packages/airflow/example_dags/example_nested_branch_dag.py took 0.062 seconds
[2024-10-28T18:16:40.613+0000] {processor.py:186} INFO - Started process (PID=1747) to work on /home/airflow/.local/lib/python3.12/site-packages/airflow/example_dags/example_nested_branch_dag.py
[2024-10-28T18:16:40.614+0000] {processor.py:914} INFO - Processing file /home/airflow/.local/lib/python3.12/site-packages/airflow/example_dags/example_nested_branch_dag.py for tasks to queue
[2024-10-28T18:16:40.616+0000] {logging_mixin.py:190} INFO - [2024-10-28T18:16:40.616+0000] {dagbag.py:588} INFO - Filling up the DagBag from /home/airflow/.local/lib/python3.12/site-packages/airflow/example_dags/example_nested_branch_dag.py
[2024-10-28T18:16:40.624+0000] {processor.py:925} INFO - DAG(s) 'example_nested_branch_dag' retrieved from /home/airflow/.local/lib/python3.12/site-packages/airflow/example_dags/example_nested_branch_dag.py
[2024-10-28T18:16:40.640+0000] {logging_mixin.py:190} INFO - [2024-10-28T18:16:40.640+0000] {dag.py:3239} INFO - Sync 1 DAGs
[2024-10-28T18:16:40.657+0000] {logging_mixin.py:190} INFO - [2024-10-28T18:16:40.657+0000] {dag.py:4180} INFO - Setting next_dagrun for example_nested_branch_dag to 2024-10-27 00:00:00+00:00, run_after=2024-10-28 00:00:00+00:00
[2024-10-28T18:16:40.673+0000] {processor.py:208} INFO - Processing /home/airflow/.local/lib/python3.12/site-packages/airflow/example_dags/example_nested_branch_dag.py took 0.063 seconds
[2024-10-28T18:17:11.363+0000] {processor.py:186} INFO - Started process (PID=1813) to work on /home/airflow/.local/lib/python3.12/site-packages/airflow/example_dags/example_nested_branch_dag.py
[2024-10-28T18:17:11.364+0000] {processor.py:914} INFO - Processing file /home/airflow/.local/lib/python3.12/site-packages/airflow/example_dags/example_nested_branch_dag.py for tasks to queue
[2024-10-28T18:17:11.365+0000] {logging_mixin.py:190} INFO - [2024-10-28T18:17:11.365+0000] {dagbag.py:588} INFO - Filling up the DagBag from /home/airflow/.local/lib/python3.12/site-packages/airflow/example_dags/example_nested_branch_dag.py
[2024-10-28T18:17:11.373+0000] {processor.py:925} INFO - DAG(s) 'example_nested_branch_dag' retrieved from /home/airflow/.local/lib/python3.12/site-packages/airflow/example_dags/example_nested_branch_dag.py
[2024-10-28T18:17:11.389+0000] {logging_mixin.py:190} INFO - [2024-10-28T18:17:11.389+0000] {dag.py:3239} INFO - Sync 1 DAGs
[2024-10-28T18:17:11.404+0000] {logging_mixin.py:190} INFO - [2024-10-28T18:17:11.404+0000] {dag.py:4180} INFO - Setting next_dagrun for example_nested_branch_dag to 2024-10-27 00:00:00+00:00, run_after=2024-10-28 00:00:00+00:00
[2024-10-28T18:17:11.417+0000] {processor.py:208} INFO - Processing /home/airflow/.local/lib/python3.12/site-packages/airflow/example_dags/example_nested_branch_dag.py took 0.059 seconds
[2024-10-28T18:17:41.560+0000] {processor.py:186} INFO - Started process (PID=1878) to work on /home/airflow/.local/lib/python3.12/site-packages/airflow/example_dags/example_nested_branch_dag.py
[2024-10-28T18:17:41.561+0000] {processor.py:914} INFO - Processing file /home/airflow/.local/lib/python3.12/site-packages/airflow/example_dags/example_nested_branch_dag.py for tasks to queue
[2024-10-28T18:17:41.563+0000] {logging_mixin.py:190} INFO - [2024-10-28T18:17:41.562+0000] {dagbag.py:588} INFO - Filling up the DagBag from /home/airflow/.local/lib/python3.12/site-packages/airflow/example_dags/example_nested_branch_dag.py
[2024-10-28T18:17:41.571+0000] {processor.py:925} INFO - DAG(s) 'example_nested_branch_dag' retrieved from /home/airflow/.local/lib/python3.12/site-packages/airflow/example_dags/example_nested_branch_dag.py
[2024-10-28T18:17:41.586+0000] {logging_mixin.py:190} INFO - [2024-10-28T18:17:41.586+0000] {dag.py:3239} INFO - Sync 1 DAGs
[2024-10-28T18:17:41.603+0000] {logging_mixin.py:190} INFO - [2024-10-28T18:17:41.603+0000] {dag.py:4180} INFO - Setting next_dagrun for example_nested_branch_dag to 2024-10-27 00:00:00+00:00, run_after=2024-10-28 00:00:00+00:00
[2024-10-28T18:17:41.617+0000] {processor.py:208} INFO - Processing /home/airflow/.local/lib/python3.12/site-packages/airflow/example_dags/example_nested_branch_dag.py took 0.060 seconds
[2024-10-28T18:18:11.886+0000] {processor.py:186} INFO - Started process (PID=1944) to work on /home/airflow/.local/lib/python3.12/site-packages/airflow/example_dags/example_nested_branch_dag.py
[2024-10-28T18:18:11.887+0000] {processor.py:914} INFO - Processing file /home/airflow/.local/lib/python3.12/site-packages/airflow/example_dags/example_nested_branch_dag.py for tasks to queue
[2024-10-28T18:18:11.889+0000] {logging_mixin.py:190} INFO - [2024-10-28T18:18:11.889+0000] {dagbag.py:588} INFO - Filling up the DagBag from /home/airflow/.local/lib/python3.12/site-packages/airflow/example_dags/example_nested_branch_dag.py
[2024-10-28T18:18:11.898+0000] {processor.py:925} INFO - DAG(s) 'example_nested_branch_dag' retrieved from /home/airflow/.local/lib/python3.12/site-packages/airflow/example_dags/example_nested_branch_dag.py
[2024-10-28T18:18:11.913+0000] {logging_mixin.py:190} INFO - [2024-10-28T18:18:11.913+0000] {dag.py:3239} INFO - Sync 1 DAGs
[2024-10-28T18:18:11.930+0000] {logging_mixin.py:190} INFO - [2024-10-28T18:18:11.930+0000] {dag.py:4180} INFO - Setting next_dagrun for example_nested_branch_dag to 2024-10-27 00:00:00+00:00, run_after=2024-10-28 00:00:00+00:00
[2024-10-28T18:18:11.949+0000] {processor.py:208} INFO - Processing /home/airflow/.local/lib/python3.12/site-packages/airflow/example_dags/example_nested_branch_dag.py took 0.067 seconds
[2024-10-28T18:18:42.897+0000] {processor.py:186} INFO - Started process (PID=2010) to work on /home/airflow/.local/lib/python3.12/site-packages/airflow/example_dags/example_nested_branch_dag.py
[2024-10-28T18:18:42.898+0000] {processor.py:914} INFO - Processing file /home/airflow/.local/lib/python3.12/site-packages/airflow/example_dags/example_nested_branch_dag.py for tasks to queue
[2024-10-28T18:18:42.900+0000] {logging_mixin.py:190} INFO - [2024-10-28T18:18:42.900+0000] {dagbag.py:588} INFO - Filling up the DagBag from /home/airflow/.local/lib/python3.12/site-packages/airflow/example_dags/example_nested_branch_dag.py
[2024-10-28T18:18:42.908+0000] {processor.py:925} INFO - DAG(s) 'example_nested_branch_dag' retrieved from /home/airflow/.local/lib/python3.12/site-packages/airflow/example_dags/example_nested_branch_dag.py
[2024-10-28T18:18:42.924+0000] {logging_mixin.py:190} INFO - [2024-10-28T18:18:42.923+0000] {dag.py:3239} INFO - Sync 1 DAGs
[2024-10-28T18:18:42.941+0000] {logging_mixin.py:190} INFO - [2024-10-28T18:18:42.941+0000] {dag.py:4180} INFO - Setting next_dagrun for example_nested_branch_dag to 2024-10-27 00:00:00+00:00, run_after=2024-10-28 00:00:00+00:00
[2024-10-28T18:18:42.955+0000] {processor.py:208} INFO - Processing /home/airflow/.local/lib/python3.12/site-packages/airflow/example_dags/example_nested_branch_dag.py took 0.062 seconds
[2024-10-28T18:19:13.916+0000] {processor.py:186} INFO - Started process (PID=2076) to work on /home/airflow/.local/lib/python3.12/site-packages/airflow/example_dags/example_nested_branch_dag.py
[2024-10-28T18:19:13.917+0000] {processor.py:914} INFO - Processing file /home/airflow/.local/lib/python3.12/site-packages/airflow/example_dags/example_nested_branch_dag.py for tasks to queue
[2024-10-28T18:19:13.919+0000] {logging_mixin.py:190} INFO - [2024-10-28T18:19:13.919+0000] {dagbag.py:588} INFO - Filling up the DagBag from /home/airflow/.local/lib/python3.12/site-packages/airflow/example_dags/example_nested_branch_dag.py
[2024-10-28T18:19:13.927+0000] {processor.py:925} INFO - DAG(s) 'example_nested_branch_dag' retrieved from /home/airflow/.local/lib/python3.12/site-packages/airflow/example_dags/example_nested_branch_dag.py
[2024-10-28T18:19:13.944+0000] {logging_mixin.py:190} INFO - [2024-10-28T18:19:13.944+0000] {dag.py:3239} INFO - Sync 1 DAGs
[2024-10-28T18:19:13.965+0000] {logging_mixin.py:190} INFO - [2024-10-28T18:19:13.965+0000] {dag.py:4180} INFO - Setting next_dagrun for example_nested_branch_dag to 2024-10-27 00:00:00+00:00, run_after=2024-10-28 00:00:00+00:00
[2024-10-28T18:19:13.991+0000] {processor.py:208} INFO - Processing /home/airflow/.local/lib/python3.12/site-packages/airflow/example_dags/example_nested_branch_dag.py took 0.079 seconds
[2024-10-28T18:19:44.112+0000] {processor.py:186} INFO - Started process (PID=2143) to work on /home/airflow/.local/lib/python3.12/site-packages/airflow/example_dags/example_nested_branch_dag.py
[2024-10-28T18:19:44.113+0000] {processor.py:914} INFO - Processing file /home/airflow/.local/lib/python3.12/site-packages/airflow/example_dags/example_nested_branch_dag.py for tasks to queue
[2024-10-28T18:19:44.115+0000] {logging_mixin.py:190} INFO - [2024-10-28T18:19:44.115+0000] {dagbag.py:588} INFO - Filling up the DagBag from /home/airflow/.local/lib/python3.12/site-packages/airflow/example_dags/example_nested_branch_dag.py
[2024-10-28T18:19:44.123+0000] {processor.py:925} INFO - DAG(s) 'example_nested_branch_dag' retrieved from /home/airflow/.local/lib/python3.12/site-packages/airflow/example_dags/example_nested_branch_dag.py
[2024-10-28T18:19:44.141+0000] {logging_mixin.py:190} INFO - [2024-10-28T18:19:44.141+0000] {dag.py:3239} INFO - Sync 1 DAGs
[2024-10-28T18:19:44.160+0000] {logging_mixin.py:190} INFO - [2024-10-28T18:19:44.160+0000] {dag.py:4180} INFO - Setting next_dagrun for example_nested_branch_dag to 2024-10-27 00:00:00+00:00, run_after=2024-10-28 00:00:00+00:00
[2024-10-28T18:19:44.186+0000] {processor.py:208} INFO - Processing /home/airflow/.local/lib/python3.12/site-packages/airflow/example_dags/example_nested_branch_dag.py took 0.078 seconds
[2024-10-28T18:20:15.091+0000] {processor.py:186} INFO - Started process (PID=2209) to work on /home/airflow/.local/lib/python3.12/site-packages/airflow/example_dags/example_nested_branch_dag.py
[2024-10-28T18:20:15.092+0000] {processor.py:914} INFO - Processing file /home/airflow/.local/lib/python3.12/site-packages/airflow/example_dags/example_nested_branch_dag.py for tasks to queue
[2024-10-28T18:20:15.094+0000] {logging_mixin.py:190} INFO - [2024-10-28T18:20:15.094+0000] {dagbag.py:588} INFO - Filling up the DagBag from /home/airflow/.local/lib/python3.12/site-packages/airflow/example_dags/example_nested_branch_dag.py
[2024-10-28T18:20:15.102+0000] {processor.py:925} INFO - DAG(s) 'example_nested_branch_dag' retrieved from /home/airflow/.local/lib/python3.12/site-packages/airflow/example_dags/example_nested_branch_dag.py
[2024-10-28T18:20:15.117+0000] {logging_mixin.py:190} INFO - [2024-10-28T18:20:15.117+0000] {dag.py:3239} INFO - Sync 1 DAGs
[2024-10-28T18:20:15.135+0000] {logging_mixin.py:190} INFO - [2024-10-28T18:20:15.135+0000] {dag.py:4180} INFO - Setting next_dagrun for example_nested_branch_dag to 2024-10-27 00:00:00+00:00, run_after=2024-10-28 00:00:00+00:00
[2024-10-28T18:20:15.151+0000] {processor.py:208} INFO - Processing /home/airflow/.local/lib/python3.12/site-packages/airflow/example_dags/example_nested_branch_dag.py took 0.063 seconds
[2024-10-28T18:20:45.514+0000] {processor.py:186} INFO - Started process (PID=2275) to work on /home/airflow/.local/lib/python3.12/site-packages/airflow/example_dags/example_nested_branch_dag.py
[2024-10-28T18:20:45.515+0000] {processor.py:914} INFO - Processing file /home/airflow/.local/lib/python3.12/site-packages/airflow/example_dags/example_nested_branch_dag.py for tasks to queue
[2024-10-28T18:20:45.517+0000] {logging_mixin.py:190} INFO - [2024-10-28T18:20:45.516+0000] {dagbag.py:588} INFO - Filling up the DagBag from /home/airflow/.local/lib/python3.12/site-packages/airflow/example_dags/example_nested_branch_dag.py
[2024-10-28T18:20:45.526+0000] {processor.py:925} INFO - DAG(s) 'example_nested_branch_dag' retrieved from /home/airflow/.local/lib/python3.12/site-packages/airflow/example_dags/example_nested_branch_dag.py
[2024-10-28T18:20:45.543+0000] {logging_mixin.py:190} INFO - [2024-10-28T18:20:45.543+0000] {dag.py:3239} INFO - Sync 1 DAGs
[2024-10-28T18:20:45.564+0000] {logging_mixin.py:190} INFO - [2024-10-28T18:20:45.564+0000] {dag.py:4180} INFO - Setting next_dagrun for example_nested_branch_dag to 2024-10-27 00:00:00+00:00, run_after=2024-10-28 00:00:00+00:00
[2024-10-28T18:20:45.586+0000] {processor.py:208} INFO - Processing /home/airflow/.local/lib/python3.12/site-packages/airflow/example_dags/example_nested_branch_dag.py took 0.076 seconds
[2024-10-28T18:21:16.598+0000] {processor.py:186} INFO - Started process (PID=2341) to work on /home/airflow/.local/lib/python3.12/site-packages/airflow/example_dags/example_nested_branch_dag.py
[2024-10-28T18:21:16.599+0000] {processor.py:914} INFO - Processing file /home/airflow/.local/lib/python3.12/site-packages/airflow/example_dags/example_nested_branch_dag.py for tasks to queue
[2024-10-28T18:21:16.602+0000] {logging_mixin.py:190} INFO - [2024-10-28T18:21:16.601+0000] {dagbag.py:588} INFO - Filling up the DagBag from /home/airflow/.local/lib/python3.12/site-packages/airflow/example_dags/example_nested_branch_dag.py
[2024-10-28T18:21:16.612+0000] {processor.py:925} INFO - DAG(s) 'example_nested_branch_dag' retrieved from /home/airflow/.local/lib/python3.12/site-packages/airflow/example_dags/example_nested_branch_dag.py
[2024-10-28T18:21:16.630+0000] {logging_mixin.py:190} INFO - [2024-10-28T18:21:16.630+0000] {dag.py:3239} INFO - Sync 1 DAGs
[2024-10-28T18:21:16.650+0000] {logging_mixin.py:190} INFO - [2024-10-28T18:21:16.649+0000] {dag.py:4180} INFO - Setting next_dagrun for example_nested_branch_dag to 2024-10-27 00:00:00+00:00, run_after=2024-10-28 00:00:00+00:00
[2024-10-28T18:21:16.675+0000] {processor.py:208} INFO - Processing /home/airflow/.local/lib/python3.12/site-packages/airflow/example_dags/example_nested_branch_dag.py took 0.084 seconds
[2024-10-28T18:21:46.790+0000] {processor.py:186} INFO - Started process (PID=2407) to work on /home/airflow/.local/lib/python3.12/site-packages/airflow/example_dags/example_nested_branch_dag.py
[2024-10-28T18:21:46.791+0000] {processor.py:914} INFO - Processing file /home/airflow/.local/lib/python3.12/site-packages/airflow/example_dags/example_nested_branch_dag.py for tasks to queue
[2024-10-28T18:21:46.792+0000] {logging_mixin.py:190} INFO - [2024-10-28T18:21:46.792+0000] {dagbag.py:588} INFO - Filling up the DagBag from /home/airflow/.local/lib/python3.12/site-packages/airflow/example_dags/example_nested_branch_dag.py
[2024-10-28T18:21:46.800+0000] {processor.py:925} INFO - DAG(s) 'example_nested_branch_dag' retrieved from /home/airflow/.local/lib/python3.12/site-packages/airflow/example_dags/example_nested_branch_dag.py
[2024-10-28T18:21:46.818+0000] {logging_mixin.py:190} INFO - [2024-10-28T18:21:46.817+0000] {dag.py:3239} INFO - Sync 1 DAGs
[2024-10-28T18:21:46.835+0000] {logging_mixin.py:190} INFO - [2024-10-28T18:21:46.835+0000] {dag.py:4180} INFO - Setting next_dagrun for example_nested_branch_dag to 2024-10-27 00:00:00+00:00, run_after=2024-10-28 00:00:00+00:00
[2024-10-28T18:21:46.859+0000] {processor.py:208} INFO - Processing /home/airflow/.local/lib/python3.12/site-packages/airflow/example_dags/example_nested_branch_dag.py took 0.074 seconds
[2024-10-28T18:22:17.024+0000] {processor.py:186} INFO - Started process (PID=2472) to work on /home/airflow/.local/lib/python3.12/site-packages/airflow/example_dags/example_nested_branch_dag.py
[2024-10-28T18:22:17.025+0000] {processor.py:914} INFO - Processing file /home/airflow/.local/lib/python3.12/site-packages/airflow/example_dags/example_nested_branch_dag.py for tasks to queue
[2024-10-28T18:22:17.028+0000] {logging_mixin.py:190} INFO - [2024-10-28T18:22:17.027+0000] {dagbag.py:588} INFO - Filling up the DagBag from /home/airflow/.local/lib/python3.12/site-packages/airflow/example_dags/example_nested_branch_dag.py
[2024-10-28T18:22:17.036+0000] {processor.py:925} INFO - DAG(s) 'example_nested_branch_dag' retrieved from /home/airflow/.local/lib/python3.12/site-packages/airflow/example_dags/example_nested_branch_dag.py
[2024-10-28T18:22:17.057+0000] {logging_mixin.py:190} INFO - [2024-10-28T18:22:17.056+0000] {dag.py:3239} INFO - Sync 1 DAGs
[2024-10-28T18:22:17.074+0000] {logging_mixin.py:190} INFO - [2024-10-28T18:22:17.074+0000] {dag.py:4180} INFO - Setting next_dagrun for example_nested_branch_dag to 2024-10-27 00:00:00+00:00, run_after=2024-10-28 00:00:00+00:00
[2024-10-28T18:22:17.096+0000] {processor.py:208} INFO - Processing /home/airflow/.local/lib/python3.12/site-packages/airflow/example_dags/example_nested_branch_dag.py took 0.077 seconds
[2024-10-28T18:22:47.256+0000] {processor.py:186} INFO - Started process (PID=2538) to work on /home/airflow/.local/lib/python3.12/site-packages/airflow/example_dags/example_nested_branch_dag.py
[2024-10-28T18:22:47.257+0000] {processor.py:914} INFO - Processing file /home/airflow/.local/lib/python3.12/site-packages/airflow/example_dags/example_nested_branch_dag.py for tasks to queue
[2024-10-28T18:22:47.259+0000] {logging_mixin.py:190} INFO - [2024-10-28T18:22:47.259+0000] {dagbag.py:588} INFO - Filling up the DagBag from /home/airflow/.local/lib/python3.12/site-packages/airflow/example_dags/example_nested_branch_dag.py
[2024-10-28T18:22:47.266+0000] {processor.py:925} INFO - DAG(s) 'example_nested_branch_dag' retrieved from /home/airflow/.local/lib/python3.12/site-packages/airflow/example_dags/example_nested_branch_dag.py
[2024-10-28T18:22:47.291+0000] {logging_mixin.py:190} INFO - [2024-10-28T18:22:47.289+0000] {dag.py:3239} INFO - Sync 1 DAGs
[2024-10-28T18:22:47.311+0000] {logging_mixin.py:190} INFO - [2024-10-28T18:22:47.311+0000] {dag.py:4180} INFO - Setting next_dagrun for example_nested_branch_dag to 2024-10-27 00:00:00+00:00, run_after=2024-10-28 00:00:00+00:00
[2024-10-28T18:22:47.333+0000] {processor.py:208} INFO - Processing /home/airflow/.local/lib/python3.12/site-packages/airflow/example_dags/example_nested_branch_dag.py took 0.081 seconds
[2024-10-28T18:23:17.384+0000] {processor.py:186} INFO - Started process (PID=2604) to work on /home/airflow/.local/lib/python3.12/site-packages/airflow/example_dags/example_nested_branch_dag.py
[2024-10-28T18:23:17.384+0000] {processor.py:914} INFO - Processing file /home/airflow/.local/lib/python3.12/site-packages/airflow/example_dags/example_nested_branch_dag.py for tasks to queue
[2024-10-28T18:23:17.387+0000] {logging_mixin.py:190} INFO - [2024-10-28T18:23:17.386+0000] {dagbag.py:588} INFO - Filling up the DagBag from /home/airflow/.local/lib/python3.12/site-packages/airflow/example_dags/example_nested_branch_dag.py
[2024-10-28T18:23:17.394+0000] {processor.py:925} INFO - DAG(s) 'example_nested_branch_dag' retrieved from /home/airflow/.local/lib/python3.12/site-packages/airflow/example_dags/example_nested_branch_dag.py
[2024-10-28T18:23:17.419+0000] {logging_mixin.py:190} INFO - [2024-10-28T18:23:17.419+0000] {dag.py:3239} INFO - Sync 1 DAGs
[2024-10-28T18:23:17.440+0000] {logging_mixin.py:190} INFO - [2024-10-28T18:23:17.440+0000] {dag.py:4180} INFO - Setting next_dagrun for example_nested_branch_dag to 2024-10-27 00:00:00+00:00, run_after=2024-10-28 00:00:00+00:00
[2024-10-28T18:23:17.462+0000] {processor.py:208} INFO - Processing /home/airflow/.local/lib/python3.12/site-packages/airflow/example_dags/example_nested_branch_dag.py took 0.083 seconds
[2024-10-28T18:23:47.688+0000] {processor.py:186} INFO - Started process (PID=2670) to work on /home/airflow/.local/lib/python3.12/site-packages/airflow/example_dags/example_nested_branch_dag.py
[2024-10-28T18:23:47.689+0000] {processor.py:914} INFO - Processing file /home/airflow/.local/lib/python3.12/site-packages/airflow/example_dags/example_nested_branch_dag.py for tasks to queue
[2024-10-28T18:23:47.691+0000] {logging_mixin.py:190} INFO - [2024-10-28T18:23:47.690+0000] {dagbag.py:588} INFO - Filling up the DagBag from /home/airflow/.local/lib/python3.12/site-packages/airflow/example_dags/example_nested_branch_dag.py
[2024-10-28T18:23:47.699+0000] {processor.py:925} INFO - DAG(s) 'example_nested_branch_dag' retrieved from /home/airflow/.local/lib/python3.12/site-packages/airflow/example_dags/example_nested_branch_dag.py
[2024-10-28T18:23:47.714+0000] {logging_mixin.py:190} INFO - [2024-10-28T18:23:47.713+0000] {dag.py:3239} INFO - Sync 1 DAGs
[2024-10-28T18:23:47.731+0000] {logging_mixin.py:190} INFO - [2024-10-28T18:23:47.731+0000] {dag.py:4180} INFO - Setting next_dagrun for example_nested_branch_dag to 2024-10-27 00:00:00+00:00, run_after=2024-10-28 00:00:00+00:00
[2024-10-28T18:23:47.753+0000] {processor.py:208} INFO - Processing /home/airflow/.local/lib/python3.12/site-packages/airflow/example_dags/example_nested_branch_dag.py took 0.070 seconds
[2024-10-28T18:24:18.004+0000] {processor.py:186} INFO - Started process (PID=2736) to work on /home/airflow/.local/lib/python3.12/site-packages/airflow/example_dags/example_nested_branch_dag.py
[2024-10-28T18:24:18.005+0000] {processor.py:914} INFO - Processing file /home/airflow/.local/lib/python3.12/site-packages/airflow/example_dags/example_nested_branch_dag.py for tasks to queue
[2024-10-28T18:24:18.008+0000] {logging_mixin.py:190} INFO - [2024-10-28T18:24:18.008+0000] {dagbag.py:588} INFO - Filling up the DagBag from /home/airflow/.local/lib/python3.12/site-packages/airflow/example_dags/example_nested_branch_dag.py
[2024-10-28T18:24:18.015+0000] {processor.py:925} INFO - DAG(s) 'example_nested_branch_dag' retrieved from /home/airflow/.local/lib/python3.12/site-packages/airflow/example_dags/example_nested_branch_dag.py
[2024-10-28T18:24:18.030+0000] {logging_mixin.py:190} INFO - [2024-10-28T18:24:18.030+0000] {dag.py:3239} INFO - Sync 1 DAGs
[2024-10-28T18:24:18.047+0000] {logging_mixin.py:190} INFO - [2024-10-28T18:24:18.047+0000] {dag.py:4180} INFO - Setting next_dagrun for example_nested_branch_dag to 2024-10-27 00:00:00+00:00, run_after=2024-10-28 00:00:00+00:00
[2024-10-28T18:24:18.060+0000] {processor.py:208} INFO - Processing /home/airflow/.local/lib/python3.12/site-packages/airflow/example_dags/example_nested_branch_dag.py took 0.059 seconds
[2024-10-28T18:24:49.003+0000] {processor.py:186} INFO - Started process (PID=2802) to work on /home/airflow/.local/lib/python3.12/site-packages/airflow/example_dags/example_nested_branch_dag.py
[2024-10-28T18:24:49.004+0000] {processor.py:914} INFO - Processing file /home/airflow/.local/lib/python3.12/site-packages/airflow/example_dags/example_nested_branch_dag.py for tasks to queue
[2024-10-28T18:24:49.006+0000] {logging_mixin.py:190} INFO - [2024-10-28T18:24:49.006+0000] {dagbag.py:588} INFO - Filling up the DagBag from /home/airflow/.local/lib/python3.12/site-packages/airflow/example_dags/example_nested_branch_dag.py
[2024-10-28T18:24:49.013+0000] {processor.py:925} INFO - DAG(s) 'example_nested_branch_dag' retrieved from /home/airflow/.local/lib/python3.12/site-packages/airflow/example_dags/example_nested_branch_dag.py
[2024-10-28T18:24:49.027+0000] {logging_mixin.py:190} INFO - [2024-10-28T18:24:49.027+0000] {dag.py:3239} INFO - Sync 1 DAGs
[2024-10-28T18:24:49.042+0000] {logging_mixin.py:190} INFO - [2024-10-28T18:24:49.042+0000] {dag.py:4180} INFO - Setting next_dagrun for example_nested_branch_dag to 2024-10-27 00:00:00+00:00, run_after=2024-10-28 00:00:00+00:00
[2024-10-28T18:24:49.068+0000] {processor.py:208} INFO - Processing /home/airflow/.local/lib/python3.12/site-packages/airflow/example_dags/example_nested_branch_dag.py took 0.070 seconds
