[2024-10-28T18:03:58.954+0000] {processor.py:186} INFO - Started process (PID=127) to work on /home/airflow/.local/lib/python3.12/site-packages/airflow/example_dags/example_latest_only_with_trigger.py
[2024-10-28T18:03:58.956+0000] {processor.py:914} INFO - Processing file /home/airflow/.local/lib/python3.12/site-packages/airflow/example_dags/example_latest_only_with_trigger.py for tasks to queue
[2024-10-28T18:03:58.959+0000] {logging_mixin.py:190} INFO - [2024-10-28T18:03:58.959+0000] {dagbag.py:588} INFO - Filling up the DagBag from /home/airflow/.local/lib/python3.12/site-packages/airflow/example_dags/example_latest_only_with_trigger.py
[2024-10-28T18:03:58.969+0000] {processor.py:925} INFO - DAG(s) 'latest_only_with_trigger' retrieved from /home/airflow/.local/lib/python3.12/site-packages/airflow/example_dags/example_latest_only_with_trigger.py
[2024-10-28T18:03:58.997+0000] {logging_mixin.py:190} INFO - [2024-10-28T18:03:58.996+0000] {dag.py:3239} INFO - Sync 1 DAGs
[2024-10-28T18:03:59.028+0000] {logging_mixin.py:190} INFO - [2024-10-28T18:03:59.027+0000] {dag.py:4180} INFO - Setting next_dagrun for latest_only_with_trigger to 2024-10-28 12:00:00+00:00, run_after=2024-10-28 16:00:00+00:00
[2024-10-28T18:03:59.058+0000] {processor.py:208} INFO - Processing /home/airflow/.local/lib/python3.12/site-packages/airflow/example_dags/example_latest_only_with_trigger.py took 0.110 seconds
[2024-10-28T18:04:29.449+0000] {processor.py:186} INFO - Started process (PID=193) to work on /home/airflow/.local/lib/python3.12/site-packages/airflow/example_dags/example_latest_only_with_trigger.py
[2024-10-28T18:04:29.450+0000] {processor.py:914} INFO - Processing file /home/airflow/.local/lib/python3.12/site-packages/airflow/example_dags/example_latest_only_with_trigger.py for tasks to queue
[2024-10-28T18:04:29.452+0000] {logging_mixin.py:190} INFO - [2024-10-28T18:04:29.452+0000] {dagbag.py:588} INFO - Filling up the DagBag from /home/airflow/.local/lib/python3.12/site-packages/airflow/example_dags/example_latest_only_with_trigger.py
[2024-10-28T18:04:29.458+0000] {processor.py:925} INFO - DAG(s) 'latest_only_with_trigger' retrieved from /home/airflow/.local/lib/python3.12/site-packages/airflow/example_dags/example_latest_only_with_trigger.py
[2024-10-28T18:04:29.473+0000] {logging_mixin.py:190} INFO - [2024-10-28T18:04:29.473+0000] {dag.py:3239} INFO - Sync 1 DAGs
[2024-10-28T18:04:29.490+0000] {logging_mixin.py:190} INFO - [2024-10-28T18:04:29.490+0000] {dag.py:4180} INFO - Setting next_dagrun for latest_only_with_trigger to 2024-10-28 12:00:00+00:00, run_after=2024-10-28 16:00:00+00:00
[2024-10-28T18:04:29.504+0000] {processor.py:208} INFO - Processing /home/airflow/.local/lib/python3.12/site-packages/airflow/example_dags/example_latest_only_with_trigger.py took 0.059 seconds
[2024-10-28T18:05:00.761+0000] {processor.py:186} INFO - Started process (PID=259) to work on /home/airflow/.local/lib/python3.12/site-packages/airflow/example_dags/example_latest_only_with_trigger.py
[2024-10-28T18:05:00.762+0000] {processor.py:914} INFO - Processing file /home/airflow/.local/lib/python3.12/site-packages/airflow/example_dags/example_latest_only_with_trigger.py for tasks to queue
[2024-10-28T18:05:00.764+0000] {logging_mixin.py:190} INFO - [2024-10-28T18:05:00.764+0000] {dagbag.py:588} INFO - Filling up the DagBag from /home/airflow/.local/lib/python3.12/site-packages/airflow/example_dags/example_latest_only_with_trigger.py
[2024-10-28T18:05:00.770+0000] {processor.py:925} INFO - DAG(s) 'latest_only_with_trigger' retrieved from /home/airflow/.local/lib/python3.12/site-packages/airflow/example_dags/example_latest_only_with_trigger.py
[2024-10-28T18:05:00.786+0000] {logging_mixin.py:190} INFO - [2024-10-28T18:05:00.785+0000] {dag.py:3239} INFO - Sync 1 DAGs
[2024-10-28T18:05:00.804+0000] {logging_mixin.py:190} INFO - [2024-10-28T18:05:00.803+0000] {dag.py:4180} INFO - Setting next_dagrun for latest_only_with_trigger to 2024-10-28 12:00:00+00:00, run_after=2024-10-28 16:00:00+00:00
[2024-10-28T18:05:00.818+0000] {processor.py:208} INFO - Processing /home/airflow/.local/lib/python3.12/site-packages/airflow/example_dags/example_latest_only_with_trigger.py took 0.061 seconds
[2024-10-28T18:05:31.112+0000] {processor.py:186} INFO - Started process (PID=325) to work on /home/airflow/.local/lib/python3.12/site-packages/airflow/example_dags/example_latest_only_with_trigger.py
[2024-10-28T18:05:31.113+0000] {processor.py:914} INFO - Processing file /home/airflow/.local/lib/python3.12/site-packages/airflow/example_dags/example_latest_only_with_trigger.py for tasks to queue
[2024-10-28T18:05:31.114+0000] {logging_mixin.py:190} INFO - [2024-10-28T18:05:31.114+0000] {dagbag.py:588} INFO - Filling up the DagBag from /home/airflow/.local/lib/python3.12/site-packages/airflow/example_dags/example_latest_only_with_trigger.py
[2024-10-28T18:05:31.119+0000] {processor.py:925} INFO - DAG(s) 'latest_only_with_trigger' retrieved from /home/airflow/.local/lib/python3.12/site-packages/airflow/example_dags/example_latest_only_with_trigger.py
[2024-10-28T18:05:31.133+0000] {logging_mixin.py:190} INFO - [2024-10-28T18:05:31.133+0000] {dag.py:3239} INFO - Sync 1 DAGs
[2024-10-28T18:05:31.149+0000] {logging_mixin.py:190} INFO - [2024-10-28T18:05:31.148+0000] {dag.py:4180} INFO - Setting next_dagrun for latest_only_with_trigger to 2024-10-28 12:00:00+00:00, run_after=2024-10-28 16:00:00+00:00
[2024-10-28T18:05:31.173+0000] {processor.py:208} INFO - Processing /home/airflow/.local/lib/python3.12/site-packages/airflow/example_dags/example_latest_only_with_trigger.py took 0.065 seconds
[2024-10-28T18:06:02.004+0000] {processor.py:186} INFO - Started process (PID=391) to work on /home/airflow/.local/lib/python3.12/site-packages/airflow/example_dags/example_latest_only_with_trigger.py
[2024-10-28T18:06:02.005+0000] {processor.py:914} INFO - Processing file /home/airflow/.local/lib/python3.12/site-packages/airflow/example_dags/example_latest_only_with_trigger.py for tasks to queue
[2024-10-28T18:06:02.008+0000] {logging_mixin.py:190} INFO - [2024-10-28T18:06:02.007+0000] {dagbag.py:588} INFO - Filling up the DagBag from /home/airflow/.local/lib/python3.12/site-packages/airflow/example_dags/example_latest_only_with_trigger.py
[2024-10-28T18:06:02.013+0000] {processor.py:925} INFO - DAG(s) 'latest_only_with_trigger' retrieved from /home/airflow/.local/lib/python3.12/site-packages/airflow/example_dags/example_latest_only_with_trigger.py
[2024-10-28T18:06:02.028+0000] {logging_mixin.py:190} INFO - [2024-10-28T18:06:02.028+0000] {dag.py:3239} INFO - Sync 1 DAGs
[2024-10-28T18:06:02.048+0000] {logging_mixin.py:190} INFO - [2024-10-28T18:06:02.048+0000] {dag.py:4180} INFO - Setting next_dagrun for latest_only_with_trigger to 2024-10-28 12:00:00+00:00, run_after=2024-10-28 16:00:00+00:00
[2024-10-28T18:06:02.066+0000] {processor.py:208} INFO - Processing /home/airflow/.local/lib/python3.12/site-packages/airflow/example_dags/example_latest_only_with_trigger.py took 0.066 seconds
[2024-10-28T18:06:32.762+0000] {processor.py:186} INFO - Started process (PID=457) to work on /home/airflow/.local/lib/python3.12/site-packages/airflow/example_dags/example_latest_only_with_trigger.py
[2024-10-28T18:06:32.763+0000] {processor.py:914} INFO - Processing file /home/airflow/.local/lib/python3.12/site-packages/airflow/example_dags/example_latest_only_with_trigger.py for tasks to queue
[2024-10-28T18:06:32.765+0000] {logging_mixin.py:190} INFO - [2024-10-28T18:06:32.765+0000] {dagbag.py:588} INFO - Filling up the DagBag from /home/airflow/.local/lib/python3.12/site-packages/airflow/example_dags/example_latest_only_with_trigger.py
[2024-10-28T18:06:32.771+0000] {processor.py:925} INFO - DAG(s) 'latest_only_with_trigger' retrieved from /home/airflow/.local/lib/python3.12/site-packages/airflow/example_dags/example_latest_only_with_trigger.py
[2024-10-28T18:06:32.786+0000] {logging_mixin.py:190} INFO - [2024-10-28T18:06:32.786+0000] {dag.py:3239} INFO - Sync 1 DAGs
[2024-10-28T18:06:32.802+0000] {logging_mixin.py:190} INFO - [2024-10-28T18:06:32.801+0000] {dag.py:4180} INFO - Setting next_dagrun for latest_only_with_trigger to 2024-10-28 12:00:00+00:00, run_after=2024-10-28 16:00:00+00:00
[2024-10-28T18:06:32.824+0000] {processor.py:208} INFO - Processing /home/airflow/.local/lib/python3.12/site-packages/airflow/example_dags/example_latest_only_with_trigger.py took 0.066 seconds
[2024-10-28T18:07:03.510+0000] {processor.py:186} INFO - Started process (PID=523) to work on /home/airflow/.local/lib/python3.12/site-packages/airflow/example_dags/example_latest_only_with_trigger.py
[2024-10-28T18:07:03.511+0000] {processor.py:914} INFO - Processing file /home/airflow/.local/lib/python3.12/site-packages/airflow/example_dags/example_latest_only_with_trigger.py for tasks to queue
[2024-10-28T18:07:03.512+0000] {logging_mixin.py:190} INFO - [2024-10-28T18:07:03.512+0000] {dagbag.py:588} INFO - Filling up the DagBag from /home/airflow/.local/lib/python3.12/site-packages/airflow/example_dags/example_latest_only_with_trigger.py
[2024-10-28T18:07:03.517+0000] {processor.py:925} INFO - DAG(s) 'latest_only_with_trigger' retrieved from /home/airflow/.local/lib/python3.12/site-packages/airflow/example_dags/example_latest_only_with_trigger.py
[2024-10-28T18:07:03.535+0000] {logging_mixin.py:190} INFO - [2024-10-28T18:07:03.534+0000] {dag.py:3239} INFO - Sync 1 DAGs
[2024-10-28T18:07:03.551+0000] {logging_mixin.py:190} INFO - [2024-10-28T18:07:03.551+0000] {dag.py:4180} INFO - Setting next_dagrun for latest_only_with_trigger to 2024-10-28 12:00:00+00:00, run_after=2024-10-28 16:00:00+00:00
[2024-10-28T18:07:03.569+0000] {processor.py:208} INFO - Processing /home/airflow/.local/lib/python3.12/site-packages/airflow/example_dags/example_latest_only_with_trigger.py took 0.063 seconds
[2024-10-28T18:07:34.547+0000] {processor.py:186} INFO - Started process (PID=589) to work on /home/airflow/.local/lib/python3.12/site-packages/airflow/example_dags/example_latest_only_with_trigger.py
[2024-10-28T18:07:34.548+0000] {processor.py:914} INFO - Processing file /home/airflow/.local/lib/python3.12/site-packages/airflow/example_dags/example_latest_only_with_trigger.py for tasks to queue
[2024-10-28T18:07:34.550+0000] {logging_mixin.py:190} INFO - [2024-10-28T18:07:34.550+0000] {dagbag.py:588} INFO - Filling up the DagBag from /home/airflow/.local/lib/python3.12/site-packages/airflow/example_dags/example_latest_only_with_trigger.py
[2024-10-28T18:07:34.556+0000] {processor.py:925} INFO - DAG(s) 'latest_only_with_trigger' retrieved from /home/airflow/.local/lib/python3.12/site-packages/airflow/example_dags/example_latest_only_with_trigger.py
[2024-10-28T18:07:34.575+0000] {logging_mixin.py:190} INFO - [2024-10-28T18:07:34.575+0000] {dag.py:3239} INFO - Sync 1 DAGs
[2024-10-28T18:07:34.594+0000] {logging_mixin.py:190} INFO - [2024-10-28T18:07:34.594+0000] {dag.py:4180} INFO - Setting next_dagrun for latest_only_with_trigger to 2024-10-28 12:00:00+00:00, run_after=2024-10-28 16:00:00+00:00
[2024-10-28T18:07:34.619+0000] {processor.py:208} INFO - Processing /home/airflow/.local/lib/python3.12/site-packages/airflow/example_dags/example_latest_only_with_trigger.py took 0.077 seconds
[2024-10-28T18:08:04.826+0000] {processor.py:186} INFO - Started process (PID=655) to work on /home/airflow/.local/lib/python3.12/site-packages/airflow/example_dags/example_latest_only_with_trigger.py
[2024-10-28T18:08:04.827+0000] {processor.py:914} INFO - Processing file /home/airflow/.local/lib/python3.12/site-packages/airflow/example_dags/example_latest_only_with_trigger.py for tasks to queue
[2024-10-28T18:08:04.829+0000] {logging_mixin.py:190} INFO - [2024-10-28T18:08:04.829+0000] {dagbag.py:588} INFO - Filling up the DagBag from /home/airflow/.local/lib/python3.12/site-packages/airflow/example_dags/example_latest_only_with_trigger.py
[2024-10-28T18:08:04.834+0000] {processor.py:925} INFO - DAG(s) 'latest_only_with_trigger' retrieved from /home/airflow/.local/lib/python3.12/site-packages/airflow/example_dags/example_latest_only_with_trigger.py
[2024-10-28T18:08:04.849+0000] {logging_mixin.py:190} INFO - [2024-10-28T18:08:04.848+0000] {dag.py:3239} INFO - Sync 1 DAGs
[2024-10-28T18:08:04.866+0000] {logging_mixin.py:190} INFO - [2024-10-28T18:08:04.866+0000] {dag.py:4180} INFO - Setting next_dagrun for latest_only_with_trigger to 2024-10-28 12:00:00+00:00, run_after=2024-10-28 16:00:00+00:00
[2024-10-28T18:08:04.890+0000] {processor.py:208} INFO - Processing /home/airflow/.local/lib/python3.12/site-packages/airflow/example_dags/example_latest_only_with_trigger.py took 0.068 seconds
[2024-10-28T18:08:35.056+0000] {processor.py:186} INFO - Started process (PID=720) to work on /home/airflow/.local/lib/python3.12/site-packages/airflow/example_dags/example_latest_only_with_trigger.py
[2024-10-28T18:08:35.057+0000] {processor.py:914} INFO - Processing file /home/airflow/.local/lib/python3.12/site-packages/airflow/example_dags/example_latest_only_with_trigger.py for tasks to queue
[2024-10-28T18:08:35.060+0000] {logging_mixin.py:190} INFO - [2024-10-28T18:08:35.059+0000] {dagbag.py:588} INFO - Filling up the DagBag from /home/airflow/.local/lib/python3.12/site-packages/airflow/example_dags/example_latest_only_with_trigger.py
[2024-10-28T18:08:35.068+0000] {processor.py:925} INFO - DAG(s) 'latest_only_with_trigger' retrieved from /home/airflow/.local/lib/python3.12/site-packages/airflow/example_dags/example_latest_only_with_trigger.py
[2024-10-28T18:08:35.089+0000] {logging_mixin.py:190} INFO - [2024-10-28T18:08:35.089+0000] {dag.py:3239} INFO - Sync 1 DAGs
[2024-10-28T18:08:35.110+0000] {logging_mixin.py:190} INFO - [2024-10-28T18:08:35.110+0000] {dag.py:4180} INFO - Setting next_dagrun for latest_only_with_trigger to 2024-10-28 12:00:00+00:00, run_after=2024-10-28 16:00:00+00:00
[2024-10-28T18:08:35.131+0000] {processor.py:208} INFO - Processing /home/airflow/.local/lib/python3.12/site-packages/airflow/example_dags/example_latest_only_with_trigger.py took 0.081 seconds
[2024-10-28T18:09:05.398+0000] {processor.py:186} INFO - Started process (PID=786) to work on /home/airflow/.local/lib/python3.12/site-packages/airflow/example_dags/example_latest_only_with_trigger.py
[2024-10-28T18:09:05.399+0000] {processor.py:914} INFO - Processing file /home/airflow/.local/lib/python3.12/site-packages/airflow/example_dags/example_latest_only_with_trigger.py for tasks to queue
[2024-10-28T18:09:05.401+0000] {logging_mixin.py:190} INFO - [2024-10-28T18:09:05.400+0000] {dagbag.py:588} INFO - Filling up the DagBag from /home/airflow/.local/lib/python3.12/site-packages/airflow/example_dags/example_latest_only_with_trigger.py
[2024-10-28T18:09:05.405+0000] {processor.py:925} INFO - DAG(s) 'latest_only_with_trigger' retrieved from /home/airflow/.local/lib/python3.12/site-packages/airflow/example_dags/example_latest_only_with_trigger.py
[2024-10-28T18:09:05.420+0000] {logging_mixin.py:190} INFO - [2024-10-28T18:09:05.420+0000] {dag.py:3239} INFO - Sync 1 DAGs
[2024-10-28T18:09:05.440+0000] {logging_mixin.py:190} INFO - [2024-10-28T18:09:05.440+0000] {dag.py:4180} INFO - Setting next_dagrun for latest_only_with_trigger to 2024-10-28 12:00:00+00:00, run_after=2024-10-28 16:00:00+00:00
[2024-10-28T18:09:05.461+0000] {processor.py:208} INFO - Processing /home/airflow/.local/lib/python3.12/site-packages/airflow/example_dags/example_latest_only_with_trigger.py took 0.067 seconds
[2024-10-28T18:09:35.850+0000] {processor.py:186} INFO - Started process (PID=852) to work on /home/airflow/.local/lib/python3.12/site-packages/airflow/example_dags/example_latest_only_with_trigger.py
[2024-10-28T18:09:35.851+0000] {processor.py:914} INFO - Processing file /home/airflow/.local/lib/python3.12/site-packages/airflow/example_dags/example_latest_only_with_trigger.py for tasks to queue
[2024-10-28T18:09:35.853+0000] {logging_mixin.py:190} INFO - [2024-10-28T18:09:35.853+0000] {dagbag.py:588} INFO - Filling up the DagBag from /home/airflow/.local/lib/python3.12/site-packages/airflow/example_dags/example_latest_only_with_trigger.py
[2024-10-28T18:09:35.858+0000] {processor.py:925} INFO - DAG(s) 'latest_only_with_trigger' retrieved from /home/airflow/.local/lib/python3.12/site-packages/airflow/example_dags/example_latest_only_with_trigger.py
[2024-10-28T18:09:35.873+0000] {logging_mixin.py:190} INFO - [2024-10-28T18:09:35.873+0000] {dag.py:3239} INFO - Sync 1 DAGs
[2024-10-28T18:09:35.890+0000] {logging_mixin.py:190} INFO - [2024-10-28T18:09:35.890+0000] {dag.py:4180} INFO - Setting next_dagrun for latest_only_with_trigger to 2024-10-28 12:00:00+00:00, run_after=2024-10-28 16:00:00+00:00
[2024-10-28T18:09:35.907+0000] {processor.py:208} INFO - Processing /home/airflow/.local/lib/python3.12/site-packages/airflow/example_dags/example_latest_only_with_trigger.py took 0.061 seconds
[2024-10-28T18:10:06.268+0000] {processor.py:186} INFO - Started process (PID=918) to work on /home/airflow/.local/lib/python3.12/site-packages/airflow/example_dags/example_latest_only_with_trigger.py
[2024-10-28T18:10:06.269+0000] {processor.py:914} INFO - Processing file /home/airflow/.local/lib/python3.12/site-packages/airflow/example_dags/example_latest_only_with_trigger.py for tasks to queue
[2024-10-28T18:10:06.271+0000] {logging_mixin.py:190} INFO - [2024-10-28T18:10:06.271+0000] {dagbag.py:588} INFO - Filling up the DagBag from /home/airflow/.local/lib/python3.12/site-packages/airflow/example_dags/example_latest_only_with_trigger.py
[2024-10-28T18:10:06.276+0000] {processor.py:925} INFO - DAG(s) 'latest_only_with_trigger' retrieved from /home/airflow/.local/lib/python3.12/site-packages/airflow/example_dags/example_latest_only_with_trigger.py
[2024-10-28T18:10:06.293+0000] {logging_mixin.py:190} INFO - [2024-10-28T18:10:06.293+0000] {dag.py:3239} INFO - Sync 1 DAGs
[2024-10-28T18:10:06.308+0000] {logging_mixin.py:190} INFO - [2024-10-28T18:10:06.308+0000] {dag.py:4180} INFO - Setting next_dagrun for latest_only_with_trigger to 2024-10-28 12:00:00+00:00, run_after=2024-10-28 16:00:00+00:00
[2024-10-28T18:10:06.325+0000] {processor.py:208} INFO - Processing /home/airflow/.local/lib/python3.12/site-packages/airflow/example_dags/example_latest_only_with_trigger.py took 0.061 seconds
[2024-10-28T18:10:36.409+0000] {processor.py:186} INFO - Started process (PID=984) to work on /home/airflow/.local/lib/python3.12/site-packages/airflow/example_dags/example_latest_only_with_trigger.py
[2024-10-28T18:10:36.409+0000] {processor.py:914} INFO - Processing file /home/airflow/.local/lib/python3.12/site-packages/airflow/example_dags/example_latest_only_with_trigger.py for tasks to queue
[2024-10-28T18:10:36.411+0000] {logging_mixin.py:190} INFO - [2024-10-28T18:10:36.411+0000] {dagbag.py:588} INFO - Filling up the DagBag from /home/airflow/.local/lib/python3.12/site-packages/airflow/example_dags/example_latest_only_with_trigger.py
[2024-10-28T18:10:36.415+0000] {processor.py:925} INFO - DAG(s) 'latest_only_with_trigger' retrieved from /home/airflow/.local/lib/python3.12/site-packages/airflow/example_dags/example_latest_only_with_trigger.py
[2024-10-28T18:10:36.432+0000] {logging_mixin.py:190} INFO - [2024-10-28T18:10:36.432+0000] {dag.py:3239} INFO - Sync 1 DAGs
[2024-10-28T18:10:36.447+0000] {logging_mixin.py:190} INFO - [2024-10-28T18:10:36.447+0000] {dag.py:4180} INFO - Setting next_dagrun for latest_only_with_trigger to 2024-10-28 12:00:00+00:00, run_after=2024-10-28 16:00:00+00:00
[2024-10-28T18:10:36.465+0000] {processor.py:208} INFO - Processing /home/airflow/.local/lib/python3.12/site-packages/airflow/example_dags/example_latest_only_with_trigger.py took 0.060 seconds
[2024-10-28T18:11:06.784+0000] {processor.py:186} INFO - Started process (PID=1050) to work on /home/airflow/.local/lib/python3.12/site-packages/airflow/example_dags/example_latest_only_with_trigger.py
[2024-10-28T18:11:06.785+0000] {processor.py:914} INFO - Processing file /home/airflow/.local/lib/python3.12/site-packages/airflow/example_dags/example_latest_only_with_trigger.py for tasks to queue
[2024-10-28T18:11:06.787+0000] {logging_mixin.py:190} INFO - [2024-10-28T18:11:06.787+0000] {dagbag.py:588} INFO - Filling up the DagBag from /home/airflow/.local/lib/python3.12/site-packages/airflow/example_dags/example_latest_only_with_trigger.py
[2024-10-28T18:11:06.792+0000] {processor.py:925} INFO - DAG(s) 'latest_only_with_trigger' retrieved from /home/airflow/.local/lib/python3.12/site-packages/airflow/example_dags/example_latest_only_with_trigger.py
[2024-10-28T18:11:06.807+0000] {logging_mixin.py:190} INFO - [2024-10-28T18:11:06.807+0000] {dag.py:3239} INFO - Sync 1 DAGs
[2024-10-28T18:11:06.823+0000] {logging_mixin.py:190} INFO - [2024-10-28T18:11:06.822+0000] {dag.py:4180} INFO - Setting next_dagrun for latest_only_with_trigger to 2024-10-28 12:00:00+00:00, run_after=2024-10-28 16:00:00+00:00
[2024-10-28T18:11:06.842+0000] {processor.py:208} INFO - Processing /home/airflow/.local/lib/python3.12/site-packages/airflow/example_dags/example_latest_only_with_trigger.py took 0.063 seconds
[2024-10-28T18:11:37.599+0000] {processor.py:186} INFO - Started process (PID=1116) to work on /home/airflow/.local/lib/python3.12/site-packages/airflow/example_dags/example_latest_only_with_trigger.py
[2024-10-28T18:11:37.601+0000] {processor.py:914} INFO - Processing file /home/airflow/.local/lib/python3.12/site-packages/airflow/example_dags/example_latest_only_with_trigger.py for tasks to queue
[2024-10-28T18:11:37.603+0000] {logging_mixin.py:190} INFO - [2024-10-28T18:11:37.603+0000] {dagbag.py:588} INFO - Filling up the DagBag from /home/airflow/.local/lib/python3.12/site-packages/airflow/example_dags/example_latest_only_with_trigger.py
[2024-10-28T18:11:37.608+0000] {processor.py:925} INFO - DAG(s) 'latest_only_with_trigger' retrieved from /home/airflow/.local/lib/python3.12/site-packages/airflow/example_dags/example_latest_only_with_trigger.py
[2024-10-28T18:11:37.624+0000] {logging_mixin.py:190} INFO - [2024-10-28T18:11:37.623+0000] {dag.py:3239} INFO - Sync 1 DAGs
[2024-10-28T18:11:37.641+0000] {logging_mixin.py:190} INFO - [2024-10-28T18:11:37.641+0000] {dag.py:4180} INFO - Setting next_dagrun for latest_only_with_trigger to 2024-10-28 12:00:00+00:00, run_after=2024-10-28 16:00:00+00:00
[2024-10-28T18:11:37.659+0000] {processor.py:208} INFO - Processing /home/airflow/.local/lib/python3.12/site-packages/airflow/example_dags/example_latest_only_with_trigger.py took 0.063 seconds
[2024-10-28T18:12:07.707+0000] {processor.py:186} INFO - Started process (PID=1182) to work on /home/airflow/.local/lib/python3.12/site-packages/airflow/example_dags/example_latest_only_with_trigger.py
[2024-10-28T18:12:07.708+0000] {processor.py:914} INFO - Processing file /home/airflow/.local/lib/python3.12/site-packages/airflow/example_dags/example_latest_only_with_trigger.py for tasks to queue
[2024-10-28T18:12:07.710+0000] {logging_mixin.py:190} INFO - [2024-10-28T18:12:07.710+0000] {dagbag.py:588} INFO - Filling up the DagBag from /home/airflow/.local/lib/python3.12/site-packages/airflow/example_dags/example_latest_only_with_trigger.py
[2024-10-28T18:12:07.715+0000] {processor.py:925} INFO - DAG(s) 'latest_only_with_trigger' retrieved from /home/airflow/.local/lib/python3.12/site-packages/airflow/example_dags/example_latest_only_with_trigger.py
[2024-10-28T18:12:07.729+0000] {logging_mixin.py:190} INFO - [2024-10-28T18:12:07.729+0000] {dag.py:3239} INFO - Sync 1 DAGs
[2024-10-28T18:12:07.752+0000] {logging_mixin.py:190} INFO - [2024-10-28T18:12:07.752+0000] {dag.py:4180} INFO - Setting next_dagrun for latest_only_with_trigger to 2024-10-28 12:00:00+00:00, run_after=2024-10-28 16:00:00+00:00
[2024-10-28T18:12:07.767+0000] {processor.py:208} INFO - Processing /home/airflow/.local/lib/python3.12/site-packages/airflow/example_dags/example_latest_only_with_trigger.py took 0.063 seconds
[2024-10-28T18:12:38.077+0000] {processor.py:186} INFO - Started process (PID=1249) to work on /home/airflow/.local/lib/python3.12/site-packages/airflow/example_dags/example_latest_only_with_trigger.py
[2024-10-28T18:12:38.078+0000] {processor.py:914} INFO - Processing file /home/airflow/.local/lib/python3.12/site-packages/airflow/example_dags/example_latest_only_with_trigger.py for tasks to queue
[2024-10-28T18:12:38.081+0000] {logging_mixin.py:190} INFO - [2024-10-28T18:12:38.081+0000] {dagbag.py:588} INFO - Filling up the DagBag from /home/airflow/.local/lib/python3.12/site-packages/airflow/example_dags/example_latest_only_with_trigger.py
[2024-10-28T18:12:38.086+0000] {processor.py:925} INFO - DAG(s) 'latest_only_with_trigger' retrieved from /home/airflow/.local/lib/python3.12/site-packages/airflow/example_dags/example_latest_only_with_trigger.py
[2024-10-28T18:12:38.100+0000] {logging_mixin.py:190} INFO - [2024-10-28T18:12:38.100+0000] {dag.py:3239} INFO - Sync 1 DAGs
[2024-10-28T18:12:38.116+0000] {logging_mixin.py:190} INFO - [2024-10-28T18:12:38.116+0000] {dag.py:4180} INFO - Setting next_dagrun for latest_only_with_trigger to 2024-10-28 12:00:00+00:00, run_after=2024-10-28 16:00:00+00:00
[2024-10-28T18:12:38.134+0000] {processor.py:208} INFO - Processing /home/airflow/.local/lib/python3.12/site-packages/airflow/example_dags/example_latest_only_with_trigger.py took 0.061 seconds
[2024-10-28T18:13:09.057+0000] {processor.py:186} INFO - Started process (PID=1315) to work on /home/airflow/.local/lib/python3.12/site-packages/airflow/example_dags/example_latest_only_with_trigger.py
[2024-10-28T18:13:09.058+0000] {processor.py:914} INFO - Processing file /home/airflow/.local/lib/python3.12/site-packages/airflow/example_dags/example_latest_only_with_trigger.py for tasks to queue
[2024-10-28T18:13:09.060+0000] {logging_mixin.py:190} INFO - [2024-10-28T18:13:09.060+0000] {dagbag.py:588} INFO - Filling up the DagBag from /home/airflow/.local/lib/python3.12/site-packages/airflow/example_dags/example_latest_only_with_trigger.py
[2024-10-28T18:13:09.065+0000] {processor.py:925} INFO - DAG(s) 'latest_only_with_trigger' retrieved from /home/airflow/.local/lib/python3.12/site-packages/airflow/example_dags/example_latest_only_with_trigger.py
[2024-10-28T18:13:09.079+0000] {logging_mixin.py:190} INFO - [2024-10-28T18:13:09.079+0000] {dag.py:3239} INFO - Sync 1 DAGs
[2024-10-28T18:13:09.095+0000] {logging_mixin.py:190} INFO - [2024-10-28T18:13:09.095+0000] {dag.py:4180} INFO - Setting next_dagrun for latest_only_with_trigger to 2024-10-28 12:00:00+00:00, run_after=2024-10-28 16:00:00+00:00
[2024-10-28T18:13:09.119+0000] {processor.py:208} INFO - Processing /home/airflow/.local/lib/python3.12/site-packages/airflow/example_dags/example_latest_only_with_trigger.py took 0.065 seconds
[2024-10-28T18:13:40.107+0000] {processor.py:186} INFO - Started process (PID=1381) to work on /home/airflow/.local/lib/python3.12/site-packages/airflow/example_dags/example_latest_only_with_trigger.py
[2024-10-28T18:13:40.108+0000] {processor.py:914} INFO - Processing file /home/airflow/.local/lib/python3.12/site-packages/airflow/example_dags/example_latest_only_with_trigger.py for tasks to queue
[2024-10-28T18:13:40.109+0000] {logging_mixin.py:190} INFO - [2024-10-28T18:13:40.109+0000] {dagbag.py:588} INFO - Filling up the DagBag from /home/airflow/.local/lib/python3.12/site-packages/airflow/example_dags/example_latest_only_with_trigger.py
[2024-10-28T18:13:40.114+0000] {processor.py:925} INFO - DAG(s) 'latest_only_with_trigger' retrieved from /home/airflow/.local/lib/python3.12/site-packages/airflow/example_dags/example_latest_only_with_trigger.py
[2024-10-28T18:13:40.127+0000] {logging_mixin.py:190} INFO - [2024-10-28T18:13:40.126+0000] {dag.py:3239} INFO - Sync 1 DAGs
[2024-10-28T18:13:40.141+0000] {logging_mixin.py:190} INFO - [2024-10-28T18:13:40.141+0000] {dag.py:4180} INFO - Setting next_dagrun for latest_only_with_trigger to 2024-10-28 12:00:00+00:00, run_after=2024-10-28 16:00:00+00:00
[2024-10-28T18:13:40.162+0000] {processor.py:208} INFO - Processing /home/airflow/.local/lib/python3.12/site-packages/airflow/example_dags/example_latest_only_with_trigger.py took 0.059 seconds
[2024-10-28T18:14:10.805+0000] {processor.py:186} INFO - Started process (PID=1447) to work on /home/airflow/.local/lib/python3.12/site-packages/airflow/example_dags/example_latest_only_with_trigger.py
[2024-10-28T18:14:10.806+0000] {processor.py:914} INFO - Processing file /home/airflow/.local/lib/python3.12/site-packages/airflow/example_dags/example_latest_only_with_trigger.py for tasks to queue
[2024-10-28T18:14:10.807+0000] {logging_mixin.py:190} INFO - [2024-10-28T18:14:10.807+0000] {dagbag.py:588} INFO - Filling up the DagBag from /home/airflow/.local/lib/python3.12/site-packages/airflow/example_dags/example_latest_only_with_trigger.py
[2024-10-28T18:14:10.812+0000] {processor.py:925} INFO - DAG(s) 'latest_only_with_trigger' retrieved from /home/airflow/.local/lib/python3.12/site-packages/airflow/example_dags/example_latest_only_with_trigger.py
[2024-10-28T18:14:10.825+0000] {logging_mixin.py:190} INFO - [2024-10-28T18:14:10.825+0000] {dag.py:3239} INFO - Sync 1 DAGs
[2024-10-28T18:14:10.839+0000] {logging_mixin.py:190} INFO - [2024-10-28T18:14:10.839+0000] {dag.py:4180} INFO - Setting next_dagrun for latest_only_with_trigger to 2024-10-28 12:00:00+00:00, run_after=2024-10-28 16:00:00+00:00
[2024-10-28T18:14:10.859+0000] {processor.py:208} INFO - Processing /home/airflow/.local/lib/python3.12/site-packages/airflow/example_dags/example_latest_only_with_trigger.py took 0.058 seconds
[2024-10-28T18:14:41.715+0000] {processor.py:186} INFO - Started process (PID=1513) to work on /home/airflow/.local/lib/python3.12/site-packages/airflow/example_dags/example_latest_only_with_trigger.py
[2024-10-28T18:14:41.716+0000] {processor.py:914} INFO - Processing file /home/airflow/.local/lib/python3.12/site-packages/airflow/example_dags/example_latest_only_with_trigger.py for tasks to queue
[2024-10-28T18:14:41.719+0000] {logging_mixin.py:190} INFO - [2024-10-28T18:14:41.718+0000] {dagbag.py:588} INFO - Filling up the DagBag from /home/airflow/.local/lib/python3.12/site-packages/airflow/example_dags/example_latest_only_with_trigger.py
[2024-10-28T18:14:41.724+0000] {processor.py:925} INFO - DAG(s) 'latest_only_with_trigger' retrieved from /home/airflow/.local/lib/python3.12/site-packages/airflow/example_dags/example_latest_only_with_trigger.py
[2024-10-28T18:14:41.736+0000] {logging_mixin.py:190} INFO - [2024-10-28T18:14:41.736+0000] {dag.py:3239} INFO - Sync 1 DAGs
[2024-10-28T18:14:41.752+0000] {logging_mixin.py:190} INFO - [2024-10-28T18:14:41.752+0000] {dag.py:4180} INFO - Setting next_dagrun for latest_only_with_trigger to 2024-10-28 12:00:00+00:00, run_after=2024-10-28 16:00:00+00:00
[2024-10-28T18:14:41.766+0000] {processor.py:208} INFO - Processing /home/airflow/.local/lib/python3.12/site-packages/airflow/example_dags/example_latest_only_with_trigger.py took 0.055 seconds
[2024-10-28T18:15:12.281+0000] {processor.py:186} INFO - Started process (PID=1579) to work on /home/airflow/.local/lib/python3.12/site-packages/airflow/example_dags/example_latest_only_with_trigger.py
[2024-10-28T18:15:12.283+0000] {processor.py:914} INFO - Processing file /home/airflow/.local/lib/python3.12/site-packages/airflow/example_dags/example_latest_only_with_trigger.py for tasks to queue
[2024-10-28T18:15:12.285+0000] {logging_mixin.py:190} INFO - [2024-10-28T18:15:12.285+0000] {dagbag.py:588} INFO - Filling up the DagBag from /home/airflow/.local/lib/python3.12/site-packages/airflow/example_dags/example_latest_only_with_trigger.py
[2024-10-28T18:15:12.290+0000] {processor.py:925} INFO - DAG(s) 'latest_only_with_trigger' retrieved from /home/airflow/.local/lib/python3.12/site-packages/airflow/example_dags/example_latest_only_with_trigger.py
[2024-10-28T18:15:12.305+0000] {logging_mixin.py:190} INFO - [2024-10-28T18:15:12.305+0000] {dag.py:3239} INFO - Sync 1 DAGs
[2024-10-28T18:15:12.322+0000] {logging_mixin.py:190} INFO - [2024-10-28T18:15:12.321+0000] {dag.py:4180} INFO - Setting next_dagrun for latest_only_with_trigger to 2024-10-28 12:00:00+00:00, run_after=2024-10-28 16:00:00+00:00
[2024-10-28T18:15:12.337+0000] {processor.py:208} INFO - Processing /home/airflow/.local/lib/python3.12/site-packages/airflow/example_dags/example_latest_only_with_trigger.py took 0.059 seconds
[2024-10-28T18:15:43.011+0000] {processor.py:186} INFO - Started process (PID=1645) to work on /home/airflow/.local/lib/python3.12/site-packages/airflow/example_dags/example_latest_only_with_trigger.py
[2024-10-28T18:15:43.013+0000] {processor.py:914} INFO - Processing file /home/airflow/.local/lib/python3.12/site-packages/airflow/example_dags/example_latest_only_with_trigger.py for tasks to queue
[2024-10-28T18:15:43.015+0000] {logging_mixin.py:190} INFO - [2024-10-28T18:15:43.014+0000] {dagbag.py:588} INFO - Filling up the DagBag from /home/airflow/.local/lib/python3.12/site-packages/airflow/example_dags/example_latest_only_with_trigger.py
[2024-10-28T18:15:43.021+0000] {processor.py:925} INFO - DAG(s) 'latest_only_with_trigger' retrieved from /home/airflow/.local/lib/python3.12/site-packages/airflow/example_dags/example_latest_only_with_trigger.py
[2024-10-28T18:15:43.039+0000] {logging_mixin.py:190} INFO - [2024-10-28T18:15:43.039+0000] {dag.py:3239} INFO - Sync 1 DAGs
[2024-10-28T18:15:43.060+0000] {logging_mixin.py:190} INFO - [2024-10-28T18:15:43.060+0000] {dag.py:4180} INFO - Setting next_dagrun for latest_only_with_trigger to 2024-10-28 12:00:00+00:00, run_after=2024-10-28 16:00:00+00:00
[2024-10-28T18:15:43.077+0000] {processor.py:208} INFO - Processing /home/airflow/.local/lib/python3.12/site-packages/airflow/example_dags/example_latest_only_with_trigger.py took 0.070 seconds
[2024-10-28T18:16:13.920+0000] {processor.py:186} INFO - Started process (PID=1711) to work on /home/airflow/.local/lib/python3.12/site-packages/airflow/example_dags/example_latest_only_with_trigger.py
[2024-10-28T18:16:13.921+0000] {processor.py:914} INFO - Processing file /home/airflow/.local/lib/python3.12/site-packages/airflow/example_dags/example_latest_only_with_trigger.py for tasks to queue
[2024-10-28T18:16:13.923+0000] {logging_mixin.py:190} INFO - [2024-10-28T18:16:13.923+0000] {dagbag.py:588} INFO - Filling up the DagBag from /home/airflow/.local/lib/python3.12/site-packages/airflow/example_dags/example_latest_only_with_trigger.py
[2024-10-28T18:16:13.928+0000] {processor.py:925} INFO - DAG(s) 'latest_only_with_trigger' retrieved from /home/airflow/.local/lib/python3.12/site-packages/airflow/example_dags/example_latest_only_with_trigger.py
[2024-10-28T18:16:13.943+0000] {logging_mixin.py:190} INFO - [2024-10-28T18:16:13.942+0000] {dag.py:3239} INFO - Sync 1 DAGs
[2024-10-28T18:16:13.959+0000] {logging_mixin.py:190} INFO - [2024-10-28T18:16:13.959+0000] {dag.py:4180} INFO - Setting next_dagrun for latest_only_with_trigger to 2024-10-28 12:00:00+00:00, run_after=2024-10-28 16:00:00+00:00
[2024-10-28T18:16:13.974+0000] {processor.py:208} INFO - Processing /home/airflow/.local/lib/python3.12/site-packages/airflow/example_dags/example_latest_only_with_trigger.py took 0.058 seconds
[2024-10-28T18:16:44.636+0000] {processor.py:186} INFO - Started process (PID=1777) to work on /home/airflow/.local/lib/python3.12/site-packages/airflow/example_dags/example_latest_only_with_trigger.py
[2024-10-28T18:16:44.637+0000] {processor.py:914} INFO - Processing file /home/airflow/.local/lib/python3.12/site-packages/airflow/example_dags/example_latest_only_with_trigger.py for tasks to queue
[2024-10-28T18:16:44.639+0000] {logging_mixin.py:190} INFO - [2024-10-28T18:16:44.639+0000] {dagbag.py:588} INFO - Filling up the DagBag from /home/airflow/.local/lib/python3.12/site-packages/airflow/example_dags/example_latest_only_with_trigger.py
[2024-10-28T18:16:44.644+0000] {processor.py:925} INFO - DAG(s) 'latest_only_with_trigger' retrieved from /home/airflow/.local/lib/python3.12/site-packages/airflow/example_dags/example_latest_only_with_trigger.py
[2024-10-28T18:16:44.659+0000] {logging_mixin.py:190} INFO - [2024-10-28T18:16:44.659+0000] {dag.py:3239} INFO - Sync 1 DAGs
[2024-10-28T18:16:44.674+0000] {logging_mixin.py:190} INFO - [2024-10-28T18:16:44.674+0000] {dag.py:4180} INFO - Setting next_dagrun for latest_only_with_trigger to 2024-10-28 12:00:00+00:00, run_after=2024-10-28 16:00:00+00:00
[2024-10-28T18:16:44.687+0000] {processor.py:208} INFO - Processing /home/airflow/.local/lib/python3.12/site-packages/airflow/example_dags/example_latest_only_with_trigger.py took 0.055 seconds
[2024-10-28T18:17:15.738+0000] {processor.py:186} INFO - Started process (PID=1843) to work on /home/airflow/.local/lib/python3.12/site-packages/airflow/example_dags/example_latest_only_with_trigger.py
[2024-10-28T18:17:15.739+0000] {processor.py:914} INFO - Processing file /home/airflow/.local/lib/python3.12/site-packages/airflow/example_dags/example_latest_only_with_trigger.py for tasks to queue
[2024-10-28T18:17:15.741+0000] {logging_mixin.py:190} INFO - [2024-10-28T18:17:15.741+0000] {dagbag.py:588} INFO - Filling up the DagBag from /home/airflow/.local/lib/python3.12/site-packages/airflow/example_dags/example_latest_only_with_trigger.py
[2024-10-28T18:17:15.746+0000] {processor.py:925} INFO - DAG(s) 'latest_only_with_trigger' retrieved from /home/airflow/.local/lib/python3.12/site-packages/airflow/example_dags/example_latest_only_with_trigger.py
[2024-10-28T18:17:15.762+0000] {logging_mixin.py:190} INFO - [2024-10-28T18:17:15.762+0000] {dag.py:3239} INFO - Sync 1 DAGs
[2024-10-28T18:17:15.779+0000] {logging_mixin.py:190} INFO - [2024-10-28T18:17:15.779+0000] {dag.py:4180} INFO - Setting next_dagrun for latest_only_with_trigger to 2024-10-28 12:00:00+00:00, run_after=2024-10-28 16:00:00+00:00
[2024-10-28T18:17:15.798+0000] {processor.py:208} INFO - Processing /home/airflow/.local/lib/python3.12/site-packages/airflow/example_dags/example_latest_only_with_trigger.py took 0.063 seconds
[2024-10-28T18:17:46.835+0000] {processor.py:186} INFO - Started process (PID=1908) to work on /home/airflow/.local/lib/python3.12/site-packages/airflow/example_dags/example_latest_only_with_trigger.py
[2024-10-28T18:17:46.836+0000] {processor.py:914} INFO - Processing file /home/airflow/.local/lib/python3.12/site-packages/airflow/example_dags/example_latest_only_with_trigger.py for tasks to queue
[2024-10-28T18:17:46.839+0000] {logging_mixin.py:190} INFO - [2024-10-28T18:17:46.838+0000] {dagbag.py:588} INFO - Filling up the DagBag from /home/airflow/.local/lib/python3.12/site-packages/airflow/example_dags/example_latest_only_with_trigger.py
[2024-10-28T18:17:46.846+0000] {processor.py:925} INFO - DAG(s) 'latest_only_with_trigger' retrieved from /home/airflow/.local/lib/python3.12/site-packages/airflow/example_dags/example_latest_only_with_trigger.py
[2024-10-28T18:17:46.866+0000] {logging_mixin.py:190} INFO - [2024-10-28T18:17:46.866+0000] {dag.py:3239} INFO - Sync 1 DAGs
[2024-10-28T18:17:46.887+0000] {logging_mixin.py:190} INFO - [2024-10-28T18:17:46.886+0000] {dag.py:4180} INFO - Setting next_dagrun for latest_only_with_trigger to 2024-10-28 12:00:00+00:00, run_after=2024-10-28 16:00:00+00:00
[2024-10-28T18:17:46.905+0000] {processor.py:208} INFO - Processing /home/airflow/.local/lib/python3.12/site-packages/airflow/example_dags/example_latest_only_with_trigger.py took 0.074 seconds
[2024-10-28T18:18:17.889+0000] {processor.py:186} INFO - Started process (PID=1974) to work on /home/airflow/.local/lib/python3.12/site-packages/airflow/example_dags/example_latest_only_with_trigger.py
[2024-10-28T18:18:17.890+0000] {processor.py:914} INFO - Processing file /home/airflow/.local/lib/python3.12/site-packages/airflow/example_dags/example_latest_only_with_trigger.py for tasks to queue
[2024-10-28T18:18:17.892+0000] {logging_mixin.py:190} INFO - [2024-10-28T18:18:17.892+0000] {dagbag.py:588} INFO - Filling up the DagBag from /home/airflow/.local/lib/python3.12/site-packages/airflow/example_dags/example_latest_only_with_trigger.py
[2024-10-28T18:18:17.899+0000] {processor.py:925} INFO - DAG(s) 'latest_only_with_trigger' retrieved from /home/airflow/.local/lib/python3.12/site-packages/airflow/example_dags/example_latest_only_with_trigger.py
[2024-10-28T18:18:17.920+0000] {logging_mixin.py:190} INFO - [2024-10-28T18:18:17.919+0000] {dag.py:3239} INFO - Sync 1 DAGs
[2024-10-28T18:18:17.942+0000] {logging_mixin.py:190} INFO - [2024-10-28T18:18:17.941+0000] {dag.py:4180} INFO - Setting next_dagrun for latest_only_with_trigger to 2024-10-28 12:00:00+00:00, run_after=2024-10-28 16:00:00+00:00
[2024-10-28T18:18:17.968+0000] {processor.py:208} INFO - Processing /home/airflow/.local/lib/python3.12/site-packages/airflow/example_dags/example_latest_only_with_trigger.py took 0.085 seconds
[2024-10-28T18:18:48.851+0000] {processor.py:186} INFO - Started process (PID=2040) to work on /home/airflow/.local/lib/python3.12/site-packages/airflow/example_dags/example_latest_only_with_trigger.py
[2024-10-28T18:18:48.852+0000] {processor.py:914} INFO - Processing file /home/airflow/.local/lib/python3.12/site-packages/airflow/example_dags/example_latest_only_with_trigger.py for tasks to queue
[2024-10-28T18:18:48.855+0000] {logging_mixin.py:190} INFO - [2024-10-28T18:18:48.855+0000] {dagbag.py:588} INFO - Filling up the DagBag from /home/airflow/.local/lib/python3.12/site-packages/airflow/example_dags/example_latest_only_with_trigger.py
[2024-10-28T18:18:48.862+0000] {processor.py:925} INFO - DAG(s) 'latest_only_with_trigger' retrieved from /home/airflow/.local/lib/python3.12/site-packages/airflow/example_dags/example_latest_only_with_trigger.py
[2024-10-28T18:18:48.881+0000] {logging_mixin.py:190} INFO - [2024-10-28T18:18:48.881+0000] {dag.py:3239} INFO - Sync 1 DAGs
[2024-10-28T18:18:48.904+0000] {logging_mixin.py:190} INFO - [2024-10-28T18:18:48.903+0000] {dag.py:4180} INFO - Setting next_dagrun for latest_only_with_trigger to 2024-10-28 12:00:00+00:00, run_after=2024-10-28 16:00:00+00:00
[2024-10-28T18:18:48.930+0000] {processor.py:208} INFO - Processing /home/airflow/.local/lib/python3.12/site-packages/airflow/example_dags/example_latest_only_with_trigger.py took 0.085 seconds
[2024-10-28T18:19:19.273+0000] {processor.py:186} INFO - Started process (PID=2106) to work on /home/airflow/.local/lib/python3.12/site-packages/airflow/example_dags/example_latest_only_with_trigger.py
[2024-10-28T18:19:19.274+0000] {processor.py:914} INFO - Processing file /home/airflow/.local/lib/python3.12/site-packages/airflow/example_dags/example_latest_only_with_trigger.py for tasks to queue
[2024-10-28T18:19:19.276+0000] {logging_mixin.py:190} INFO - [2024-10-28T18:19:19.276+0000] {dagbag.py:588} INFO - Filling up the DagBag from /home/airflow/.local/lib/python3.12/site-packages/airflow/example_dags/example_latest_only_with_trigger.py
[2024-10-28T18:19:19.281+0000] {processor.py:925} INFO - DAG(s) 'latest_only_with_trigger' retrieved from /home/airflow/.local/lib/python3.12/site-packages/airflow/example_dags/example_latest_only_with_trigger.py
[2024-10-28T18:19:19.296+0000] {logging_mixin.py:190} INFO - [2024-10-28T18:19:19.295+0000] {dag.py:3239} INFO - Sync 1 DAGs
[2024-10-28T18:19:19.311+0000] {logging_mixin.py:190} INFO - [2024-10-28T18:19:19.311+0000] {dag.py:4180} INFO - Setting next_dagrun for latest_only_with_trigger to 2024-10-28 12:00:00+00:00, run_after=2024-10-28 16:00:00+00:00
[2024-10-28T18:19:19.329+0000] {processor.py:208} INFO - Processing /home/airflow/.local/lib/python3.12/site-packages/airflow/example_dags/example_latest_only_with_trigger.py took 0.060 seconds
[2024-10-28T18:19:50.040+0000] {processor.py:186} INFO - Started process (PID=2173) to work on /home/airflow/.local/lib/python3.12/site-packages/airflow/example_dags/example_latest_only_with_trigger.py
[2024-10-28T18:19:50.041+0000] {processor.py:914} INFO - Processing file /home/airflow/.local/lib/python3.12/site-packages/airflow/example_dags/example_latest_only_with_trigger.py for tasks to queue
[2024-10-28T18:19:50.043+0000] {logging_mixin.py:190} INFO - [2024-10-28T18:19:50.043+0000] {dagbag.py:588} INFO - Filling up the DagBag from /home/airflow/.local/lib/python3.12/site-packages/airflow/example_dags/example_latest_only_with_trigger.py
[2024-10-28T18:19:50.048+0000] {processor.py:925} INFO - DAG(s) 'latest_only_with_trigger' retrieved from /home/airflow/.local/lib/python3.12/site-packages/airflow/example_dags/example_latest_only_with_trigger.py
[2024-10-28T18:19:50.063+0000] {logging_mixin.py:190} INFO - [2024-10-28T18:19:50.063+0000] {dag.py:3239} INFO - Sync 1 DAGs
[2024-10-28T18:19:50.079+0000] {logging_mixin.py:190} INFO - [2024-10-28T18:19:50.079+0000] {dag.py:4180} INFO - Setting next_dagrun for latest_only_with_trigger to 2024-10-28 12:00:00+00:00, run_after=2024-10-28 16:00:00+00:00
[2024-10-28T18:19:50.097+0000] {processor.py:208} INFO - Processing /home/airflow/.local/lib/python3.12/site-packages/airflow/example_dags/example_latest_only_with_trigger.py took 0.060 seconds
[2024-10-28T18:20:20.494+0000] {processor.py:186} INFO - Started process (PID=2239) to work on /home/airflow/.local/lib/python3.12/site-packages/airflow/example_dags/example_latest_only_with_trigger.py
[2024-10-28T18:20:20.495+0000] {processor.py:914} INFO - Processing file /home/airflow/.local/lib/python3.12/site-packages/airflow/example_dags/example_latest_only_with_trigger.py for tasks to queue
[2024-10-28T18:20:20.498+0000] {logging_mixin.py:190} INFO - [2024-10-28T18:20:20.497+0000] {dagbag.py:588} INFO - Filling up the DagBag from /home/airflow/.local/lib/python3.12/site-packages/airflow/example_dags/example_latest_only_with_trigger.py
[2024-10-28T18:20:20.504+0000] {processor.py:925} INFO - DAG(s) 'latest_only_with_trigger' retrieved from /home/airflow/.local/lib/python3.12/site-packages/airflow/example_dags/example_latest_only_with_trigger.py
[2024-10-28T18:20:20.523+0000] {logging_mixin.py:190} INFO - [2024-10-28T18:20:20.523+0000] {dag.py:3239} INFO - Sync 1 DAGs
[2024-10-28T18:20:20.546+0000] {logging_mixin.py:190} INFO - [2024-10-28T18:20:20.546+0000] {dag.py:4180} INFO - Setting next_dagrun for latest_only_with_trigger to 2024-10-28 12:00:00+00:00, run_after=2024-10-28 16:00:00+00:00
[2024-10-28T18:20:20.567+0000] {processor.py:208} INFO - Processing /home/airflow/.local/lib/python3.12/site-packages/airflow/example_dags/example_latest_only_with_trigger.py took 0.078 seconds
[2024-10-28T18:20:50.924+0000] {processor.py:186} INFO - Started process (PID=2305) to work on /home/airflow/.local/lib/python3.12/site-packages/airflow/example_dags/example_latest_only_with_trigger.py
[2024-10-28T18:20:50.925+0000] {processor.py:914} INFO - Processing file /home/airflow/.local/lib/python3.12/site-packages/airflow/example_dags/example_latest_only_with_trigger.py for tasks to queue
[2024-10-28T18:20:50.927+0000] {logging_mixin.py:190} INFO - [2024-10-28T18:20:50.926+0000] {dagbag.py:588} INFO - Filling up the DagBag from /home/airflow/.local/lib/python3.12/site-packages/airflow/example_dags/example_latest_only_with_trigger.py
[2024-10-28T18:20:50.932+0000] {processor.py:925} INFO - DAG(s) 'latest_only_with_trigger' retrieved from /home/airflow/.local/lib/python3.12/site-packages/airflow/example_dags/example_latest_only_with_trigger.py
[2024-10-28T18:20:50.947+0000] {logging_mixin.py:190} INFO - [2024-10-28T18:20:50.946+0000] {dag.py:3239} INFO - Sync 1 DAGs
[2024-10-28T18:20:50.962+0000] {logging_mixin.py:190} INFO - [2024-10-28T18:20:50.961+0000] {dag.py:4180} INFO - Setting next_dagrun for latest_only_with_trigger to 2024-10-28 12:00:00+00:00, run_after=2024-10-28 16:00:00+00:00
[2024-10-28T18:20:50.974+0000] {processor.py:208} INFO - Processing /home/airflow/.local/lib/python3.12/site-packages/airflow/example_dags/example_latest_only_with_trigger.py took 0.054 seconds
[2024-10-28T18:21:22.295+0000] {processor.py:186} INFO - Started process (PID=2377) to work on /home/airflow/.local/lib/python3.12/site-packages/airflow/example_dags/example_latest_only_with_trigger.py
[2024-10-28T18:21:22.296+0000] {processor.py:914} INFO - Processing file /home/airflow/.local/lib/python3.12/site-packages/airflow/example_dags/example_latest_only_with_trigger.py for tasks to queue
[2024-10-28T18:21:22.299+0000] {logging_mixin.py:190} INFO - [2024-10-28T18:21:22.298+0000] {dagbag.py:588} INFO - Filling up the DagBag from /home/airflow/.local/lib/python3.12/site-packages/airflow/example_dags/example_latest_only_with_trigger.py
[2024-10-28T18:21:22.303+0000] {processor.py:925} INFO - DAG(s) 'latest_only_with_trigger' retrieved from /home/airflow/.local/lib/python3.12/site-packages/airflow/example_dags/example_latest_only_with_trigger.py
[2024-10-28T18:21:22.318+0000] {logging_mixin.py:190} INFO - [2024-10-28T18:21:22.317+0000] {dag.py:3239} INFO - Sync 1 DAGs
[2024-10-28T18:21:22.339+0000] {logging_mixin.py:190} INFO - [2024-10-28T18:21:22.339+0000] {dag.py:4180} INFO - Setting next_dagrun for latest_only_with_trigger to 2024-10-28 12:00:00+00:00, run_after=2024-10-28 16:00:00+00:00
[2024-10-28T18:21:22.360+0000] {processor.py:208} INFO - Processing /home/airflow/.local/lib/python3.12/site-packages/airflow/example_dags/example_latest_only_with_trigger.py took 0.068 seconds
[2024-10-28T18:21:53.056+0000] {processor.py:186} INFO - Started process (PID=2443) to work on /home/airflow/.local/lib/python3.12/site-packages/airflow/example_dags/example_latest_only_with_trigger.py
[2024-10-28T18:21:53.057+0000] {processor.py:914} INFO - Processing file /home/airflow/.local/lib/python3.12/site-packages/airflow/example_dags/example_latest_only_with_trigger.py for tasks to queue
[2024-10-28T18:21:53.059+0000] {logging_mixin.py:190} INFO - [2024-10-28T18:21:53.059+0000] {dagbag.py:588} INFO - Filling up the DagBag from /home/airflow/.local/lib/python3.12/site-packages/airflow/example_dags/example_latest_only_with_trigger.py
[2024-10-28T18:21:53.064+0000] {processor.py:925} INFO - DAG(s) 'latest_only_with_trigger' retrieved from /home/airflow/.local/lib/python3.12/site-packages/airflow/example_dags/example_latest_only_with_trigger.py
[2024-10-28T18:21:53.079+0000] {logging_mixin.py:190} INFO - [2024-10-28T18:21:53.078+0000] {dag.py:3239} INFO - Sync 1 DAGs
[2024-10-28T18:21:53.095+0000] {logging_mixin.py:190} INFO - [2024-10-28T18:21:53.095+0000] {dag.py:4180} INFO - Setting next_dagrun for latest_only_with_trigger to 2024-10-28 12:00:00+00:00, run_after=2024-10-28 16:00:00+00:00
[2024-10-28T18:21:53.111+0000] {processor.py:208} INFO - Processing /home/airflow/.local/lib/python3.12/site-packages/airflow/example_dags/example_latest_only_with_trigger.py took 0.058 seconds
[2024-10-28T18:22:24.411+0000] {processor.py:186} INFO - Started process (PID=2509) to work on /home/airflow/.local/lib/python3.12/site-packages/airflow/example_dags/example_latest_only_with_trigger.py
[2024-10-28T18:22:24.412+0000] {processor.py:914} INFO - Processing file /home/airflow/.local/lib/python3.12/site-packages/airflow/example_dags/example_latest_only_with_trigger.py for tasks to queue
[2024-10-28T18:22:24.414+0000] {logging_mixin.py:190} INFO - [2024-10-28T18:22:24.414+0000] {dagbag.py:588} INFO - Filling up the DagBag from /home/airflow/.local/lib/python3.12/site-packages/airflow/example_dags/example_latest_only_with_trigger.py
[2024-10-28T18:22:24.419+0000] {processor.py:925} INFO - DAG(s) 'latest_only_with_trigger' retrieved from /home/airflow/.local/lib/python3.12/site-packages/airflow/example_dags/example_latest_only_with_trigger.py
[2024-10-28T18:22:24.436+0000] {logging_mixin.py:190} INFO - [2024-10-28T18:22:24.436+0000] {dag.py:3239} INFO - Sync 1 DAGs
[2024-10-28T18:22:24.456+0000] {logging_mixin.py:190} INFO - [2024-10-28T18:22:24.456+0000] {dag.py:4180} INFO - Setting next_dagrun for latest_only_with_trigger to 2024-10-28 12:00:00+00:00, run_after=2024-10-28 16:00:00+00:00
[2024-10-28T18:22:24.481+0000] {processor.py:208} INFO - Processing /home/airflow/.local/lib/python3.12/site-packages/airflow/example_dags/example_latest_only_with_trigger.py took 0.074 seconds
[2024-10-28T18:22:54.678+0000] {processor.py:186} INFO - Started process (PID=2575) to work on /home/airflow/.local/lib/python3.12/site-packages/airflow/example_dags/example_latest_only_with_trigger.py
[2024-10-28T18:22:54.679+0000] {processor.py:914} INFO - Processing file /home/airflow/.local/lib/python3.12/site-packages/airflow/example_dags/example_latest_only_with_trigger.py for tasks to queue
[2024-10-28T18:22:54.680+0000] {logging_mixin.py:190} INFO - [2024-10-28T18:22:54.680+0000] {dagbag.py:588} INFO - Filling up the DagBag from /home/airflow/.local/lib/python3.12/site-packages/airflow/example_dags/example_latest_only_with_trigger.py
[2024-10-28T18:22:54.685+0000] {processor.py:925} INFO - DAG(s) 'latest_only_with_trigger' retrieved from /home/airflow/.local/lib/python3.12/site-packages/airflow/example_dags/example_latest_only_with_trigger.py
[2024-10-28T18:22:54.699+0000] {logging_mixin.py:190} INFO - [2024-10-28T18:22:54.699+0000] {dag.py:3239} INFO - Sync 1 DAGs
[2024-10-28T18:22:54.714+0000] {logging_mixin.py:190} INFO - [2024-10-28T18:22:54.714+0000] {dag.py:4180} INFO - Setting next_dagrun for latest_only_with_trigger to 2024-10-28 12:00:00+00:00, run_after=2024-10-28 16:00:00+00:00
[2024-10-28T18:22:54.727+0000] {processor.py:208} INFO - Processing /home/airflow/.local/lib/python3.12/site-packages/airflow/example_dags/example_latest_only_with_trigger.py took 0.054 seconds
[2024-10-28T18:23:25.068+0000] {processor.py:186} INFO - Started process (PID=2641) to work on /home/airflow/.local/lib/python3.12/site-packages/airflow/example_dags/example_latest_only_with_trigger.py
[2024-10-28T18:23:25.069+0000] {processor.py:914} INFO - Processing file /home/airflow/.local/lib/python3.12/site-packages/airflow/example_dags/example_latest_only_with_trigger.py for tasks to queue
[2024-10-28T18:23:25.072+0000] {logging_mixin.py:190} INFO - [2024-10-28T18:23:25.071+0000] {dagbag.py:588} INFO - Filling up the DagBag from /home/airflow/.local/lib/python3.12/site-packages/airflow/example_dags/example_latest_only_with_trigger.py
[2024-10-28T18:23:25.077+0000] {processor.py:925} INFO - DAG(s) 'latest_only_with_trigger' retrieved from /home/airflow/.local/lib/python3.12/site-packages/airflow/example_dags/example_latest_only_with_trigger.py
[2024-10-28T18:23:25.094+0000] {logging_mixin.py:190} INFO - [2024-10-28T18:23:25.093+0000] {dag.py:3239} INFO - Sync 1 DAGs
[2024-10-28T18:23:25.112+0000] {logging_mixin.py:190} INFO - [2024-10-28T18:23:25.112+0000] {dag.py:4180} INFO - Setting next_dagrun for latest_only_with_trigger to 2024-10-28 12:00:00+00:00, run_after=2024-10-28 16:00:00+00:00
[2024-10-28T18:23:25.129+0000] {processor.py:208} INFO - Processing /home/airflow/.local/lib/python3.12/site-packages/airflow/example_dags/example_latest_only_with_trigger.py took 0.065 seconds
[2024-10-28T18:23:55.313+0000] {processor.py:186} INFO - Started process (PID=2707) to work on /home/airflow/.local/lib/python3.12/site-packages/airflow/example_dags/example_latest_only_with_trigger.py
[2024-10-28T18:23:55.313+0000] {processor.py:914} INFO - Processing file /home/airflow/.local/lib/python3.12/site-packages/airflow/example_dags/example_latest_only_with_trigger.py for tasks to queue
[2024-10-28T18:23:55.316+0000] {logging_mixin.py:190} INFO - [2024-10-28T18:23:55.316+0000] {dagbag.py:588} INFO - Filling up the DagBag from /home/airflow/.local/lib/python3.12/site-packages/airflow/example_dags/example_latest_only_with_trigger.py
[2024-10-28T18:23:55.321+0000] {processor.py:925} INFO - DAG(s) 'latest_only_with_trigger' retrieved from /home/airflow/.local/lib/python3.12/site-packages/airflow/example_dags/example_latest_only_with_trigger.py
[2024-10-28T18:23:55.335+0000] {logging_mixin.py:190} INFO - [2024-10-28T18:23:55.335+0000] {dag.py:3239} INFO - Sync 1 DAGs
[2024-10-28T18:23:55.352+0000] {logging_mixin.py:190} INFO - [2024-10-28T18:23:55.352+0000] {dag.py:4180} INFO - Setting next_dagrun for latest_only_with_trigger to 2024-10-28 12:00:00+00:00, run_after=2024-10-28 16:00:00+00:00
[2024-10-28T18:23:55.365+0000] {processor.py:208} INFO - Processing /home/airflow/.local/lib/python3.12/site-packages/airflow/example_dags/example_latest_only_with_trigger.py took 0.056 seconds
[2024-10-28T18:24:26.202+0000] {processor.py:186} INFO - Started process (PID=2773) to work on /home/airflow/.local/lib/python3.12/site-packages/airflow/example_dags/example_latest_only_with_trigger.py
[2024-10-28T18:24:26.203+0000] {processor.py:914} INFO - Processing file /home/airflow/.local/lib/python3.12/site-packages/airflow/example_dags/example_latest_only_with_trigger.py for tasks to queue
[2024-10-28T18:24:26.205+0000] {logging_mixin.py:190} INFO - [2024-10-28T18:24:26.205+0000] {dagbag.py:588} INFO - Filling up the DagBag from /home/airflow/.local/lib/python3.12/site-packages/airflow/example_dags/example_latest_only_with_trigger.py
[2024-10-28T18:24:26.210+0000] {processor.py:925} INFO - DAG(s) 'latest_only_with_trigger' retrieved from /home/airflow/.local/lib/python3.12/site-packages/airflow/example_dags/example_latest_only_with_trigger.py
[2024-10-28T18:24:26.224+0000] {logging_mixin.py:190} INFO - [2024-10-28T18:24:26.224+0000] {dag.py:3239} INFO - Sync 1 DAGs
[2024-10-28T18:24:26.241+0000] {logging_mixin.py:190} INFO - [2024-10-28T18:24:26.241+0000] {dag.py:4180} INFO - Setting next_dagrun for latest_only_with_trigger to 2024-10-28 12:00:00+00:00, run_after=2024-10-28 16:00:00+00:00
[2024-10-28T18:24:26.254+0000] {processor.py:208} INFO - Processing /home/airflow/.local/lib/python3.12/site-packages/airflow/example_dags/example_latest_only_with_trigger.py took 0.056 seconds
[2024-10-28T18:24:56.701+0000] {processor.py:186} INFO - Started process (PID=2839) to work on /home/airflow/.local/lib/python3.12/site-packages/airflow/example_dags/example_latest_only_with_trigger.py
[2024-10-28T18:24:56.702+0000] {processor.py:914} INFO - Processing file /home/airflow/.local/lib/python3.12/site-packages/airflow/example_dags/example_latest_only_with_trigger.py for tasks to queue
[2024-10-28T18:24:56.705+0000] {logging_mixin.py:190} INFO - [2024-10-28T18:24:56.705+0000] {dagbag.py:588} INFO - Filling up the DagBag from /home/airflow/.local/lib/python3.12/site-packages/airflow/example_dags/example_latest_only_with_trigger.py
[2024-10-28T18:24:56.714+0000] {processor.py:925} INFO - DAG(s) 'latest_only_with_trigger' retrieved from /home/airflow/.local/lib/python3.12/site-packages/airflow/example_dags/example_latest_only_with_trigger.py
[2024-10-28T18:24:56.738+0000] {logging_mixin.py:190} INFO - [2024-10-28T18:24:56.737+0000] {dag.py:3239} INFO - Sync 1 DAGs
[2024-10-28T18:24:56.763+0000] {logging_mixin.py:190} INFO - [2024-10-28T18:24:56.763+0000] {dag.py:4180} INFO - Setting next_dagrun for latest_only_with_trigger to 2024-10-28 12:00:00+00:00, run_after=2024-10-28 16:00:00+00:00
[2024-10-28T18:24:56.798+0000] {processor.py:208} INFO - Processing /home/airflow/.local/lib/python3.12/site-packages/airflow/example_dags/example_latest_only_with_trigger.py took 0.104 seconds
