[2024-10-28T18:03:55.317+0000] {processor.py:186} INFO - Started process (PID=105) to work on /home/airflow/.local/lib/python3.12/site-packages/airflow/example_dags/example_sla_dag.py
[2024-10-28T18:03:55.319+0000] {processor.py:914} INFO - Processing file /home/airflow/.local/lib/python3.12/site-packages/airflow/example_dags/example_sla_dag.py for tasks to queue
[2024-10-28T18:03:55.324+0000] {logging_mixin.py:190} INFO - [2024-10-28T18:03:55.323+0000] {dagbag.py:588} INFO - Filling up the DagBag from /home/airflow/.local/lib/python3.12/site-packages/airflow/example_dags/example_sla_dag.py
[2024-10-28T18:03:55.342+0000] {processor.py:925} INFO - DAG(s) 'example_sla_dag' retrieved from /home/airflow/.local/lib/python3.12/site-packages/airflow/example_dags/example_sla_dag.py
[2024-10-28T18:03:55.391+0000] {logging_mixin.py:190} INFO - [2024-10-28T18:03:55.390+0000] {dag.py:3239} INFO - Sync 1 DAGs
[2024-10-28T18:03:55.457+0000] {logging_mixin.py:190} INFO - [2024-10-28T18:03:55.457+0000] {dag.py:4180} INFO - Setting next_dagrun for example_sla_dag to 2024-10-28 18:00:00+00:00, run_after=2024-10-28 18:02:00+00:00
[2024-10-28T18:03:55.501+0000] {processor.py:208} INFO - Processing /home/airflow/.local/lib/python3.12/site-packages/airflow/example_dags/example_sla_dag.py took 0.196 seconds
[2024-10-28T18:04:26.034+0000] {processor.py:186} INFO - Started process (PID=171) to work on /home/airflow/.local/lib/python3.12/site-packages/airflow/example_dags/example_sla_dag.py
[2024-10-28T18:04:26.035+0000] {processor.py:914} INFO - Processing file /home/airflow/.local/lib/python3.12/site-packages/airflow/example_dags/example_sla_dag.py for tasks to queue
[2024-10-28T18:04:26.037+0000] {logging_mixin.py:190} INFO - [2024-10-28T18:04:26.037+0000] {dagbag.py:588} INFO - Filling up the DagBag from /home/airflow/.local/lib/python3.12/site-packages/airflow/example_dags/example_sla_dag.py
[2024-10-28T18:04:26.044+0000] {processor.py:925} INFO - DAG(s) 'example_sla_dag' retrieved from /home/airflow/.local/lib/python3.12/site-packages/airflow/example_dags/example_sla_dag.py
[2024-10-28T18:04:26.059+0000] {logging_mixin.py:190} INFO - [2024-10-28T18:04:26.059+0000] {dag.py:3239} INFO - Sync 1 DAGs
[2024-10-28T18:04:26.078+0000] {logging_mixin.py:190} INFO - [2024-10-28T18:04:26.078+0000] {dag.py:4180} INFO - Setting next_dagrun for example_sla_dag to 2024-10-28 18:02:00+00:00, run_after=2024-10-28 18:04:00+00:00
[2024-10-28T18:04:26.091+0000] {processor.py:208} INFO - Processing /home/airflow/.local/lib/python3.12/site-packages/airflow/example_dags/example_sla_dag.py took 0.061 seconds
[2024-10-28T18:04:56.945+0000] {processor.py:186} INFO - Started process (PID=237) to work on /home/airflow/.local/lib/python3.12/site-packages/airflow/example_dags/example_sla_dag.py
[2024-10-28T18:04:56.945+0000] {processor.py:914} INFO - Processing file /home/airflow/.local/lib/python3.12/site-packages/airflow/example_dags/example_sla_dag.py for tasks to queue
[2024-10-28T18:04:56.947+0000] {logging_mixin.py:190} INFO - [2024-10-28T18:04:56.947+0000] {dagbag.py:588} INFO - Filling up the DagBag from /home/airflow/.local/lib/python3.12/site-packages/airflow/example_dags/example_sla_dag.py
[2024-10-28T18:04:56.954+0000] {processor.py:925} INFO - DAG(s) 'example_sla_dag' retrieved from /home/airflow/.local/lib/python3.12/site-packages/airflow/example_dags/example_sla_dag.py
[2024-10-28T18:04:56.969+0000] {logging_mixin.py:190} INFO - [2024-10-28T18:04:56.968+0000] {dag.py:3239} INFO - Sync 1 DAGs
[2024-10-28T18:04:56.989+0000] {logging_mixin.py:190} INFO - [2024-10-28T18:04:56.989+0000] {dag.py:4180} INFO - Setting next_dagrun for example_sla_dag to 2024-10-28 18:02:00+00:00, run_after=2024-10-28 18:04:00+00:00
[2024-10-28T18:04:57.013+0000] {processor.py:208} INFO - Processing /home/airflow/.local/lib/python3.12/site-packages/airflow/example_dags/example_sla_dag.py took 0.072 seconds
[2024-10-28T18:05:27.678+0000] {processor.py:186} INFO - Started process (PID=303) to work on /home/airflow/.local/lib/python3.12/site-packages/airflow/example_dags/example_sla_dag.py
[2024-10-28T18:05:27.679+0000] {processor.py:914} INFO - Processing file /home/airflow/.local/lib/python3.12/site-packages/airflow/example_dags/example_sla_dag.py for tasks to queue
[2024-10-28T18:05:27.681+0000] {logging_mixin.py:190} INFO - [2024-10-28T18:05:27.681+0000] {dagbag.py:588} INFO - Filling up the DagBag from /home/airflow/.local/lib/python3.12/site-packages/airflow/example_dags/example_sla_dag.py
[2024-10-28T18:05:27.688+0000] {processor.py:925} INFO - DAG(s) 'example_sla_dag' retrieved from /home/airflow/.local/lib/python3.12/site-packages/airflow/example_dags/example_sla_dag.py
[2024-10-28T18:05:27.704+0000] {logging_mixin.py:190} INFO - [2024-10-28T18:05:27.704+0000] {dag.py:3239} INFO - Sync 1 DAGs
[2024-10-28T18:05:27.721+0000] {logging_mixin.py:190} INFO - [2024-10-28T18:05:27.721+0000] {dag.py:4180} INFO - Setting next_dagrun for example_sla_dag to 2024-10-28 18:02:00+00:00, run_after=2024-10-28 18:04:00+00:00
[2024-10-28T18:05:27.745+0000] {processor.py:208} INFO - Processing /home/airflow/.local/lib/python3.12/site-packages/airflow/example_dags/example_sla_dag.py took 0.071 seconds
[2024-10-28T18:05:58.480+0000] {processor.py:186} INFO - Started process (PID=369) to work on /home/airflow/.local/lib/python3.12/site-packages/airflow/example_dags/example_sla_dag.py
[2024-10-28T18:05:58.481+0000] {processor.py:914} INFO - Processing file /home/airflow/.local/lib/python3.12/site-packages/airflow/example_dags/example_sla_dag.py for tasks to queue
[2024-10-28T18:05:58.483+0000] {logging_mixin.py:190} INFO - [2024-10-28T18:05:58.483+0000] {dagbag.py:588} INFO - Filling up the DagBag from /home/airflow/.local/lib/python3.12/site-packages/airflow/example_dags/example_sla_dag.py
[2024-10-28T18:05:58.490+0000] {processor.py:925} INFO - DAG(s) 'example_sla_dag' retrieved from /home/airflow/.local/lib/python3.12/site-packages/airflow/example_dags/example_sla_dag.py
[2024-10-28T18:05:58.507+0000] {logging_mixin.py:190} INFO - [2024-10-28T18:05:58.506+0000] {dag.py:3239} INFO - Sync 1 DAGs
[2024-10-28T18:05:58.525+0000] {logging_mixin.py:190} INFO - [2024-10-28T18:05:58.525+0000] {dag.py:4180} INFO - Setting next_dagrun for example_sla_dag to 2024-10-28 18:02:00+00:00, run_after=2024-10-28 18:04:00+00:00
[2024-10-28T18:05:58.550+0000] {processor.py:208} INFO - Processing /home/airflow/.local/lib/python3.12/site-packages/airflow/example_dags/example_sla_dag.py took 0.074 seconds
[2024-10-28T18:06:29.338+0000] {processor.py:186} INFO - Started process (PID=435) to work on /home/airflow/.local/lib/python3.12/site-packages/airflow/example_dags/example_sla_dag.py
[2024-10-28T18:06:29.340+0000] {processor.py:914} INFO - Processing file /home/airflow/.local/lib/python3.12/site-packages/airflow/example_dags/example_sla_dag.py for tasks to queue
[2024-10-28T18:06:29.343+0000] {logging_mixin.py:190} INFO - [2024-10-28T18:06:29.342+0000] {dagbag.py:588} INFO - Filling up the DagBag from /home/airflow/.local/lib/python3.12/site-packages/airflow/example_dags/example_sla_dag.py
[2024-10-28T18:06:29.351+0000] {processor.py:925} INFO - DAG(s) 'example_sla_dag' retrieved from /home/airflow/.local/lib/python3.12/site-packages/airflow/example_dags/example_sla_dag.py
[2024-10-28T18:06:29.369+0000] {logging_mixin.py:190} INFO - [2024-10-28T18:06:29.368+0000] {dag.py:3239} INFO - Sync 1 DAGs
[2024-10-28T18:06:29.395+0000] {logging_mixin.py:190} INFO - [2024-10-28T18:06:29.395+0000] {dag.py:4180} INFO - Setting next_dagrun for example_sla_dag to 2024-10-28 18:04:00+00:00, run_after=2024-10-28 18:06:00+00:00
[2024-10-28T18:06:29.414+0000] {processor.py:208} INFO - Processing /home/airflow/.local/lib/python3.12/site-packages/airflow/example_dags/example_sla_dag.py took 0.080 seconds
[2024-10-28T18:07:00.027+0000] {processor.py:186} INFO - Started process (PID=501) to work on /home/airflow/.local/lib/python3.12/site-packages/airflow/example_dags/example_sla_dag.py
[2024-10-28T18:07:00.028+0000] {processor.py:914} INFO - Processing file /home/airflow/.local/lib/python3.12/site-packages/airflow/example_dags/example_sla_dag.py for tasks to queue
[2024-10-28T18:07:00.030+0000] {logging_mixin.py:190} INFO - [2024-10-28T18:07:00.030+0000] {dagbag.py:588} INFO - Filling up the DagBag from /home/airflow/.local/lib/python3.12/site-packages/airflow/example_dags/example_sla_dag.py
[2024-10-28T18:07:00.040+0000] {processor.py:925} INFO - DAG(s) 'example_sla_dag' retrieved from /home/airflow/.local/lib/python3.12/site-packages/airflow/example_dags/example_sla_dag.py
[2024-10-28T18:07:00.058+0000] {logging_mixin.py:190} INFO - [2024-10-28T18:07:00.058+0000] {dag.py:3239} INFO - Sync 1 DAGs
[2024-10-28T18:07:00.086+0000] {logging_mixin.py:190} INFO - [2024-10-28T18:07:00.086+0000] {dag.py:4180} INFO - Setting next_dagrun for example_sla_dag to 2024-10-28 18:04:00+00:00, run_after=2024-10-28 18:06:00+00:00
[2024-10-28T18:07:00.112+0000] {processor.py:208} INFO - Processing /home/airflow/.local/lib/python3.12/site-packages/airflow/example_dags/example_sla_dag.py took 0.090 seconds
[2024-10-28T18:07:30.650+0000] {processor.py:186} INFO - Started process (PID=567) to work on /home/airflow/.local/lib/python3.12/site-packages/airflow/example_dags/example_sla_dag.py
[2024-10-28T18:07:30.651+0000] {processor.py:914} INFO - Processing file /home/airflow/.local/lib/python3.12/site-packages/airflow/example_dags/example_sla_dag.py for tasks to queue
[2024-10-28T18:07:30.653+0000] {logging_mixin.py:190} INFO - [2024-10-28T18:07:30.653+0000] {dagbag.py:588} INFO - Filling up the DagBag from /home/airflow/.local/lib/python3.12/site-packages/airflow/example_dags/example_sla_dag.py
[2024-10-28T18:07:30.659+0000] {processor.py:925} INFO - DAG(s) 'example_sla_dag' retrieved from /home/airflow/.local/lib/python3.12/site-packages/airflow/example_dags/example_sla_dag.py
[2024-10-28T18:07:30.675+0000] {logging_mixin.py:190} INFO - [2024-10-28T18:07:30.675+0000] {dag.py:3239} INFO - Sync 1 DAGs
[2024-10-28T18:07:30.693+0000] {logging_mixin.py:190} INFO - [2024-10-28T18:07:30.693+0000] {dag.py:4180} INFO - Setting next_dagrun for example_sla_dag to 2024-10-28 18:04:00+00:00, run_after=2024-10-28 18:06:00+00:00
[2024-10-28T18:07:30.718+0000] {processor.py:208} INFO - Processing /home/airflow/.local/lib/python3.12/site-packages/airflow/example_dags/example_sla_dag.py took 0.073 seconds
[2024-10-28T18:08:01.260+0000] {processor.py:186} INFO - Started process (PID=633) to work on /home/airflow/.local/lib/python3.12/site-packages/airflow/example_dags/example_sla_dag.py
[2024-10-28T18:08:01.261+0000] {processor.py:914} INFO - Processing file /home/airflow/.local/lib/python3.12/site-packages/airflow/example_dags/example_sla_dag.py for tasks to queue
[2024-10-28T18:08:01.262+0000] {logging_mixin.py:190} INFO - [2024-10-28T18:08:01.262+0000] {dagbag.py:588} INFO - Filling up the DagBag from /home/airflow/.local/lib/python3.12/site-packages/airflow/example_dags/example_sla_dag.py
[2024-10-28T18:08:01.268+0000] {processor.py:925} INFO - DAG(s) 'example_sla_dag' retrieved from /home/airflow/.local/lib/python3.12/site-packages/airflow/example_dags/example_sla_dag.py
[2024-10-28T18:08:01.283+0000] {logging_mixin.py:190} INFO - [2024-10-28T18:08:01.282+0000] {dag.py:3239} INFO - Sync 1 DAGs
[2024-10-28T18:08:01.300+0000] {logging_mixin.py:190} INFO - [2024-10-28T18:08:01.300+0000] {dag.py:4180} INFO - Setting next_dagrun for example_sla_dag to 2024-10-28 18:06:00+00:00, run_after=2024-10-28 18:08:00+00:00
[2024-10-28T18:08:01.324+0000] {processor.py:208} INFO - Processing /home/airflow/.local/lib/python3.12/site-packages/airflow/example_dags/example_sla_dag.py took 0.068 seconds
[2024-10-28T18:08:31.550+0000] {processor.py:186} INFO - Started process (PID=698) to work on /home/airflow/.local/lib/python3.12/site-packages/airflow/example_dags/example_sla_dag.py
[2024-10-28T18:08:31.551+0000] {processor.py:914} INFO - Processing file /home/airflow/.local/lib/python3.12/site-packages/airflow/example_dags/example_sla_dag.py for tasks to queue
[2024-10-28T18:08:31.552+0000] {logging_mixin.py:190} INFO - [2024-10-28T18:08:31.552+0000] {dagbag.py:588} INFO - Filling up the DagBag from /home/airflow/.local/lib/python3.12/site-packages/airflow/example_dags/example_sla_dag.py
[2024-10-28T18:08:31.559+0000] {processor.py:925} INFO - DAG(s) 'example_sla_dag' retrieved from /home/airflow/.local/lib/python3.12/site-packages/airflow/example_dags/example_sla_dag.py
[2024-10-28T18:08:31.576+0000] {logging_mixin.py:190} INFO - [2024-10-28T18:08:31.575+0000] {dag.py:3239} INFO - Sync 1 DAGs
[2024-10-28T18:08:31.598+0000] {logging_mixin.py:190} INFO - [2024-10-28T18:08:31.598+0000] {dag.py:4180} INFO - Setting next_dagrun for example_sla_dag to 2024-10-28 18:06:00+00:00, run_after=2024-10-28 18:08:00+00:00
[2024-10-28T18:08:31.622+0000] {processor.py:208} INFO - Processing /home/airflow/.local/lib/python3.12/site-packages/airflow/example_dags/example_sla_dag.py took 0.076 seconds
[2024-10-28T18:09:01.883+0000] {processor.py:186} INFO - Started process (PID=764) to work on /home/airflow/.local/lib/python3.12/site-packages/airflow/example_dags/example_sla_dag.py
[2024-10-28T18:09:01.884+0000] {processor.py:914} INFO - Processing file /home/airflow/.local/lib/python3.12/site-packages/airflow/example_dags/example_sla_dag.py for tasks to queue
[2024-10-28T18:09:01.887+0000] {logging_mixin.py:190} INFO - [2024-10-28T18:09:01.886+0000] {dagbag.py:588} INFO - Filling up the DagBag from /home/airflow/.local/lib/python3.12/site-packages/airflow/example_dags/example_sla_dag.py
[2024-10-28T18:09:01.897+0000] {processor.py:925} INFO - DAG(s) 'example_sla_dag' retrieved from /home/airflow/.local/lib/python3.12/site-packages/airflow/example_dags/example_sla_dag.py
[2024-10-28T18:09:01.916+0000] {logging_mixin.py:190} INFO - [2024-10-28T18:09:01.916+0000] {dag.py:3239} INFO - Sync 1 DAGs
[2024-10-28T18:09:01.941+0000] {logging_mixin.py:190} INFO - [2024-10-28T18:09:01.941+0000] {dag.py:4180} INFO - Setting next_dagrun for example_sla_dag to 2024-10-28 18:06:00+00:00, run_after=2024-10-28 18:08:00+00:00
[2024-10-28T18:09:01.977+0000] {processor.py:208} INFO - Processing /home/airflow/.local/lib/python3.12/site-packages/airflow/example_dags/example_sla_dag.py took 0.099 seconds
[2024-10-28T18:09:32.464+0000] {processor.py:186} INFO - Started process (PID=830) to work on /home/airflow/.local/lib/python3.12/site-packages/airflow/example_dags/example_sla_dag.py
[2024-10-28T18:09:32.465+0000] {processor.py:914} INFO - Processing file /home/airflow/.local/lib/python3.12/site-packages/airflow/example_dags/example_sla_dag.py for tasks to queue
[2024-10-28T18:09:32.466+0000] {logging_mixin.py:190} INFO - [2024-10-28T18:09:32.466+0000] {dagbag.py:588} INFO - Filling up the DagBag from /home/airflow/.local/lib/python3.12/site-packages/airflow/example_dags/example_sla_dag.py
[2024-10-28T18:09:32.476+0000] {processor.py:925} INFO - DAG(s) 'example_sla_dag' retrieved from /home/airflow/.local/lib/python3.12/site-packages/airflow/example_dags/example_sla_dag.py
[2024-10-28T18:09:32.492+0000] {logging_mixin.py:190} INFO - [2024-10-28T18:09:32.492+0000] {dag.py:3239} INFO - Sync 1 DAGs
[2024-10-28T18:09:32.513+0000] {logging_mixin.py:190} INFO - [2024-10-28T18:09:32.512+0000] {dag.py:4180} INFO - Setting next_dagrun for example_sla_dag to 2024-10-28 18:06:00+00:00, run_after=2024-10-28 18:08:00+00:00
[2024-10-28T18:09:32.541+0000] {processor.py:208} INFO - Processing /home/airflow/.local/lib/python3.12/site-packages/airflow/example_dags/example_sla_dag.py took 0.082 seconds
[2024-10-28T18:10:02.619+0000] {processor.py:186} INFO - Started process (PID=895) to work on /home/airflow/.local/lib/python3.12/site-packages/airflow/example_dags/example_sla_dag.py
[2024-10-28T18:10:02.620+0000] {processor.py:914} INFO - Processing file /home/airflow/.local/lib/python3.12/site-packages/airflow/example_dags/example_sla_dag.py for tasks to queue
[2024-10-28T18:10:02.621+0000] {logging_mixin.py:190} INFO - [2024-10-28T18:10:02.621+0000] {dagbag.py:588} INFO - Filling up the DagBag from /home/airflow/.local/lib/python3.12/site-packages/airflow/example_dags/example_sla_dag.py
[2024-10-28T18:10:02.627+0000] {processor.py:925} INFO - DAG(s) 'example_sla_dag' retrieved from /home/airflow/.local/lib/python3.12/site-packages/airflow/example_dags/example_sla_dag.py
[2024-10-28T18:10:02.641+0000] {logging_mixin.py:190} INFO - [2024-10-28T18:10:02.641+0000] {dag.py:3239} INFO - Sync 1 DAGs
[2024-10-28T18:10:02.657+0000] {logging_mixin.py:190} INFO - [2024-10-28T18:10:02.657+0000] {dag.py:4180} INFO - Setting next_dagrun for example_sla_dag to 2024-10-28 18:08:00+00:00, run_after=2024-10-28 18:10:00+00:00
[2024-10-28T18:10:02.672+0000] {processor.py:208} INFO - Processing /home/airflow/.local/lib/python3.12/site-packages/airflow/example_dags/example_sla_dag.py took 0.057 seconds
[2024-10-28T18:10:32.877+0000] {processor.py:186} INFO - Started process (PID=961) to work on /home/airflow/.local/lib/python3.12/site-packages/airflow/example_dags/example_sla_dag.py
[2024-10-28T18:10:32.877+0000] {processor.py:914} INFO - Processing file /home/airflow/.local/lib/python3.12/site-packages/airflow/example_dags/example_sla_dag.py for tasks to queue
[2024-10-28T18:10:32.879+0000] {logging_mixin.py:190} INFO - [2024-10-28T18:10:32.879+0000] {dagbag.py:588} INFO - Filling up the DagBag from /home/airflow/.local/lib/python3.12/site-packages/airflow/example_dags/example_sla_dag.py
[2024-10-28T18:10:32.886+0000] {processor.py:925} INFO - DAG(s) 'example_sla_dag' retrieved from /home/airflow/.local/lib/python3.12/site-packages/airflow/example_dags/example_sla_dag.py
[2024-10-28T18:10:32.898+0000] {logging_mixin.py:190} INFO - [2024-10-28T18:10:32.898+0000] {dag.py:3239} INFO - Sync 1 DAGs
[2024-10-28T18:10:32.914+0000] {logging_mixin.py:190} INFO - [2024-10-28T18:10:32.914+0000] {dag.py:4180} INFO - Setting next_dagrun for example_sla_dag to 2024-10-28 18:08:00+00:00, run_after=2024-10-28 18:10:00+00:00
[2024-10-28T18:10:32.935+0000] {processor.py:208} INFO - Processing /home/airflow/.local/lib/python3.12/site-packages/airflow/example_dags/example_sla_dag.py took 0.062 seconds
[2024-10-28T18:11:03.122+0000] {processor.py:186} INFO - Started process (PID=1027) to work on /home/airflow/.local/lib/python3.12/site-packages/airflow/example_dags/example_sla_dag.py
[2024-10-28T18:11:03.123+0000] {processor.py:914} INFO - Processing file /home/airflow/.local/lib/python3.12/site-packages/airflow/example_dags/example_sla_dag.py for tasks to queue
[2024-10-28T18:11:03.125+0000] {logging_mixin.py:190} INFO - [2024-10-28T18:11:03.125+0000] {dagbag.py:588} INFO - Filling up the DagBag from /home/airflow/.local/lib/python3.12/site-packages/airflow/example_dags/example_sla_dag.py
[2024-10-28T18:11:03.132+0000] {processor.py:925} INFO - DAG(s) 'example_sla_dag' retrieved from /home/airflow/.local/lib/python3.12/site-packages/airflow/example_dags/example_sla_dag.py
[2024-10-28T18:11:03.147+0000] {logging_mixin.py:190} INFO - [2024-10-28T18:11:03.147+0000] {dag.py:3239} INFO - Sync 1 DAGs
[2024-10-28T18:11:03.163+0000] {logging_mixin.py:190} INFO - [2024-10-28T18:11:03.163+0000] {dag.py:4180} INFO - Setting next_dagrun for example_sla_dag to 2024-10-28 18:08:00+00:00, run_after=2024-10-28 18:10:00+00:00
[2024-10-28T18:11:03.188+0000] {processor.py:208} INFO - Processing /home/airflow/.local/lib/python3.12/site-packages/airflow/example_dags/example_sla_dag.py took 0.070 seconds
[2024-10-28T18:11:33.270+0000] {processor.py:186} INFO - Started process (PID=1093) to work on /home/airflow/.local/lib/python3.12/site-packages/airflow/example_dags/example_sla_dag.py
[2024-10-28T18:11:33.271+0000] {processor.py:914} INFO - Processing file /home/airflow/.local/lib/python3.12/site-packages/airflow/example_dags/example_sla_dag.py for tasks to queue
[2024-10-28T18:11:33.273+0000] {logging_mixin.py:190} INFO - [2024-10-28T18:11:33.273+0000] {dagbag.py:588} INFO - Filling up the DagBag from /home/airflow/.local/lib/python3.12/site-packages/airflow/example_dags/example_sla_dag.py
[2024-10-28T18:11:33.280+0000] {processor.py:925} INFO - DAG(s) 'example_sla_dag' retrieved from /home/airflow/.local/lib/python3.12/site-packages/airflow/example_dags/example_sla_dag.py
[2024-10-28T18:11:33.294+0000] {logging_mixin.py:190} INFO - [2024-10-28T18:11:33.293+0000] {dag.py:3239} INFO - Sync 1 DAGs
[2024-10-28T18:11:33.312+0000] {logging_mixin.py:190} INFO - [2024-10-28T18:11:33.312+0000] {dag.py:4180} INFO - Setting next_dagrun for example_sla_dag to 2024-10-28 18:08:00+00:00, run_after=2024-10-28 18:10:00+00:00
[2024-10-28T18:11:33.333+0000] {processor.py:208} INFO - Processing /home/airflow/.local/lib/python3.12/site-packages/airflow/example_dags/example_sla_dag.py took 0.067 seconds
[2024-10-28T18:12:04.199+0000] {processor.py:186} INFO - Started process (PID=1159) to work on /home/airflow/.local/lib/python3.12/site-packages/airflow/example_dags/example_sla_dag.py
[2024-10-28T18:12:04.200+0000] {processor.py:914} INFO - Processing file /home/airflow/.local/lib/python3.12/site-packages/airflow/example_dags/example_sla_dag.py for tasks to queue
[2024-10-28T18:12:04.202+0000] {logging_mixin.py:190} INFO - [2024-10-28T18:12:04.201+0000] {dagbag.py:588} INFO - Filling up the DagBag from /home/airflow/.local/lib/python3.12/site-packages/airflow/example_dags/example_sla_dag.py
[2024-10-28T18:12:04.208+0000] {processor.py:925} INFO - DAG(s) 'example_sla_dag' retrieved from /home/airflow/.local/lib/python3.12/site-packages/airflow/example_dags/example_sla_dag.py
[2024-10-28T18:12:04.221+0000] {logging_mixin.py:190} INFO - [2024-10-28T18:12:04.221+0000] {dag.py:3239} INFO - Sync 1 DAGs
[2024-10-28T18:12:04.238+0000] {logging_mixin.py:190} INFO - [2024-10-28T18:12:04.238+0000] {dag.py:4180} INFO - Setting next_dagrun for example_sla_dag to 2024-10-28 18:10:00+00:00, run_after=2024-10-28 18:12:00+00:00
[2024-10-28T18:12:04.259+0000] {processor.py:208} INFO - Processing /home/airflow/.local/lib/python3.12/site-packages/airflow/example_dags/example_sla_dag.py took 0.063 seconds
[2024-10-28T18:12:34.621+0000] {processor.py:186} INFO - Started process (PID=1226) to work on /home/airflow/.local/lib/python3.12/site-packages/airflow/example_dags/example_sla_dag.py
[2024-10-28T18:12:34.622+0000] {processor.py:914} INFO - Processing file /home/airflow/.local/lib/python3.12/site-packages/airflow/example_dags/example_sla_dag.py for tasks to queue
[2024-10-28T18:12:34.624+0000] {logging_mixin.py:190} INFO - [2024-10-28T18:12:34.623+0000] {dagbag.py:588} INFO - Filling up the DagBag from /home/airflow/.local/lib/python3.12/site-packages/airflow/example_dags/example_sla_dag.py
[2024-10-28T18:12:34.629+0000] {processor.py:925} INFO - DAG(s) 'example_sla_dag' retrieved from /home/airflow/.local/lib/python3.12/site-packages/airflow/example_dags/example_sla_dag.py
[2024-10-28T18:12:34.643+0000] {logging_mixin.py:190} INFO - [2024-10-28T18:12:34.643+0000] {dag.py:3239} INFO - Sync 1 DAGs
[2024-10-28T18:12:34.658+0000] {logging_mixin.py:190} INFO - [2024-10-28T18:12:34.658+0000] {dag.py:4180} INFO - Setting next_dagrun for example_sla_dag to 2024-10-28 18:10:00+00:00, run_after=2024-10-28 18:12:00+00:00
[2024-10-28T18:12:34.676+0000] {processor.py:208} INFO - Processing /home/airflow/.local/lib/python3.12/site-packages/airflow/example_dags/example_sla_dag.py took 0.059 seconds
[2024-10-28T18:13:05.527+0000] {processor.py:186} INFO - Started process (PID=1292) to work on /home/airflow/.local/lib/python3.12/site-packages/airflow/example_dags/example_sla_dag.py
[2024-10-28T18:13:05.528+0000] {processor.py:914} INFO - Processing file /home/airflow/.local/lib/python3.12/site-packages/airflow/example_dags/example_sla_dag.py for tasks to queue
[2024-10-28T18:13:05.530+0000] {logging_mixin.py:190} INFO - [2024-10-28T18:13:05.530+0000] {dagbag.py:588} INFO - Filling up the DagBag from /home/airflow/.local/lib/python3.12/site-packages/airflow/example_dags/example_sla_dag.py
[2024-10-28T18:13:05.537+0000] {processor.py:925} INFO - DAG(s) 'example_sla_dag' retrieved from /home/airflow/.local/lib/python3.12/site-packages/airflow/example_dags/example_sla_dag.py
[2024-10-28T18:13:05.550+0000] {logging_mixin.py:190} INFO - [2024-10-28T18:13:05.550+0000] {dag.py:3239} INFO - Sync 1 DAGs
[2024-10-28T18:13:05.566+0000] {logging_mixin.py:190} INFO - [2024-10-28T18:13:05.566+0000] {dag.py:4180} INFO - Setting next_dagrun for example_sla_dag to 2024-10-28 18:10:00+00:00, run_after=2024-10-28 18:12:00+00:00
[2024-10-28T18:13:05.586+0000] {processor.py:208} INFO - Processing /home/airflow/.local/lib/python3.12/site-packages/airflow/example_dags/example_sla_dag.py took 0.063 seconds
[2024-10-28T18:13:36.434+0000] {processor.py:186} INFO - Started process (PID=1358) to work on /home/airflow/.local/lib/python3.12/site-packages/airflow/example_dags/example_sla_dag.py
[2024-10-28T18:13:36.435+0000] {processor.py:914} INFO - Processing file /home/airflow/.local/lib/python3.12/site-packages/airflow/example_dags/example_sla_dag.py for tasks to queue
[2024-10-28T18:13:36.436+0000] {logging_mixin.py:190} INFO - [2024-10-28T18:13:36.436+0000] {dagbag.py:588} INFO - Filling up the DagBag from /home/airflow/.local/lib/python3.12/site-packages/airflow/example_dags/example_sla_dag.py
[2024-10-28T18:13:36.443+0000] {processor.py:925} INFO - DAG(s) 'example_sla_dag' retrieved from /home/airflow/.local/lib/python3.12/site-packages/airflow/example_dags/example_sla_dag.py
[2024-10-28T18:13:36.454+0000] {logging_mixin.py:190} INFO - [2024-10-28T18:13:36.454+0000] {dag.py:3239} INFO - Sync 1 DAGs
[2024-10-28T18:13:36.470+0000] {logging_mixin.py:190} INFO - [2024-10-28T18:13:36.470+0000] {dag.py:4180} INFO - Setting next_dagrun for example_sla_dag to 2024-10-28 18:10:00+00:00, run_after=2024-10-28 18:12:00+00:00
[2024-10-28T18:13:36.490+0000] {processor.py:208} INFO - Processing /home/airflow/.local/lib/python3.12/site-packages/airflow/example_dags/example_sla_dag.py took 0.060 seconds
[2024-10-28T18:14:07.323+0000] {processor.py:186} INFO - Started process (PID=1424) to work on /home/airflow/.local/lib/python3.12/site-packages/airflow/example_dags/example_sla_dag.py
[2024-10-28T18:14:07.324+0000] {processor.py:914} INFO - Processing file /home/airflow/.local/lib/python3.12/site-packages/airflow/example_dags/example_sla_dag.py for tasks to queue
[2024-10-28T18:14:07.325+0000] {logging_mixin.py:190} INFO - [2024-10-28T18:14:07.325+0000] {dagbag.py:588} INFO - Filling up the DagBag from /home/airflow/.local/lib/python3.12/site-packages/airflow/example_dags/example_sla_dag.py
[2024-10-28T18:14:07.332+0000] {processor.py:925} INFO - DAG(s) 'example_sla_dag' retrieved from /home/airflow/.local/lib/python3.12/site-packages/airflow/example_dags/example_sla_dag.py
[2024-10-28T18:14:07.345+0000] {logging_mixin.py:190} INFO - [2024-10-28T18:14:07.345+0000] {dag.py:3239} INFO - Sync 1 DAGs
[2024-10-28T18:14:07.362+0000] {logging_mixin.py:190} INFO - [2024-10-28T18:14:07.362+0000] {dag.py:4180} INFO - Setting next_dagrun for example_sla_dag to 2024-10-28 18:12:00+00:00, run_after=2024-10-28 18:14:00+00:00
[2024-10-28T18:14:07.379+0000] {processor.py:208} INFO - Processing /home/airflow/.local/lib/python3.12/site-packages/airflow/example_dags/example_sla_dag.py took 0.060 seconds
[2024-10-28T18:14:38.238+0000] {processor.py:186} INFO - Started process (PID=1490) to work on /home/airflow/.local/lib/python3.12/site-packages/airflow/example_dags/example_sla_dag.py
[2024-10-28T18:14:38.239+0000] {processor.py:914} INFO - Processing file /home/airflow/.local/lib/python3.12/site-packages/airflow/example_dags/example_sla_dag.py for tasks to queue
[2024-10-28T18:14:38.241+0000] {logging_mixin.py:190} INFO - [2024-10-28T18:14:38.240+0000] {dagbag.py:588} INFO - Filling up the DagBag from /home/airflow/.local/lib/python3.12/site-packages/airflow/example_dags/example_sla_dag.py
[2024-10-28T18:14:38.248+0000] {processor.py:925} INFO - DAG(s) 'example_sla_dag' retrieved from /home/airflow/.local/lib/python3.12/site-packages/airflow/example_dags/example_sla_dag.py
[2024-10-28T18:14:38.263+0000] {logging_mixin.py:190} INFO - [2024-10-28T18:14:38.262+0000] {dag.py:3239} INFO - Sync 1 DAGs
[2024-10-28T18:14:38.281+0000] {logging_mixin.py:190} INFO - [2024-10-28T18:14:38.281+0000] {dag.py:4180} INFO - Setting next_dagrun for example_sla_dag to 2024-10-28 18:12:00+00:00, run_after=2024-10-28 18:14:00+00:00
[2024-10-28T18:14:38.301+0000] {processor.py:208} INFO - Processing /home/airflow/.local/lib/python3.12/site-packages/airflow/example_dags/example_sla_dag.py took 0.068 seconds
[2024-10-28T18:15:08.798+0000] {processor.py:186} INFO - Started process (PID=1556) to work on /home/airflow/.local/lib/python3.12/site-packages/airflow/example_dags/example_sla_dag.py
[2024-10-28T18:15:08.799+0000] {processor.py:914} INFO - Processing file /home/airflow/.local/lib/python3.12/site-packages/airflow/example_dags/example_sla_dag.py for tasks to queue
[2024-10-28T18:15:08.800+0000] {logging_mixin.py:190} INFO - [2024-10-28T18:15:08.800+0000] {dagbag.py:588} INFO - Filling up the DagBag from /home/airflow/.local/lib/python3.12/site-packages/airflow/example_dags/example_sla_dag.py
[2024-10-28T18:15:08.807+0000] {processor.py:925} INFO - DAG(s) 'example_sla_dag' retrieved from /home/airflow/.local/lib/python3.12/site-packages/airflow/example_dags/example_sla_dag.py
[2024-10-28T18:15:08.821+0000] {logging_mixin.py:190} INFO - [2024-10-28T18:15:08.821+0000] {dag.py:3239} INFO - Sync 1 DAGs
[2024-10-28T18:15:08.839+0000] {logging_mixin.py:190} INFO - [2024-10-28T18:15:08.839+0000] {dag.py:4180} INFO - Setting next_dagrun for example_sla_dag to 2024-10-28 18:12:00+00:00, run_after=2024-10-28 18:14:00+00:00
[2024-10-28T18:15:08.861+0000] {processor.py:208} INFO - Processing /home/airflow/.local/lib/python3.12/site-packages/airflow/example_dags/example_sla_dag.py took 0.067 seconds
[2024-10-28T18:15:39.526+0000] {processor.py:186} INFO - Started process (PID=1622) to work on /home/airflow/.local/lib/python3.12/site-packages/airflow/example_dags/example_sla_dag.py
[2024-10-28T18:15:39.527+0000] {processor.py:914} INFO - Processing file /home/airflow/.local/lib/python3.12/site-packages/airflow/example_dags/example_sla_dag.py for tasks to queue
[2024-10-28T18:15:39.529+0000] {logging_mixin.py:190} INFO - [2024-10-28T18:15:39.529+0000] {dagbag.py:588} INFO - Filling up the DagBag from /home/airflow/.local/lib/python3.12/site-packages/airflow/example_dags/example_sla_dag.py
[2024-10-28T18:15:39.536+0000] {processor.py:925} INFO - DAG(s) 'example_sla_dag' retrieved from /home/airflow/.local/lib/python3.12/site-packages/airflow/example_dags/example_sla_dag.py
[2024-10-28T18:15:39.550+0000] {logging_mixin.py:190} INFO - [2024-10-28T18:15:39.550+0000] {dag.py:3239} INFO - Sync 1 DAGs
[2024-10-28T18:15:39.568+0000] {logging_mixin.py:190} INFO - [2024-10-28T18:15:39.568+0000] {dag.py:4180} INFO - Setting next_dagrun for example_sla_dag to 2024-10-28 18:12:00+00:00, run_after=2024-10-28 18:14:00+00:00
[2024-10-28T18:15:39.580+0000] {processor.py:208} INFO - Processing /home/airflow/.local/lib/python3.12/site-packages/airflow/example_dags/example_sla_dag.py took 0.059 seconds
[2024-10-28T18:16:10.323+0000] {processor.py:186} INFO - Started process (PID=1688) to work on /home/airflow/.local/lib/python3.12/site-packages/airflow/example_dags/example_sla_dag.py
[2024-10-28T18:16:10.324+0000] {processor.py:914} INFO - Processing file /home/airflow/.local/lib/python3.12/site-packages/airflow/example_dags/example_sla_dag.py for tasks to queue
[2024-10-28T18:16:10.326+0000] {logging_mixin.py:190} INFO - [2024-10-28T18:16:10.325+0000] {dagbag.py:588} INFO - Filling up the DagBag from /home/airflow/.local/lib/python3.12/site-packages/airflow/example_dags/example_sla_dag.py
[2024-10-28T18:16:10.332+0000] {processor.py:925} INFO - DAG(s) 'example_sla_dag' retrieved from /home/airflow/.local/lib/python3.12/site-packages/airflow/example_dags/example_sla_dag.py
[2024-10-28T18:16:10.345+0000] {logging_mixin.py:190} INFO - [2024-10-28T18:16:10.344+0000] {dag.py:3239} INFO - Sync 1 DAGs
[2024-10-28T18:16:10.360+0000] {logging_mixin.py:190} INFO - [2024-10-28T18:16:10.360+0000] {dag.py:4180} INFO - Setting next_dagrun for example_sla_dag to 2024-10-28 18:14:00+00:00, run_after=2024-10-28 18:16:00+00:00
[2024-10-28T18:16:10.374+0000] {processor.py:208} INFO - Processing /home/airflow/.local/lib/python3.12/site-packages/airflow/example_dags/example_sla_dag.py took 0.054 seconds
[2024-10-28T18:16:41.066+0000] {processor.py:186} INFO - Started process (PID=1754) to work on /home/airflow/.local/lib/python3.12/site-packages/airflow/example_dags/example_sla_dag.py
[2024-10-28T18:16:41.066+0000] {processor.py:914} INFO - Processing file /home/airflow/.local/lib/python3.12/site-packages/airflow/example_dags/example_sla_dag.py for tasks to queue
[2024-10-28T18:16:41.068+0000] {logging_mixin.py:190} INFO - [2024-10-28T18:16:41.068+0000] {dagbag.py:588} INFO - Filling up the DagBag from /home/airflow/.local/lib/python3.12/site-packages/airflow/example_dags/example_sla_dag.py
[2024-10-28T18:16:41.075+0000] {processor.py:925} INFO - DAG(s) 'example_sla_dag' retrieved from /home/airflow/.local/lib/python3.12/site-packages/airflow/example_dags/example_sla_dag.py
[2024-10-28T18:16:41.088+0000] {logging_mixin.py:190} INFO - [2024-10-28T18:16:41.088+0000] {dag.py:3239} INFO - Sync 1 DAGs
[2024-10-28T18:16:41.104+0000] {logging_mixin.py:190} INFO - [2024-10-28T18:16:41.104+0000] {dag.py:4180} INFO - Setting next_dagrun for example_sla_dag to 2024-10-28 18:14:00+00:00, run_after=2024-10-28 18:16:00+00:00
[2024-10-28T18:16:41.125+0000] {processor.py:208} INFO - Processing /home/airflow/.local/lib/python3.12/site-packages/airflow/example_dags/example_sla_dag.py took 0.063 seconds
[2024-10-28T18:17:11.841+0000] {processor.py:186} INFO - Started process (PID=1820) to work on /home/airflow/.local/lib/python3.12/site-packages/airflow/example_dags/example_sla_dag.py
[2024-10-28T18:17:11.842+0000] {processor.py:914} INFO - Processing file /home/airflow/.local/lib/python3.12/site-packages/airflow/example_dags/example_sla_dag.py for tasks to queue
[2024-10-28T18:17:11.844+0000] {logging_mixin.py:190} INFO - [2024-10-28T18:17:11.844+0000] {dagbag.py:588} INFO - Filling up the DagBag from /home/airflow/.local/lib/python3.12/site-packages/airflow/example_dags/example_sla_dag.py
[2024-10-28T18:17:11.851+0000] {processor.py:925} INFO - DAG(s) 'example_sla_dag' retrieved from /home/airflow/.local/lib/python3.12/site-packages/airflow/example_dags/example_sla_dag.py
[2024-10-28T18:17:11.866+0000] {logging_mixin.py:190} INFO - [2024-10-28T18:17:11.866+0000] {dag.py:3239} INFO - Sync 1 DAGs
[2024-10-28T18:17:11.884+0000] {logging_mixin.py:190} INFO - [2024-10-28T18:17:11.884+0000] {dag.py:4180} INFO - Setting next_dagrun for example_sla_dag to 2024-10-28 18:14:00+00:00, run_after=2024-10-28 18:16:00+00:00
[2024-10-28T18:17:11.904+0000] {processor.py:208} INFO - Processing /home/airflow/.local/lib/python3.12/site-packages/airflow/example_dags/example_sla_dag.py took 0.067 seconds
[2024-10-28T18:17:42.002+0000] {processor.py:186} INFO - Started process (PID=1885) to work on /home/airflow/.local/lib/python3.12/site-packages/airflow/example_dags/example_sla_dag.py
[2024-10-28T18:17:42.003+0000] {processor.py:914} INFO - Processing file /home/airflow/.local/lib/python3.12/site-packages/airflow/example_dags/example_sla_dag.py for tasks to queue
[2024-10-28T18:17:42.004+0000] {logging_mixin.py:190} INFO - [2024-10-28T18:17:42.004+0000] {dagbag.py:588} INFO - Filling up the DagBag from /home/airflow/.local/lib/python3.12/site-packages/airflow/example_dags/example_sla_dag.py
[2024-10-28T18:17:42.012+0000] {processor.py:925} INFO - DAG(s) 'example_sla_dag' retrieved from /home/airflow/.local/lib/python3.12/site-packages/airflow/example_dags/example_sla_dag.py
[2024-10-28T18:17:42.024+0000] {logging_mixin.py:190} INFO - [2024-10-28T18:17:42.024+0000] {dag.py:3239} INFO - Sync 1 DAGs
[2024-10-28T18:17:42.041+0000] {logging_mixin.py:190} INFO - [2024-10-28T18:17:42.041+0000] {dag.py:4180} INFO - Setting next_dagrun for example_sla_dag to 2024-10-28 18:14:00+00:00, run_after=2024-10-28 18:16:00+00:00
[2024-10-28T18:17:42.054+0000] {processor.py:208} INFO - Processing /home/airflow/.local/lib/python3.12/site-packages/airflow/example_dags/example_sla_dag.py took 0.055 seconds
[2024-10-28T18:18:12.281+0000] {processor.py:186} INFO - Started process (PID=1951) to work on /home/airflow/.local/lib/python3.12/site-packages/airflow/example_dags/example_sla_dag.py
[2024-10-28T18:18:12.282+0000] {processor.py:914} INFO - Processing file /home/airflow/.local/lib/python3.12/site-packages/airflow/example_dags/example_sla_dag.py for tasks to queue
[2024-10-28T18:18:12.284+0000] {logging_mixin.py:190} INFO - [2024-10-28T18:18:12.284+0000] {dagbag.py:588} INFO - Filling up the DagBag from /home/airflow/.local/lib/python3.12/site-packages/airflow/example_dags/example_sla_dag.py
[2024-10-28T18:18:12.292+0000] {processor.py:925} INFO - DAG(s) 'example_sla_dag' retrieved from /home/airflow/.local/lib/python3.12/site-packages/airflow/example_dags/example_sla_dag.py
[2024-10-28T18:18:12.308+0000] {logging_mixin.py:190} INFO - [2024-10-28T18:18:12.308+0000] {dag.py:3239} INFO - Sync 1 DAGs
[2024-10-28T18:18:12.329+0000] {logging_mixin.py:190} INFO - [2024-10-28T18:18:12.329+0000] {dag.py:4180} INFO - Setting next_dagrun for example_sla_dag to 2024-10-28 18:16:00+00:00, run_after=2024-10-28 18:18:00+00:00
[2024-10-28T18:18:12.354+0000] {processor.py:208} INFO - Processing /home/airflow/.local/lib/python3.12/site-packages/airflow/example_dags/example_sla_dag.py took 0.077 seconds
[2024-10-28T18:18:43.200+0000] {processor.py:186} INFO - Started process (PID=2017) to work on /home/airflow/.local/lib/python3.12/site-packages/airflow/example_dags/example_sla_dag.py
[2024-10-28T18:18:43.201+0000] {processor.py:914} INFO - Processing file /home/airflow/.local/lib/python3.12/site-packages/airflow/example_dags/example_sla_dag.py for tasks to queue
[2024-10-28T18:18:43.203+0000] {logging_mixin.py:190} INFO - [2024-10-28T18:18:43.203+0000] {dagbag.py:588} INFO - Filling up the DagBag from /home/airflow/.local/lib/python3.12/site-packages/airflow/example_dags/example_sla_dag.py
[2024-10-28T18:18:43.211+0000] {processor.py:925} INFO - DAG(s) 'example_sla_dag' retrieved from /home/airflow/.local/lib/python3.12/site-packages/airflow/example_dags/example_sla_dag.py
[2024-10-28T18:18:43.229+0000] {logging_mixin.py:190} INFO - [2024-10-28T18:18:43.228+0000] {dag.py:3239} INFO - Sync 1 DAGs
[2024-10-28T18:18:43.249+0000] {logging_mixin.py:190} INFO - [2024-10-28T18:18:43.248+0000] {dag.py:4180} INFO - Setting next_dagrun for example_sla_dag to 2024-10-28 18:16:00+00:00, run_after=2024-10-28 18:18:00+00:00
[2024-10-28T18:18:43.264+0000] {processor.py:208} INFO - Processing /home/airflow/.local/lib/python3.12/site-packages/airflow/example_dags/example_sla_dag.py took 0.069 seconds
[2024-10-28T18:19:14.342+0000] {processor.py:186} INFO - Started process (PID=2083) to work on /home/airflow/.local/lib/python3.12/site-packages/airflow/example_dags/example_sla_dag.py
[2024-10-28T18:19:14.344+0000] {processor.py:914} INFO - Processing file /home/airflow/.local/lib/python3.12/site-packages/airflow/example_dags/example_sla_dag.py for tasks to queue
[2024-10-28T18:19:14.346+0000] {logging_mixin.py:190} INFO - [2024-10-28T18:19:14.345+0000] {dagbag.py:588} INFO - Filling up the DagBag from /home/airflow/.local/lib/python3.12/site-packages/airflow/example_dags/example_sla_dag.py
[2024-10-28T18:19:14.352+0000] {processor.py:925} INFO - DAG(s) 'example_sla_dag' retrieved from /home/airflow/.local/lib/python3.12/site-packages/airflow/example_dags/example_sla_dag.py
[2024-10-28T18:19:14.365+0000] {logging_mixin.py:190} INFO - [2024-10-28T18:19:14.365+0000] {dag.py:3239} INFO - Sync 1 DAGs
[2024-10-28T18:19:14.381+0000] {logging_mixin.py:190} INFO - [2024-10-28T18:19:14.380+0000] {dag.py:4180} INFO - Setting next_dagrun for example_sla_dag to 2024-10-28 18:16:00+00:00, run_after=2024-10-28 18:18:00+00:00
[2024-10-28T18:19:14.402+0000] {processor.py:208} INFO - Processing /home/airflow/.local/lib/python3.12/site-packages/airflow/example_dags/example_sla_dag.py took 0.063 seconds
[2024-10-28T18:19:44.643+0000] {processor.py:186} INFO - Started process (PID=2150) to work on /home/airflow/.local/lib/python3.12/site-packages/airflow/example_dags/example_sla_dag.py
[2024-10-28T18:19:44.644+0000] {processor.py:914} INFO - Processing file /home/airflow/.local/lib/python3.12/site-packages/airflow/example_dags/example_sla_dag.py for tasks to queue
[2024-10-28T18:19:44.646+0000] {logging_mixin.py:190} INFO - [2024-10-28T18:19:44.646+0000] {dagbag.py:588} INFO - Filling up the DagBag from /home/airflow/.local/lib/python3.12/site-packages/airflow/example_dags/example_sla_dag.py
[2024-10-28T18:19:44.654+0000] {processor.py:925} INFO - DAG(s) 'example_sla_dag' retrieved from /home/airflow/.local/lib/python3.12/site-packages/airflow/example_dags/example_sla_dag.py
[2024-10-28T18:19:44.670+0000] {logging_mixin.py:190} INFO - [2024-10-28T18:19:44.669+0000] {dag.py:3239} INFO - Sync 1 DAGs
[2024-10-28T18:19:44.691+0000] {logging_mixin.py:190} INFO - [2024-10-28T18:19:44.691+0000] {dag.py:4180} INFO - Setting next_dagrun for example_sla_dag to 2024-10-28 18:16:00+00:00, run_after=2024-10-28 18:18:00+00:00
[2024-10-28T18:19:44.712+0000] {processor.py:208} INFO - Processing /home/airflow/.local/lib/python3.12/site-packages/airflow/example_dags/example_sla_dag.py took 0.073 seconds
[2024-10-28T18:20:15.525+0000] {processor.py:186} INFO - Started process (PID=2216) to work on /home/airflow/.local/lib/python3.12/site-packages/airflow/example_dags/example_sla_dag.py
[2024-10-28T18:20:15.526+0000] {processor.py:914} INFO - Processing file /home/airflow/.local/lib/python3.12/site-packages/airflow/example_dags/example_sla_dag.py for tasks to queue
[2024-10-28T18:20:15.528+0000] {logging_mixin.py:190} INFO - [2024-10-28T18:20:15.528+0000] {dagbag.py:588} INFO - Filling up the DagBag from /home/airflow/.local/lib/python3.12/site-packages/airflow/example_dags/example_sla_dag.py
[2024-10-28T18:20:15.536+0000] {processor.py:925} INFO - DAG(s) 'example_sla_dag' retrieved from /home/airflow/.local/lib/python3.12/site-packages/airflow/example_dags/example_sla_dag.py
[2024-10-28T18:20:15.552+0000] {logging_mixin.py:190} INFO - [2024-10-28T18:20:15.552+0000] {dag.py:3239} INFO - Sync 1 DAGs
[2024-10-28T18:20:15.574+0000] {logging_mixin.py:190} INFO - [2024-10-28T18:20:15.573+0000] {dag.py:4180} INFO - Setting next_dagrun for example_sla_dag to 2024-10-28 18:18:00+00:00, run_after=2024-10-28 18:20:00+00:00
[2024-10-28T18:20:15.597+0000] {processor.py:208} INFO - Processing /home/airflow/.local/lib/python3.12/site-packages/airflow/example_dags/example_sla_dag.py took 0.077 seconds
[2024-10-28T18:20:46.080+0000] {processor.py:186} INFO - Started process (PID=2282) to work on /home/airflow/.local/lib/python3.12/site-packages/airflow/example_dags/example_sla_dag.py
[2024-10-28T18:20:46.082+0000] {processor.py:914} INFO - Processing file /home/airflow/.local/lib/python3.12/site-packages/airflow/example_dags/example_sla_dag.py for tasks to queue
[2024-10-28T18:20:46.084+0000] {logging_mixin.py:190} INFO - [2024-10-28T18:20:46.084+0000] {dagbag.py:588} INFO - Filling up the DagBag from /home/airflow/.local/lib/python3.12/site-packages/airflow/example_dags/example_sla_dag.py
[2024-10-28T18:20:46.091+0000] {processor.py:925} INFO - DAG(s) 'example_sla_dag' retrieved from /home/airflow/.local/lib/python3.12/site-packages/airflow/example_dags/example_sla_dag.py
[2024-10-28T18:20:46.111+0000] {logging_mixin.py:190} INFO - [2024-10-28T18:20:46.110+0000] {dag.py:3239} INFO - Sync 1 DAGs
[2024-10-28T18:20:46.129+0000] {logging_mixin.py:190} INFO - [2024-10-28T18:20:46.128+0000] {dag.py:4180} INFO - Setting next_dagrun for example_sla_dag to 2024-10-28 18:18:00+00:00, run_after=2024-10-28 18:20:00+00:00
[2024-10-28T18:20:46.152+0000] {processor.py:208} INFO - Processing /home/airflow/.local/lib/python3.12/site-packages/airflow/example_dags/example_sla_dag.py took 0.076 seconds
[2024-10-28T18:21:17.138+0000] {processor.py:186} INFO - Started process (PID=2348) to work on /home/airflow/.local/lib/python3.12/site-packages/airflow/example_dags/example_sla_dag.py
[2024-10-28T18:21:17.139+0000] {processor.py:914} INFO - Processing file /home/airflow/.local/lib/python3.12/site-packages/airflow/example_dags/example_sla_dag.py for tasks to queue
[2024-10-28T18:21:17.142+0000] {logging_mixin.py:190} INFO - [2024-10-28T18:21:17.141+0000] {dagbag.py:588} INFO - Filling up the DagBag from /home/airflow/.local/lib/python3.12/site-packages/airflow/example_dags/example_sla_dag.py
[2024-10-28T18:21:17.148+0000] {processor.py:925} INFO - DAG(s) 'example_sla_dag' retrieved from /home/airflow/.local/lib/python3.12/site-packages/airflow/example_dags/example_sla_dag.py
[2024-10-28T18:21:17.163+0000] {logging_mixin.py:190} INFO - [2024-10-28T18:21:17.163+0000] {dag.py:3239} INFO - Sync 1 DAGs
[2024-10-28T18:21:17.180+0000] {logging_mixin.py:190} INFO - [2024-10-28T18:21:17.180+0000] {dag.py:4180} INFO - Setting next_dagrun for example_sla_dag to 2024-10-28 18:18:00+00:00, run_after=2024-10-28 18:20:00+00:00
[2024-10-28T18:21:17.194+0000] {processor.py:208} INFO - Processing /home/airflow/.local/lib/python3.12/site-packages/airflow/example_dags/example_sla_dag.py took 0.061 seconds
[2024-10-28T18:21:47.277+0000] {processor.py:186} INFO - Started process (PID=2414) to work on /home/airflow/.local/lib/python3.12/site-packages/airflow/example_dags/example_sla_dag.py
[2024-10-28T18:21:47.278+0000] {processor.py:914} INFO - Processing file /home/airflow/.local/lib/python3.12/site-packages/airflow/example_dags/example_sla_dag.py for tasks to queue
[2024-10-28T18:21:47.280+0000] {logging_mixin.py:190} INFO - [2024-10-28T18:21:47.280+0000] {dagbag.py:588} INFO - Filling up the DagBag from /home/airflow/.local/lib/python3.12/site-packages/airflow/example_dags/example_sla_dag.py
[2024-10-28T18:21:47.288+0000] {processor.py:925} INFO - DAG(s) 'example_sla_dag' retrieved from /home/airflow/.local/lib/python3.12/site-packages/airflow/example_dags/example_sla_dag.py
[2024-10-28T18:21:47.301+0000] {logging_mixin.py:190} INFO - [2024-10-28T18:21:47.301+0000] {dag.py:3239} INFO - Sync 1 DAGs
[2024-10-28T18:21:47.320+0000] {logging_mixin.py:190} INFO - [2024-10-28T18:21:47.320+0000] {dag.py:4180} INFO - Setting next_dagrun for example_sla_dag to 2024-10-28 18:18:00+00:00, run_after=2024-10-28 18:20:00+00:00
[2024-10-28T18:21:47.333+0000] {processor.py:208} INFO - Processing /home/airflow/.local/lib/python3.12/site-packages/airflow/example_dags/example_sla_dag.py took 0.060 seconds
[2024-10-28T18:22:17.565+0000] {processor.py:186} INFO - Started process (PID=2480) to work on /home/airflow/.local/lib/python3.12/site-packages/airflow/example_dags/example_sla_dag.py
[2024-10-28T18:22:17.565+0000] {processor.py:914} INFO - Processing file /home/airflow/.local/lib/python3.12/site-packages/airflow/example_dags/example_sla_dag.py for tasks to queue
[2024-10-28T18:22:17.567+0000] {logging_mixin.py:190} INFO - [2024-10-28T18:22:17.567+0000] {dagbag.py:588} INFO - Filling up the DagBag from /home/airflow/.local/lib/python3.12/site-packages/airflow/example_dags/example_sla_dag.py
[2024-10-28T18:22:17.574+0000] {processor.py:925} INFO - DAG(s) 'example_sla_dag' retrieved from /home/airflow/.local/lib/python3.12/site-packages/airflow/example_dags/example_sla_dag.py
[2024-10-28T18:22:17.588+0000] {logging_mixin.py:190} INFO - [2024-10-28T18:22:17.588+0000] {dag.py:3239} INFO - Sync 1 DAGs
[2024-10-28T18:22:17.607+0000] {logging_mixin.py:190} INFO - [2024-10-28T18:22:17.606+0000] {dag.py:4180} INFO - Setting next_dagrun for example_sla_dag to 2024-10-28 18:20:00+00:00, run_after=2024-10-28 18:22:00+00:00
[2024-10-28T18:22:17.620+0000] {processor.py:208} INFO - Processing /home/airflow/.local/lib/python3.12/site-packages/airflow/example_dags/example_sla_dag.py took 0.060 seconds
[2024-10-28T18:22:47.870+0000] {processor.py:186} INFO - Started process (PID=2546) to work on /home/airflow/.local/lib/python3.12/site-packages/airflow/example_dags/example_sla_dag.py
[2024-10-28T18:22:47.871+0000] {processor.py:914} INFO - Processing file /home/airflow/.local/lib/python3.12/site-packages/airflow/example_dags/example_sla_dag.py for tasks to queue
[2024-10-28T18:22:47.873+0000] {logging_mixin.py:190} INFO - [2024-10-28T18:22:47.872+0000] {dagbag.py:588} INFO - Filling up the DagBag from /home/airflow/.local/lib/python3.12/site-packages/airflow/example_dags/example_sla_dag.py
[2024-10-28T18:22:47.881+0000] {processor.py:925} INFO - DAG(s) 'example_sla_dag' retrieved from /home/airflow/.local/lib/python3.12/site-packages/airflow/example_dags/example_sla_dag.py
[2024-10-28T18:22:47.895+0000] {logging_mixin.py:190} INFO - [2024-10-28T18:22:47.894+0000] {dag.py:3239} INFO - Sync 1 DAGs
[2024-10-28T18:22:47.913+0000] {logging_mixin.py:190} INFO - [2024-10-28T18:22:47.913+0000] {dag.py:4180} INFO - Setting next_dagrun for example_sla_dag to 2024-10-28 18:20:00+00:00, run_after=2024-10-28 18:22:00+00:00
[2024-10-28T18:22:47.936+0000] {processor.py:208} INFO - Processing /home/airflow/.local/lib/python3.12/site-packages/airflow/example_dags/example_sla_dag.py took 0.069 seconds
[2024-10-28T18:23:18.021+0000] {processor.py:186} INFO - Started process (PID=2612) to work on /home/airflow/.local/lib/python3.12/site-packages/airflow/example_dags/example_sla_dag.py
[2024-10-28T18:23:18.022+0000] {processor.py:914} INFO - Processing file /home/airflow/.local/lib/python3.12/site-packages/airflow/example_dags/example_sla_dag.py for tasks to queue
[2024-10-28T18:23:18.024+0000] {logging_mixin.py:190} INFO - [2024-10-28T18:23:18.024+0000] {dagbag.py:588} INFO - Filling up the DagBag from /home/airflow/.local/lib/python3.12/site-packages/airflow/example_dags/example_sla_dag.py
[2024-10-28T18:23:18.033+0000] {processor.py:925} INFO - DAG(s) 'example_sla_dag' retrieved from /home/airflow/.local/lib/python3.12/site-packages/airflow/example_dags/example_sla_dag.py
[2024-10-28T18:23:18.049+0000] {logging_mixin.py:190} INFO - [2024-10-28T18:23:18.049+0000] {dag.py:3239} INFO - Sync 1 DAGs
[2024-10-28T18:23:18.068+0000] {logging_mixin.py:190} INFO - [2024-10-28T18:23:18.068+0000] {dag.py:4180} INFO - Setting next_dagrun for example_sla_dag to 2024-10-28 18:20:00+00:00, run_after=2024-10-28 18:22:00+00:00
[2024-10-28T18:23:18.085+0000] {processor.py:208} INFO - Processing /home/airflow/.local/lib/python3.12/site-packages/airflow/example_dags/example_sla_dag.py took 0.068 seconds
[2024-10-28T18:23:48.283+0000] {processor.py:186} INFO - Started process (PID=2677) to work on /home/airflow/.local/lib/python3.12/site-packages/airflow/example_dags/example_sla_dag.py
[2024-10-28T18:23:48.284+0000] {processor.py:914} INFO - Processing file /home/airflow/.local/lib/python3.12/site-packages/airflow/example_dags/example_sla_dag.py for tasks to queue
[2024-10-28T18:23:48.286+0000] {logging_mixin.py:190} INFO - [2024-10-28T18:23:48.286+0000] {dagbag.py:588} INFO - Filling up the DagBag from /home/airflow/.local/lib/python3.12/site-packages/airflow/example_dags/example_sla_dag.py
[2024-10-28T18:23:48.292+0000] {processor.py:925} INFO - DAG(s) 'example_sla_dag' retrieved from /home/airflow/.local/lib/python3.12/site-packages/airflow/example_dags/example_sla_dag.py
[2024-10-28T18:23:48.307+0000] {logging_mixin.py:190} INFO - [2024-10-28T18:23:48.306+0000] {dag.py:3239} INFO - Sync 1 DAGs
[2024-10-28T18:23:48.323+0000] {logging_mixin.py:190} INFO - [2024-10-28T18:23:48.323+0000] {dag.py:4180} INFO - Setting next_dagrun for example_sla_dag to 2024-10-28 18:20:00+00:00, run_after=2024-10-28 18:22:00+00:00
[2024-10-28T18:23:48.344+0000] {processor.py:208} INFO - Processing /home/airflow/.local/lib/python3.12/site-packages/airflow/example_dags/example_sla_dag.py took 0.066 seconds
[2024-10-28T18:24:19.414+0000] {processor.py:186} INFO - Started process (PID=2744) to work on /home/airflow/.local/lib/python3.12/site-packages/airflow/example_dags/example_sla_dag.py
[2024-10-28T18:24:19.415+0000] {processor.py:914} INFO - Processing file /home/airflow/.local/lib/python3.12/site-packages/airflow/example_dags/example_sla_dag.py for tasks to queue
[2024-10-28T18:24:19.417+0000] {logging_mixin.py:190} INFO - [2024-10-28T18:24:19.417+0000] {dagbag.py:588} INFO - Filling up the DagBag from /home/airflow/.local/lib/python3.12/site-packages/airflow/example_dags/example_sla_dag.py
[2024-10-28T18:24:19.424+0000] {processor.py:925} INFO - DAG(s) 'example_sla_dag' retrieved from /home/airflow/.local/lib/python3.12/site-packages/airflow/example_dags/example_sla_dag.py
[2024-10-28T18:24:19.438+0000] {logging_mixin.py:190} INFO - [2024-10-28T18:24:19.437+0000] {dag.py:3239} INFO - Sync 1 DAGs
[2024-10-28T18:24:19.453+0000] {logging_mixin.py:190} INFO - [2024-10-28T18:24:19.453+0000] {dag.py:4180} INFO - Setting next_dagrun for example_sla_dag to 2024-10-28 18:22:00+00:00, run_after=2024-10-28 18:24:00+00:00
[2024-10-28T18:24:19.467+0000] {processor.py:208} INFO - Processing /home/airflow/.local/lib/python3.12/site-packages/airflow/example_dags/example_sla_dag.py took 0.057 seconds
[2024-10-28T18:24:49.505+0000] {processor.py:186} INFO - Started process (PID=2809) to work on /home/airflow/.local/lib/python3.12/site-packages/airflow/example_dags/example_sla_dag.py
[2024-10-28T18:24:49.506+0000] {processor.py:914} INFO - Processing file /home/airflow/.local/lib/python3.12/site-packages/airflow/example_dags/example_sla_dag.py for tasks to queue
[2024-10-28T18:24:49.508+0000] {logging_mixin.py:190} INFO - [2024-10-28T18:24:49.508+0000] {dagbag.py:588} INFO - Filling up the DagBag from /home/airflow/.local/lib/python3.12/site-packages/airflow/example_dags/example_sla_dag.py
[2024-10-28T18:24:49.514+0000] {processor.py:925} INFO - DAG(s) 'example_sla_dag' retrieved from /home/airflow/.local/lib/python3.12/site-packages/airflow/example_dags/example_sla_dag.py
[2024-10-28T18:24:49.527+0000] {logging_mixin.py:190} INFO - [2024-10-28T18:24:49.527+0000] {dag.py:3239} INFO - Sync 1 DAGs
[2024-10-28T18:24:49.545+0000] {logging_mixin.py:190} INFO - [2024-10-28T18:24:49.545+0000] {dag.py:4180} INFO - Setting next_dagrun for example_sla_dag to 2024-10-28 18:22:00+00:00, run_after=2024-10-28 18:24:00+00:00
[2024-10-28T18:24:49.561+0000] {processor.py:208} INFO - Processing /home/airflow/.local/lib/python3.12/site-packages/airflow/example_dags/example_sla_dag.py took 0.059 seconds
