[2024-10-28T18:03:58.399+0000] {processor.py:186} INFO - Started process (PID=121) to work on /home/airflow/.local/lib/python3.12/site-packages/airflow/example_dags/example_complex.py
[2024-10-28T18:03:58.401+0000] {processor.py:914} INFO - Processing file /home/airflow/.local/lib/python3.12/site-packages/airflow/example_dags/example_complex.py for tasks to queue
[2024-10-28T18:03:58.404+0000] {logging_mixin.py:190} INFO - [2024-10-28T18:03:58.403+0000] {dagbag.py:588} INFO - Filling up the DagBag from /home/airflow/.local/lib/python3.12/site-packages/airflow/example_dags/example_complex.py
[2024-10-28T18:03:58.420+0000] {processor.py:925} INFO - DAG(s) 'example_complex' retrieved from /home/airflow/.local/lib/python3.12/site-packages/airflow/example_dags/example_complex.py
[2024-10-28T18:03:58.468+0000] {logging_mixin.py:190} INFO - [2024-10-28T18:03:58.468+0000] {dag.py:3239} INFO - Sync 1 DAGs
[2024-10-28T18:03:58.490+0000] {logging_mixin.py:190} INFO - [2024-10-28T18:03:58.489+0000] {dag.py:4180} INFO - Setting next_dagrun for example_complex to None, run_after=None
[2024-10-28T18:03:58.523+0000] {processor.py:208} INFO - Processing /home/airflow/.local/lib/python3.12/site-packages/airflow/example_dags/example_complex.py took 0.131 seconds
[2024-10-28T18:04:29.024+0000] {processor.py:186} INFO - Started process (PID=187) to work on /home/airflow/.local/lib/python3.12/site-packages/airflow/example_dags/example_complex.py
[2024-10-28T18:04:29.025+0000] {processor.py:914} INFO - Processing file /home/airflow/.local/lib/python3.12/site-packages/airflow/example_dags/example_complex.py for tasks to queue
[2024-10-28T18:04:29.026+0000] {logging_mixin.py:190} INFO - [2024-10-28T18:04:29.026+0000] {dagbag.py:588} INFO - Filling up the DagBag from /home/airflow/.local/lib/python3.12/site-packages/airflow/example_dags/example_complex.py
[2024-10-28T18:04:29.033+0000] {processor.py:925} INFO - DAG(s) 'example_complex' retrieved from /home/airflow/.local/lib/python3.12/site-packages/airflow/example_dags/example_complex.py
[2024-10-28T18:04:29.055+0000] {logging_mixin.py:190} INFO - [2024-10-28T18:04:29.054+0000] {dag.py:3239} INFO - Sync 1 DAGs
[2024-10-28T18:04:29.065+0000] {logging_mixin.py:190} INFO - [2024-10-28T18:04:29.065+0000] {dag.py:4180} INFO - Setting next_dagrun for example_complex to None, run_after=None
[2024-10-28T18:04:29.078+0000] {processor.py:208} INFO - Processing /home/airflow/.local/lib/python3.12/site-packages/airflow/example_dags/example_complex.py took 0.058 seconds
[2024-10-28T18:05:00.368+0000] {processor.py:186} INFO - Started process (PID=253) to work on /home/airflow/.local/lib/python3.12/site-packages/airflow/example_dags/example_complex.py
[2024-10-28T18:05:00.369+0000] {processor.py:914} INFO - Processing file /home/airflow/.local/lib/python3.12/site-packages/airflow/example_dags/example_complex.py for tasks to queue
[2024-10-28T18:05:00.370+0000] {logging_mixin.py:190} INFO - [2024-10-28T18:05:00.370+0000] {dagbag.py:588} INFO - Filling up the DagBag from /home/airflow/.local/lib/python3.12/site-packages/airflow/example_dags/example_complex.py
[2024-10-28T18:05:00.378+0000] {processor.py:925} INFO - DAG(s) 'example_complex' retrieved from /home/airflow/.local/lib/python3.12/site-packages/airflow/example_dags/example_complex.py
[2024-10-28T18:05:00.400+0000] {logging_mixin.py:190} INFO - [2024-10-28T18:05:00.400+0000] {dag.py:3239} INFO - Sync 1 DAGs
[2024-10-28T18:05:00.410+0000] {logging_mixin.py:190} INFO - [2024-10-28T18:05:00.410+0000] {dag.py:4180} INFO - Setting next_dagrun for example_complex to None, run_after=None
[2024-10-28T18:05:00.423+0000] {processor.py:208} INFO - Processing /home/airflow/.local/lib/python3.12/site-packages/airflow/example_dags/example_complex.py took 0.059 seconds
[2024-10-28T18:05:30.768+0000] {processor.py:186} INFO - Started process (PID=319) to work on /home/airflow/.local/lib/python3.12/site-packages/airflow/example_dags/example_complex.py
[2024-10-28T18:05:30.769+0000] {processor.py:914} INFO - Processing file /home/airflow/.local/lib/python3.12/site-packages/airflow/example_dags/example_complex.py for tasks to queue
[2024-10-28T18:05:30.771+0000] {logging_mixin.py:190} INFO - [2024-10-28T18:05:30.771+0000] {dagbag.py:588} INFO - Filling up the DagBag from /home/airflow/.local/lib/python3.12/site-packages/airflow/example_dags/example_complex.py
[2024-10-28T18:05:30.779+0000] {processor.py:925} INFO - DAG(s) 'example_complex' retrieved from /home/airflow/.local/lib/python3.12/site-packages/airflow/example_dags/example_complex.py
[2024-10-28T18:05:30.799+0000] {logging_mixin.py:190} INFO - [2024-10-28T18:05:30.799+0000] {dag.py:3239} INFO - Sync 1 DAGs
[2024-10-28T18:05:30.808+0000] {logging_mixin.py:190} INFO - [2024-10-28T18:05:30.808+0000] {dag.py:4180} INFO - Setting next_dagrun for example_complex to None, run_after=None
[2024-10-28T18:05:30.822+0000] {processor.py:208} INFO - Processing /home/airflow/.local/lib/python3.12/site-packages/airflow/example_dags/example_complex.py took 0.058 seconds
[2024-10-28T18:06:01.624+0000] {processor.py:186} INFO - Started process (PID=385) to work on /home/airflow/.local/lib/python3.12/site-packages/airflow/example_dags/example_complex.py
[2024-10-28T18:06:01.625+0000] {processor.py:914} INFO - Processing file /home/airflow/.local/lib/python3.12/site-packages/airflow/example_dags/example_complex.py for tasks to queue
[2024-10-28T18:06:01.627+0000] {logging_mixin.py:190} INFO - [2024-10-28T18:06:01.626+0000] {dagbag.py:588} INFO - Filling up the DagBag from /home/airflow/.local/lib/python3.12/site-packages/airflow/example_dags/example_complex.py
[2024-10-28T18:06:01.634+0000] {processor.py:925} INFO - DAG(s) 'example_complex' retrieved from /home/airflow/.local/lib/python3.12/site-packages/airflow/example_dags/example_complex.py
[2024-10-28T18:06:01.657+0000] {logging_mixin.py:190} INFO - [2024-10-28T18:06:01.657+0000] {dag.py:3239} INFO - Sync 1 DAGs
[2024-10-28T18:06:01.666+0000] {logging_mixin.py:190} INFO - [2024-10-28T18:06:01.666+0000] {dag.py:4180} INFO - Setting next_dagrun for example_complex to None, run_after=None
[2024-10-28T18:06:01.682+0000] {processor.py:208} INFO - Processing /home/airflow/.local/lib/python3.12/site-packages/airflow/example_dags/example_complex.py took 0.061 seconds
[2024-10-28T18:06:32.375+0000] {processor.py:186} INFO - Started process (PID=451) to work on /home/airflow/.local/lib/python3.12/site-packages/airflow/example_dags/example_complex.py
[2024-10-28T18:06:32.376+0000] {processor.py:914} INFO - Processing file /home/airflow/.local/lib/python3.12/site-packages/airflow/example_dags/example_complex.py for tasks to queue
[2024-10-28T18:06:32.379+0000] {logging_mixin.py:190} INFO - [2024-10-28T18:06:32.379+0000] {dagbag.py:588} INFO - Filling up the DagBag from /home/airflow/.local/lib/python3.12/site-packages/airflow/example_dags/example_complex.py
[2024-10-28T18:06:32.387+0000] {processor.py:925} INFO - DAG(s) 'example_complex' retrieved from /home/airflow/.local/lib/python3.12/site-packages/airflow/example_dags/example_complex.py
[2024-10-28T18:06:32.419+0000] {logging_mixin.py:190} INFO - [2024-10-28T18:06:32.418+0000] {dag.py:3239} INFO - Sync 1 DAGs
[2024-10-28T18:06:32.432+0000] {logging_mixin.py:190} INFO - [2024-10-28T18:06:32.432+0000] {dag.py:4180} INFO - Setting next_dagrun for example_complex to None, run_after=None
[2024-10-28T18:06:32.457+0000] {processor.py:208} INFO - Processing /home/airflow/.local/lib/python3.12/site-packages/airflow/example_dags/example_complex.py took 0.085 seconds
[2024-10-28T18:07:03.199+0000] {processor.py:186} INFO - Started process (PID=517) to work on /home/airflow/.local/lib/python3.12/site-packages/airflow/example_dags/example_complex.py
[2024-10-28T18:07:03.200+0000] {processor.py:914} INFO - Processing file /home/airflow/.local/lib/python3.12/site-packages/airflow/example_dags/example_complex.py for tasks to queue
[2024-10-28T18:07:03.202+0000] {logging_mixin.py:190} INFO - [2024-10-28T18:07:03.202+0000] {dagbag.py:588} INFO - Filling up the DagBag from /home/airflow/.local/lib/python3.12/site-packages/airflow/example_dags/example_complex.py
[2024-10-28T18:07:03.210+0000] {processor.py:925} INFO - DAG(s) 'example_complex' retrieved from /home/airflow/.local/lib/python3.12/site-packages/airflow/example_dags/example_complex.py
[2024-10-28T18:07:03.232+0000] {logging_mixin.py:190} INFO - [2024-10-28T18:07:03.232+0000] {dag.py:3239} INFO - Sync 1 DAGs
[2024-10-28T18:07:03.241+0000] {logging_mixin.py:190} INFO - [2024-10-28T18:07:03.241+0000] {dag.py:4180} INFO - Setting next_dagrun for example_complex to None, run_after=None
[2024-10-28T18:07:03.256+0000] {processor.py:208} INFO - Processing /home/airflow/.local/lib/python3.12/site-packages/airflow/example_dags/example_complex.py took 0.060 seconds
[2024-10-28T18:07:34.038+0000] {processor.py:186} INFO - Started process (PID=583) to work on /home/airflow/.local/lib/python3.12/site-packages/airflow/example_dags/example_complex.py
[2024-10-28T18:07:34.067+0000] {processor.py:914} INFO - Processing file /home/airflow/.local/lib/python3.12/site-packages/airflow/example_dags/example_complex.py for tasks to queue
[2024-10-28T18:07:34.070+0000] {logging_mixin.py:190} INFO - [2024-10-28T18:07:34.070+0000] {dagbag.py:588} INFO - Filling up the DagBag from /home/airflow/.local/lib/python3.12/site-packages/airflow/example_dags/example_complex.py
[2024-10-28T18:07:34.080+0000] {processor.py:925} INFO - DAG(s) 'example_complex' retrieved from /home/airflow/.local/lib/python3.12/site-packages/airflow/example_dags/example_complex.py
[2024-10-28T18:07:34.107+0000] {logging_mixin.py:190} INFO - [2024-10-28T18:07:34.106+0000] {dag.py:3239} INFO - Sync 1 DAGs
[2024-10-28T18:07:34.119+0000] {logging_mixin.py:190} INFO - [2024-10-28T18:07:34.119+0000] {dag.py:4180} INFO - Setting next_dagrun for example_complex to None, run_after=None
[2024-10-28T18:07:34.135+0000] {processor.py:208} INFO - Processing /home/airflow/.local/lib/python3.12/site-packages/airflow/example_dags/example_complex.py took 0.102 seconds
[2024-10-28T18:08:04.446+0000] {processor.py:186} INFO - Started process (PID=649) to work on /home/airflow/.local/lib/python3.12/site-packages/airflow/example_dags/example_complex.py
[2024-10-28T18:08:04.447+0000] {processor.py:914} INFO - Processing file /home/airflow/.local/lib/python3.12/site-packages/airflow/example_dags/example_complex.py for tasks to queue
[2024-10-28T18:08:04.448+0000] {logging_mixin.py:190} INFO - [2024-10-28T18:08:04.448+0000] {dagbag.py:588} INFO - Filling up the DagBag from /home/airflow/.local/lib/python3.12/site-packages/airflow/example_dags/example_complex.py
[2024-10-28T18:08:04.456+0000] {processor.py:925} INFO - DAG(s) 'example_complex' retrieved from /home/airflow/.local/lib/python3.12/site-packages/airflow/example_dags/example_complex.py
[2024-10-28T18:08:04.479+0000] {logging_mixin.py:190} INFO - [2024-10-28T18:08:04.479+0000] {dag.py:3239} INFO - Sync 1 DAGs
[2024-10-28T18:08:04.490+0000] {logging_mixin.py:190} INFO - [2024-10-28T18:08:04.489+0000] {dag.py:4180} INFO - Setting next_dagrun for example_complex to None, run_after=None
[2024-10-28T18:08:04.505+0000] {processor.py:208} INFO - Processing /home/airflow/.local/lib/python3.12/site-packages/airflow/example_dags/example_complex.py took 0.064 seconds
[2024-10-28T18:08:34.677+0000] {processor.py:186} INFO - Started process (PID=714) to work on /home/airflow/.local/lib/python3.12/site-packages/airflow/example_dags/example_complex.py
[2024-10-28T18:08:34.678+0000] {processor.py:914} INFO - Processing file /home/airflow/.local/lib/python3.12/site-packages/airflow/example_dags/example_complex.py for tasks to queue
[2024-10-28T18:08:34.680+0000] {logging_mixin.py:190} INFO - [2024-10-28T18:08:34.680+0000] {dagbag.py:588} INFO - Filling up the DagBag from /home/airflow/.local/lib/python3.12/site-packages/airflow/example_dags/example_complex.py
[2024-10-28T18:08:34.689+0000] {processor.py:925} INFO - DAG(s) 'example_complex' retrieved from /home/airflow/.local/lib/python3.12/site-packages/airflow/example_dags/example_complex.py
[2024-10-28T18:08:34.721+0000] {logging_mixin.py:190} INFO - [2024-10-28T18:08:34.720+0000] {dag.py:3239} INFO - Sync 1 DAGs
[2024-10-28T18:08:34.738+0000] {logging_mixin.py:190} INFO - [2024-10-28T18:08:34.738+0000] {dag.py:4180} INFO - Setting next_dagrun for example_complex to None, run_after=None
[2024-10-28T18:08:34.765+0000] {processor.py:208} INFO - Processing /home/airflow/.local/lib/python3.12/site-packages/airflow/example_dags/example_complex.py took 0.095 seconds
[2024-10-28T18:09:05.116+0000] {processor.py:186} INFO - Started process (PID=780) to work on /home/airflow/.local/lib/python3.12/site-packages/airflow/example_dags/example_complex.py
[2024-10-28T18:09:05.117+0000] {processor.py:914} INFO - Processing file /home/airflow/.local/lib/python3.12/site-packages/airflow/example_dags/example_complex.py for tasks to queue
[2024-10-28T18:09:05.119+0000] {logging_mixin.py:190} INFO - [2024-10-28T18:09:05.119+0000] {dagbag.py:588} INFO - Filling up the DagBag from /home/airflow/.local/lib/python3.12/site-packages/airflow/example_dags/example_complex.py
[2024-10-28T18:09:05.126+0000] {processor.py:925} INFO - DAG(s) 'example_complex' retrieved from /home/airflow/.local/lib/python3.12/site-packages/airflow/example_dags/example_complex.py
[2024-10-28T18:09:05.150+0000] {logging_mixin.py:190} INFO - [2024-10-28T18:09:05.150+0000] {dag.py:3239} INFO - Sync 1 DAGs
[2024-10-28T18:09:05.159+0000] {logging_mixin.py:190} INFO - [2024-10-28T18:09:05.159+0000] {dag.py:4180} INFO - Setting next_dagrun for example_complex to None, run_after=None
[2024-10-28T18:09:05.176+0000] {processor.py:208} INFO - Processing /home/airflow/.local/lib/python3.12/site-packages/airflow/example_dags/example_complex.py took 0.063 seconds
[2024-10-28T18:09:35.478+0000] {processor.py:186} INFO - Started process (PID=846) to work on /home/airflow/.local/lib/python3.12/site-packages/airflow/example_dags/example_complex.py
[2024-10-28T18:09:35.479+0000] {processor.py:914} INFO - Processing file /home/airflow/.local/lib/python3.12/site-packages/airflow/example_dags/example_complex.py for tasks to queue
[2024-10-28T18:09:35.480+0000] {logging_mixin.py:190} INFO - [2024-10-28T18:09:35.480+0000] {dagbag.py:588} INFO - Filling up the DagBag from /home/airflow/.local/lib/python3.12/site-packages/airflow/example_dags/example_complex.py
[2024-10-28T18:09:35.488+0000] {processor.py:925} INFO - DAG(s) 'example_complex' retrieved from /home/airflow/.local/lib/python3.12/site-packages/airflow/example_dags/example_complex.py
[2024-10-28T18:09:35.512+0000] {logging_mixin.py:190} INFO - [2024-10-28T18:09:35.512+0000] {dag.py:3239} INFO - Sync 1 DAGs
[2024-10-28T18:09:35.523+0000] {logging_mixin.py:190} INFO - [2024-10-28T18:09:35.523+0000] {dag.py:4180} INFO - Setting next_dagrun for example_complex to None, run_after=None
[2024-10-28T18:09:35.537+0000] {processor.py:208} INFO - Processing /home/airflow/.local/lib/python3.12/site-packages/airflow/example_dags/example_complex.py took 0.063 seconds
[2024-10-28T18:10:05.896+0000] {processor.py:186} INFO - Started process (PID=912) to work on /home/airflow/.local/lib/python3.12/site-packages/airflow/example_dags/example_complex.py
[2024-10-28T18:10:05.897+0000] {processor.py:914} INFO - Processing file /home/airflow/.local/lib/python3.12/site-packages/airflow/example_dags/example_complex.py for tasks to queue
[2024-10-28T18:10:05.898+0000] {logging_mixin.py:190} INFO - [2024-10-28T18:10:05.898+0000] {dagbag.py:588} INFO - Filling up the DagBag from /home/airflow/.local/lib/python3.12/site-packages/airflow/example_dags/example_complex.py
[2024-10-28T18:10:05.905+0000] {processor.py:925} INFO - DAG(s) 'example_complex' retrieved from /home/airflow/.local/lib/python3.12/site-packages/airflow/example_dags/example_complex.py
[2024-10-28T18:10:05.924+0000] {logging_mixin.py:190} INFO - [2024-10-28T18:10:05.924+0000] {dag.py:3239} INFO - Sync 1 DAGs
[2024-10-28T18:10:05.934+0000] {logging_mixin.py:190} INFO - [2024-10-28T18:10:05.933+0000] {dag.py:4180} INFO - Setting next_dagrun for example_complex to None, run_after=None
[2024-10-28T18:10:05.953+0000] {processor.py:208} INFO - Processing /home/airflow/.local/lib/python3.12/site-packages/airflow/example_dags/example_complex.py took 0.062 seconds
[2024-10-28T18:10:36.116+0000] {processor.py:186} INFO - Started process (PID=978) to work on /home/airflow/.local/lib/python3.12/site-packages/airflow/example_dags/example_complex.py
[2024-10-28T18:10:36.117+0000] {processor.py:914} INFO - Processing file /home/airflow/.local/lib/python3.12/site-packages/airflow/example_dags/example_complex.py for tasks to queue
[2024-10-28T18:10:36.118+0000] {logging_mixin.py:190} INFO - [2024-10-28T18:10:36.118+0000] {dagbag.py:588} INFO - Filling up the DagBag from /home/airflow/.local/lib/python3.12/site-packages/airflow/example_dags/example_complex.py
[2024-10-28T18:10:36.126+0000] {processor.py:925} INFO - DAG(s) 'example_complex' retrieved from /home/airflow/.local/lib/python3.12/site-packages/airflow/example_dags/example_complex.py
[2024-10-28T18:10:36.149+0000] {logging_mixin.py:190} INFO - [2024-10-28T18:10:36.148+0000] {dag.py:3239} INFO - Sync 1 DAGs
[2024-10-28T18:10:36.159+0000] {logging_mixin.py:190} INFO - [2024-10-28T18:10:36.158+0000] {dag.py:4180} INFO - Setting next_dagrun for example_complex to None, run_after=None
[2024-10-28T18:10:36.173+0000] {processor.py:208} INFO - Processing /home/airflow/.local/lib/python3.12/site-packages/airflow/example_dags/example_complex.py took 0.061 seconds
[2024-10-28T18:11:06.387+0000] {processor.py:186} INFO - Started process (PID=1044) to work on /home/airflow/.local/lib/python3.12/site-packages/airflow/example_dags/example_complex.py
[2024-10-28T18:11:06.388+0000] {processor.py:914} INFO - Processing file /home/airflow/.local/lib/python3.12/site-packages/airflow/example_dags/example_complex.py for tasks to queue
[2024-10-28T18:11:06.390+0000] {logging_mixin.py:190} INFO - [2024-10-28T18:11:06.390+0000] {dagbag.py:588} INFO - Filling up the DagBag from /home/airflow/.local/lib/python3.12/site-packages/airflow/example_dags/example_complex.py
[2024-10-28T18:11:06.398+0000] {processor.py:925} INFO - DAG(s) 'example_complex' retrieved from /home/airflow/.local/lib/python3.12/site-packages/airflow/example_dags/example_complex.py
[2024-10-28T18:11:06.420+0000] {logging_mixin.py:190} INFO - [2024-10-28T18:11:06.419+0000] {dag.py:3239} INFO - Sync 1 DAGs
[2024-10-28T18:11:06.430+0000] {logging_mixin.py:190} INFO - [2024-10-28T18:11:06.430+0000] {dag.py:4180} INFO - Setting next_dagrun for example_complex to None, run_after=None
[2024-10-28T18:11:06.453+0000] {processor.py:208} INFO - Processing /home/airflow/.local/lib/python3.12/site-packages/airflow/example_dags/example_complex.py took 0.071 seconds
[2024-10-28T18:11:37.273+0000] {processor.py:186} INFO - Started process (PID=1110) to work on /home/airflow/.local/lib/python3.12/site-packages/airflow/example_dags/example_complex.py
[2024-10-28T18:11:37.274+0000] {processor.py:914} INFO - Processing file /home/airflow/.local/lib/python3.12/site-packages/airflow/example_dags/example_complex.py for tasks to queue
[2024-10-28T18:11:37.276+0000] {logging_mixin.py:190} INFO - [2024-10-28T18:11:37.276+0000] {dagbag.py:588} INFO - Filling up the DagBag from /home/airflow/.local/lib/python3.12/site-packages/airflow/example_dags/example_complex.py
[2024-10-28T18:11:37.289+0000] {processor.py:925} INFO - DAG(s) 'example_complex' retrieved from /home/airflow/.local/lib/python3.12/site-packages/airflow/example_dags/example_complex.py
[2024-10-28T18:11:37.320+0000] {logging_mixin.py:190} INFO - [2024-10-28T18:11:37.320+0000] {dag.py:3239} INFO - Sync 1 DAGs
[2024-10-28T18:11:37.333+0000] {logging_mixin.py:190} INFO - [2024-10-28T18:11:37.333+0000] {dag.py:4180} INFO - Setting next_dagrun for example_complex to None, run_after=None
[2024-10-28T18:11:37.348+0000] {processor.py:208} INFO - Processing /home/airflow/.local/lib/python3.12/site-packages/airflow/example_dags/example_complex.py took 0.079 seconds
[2024-10-28T18:12:07.431+0000] {processor.py:186} INFO - Started process (PID=1176) to work on /home/airflow/.local/lib/python3.12/site-packages/airflow/example_dags/example_complex.py
[2024-10-28T18:12:07.432+0000] {processor.py:914} INFO - Processing file /home/airflow/.local/lib/python3.12/site-packages/airflow/example_dags/example_complex.py for tasks to queue
[2024-10-28T18:12:07.435+0000] {logging_mixin.py:190} INFO - [2024-10-28T18:12:07.435+0000] {dagbag.py:588} INFO - Filling up the DagBag from /home/airflow/.local/lib/python3.12/site-packages/airflow/example_dags/example_complex.py
[2024-10-28T18:12:07.445+0000] {processor.py:925} INFO - DAG(s) 'example_complex' retrieved from /home/airflow/.local/lib/python3.12/site-packages/airflow/example_dags/example_complex.py
[2024-10-28T18:12:07.466+0000] {logging_mixin.py:190} INFO - [2024-10-28T18:12:07.466+0000] {dag.py:3239} INFO - Sync 1 DAGs
[2024-10-28T18:12:07.475+0000] {logging_mixin.py:190} INFO - [2024-10-28T18:12:07.475+0000] {dag.py:4180} INFO - Setting next_dagrun for example_complex to None, run_after=None
[2024-10-28T18:12:07.488+0000] {processor.py:208} INFO - Processing /home/airflow/.local/lib/python3.12/site-packages/airflow/example_dags/example_complex.py took 0.061 seconds
[2024-10-28T18:12:37.705+0000] {processor.py:186} INFO - Started process (PID=1243) to work on /home/airflow/.local/lib/python3.12/site-packages/airflow/example_dags/example_complex.py
[2024-10-28T18:12:37.706+0000] {processor.py:914} INFO - Processing file /home/airflow/.local/lib/python3.12/site-packages/airflow/example_dags/example_complex.py for tasks to queue
[2024-10-28T18:12:37.707+0000] {logging_mixin.py:190} INFO - [2024-10-28T18:12:37.707+0000] {dagbag.py:588} INFO - Filling up the DagBag from /home/airflow/.local/lib/python3.12/site-packages/airflow/example_dags/example_complex.py
[2024-10-28T18:12:37.715+0000] {processor.py:925} INFO - DAG(s) 'example_complex' retrieved from /home/airflow/.local/lib/python3.12/site-packages/airflow/example_dags/example_complex.py
[2024-10-28T18:12:37.734+0000] {logging_mixin.py:190} INFO - [2024-10-28T18:12:37.734+0000] {dag.py:3239} INFO - Sync 1 DAGs
[2024-10-28T18:12:37.743+0000] {logging_mixin.py:190} INFO - [2024-10-28T18:12:37.742+0000] {dag.py:4180} INFO - Setting next_dagrun for example_complex to None, run_after=None
[2024-10-28T18:12:37.761+0000] {processor.py:208} INFO - Processing /home/airflow/.local/lib/python3.12/site-packages/airflow/example_dags/example_complex.py took 0.060 seconds
[2024-10-28T18:13:08.711+0000] {processor.py:186} INFO - Started process (PID=1309) to work on /home/airflow/.local/lib/python3.12/site-packages/airflow/example_dags/example_complex.py
[2024-10-28T18:13:08.712+0000] {processor.py:914} INFO - Processing file /home/airflow/.local/lib/python3.12/site-packages/airflow/example_dags/example_complex.py for tasks to queue
[2024-10-28T18:13:08.714+0000] {logging_mixin.py:190} INFO - [2024-10-28T18:13:08.714+0000] {dagbag.py:588} INFO - Filling up the DagBag from /home/airflow/.local/lib/python3.12/site-packages/airflow/example_dags/example_complex.py
[2024-10-28T18:13:08.721+0000] {processor.py:925} INFO - DAG(s) 'example_complex' retrieved from /home/airflow/.local/lib/python3.12/site-packages/airflow/example_dags/example_complex.py
[2024-10-28T18:13:08.740+0000] {logging_mixin.py:190} INFO - [2024-10-28T18:13:08.740+0000] {dag.py:3239} INFO - Sync 1 DAGs
[2024-10-28T18:13:08.749+0000] {logging_mixin.py:190} INFO - [2024-10-28T18:13:08.748+0000] {dag.py:4180} INFO - Setting next_dagrun for example_complex to None, run_after=None
[2024-10-28T18:13:08.770+0000] {processor.py:208} INFO - Processing /home/airflow/.local/lib/python3.12/site-packages/airflow/example_dags/example_complex.py took 0.062 seconds
[2024-10-28T18:13:39.732+0000] {processor.py:186} INFO - Started process (PID=1375) to work on /home/airflow/.local/lib/python3.12/site-packages/airflow/example_dags/example_complex.py
[2024-10-28T18:13:39.733+0000] {processor.py:914} INFO - Processing file /home/airflow/.local/lib/python3.12/site-packages/airflow/example_dags/example_complex.py for tasks to queue
[2024-10-28T18:13:39.734+0000] {logging_mixin.py:190} INFO - [2024-10-28T18:13:39.734+0000] {dagbag.py:588} INFO - Filling up the DagBag from /home/airflow/.local/lib/python3.12/site-packages/airflow/example_dags/example_complex.py
[2024-10-28T18:13:39.741+0000] {processor.py:925} INFO - DAG(s) 'example_complex' retrieved from /home/airflow/.local/lib/python3.12/site-packages/airflow/example_dags/example_complex.py
[2024-10-28T18:13:39.760+0000] {logging_mixin.py:190} INFO - [2024-10-28T18:13:39.760+0000] {dag.py:3239} INFO - Sync 1 DAGs
[2024-10-28T18:13:39.770+0000] {logging_mixin.py:190} INFO - [2024-10-28T18:13:39.770+0000] {dag.py:4180} INFO - Setting next_dagrun for example_complex to None, run_after=None
[2024-10-28T18:13:39.788+0000] {processor.py:208} INFO - Processing /home/airflow/.local/lib/python3.12/site-packages/airflow/example_dags/example_complex.py took 0.061 seconds
[2024-10-28T18:14:10.407+0000] {processor.py:186} INFO - Started process (PID=1441) to work on /home/airflow/.local/lib/python3.12/site-packages/airflow/example_dags/example_complex.py
[2024-10-28T18:14:10.408+0000] {processor.py:914} INFO - Processing file /home/airflow/.local/lib/python3.12/site-packages/airflow/example_dags/example_complex.py for tasks to queue
[2024-10-28T18:14:10.410+0000] {logging_mixin.py:190} INFO - [2024-10-28T18:14:10.410+0000] {dagbag.py:588} INFO - Filling up the DagBag from /home/airflow/.local/lib/python3.12/site-packages/airflow/example_dags/example_complex.py
[2024-10-28T18:14:10.417+0000] {processor.py:925} INFO - DAG(s) 'example_complex' retrieved from /home/airflow/.local/lib/python3.12/site-packages/airflow/example_dags/example_complex.py
[2024-10-28T18:14:10.437+0000] {logging_mixin.py:190} INFO - [2024-10-28T18:14:10.437+0000] {dag.py:3239} INFO - Sync 1 DAGs
[2024-10-28T18:14:10.446+0000] {logging_mixin.py:190} INFO - [2024-10-28T18:14:10.446+0000] {dag.py:4180} INFO - Setting next_dagrun for example_complex to None, run_after=None
[2024-10-28T18:14:10.464+0000] {processor.py:208} INFO - Processing /home/airflow/.local/lib/python3.12/site-packages/airflow/example_dags/example_complex.py took 0.061 seconds
[2024-10-28T18:14:41.342+0000] {processor.py:186} INFO - Started process (PID=1507) to work on /home/airflow/.local/lib/python3.12/site-packages/airflow/example_dags/example_complex.py
[2024-10-28T18:14:41.342+0000] {processor.py:914} INFO - Processing file /home/airflow/.local/lib/python3.12/site-packages/airflow/example_dags/example_complex.py for tasks to queue
[2024-10-28T18:14:41.344+0000] {logging_mixin.py:190} INFO - [2024-10-28T18:14:41.344+0000] {dagbag.py:588} INFO - Filling up the DagBag from /home/airflow/.local/lib/python3.12/site-packages/airflow/example_dags/example_complex.py
[2024-10-28T18:14:41.352+0000] {processor.py:925} INFO - DAG(s) 'example_complex' retrieved from /home/airflow/.local/lib/python3.12/site-packages/airflow/example_dags/example_complex.py
[2024-10-28T18:14:41.376+0000] {logging_mixin.py:190} INFO - [2024-10-28T18:14:41.376+0000] {dag.py:3239} INFO - Sync 1 DAGs
[2024-10-28T18:14:41.386+0000] {logging_mixin.py:190} INFO - [2024-10-28T18:14:41.386+0000] {dag.py:4180} INFO - Setting next_dagrun for example_complex to None, run_after=None
[2024-10-28T18:14:41.401+0000] {processor.py:208} INFO - Processing /home/airflow/.local/lib/python3.12/site-packages/airflow/example_dags/example_complex.py took 0.063 seconds
[2024-10-28T18:15:11.975+0000] {processor.py:186} INFO - Started process (PID=1573) to work on /home/airflow/.local/lib/python3.12/site-packages/airflow/example_dags/example_complex.py
[2024-10-28T18:15:11.975+0000] {processor.py:914} INFO - Processing file /home/airflow/.local/lib/python3.12/site-packages/airflow/example_dags/example_complex.py for tasks to queue
[2024-10-28T18:15:11.977+0000] {logging_mixin.py:190} INFO - [2024-10-28T18:15:11.977+0000] {dagbag.py:588} INFO - Filling up the DagBag from /home/airflow/.local/lib/python3.12/site-packages/airflow/example_dags/example_complex.py
[2024-10-28T18:15:11.985+0000] {processor.py:925} INFO - DAG(s) 'example_complex' retrieved from /home/airflow/.local/lib/python3.12/site-packages/airflow/example_dags/example_complex.py
[2024-10-28T18:15:12.005+0000] {logging_mixin.py:190} INFO - [2024-10-28T18:15:12.005+0000] {dag.py:3239} INFO - Sync 1 DAGs
[2024-10-28T18:15:12.014+0000] {logging_mixin.py:190} INFO - [2024-10-28T18:15:12.014+0000] {dag.py:4180} INFO - Setting next_dagrun for example_complex to None, run_after=None
[2024-10-28T18:15:12.034+0000] {processor.py:208} INFO - Processing /home/airflow/.local/lib/python3.12/site-packages/airflow/example_dags/example_complex.py took 0.063 seconds
[2024-10-28T18:15:42.555+0000] {processor.py:186} INFO - Started process (PID=1639) to work on /home/airflow/.local/lib/python3.12/site-packages/airflow/example_dags/example_complex.py
[2024-10-28T18:15:42.556+0000] {processor.py:914} INFO - Processing file /home/airflow/.local/lib/python3.12/site-packages/airflow/example_dags/example_complex.py for tasks to queue
[2024-10-28T18:15:42.558+0000] {logging_mixin.py:190} INFO - [2024-10-28T18:15:42.558+0000] {dagbag.py:588} INFO - Filling up the DagBag from /home/airflow/.local/lib/python3.12/site-packages/airflow/example_dags/example_complex.py
[2024-10-28T18:15:42.568+0000] {processor.py:925} INFO - DAG(s) 'example_complex' retrieved from /home/airflow/.local/lib/python3.12/site-packages/airflow/example_dags/example_complex.py
[2024-10-28T18:15:42.594+0000] {logging_mixin.py:190} INFO - [2024-10-28T18:15:42.594+0000] {dag.py:3239} INFO - Sync 1 DAGs
[2024-10-28T18:15:42.607+0000] {logging_mixin.py:190} INFO - [2024-10-28T18:15:42.607+0000] {dag.py:4180} INFO - Setting next_dagrun for example_complex to None, run_after=None
[2024-10-28T18:15:42.622+0000] {processor.py:208} INFO - Processing /home/airflow/.local/lib/python3.12/site-packages/airflow/example_dags/example_complex.py took 0.072 seconds
[2024-10-28T18:16:13.552+0000] {processor.py:186} INFO - Started process (PID=1705) to work on /home/airflow/.local/lib/python3.12/site-packages/airflow/example_dags/example_complex.py
[2024-10-28T18:16:13.553+0000] {processor.py:914} INFO - Processing file /home/airflow/.local/lib/python3.12/site-packages/airflow/example_dags/example_complex.py for tasks to queue
[2024-10-28T18:16:13.555+0000] {logging_mixin.py:190} INFO - [2024-10-28T18:16:13.554+0000] {dagbag.py:588} INFO - Filling up the DagBag from /home/airflow/.local/lib/python3.12/site-packages/airflow/example_dags/example_complex.py
[2024-10-28T18:16:13.562+0000] {processor.py:925} INFO - DAG(s) 'example_complex' retrieved from /home/airflow/.local/lib/python3.12/site-packages/airflow/example_dags/example_complex.py
[2024-10-28T18:16:13.583+0000] {logging_mixin.py:190} INFO - [2024-10-28T18:16:13.583+0000] {dag.py:3239} INFO - Sync 1 DAGs
[2024-10-28T18:16:13.593+0000] {logging_mixin.py:190} INFO - [2024-10-28T18:16:13.592+0000] {dag.py:4180} INFO - Setting next_dagrun for example_complex to None, run_after=None
[2024-10-28T18:16:13.608+0000] {processor.py:208} INFO - Processing /home/airflow/.local/lib/python3.12/site-packages/airflow/example_dags/example_complex.py took 0.059 seconds
[2024-10-28T18:16:44.370+0000] {processor.py:186} INFO - Started process (PID=1771) to work on /home/airflow/.local/lib/python3.12/site-packages/airflow/example_dags/example_complex.py
[2024-10-28T18:16:44.371+0000] {processor.py:914} INFO - Processing file /home/airflow/.local/lib/python3.12/site-packages/airflow/example_dags/example_complex.py for tasks to queue
[2024-10-28T18:16:44.373+0000] {logging_mixin.py:190} INFO - [2024-10-28T18:16:44.373+0000] {dagbag.py:588} INFO - Filling up the DagBag from /home/airflow/.local/lib/python3.12/site-packages/airflow/example_dags/example_complex.py
[2024-10-28T18:16:44.381+0000] {processor.py:925} INFO - DAG(s) 'example_complex' retrieved from /home/airflow/.local/lib/python3.12/site-packages/airflow/example_dags/example_complex.py
[2024-10-28T18:16:44.404+0000] {logging_mixin.py:190} INFO - [2024-10-28T18:16:44.404+0000] {dag.py:3239} INFO - Sync 1 DAGs
[2024-10-28T18:16:44.414+0000] {logging_mixin.py:190} INFO - [2024-10-28T18:16:44.414+0000] {dag.py:4180} INFO - Setting next_dagrun for example_complex to None, run_after=None
[2024-10-28T18:16:44.430+0000] {processor.py:208} INFO - Processing /home/airflow/.local/lib/python3.12/site-packages/airflow/example_dags/example_complex.py took 0.063 seconds
[2024-10-28T18:17:15.467+0000] {processor.py:186} INFO - Started process (PID=1837) to work on /home/airflow/.local/lib/python3.12/site-packages/airflow/example_dags/example_complex.py
[2024-10-28T18:17:15.468+0000] {processor.py:914} INFO - Processing file /home/airflow/.local/lib/python3.12/site-packages/airflow/example_dags/example_complex.py for tasks to queue
[2024-10-28T18:17:15.470+0000] {logging_mixin.py:190} INFO - [2024-10-28T18:17:15.470+0000] {dagbag.py:588} INFO - Filling up the DagBag from /home/airflow/.local/lib/python3.12/site-packages/airflow/example_dags/example_complex.py
[2024-10-28T18:17:15.478+0000] {processor.py:925} INFO - DAG(s) 'example_complex' retrieved from /home/airflow/.local/lib/python3.12/site-packages/airflow/example_dags/example_complex.py
[2024-10-28T18:17:15.499+0000] {logging_mixin.py:190} INFO - [2024-10-28T18:17:15.499+0000] {dag.py:3239} INFO - Sync 1 DAGs
[2024-10-28T18:17:15.508+0000] {logging_mixin.py:190} INFO - [2024-10-28T18:17:15.508+0000] {dag.py:4180} INFO - Setting next_dagrun for example_complex to None, run_after=None
[2024-10-28T18:17:15.522+0000] {processor.py:208} INFO - Processing /home/airflow/.local/lib/python3.12/site-packages/airflow/example_dags/example_complex.py took 0.058 seconds
[2024-10-28T18:17:46.496+0000] {processor.py:186} INFO - Started process (PID=1902) to work on /home/airflow/.local/lib/python3.12/site-packages/airflow/example_dags/example_complex.py
[2024-10-28T18:17:46.497+0000] {processor.py:914} INFO - Processing file /home/airflow/.local/lib/python3.12/site-packages/airflow/example_dags/example_complex.py for tasks to queue
[2024-10-28T18:17:46.499+0000] {logging_mixin.py:190} INFO - [2024-10-28T18:17:46.499+0000] {dagbag.py:588} INFO - Filling up the DagBag from /home/airflow/.local/lib/python3.12/site-packages/airflow/example_dags/example_complex.py
[2024-10-28T18:17:46.509+0000] {processor.py:925} INFO - DAG(s) 'example_complex' retrieved from /home/airflow/.local/lib/python3.12/site-packages/airflow/example_dags/example_complex.py
[2024-10-28T18:17:46.535+0000] {logging_mixin.py:190} INFO - [2024-10-28T18:17:46.535+0000] {dag.py:3239} INFO - Sync 1 DAGs
[2024-10-28T18:17:46.547+0000] {logging_mixin.py:190} INFO - [2024-10-28T18:17:46.546+0000] {dag.py:4180} INFO - Setting next_dagrun for example_complex to None, run_after=None
[2024-10-28T18:17:46.572+0000] {processor.py:208} INFO - Processing /home/airflow/.local/lib/python3.12/site-packages/airflow/example_dags/example_complex.py took 0.081 seconds
[2024-10-28T18:18:17.423+0000] {processor.py:186} INFO - Started process (PID=1968) to work on /home/airflow/.local/lib/python3.12/site-packages/airflow/example_dags/example_complex.py
[2024-10-28T18:18:17.424+0000] {processor.py:914} INFO - Processing file /home/airflow/.local/lib/python3.12/site-packages/airflow/example_dags/example_complex.py for tasks to queue
[2024-10-28T18:18:17.427+0000] {logging_mixin.py:190} INFO - [2024-10-28T18:18:17.426+0000] {dagbag.py:588} INFO - Filling up the DagBag from /home/airflow/.local/lib/python3.12/site-packages/airflow/example_dags/example_complex.py
[2024-10-28T18:18:17.439+0000] {processor.py:925} INFO - DAG(s) 'example_complex' retrieved from /home/airflow/.local/lib/python3.12/site-packages/airflow/example_dags/example_complex.py
[2024-10-28T18:18:17.467+0000] {logging_mixin.py:190} INFO - [2024-10-28T18:18:17.467+0000] {dag.py:3239} INFO - Sync 1 DAGs
[2024-10-28T18:18:17.479+0000] {logging_mixin.py:190} INFO - [2024-10-28T18:18:17.478+0000] {dag.py:4180} INFO - Setting next_dagrun for example_complex to None, run_after=None
[2024-10-28T18:18:17.500+0000] {processor.py:208} INFO - Processing /home/airflow/.local/lib/python3.12/site-packages/airflow/example_dags/example_complex.py took 0.083 seconds
[2024-10-28T18:18:48.401+0000] {processor.py:186} INFO - Started process (PID=2034) to work on /home/airflow/.local/lib/python3.12/site-packages/airflow/example_dags/example_complex.py
[2024-10-28T18:18:48.402+0000] {processor.py:914} INFO - Processing file /home/airflow/.local/lib/python3.12/site-packages/airflow/example_dags/example_complex.py for tasks to queue
[2024-10-28T18:18:48.404+0000] {logging_mixin.py:190} INFO - [2024-10-28T18:18:48.404+0000] {dagbag.py:588} INFO - Filling up the DagBag from /home/airflow/.local/lib/python3.12/site-packages/airflow/example_dags/example_complex.py
[2024-10-28T18:18:48.413+0000] {processor.py:925} INFO - DAG(s) 'example_complex' retrieved from /home/airflow/.local/lib/python3.12/site-packages/airflow/example_dags/example_complex.py
[2024-10-28T18:18:48.440+0000] {logging_mixin.py:190} INFO - [2024-10-28T18:18:48.439+0000] {dag.py:3239} INFO - Sync 1 DAGs
[2024-10-28T18:18:48.454+0000] {logging_mixin.py:190} INFO - [2024-10-28T18:18:48.453+0000] {dag.py:4180} INFO - Setting next_dagrun for example_complex to None, run_after=None
[2024-10-28T18:18:48.474+0000] {processor.py:208} INFO - Processing /home/airflow/.local/lib/python3.12/site-packages/airflow/example_dags/example_complex.py took 0.077 seconds
[2024-10-28T18:19:18.985+0000] {processor.py:186} INFO - Started process (PID=2100) to work on /home/airflow/.local/lib/python3.12/site-packages/airflow/example_dags/example_complex.py
[2024-10-28T18:19:18.986+0000] {processor.py:914} INFO - Processing file /home/airflow/.local/lib/python3.12/site-packages/airflow/example_dags/example_complex.py for tasks to queue
[2024-10-28T18:19:18.988+0000] {logging_mixin.py:190} INFO - [2024-10-28T18:19:18.988+0000] {dagbag.py:588} INFO - Filling up the DagBag from /home/airflow/.local/lib/python3.12/site-packages/airflow/example_dags/example_complex.py
[2024-10-28T18:19:18.996+0000] {processor.py:925} INFO - DAG(s) 'example_complex' retrieved from /home/airflow/.local/lib/python3.12/site-packages/airflow/example_dags/example_complex.py
[2024-10-28T18:19:19.017+0000] {logging_mixin.py:190} INFO - [2024-10-28T18:19:19.017+0000] {dag.py:3239} INFO - Sync 1 DAGs
[2024-10-28T18:19:19.027+0000] {logging_mixin.py:190} INFO - [2024-10-28T18:19:19.027+0000] {dag.py:4180} INFO - Setting next_dagrun for example_complex to None, run_after=None
[2024-10-28T18:19:19.040+0000] {processor.py:208} INFO - Processing /home/airflow/.local/lib/python3.12/site-packages/airflow/example_dags/example_complex.py took 0.059 seconds
[2024-10-28T18:19:49.754+0000] {processor.py:186} INFO - Started process (PID=2167) to work on /home/airflow/.local/lib/python3.12/site-packages/airflow/example_dags/example_complex.py
[2024-10-28T18:19:49.755+0000] {processor.py:914} INFO - Processing file /home/airflow/.local/lib/python3.12/site-packages/airflow/example_dags/example_complex.py for tasks to queue
[2024-10-28T18:19:49.757+0000] {logging_mixin.py:190} INFO - [2024-10-28T18:19:49.757+0000] {dagbag.py:588} INFO - Filling up the DagBag from /home/airflow/.local/lib/python3.12/site-packages/airflow/example_dags/example_complex.py
[2024-10-28T18:19:49.766+0000] {processor.py:925} INFO - DAG(s) 'example_complex' retrieved from /home/airflow/.local/lib/python3.12/site-packages/airflow/example_dags/example_complex.py
[2024-10-28T18:19:49.794+0000] {logging_mixin.py:190} INFO - [2024-10-28T18:19:49.793+0000] {dag.py:3239} INFO - Sync 1 DAGs
[2024-10-28T18:19:49.803+0000] {logging_mixin.py:190} INFO - [2024-10-28T18:19:49.803+0000] {dag.py:4180} INFO - Setting next_dagrun for example_complex to None, run_after=None
[2024-10-28T18:19:49.816+0000] {processor.py:208} INFO - Processing /home/airflow/.local/lib/python3.12/site-packages/airflow/example_dags/example_complex.py took 0.066 seconds
[2024-10-28T18:20:20.122+0000] {processor.py:186} INFO - Started process (PID=2233) to work on /home/airflow/.local/lib/python3.12/site-packages/airflow/example_dags/example_complex.py
[2024-10-28T18:20:20.123+0000] {processor.py:914} INFO - Processing file /home/airflow/.local/lib/python3.12/site-packages/airflow/example_dags/example_complex.py for tasks to queue
[2024-10-28T18:20:20.125+0000] {logging_mixin.py:190} INFO - [2024-10-28T18:20:20.125+0000] {dagbag.py:588} INFO - Filling up the DagBag from /home/airflow/.local/lib/python3.12/site-packages/airflow/example_dags/example_complex.py
[2024-10-28T18:20:20.135+0000] {processor.py:925} INFO - DAG(s) 'example_complex' retrieved from /home/airflow/.local/lib/python3.12/site-packages/airflow/example_dags/example_complex.py
[2024-10-28T18:20:20.163+0000] {logging_mixin.py:190} INFO - [2024-10-28T18:20:20.162+0000] {dag.py:3239} INFO - Sync 1 DAGs
[2024-10-28T18:20:20.175+0000] {logging_mixin.py:190} INFO - [2024-10-28T18:20:20.174+0000] {dag.py:4180} INFO - Setting next_dagrun for example_complex to None, run_after=None
[2024-10-28T18:20:20.202+0000] {processor.py:208} INFO - Processing /home/airflow/.local/lib/python3.12/site-packages/airflow/example_dags/example_complex.py took 0.084 seconds
[2024-10-28T18:20:50.623+0000] {processor.py:186} INFO - Started process (PID=2299) to work on /home/airflow/.local/lib/python3.12/site-packages/airflow/example_dags/example_complex.py
[2024-10-28T18:20:50.624+0000] {processor.py:914} INFO - Processing file /home/airflow/.local/lib/python3.12/site-packages/airflow/example_dags/example_complex.py for tasks to queue
[2024-10-28T18:20:50.626+0000] {logging_mixin.py:190} INFO - [2024-10-28T18:20:50.626+0000] {dagbag.py:588} INFO - Filling up the DagBag from /home/airflow/.local/lib/python3.12/site-packages/airflow/example_dags/example_complex.py
[2024-10-28T18:20:50.634+0000] {processor.py:925} INFO - DAG(s) 'example_complex' retrieved from /home/airflow/.local/lib/python3.12/site-packages/airflow/example_dags/example_complex.py
[2024-10-28T18:20:50.656+0000] {logging_mixin.py:190} INFO - [2024-10-28T18:20:50.656+0000] {dag.py:3239} INFO - Sync 1 DAGs
[2024-10-28T18:20:50.666+0000] {logging_mixin.py:190} INFO - [2024-10-28T18:20:50.666+0000] {dag.py:4180} INFO - Setting next_dagrun for example_complex to None, run_after=None
[2024-10-28T18:20:50.691+0000] {processor.py:208} INFO - Processing /home/airflow/.local/lib/python3.12/site-packages/airflow/example_dags/example_complex.py took 0.072 seconds
[2024-10-28T18:21:21.899+0000] {processor.py:186} INFO - Started process (PID=2371) to work on /home/airflow/.local/lib/python3.12/site-packages/airflow/example_dags/example_complex.py
[2024-10-28T18:21:21.900+0000] {processor.py:914} INFO - Processing file /home/airflow/.local/lib/python3.12/site-packages/airflow/example_dags/example_complex.py for tasks to queue
[2024-10-28T18:21:21.902+0000] {logging_mixin.py:190} INFO - [2024-10-28T18:21:21.902+0000] {dagbag.py:588} INFO - Filling up the DagBag from /home/airflow/.local/lib/python3.12/site-packages/airflow/example_dags/example_complex.py
[2024-10-28T18:21:21.912+0000] {processor.py:925} INFO - DAG(s) 'example_complex' retrieved from /home/airflow/.local/lib/python3.12/site-packages/airflow/example_dags/example_complex.py
[2024-10-28T18:21:21.937+0000] {logging_mixin.py:190} INFO - [2024-10-28T18:21:21.937+0000] {dag.py:3239} INFO - Sync 1 DAGs
[2024-10-28T18:21:21.949+0000] {logging_mixin.py:190} INFO - [2024-10-28T18:21:21.948+0000] {dag.py:4180} INFO - Setting next_dagrun for example_complex to None, run_after=None
[2024-10-28T18:21:21.974+0000] {processor.py:208} INFO - Processing /home/airflow/.local/lib/python3.12/site-packages/airflow/example_dags/example_complex.py took 0.080 seconds
[2024-10-28T18:21:52.745+0000] {processor.py:186} INFO - Started process (PID=2437) to work on /home/airflow/.local/lib/python3.12/site-packages/airflow/example_dags/example_complex.py
[2024-10-28T18:21:52.746+0000] {processor.py:914} INFO - Processing file /home/airflow/.local/lib/python3.12/site-packages/airflow/example_dags/example_complex.py for tasks to queue
[2024-10-28T18:21:52.748+0000] {logging_mixin.py:190} INFO - [2024-10-28T18:21:52.748+0000] {dagbag.py:588} INFO - Filling up the DagBag from /home/airflow/.local/lib/python3.12/site-packages/airflow/example_dags/example_complex.py
[2024-10-28T18:21:52.756+0000] {processor.py:925} INFO - DAG(s) 'example_complex' retrieved from /home/airflow/.local/lib/python3.12/site-packages/airflow/example_dags/example_complex.py
[2024-10-28T18:21:52.781+0000] {logging_mixin.py:190} INFO - [2024-10-28T18:21:52.781+0000] {dag.py:3239} INFO - Sync 1 DAGs
[2024-10-28T18:21:52.794+0000] {logging_mixin.py:190} INFO - [2024-10-28T18:21:52.794+0000] {dag.py:4180} INFO - Setting next_dagrun for example_complex to None, run_after=None
[2024-10-28T18:21:52.814+0000] {processor.py:208} INFO - Processing /home/airflow/.local/lib/python3.12/site-packages/airflow/example_dags/example_complex.py took 0.073 seconds
[2024-10-28T18:22:24.013+0000] {processor.py:186} INFO - Started process (PID=2503) to work on /home/airflow/.local/lib/python3.12/site-packages/airflow/example_dags/example_complex.py
[2024-10-28T18:22:24.014+0000] {processor.py:914} INFO - Processing file /home/airflow/.local/lib/python3.12/site-packages/airflow/example_dags/example_complex.py for tasks to queue
[2024-10-28T18:22:24.016+0000] {logging_mixin.py:190} INFO - [2024-10-28T18:22:24.015+0000] {dagbag.py:588} INFO - Filling up the DagBag from /home/airflow/.local/lib/python3.12/site-packages/airflow/example_dags/example_complex.py
[2024-10-28T18:22:24.025+0000] {processor.py:925} INFO - DAG(s) 'example_complex' retrieved from /home/airflow/.local/lib/python3.12/site-packages/airflow/example_dags/example_complex.py
[2024-10-28T18:22:24.050+0000] {logging_mixin.py:190} INFO - [2024-10-28T18:22:24.049+0000] {dag.py:3239} INFO - Sync 1 DAGs
[2024-10-28T18:22:24.060+0000] {logging_mixin.py:190} INFO - [2024-10-28T18:22:24.060+0000] {dag.py:4180} INFO - Setting next_dagrun for example_complex to None, run_after=None
[2024-10-28T18:22:24.081+0000] {processor.py:208} INFO - Processing /home/airflow/.local/lib/python3.12/site-packages/airflow/example_dags/example_complex.py took 0.073 seconds
[2024-10-28T18:22:54.398+0000] {processor.py:186} INFO - Started process (PID=2569) to work on /home/airflow/.local/lib/python3.12/site-packages/airflow/example_dags/example_complex.py
[2024-10-28T18:22:54.399+0000] {processor.py:914} INFO - Processing file /home/airflow/.local/lib/python3.12/site-packages/airflow/example_dags/example_complex.py for tasks to queue
[2024-10-28T18:22:54.401+0000] {logging_mixin.py:190} INFO - [2024-10-28T18:22:54.401+0000] {dagbag.py:588} INFO - Filling up the DagBag from /home/airflow/.local/lib/python3.12/site-packages/airflow/example_dags/example_complex.py
[2024-10-28T18:22:54.409+0000] {processor.py:925} INFO - DAG(s) 'example_complex' retrieved from /home/airflow/.local/lib/python3.12/site-packages/airflow/example_dags/example_complex.py
[2024-10-28T18:22:54.435+0000] {logging_mixin.py:190} INFO - [2024-10-28T18:22:54.435+0000] {dag.py:3239} INFO - Sync 1 DAGs
[2024-10-28T18:22:54.446+0000] {logging_mixin.py:190} INFO - [2024-10-28T18:22:54.446+0000] {dag.py:4180} INFO - Setting next_dagrun for example_complex to None, run_after=None
[2024-10-28T18:22:54.462+0000] {processor.py:208} INFO - Processing /home/airflow/.local/lib/python3.12/site-packages/airflow/example_dags/example_complex.py took 0.067 seconds
[2024-10-28T18:23:24.603+0000] {processor.py:186} INFO - Started process (PID=2635) to work on /home/airflow/.local/lib/python3.12/site-packages/airflow/example_dags/example_complex.py
[2024-10-28T18:23:24.604+0000] {processor.py:914} INFO - Processing file /home/airflow/.local/lib/python3.12/site-packages/airflow/example_dags/example_complex.py for tasks to queue
[2024-10-28T18:23:24.606+0000] {logging_mixin.py:190} INFO - [2024-10-28T18:23:24.606+0000] {dagbag.py:588} INFO - Filling up the DagBag from /home/airflow/.local/lib/python3.12/site-packages/airflow/example_dags/example_complex.py
[2024-10-28T18:23:24.619+0000] {processor.py:925} INFO - DAG(s) 'example_complex' retrieved from /home/airflow/.local/lib/python3.12/site-packages/airflow/example_dags/example_complex.py
[2024-10-28T18:23:24.643+0000] {logging_mixin.py:190} INFO - [2024-10-28T18:23:24.643+0000] {dag.py:3239} INFO - Sync 1 DAGs
[2024-10-28T18:23:24.658+0000] {logging_mixin.py:190} INFO - [2024-10-28T18:23:24.657+0000] {dag.py:4180} INFO - Setting next_dagrun for example_complex to None, run_after=None
[2024-10-28T18:23:24.683+0000] {processor.py:208} INFO - Processing /home/airflow/.local/lib/python3.12/site-packages/airflow/example_dags/example_complex.py took 0.085 seconds
[2024-10-28T18:23:54.838+0000] {processor.py:186} INFO - Started process (PID=2700) to work on /home/airflow/.local/lib/python3.12/site-packages/airflow/example_dags/example_complex.py
[2024-10-28T18:23:54.839+0000] {processor.py:914} INFO - Processing file /home/airflow/.local/lib/python3.12/site-packages/airflow/example_dags/example_complex.py for tasks to queue
[2024-10-28T18:23:54.841+0000] {logging_mixin.py:190} INFO - [2024-10-28T18:23:54.841+0000] {dagbag.py:588} INFO - Filling up the DagBag from /home/airflow/.local/lib/python3.12/site-packages/airflow/example_dags/example_complex.py
[2024-10-28T18:23:54.849+0000] {processor.py:925} INFO - DAG(s) 'example_complex' retrieved from /home/airflow/.local/lib/python3.12/site-packages/airflow/example_dags/example_complex.py
[2024-10-28T18:23:54.872+0000] {logging_mixin.py:190} INFO - [2024-10-28T18:23:54.872+0000] {dag.py:3239} INFO - Sync 1 DAGs
[2024-10-28T18:23:54.882+0000] {logging_mixin.py:190} INFO - [2024-10-28T18:23:54.882+0000] {dag.py:4180} INFO - Setting next_dagrun for example_complex to None, run_after=None
[2024-10-28T18:23:54.896+0000] {processor.py:208} INFO - Processing /home/airflow/.local/lib/python3.12/site-packages/airflow/example_dags/example_complex.py took 0.062 seconds
[2024-10-28T18:24:25.726+0000] {processor.py:186} INFO - Started process (PID=2766) to work on /home/airflow/.local/lib/python3.12/site-packages/airflow/example_dags/example_complex.py
[2024-10-28T18:24:25.727+0000] {processor.py:914} INFO - Processing file /home/airflow/.local/lib/python3.12/site-packages/airflow/example_dags/example_complex.py for tasks to queue
[2024-10-28T18:24:25.729+0000] {logging_mixin.py:190} INFO - [2024-10-28T18:24:25.729+0000] {dagbag.py:588} INFO - Filling up the DagBag from /home/airflow/.local/lib/python3.12/site-packages/airflow/example_dags/example_complex.py
[2024-10-28T18:24:25.736+0000] {processor.py:925} INFO - DAG(s) 'example_complex' retrieved from /home/airflow/.local/lib/python3.12/site-packages/airflow/example_dags/example_complex.py
[2024-10-28T18:24:25.759+0000] {logging_mixin.py:190} INFO - [2024-10-28T18:24:25.758+0000] {dag.py:3239} INFO - Sync 1 DAGs
[2024-10-28T18:24:25.769+0000] {logging_mixin.py:190} INFO - [2024-10-28T18:24:25.769+0000] {dag.py:4180} INFO - Setting next_dagrun for example_complex to None, run_after=None
[2024-10-28T18:24:25.783+0000] {processor.py:208} INFO - Processing /home/airflow/.local/lib/python3.12/site-packages/airflow/example_dags/example_complex.py took 0.061 seconds
[2024-10-28T18:24:56.049+0000] {processor.py:186} INFO - Started process (PID=2832) to work on /home/airflow/.local/lib/python3.12/site-packages/airflow/example_dags/example_complex.py
[2024-10-28T18:24:56.050+0000] {processor.py:914} INFO - Processing file /home/airflow/.local/lib/python3.12/site-packages/airflow/example_dags/example_complex.py for tasks to queue
[2024-10-28T18:24:56.052+0000] {logging_mixin.py:190} INFO - [2024-10-28T18:24:56.052+0000] {dagbag.py:588} INFO - Filling up the DagBag from /home/airflow/.local/lib/python3.12/site-packages/airflow/example_dags/example_complex.py
[2024-10-28T18:24:56.061+0000] {processor.py:925} INFO - DAG(s) 'example_complex' retrieved from /home/airflow/.local/lib/python3.12/site-packages/airflow/example_dags/example_complex.py
[2024-10-28T18:24:56.087+0000] {logging_mixin.py:190} INFO - [2024-10-28T18:24:56.087+0000] {dag.py:3239} INFO - Sync 1 DAGs
[2024-10-28T18:24:56.097+0000] {logging_mixin.py:190} INFO - [2024-10-28T18:24:56.097+0000] {dag.py:4180} INFO - Setting next_dagrun for example_complex to None, run_after=None
[2024-10-28T18:24:56.115+0000] {processor.py:208} INFO - Processing /home/airflow/.local/lib/python3.12/site-packages/airflow/example_dags/example_complex.py took 0.070 seconds
