[2024-10-28T18:03:57.630+0000] {processor.py:186} INFO - Started process (PID=116) to work on /home/airflow/.local/lib/python3.12/site-packages/airflow/example_dags/example_dataset_alias.py
[2024-10-28T18:03:57.634+0000] {processor.py:914} INFO - Processing file /home/airflow/.local/lib/python3.12/site-packages/airflow/example_dags/example_dataset_alias.py for tasks to queue
[2024-10-28T18:03:57.642+0000] {logging_mixin.py:190} INFO - [2024-10-28T18:03:57.642+0000] {dagbag.py:588} INFO - Filling up the DagBag from /home/airflow/.local/lib/python3.12/site-packages/airflow/example_dags/example_dataset_alias.py
[2024-10-28T18:03:58.017+0000] {processor.py:925} INFO - DAG(s) 'dataset_s3_bucket_producer', 'dataset_alias_example_alias_producer', 'dataset_s3_bucket_consumer', 'dataset_alias_example_alias_consumer' retrieved from /home/airflow/.local/lib/python3.12/site-packages/airflow/example_dags/example_dataset_alias.py
[2024-10-28T18:03:58.072+0000] {logging_mixin.py:190} INFO - [2024-10-28T18:03:58.071+0000] {dag.py:3239} INFO - Sync 4 DAGs
[2024-10-28T18:03:58.111+0000] {logging_mixin.py:190} INFO - [2024-10-28T18:03:58.110+0000] {dag.py:4180} INFO - Setting next_dagrun for dataset_alias_example_alias_consumer to None, run_after=None
[2024-10-28T18:03:58.117+0000] {logging_mixin.py:190} INFO - [2024-10-28T18:03:58.117+0000] {dag.py:4180} INFO - Setting next_dagrun for dataset_alias_example_alias_producer to None, run_after=None
[2024-10-28T18:03:58.121+0000] {logging_mixin.py:190} INFO - [2024-10-28T18:03:58.120+0000] {dag.py:4180} INFO - Setting next_dagrun for dataset_s3_bucket_consumer to None, run_after=None
[2024-10-28T18:03:58.125+0000] {logging_mixin.py:190} INFO - [2024-10-28T18:03:58.124+0000] {dag.py:4180} INFO - Setting next_dagrun for dataset_s3_bucket_producer to None, run_after=None
[2024-10-28T18:03:58.165+0000] {processor.py:208} INFO - Processing /home/airflow/.local/lib/python3.12/site-packages/airflow/example_dags/example_dataset_alias.py took 0.550 seconds
[2024-10-28T18:04:28.654+0000] {processor.py:186} INFO - Started process (PID=182) to work on /home/airflow/.local/lib/python3.12/site-packages/airflow/example_dags/example_dataset_alias.py
[2024-10-28T18:04:28.654+0000] {processor.py:914} INFO - Processing file /home/airflow/.local/lib/python3.12/site-packages/airflow/example_dags/example_dataset_alias.py for tasks to queue
[2024-10-28T18:04:28.656+0000] {logging_mixin.py:190} INFO - [2024-10-28T18:04:28.656+0000] {dagbag.py:588} INFO - Filling up the DagBag from /home/airflow/.local/lib/python3.12/site-packages/airflow/example_dags/example_dataset_alias.py
[2024-10-28T18:04:28.761+0000] {processor.py:925} INFO - DAG(s) 'dataset_s3_bucket_producer', 'dataset_alias_example_alias_producer', 'dataset_s3_bucket_consumer', 'dataset_alias_example_alias_consumer' retrieved from /home/airflow/.local/lib/python3.12/site-packages/airflow/example_dags/example_dataset_alias.py
[2024-10-28T18:04:28.778+0000] {logging_mixin.py:190} INFO - [2024-10-28T18:04:28.778+0000] {dag.py:3239} INFO - Sync 4 DAGs
[2024-10-28T18:04:28.796+0000] {logging_mixin.py:190} INFO - [2024-10-28T18:04:28.796+0000] {dag.py:4180} INFO - Setting next_dagrun for dataset_alias_example_alias_consumer to None, run_after=None
[2024-10-28T18:04:28.798+0000] {logging_mixin.py:190} INFO - [2024-10-28T18:04:28.798+0000] {dag.py:4180} INFO - Setting next_dagrun for dataset_alias_example_alias_producer to None, run_after=None
[2024-10-28T18:04:28.799+0000] {logging_mixin.py:190} INFO - [2024-10-28T18:04:28.799+0000] {dag.py:4180} INFO - Setting next_dagrun for dataset_s3_bucket_consumer to None, run_after=None
[2024-10-28T18:04:28.801+0000] {logging_mixin.py:190} INFO - [2024-10-28T18:04:28.800+0000] {dag.py:4180} INFO - Setting next_dagrun for dataset_s3_bucket_producer to None, run_after=None
[2024-10-28T18:04:28.814+0000] {processor.py:208} INFO - Processing /home/airflow/.local/lib/python3.12/site-packages/airflow/example_dags/example_dataset_alias.py took 0.167 seconds
[2024-10-28T18:04:59.299+0000] {processor.py:186} INFO - Started process (PID=248) to work on /home/airflow/.local/lib/python3.12/site-packages/airflow/example_dags/example_dataset_alias.py
[2024-10-28T18:04:59.300+0000] {processor.py:914} INFO - Processing file /home/airflow/.local/lib/python3.12/site-packages/airflow/example_dags/example_dataset_alias.py for tasks to queue
[2024-10-28T18:04:59.302+0000] {logging_mixin.py:190} INFO - [2024-10-28T18:04:59.302+0000] {dagbag.py:588} INFO - Filling up the DagBag from /home/airflow/.local/lib/python3.12/site-packages/airflow/example_dags/example_dataset_alias.py
[2024-10-28T18:04:59.793+0000] {processor.py:925} INFO - DAG(s) 'dataset_s3_bucket_consumer', 'dataset_s3_bucket_producer', 'dataset_alias_example_alias_consumer', 'dataset_alias_example_alias_producer' retrieved from /home/airflow/.local/lib/python3.12/site-packages/airflow/example_dags/example_dataset_alias.py
[2024-10-28T18:05:00.024+0000] {logging_mixin.py:190} INFO - [2024-10-28T18:05:00.024+0000] {dag.py:3239} INFO - Sync 4 DAGs
[2024-10-28T18:05:00.154+0000] {logging_mixin.py:190} INFO - [2024-10-28T18:05:00.154+0000] {dag.py:4180} INFO - Setting next_dagrun for dataset_alias_example_alias_consumer to None, run_after=None
[2024-10-28T18:05:00.157+0000] {logging_mixin.py:190} INFO - [2024-10-28T18:05:00.157+0000] {dag.py:4180} INFO - Setting next_dagrun for dataset_alias_example_alias_producer to None, run_after=None
[2024-10-28T18:05:00.158+0000] {logging_mixin.py:190} INFO - [2024-10-28T18:05:00.158+0000] {dag.py:4180} INFO - Setting next_dagrun for dataset_s3_bucket_consumer to None, run_after=None
[2024-10-28T18:05:00.159+0000] {logging_mixin.py:190} INFO - [2024-10-28T18:05:00.159+0000] {dag.py:4180} INFO - Setting next_dagrun for dataset_s3_bucket_producer to None, run_after=None
[2024-10-28T18:05:00.186+0000] {processor.py:208} INFO - Processing /home/airflow/.local/lib/python3.12/site-packages/airflow/example_dags/example_dataset_alias.py took 0.892 seconds
[2024-10-28T18:05:30.514+0000] {processor.py:186} INFO - Started process (PID=314) to work on /home/airflow/.local/lib/python3.12/site-packages/airflow/example_dags/example_dataset_alias.py
[2024-10-28T18:05:30.514+0000] {processor.py:914} INFO - Processing file /home/airflow/.local/lib/python3.12/site-packages/airflow/example_dags/example_dataset_alias.py for tasks to queue
[2024-10-28T18:05:30.516+0000] {logging_mixin.py:190} INFO - [2024-10-28T18:05:30.516+0000] {dagbag.py:588} INFO - Filling up the DagBag from /home/airflow/.local/lib/python3.12/site-packages/airflow/example_dags/example_dataset_alias.py
[2024-10-28T18:05:30.622+0000] {processor.py:925} INFO - DAG(s) 'dataset_alias_example_alias_producer', 'dataset_s3_bucket_consumer', 'dataset_s3_bucket_producer', 'dataset_alias_example_alias_consumer' retrieved from /home/airflow/.local/lib/python3.12/site-packages/airflow/example_dags/example_dataset_alias.py
[2024-10-28T18:05:30.638+0000] {logging_mixin.py:190} INFO - [2024-10-28T18:05:30.637+0000] {dag.py:3239} INFO - Sync 4 DAGs
[2024-10-28T18:05:30.652+0000] {logging_mixin.py:190} INFO - [2024-10-28T18:05:30.652+0000] {dag.py:4180} INFO - Setting next_dagrun for dataset_alias_example_alias_consumer to None, run_after=None
[2024-10-28T18:05:30.654+0000] {logging_mixin.py:190} INFO - [2024-10-28T18:05:30.654+0000] {dag.py:4180} INFO - Setting next_dagrun for dataset_alias_example_alias_producer to None, run_after=None
[2024-10-28T18:05:30.655+0000] {logging_mixin.py:190} INFO - [2024-10-28T18:05:30.655+0000] {dag.py:4180} INFO - Setting next_dagrun for dataset_s3_bucket_consumer to None, run_after=None
[2024-10-28T18:05:30.656+0000] {logging_mixin.py:190} INFO - [2024-10-28T18:05:30.656+0000] {dag.py:4180} INFO - Setting next_dagrun for dataset_s3_bucket_producer to None, run_after=None
[2024-10-28T18:05:30.674+0000] {processor.py:208} INFO - Processing /home/airflow/.local/lib/python3.12/site-packages/airflow/example_dags/example_dataset_alias.py took 0.164 seconds
[2024-10-28T18:06:01.341+0000] {processor.py:186} INFO - Started process (PID=380) to work on /home/airflow/.local/lib/python3.12/site-packages/airflow/example_dags/example_dataset_alias.py
[2024-10-28T18:06:01.341+0000] {processor.py:914} INFO - Processing file /home/airflow/.local/lib/python3.12/site-packages/airflow/example_dags/example_dataset_alias.py for tasks to queue
[2024-10-28T18:06:01.343+0000] {logging_mixin.py:190} INFO - [2024-10-28T18:06:01.343+0000] {dagbag.py:588} INFO - Filling up the DagBag from /home/airflow/.local/lib/python3.12/site-packages/airflow/example_dags/example_dataset_alias.py
[2024-10-28T18:06:01.449+0000] {processor.py:925} INFO - DAG(s) 'dataset_alias_example_alias_consumer', 'dataset_s3_bucket_producer', 'dataset_alias_example_alias_producer', 'dataset_s3_bucket_consumer' retrieved from /home/airflow/.local/lib/python3.12/site-packages/airflow/example_dags/example_dataset_alias.py
[2024-10-28T18:06:01.467+0000] {logging_mixin.py:190} INFO - [2024-10-28T18:06:01.467+0000] {dag.py:3239} INFO - Sync 4 DAGs
[2024-10-28T18:06:01.483+0000] {logging_mixin.py:190} INFO - [2024-10-28T18:06:01.483+0000] {dag.py:4180} INFO - Setting next_dagrun for dataset_alias_example_alias_consumer to None, run_after=None
[2024-10-28T18:06:01.485+0000] {logging_mixin.py:190} INFO - [2024-10-28T18:06:01.485+0000] {dag.py:4180} INFO - Setting next_dagrun for dataset_alias_example_alias_producer to None, run_after=None
[2024-10-28T18:06:01.487+0000] {logging_mixin.py:190} INFO - [2024-10-28T18:06:01.487+0000] {dag.py:4180} INFO - Setting next_dagrun for dataset_s3_bucket_consumer to None, run_after=None
[2024-10-28T18:06:01.488+0000] {logging_mixin.py:190} INFO - [2024-10-28T18:06:01.488+0000] {dag.py:4180} INFO - Setting next_dagrun for dataset_s3_bucket_producer to None, run_after=None
[2024-10-28T18:06:01.504+0000] {processor.py:208} INFO - Processing /home/airflow/.local/lib/python3.12/site-packages/airflow/example_dags/example_dataset_alias.py took 0.167 seconds
[2024-10-28T18:06:32.117+0000] {processor.py:186} INFO - Started process (PID=446) to work on /home/airflow/.local/lib/python3.12/site-packages/airflow/example_dags/example_dataset_alias.py
[2024-10-28T18:06:32.118+0000] {processor.py:914} INFO - Processing file /home/airflow/.local/lib/python3.12/site-packages/airflow/example_dags/example_dataset_alias.py for tasks to queue
[2024-10-28T18:06:32.120+0000] {logging_mixin.py:190} INFO - [2024-10-28T18:06:32.119+0000] {dagbag.py:588} INFO - Filling up the DagBag from /home/airflow/.local/lib/python3.12/site-packages/airflow/example_dags/example_dataset_alias.py
[2024-10-28T18:06:32.227+0000] {processor.py:925} INFO - DAG(s) 'dataset_s3_bucket_consumer', 'dataset_s3_bucket_producer', 'dataset_alias_example_alias_producer', 'dataset_alias_example_alias_consumer' retrieved from /home/airflow/.local/lib/python3.12/site-packages/airflow/example_dags/example_dataset_alias.py
[2024-10-28T18:06:32.247+0000] {logging_mixin.py:190} INFO - [2024-10-28T18:06:32.247+0000] {dag.py:3239} INFO - Sync 4 DAGs
[2024-10-28T18:06:32.265+0000] {logging_mixin.py:190} INFO - [2024-10-28T18:06:32.265+0000] {dag.py:4180} INFO - Setting next_dagrun for dataset_alias_example_alias_consumer to None, run_after=None
[2024-10-28T18:06:32.268+0000] {logging_mixin.py:190} INFO - [2024-10-28T18:06:32.268+0000] {dag.py:4180} INFO - Setting next_dagrun for dataset_alias_example_alias_producer to None, run_after=None
[2024-10-28T18:06:32.269+0000] {logging_mixin.py:190} INFO - [2024-10-28T18:06:32.269+0000] {dag.py:4180} INFO - Setting next_dagrun for dataset_s3_bucket_consumer to None, run_after=None
[2024-10-28T18:06:32.271+0000] {logging_mixin.py:190} INFO - [2024-10-28T18:06:32.270+0000] {dag.py:4180} INFO - Setting next_dagrun for dataset_s3_bucket_producer to None, run_after=None
[2024-10-28T18:06:32.290+0000] {processor.py:208} INFO - Processing /home/airflow/.local/lib/python3.12/site-packages/airflow/example_dags/example_dataset_alias.py took 0.177 seconds
[2024-10-28T18:07:02.832+0000] {processor.py:186} INFO - Started process (PID=512) to work on /home/airflow/.local/lib/python3.12/site-packages/airflow/example_dags/example_dataset_alias.py
[2024-10-28T18:07:02.833+0000] {processor.py:914} INFO - Processing file /home/airflow/.local/lib/python3.12/site-packages/airflow/example_dags/example_dataset_alias.py for tasks to queue
[2024-10-28T18:07:02.836+0000] {logging_mixin.py:190} INFO - [2024-10-28T18:07:02.835+0000] {dagbag.py:588} INFO - Filling up the DagBag from /home/airflow/.local/lib/python3.12/site-packages/airflow/example_dags/example_dataset_alias.py
[2024-10-28T18:07:02.941+0000] {processor.py:925} INFO - DAG(s) 'dataset_s3_bucket_producer', 'dataset_alias_example_alias_producer', 'dataset_s3_bucket_consumer', 'dataset_alias_example_alias_consumer' retrieved from /home/airflow/.local/lib/python3.12/site-packages/airflow/example_dags/example_dataset_alias.py
[2024-10-28T18:07:02.956+0000] {logging_mixin.py:190} INFO - [2024-10-28T18:07:02.955+0000] {dag.py:3239} INFO - Sync 4 DAGs
[2024-10-28T18:07:02.971+0000] {logging_mixin.py:190} INFO - [2024-10-28T18:07:02.971+0000] {dag.py:4180} INFO - Setting next_dagrun for dataset_alias_example_alias_consumer to None, run_after=None
[2024-10-28T18:07:02.974+0000] {logging_mixin.py:190} INFO - [2024-10-28T18:07:02.974+0000] {dag.py:4180} INFO - Setting next_dagrun for dataset_alias_example_alias_producer to None, run_after=None
[2024-10-28T18:07:02.975+0000] {logging_mixin.py:190} INFO - [2024-10-28T18:07:02.975+0000] {dag.py:4180} INFO - Setting next_dagrun for dataset_s3_bucket_consumer to None, run_after=None
[2024-10-28T18:07:02.976+0000] {logging_mixin.py:190} INFO - [2024-10-28T18:07:02.976+0000] {dag.py:4180} INFO - Setting next_dagrun for dataset_s3_bucket_producer to None, run_after=None
[2024-10-28T18:07:02.997+0000] {processor.py:208} INFO - Processing /home/airflow/.local/lib/python3.12/site-packages/airflow/example_dags/example_dataset_alias.py took 0.170 seconds
[2024-10-28T18:07:33.665+0000] {processor.py:186} INFO - Started process (PID=578) to work on /home/airflow/.local/lib/python3.12/site-packages/airflow/example_dags/example_dataset_alias.py
[2024-10-28T18:07:33.666+0000] {processor.py:914} INFO - Processing file /home/airflow/.local/lib/python3.12/site-packages/airflow/example_dags/example_dataset_alias.py for tasks to queue
[2024-10-28T18:07:33.669+0000] {logging_mixin.py:190} INFO - [2024-10-28T18:07:33.669+0000] {dagbag.py:588} INFO - Filling up the DagBag from /home/airflow/.local/lib/python3.12/site-packages/airflow/example_dags/example_dataset_alias.py
[2024-10-28T18:07:33.851+0000] {processor.py:925} INFO - DAG(s) 'dataset_alias_example_alias_producer', 'dataset_s3_bucket_consumer', 'dataset_s3_bucket_producer', 'dataset_alias_example_alias_consumer' retrieved from /home/airflow/.local/lib/python3.12/site-packages/airflow/example_dags/example_dataset_alias.py
[2024-10-28T18:07:33.880+0000] {logging_mixin.py:190} INFO - [2024-10-28T18:07:33.879+0000] {dag.py:3239} INFO - Sync 4 DAGs
[2024-10-28T18:07:33.908+0000] {logging_mixin.py:190} INFO - [2024-10-28T18:07:33.908+0000] {dag.py:4180} INFO - Setting next_dagrun for dataset_alias_example_alias_consumer to None, run_after=None
[2024-10-28T18:07:33.912+0000] {logging_mixin.py:190} INFO - [2024-10-28T18:07:33.911+0000] {dag.py:4180} INFO - Setting next_dagrun for dataset_alias_example_alias_producer to None, run_after=None
[2024-10-28T18:07:33.914+0000] {logging_mixin.py:190} INFO - [2024-10-28T18:07:33.913+0000] {dag.py:4180} INFO - Setting next_dagrun for dataset_s3_bucket_consumer to None, run_after=None
[2024-10-28T18:07:33.915+0000] {logging_mixin.py:190} INFO - [2024-10-28T18:07:33.915+0000] {dag.py:4180} INFO - Setting next_dagrun for dataset_s3_bucket_producer to None, run_after=None
[2024-10-28T18:07:33.939+0000] {processor.py:208} INFO - Processing /home/airflow/.local/lib/python3.12/site-packages/airflow/example_dags/example_dataset_alias.py took 0.280 seconds
[2024-10-28T18:08:04.025+0000] {processor.py:186} INFO - Started process (PID=644) to work on /home/airflow/.local/lib/python3.12/site-packages/airflow/example_dags/example_dataset_alias.py
[2024-10-28T18:08:04.026+0000] {processor.py:914} INFO - Processing file /home/airflow/.local/lib/python3.12/site-packages/airflow/example_dags/example_dataset_alias.py for tasks to queue
[2024-10-28T18:08:04.028+0000] {logging_mixin.py:190} INFO - [2024-10-28T18:08:04.028+0000] {dagbag.py:588} INFO - Filling up the DagBag from /home/airflow/.local/lib/python3.12/site-packages/airflow/example_dags/example_dataset_alias.py
[2024-10-28T18:08:04.143+0000] {processor.py:925} INFO - DAG(s) 'dataset_alias_example_alias_consumer', 'dataset_s3_bucket_producer', 'dataset_alias_example_alias_producer', 'dataset_s3_bucket_consumer' retrieved from /home/airflow/.local/lib/python3.12/site-packages/airflow/example_dags/example_dataset_alias.py
[2024-10-28T18:08:04.158+0000] {logging_mixin.py:190} INFO - [2024-10-28T18:08:04.158+0000] {dag.py:3239} INFO - Sync 4 DAGs
[2024-10-28T18:08:04.176+0000] {logging_mixin.py:190} INFO - [2024-10-28T18:08:04.176+0000] {dag.py:4180} INFO - Setting next_dagrun for dataset_alias_example_alias_consumer to None, run_after=None
[2024-10-28T18:08:04.179+0000] {logging_mixin.py:190} INFO - [2024-10-28T18:08:04.179+0000] {dag.py:4180} INFO - Setting next_dagrun for dataset_alias_example_alias_producer to None, run_after=None
[2024-10-28T18:08:04.181+0000] {logging_mixin.py:190} INFO - [2024-10-28T18:08:04.181+0000] {dag.py:4180} INFO - Setting next_dagrun for dataset_s3_bucket_consumer to None, run_after=None
[2024-10-28T18:08:04.183+0000] {logging_mixin.py:190} INFO - [2024-10-28T18:08:04.182+0000] {dag.py:4180} INFO - Setting next_dagrun for dataset_s3_bucket_producer to None, run_after=None
[2024-10-28T18:08:04.209+0000] {processor.py:208} INFO - Processing /home/airflow/.local/lib/python3.12/site-packages/airflow/example_dags/example_dataset_alias.py took 0.188 seconds
[2024-10-28T18:08:34.361+0000] {processor.py:186} INFO - Started process (PID=709) to work on /home/airflow/.local/lib/python3.12/site-packages/airflow/example_dags/example_dataset_alias.py
[2024-10-28T18:08:34.362+0000] {processor.py:914} INFO - Processing file /home/airflow/.local/lib/python3.12/site-packages/airflow/example_dags/example_dataset_alias.py for tasks to queue
[2024-10-28T18:08:34.364+0000] {logging_mixin.py:190} INFO - [2024-10-28T18:08:34.363+0000] {dagbag.py:588} INFO - Filling up the DagBag from /home/airflow/.local/lib/python3.12/site-packages/airflow/example_dags/example_dataset_alias.py
[2024-10-28T18:08:34.485+0000] {processor.py:925} INFO - DAG(s) 'dataset_alias_example_alias_consumer', 'dataset_s3_bucket_producer', 'dataset_s3_bucket_consumer', 'dataset_alias_example_alias_producer' retrieved from /home/airflow/.local/lib/python3.12/site-packages/airflow/example_dags/example_dataset_alias.py
[2024-10-28T18:08:34.505+0000] {logging_mixin.py:190} INFO - [2024-10-28T18:08:34.505+0000] {dag.py:3239} INFO - Sync 4 DAGs
[2024-10-28T18:08:34.523+0000] {logging_mixin.py:190} INFO - [2024-10-28T18:08:34.523+0000] {dag.py:4180} INFO - Setting next_dagrun for dataset_alias_example_alias_consumer to None, run_after=None
[2024-10-28T18:08:34.527+0000] {logging_mixin.py:190} INFO - [2024-10-28T18:08:34.527+0000] {dag.py:4180} INFO - Setting next_dagrun for dataset_alias_example_alias_producer to None, run_after=None
[2024-10-28T18:08:34.529+0000] {logging_mixin.py:190} INFO - [2024-10-28T18:08:34.528+0000] {dag.py:4180} INFO - Setting next_dagrun for dataset_s3_bucket_consumer to None, run_after=None
[2024-10-28T18:08:34.530+0000] {logging_mixin.py:190} INFO - [2024-10-28T18:08:34.530+0000] {dag.py:4180} INFO - Setting next_dagrun for dataset_s3_bucket_producer to None, run_after=None
[2024-10-28T18:08:34.554+0000] {processor.py:208} INFO - Processing /home/airflow/.local/lib/python3.12/site-packages/airflow/example_dags/example_dataset_alias.py took 0.198 seconds
[2024-10-28T18:09:04.721+0000] {processor.py:186} INFO - Started process (PID=775) to work on /home/airflow/.local/lib/python3.12/site-packages/airflow/example_dags/example_dataset_alias.py
[2024-10-28T18:09:04.722+0000] {processor.py:914} INFO - Processing file /home/airflow/.local/lib/python3.12/site-packages/airflow/example_dags/example_dataset_alias.py for tasks to queue
[2024-10-28T18:09:04.724+0000] {logging_mixin.py:190} INFO - [2024-10-28T18:09:04.724+0000] {dagbag.py:588} INFO - Filling up the DagBag from /home/airflow/.local/lib/python3.12/site-packages/airflow/example_dags/example_dataset_alias.py
[2024-10-28T18:09:04.820+0000] {processor.py:925} INFO - DAG(s) 'dataset_alias_example_alias_consumer', 'dataset_alias_example_alias_producer', 'dataset_s3_bucket_producer', 'dataset_s3_bucket_consumer' retrieved from /home/airflow/.local/lib/python3.12/site-packages/airflow/example_dags/example_dataset_alias.py
[2024-10-28T18:09:04.838+0000] {logging_mixin.py:190} INFO - [2024-10-28T18:09:04.838+0000] {dag.py:3239} INFO - Sync 4 DAGs
[2024-10-28T18:09:04.854+0000] {logging_mixin.py:190} INFO - [2024-10-28T18:09:04.854+0000] {dag.py:4180} INFO - Setting next_dagrun for dataset_alias_example_alias_consumer to None, run_after=None
[2024-10-28T18:09:04.857+0000] {logging_mixin.py:190} INFO - [2024-10-28T18:09:04.856+0000] {dag.py:4180} INFO - Setting next_dagrun for dataset_alias_example_alias_producer to None, run_after=None
[2024-10-28T18:09:04.858+0000] {logging_mixin.py:190} INFO - [2024-10-28T18:09:04.858+0000] {dag.py:4180} INFO - Setting next_dagrun for dataset_s3_bucket_consumer to None, run_after=None
[2024-10-28T18:09:04.859+0000] {logging_mixin.py:190} INFO - [2024-10-28T18:09:04.859+0000] {dag.py:4180} INFO - Setting next_dagrun for dataset_s3_bucket_producer to None, run_after=None
[2024-10-28T18:09:04.873+0000] {processor.py:208} INFO - Processing /home/airflow/.local/lib/python3.12/site-packages/airflow/example_dags/example_dataset_alias.py took 0.156 seconds
[2024-10-28T18:09:35.216+0000] {processor.py:186} INFO - Started process (PID=841) to work on /home/airflow/.local/lib/python3.12/site-packages/airflow/example_dags/example_dataset_alias.py
[2024-10-28T18:09:35.217+0000] {processor.py:914} INFO - Processing file /home/airflow/.local/lib/python3.12/site-packages/airflow/example_dags/example_dataset_alias.py for tasks to queue
[2024-10-28T18:09:35.219+0000] {logging_mixin.py:190} INFO - [2024-10-28T18:09:35.219+0000] {dagbag.py:588} INFO - Filling up the DagBag from /home/airflow/.local/lib/python3.12/site-packages/airflow/example_dags/example_dataset_alias.py
[2024-10-28T18:09:35.316+0000] {processor.py:925} INFO - DAG(s) 'dataset_s3_bucket_producer', 'dataset_alias_example_alias_producer', 'dataset_alias_example_alias_consumer', 'dataset_s3_bucket_consumer' retrieved from /home/airflow/.local/lib/python3.12/site-packages/airflow/example_dags/example_dataset_alias.py
[2024-10-28T18:09:35.333+0000] {logging_mixin.py:190} INFO - [2024-10-28T18:09:35.333+0000] {dag.py:3239} INFO - Sync 4 DAGs
[2024-10-28T18:09:35.349+0000] {logging_mixin.py:190} INFO - [2024-10-28T18:09:35.348+0000] {dag.py:4180} INFO - Setting next_dagrun for dataset_alias_example_alias_consumer to None, run_after=None
[2024-10-28T18:09:35.351+0000] {logging_mixin.py:190} INFO - [2024-10-28T18:09:35.351+0000] {dag.py:4180} INFO - Setting next_dagrun for dataset_alias_example_alias_producer to None, run_after=None
[2024-10-28T18:09:35.353+0000] {logging_mixin.py:190} INFO - [2024-10-28T18:09:35.353+0000] {dag.py:4180} INFO - Setting next_dagrun for dataset_s3_bucket_consumer to None, run_after=None
[2024-10-28T18:09:35.354+0000] {logging_mixin.py:190} INFO - [2024-10-28T18:09:35.354+0000] {dag.py:4180} INFO - Setting next_dagrun for dataset_s3_bucket_producer to None, run_after=None
[2024-10-28T18:09:35.370+0000] {processor.py:208} INFO - Processing /home/airflow/.local/lib/python3.12/site-packages/airflow/example_dags/example_dataset_alias.py took 0.157 seconds
[2024-10-28T18:10:05.610+0000] {processor.py:186} INFO - Started process (PID=907) to work on /home/airflow/.local/lib/python3.12/site-packages/airflow/example_dags/example_dataset_alias.py
[2024-10-28T18:10:05.611+0000] {processor.py:914} INFO - Processing file /home/airflow/.local/lib/python3.12/site-packages/airflow/example_dags/example_dataset_alias.py for tasks to queue
[2024-10-28T18:10:05.614+0000] {logging_mixin.py:190} INFO - [2024-10-28T18:10:05.614+0000] {dagbag.py:588} INFO - Filling up the DagBag from /home/airflow/.local/lib/python3.12/site-packages/airflow/example_dags/example_dataset_alias.py
[2024-10-28T18:10:05.714+0000] {processor.py:925} INFO - DAG(s) 'dataset_alias_example_alias_producer', 'dataset_s3_bucket_producer', 'dataset_alias_example_alias_consumer', 'dataset_s3_bucket_consumer' retrieved from /home/airflow/.local/lib/python3.12/site-packages/airflow/example_dags/example_dataset_alias.py
[2024-10-28T18:10:05.730+0000] {logging_mixin.py:190} INFO - [2024-10-28T18:10:05.729+0000] {dag.py:3239} INFO - Sync 4 DAGs
[2024-10-28T18:10:05.746+0000] {logging_mixin.py:190} INFO - [2024-10-28T18:10:05.746+0000] {dag.py:4180} INFO - Setting next_dagrun for dataset_alias_example_alias_consumer to None, run_after=None
[2024-10-28T18:10:05.749+0000] {logging_mixin.py:190} INFO - [2024-10-28T18:10:05.749+0000] {dag.py:4180} INFO - Setting next_dagrun for dataset_alias_example_alias_producer to None, run_after=None
[2024-10-28T18:10:05.750+0000] {logging_mixin.py:190} INFO - [2024-10-28T18:10:05.750+0000] {dag.py:4180} INFO - Setting next_dagrun for dataset_s3_bucket_consumer to None, run_after=None
[2024-10-28T18:10:05.752+0000] {logging_mixin.py:190} INFO - [2024-10-28T18:10:05.752+0000] {dag.py:4180} INFO - Setting next_dagrun for dataset_s3_bucket_producer to None, run_after=None
[2024-10-28T18:10:05.772+0000] {processor.py:208} INFO - Processing /home/airflow/.local/lib/python3.12/site-packages/airflow/example_dags/example_dataset_alias.py took 0.166 seconds
[2024-10-28T18:10:35.855+0000] {processor.py:186} INFO - Started process (PID=973) to work on /home/airflow/.local/lib/python3.12/site-packages/airflow/example_dags/example_dataset_alias.py
[2024-10-28T18:10:35.856+0000] {processor.py:914} INFO - Processing file /home/airflow/.local/lib/python3.12/site-packages/airflow/example_dags/example_dataset_alias.py for tasks to queue
[2024-10-28T18:10:35.858+0000] {logging_mixin.py:190} INFO - [2024-10-28T18:10:35.858+0000] {dagbag.py:588} INFO - Filling up the DagBag from /home/airflow/.local/lib/python3.12/site-packages/airflow/example_dags/example_dataset_alias.py
[2024-10-28T18:10:35.964+0000] {processor.py:925} INFO - DAG(s) 'dataset_alias_example_alias_producer', 'dataset_alias_example_alias_consumer', 'dataset_s3_bucket_producer', 'dataset_s3_bucket_consumer' retrieved from /home/airflow/.local/lib/python3.12/site-packages/airflow/example_dags/example_dataset_alias.py
[2024-10-28T18:10:35.983+0000] {logging_mixin.py:190} INFO - [2024-10-28T18:10:35.982+0000] {dag.py:3239} INFO - Sync 4 DAGs
[2024-10-28T18:10:35.997+0000] {logging_mixin.py:190} INFO - [2024-10-28T18:10:35.997+0000] {dag.py:4180} INFO - Setting next_dagrun for dataset_alias_example_alias_consumer to None, run_after=None
[2024-10-28T18:10:36.002+0000] {logging_mixin.py:190} INFO - [2024-10-28T18:10:36.001+0000] {dag.py:4180} INFO - Setting next_dagrun for dataset_alias_example_alias_producer to None, run_after=None
[2024-10-28T18:10:36.003+0000] {logging_mixin.py:190} INFO - [2024-10-28T18:10:36.003+0000] {dag.py:4180} INFO - Setting next_dagrun for dataset_s3_bucket_consumer to None, run_after=None
[2024-10-28T18:10:36.004+0000] {logging_mixin.py:190} INFO - [2024-10-28T18:10:36.004+0000] {dag.py:4180} INFO - Setting next_dagrun for dataset_s3_bucket_producer to None, run_after=None
[2024-10-28T18:10:36.020+0000] {processor.py:208} INFO - Processing /home/airflow/.local/lib/python3.12/site-packages/airflow/example_dags/example_dataset_alias.py took 0.169 seconds
[2024-10-28T18:11:06.127+0000] {processor.py:186} INFO - Started process (PID=1039) to work on /home/airflow/.local/lib/python3.12/site-packages/airflow/example_dags/example_dataset_alias.py
[2024-10-28T18:11:06.128+0000] {processor.py:914} INFO - Processing file /home/airflow/.local/lib/python3.12/site-packages/airflow/example_dags/example_dataset_alias.py for tasks to queue
[2024-10-28T18:11:06.130+0000] {logging_mixin.py:190} INFO - [2024-10-28T18:11:06.130+0000] {dagbag.py:588} INFO - Filling up the DagBag from /home/airflow/.local/lib/python3.12/site-packages/airflow/example_dags/example_dataset_alias.py
[2024-10-28T18:11:06.237+0000] {processor.py:925} INFO - DAG(s) 'dataset_alias_example_alias_producer', 'dataset_s3_bucket_consumer', 'dataset_alias_example_alias_consumer', 'dataset_s3_bucket_producer' retrieved from /home/airflow/.local/lib/python3.12/site-packages/airflow/example_dags/example_dataset_alias.py
[2024-10-28T18:11:06.256+0000] {logging_mixin.py:190} INFO - [2024-10-28T18:11:06.256+0000] {dag.py:3239} INFO - Sync 4 DAGs
[2024-10-28T18:11:06.271+0000] {logging_mixin.py:190} INFO - [2024-10-28T18:11:06.271+0000] {dag.py:4180} INFO - Setting next_dagrun for dataset_alias_example_alias_consumer to None, run_after=None
[2024-10-28T18:11:06.274+0000] {logging_mixin.py:190} INFO - [2024-10-28T18:11:06.273+0000] {dag.py:4180} INFO - Setting next_dagrun for dataset_alias_example_alias_producer to None, run_after=None
[2024-10-28T18:11:06.275+0000] {logging_mixin.py:190} INFO - [2024-10-28T18:11:06.275+0000] {dag.py:4180} INFO - Setting next_dagrun for dataset_s3_bucket_consumer to None, run_after=None
[2024-10-28T18:11:06.277+0000] {logging_mixin.py:190} INFO - [2024-10-28T18:11:06.276+0000] {dag.py:4180} INFO - Setting next_dagrun for dataset_s3_bucket_producer to None, run_after=None
[2024-10-28T18:11:06.292+0000] {processor.py:208} INFO - Processing /home/airflow/.local/lib/python3.12/site-packages/airflow/example_dags/example_dataset_alias.py took 0.169 seconds
[2024-10-28T18:11:37.008+0000] {processor.py:186} INFO - Started process (PID=1105) to work on /home/airflow/.local/lib/python3.12/site-packages/airflow/example_dags/example_dataset_alias.py
[2024-10-28T18:11:37.009+0000] {processor.py:914} INFO - Processing file /home/airflow/.local/lib/python3.12/site-packages/airflow/example_dags/example_dataset_alias.py for tasks to queue
[2024-10-28T18:11:37.010+0000] {logging_mixin.py:190} INFO - [2024-10-28T18:11:37.010+0000] {dagbag.py:588} INFO - Filling up the DagBag from /home/airflow/.local/lib/python3.12/site-packages/airflow/example_dags/example_dataset_alias.py
[2024-10-28T18:11:37.136+0000] {processor.py:925} INFO - DAG(s) 'dataset_s3_bucket_producer', 'dataset_alias_example_alias_consumer', 'dataset_s3_bucket_consumer', 'dataset_alias_example_alias_producer' retrieved from /home/airflow/.local/lib/python3.12/site-packages/airflow/example_dags/example_dataset_alias.py
[2024-10-28T18:11:37.151+0000] {logging_mixin.py:190} INFO - [2024-10-28T18:11:37.151+0000] {dag.py:3239} INFO - Sync 4 DAGs
[2024-10-28T18:11:37.168+0000] {logging_mixin.py:190} INFO - [2024-10-28T18:11:37.167+0000] {dag.py:4180} INFO - Setting next_dagrun for dataset_alias_example_alias_consumer to None, run_after=None
[2024-10-28T18:11:37.171+0000] {logging_mixin.py:190} INFO - [2024-10-28T18:11:37.171+0000] {dag.py:4180} INFO - Setting next_dagrun for dataset_alias_example_alias_producer to None, run_after=None
[2024-10-28T18:11:37.173+0000] {logging_mixin.py:190} INFO - [2024-10-28T18:11:37.173+0000] {dag.py:4180} INFO - Setting next_dagrun for dataset_s3_bucket_consumer to None, run_after=None
[2024-10-28T18:11:37.174+0000] {logging_mixin.py:190} INFO - [2024-10-28T18:11:37.174+0000] {dag.py:4180} INFO - Setting next_dagrun for dataset_s3_bucket_producer to None, run_after=None
[2024-10-28T18:11:37.191+0000] {processor.py:208} INFO - Processing /home/airflow/.local/lib/python3.12/site-packages/airflow/example_dags/example_dataset_alias.py took 0.187 seconds
[2024-10-28T18:12:07.234+0000] {processor.py:186} INFO - Started process (PID=1172) to work on /home/airflow/.local/lib/python3.12/site-packages/airflow/example_dags/example_dataset_alias.py
[2024-10-28T18:12:07.235+0000] {processor.py:914} INFO - Processing file /home/airflow/.local/lib/python3.12/site-packages/airflow/example_dags/example_dataset_alias.py for tasks to queue
[2024-10-28T18:12:07.236+0000] {logging_mixin.py:190} INFO - [2024-10-28T18:12:07.236+0000] {dagbag.py:588} INFO - Filling up the DagBag from /home/airflow/.local/lib/python3.12/site-packages/airflow/example_dags/example_dataset_alias.py
[2024-10-28T18:12:07.344+0000] {processor.py:925} INFO - DAG(s) 'dataset_s3_bucket_producer', 'dataset_s3_bucket_consumer', 'dataset_alias_example_alias_producer', 'dataset_alias_example_alias_consumer' retrieved from /home/airflow/.local/lib/python3.12/site-packages/airflow/example_dags/example_dataset_alias.py
[2024-10-28T18:12:07.358+0000] {logging_mixin.py:190} INFO - [2024-10-28T18:12:07.358+0000] {dag.py:3239} INFO - Sync 4 DAGs
[2024-10-28T18:12:07.374+0000] {logging_mixin.py:190} INFO - [2024-10-28T18:12:07.373+0000] {dag.py:4180} INFO - Setting next_dagrun for dataset_alias_example_alias_consumer to None, run_after=None
[2024-10-28T18:12:07.376+0000] {logging_mixin.py:190} INFO - [2024-10-28T18:12:07.376+0000] {dag.py:4180} INFO - Setting next_dagrun for dataset_alias_example_alias_producer to None, run_after=None
[2024-10-28T18:12:07.378+0000] {logging_mixin.py:190} INFO - [2024-10-28T18:12:07.377+0000] {dag.py:4180} INFO - Setting next_dagrun for dataset_s3_bucket_consumer to None, run_after=None
[2024-10-28T18:12:07.379+0000] {logging_mixin.py:190} INFO - [2024-10-28T18:12:07.378+0000] {dag.py:4180} INFO - Setting next_dagrun for dataset_s3_bucket_producer to None, run_after=None
[2024-10-28T18:12:07.398+0000] {processor.py:208} INFO - Processing /home/airflow/.local/lib/python3.12/site-packages/airflow/example_dags/example_dataset_alias.py took 0.168 seconds
[2024-10-28T18:12:37.517+0000] {processor.py:186} INFO - Started process (PID=1240) to work on /home/airflow/.local/lib/python3.12/site-packages/airflow/example_dags/example_dataset_alias.py
[2024-10-28T18:12:37.518+0000] {processor.py:914} INFO - Processing file /home/airflow/.local/lib/python3.12/site-packages/airflow/example_dags/example_dataset_alias.py for tasks to queue
[2024-10-28T18:12:37.520+0000] {logging_mixin.py:190} INFO - [2024-10-28T18:12:37.520+0000] {dagbag.py:588} INFO - Filling up the DagBag from /home/airflow/.local/lib/python3.12/site-packages/airflow/example_dags/example_dataset_alias.py
[2024-10-28T18:12:37.617+0000] {processor.py:925} INFO - DAG(s) 'dataset_alias_example_alias_producer', 'dataset_alias_example_alias_consumer', 'dataset_s3_bucket_producer', 'dataset_s3_bucket_consumer' retrieved from /home/airflow/.local/lib/python3.12/site-packages/airflow/example_dags/example_dataset_alias.py
[2024-10-28T18:12:37.637+0000] {logging_mixin.py:190} INFO - [2024-10-28T18:12:37.637+0000] {dag.py:3239} INFO - Sync 4 DAGs
[2024-10-28T18:12:37.652+0000] {logging_mixin.py:190} INFO - [2024-10-28T18:12:37.652+0000] {dag.py:4180} INFO - Setting next_dagrun for dataset_alias_example_alias_consumer to None, run_after=None
[2024-10-28T18:12:37.654+0000] {logging_mixin.py:190} INFO - [2024-10-28T18:12:37.654+0000] {dag.py:4180} INFO - Setting next_dagrun for dataset_alias_example_alias_producer to None, run_after=None
[2024-10-28T18:12:37.656+0000] {logging_mixin.py:190} INFO - [2024-10-28T18:12:37.655+0000] {dag.py:4180} INFO - Setting next_dagrun for dataset_s3_bucket_consumer to None, run_after=None
[2024-10-28T18:12:37.657+0000] {logging_mixin.py:190} INFO - [2024-10-28T18:12:37.657+0000] {dag.py:4180} INFO - Setting next_dagrun for dataset_s3_bucket_producer to None, run_after=None
[2024-10-28T18:12:37.670+0000] {processor.py:208} INFO - Processing /home/airflow/.local/lib/python3.12/site-packages/airflow/example_dags/example_dataset_alias.py took 0.157 seconds
[2024-10-28T18:13:08.371+0000] {processor.py:186} INFO - Started process (PID=1304) to work on /home/airflow/.local/lib/python3.12/site-packages/airflow/example_dags/example_dataset_alias.py
[2024-10-28T18:13:08.372+0000] {processor.py:914} INFO - Processing file /home/airflow/.local/lib/python3.12/site-packages/airflow/example_dags/example_dataset_alias.py for tasks to queue
[2024-10-28T18:13:08.374+0000] {logging_mixin.py:190} INFO - [2024-10-28T18:13:08.373+0000] {dagbag.py:588} INFO - Filling up the DagBag from /home/airflow/.local/lib/python3.12/site-packages/airflow/example_dags/example_dataset_alias.py
[2024-10-28T18:13:08.469+0000] {processor.py:925} INFO - DAG(s) 'dataset_alias_example_alias_consumer', 'dataset_s3_bucket_consumer', 'dataset_alias_example_alias_producer', 'dataset_s3_bucket_producer' retrieved from /home/airflow/.local/lib/python3.12/site-packages/airflow/example_dags/example_dataset_alias.py
[2024-10-28T18:13:08.485+0000] {logging_mixin.py:190} INFO - [2024-10-28T18:13:08.485+0000] {dag.py:3239} INFO - Sync 4 DAGs
[2024-10-28T18:13:08.500+0000] {logging_mixin.py:190} INFO - [2024-10-28T18:13:08.500+0000] {dag.py:4180} INFO - Setting next_dagrun for dataset_alias_example_alias_consumer to None, run_after=None
[2024-10-28T18:13:08.503+0000] {logging_mixin.py:190} INFO - [2024-10-28T18:13:08.503+0000] {dag.py:4180} INFO - Setting next_dagrun for dataset_alias_example_alias_producer to None, run_after=None
[2024-10-28T18:13:08.504+0000] {logging_mixin.py:190} INFO - [2024-10-28T18:13:08.504+0000] {dag.py:4180} INFO - Setting next_dagrun for dataset_s3_bucket_consumer to None, run_after=None
[2024-10-28T18:13:08.505+0000] {logging_mixin.py:190} INFO - [2024-10-28T18:13:08.505+0000] {dag.py:4180} INFO - Setting next_dagrun for dataset_s3_bucket_producer to None, run_after=None
[2024-10-28T18:13:08.520+0000] {processor.py:208} INFO - Processing /home/airflow/.local/lib/python3.12/site-packages/airflow/example_dags/example_dataset_alias.py took 0.153 seconds
[2024-10-28T18:13:39.347+0000] {processor.py:186} INFO - Started process (PID=1370) to work on /home/airflow/.local/lib/python3.12/site-packages/airflow/example_dags/example_dataset_alias.py
[2024-10-28T18:13:39.347+0000] {processor.py:914} INFO - Processing file /home/airflow/.local/lib/python3.12/site-packages/airflow/example_dags/example_dataset_alias.py for tasks to queue
[2024-10-28T18:13:39.349+0000] {logging_mixin.py:190} INFO - [2024-10-28T18:13:39.349+0000] {dagbag.py:588} INFO - Filling up the DagBag from /home/airflow/.local/lib/python3.12/site-packages/airflow/example_dags/example_dataset_alias.py
[2024-10-28T18:13:39.443+0000] {processor.py:925} INFO - DAG(s) 'dataset_s3_bucket_producer', 'dataset_alias_example_alias_consumer', 'dataset_alias_example_alias_producer', 'dataset_s3_bucket_consumer' retrieved from /home/airflow/.local/lib/python3.12/site-packages/airflow/example_dags/example_dataset_alias.py
[2024-10-28T18:13:39.456+0000] {logging_mixin.py:190} INFO - [2024-10-28T18:13:39.456+0000] {dag.py:3239} INFO - Sync 4 DAGs
[2024-10-28T18:13:39.471+0000] {logging_mixin.py:190} INFO - [2024-10-28T18:13:39.471+0000] {dag.py:4180} INFO - Setting next_dagrun for dataset_alias_example_alias_consumer to None, run_after=None
[2024-10-28T18:13:39.473+0000] {logging_mixin.py:190} INFO - [2024-10-28T18:13:39.473+0000] {dag.py:4180} INFO - Setting next_dagrun for dataset_alias_example_alias_producer to None, run_after=None
[2024-10-28T18:13:39.474+0000] {logging_mixin.py:190} INFO - [2024-10-28T18:13:39.474+0000] {dag.py:4180} INFO - Setting next_dagrun for dataset_s3_bucket_consumer to None, run_after=None
[2024-10-28T18:13:39.475+0000] {logging_mixin.py:190} INFO - [2024-10-28T18:13:39.475+0000] {dag.py:4180} INFO - Setting next_dagrun for dataset_s3_bucket_producer to None, run_after=None
[2024-10-28T18:13:39.497+0000] {processor.py:208} INFO - Processing /home/airflow/.local/lib/python3.12/site-packages/airflow/example_dags/example_dataset_alias.py took 0.154 seconds
[2024-10-28T18:14:10.031+0000] {processor.py:186} INFO - Started process (PID=1436) to work on /home/airflow/.local/lib/python3.12/site-packages/airflow/example_dags/example_dataset_alias.py
[2024-10-28T18:14:10.032+0000] {processor.py:914} INFO - Processing file /home/airflow/.local/lib/python3.12/site-packages/airflow/example_dags/example_dataset_alias.py for tasks to queue
[2024-10-28T18:14:10.034+0000] {logging_mixin.py:190} INFO - [2024-10-28T18:14:10.033+0000] {dagbag.py:588} INFO - Filling up the DagBag from /home/airflow/.local/lib/python3.12/site-packages/airflow/example_dags/example_dataset_alias.py
[2024-10-28T18:14:10.123+0000] {processor.py:925} INFO - DAG(s) 'dataset_alias_example_alias_consumer', 'dataset_s3_bucket_producer', 'dataset_s3_bucket_consumer', 'dataset_alias_example_alias_producer' retrieved from /home/airflow/.local/lib/python3.12/site-packages/airflow/example_dags/example_dataset_alias.py
[2024-10-28T18:14:10.136+0000] {logging_mixin.py:190} INFO - [2024-10-28T18:14:10.136+0000] {dag.py:3239} INFO - Sync 4 DAGs
[2024-10-28T18:14:10.152+0000] {logging_mixin.py:190} INFO - [2024-10-28T18:14:10.151+0000] {dag.py:4180} INFO - Setting next_dagrun for dataset_alias_example_alias_consumer to None, run_after=None
[2024-10-28T18:14:10.153+0000] {logging_mixin.py:190} INFO - [2024-10-28T18:14:10.153+0000] {dag.py:4180} INFO - Setting next_dagrun for dataset_alias_example_alias_producer to None, run_after=None
[2024-10-28T18:14:10.154+0000] {logging_mixin.py:190} INFO - [2024-10-28T18:14:10.154+0000] {dag.py:4180} INFO - Setting next_dagrun for dataset_s3_bucket_consumer to None, run_after=None
[2024-10-28T18:14:10.155+0000] {logging_mixin.py:190} INFO - [2024-10-28T18:14:10.155+0000] {dag.py:4180} INFO - Setting next_dagrun for dataset_s3_bucket_producer to None, run_after=None
[2024-10-28T18:14:10.178+0000] {processor.py:208} INFO - Processing /home/airflow/.local/lib/python3.12/site-packages/airflow/example_dags/example_dataset_alias.py took 0.151 seconds
[2024-10-28T18:14:40.955+0000] {processor.py:186} INFO - Started process (PID=1502) to work on /home/airflow/.local/lib/python3.12/site-packages/airflow/example_dags/example_dataset_alias.py
[2024-10-28T18:14:40.956+0000] {processor.py:914} INFO - Processing file /home/airflow/.local/lib/python3.12/site-packages/airflow/example_dags/example_dataset_alias.py for tasks to queue
[2024-10-28T18:14:40.957+0000] {logging_mixin.py:190} INFO - [2024-10-28T18:14:40.957+0000] {dagbag.py:588} INFO - Filling up the DagBag from /home/airflow/.local/lib/python3.12/site-packages/airflow/example_dags/example_dataset_alias.py
[2024-10-28T18:14:41.062+0000] {processor.py:925} INFO - DAG(s) 'dataset_s3_bucket_consumer', 'dataset_alias_example_alias_consumer', 'dataset_s3_bucket_producer', 'dataset_alias_example_alias_producer' retrieved from /home/airflow/.local/lib/python3.12/site-packages/airflow/example_dags/example_dataset_alias.py
[2024-10-28T18:14:41.077+0000] {logging_mixin.py:190} INFO - [2024-10-28T18:14:41.077+0000] {dag.py:3239} INFO - Sync 4 DAGs
[2024-10-28T18:14:41.093+0000] {logging_mixin.py:190} INFO - [2024-10-28T18:14:41.093+0000] {dag.py:4180} INFO - Setting next_dagrun for dataset_alias_example_alias_consumer to None, run_after=None
[2024-10-28T18:14:41.096+0000] {logging_mixin.py:190} INFO - [2024-10-28T18:14:41.096+0000] {dag.py:4180} INFO - Setting next_dagrun for dataset_alias_example_alias_producer to None, run_after=None
[2024-10-28T18:14:41.097+0000] {logging_mixin.py:190} INFO - [2024-10-28T18:14:41.097+0000] {dag.py:4180} INFO - Setting next_dagrun for dataset_s3_bucket_consumer to None, run_after=None
[2024-10-28T18:14:41.099+0000] {logging_mixin.py:190} INFO - [2024-10-28T18:14:41.098+0000] {dag.py:4180} INFO - Setting next_dagrun for dataset_s3_bucket_producer to None, run_after=None
[2024-10-28T18:14:41.124+0000] {processor.py:208} INFO - Processing /home/airflow/.local/lib/python3.12/site-packages/airflow/example_dags/example_dataset_alias.py took 0.173 seconds
[2024-10-28T18:15:11.604+0000] {processor.py:186} INFO - Started process (PID=1568) to work on /home/airflow/.local/lib/python3.12/site-packages/airflow/example_dags/example_dataset_alias.py
[2024-10-28T18:15:11.605+0000] {processor.py:914} INFO - Processing file /home/airflow/.local/lib/python3.12/site-packages/airflow/example_dags/example_dataset_alias.py for tasks to queue
[2024-10-28T18:15:11.607+0000] {logging_mixin.py:190} INFO - [2024-10-28T18:15:11.606+0000] {dagbag.py:588} INFO - Filling up the DagBag from /home/airflow/.local/lib/python3.12/site-packages/airflow/example_dags/example_dataset_alias.py
[2024-10-28T18:15:11.709+0000] {processor.py:925} INFO - DAG(s) 'dataset_s3_bucket_producer', 'dataset_alias_example_alias_consumer', 'dataset_alias_example_alias_producer', 'dataset_s3_bucket_consumer' retrieved from /home/airflow/.local/lib/python3.12/site-packages/airflow/example_dags/example_dataset_alias.py
[2024-10-28T18:15:11.724+0000] {logging_mixin.py:190} INFO - [2024-10-28T18:15:11.723+0000] {dag.py:3239} INFO - Sync 4 DAGs
[2024-10-28T18:15:11.738+0000] {logging_mixin.py:190} INFO - [2024-10-28T18:15:11.738+0000] {dag.py:4180} INFO - Setting next_dagrun for dataset_alias_example_alias_consumer to None, run_after=None
[2024-10-28T18:15:11.740+0000] {logging_mixin.py:190} INFO - [2024-10-28T18:15:11.740+0000] {dag.py:4180} INFO - Setting next_dagrun for dataset_alias_example_alias_producer to None, run_after=None
[2024-10-28T18:15:11.741+0000] {logging_mixin.py:190} INFO - [2024-10-28T18:15:11.741+0000] {dag.py:4180} INFO - Setting next_dagrun for dataset_s3_bucket_consumer to None, run_after=None
[2024-10-28T18:15:11.742+0000] {logging_mixin.py:190} INFO - [2024-10-28T18:15:11.742+0000] {dag.py:4180} INFO - Setting next_dagrun for dataset_s3_bucket_producer to None, run_after=None
[2024-10-28T18:15:11.755+0000] {processor.py:208} INFO - Processing /home/airflow/.local/lib/python3.12/site-packages/airflow/example_dags/example_dataset_alias.py took 0.155 seconds
[2024-10-28T18:15:42.260+0000] {processor.py:186} INFO - Started process (PID=1634) to work on /home/airflow/.local/lib/python3.12/site-packages/airflow/example_dags/example_dataset_alias.py
[2024-10-28T18:15:42.261+0000] {processor.py:914} INFO - Processing file /home/airflow/.local/lib/python3.12/site-packages/airflow/example_dags/example_dataset_alias.py for tasks to queue
[2024-10-28T18:15:42.264+0000] {logging_mixin.py:190} INFO - [2024-10-28T18:15:42.263+0000] {dagbag.py:588} INFO - Filling up the DagBag from /home/airflow/.local/lib/python3.12/site-packages/airflow/example_dags/example_dataset_alias.py
[2024-10-28T18:15:42.364+0000] {processor.py:925} INFO - DAG(s) 'dataset_alias_example_alias_producer', 'dataset_s3_bucket_consumer', 'dataset_alias_example_alias_consumer', 'dataset_s3_bucket_producer' retrieved from /home/airflow/.local/lib/python3.12/site-packages/airflow/example_dags/example_dataset_alias.py
[2024-10-28T18:15:42.379+0000] {logging_mixin.py:190} INFO - [2024-10-28T18:15:42.379+0000] {dag.py:3239} INFO - Sync 4 DAGs
[2024-10-28T18:15:42.396+0000] {logging_mixin.py:190} INFO - [2024-10-28T18:15:42.396+0000] {dag.py:4180} INFO - Setting next_dagrun for dataset_alias_example_alias_consumer to None, run_after=None
[2024-10-28T18:15:42.399+0000] {logging_mixin.py:190} INFO - [2024-10-28T18:15:42.398+0000] {dag.py:4180} INFO - Setting next_dagrun for dataset_alias_example_alias_producer to None, run_after=None
[2024-10-28T18:15:42.400+0000] {logging_mixin.py:190} INFO - [2024-10-28T18:15:42.400+0000] {dag.py:4180} INFO - Setting next_dagrun for dataset_s3_bucket_consumer to None, run_after=None
[2024-10-28T18:15:42.401+0000] {logging_mixin.py:190} INFO - [2024-10-28T18:15:42.401+0000] {dag.py:4180} INFO - Setting next_dagrun for dataset_s3_bucket_producer to None, run_after=None
[2024-10-28T18:15:42.423+0000] {processor.py:208} INFO - Processing /home/airflow/.local/lib/python3.12/site-packages/airflow/example_dags/example_dataset_alias.py took 0.166 seconds
[2024-10-28T18:16:13.162+0000] {processor.py:186} INFO - Started process (PID=1700) to work on /home/airflow/.local/lib/python3.12/site-packages/airflow/example_dags/example_dataset_alias.py
[2024-10-28T18:16:13.163+0000] {processor.py:914} INFO - Processing file /home/airflow/.local/lib/python3.12/site-packages/airflow/example_dags/example_dataset_alias.py for tasks to queue
[2024-10-28T18:16:13.164+0000] {logging_mixin.py:190} INFO - [2024-10-28T18:16:13.164+0000] {dagbag.py:588} INFO - Filling up the DagBag from /home/airflow/.local/lib/python3.12/site-packages/airflow/example_dags/example_dataset_alias.py
[2024-10-28T18:16:13.263+0000] {processor.py:925} INFO - DAG(s) 'dataset_alias_example_alias_consumer', 'dataset_alias_example_alias_producer', 'dataset_s3_bucket_producer', 'dataset_s3_bucket_consumer' retrieved from /home/airflow/.local/lib/python3.12/site-packages/airflow/example_dags/example_dataset_alias.py
[2024-10-28T18:16:13.280+0000] {logging_mixin.py:190} INFO - [2024-10-28T18:16:13.280+0000] {dag.py:3239} INFO - Sync 4 DAGs
[2024-10-28T18:16:13.297+0000] {logging_mixin.py:190} INFO - [2024-10-28T18:16:13.296+0000] {dag.py:4180} INFO - Setting next_dagrun for dataset_alias_example_alias_consumer to None, run_after=None
[2024-10-28T18:16:13.301+0000] {logging_mixin.py:190} INFO - [2024-10-28T18:16:13.300+0000] {dag.py:4180} INFO - Setting next_dagrun for dataset_alias_example_alias_producer to None, run_after=None
[2024-10-28T18:16:13.303+0000] {logging_mixin.py:190} INFO - [2024-10-28T18:16:13.303+0000] {dag.py:4180} INFO - Setting next_dagrun for dataset_s3_bucket_consumer to None, run_after=None
[2024-10-28T18:16:13.308+0000] {logging_mixin.py:190} INFO - [2024-10-28T18:16:13.308+0000] {dag.py:4180} INFO - Setting next_dagrun for dataset_s3_bucket_producer to None, run_after=None
[2024-10-28T18:16:13.330+0000] {processor.py:208} INFO - Processing /home/airflow/.local/lib/python3.12/site-packages/airflow/example_dags/example_dataset_alias.py took 0.172 seconds
[2024-10-28T18:16:44.008+0000] {processor.py:186} INFO - Started process (PID=1766) to work on /home/airflow/.local/lib/python3.12/site-packages/airflow/example_dags/example_dataset_alias.py
[2024-10-28T18:16:44.009+0000] {processor.py:914} INFO - Processing file /home/airflow/.local/lib/python3.12/site-packages/airflow/example_dags/example_dataset_alias.py for tasks to queue
[2024-10-28T18:16:44.011+0000] {logging_mixin.py:190} INFO - [2024-10-28T18:16:44.010+0000] {dagbag.py:588} INFO - Filling up the DagBag from /home/airflow/.local/lib/python3.12/site-packages/airflow/example_dags/example_dataset_alias.py
[2024-10-28T18:16:44.108+0000] {processor.py:925} INFO - DAG(s) 'dataset_s3_bucket_producer', 'dataset_s3_bucket_consumer', 'dataset_alias_example_alias_consumer', 'dataset_alias_example_alias_producer' retrieved from /home/airflow/.local/lib/python3.12/site-packages/airflow/example_dags/example_dataset_alias.py
[2024-10-28T18:16:44.123+0000] {logging_mixin.py:190} INFO - [2024-10-28T18:16:44.122+0000] {dag.py:3239} INFO - Sync 4 DAGs
[2024-10-28T18:16:44.139+0000] {logging_mixin.py:190} INFO - [2024-10-28T18:16:44.139+0000] {dag.py:4180} INFO - Setting next_dagrun for dataset_alias_example_alias_consumer to None, run_after=None
[2024-10-28T18:16:44.141+0000] {logging_mixin.py:190} INFO - [2024-10-28T18:16:44.141+0000] {dag.py:4180} INFO - Setting next_dagrun for dataset_alias_example_alias_producer to None, run_after=None
[2024-10-28T18:16:44.143+0000] {logging_mixin.py:190} INFO - [2024-10-28T18:16:44.143+0000] {dag.py:4180} INFO - Setting next_dagrun for dataset_s3_bucket_consumer to None, run_after=None
[2024-10-28T18:16:44.144+0000] {logging_mixin.py:190} INFO - [2024-10-28T18:16:44.144+0000] {dag.py:4180} INFO - Setting next_dagrun for dataset_s3_bucket_producer to None, run_after=None
[2024-10-28T18:16:44.159+0000] {processor.py:208} INFO - Processing /home/airflow/.local/lib/python3.12/site-packages/airflow/example_dags/example_dataset_alias.py took 0.155 seconds
[2024-10-28T18:17:14.973+0000] {processor.py:186} INFO - Started process (PID=1832) to work on /home/airflow/.local/lib/python3.12/site-packages/airflow/example_dags/example_dataset_alias.py
[2024-10-28T18:17:14.974+0000] {processor.py:914} INFO - Processing file /home/airflow/.local/lib/python3.12/site-packages/airflow/example_dags/example_dataset_alias.py for tasks to queue
[2024-10-28T18:17:14.977+0000] {logging_mixin.py:190} INFO - [2024-10-28T18:17:14.976+0000] {dagbag.py:588} INFO - Filling up the DagBag from /home/airflow/.local/lib/python3.12/site-packages/airflow/example_dags/example_dataset_alias.py
[2024-10-28T18:17:15.074+0000] {processor.py:925} INFO - DAG(s) 'dataset_alias_example_alias_producer', 'dataset_alias_example_alias_consumer', 'dataset_s3_bucket_consumer', 'dataset_s3_bucket_producer' retrieved from /home/airflow/.local/lib/python3.12/site-packages/airflow/example_dags/example_dataset_alias.py
[2024-10-28T18:17:15.088+0000] {logging_mixin.py:190} INFO - [2024-10-28T18:17:15.088+0000] {dag.py:3239} INFO - Sync 4 DAGs
[2024-10-28T18:17:15.218+0000] {logging_mixin.py:190} INFO - [2024-10-28T18:17:15.218+0000] {dag.py:4180} INFO - Setting next_dagrun for dataset_alias_example_alias_consumer to None, run_after=None
[2024-10-28T18:17:15.220+0000] {logging_mixin.py:190} INFO - [2024-10-28T18:17:15.220+0000] {dag.py:4180} INFO - Setting next_dagrun for dataset_alias_example_alias_producer to None, run_after=None
[2024-10-28T18:17:15.222+0000] {logging_mixin.py:190} INFO - [2024-10-28T18:17:15.221+0000] {dag.py:4180} INFO - Setting next_dagrun for dataset_s3_bucket_consumer to None, run_after=None
[2024-10-28T18:17:15.223+0000] {logging_mixin.py:190} INFO - [2024-10-28T18:17:15.223+0000] {dag.py:4180} INFO - Setting next_dagrun for dataset_s3_bucket_producer to None, run_after=None
[2024-10-28T18:17:15.244+0000] {processor.py:208} INFO - Processing /home/airflow/.local/lib/python3.12/site-packages/airflow/example_dags/example_dataset_alias.py took 0.275 seconds
[2024-10-28T18:17:46.173+0000] {processor.py:186} INFO - Started process (PID=1897) to work on /home/airflow/.local/lib/python3.12/site-packages/airflow/example_dags/example_dataset_alias.py
[2024-10-28T18:17:46.174+0000] {processor.py:914} INFO - Processing file /home/airflow/.local/lib/python3.12/site-packages/airflow/example_dags/example_dataset_alias.py for tasks to queue
[2024-10-28T18:17:46.176+0000] {logging_mixin.py:190} INFO - [2024-10-28T18:17:46.176+0000] {dagbag.py:588} INFO - Filling up the DagBag from /home/airflow/.local/lib/python3.12/site-packages/airflow/example_dags/example_dataset_alias.py
[2024-10-28T18:17:46.283+0000] {processor.py:925} INFO - DAG(s) 'dataset_alias_example_alias_producer', 'dataset_s3_bucket_producer', 'dataset_alias_example_alias_consumer', 'dataset_s3_bucket_consumer' retrieved from /home/airflow/.local/lib/python3.12/site-packages/airflow/example_dags/example_dataset_alias.py
[2024-10-28T18:17:46.301+0000] {logging_mixin.py:190} INFO - [2024-10-28T18:17:46.300+0000] {dag.py:3239} INFO - Sync 4 DAGs
[2024-10-28T18:17:46.315+0000] {logging_mixin.py:190} INFO - [2024-10-28T18:17:46.315+0000] {dag.py:4180} INFO - Setting next_dagrun for dataset_alias_example_alias_consumer to None, run_after=None
[2024-10-28T18:17:46.319+0000] {logging_mixin.py:190} INFO - [2024-10-28T18:17:46.319+0000] {dag.py:4180} INFO - Setting next_dagrun for dataset_alias_example_alias_producer to None, run_after=None
[2024-10-28T18:17:46.320+0000] {logging_mixin.py:190} INFO - [2024-10-28T18:17:46.320+0000] {dag.py:4180} INFO - Setting next_dagrun for dataset_s3_bucket_consumer to None, run_after=None
[2024-10-28T18:17:46.321+0000] {logging_mixin.py:190} INFO - [2024-10-28T18:17:46.321+0000] {dag.py:4180} INFO - Setting next_dagrun for dataset_s3_bucket_producer to None, run_after=None
[2024-10-28T18:17:46.462+0000] {processor.py:208} INFO - Processing /home/airflow/.local/lib/python3.12/site-packages/airflow/example_dags/example_dataset_alias.py took 0.293 seconds
[2024-10-28T18:18:17.093+0000] {processor.py:186} INFO - Started process (PID=1963) to work on /home/airflow/.local/lib/python3.12/site-packages/airflow/example_dags/example_dataset_alias.py
[2024-10-28T18:18:17.094+0000] {processor.py:914} INFO - Processing file /home/airflow/.local/lib/python3.12/site-packages/airflow/example_dags/example_dataset_alias.py for tasks to queue
[2024-10-28T18:18:17.097+0000] {logging_mixin.py:190} INFO - [2024-10-28T18:18:17.097+0000] {dagbag.py:588} INFO - Filling up the DagBag from /home/airflow/.local/lib/python3.12/site-packages/airflow/example_dags/example_dataset_alias.py
[2024-10-28T18:18:17.227+0000] {processor.py:925} INFO - DAG(s) 'dataset_s3_bucket_consumer', 'dataset_alias_example_alias_consumer', 'dataset_s3_bucket_producer', 'dataset_alias_example_alias_producer' retrieved from /home/airflow/.local/lib/python3.12/site-packages/airflow/example_dags/example_dataset_alias.py
[2024-10-28T18:18:17.244+0000] {logging_mixin.py:190} INFO - [2024-10-28T18:18:17.244+0000] {dag.py:3239} INFO - Sync 4 DAGs
[2024-10-28T18:18:17.261+0000] {logging_mixin.py:190} INFO - [2024-10-28T18:18:17.261+0000] {dag.py:4180} INFO - Setting next_dagrun for dataset_alias_example_alias_consumer to None, run_after=None
[2024-10-28T18:18:17.263+0000] {logging_mixin.py:190} INFO - [2024-10-28T18:18:17.263+0000] {dag.py:4180} INFO - Setting next_dagrun for dataset_alias_example_alias_producer to None, run_after=None
[2024-10-28T18:18:17.264+0000] {logging_mixin.py:190} INFO - [2024-10-28T18:18:17.264+0000] {dag.py:4180} INFO - Setting next_dagrun for dataset_s3_bucket_consumer to None, run_after=None
[2024-10-28T18:18:17.266+0000] {logging_mixin.py:190} INFO - [2024-10-28T18:18:17.266+0000] {dag.py:4180} INFO - Setting next_dagrun for dataset_s3_bucket_producer to None, run_after=None
[2024-10-28T18:18:17.286+0000] {processor.py:208} INFO - Processing /home/airflow/.local/lib/python3.12/site-packages/airflow/example_dags/example_dataset_alias.py took 0.196 seconds
[2024-10-28T18:18:48.114+0000] {processor.py:186} INFO - Started process (PID=2029) to work on /home/airflow/.local/lib/python3.12/site-packages/airflow/example_dags/example_dataset_alias.py
[2024-10-28T18:18:48.116+0000] {processor.py:914} INFO - Processing file /home/airflow/.local/lib/python3.12/site-packages/airflow/example_dags/example_dataset_alias.py for tasks to queue
[2024-10-28T18:18:48.117+0000] {logging_mixin.py:190} INFO - [2024-10-28T18:18:48.117+0000] {dagbag.py:588} INFO - Filling up the DagBag from /home/airflow/.local/lib/python3.12/site-packages/airflow/example_dags/example_dataset_alias.py
[2024-10-28T18:18:48.223+0000] {processor.py:925} INFO - DAG(s) 'dataset_alias_example_alias_producer', 'dataset_s3_bucket_consumer', 'dataset_s3_bucket_producer', 'dataset_alias_example_alias_consumer' retrieved from /home/airflow/.local/lib/python3.12/site-packages/airflow/example_dags/example_dataset_alias.py
[2024-10-28T18:18:48.239+0000] {logging_mixin.py:190} INFO - [2024-10-28T18:18:48.239+0000] {dag.py:3239} INFO - Sync 4 DAGs
[2024-10-28T18:18:48.259+0000] {logging_mixin.py:190} INFO - [2024-10-28T18:18:48.259+0000] {dag.py:4180} INFO - Setting next_dagrun for dataset_alias_example_alias_consumer to None, run_after=None
[2024-10-28T18:18:48.262+0000] {logging_mixin.py:190} INFO - [2024-10-28T18:18:48.262+0000] {dag.py:4180} INFO - Setting next_dagrun for dataset_alias_example_alias_producer to None, run_after=None
[2024-10-28T18:18:48.263+0000] {logging_mixin.py:190} INFO - [2024-10-28T18:18:48.263+0000] {dag.py:4180} INFO - Setting next_dagrun for dataset_s3_bucket_consumer to None, run_after=None
[2024-10-28T18:18:48.265+0000] {logging_mixin.py:190} INFO - [2024-10-28T18:18:48.264+0000] {dag.py:4180} INFO - Setting next_dagrun for dataset_s3_bucket_producer to None, run_after=None
[2024-10-28T18:18:48.283+0000] {processor.py:208} INFO - Processing /home/airflow/.local/lib/python3.12/site-packages/airflow/example_dags/example_dataset_alias.py took 0.173 seconds
[2024-10-28T18:19:18.675+0000] {processor.py:186} INFO - Started process (PID=2095) to work on /home/airflow/.local/lib/python3.12/site-packages/airflow/example_dags/example_dataset_alias.py
[2024-10-28T18:19:18.676+0000] {processor.py:914} INFO - Processing file /home/airflow/.local/lib/python3.12/site-packages/airflow/example_dags/example_dataset_alias.py for tasks to queue
[2024-10-28T18:19:18.678+0000] {logging_mixin.py:190} INFO - [2024-10-28T18:19:18.677+0000] {dagbag.py:588} INFO - Filling up the DagBag from /home/airflow/.local/lib/python3.12/site-packages/airflow/example_dags/example_dataset_alias.py
[2024-10-28T18:19:18.782+0000] {processor.py:925} INFO - DAG(s) 'dataset_s3_bucket_consumer', 'dataset_alias_example_alias_producer', 'dataset_alias_example_alias_consumer', 'dataset_s3_bucket_producer' retrieved from /home/airflow/.local/lib/python3.12/site-packages/airflow/example_dags/example_dataset_alias.py
[2024-10-28T18:19:18.917+0000] {logging_mixin.py:190} INFO - [2024-10-28T18:19:18.917+0000] {dag.py:3239} INFO - Sync 4 DAGs
[2024-10-28T18:19:18.935+0000] {logging_mixin.py:190} INFO - [2024-10-28T18:19:18.935+0000] {dag.py:4180} INFO - Setting next_dagrun for dataset_alias_example_alias_consumer to None, run_after=None
[2024-10-28T18:19:18.938+0000] {logging_mixin.py:190} INFO - [2024-10-28T18:19:18.938+0000] {dag.py:4180} INFO - Setting next_dagrun for dataset_alias_example_alias_producer to None, run_after=None
[2024-10-28T18:19:18.940+0000] {logging_mixin.py:190} INFO - [2024-10-28T18:19:18.940+0000] {dag.py:4180} INFO - Setting next_dagrun for dataset_s3_bucket_consumer to None, run_after=None
[2024-10-28T18:19:18.941+0000] {logging_mixin.py:190} INFO - [2024-10-28T18:19:18.941+0000] {dag.py:4180} INFO - Setting next_dagrun for dataset_s3_bucket_producer to None, run_after=None
[2024-10-28T18:19:18.956+0000] {processor.py:208} INFO - Processing /home/airflow/.local/lib/python3.12/site-packages/airflow/example_dags/example_dataset_alias.py took 0.284 seconds
[2024-10-28T18:19:49.438+0000] {processor.py:186} INFO - Started process (PID=2162) to work on /home/airflow/.local/lib/python3.12/site-packages/airflow/example_dags/example_dataset_alias.py
[2024-10-28T18:19:49.439+0000] {processor.py:914} INFO - Processing file /home/airflow/.local/lib/python3.12/site-packages/airflow/example_dags/example_dataset_alias.py for tasks to queue
[2024-10-28T18:19:49.441+0000] {logging_mixin.py:190} INFO - [2024-10-28T18:19:49.441+0000] {dagbag.py:588} INFO - Filling up the DagBag from /home/airflow/.local/lib/python3.12/site-packages/airflow/example_dags/example_dataset_alias.py
[2024-10-28T18:19:49.546+0000] {processor.py:925} INFO - DAG(s) 'dataset_s3_bucket_producer', 'dataset_alias_example_alias_producer', 'dataset_s3_bucket_consumer', 'dataset_alias_example_alias_consumer' retrieved from /home/airflow/.local/lib/python3.12/site-packages/airflow/example_dags/example_dataset_alias.py
[2024-10-28T18:19:49.686+0000] {logging_mixin.py:190} INFO - [2024-10-28T18:19:49.686+0000] {dag.py:3239} INFO - Sync 4 DAGs
[2024-10-28T18:19:49.702+0000] {logging_mixin.py:190} INFO - [2024-10-28T18:19:49.702+0000] {dag.py:4180} INFO - Setting next_dagrun for dataset_alias_example_alias_consumer to None, run_after=None
[2024-10-28T18:19:49.704+0000] {logging_mixin.py:190} INFO - [2024-10-28T18:19:49.704+0000] {dag.py:4180} INFO - Setting next_dagrun for dataset_alias_example_alias_producer to None, run_after=None
[2024-10-28T18:19:49.705+0000] {logging_mixin.py:190} INFO - [2024-10-28T18:19:49.705+0000] {dag.py:4180} INFO - Setting next_dagrun for dataset_s3_bucket_consumer to None, run_after=None
[2024-10-28T18:19:49.706+0000] {logging_mixin.py:190} INFO - [2024-10-28T18:19:49.706+0000] {dag.py:4180} INFO - Setting next_dagrun for dataset_s3_bucket_producer to None, run_after=None
[2024-10-28T18:19:49.723+0000] {processor.py:208} INFO - Processing /home/airflow/.local/lib/python3.12/site-packages/airflow/example_dags/example_dataset_alias.py took 0.289 seconds
[2024-10-28T18:20:19.914+0000] {processor.py:186} INFO - Started process (PID=2230) to work on /home/airflow/.local/lib/python3.12/site-packages/airflow/example_dags/example_dataset_alias.py
[2024-10-28T18:20:19.915+0000] {processor.py:914} INFO - Processing file /home/airflow/.local/lib/python3.12/site-packages/airflow/example_dags/example_dataset_alias.py for tasks to queue
[2024-10-28T18:20:19.917+0000] {logging_mixin.py:190} INFO - [2024-10-28T18:20:19.917+0000] {dagbag.py:588} INFO - Filling up the DagBag from /home/airflow/.local/lib/python3.12/site-packages/airflow/example_dags/example_dataset_alias.py
[2024-10-28T18:20:20.032+0000] {processor.py:925} INFO - DAG(s) 'dataset_alias_example_alias_producer', 'dataset_s3_bucket_producer', 'dataset_s3_bucket_consumer', 'dataset_alias_example_alias_consumer' retrieved from /home/airflow/.local/lib/python3.12/site-packages/airflow/example_dags/example_dataset_alias.py
[2024-10-28T18:20:20.051+0000] {logging_mixin.py:190} INFO - [2024-10-28T18:20:20.050+0000] {dag.py:3239} INFO - Sync 4 DAGs
[2024-10-28T18:20:20.188+0000] {logging_mixin.py:190} INFO - [2024-10-28T18:20:20.188+0000] {dag.py:4180} INFO - Setting next_dagrun for dataset_alias_example_alias_consumer to None, run_after=None
[2024-10-28T18:20:20.191+0000] {logging_mixin.py:190} INFO - [2024-10-28T18:20:20.191+0000] {dag.py:4180} INFO - Setting next_dagrun for dataset_alias_example_alias_producer to None, run_after=None
[2024-10-28T18:20:20.193+0000] {logging_mixin.py:190} INFO - [2024-10-28T18:20:20.192+0000] {dag.py:4180} INFO - Setting next_dagrun for dataset_s3_bucket_consumer to None, run_after=None
[2024-10-28T18:20:20.194+0000] {logging_mixin.py:190} INFO - [2024-10-28T18:20:20.194+0000] {dag.py:4180} INFO - Setting next_dagrun for dataset_s3_bucket_producer to None, run_after=None
[2024-10-28T18:20:20.215+0000] {processor.py:208} INFO - Processing /home/airflow/.local/lib/python3.12/site-packages/airflow/example_dags/example_dataset_alias.py took 0.305 seconds
[2024-10-28T18:20:50.421+0000] {processor.py:186} INFO - Started process (PID=2296) to work on /home/airflow/.local/lib/python3.12/site-packages/airflow/example_dags/example_dataset_alias.py
[2024-10-28T18:20:50.422+0000] {processor.py:914} INFO - Processing file /home/airflow/.local/lib/python3.12/site-packages/airflow/example_dags/example_dataset_alias.py for tasks to queue
[2024-10-28T18:20:50.424+0000] {logging_mixin.py:190} INFO - [2024-10-28T18:20:50.423+0000] {dagbag.py:588} INFO - Filling up the DagBag from /home/airflow/.local/lib/python3.12/site-packages/airflow/example_dags/example_dataset_alias.py
[2024-10-28T18:20:50.543+0000] {processor.py:925} INFO - DAG(s) 'dataset_s3_bucket_producer', 'dataset_alias_example_alias_producer', 'dataset_alias_example_alias_consumer', 'dataset_s3_bucket_consumer' retrieved from /home/airflow/.local/lib/python3.12/site-packages/airflow/example_dags/example_dataset_alias.py
[2024-10-28T18:20:50.674+0000] {logging_mixin.py:190} INFO - [2024-10-28T18:20:50.674+0000] {dag.py:3239} INFO - Sync 4 DAGs
[2024-10-28T18:20:50.694+0000] {logging_mixin.py:190} INFO - [2024-10-28T18:20:50.694+0000] {dag.py:4180} INFO - Setting next_dagrun for dataset_alias_example_alias_consumer to None, run_after=None
[2024-10-28T18:20:50.697+0000] {logging_mixin.py:190} INFO - [2024-10-28T18:20:50.697+0000] {dag.py:4180} INFO - Setting next_dagrun for dataset_alias_example_alias_producer to None, run_after=None
[2024-10-28T18:20:50.698+0000] {logging_mixin.py:190} INFO - [2024-10-28T18:20:50.698+0000] {dag.py:4180} INFO - Setting next_dagrun for dataset_s3_bucket_consumer to None, run_after=None
[2024-10-28T18:20:50.700+0000] {logging_mixin.py:190} INFO - [2024-10-28T18:20:50.699+0000] {dag.py:4180} INFO - Setting next_dagrun for dataset_s3_bucket_producer to None, run_after=None
[2024-10-28T18:20:50.714+0000] {processor.py:208} INFO - Processing /home/airflow/.local/lib/python3.12/site-packages/airflow/example_dags/example_dataset_alias.py took 0.297 seconds
[2024-10-28T18:21:21.419+0000] {processor.py:186} INFO - Started process (PID=2362) to work on /home/airflow/.local/lib/python3.12/site-packages/airflow/example_dags/example_dataset_alias.py
[2024-10-28T18:21:21.420+0000] {processor.py:914} INFO - Processing file /home/airflow/.local/lib/python3.12/site-packages/airflow/example_dags/example_dataset_alias.py for tasks to queue
[2024-10-28T18:21:21.422+0000] {logging_mixin.py:190} INFO - [2024-10-28T18:21:21.422+0000] {dagbag.py:588} INFO - Filling up the DagBag from /home/airflow/.local/lib/python3.12/site-packages/airflow/example_dags/example_dataset_alias.py
[2024-10-28T18:21:21.548+0000] {processor.py:925} INFO - DAG(s) 'dataset_alias_example_alias_producer', 'dataset_s3_bucket_producer', 'dataset_s3_bucket_consumer', 'dataset_alias_example_alias_consumer' retrieved from /home/airflow/.local/lib/python3.12/site-packages/airflow/example_dags/example_dataset_alias.py
[2024-10-28T18:21:21.565+0000] {logging_mixin.py:190} INFO - [2024-10-28T18:21:21.565+0000] {dag.py:3239} INFO - Sync 4 DAGs
[2024-10-28T18:21:21.722+0000] {logging_mixin.py:190} INFO - [2024-10-28T18:21:21.722+0000] {dag.py:4180} INFO - Setting next_dagrun for dataset_alias_example_alias_consumer to None, run_after=None
[2024-10-28T18:21:21.725+0000] {logging_mixin.py:190} INFO - [2024-10-28T18:21:21.725+0000] {dag.py:4180} INFO - Setting next_dagrun for dataset_alias_example_alias_producer to None, run_after=None
[2024-10-28T18:21:21.726+0000] {logging_mixin.py:190} INFO - [2024-10-28T18:21:21.726+0000] {dag.py:4180} INFO - Setting next_dagrun for dataset_s3_bucket_consumer to None, run_after=None
[2024-10-28T18:21:21.728+0000] {logging_mixin.py:190} INFO - [2024-10-28T18:21:21.728+0000] {dag.py:4180} INFO - Setting next_dagrun for dataset_s3_bucket_producer to None, run_after=None
[2024-10-28T18:21:21.756+0000] {processor.py:208} INFO - Processing /home/airflow/.local/lib/python3.12/site-packages/airflow/example_dags/example_dataset_alias.py took 0.341 seconds
[2024-10-28T18:21:52.456+0000] {processor.py:186} INFO - Started process (PID=2434) to work on /home/airflow/.local/lib/python3.12/site-packages/airflow/example_dags/example_dataset_alias.py
[2024-10-28T18:21:52.457+0000] {processor.py:914} INFO - Processing file /home/airflow/.local/lib/python3.12/site-packages/airflow/example_dags/example_dataset_alias.py for tasks to queue
[2024-10-28T18:21:52.460+0000] {logging_mixin.py:190} INFO - [2024-10-28T18:21:52.459+0000] {dagbag.py:588} INFO - Filling up the DagBag from /home/airflow/.local/lib/python3.12/site-packages/airflow/example_dags/example_dataset_alias.py
[2024-10-28T18:21:52.574+0000] {processor.py:925} INFO - DAG(s) 'dataset_s3_bucket_producer', 'dataset_alias_example_alias_consumer', 'dataset_s3_bucket_consumer', 'dataset_alias_example_alias_producer' retrieved from /home/airflow/.local/lib/python3.12/site-packages/airflow/example_dags/example_dataset_alias.py
[2024-10-28T18:21:52.591+0000] {logging_mixin.py:190} INFO - [2024-10-28T18:21:52.590+0000] {dag.py:3239} INFO - Sync 4 DAGs
[2024-10-28T18:21:52.732+0000] {logging_mixin.py:190} INFO - [2024-10-28T18:21:52.732+0000] {dag.py:4180} INFO - Setting next_dagrun for dataset_alias_example_alias_consumer to None, run_after=None
[2024-10-28T18:21:52.735+0000] {logging_mixin.py:190} INFO - [2024-10-28T18:21:52.735+0000] {dag.py:4180} INFO - Setting next_dagrun for dataset_alias_example_alias_producer to None, run_after=None
[2024-10-28T18:21:52.736+0000] {logging_mixin.py:190} INFO - [2024-10-28T18:21:52.736+0000] {dag.py:4180} INFO - Setting next_dagrun for dataset_s3_bucket_consumer to None, run_after=None
[2024-10-28T18:21:52.738+0000] {logging_mixin.py:190} INFO - [2024-10-28T18:21:52.738+0000] {dag.py:4180} INFO - Setting next_dagrun for dataset_s3_bucket_producer to None, run_after=None
[2024-10-28T18:21:52.756+0000] {processor.py:208} INFO - Processing /home/airflow/.local/lib/python3.12/site-packages/airflow/example_dags/example_dataset_alias.py took 0.304 seconds
[2024-10-28T18:22:23.692+0000] {processor.py:186} INFO - Started process (PID=2502) to work on /home/airflow/.local/lib/python3.12/site-packages/airflow/example_dags/example_dataset_alias.py
[2024-10-28T18:22:23.693+0000] {processor.py:914} INFO - Processing file /home/airflow/.local/lib/python3.12/site-packages/airflow/example_dags/example_dataset_alias.py for tasks to queue
[2024-10-28T18:22:23.695+0000] {logging_mixin.py:190} INFO - [2024-10-28T18:22:23.694+0000] {dagbag.py:588} INFO - Filling up the DagBag from /home/airflow/.local/lib/python3.12/site-packages/airflow/example_dags/example_dataset_alias.py
[2024-10-28T18:22:23.908+0000] {processor.py:925} INFO - DAG(s) 'dataset_s3_bucket_consumer', 'dataset_alias_example_alias_producer', 'dataset_alias_example_alias_consumer', 'dataset_s3_bucket_producer' retrieved from /home/airflow/.local/lib/python3.12/site-packages/airflow/example_dags/example_dataset_alias.py
[2024-10-28T18:22:23.921+0000] {logging_mixin.py:190} INFO - [2024-10-28T18:22:23.921+0000] {dag.py:3239} INFO - Sync 4 DAGs
[2024-10-28T18:22:23.934+0000] {logging_mixin.py:190} INFO - [2024-10-28T18:22:23.934+0000] {dag.py:4180} INFO - Setting next_dagrun for dataset_alias_example_alias_consumer to None, run_after=None
[2024-10-28T18:22:23.936+0000] {logging_mixin.py:190} INFO - [2024-10-28T18:22:23.936+0000] {dag.py:4180} INFO - Setting next_dagrun for dataset_alias_example_alias_producer to None, run_after=None
[2024-10-28T18:22:23.938+0000] {logging_mixin.py:190} INFO - [2024-10-28T18:22:23.938+0000] {dag.py:4180} INFO - Setting next_dagrun for dataset_s3_bucket_consumer to None, run_after=None
[2024-10-28T18:22:23.940+0000] {logging_mixin.py:190} INFO - [2024-10-28T18:22:23.940+0000] {dag.py:4180} INFO - Setting next_dagrun for dataset_s3_bucket_producer to None, run_after=None
[2024-10-28T18:22:23.961+0000] {processor.py:208} INFO - Processing /home/airflow/.local/lib/python3.12/site-packages/airflow/example_dags/example_dataset_alias.py took 0.274 seconds
[2024-10-28T18:22:54.048+0000] {processor.py:186} INFO - Started process (PID=2568) to work on /home/airflow/.local/lib/python3.12/site-packages/airflow/example_dags/example_dataset_alias.py
[2024-10-28T18:22:54.049+0000] {processor.py:914} INFO - Processing file /home/airflow/.local/lib/python3.12/site-packages/airflow/example_dags/example_dataset_alias.py for tasks to queue
[2024-10-28T18:22:54.051+0000] {logging_mixin.py:190} INFO - [2024-10-28T18:22:54.051+0000] {dagbag.py:588} INFO - Filling up the DagBag from /home/airflow/.local/lib/python3.12/site-packages/airflow/example_dags/example_dataset_alias.py
[2024-10-28T18:22:54.301+0000] {processor.py:925} INFO - DAG(s) 'dataset_alias_example_alias_consumer', 'dataset_alias_example_alias_producer', 'dataset_s3_bucket_producer', 'dataset_s3_bucket_consumer' retrieved from /home/airflow/.local/lib/python3.12/site-packages/airflow/example_dags/example_dataset_alias.py
[2024-10-28T18:22:54.315+0000] {logging_mixin.py:190} INFO - [2024-10-28T18:22:54.315+0000] {dag.py:3239} INFO - Sync 4 DAGs
[2024-10-28T18:22:54.330+0000] {logging_mixin.py:190} INFO - [2024-10-28T18:22:54.330+0000] {dag.py:4180} INFO - Setting next_dagrun for dataset_alias_example_alias_consumer to None, run_after=None
[2024-10-28T18:22:54.332+0000] {logging_mixin.py:190} INFO - [2024-10-28T18:22:54.332+0000] {dag.py:4180} INFO - Setting next_dagrun for dataset_alias_example_alias_producer to None, run_after=None
[2024-10-28T18:22:54.333+0000] {logging_mixin.py:190} INFO - [2024-10-28T18:22:54.333+0000] {dag.py:4180} INFO - Setting next_dagrun for dataset_s3_bucket_consumer to None, run_after=None
[2024-10-28T18:22:54.334+0000] {logging_mixin.py:190} INFO - [2024-10-28T18:22:54.334+0000] {dag.py:4180} INFO - Setting next_dagrun for dataset_s3_bucket_producer to None, run_after=None
[2024-10-28T18:22:54.354+0000] {processor.py:208} INFO - Processing /home/airflow/.local/lib/python3.12/site-packages/airflow/example_dags/example_dataset_alias.py took 0.311 seconds
[2024-10-28T18:23:24.603+0000] {processor.py:186} INFO - Started process (PID=2634) to work on /home/airflow/.local/lib/python3.12/site-packages/airflow/example_dags/example_dataset_alias.py
[2024-10-28T18:23:24.604+0000] {processor.py:914} INFO - Processing file /home/airflow/.local/lib/python3.12/site-packages/airflow/example_dags/example_dataset_alias.py for tasks to queue
[2024-10-28T18:23:24.605+0000] {logging_mixin.py:190} INFO - [2024-10-28T18:23:24.605+0000] {dagbag.py:588} INFO - Filling up the DagBag from /home/airflow/.local/lib/python3.12/site-packages/airflow/example_dags/example_dataset_alias.py
[2024-10-28T18:23:24.848+0000] {processor.py:925} INFO - DAG(s) 'dataset_s3_bucket_producer', 'dataset_alias_example_alias_producer', 'dataset_alias_example_alias_consumer', 'dataset_s3_bucket_consumer' retrieved from /home/airflow/.local/lib/python3.12/site-packages/airflow/example_dags/example_dataset_alias.py
[2024-10-28T18:23:24.866+0000] {logging_mixin.py:190} INFO - [2024-10-28T18:23:24.866+0000] {dag.py:3239} INFO - Sync 4 DAGs
[2024-10-28T18:23:24.893+0000] {logging_mixin.py:190} INFO - [2024-10-28T18:23:24.893+0000] {dag.py:4180} INFO - Setting next_dagrun for dataset_alias_example_alias_consumer to None, run_after=None
[2024-10-28T18:23:24.896+0000] {logging_mixin.py:190} INFO - [2024-10-28T18:23:24.895+0000] {dag.py:4180} INFO - Setting next_dagrun for dataset_alias_example_alias_producer to None, run_after=None
[2024-10-28T18:23:24.897+0000] {logging_mixin.py:190} INFO - [2024-10-28T18:23:24.897+0000] {dag.py:4180} INFO - Setting next_dagrun for dataset_s3_bucket_consumer to None, run_after=None
[2024-10-28T18:23:24.899+0000] {logging_mixin.py:190} INFO - [2024-10-28T18:23:24.899+0000] {dag.py:4180} INFO - Setting next_dagrun for dataset_s3_bucket_producer to None, run_after=None
[2024-10-28T18:23:24.926+0000] {processor.py:208} INFO - Processing /home/airflow/.local/lib/python3.12/site-packages/airflow/example_dags/example_dataset_alias.py took 0.328 seconds
[2024-10-28T18:23:54.986+0000] {processor.py:186} INFO - Started process (PID=2702) to work on /home/airflow/.local/lib/python3.12/site-packages/airflow/example_dags/example_dataset_alias.py
[2024-10-28T18:23:54.987+0000] {processor.py:914} INFO - Processing file /home/airflow/.local/lib/python3.12/site-packages/airflow/example_dags/example_dataset_alias.py for tasks to queue
[2024-10-28T18:23:54.989+0000] {logging_mixin.py:190} INFO - [2024-10-28T18:23:54.989+0000] {dagbag.py:588} INFO - Filling up the DagBag from /home/airflow/.local/lib/python3.12/site-packages/airflow/example_dags/example_dataset_alias.py
[2024-10-28T18:23:55.234+0000] {processor.py:925} INFO - DAG(s) 'dataset_alias_example_alias_consumer', 'dataset_s3_bucket_producer', 'dataset_alias_example_alias_producer', 'dataset_s3_bucket_consumer' retrieved from /home/airflow/.local/lib/python3.12/site-packages/airflow/example_dags/example_dataset_alias.py
[2024-10-28T18:23:55.248+0000] {logging_mixin.py:190} INFO - [2024-10-28T18:23:55.248+0000] {dag.py:3239} INFO - Sync 4 DAGs
[2024-10-28T18:23:55.263+0000] {logging_mixin.py:190} INFO - [2024-10-28T18:23:55.263+0000] {dag.py:4180} INFO - Setting next_dagrun for dataset_alias_example_alias_consumer to None, run_after=None
[2024-10-28T18:23:55.265+0000] {logging_mixin.py:190} INFO - [2024-10-28T18:23:55.265+0000] {dag.py:4180} INFO - Setting next_dagrun for dataset_alias_example_alias_producer to None, run_after=None
[2024-10-28T18:23:55.266+0000] {logging_mixin.py:190} INFO - [2024-10-28T18:23:55.266+0000] {dag.py:4180} INFO - Setting next_dagrun for dataset_s3_bucket_consumer to None, run_after=None
[2024-10-28T18:23:55.268+0000] {logging_mixin.py:190} INFO - [2024-10-28T18:23:55.268+0000] {dag.py:4180} INFO - Setting next_dagrun for dataset_s3_bucket_producer to None, run_after=None
[2024-10-28T18:23:55.282+0000] {processor.py:208} INFO - Processing /home/airflow/.local/lib/python3.12/site-packages/airflow/example_dags/example_dataset_alias.py took 0.300 seconds
[2024-10-28T18:24:26.002+0000] {processor.py:186} INFO - Started process (PID=2770) to work on /home/airflow/.local/lib/python3.12/site-packages/airflow/example_dags/example_dataset_alias.py
[2024-10-28T18:24:26.003+0000] {processor.py:914} INFO - Processing file /home/airflow/.local/lib/python3.12/site-packages/airflow/example_dags/example_dataset_alias.py for tasks to queue
[2024-10-28T18:24:26.005+0000] {logging_mixin.py:190} INFO - [2024-10-28T18:24:26.005+0000] {dagbag.py:588} INFO - Filling up the DagBag from /home/airflow/.local/lib/python3.12/site-packages/airflow/example_dags/example_dataset_alias.py
[2024-10-28T18:24:26.218+0000] {processor.py:925} INFO - DAG(s) 'dataset_s3_bucket_consumer', 'dataset_alias_example_alias_producer', 'dataset_alias_example_alias_consumer', 'dataset_s3_bucket_producer' retrieved from /home/airflow/.local/lib/python3.12/site-packages/airflow/example_dags/example_dataset_alias.py
[2024-10-28T18:24:26.235+0000] {logging_mixin.py:190} INFO - [2024-10-28T18:24:26.235+0000] {dag.py:3239} INFO - Sync 4 DAGs
[2024-10-28T18:24:26.248+0000] {logging_mixin.py:190} INFO - [2024-10-28T18:24:26.248+0000] {dag.py:4180} INFO - Setting next_dagrun for dataset_alias_example_alias_consumer to None, run_after=None
[2024-10-28T18:24:26.250+0000] {logging_mixin.py:190} INFO - [2024-10-28T18:24:26.250+0000] {dag.py:4180} INFO - Setting next_dagrun for dataset_alias_example_alias_producer to None, run_after=None
[2024-10-28T18:24:26.252+0000] {logging_mixin.py:190} INFO - [2024-10-28T18:24:26.251+0000] {dag.py:4180} INFO - Setting next_dagrun for dataset_s3_bucket_consumer to None, run_after=None
[2024-10-28T18:24:26.253+0000] {logging_mixin.py:190} INFO - [2024-10-28T18:24:26.253+0000] {dag.py:4180} INFO - Setting next_dagrun for dataset_s3_bucket_producer to None, run_after=None
[2024-10-28T18:24:26.268+0000] {processor.py:208} INFO - Processing /home/airflow/.local/lib/python3.12/site-packages/airflow/example_dags/example_dataset_alias.py took 0.269 seconds
[2024-10-28T18:24:56.406+0000] {processor.py:186} INFO - Started process (PID=2836) to work on /home/airflow/.local/lib/python3.12/site-packages/airflow/example_dags/example_dataset_alias.py
[2024-10-28T18:24:56.408+0000] {processor.py:914} INFO - Processing file /home/airflow/.local/lib/python3.12/site-packages/airflow/example_dags/example_dataset_alias.py for tasks to queue
[2024-10-28T18:24:56.411+0000] {logging_mixin.py:190} INFO - [2024-10-28T18:24:56.410+0000] {dagbag.py:588} INFO - Filling up the DagBag from /home/airflow/.local/lib/python3.12/site-packages/airflow/example_dags/example_dataset_alias.py
[2024-10-28T18:24:56.763+0000] {processor.py:925} INFO - DAG(s) 'dataset_alias_example_alias_producer', 'dataset_alias_example_alias_consumer', 'dataset_s3_bucket_producer', 'dataset_s3_bucket_consumer' retrieved from /home/airflow/.local/lib/python3.12/site-packages/airflow/example_dags/example_dataset_alias.py
[2024-10-28T18:24:56.795+0000] {logging_mixin.py:190} INFO - [2024-10-28T18:24:56.795+0000] {dag.py:3239} INFO - Sync 4 DAGs
[2024-10-28T18:24:56.819+0000] {logging_mixin.py:190} INFO - [2024-10-28T18:24:56.819+0000] {dag.py:4180} INFO - Setting next_dagrun for dataset_alias_example_alias_consumer to None, run_after=None
[2024-10-28T18:24:56.824+0000] {logging_mixin.py:190} INFO - [2024-10-28T18:24:56.823+0000] {dag.py:4180} INFO - Setting next_dagrun for dataset_alias_example_alias_producer to None, run_after=None
[2024-10-28T18:24:56.826+0000] {logging_mixin.py:190} INFO - [2024-10-28T18:24:56.826+0000] {dag.py:4180} INFO - Setting next_dagrun for dataset_s3_bucket_consumer to None, run_after=None
[2024-10-28T18:24:56.829+0000] {logging_mixin.py:190} INFO - [2024-10-28T18:24:56.829+0000] {dag.py:4180} INFO - Setting next_dagrun for dataset_s3_bucket_producer to None, run_after=None
[2024-10-28T18:24:56.867+0000] {processor.py:208} INFO - Processing /home/airflow/.local/lib/python3.12/site-packages/airflow/example_dags/example_dataset_alias.py took 0.468 seconds
