[2024-10-28T18:03:59.461+0000] {processor.py:186} INFO - Started process (PID=133) to work on /home/airflow/.local/lib/python3.12/site-packages/airflow/example_dags/example_python_decorator.py
[2024-10-28T18:03:59.462+0000] {processor.py:914} INFO - Processing file /home/airflow/.local/lib/python3.12/site-packages/airflow/example_dags/example_python_decorator.py for tasks to queue
[2024-10-28T18:03:59.466+0000] {logging_mixin.py:190} INFO - [2024-10-28T18:03:59.466+0000] {dagbag.py:588} INFO - Filling up the DagBag from /home/airflow/.local/lib/python3.12/site-packages/airflow/example_dags/example_python_decorator.py
[2024-10-28T18:03:59.486+0000] {processor.py:925} INFO - DAG(s) 'example_python_decorator' retrieved from /home/airflow/.local/lib/python3.12/site-packages/airflow/example_dags/example_python_decorator.py
[2024-10-28T18:03:59.623+0000] {logging_mixin.py:190} INFO - [2024-10-28T18:03:59.623+0000] {dag.py:3239} INFO - Sync 1 DAGs
[2024-10-28T18:03:59.639+0000] {logging_mixin.py:190} INFO - [2024-10-28T18:03:59.639+0000] {dag.py:4180} INFO - Setting next_dagrun for example_python_decorator to None, run_after=None
[2024-10-28T18:03:59.671+0000] {processor.py:208} INFO - Processing /home/airflow/.local/lib/python3.12/site-packages/airflow/example_dags/example_python_decorator.py took 0.216 seconds
[2024-10-28T18:04:29.853+0000] {processor.py:186} INFO - Started process (PID=199) to work on /home/airflow/.local/lib/python3.12/site-packages/airflow/example_dags/example_python_decorator.py
[2024-10-28T18:04:29.854+0000] {processor.py:914} INFO - Processing file /home/airflow/.local/lib/python3.12/site-packages/airflow/example_dags/example_python_decorator.py for tasks to queue
[2024-10-28T18:04:29.856+0000] {logging_mixin.py:190} INFO - [2024-10-28T18:04:29.856+0000] {dagbag.py:588} INFO - Filling up the DagBag from /home/airflow/.local/lib/python3.12/site-packages/airflow/example_dags/example_python_decorator.py
[2024-10-28T18:04:29.865+0000] {processor.py:925} INFO - DAG(s) 'example_python_decorator' retrieved from /home/airflow/.local/lib/python3.12/site-packages/airflow/example_dags/example_python_decorator.py
[2024-10-28T18:04:29.880+0000] {logging_mixin.py:190} INFO - [2024-10-28T18:04:29.880+0000] {dag.py:3239} INFO - Sync 1 DAGs
[2024-10-28T18:04:29.893+0000] {logging_mixin.py:190} INFO - [2024-10-28T18:04:29.893+0000] {dag.py:4180} INFO - Setting next_dagrun for example_python_decorator to None, run_after=None
[2024-10-28T18:04:29.920+0000] {processor.py:208} INFO - Processing /home/airflow/.local/lib/python3.12/site-packages/airflow/example_dags/example_python_decorator.py took 0.072 seconds
[2024-10-28T18:05:01.156+0000] {processor.py:186} INFO - Started process (PID=265) to work on /home/airflow/.local/lib/python3.12/site-packages/airflow/example_dags/example_python_decorator.py
[2024-10-28T18:05:01.157+0000] {processor.py:914} INFO - Processing file /home/airflow/.local/lib/python3.12/site-packages/airflow/example_dags/example_python_decorator.py for tasks to queue
[2024-10-28T18:05:01.160+0000] {logging_mixin.py:190} INFO - [2024-10-28T18:05:01.159+0000] {dagbag.py:588} INFO - Filling up the DagBag from /home/airflow/.local/lib/python3.12/site-packages/airflow/example_dags/example_python_decorator.py
[2024-10-28T18:05:01.171+0000] {processor.py:925} INFO - DAG(s) 'example_python_decorator' retrieved from /home/airflow/.local/lib/python3.12/site-packages/airflow/example_dags/example_python_decorator.py
[2024-10-28T18:05:01.192+0000] {logging_mixin.py:190} INFO - [2024-10-28T18:05:01.192+0000] {dag.py:3239} INFO - Sync 1 DAGs
[2024-10-28T18:05:01.205+0000] {logging_mixin.py:190} INFO - [2024-10-28T18:05:01.204+0000] {dag.py:4180} INFO - Setting next_dagrun for example_python_decorator to None, run_after=None
[2024-10-28T18:05:01.222+0000] {processor.py:208} INFO - Processing /home/airflow/.local/lib/python3.12/site-packages/airflow/example_dags/example_python_decorator.py took 0.071 seconds
[2024-10-28T18:05:31.525+0000] {processor.py:186} INFO - Started process (PID=331) to work on /home/airflow/.local/lib/python3.12/site-packages/airflow/example_dags/example_python_decorator.py
[2024-10-28T18:05:31.526+0000] {processor.py:914} INFO - Processing file /home/airflow/.local/lib/python3.12/site-packages/airflow/example_dags/example_python_decorator.py for tasks to queue
[2024-10-28T18:05:31.528+0000] {logging_mixin.py:190} INFO - [2024-10-28T18:05:31.528+0000] {dagbag.py:588} INFO - Filling up the DagBag from /home/airflow/.local/lib/python3.12/site-packages/airflow/example_dags/example_python_decorator.py
[2024-10-28T18:05:31.538+0000] {processor.py:925} INFO - DAG(s) 'example_python_decorator' retrieved from /home/airflow/.local/lib/python3.12/site-packages/airflow/example_dags/example_python_decorator.py
[2024-10-28T18:05:31.551+0000] {logging_mixin.py:190} INFO - [2024-10-28T18:05:31.551+0000] {dag.py:3239} INFO - Sync 1 DAGs
[2024-10-28T18:05:31.561+0000] {logging_mixin.py:190} INFO - [2024-10-28T18:05:31.560+0000] {dag.py:4180} INFO - Setting next_dagrun for example_python_decorator to None, run_after=None
[2024-10-28T18:05:31.581+0000] {processor.py:208} INFO - Processing /home/airflow/.local/lib/python3.12/site-packages/airflow/example_dags/example_python_decorator.py took 0.060 seconds
[2024-10-28T18:06:02.448+0000] {processor.py:186} INFO - Started process (PID=397) to work on /home/airflow/.local/lib/python3.12/site-packages/airflow/example_dags/example_python_decorator.py
[2024-10-28T18:06:02.450+0000] {processor.py:914} INFO - Processing file /home/airflow/.local/lib/python3.12/site-packages/airflow/example_dags/example_python_decorator.py for tasks to queue
[2024-10-28T18:06:02.452+0000] {logging_mixin.py:190} INFO - [2024-10-28T18:06:02.452+0000] {dagbag.py:588} INFO - Filling up the DagBag from /home/airflow/.local/lib/python3.12/site-packages/airflow/example_dags/example_python_decorator.py
[2024-10-28T18:06:02.467+0000] {processor.py:925} INFO - DAG(s) 'example_python_decorator' retrieved from /home/airflow/.local/lib/python3.12/site-packages/airflow/example_dags/example_python_decorator.py
[2024-10-28T18:06:02.485+0000] {logging_mixin.py:190} INFO - [2024-10-28T18:06:02.485+0000] {dag.py:3239} INFO - Sync 1 DAGs
[2024-10-28T18:06:02.497+0000] {logging_mixin.py:190} INFO - [2024-10-28T18:06:02.497+0000] {dag.py:4180} INFO - Setting next_dagrun for example_python_decorator to None, run_after=None
[2024-10-28T18:06:02.525+0000] {processor.py:208} INFO - Processing /home/airflow/.local/lib/python3.12/site-packages/airflow/example_dags/example_python_decorator.py took 0.082 seconds
[2024-10-28T18:06:33.152+0000] {processor.py:186} INFO - Started process (PID=463) to work on /home/airflow/.local/lib/python3.12/site-packages/airflow/example_dags/example_python_decorator.py
[2024-10-28T18:06:33.153+0000] {processor.py:914} INFO - Processing file /home/airflow/.local/lib/python3.12/site-packages/airflow/example_dags/example_python_decorator.py for tasks to queue
[2024-10-28T18:06:33.155+0000] {logging_mixin.py:190} INFO - [2024-10-28T18:06:33.155+0000] {dagbag.py:588} INFO - Filling up the DagBag from /home/airflow/.local/lib/python3.12/site-packages/airflow/example_dags/example_python_decorator.py
[2024-10-28T18:06:33.171+0000] {processor.py:925} INFO - DAG(s) 'example_python_decorator' retrieved from /home/airflow/.local/lib/python3.12/site-packages/airflow/example_dags/example_python_decorator.py
[2024-10-28T18:06:33.193+0000] {logging_mixin.py:190} INFO - [2024-10-28T18:06:33.193+0000] {dag.py:3239} INFO - Sync 1 DAGs
[2024-10-28T18:06:33.203+0000] {logging_mixin.py:190} INFO - [2024-10-28T18:06:33.203+0000] {dag.py:4180} INFO - Setting next_dagrun for example_python_decorator to None, run_after=None
[2024-10-28T18:06:33.227+0000] {processor.py:208} INFO - Processing /home/airflow/.local/lib/python3.12/site-packages/airflow/example_dags/example_python_decorator.py took 0.079 seconds
[2024-10-28T18:07:03.791+0000] {processor.py:186} INFO - Started process (PID=529) to work on /home/airflow/.local/lib/python3.12/site-packages/airflow/example_dags/example_python_decorator.py
[2024-10-28T18:07:03.792+0000] {processor.py:914} INFO - Processing file /home/airflow/.local/lib/python3.12/site-packages/airflow/example_dags/example_python_decorator.py for tasks to queue
[2024-10-28T18:07:03.794+0000] {logging_mixin.py:190} INFO - [2024-10-28T18:07:03.794+0000] {dagbag.py:588} INFO - Filling up the DagBag from /home/airflow/.local/lib/python3.12/site-packages/airflow/example_dags/example_python_decorator.py
[2024-10-28T18:07:03.804+0000] {processor.py:925} INFO - DAG(s) 'example_python_decorator' retrieved from /home/airflow/.local/lib/python3.12/site-packages/airflow/example_dags/example_python_decorator.py
[2024-10-28T18:07:03.819+0000] {logging_mixin.py:190} INFO - [2024-10-28T18:07:03.819+0000] {dag.py:3239} INFO - Sync 1 DAGs
[2024-10-28T18:07:03.829+0000] {logging_mixin.py:190} INFO - [2024-10-28T18:07:03.829+0000] {dag.py:4180} INFO - Setting next_dagrun for example_python_decorator to None, run_after=None
[2024-10-28T18:07:03.843+0000] {processor.py:208} INFO - Processing /home/airflow/.local/lib/python3.12/site-packages/airflow/example_dags/example_python_decorator.py took 0.055 seconds
[2024-10-28T18:07:35.132+0000] {processor.py:186} INFO - Started process (PID=595) to work on /home/airflow/.local/lib/python3.12/site-packages/airflow/example_dags/example_python_decorator.py
[2024-10-28T18:07:35.133+0000] {processor.py:914} INFO - Processing file /home/airflow/.local/lib/python3.12/site-packages/airflow/example_dags/example_python_decorator.py for tasks to queue
[2024-10-28T18:07:35.135+0000] {logging_mixin.py:190} INFO - [2024-10-28T18:07:35.135+0000] {dagbag.py:588} INFO - Filling up the DagBag from /home/airflow/.local/lib/python3.12/site-packages/airflow/example_dags/example_python_decorator.py
[2024-10-28T18:07:35.148+0000] {processor.py:925} INFO - DAG(s) 'example_python_decorator' retrieved from /home/airflow/.local/lib/python3.12/site-packages/airflow/example_dags/example_python_decorator.py
[2024-10-28T18:07:35.166+0000] {logging_mixin.py:190} INFO - [2024-10-28T18:07:35.166+0000] {dag.py:3239} INFO - Sync 1 DAGs
[2024-10-28T18:07:35.178+0000] {logging_mixin.py:190} INFO - [2024-10-28T18:07:35.178+0000] {dag.py:4180} INFO - Setting next_dagrun for example_python_decorator to None, run_after=None
[2024-10-28T18:07:35.194+0000] {processor.py:208} INFO - Processing /home/airflow/.local/lib/python3.12/site-packages/airflow/example_dags/example_python_decorator.py took 0.068 seconds
[2024-10-28T18:08:05.253+0000] {processor.py:186} INFO - Started process (PID=661) to work on /home/airflow/.local/lib/python3.12/site-packages/airflow/example_dags/example_python_decorator.py
[2024-10-28T18:08:05.254+0000] {processor.py:914} INFO - Processing file /home/airflow/.local/lib/python3.12/site-packages/airflow/example_dags/example_python_decorator.py for tasks to queue
[2024-10-28T18:08:05.256+0000] {logging_mixin.py:190} INFO - [2024-10-28T18:08:05.256+0000] {dagbag.py:588} INFO - Filling up the DagBag from /home/airflow/.local/lib/python3.12/site-packages/airflow/example_dags/example_python_decorator.py
[2024-10-28T18:08:05.267+0000] {processor.py:925} INFO - DAG(s) 'example_python_decorator' retrieved from /home/airflow/.local/lib/python3.12/site-packages/airflow/example_dags/example_python_decorator.py
[2024-10-28T18:08:05.288+0000] {logging_mixin.py:190} INFO - [2024-10-28T18:08:05.288+0000] {dag.py:3239} INFO - Sync 1 DAGs
[2024-10-28T18:08:05.301+0000] {logging_mixin.py:190} INFO - [2024-10-28T18:08:05.301+0000] {dag.py:4180} INFO - Setting next_dagrun for example_python_decorator to None, run_after=None
[2024-10-28T18:08:05.317+0000] {processor.py:208} INFO - Processing /home/airflow/.local/lib/python3.12/site-packages/airflow/example_dags/example_python_decorator.py took 0.068 seconds
[2024-10-28T18:08:35.557+0000] {processor.py:186} INFO - Started process (PID=726) to work on /home/airflow/.local/lib/python3.12/site-packages/airflow/example_dags/example_python_decorator.py
[2024-10-28T18:08:35.559+0000] {processor.py:914} INFO - Processing file /home/airflow/.local/lib/python3.12/site-packages/airflow/example_dags/example_python_decorator.py for tasks to queue
[2024-10-28T18:08:35.561+0000] {logging_mixin.py:190} INFO - [2024-10-28T18:08:35.561+0000] {dagbag.py:588} INFO - Filling up the DagBag from /home/airflow/.local/lib/python3.12/site-packages/airflow/example_dags/example_python_decorator.py
[2024-10-28T18:08:35.574+0000] {processor.py:925} INFO - DAG(s) 'example_python_decorator' retrieved from /home/airflow/.local/lib/python3.12/site-packages/airflow/example_dags/example_python_decorator.py
[2024-10-28T18:08:35.594+0000] {logging_mixin.py:190} INFO - [2024-10-28T18:08:35.594+0000] {dag.py:3239} INFO - Sync 1 DAGs
[2024-10-28T18:08:35.606+0000] {logging_mixin.py:190} INFO - [2024-10-28T18:08:35.606+0000] {dag.py:4180} INFO - Setting next_dagrun for example_python_decorator to None, run_after=None
[2024-10-28T18:08:35.624+0000] {processor.py:208} INFO - Processing /home/airflow/.local/lib/python3.12/site-packages/airflow/example_dags/example_python_decorator.py took 0.072 seconds
[2024-10-28T18:09:05.884+0000] {processor.py:186} INFO - Started process (PID=792) to work on /home/airflow/.local/lib/python3.12/site-packages/airflow/example_dags/example_python_decorator.py
[2024-10-28T18:09:05.885+0000] {processor.py:914} INFO - Processing file /home/airflow/.local/lib/python3.12/site-packages/airflow/example_dags/example_python_decorator.py for tasks to queue
[2024-10-28T18:09:05.887+0000] {logging_mixin.py:190} INFO - [2024-10-28T18:09:05.887+0000] {dagbag.py:588} INFO - Filling up the DagBag from /home/airflow/.local/lib/python3.12/site-packages/airflow/example_dags/example_python_decorator.py
[2024-10-28T18:09:05.900+0000] {processor.py:925} INFO - DAG(s) 'example_python_decorator' retrieved from /home/airflow/.local/lib/python3.12/site-packages/airflow/example_dags/example_python_decorator.py
[2024-10-28T18:09:05.919+0000] {logging_mixin.py:190} INFO - [2024-10-28T18:09:05.919+0000] {dag.py:3239} INFO - Sync 1 DAGs
[2024-10-28T18:09:05.988+0000] {logging_mixin.py:190} INFO - [2024-10-28T18:09:05.988+0000] {dag.py:4180} INFO - Setting next_dagrun for example_python_decorator to None, run_after=None
[2024-10-28T18:09:06.007+0000] {processor.py:208} INFO - Processing /home/airflow/.local/lib/python3.12/site-packages/airflow/example_dags/example_python_decorator.py took 0.128 seconds
[2024-10-28T18:09:36.220+0000] {processor.py:186} INFO - Started process (PID=858) to work on /home/airflow/.local/lib/python3.12/site-packages/airflow/example_dags/example_python_decorator.py
[2024-10-28T18:09:36.221+0000] {processor.py:914} INFO - Processing file /home/airflow/.local/lib/python3.12/site-packages/airflow/example_dags/example_python_decorator.py for tasks to queue
[2024-10-28T18:09:36.223+0000] {logging_mixin.py:190} INFO - [2024-10-28T18:09:36.223+0000] {dagbag.py:588} INFO - Filling up the DagBag from /home/airflow/.local/lib/python3.12/site-packages/airflow/example_dags/example_python_decorator.py
[2024-10-28T18:09:36.231+0000] {processor.py:925} INFO - DAG(s) 'example_python_decorator' retrieved from /home/airflow/.local/lib/python3.12/site-packages/airflow/example_dags/example_python_decorator.py
[2024-10-28T18:09:36.244+0000] {logging_mixin.py:190} INFO - [2024-10-28T18:09:36.244+0000] {dag.py:3239} INFO - Sync 1 DAGs
[2024-10-28T18:09:36.253+0000] {logging_mixin.py:190} INFO - [2024-10-28T18:09:36.253+0000] {dag.py:4180} INFO - Setting next_dagrun for example_python_decorator to None, run_after=None
[2024-10-28T18:09:36.271+0000] {processor.py:208} INFO - Processing /home/airflow/.local/lib/python3.12/site-packages/airflow/example_dags/example_python_decorator.py took 0.054 seconds
[2024-10-28T18:10:06.637+0000] {processor.py:186} INFO - Started process (PID=924) to work on /home/airflow/.local/lib/python3.12/site-packages/airflow/example_dags/example_python_decorator.py
[2024-10-28T18:10:06.638+0000] {processor.py:914} INFO - Processing file /home/airflow/.local/lib/python3.12/site-packages/airflow/example_dags/example_python_decorator.py for tasks to queue
[2024-10-28T18:10:06.640+0000] {logging_mixin.py:190} INFO - [2024-10-28T18:10:06.640+0000] {dagbag.py:588} INFO - Filling up the DagBag from /home/airflow/.local/lib/python3.12/site-packages/airflow/example_dags/example_python_decorator.py
[2024-10-28T18:10:06.650+0000] {processor.py:925} INFO - DAG(s) 'example_python_decorator' retrieved from /home/airflow/.local/lib/python3.12/site-packages/airflow/example_dags/example_python_decorator.py
[2024-10-28T18:10:06.669+0000] {logging_mixin.py:190} INFO - [2024-10-28T18:10:06.669+0000] {dag.py:3239} INFO - Sync 1 DAGs
[2024-10-28T18:10:06.679+0000] {logging_mixin.py:190} INFO - [2024-10-28T18:10:06.679+0000] {dag.py:4180} INFO - Setting next_dagrun for example_python_decorator to None, run_after=None
[2024-10-28T18:10:06.692+0000] {processor.py:208} INFO - Processing /home/airflow/.local/lib/python3.12/site-packages/airflow/example_dags/example_python_decorator.py took 0.059 seconds
[2024-10-28T18:10:36.815+0000] {processor.py:186} INFO - Started process (PID=990) to work on /home/airflow/.local/lib/python3.12/site-packages/airflow/example_dags/example_python_decorator.py
[2024-10-28T18:10:36.816+0000] {processor.py:914} INFO - Processing file /home/airflow/.local/lib/python3.12/site-packages/airflow/example_dags/example_python_decorator.py for tasks to queue
[2024-10-28T18:10:36.818+0000] {logging_mixin.py:190} INFO - [2024-10-28T18:10:36.818+0000] {dagbag.py:588} INFO - Filling up the DagBag from /home/airflow/.local/lib/python3.12/site-packages/airflow/example_dags/example_python_decorator.py
[2024-10-28T18:10:36.827+0000] {processor.py:925} INFO - DAG(s) 'example_python_decorator' retrieved from /home/airflow/.local/lib/python3.12/site-packages/airflow/example_dags/example_python_decorator.py
[2024-10-28T18:10:36.843+0000] {logging_mixin.py:190} INFO - [2024-10-28T18:10:36.842+0000] {dag.py:3239} INFO - Sync 1 DAGs
[2024-10-28T18:10:36.852+0000] {logging_mixin.py:190} INFO - [2024-10-28T18:10:36.852+0000] {dag.py:4180} INFO - Setting next_dagrun for example_python_decorator to None, run_after=None
[2024-10-28T18:10:36.867+0000] {processor.py:208} INFO - Processing /home/airflow/.local/lib/python3.12/site-packages/airflow/example_dags/example_python_decorator.py took 0.056 seconds
[2024-10-28T18:11:07.193+0000] {processor.py:186} INFO - Started process (PID=1056) to work on /home/airflow/.local/lib/python3.12/site-packages/airflow/example_dags/example_python_decorator.py
[2024-10-28T18:11:07.194+0000] {processor.py:914} INFO - Processing file /home/airflow/.local/lib/python3.12/site-packages/airflow/example_dags/example_python_decorator.py for tasks to queue
[2024-10-28T18:11:07.196+0000] {logging_mixin.py:190} INFO - [2024-10-28T18:11:07.196+0000] {dagbag.py:588} INFO - Filling up the DagBag from /home/airflow/.local/lib/python3.12/site-packages/airflow/example_dags/example_python_decorator.py
[2024-10-28T18:11:07.206+0000] {processor.py:925} INFO - DAG(s) 'example_python_decorator' retrieved from /home/airflow/.local/lib/python3.12/site-packages/airflow/example_dags/example_python_decorator.py
[2024-10-28T18:11:07.228+0000] {logging_mixin.py:190} INFO - [2024-10-28T18:11:07.227+0000] {dag.py:3239} INFO - Sync 1 DAGs
[2024-10-28T18:11:07.241+0000] {logging_mixin.py:190} INFO - [2024-10-28T18:11:07.241+0000] {dag.py:4180} INFO - Setting next_dagrun for example_python_decorator to None, run_after=None
[2024-10-28T18:11:07.265+0000] {processor.py:208} INFO - Processing /home/airflow/.local/lib/python3.12/site-packages/airflow/example_dags/example_python_decorator.py took 0.076 seconds
[2024-10-28T18:11:38.120+0000] {processor.py:186} INFO - Started process (PID=1122) to work on /home/airflow/.local/lib/python3.12/site-packages/airflow/example_dags/example_python_decorator.py
[2024-10-28T18:11:38.121+0000] {processor.py:914} INFO - Processing file /home/airflow/.local/lib/python3.12/site-packages/airflow/example_dags/example_python_decorator.py for tasks to queue
[2024-10-28T18:11:38.124+0000] {logging_mixin.py:190} INFO - [2024-10-28T18:11:38.124+0000] {dagbag.py:588} INFO - Filling up the DagBag from /home/airflow/.local/lib/python3.12/site-packages/airflow/example_dags/example_python_decorator.py
[2024-10-28T18:11:38.133+0000] {processor.py:925} INFO - DAG(s) 'example_python_decorator' retrieved from /home/airflow/.local/lib/python3.12/site-packages/airflow/example_dags/example_python_decorator.py
[2024-10-28T18:11:38.151+0000] {logging_mixin.py:190} INFO - [2024-10-28T18:11:38.150+0000] {dag.py:3239} INFO - Sync 1 DAGs
[2024-10-28T18:11:38.162+0000] {logging_mixin.py:190} INFO - [2024-10-28T18:11:38.162+0000] {dag.py:4180} INFO - Setting next_dagrun for example_python_decorator to None, run_after=None
[2024-10-28T18:11:38.186+0000] {processor.py:208} INFO - Processing /home/airflow/.local/lib/python3.12/site-packages/airflow/example_dags/example_python_decorator.py took 0.071 seconds
[2024-10-28T18:12:08.304+0000] {processor.py:186} INFO - Started process (PID=1188) to work on /home/airflow/.local/lib/python3.12/site-packages/airflow/example_dags/example_python_decorator.py
[2024-10-28T18:12:08.305+0000] {processor.py:914} INFO - Processing file /home/airflow/.local/lib/python3.12/site-packages/airflow/example_dags/example_python_decorator.py for tasks to queue
[2024-10-28T18:12:08.306+0000] {logging_mixin.py:190} INFO - [2024-10-28T18:12:08.306+0000] {dagbag.py:588} INFO - Filling up the DagBag from /home/airflow/.local/lib/python3.12/site-packages/airflow/example_dags/example_python_decorator.py
[2024-10-28T18:12:08.315+0000] {processor.py:925} INFO - DAG(s) 'example_python_decorator' retrieved from /home/airflow/.local/lib/python3.12/site-packages/airflow/example_dags/example_python_decorator.py
[2024-10-28T18:12:08.329+0000] {logging_mixin.py:190} INFO - [2024-10-28T18:12:08.329+0000] {dag.py:3239} INFO - Sync 1 DAGs
[2024-10-28T18:12:08.339+0000] {logging_mixin.py:190} INFO - [2024-10-28T18:12:08.339+0000] {dag.py:4180} INFO - Setting next_dagrun for example_python_decorator to None, run_after=None
[2024-10-28T18:12:08.358+0000] {processor.py:208} INFO - Processing /home/airflow/.local/lib/python3.12/site-packages/airflow/example_dags/example_python_decorator.py took 0.058 seconds
[2024-10-28T18:12:38.461+0000] {processor.py:186} INFO - Started process (PID=1255) to work on /home/airflow/.local/lib/python3.12/site-packages/airflow/example_dags/example_python_decorator.py
[2024-10-28T18:12:38.462+0000] {processor.py:914} INFO - Processing file /home/airflow/.local/lib/python3.12/site-packages/airflow/example_dags/example_python_decorator.py for tasks to queue
[2024-10-28T18:12:38.464+0000] {logging_mixin.py:190} INFO - [2024-10-28T18:12:38.464+0000] {dagbag.py:588} INFO - Filling up the DagBag from /home/airflow/.local/lib/python3.12/site-packages/airflow/example_dags/example_python_decorator.py
[2024-10-28T18:12:38.474+0000] {processor.py:925} INFO - DAG(s) 'example_python_decorator' retrieved from /home/airflow/.local/lib/python3.12/site-packages/airflow/example_dags/example_python_decorator.py
[2024-10-28T18:12:38.490+0000] {logging_mixin.py:190} INFO - [2024-10-28T18:12:38.490+0000] {dag.py:3239} INFO - Sync 1 DAGs
[2024-10-28T18:12:38.498+0000] {logging_mixin.py:190} INFO - [2024-10-28T18:12:38.498+0000] {dag.py:4180} INFO - Setting next_dagrun for example_python_decorator to None, run_after=None
[2024-10-28T18:12:38.511+0000] {processor.py:208} INFO - Processing /home/airflow/.local/lib/python3.12/site-packages/airflow/example_dags/example_python_decorator.py took 0.054 seconds
[2024-10-28T18:13:09.339+0000] {processor.py:186} INFO - Started process (PID=1321) to work on /home/airflow/.local/lib/python3.12/site-packages/airflow/example_dags/example_python_decorator.py
[2024-10-28T18:13:09.340+0000] {processor.py:914} INFO - Processing file /home/airflow/.local/lib/python3.12/site-packages/airflow/example_dags/example_python_decorator.py for tasks to queue
[2024-10-28T18:13:09.342+0000] {logging_mixin.py:190} INFO - [2024-10-28T18:13:09.342+0000] {dagbag.py:588} INFO - Filling up the DagBag from /home/airflow/.local/lib/python3.12/site-packages/airflow/example_dags/example_python_decorator.py
[2024-10-28T18:13:09.351+0000] {processor.py:925} INFO - DAG(s) 'example_python_decorator' retrieved from /home/airflow/.local/lib/python3.12/site-packages/airflow/example_dags/example_python_decorator.py
[2024-10-28T18:13:09.366+0000] {logging_mixin.py:190} INFO - [2024-10-28T18:13:09.366+0000] {dag.py:3239} INFO - Sync 1 DAGs
[2024-10-28T18:13:09.375+0000] {logging_mixin.py:190} INFO - [2024-10-28T18:13:09.375+0000] {dag.py:4180} INFO - Setting next_dagrun for example_python_decorator to None, run_after=None
[2024-10-28T18:13:09.397+0000] {processor.py:208} INFO - Processing /home/airflow/.local/lib/python3.12/site-packages/airflow/example_dags/example_python_decorator.py took 0.062 seconds
[2024-10-28T18:13:40.473+0000] {processor.py:186} INFO - Started process (PID=1387) to work on /home/airflow/.local/lib/python3.12/site-packages/airflow/example_dags/example_python_decorator.py
[2024-10-28T18:13:40.474+0000] {processor.py:914} INFO - Processing file /home/airflow/.local/lib/python3.12/site-packages/airflow/example_dags/example_python_decorator.py for tasks to queue
[2024-10-28T18:13:40.476+0000] {logging_mixin.py:190} INFO - [2024-10-28T18:13:40.476+0000] {dagbag.py:588} INFO - Filling up the DagBag from /home/airflow/.local/lib/python3.12/site-packages/airflow/example_dags/example_python_decorator.py
[2024-10-28T18:13:40.485+0000] {processor.py:925} INFO - DAG(s) 'example_python_decorator' retrieved from /home/airflow/.local/lib/python3.12/site-packages/airflow/example_dags/example_python_decorator.py
[2024-10-28T18:13:40.499+0000] {logging_mixin.py:190} INFO - [2024-10-28T18:13:40.498+0000] {dag.py:3239} INFO - Sync 1 DAGs
[2024-10-28T18:13:40.507+0000] {logging_mixin.py:190} INFO - [2024-10-28T18:13:40.507+0000] {dag.py:4180} INFO - Setting next_dagrun for example_python_decorator to None, run_after=None
[2024-10-28T18:13:40.528+0000] {processor.py:208} INFO - Processing /home/airflow/.local/lib/python3.12/site-packages/airflow/example_dags/example_python_decorator.py took 0.059 seconds
[2024-10-28T18:14:11.224+0000] {processor.py:186} INFO - Started process (PID=1453) to work on /home/airflow/.local/lib/python3.12/site-packages/airflow/example_dags/example_python_decorator.py
[2024-10-28T18:14:11.225+0000] {processor.py:914} INFO - Processing file /home/airflow/.local/lib/python3.12/site-packages/airflow/example_dags/example_python_decorator.py for tasks to queue
[2024-10-28T18:14:11.227+0000] {logging_mixin.py:190} INFO - [2024-10-28T18:14:11.226+0000] {dagbag.py:588} INFO - Filling up the DagBag from /home/airflow/.local/lib/python3.12/site-packages/airflow/example_dags/example_python_decorator.py
[2024-10-28T18:14:11.235+0000] {processor.py:925} INFO - DAG(s) 'example_python_decorator' retrieved from /home/airflow/.local/lib/python3.12/site-packages/airflow/example_dags/example_python_decorator.py
[2024-10-28T18:14:11.250+0000] {logging_mixin.py:190} INFO - [2024-10-28T18:14:11.250+0000] {dag.py:3239} INFO - Sync 1 DAGs
[2024-10-28T18:14:11.259+0000] {logging_mixin.py:190} INFO - [2024-10-28T18:14:11.259+0000] {dag.py:4180} INFO - Setting next_dagrun for example_python_decorator to None, run_after=None
[2024-10-28T18:14:11.346+0000] {processor.py:208} INFO - Processing /home/airflow/.local/lib/python3.12/site-packages/airflow/example_dags/example_python_decorator.py took 0.126 seconds
[2024-10-28T18:14:42.084+0000] {processor.py:186} INFO - Started process (PID=1519) to work on /home/airflow/.local/lib/python3.12/site-packages/airflow/example_dags/example_python_decorator.py
[2024-10-28T18:14:42.085+0000] {processor.py:914} INFO - Processing file /home/airflow/.local/lib/python3.12/site-packages/airflow/example_dags/example_python_decorator.py for tasks to queue
[2024-10-28T18:14:42.087+0000] {logging_mixin.py:190} INFO - [2024-10-28T18:14:42.087+0000] {dagbag.py:588} INFO - Filling up the DagBag from /home/airflow/.local/lib/python3.12/site-packages/airflow/example_dags/example_python_decorator.py
[2024-10-28T18:14:42.097+0000] {processor.py:925} INFO - DAG(s) 'example_python_decorator' retrieved from /home/airflow/.local/lib/python3.12/site-packages/airflow/example_dags/example_python_decorator.py
[2024-10-28T18:14:42.114+0000] {logging_mixin.py:190} INFO - [2024-10-28T18:14:42.113+0000] {dag.py:3239} INFO - Sync 1 DAGs
[2024-10-28T18:14:42.124+0000] {logging_mixin.py:190} INFO - [2024-10-28T18:14:42.124+0000] {dag.py:4180} INFO - Setting next_dagrun for example_python_decorator to None, run_after=None
[2024-10-28T18:14:42.145+0000] {processor.py:208} INFO - Processing /home/airflow/.local/lib/python3.12/site-packages/airflow/example_dags/example_python_decorator.py took 0.064 seconds
[2024-10-28T18:15:12.642+0000] {processor.py:186} INFO - Started process (PID=1585) to work on /home/airflow/.local/lib/python3.12/site-packages/airflow/example_dags/example_python_decorator.py
[2024-10-28T18:15:12.643+0000] {processor.py:914} INFO - Processing file /home/airflow/.local/lib/python3.12/site-packages/airflow/example_dags/example_python_decorator.py for tasks to queue
[2024-10-28T18:15:12.645+0000] {logging_mixin.py:190} INFO - [2024-10-28T18:15:12.644+0000] {dagbag.py:588} INFO - Filling up the DagBag from /home/airflow/.local/lib/python3.12/site-packages/airflow/example_dags/example_python_decorator.py
[2024-10-28T18:15:12.655+0000] {processor.py:925} INFO - DAG(s) 'example_python_decorator' retrieved from /home/airflow/.local/lib/python3.12/site-packages/airflow/example_dags/example_python_decorator.py
[2024-10-28T18:15:12.670+0000] {logging_mixin.py:190} INFO - [2024-10-28T18:15:12.670+0000] {dag.py:3239} INFO - Sync 1 DAGs
[2024-10-28T18:15:12.681+0000] {logging_mixin.py:190} INFO - [2024-10-28T18:15:12.680+0000] {dag.py:4180} INFO - Setting next_dagrun for example_python_decorator to None, run_after=None
[2024-10-28T18:15:12.701+0000] {processor.py:208} INFO - Processing /home/airflow/.local/lib/python3.12/site-packages/airflow/example_dags/example_python_decorator.py took 0.062 seconds
[2024-10-28T18:15:43.463+0000] {processor.py:186} INFO - Started process (PID=1651) to work on /home/airflow/.local/lib/python3.12/site-packages/airflow/example_dags/example_python_decorator.py
[2024-10-28T18:15:43.464+0000] {processor.py:914} INFO - Processing file /home/airflow/.local/lib/python3.12/site-packages/airflow/example_dags/example_python_decorator.py for tasks to queue
[2024-10-28T18:15:43.466+0000] {logging_mixin.py:190} INFO - [2024-10-28T18:15:43.466+0000] {dagbag.py:588} INFO - Filling up the DagBag from /home/airflow/.local/lib/python3.12/site-packages/airflow/example_dags/example_python_decorator.py
[2024-10-28T18:15:43.478+0000] {processor.py:925} INFO - DAG(s) 'example_python_decorator' retrieved from /home/airflow/.local/lib/python3.12/site-packages/airflow/example_dags/example_python_decorator.py
[2024-10-28T18:15:43.499+0000] {logging_mixin.py:190} INFO - [2024-10-28T18:15:43.499+0000] {dag.py:3239} INFO - Sync 1 DAGs
[2024-10-28T18:15:43.514+0000] {logging_mixin.py:190} INFO - [2024-10-28T18:15:43.514+0000] {dag.py:4180} INFO - Setting next_dagrun for example_python_decorator to None, run_after=None
[2024-10-28T18:15:43.541+0000] {processor.py:208} INFO - Processing /home/airflow/.local/lib/python3.12/site-packages/airflow/example_dags/example_python_decorator.py took 0.084 seconds
[2024-10-28T18:16:14.196+0000] {processor.py:186} INFO - Started process (PID=1717) to work on /home/airflow/.local/lib/python3.12/site-packages/airflow/example_dags/example_python_decorator.py
[2024-10-28T18:16:14.197+0000] {processor.py:914} INFO - Processing file /home/airflow/.local/lib/python3.12/site-packages/airflow/example_dags/example_python_decorator.py for tasks to queue
[2024-10-28T18:16:14.198+0000] {logging_mixin.py:190} INFO - [2024-10-28T18:16:14.198+0000] {dagbag.py:588} INFO - Filling up the DagBag from /home/airflow/.local/lib/python3.12/site-packages/airflow/example_dags/example_python_decorator.py
[2024-10-28T18:16:14.207+0000] {processor.py:925} INFO - DAG(s) 'example_python_decorator' retrieved from /home/airflow/.local/lib/python3.12/site-packages/airflow/example_dags/example_python_decorator.py
[2024-10-28T18:16:14.223+0000] {logging_mixin.py:190} INFO - [2024-10-28T18:16:14.223+0000] {dag.py:3239} INFO - Sync 1 DAGs
[2024-10-28T18:16:14.233+0000] {logging_mixin.py:190} INFO - [2024-10-28T18:16:14.233+0000] {dag.py:4180} INFO - Setting next_dagrun for example_python_decorator to None, run_after=None
[2024-10-28T18:16:14.246+0000] {processor.py:208} INFO - Processing /home/airflow/.local/lib/python3.12/site-packages/airflow/example_dags/example_python_decorator.py took 0.054 seconds
[2024-10-28T18:16:44.895+0000] {processor.py:186} INFO - Started process (PID=1783) to work on /home/airflow/.local/lib/python3.12/site-packages/airflow/example_dags/example_python_decorator.py
[2024-10-28T18:16:44.896+0000] {processor.py:914} INFO - Processing file /home/airflow/.local/lib/python3.12/site-packages/airflow/example_dags/example_python_decorator.py for tasks to queue
[2024-10-28T18:16:44.898+0000] {logging_mixin.py:190} INFO - [2024-10-28T18:16:44.897+0000] {dagbag.py:588} INFO - Filling up the DagBag from /home/airflow/.local/lib/python3.12/site-packages/airflow/example_dags/example_python_decorator.py
[2024-10-28T18:16:44.909+0000] {processor.py:925} INFO - DAG(s) 'example_python_decorator' retrieved from /home/airflow/.local/lib/python3.12/site-packages/airflow/example_dags/example_python_decorator.py
[2024-10-28T18:16:44.924+0000] {logging_mixin.py:190} INFO - [2024-10-28T18:16:44.924+0000] {dag.py:3239} INFO - Sync 1 DAGs
[2024-10-28T18:16:44.933+0000] {logging_mixin.py:190} INFO - [2024-10-28T18:16:44.933+0000] {dag.py:4180} INFO - Setting next_dagrun for example_python_decorator to None, run_after=None
[2024-10-28T18:16:44.946+0000] {processor.py:208} INFO - Processing /home/airflow/.local/lib/python3.12/site-packages/airflow/example_dags/example_python_decorator.py took 0.055 seconds
[2024-10-28T18:17:16.130+0000] {processor.py:186} INFO - Started process (PID=1849) to work on /home/airflow/.local/lib/python3.12/site-packages/airflow/example_dags/example_python_decorator.py
[2024-10-28T18:17:16.131+0000] {processor.py:914} INFO - Processing file /home/airflow/.local/lib/python3.12/site-packages/airflow/example_dags/example_python_decorator.py for tasks to queue
[2024-10-28T18:17:16.133+0000] {logging_mixin.py:190} INFO - [2024-10-28T18:17:16.133+0000] {dagbag.py:588} INFO - Filling up the DagBag from /home/airflow/.local/lib/python3.12/site-packages/airflow/example_dags/example_python_decorator.py
[2024-10-28T18:17:16.142+0000] {processor.py:925} INFO - DAG(s) 'example_python_decorator' retrieved from /home/airflow/.local/lib/python3.12/site-packages/airflow/example_dags/example_python_decorator.py
[2024-10-28T18:17:16.157+0000] {logging_mixin.py:190} INFO - [2024-10-28T18:17:16.157+0000] {dag.py:3239} INFO - Sync 1 DAGs
[2024-10-28T18:17:16.167+0000] {logging_mixin.py:190} INFO - [2024-10-28T18:17:16.167+0000] {dag.py:4180} INFO - Setting next_dagrun for example_python_decorator to None, run_after=None
[2024-10-28T18:17:16.188+0000] {processor.py:208} INFO - Processing /home/airflow/.local/lib/python3.12/site-packages/airflow/example_dags/example_python_decorator.py took 0.062 seconds
[2024-10-28T18:17:47.204+0000] {processor.py:186} INFO - Started process (PID=1914) to work on /home/airflow/.local/lib/python3.12/site-packages/airflow/example_dags/example_python_decorator.py
[2024-10-28T18:17:47.205+0000] {processor.py:914} INFO - Processing file /home/airflow/.local/lib/python3.12/site-packages/airflow/example_dags/example_python_decorator.py for tasks to queue
[2024-10-28T18:17:47.207+0000] {logging_mixin.py:190} INFO - [2024-10-28T18:17:47.207+0000] {dagbag.py:588} INFO - Filling up the DagBag from /home/airflow/.local/lib/python3.12/site-packages/airflow/example_dags/example_python_decorator.py
[2024-10-28T18:17:47.220+0000] {processor.py:925} INFO - DAG(s) 'example_python_decorator' retrieved from /home/airflow/.local/lib/python3.12/site-packages/airflow/example_dags/example_python_decorator.py
[2024-10-28T18:17:47.243+0000] {logging_mixin.py:190} INFO - [2024-10-28T18:17:47.242+0000] {dag.py:3239} INFO - Sync 1 DAGs
[2024-10-28T18:17:47.256+0000] {logging_mixin.py:190} INFO - [2024-10-28T18:17:47.256+0000] {dag.py:4180} INFO - Setting next_dagrun for example_python_decorator to None, run_after=None
[2024-10-28T18:17:47.277+0000] {processor.py:208} INFO - Processing /home/airflow/.local/lib/python3.12/site-packages/airflow/example_dags/example_python_decorator.py took 0.078 seconds
[2024-10-28T18:18:18.283+0000] {processor.py:186} INFO - Started process (PID=1980) to work on /home/airflow/.local/lib/python3.12/site-packages/airflow/example_dags/example_python_decorator.py
[2024-10-28T18:18:18.284+0000] {processor.py:914} INFO - Processing file /home/airflow/.local/lib/python3.12/site-packages/airflow/example_dags/example_python_decorator.py for tasks to queue
[2024-10-28T18:18:18.287+0000] {logging_mixin.py:190} INFO - [2024-10-28T18:18:18.286+0000] {dagbag.py:588} INFO - Filling up the DagBag from /home/airflow/.local/lib/python3.12/site-packages/airflow/example_dags/example_python_decorator.py
[2024-10-28T18:18:18.300+0000] {processor.py:925} INFO - DAG(s) 'example_python_decorator' retrieved from /home/airflow/.local/lib/python3.12/site-packages/airflow/example_dags/example_python_decorator.py
[2024-10-28T18:18:18.322+0000] {logging_mixin.py:190} INFO - [2024-10-28T18:18:18.322+0000] {dag.py:3239} INFO - Sync 1 DAGs
[2024-10-28T18:18:18.337+0000] {logging_mixin.py:190} INFO - [2024-10-28T18:18:18.337+0000] {dag.py:4180} INFO - Setting next_dagrun for example_python_decorator to None, run_after=None
[2024-10-28T18:18:18.356+0000] {processor.py:208} INFO - Processing /home/airflow/.local/lib/python3.12/site-packages/airflow/example_dags/example_python_decorator.py took 0.079 seconds
[2024-10-28T18:18:49.240+0000] {processor.py:186} INFO - Started process (PID=2046) to work on /home/airflow/.local/lib/python3.12/site-packages/airflow/example_dags/example_python_decorator.py
[2024-10-28T18:18:49.241+0000] {processor.py:914} INFO - Processing file /home/airflow/.local/lib/python3.12/site-packages/airflow/example_dags/example_python_decorator.py for tasks to queue
[2024-10-28T18:18:49.243+0000] {logging_mixin.py:190} INFO - [2024-10-28T18:18:49.243+0000] {dagbag.py:588} INFO - Filling up the DagBag from /home/airflow/.local/lib/python3.12/site-packages/airflow/example_dags/example_python_decorator.py
[2024-10-28T18:18:49.257+0000] {processor.py:925} INFO - DAG(s) 'example_python_decorator' retrieved from /home/airflow/.local/lib/python3.12/site-packages/airflow/example_dags/example_python_decorator.py
[2024-10-28T18:18:49.276+0000] {logging_mixin.py:190} INFO - [2024-10-28T18:18:49.276+0000] {dag.py:3239} INFO - Sync 1 DAGs
[2024-10-28T18:18:49.291+0000] {logging_mixin.py:190} INFO - [2024-10-28T18:18:49.291+0000] {dag.py:4180} INFO - Setting next_dagrun for example_python_decorator to None, run_after=None
[2024-10-28T18:18:49.315+0000] {processor.py:208} INFO - Processing /home/airflow/.local/lib/python3.12/site-packages/airflow/example_dags/example_python_decorator.py took 0.081 seconds
[2024-10-28T18:19:19.777+0000] {processor.py:186} INFO - Started process (PID=2112) to work on /home/airflow/.local/lib/python3.12/site-packages/airflow/example_dags/example_python_decorator.py
[2024-10-28T18:19:19.778+0000] {processor.py:914} INFO - Processing file /home/airflow/.local/lib/python3.12/site-packages/airflow/example_dags/example_python_decorator.py for tasks to queue
[2024-10-28T18:19:19.780+0000] {logging_mixin.py:190} INFO - [2024-10-28T18:19:19.780+0000] {dagbag.py:588} INFO - Filling up the DagBag from /home/airflow/.local/lib/python3.12/site-packages/airflow/example_dags/example_python_decorator.py
[2024-10-28T18:19:19.790+0000] {processor.py:925} INFO - DAG(s) 'example_python_decorator' retrieved from /home/airflow/.local/lib/python3.12/site-packages/airflow/example_dags/example_python_decorator.py
[2024-10-28T18:19:19.805+0000] {logging_mixin.py:190} INFO - [2024-10-28T18:19:19.804+0000] {dag.py:3239} INFO - Sync 1 DAGs
[2024-10-28T18:19:19.814+0000] {logging_mixin.py:190} INFO - [2024-10-28T18:19:19.813+0000] {dag.py:4180} INFO - Setting next_dagrun for example_python_decorator to None, run_after=None
[2024-10-28T18:19:19.836+0000] {processor.py:208} INFO - Processing /home/airflow/.local/lib/python3.12/site-packages/airflow/example_dags/example_python_decorator.py took 0.063 seconds
[2024-10-28T18:19:50.412+0000] {processor.py:186} INFO - Started process (PID=2179) to work on /home/airflow/.local/lib/python3.12/site-packages/airflow/example_dags/example_python_decorator.py
[2024-10-28T18:19:50.413+0000] {processor.py:914} INFO - Processing file /home/airflow/.local/lib/python3.12/site-packages/airflow/example_dags/example_python_decorator.py for tasks to queue
[2024-10-28T18:19:50.414+0000] {logging_mixin.py:190} INFO - [2024-10-28T18:19:50.414+0000] {dagbag.py:588} INFO - Filling up the DagBag from /home/airflow/.local/lib/python3.12/site-packages/airflow/example_dags/example_python_decorator.py
[2024-10-28T18:19:50.423+0000] {processor.py:925} INFO - DAG(s) 'example_python_decorator' retrieved from /home/airflow/.local/lib/python3.12/site-packages/airflow/example_dags/example_python_decorator.py
[2024-10-28T18:19:50.440+0000] {logging_mixin.py:190} INFO - [2024-10-28T18:19:50.439+0000] {dag.py:3239} INFO - Sync 1 DAGs
[2024-10-28T18:19:50.449+0000] {logging_mixin.py:190} INFO - [2024-10-28T18:19:50.449+0000] {dag.py:4180} INFO - Setting next_dagrun for example_python_decorator to None, run_after=None
[2024-10-28T18:19:50.471+0000] {processor.py:208} INFO - Processing /home/airflow/.local/lib/python3.12/site-packages/airflow/example_dags/example_python_decorator.py took 0.064 seconds
[2024-10-28T18:20:20.873+0000] {processor.py:186} INFO - Started process (PID=2245) to work on /home/airflow/.local/lib/python3.12/site-packages/airflow/example_dags/example_python_decorator.py
[2024-10-28T18:20:20.875+0000] {processor.py:914} INFO - Processing file /home/airflow/.local/lib/python3.12/site-packages/airflow/example_dags/example_python_decorator.py for tasks to queue
[2024-10-28T18:20:20.878+0000] {logging_mixin.py:190} INFO - [2024-10-28T18:20:20.877+0000] {dagbag.py:588} INFO - Filling up the DagBag from /home/airflow/.local/lib/python3.12/site-packages/airflow/example_dags/example_python_decorator.py
[2024-10-28T18:20:20.890+0000] {processor.py:925} INFO - DAG(s) 'example_python_decorator' retrieved from /home/airflow/.local/lib/python3.12/site-packages/airflow/example_dags/example_python_decorator.py
[2024-10-28T18:20:20.910+0000] {logging_mixin.py:190} INFO - [2024-10-28T18:20:20.910+0000] {dag.py:3239} INFO - Sync 1 DAGs
[2024-10-28T18:20:20.923+0000] {logging_mixin.py:190} INFO - [2024-10-28T18:20:20.922+0000] {dag.py:4180} INFO - Setting next_dagrun for example_python_decorator to None, run_after=None
[2024-10-28T18:20:20.937+0000] {processor.py:208} INFO - Processing /home/airflow/.local/lib/python3.12/site-packages/airflow/example_dags/example_python_decorator.py took 0.069 seconds
[2024-10-28T18:20:51.201+0000] {processor.py:186} INFO - Started process (PID=2311) to work on /home/airflow/.local/lib/python3.12/site-packages/airflow/example_dags/example_python_decorator.py
[2024-10-28T18:20:51.202+0000] {processor.py:914} INFO - Processing file /home/airflow/.local/lib/python3.12/site-packages/airflow/example_dags/example_python_decorator.py for tasks to queue
[2024-10-28T18:20:51.204+0000] {logging_mixin.py:190} INFO - [2024-10-28T18:20:51.204+0000] {dagbag.py:588} INFO - Filling up the DagBag from /home/airflow/.local/lib/python3.12/site-packages/airflow/example_dags/example_python_decorator.py
[2024-10-28T18:20:51.216+0000] {processor.py:925} INFO - DAG(s) 'example_python_decorator' retrieved from /home/airflow/.local/lib/python3.12/site-packages/airflow/example_dags/example_python_decorator.py
[2024-10-28T18:20:51.233+0000] {logging_mixin.py:190} INFO - [2024-10-28T18:20:51.233+0000] {dag.py:3239} INFO - Sync 1 DAGs
[2024-10-28T18:20:51.246+0000] {logging_mixin.py:190} INFO - [2024-10-28T18:20:51.246+0000] {dag.py:4180} INFO - Setting next_dagrun for example_python_decorator to None, run_after=None
[2024-10-28T18:20:51.272+0000] {processor.py:208} INFO - Processing /home/airflow/.local/lib/python3.12/site-packages/airflow/example_dags/example_python_decorator.py took 0.075 seconds
[2024-10-28T18:21:22.660+0000] {processor.py:186} INFO - Started process (PID=2383) to work on /home/airflow/.local/lib/python3.12/site-packages/airflow/example_dags/example_python_decorator.py
[2024-10-28T18:21:22.661+0000] {processor.py:914} INFO - Processing file /home/airflow/.local/lib/python3.12/site-packages/airflow/example_dags/example_python_decorator.py for tasks to queue
[2024-10-28T18:21:22.662+0000] {logging_mixin.py:190} INFO - [2024-10-28T18:21:22.662+0000] {dagbag.py:588} INFO - Filling up the DagBag from /home/airflow/.local/lib/python3.12/site-packages/airflow/example_dags/example_python_decorator.py
[2024-10-28T18:21:22.672+0000] {processor.py:925} INFO - DAG(s) 'example_python_decorator' retrieved from /home/airflow/.local/lib/python3.12/site-packages/airflow/example_dags/example_python_decorator.py
[2024-10-28T18:21:22.687+0000] {logging_mixin.py:190} INFO - [2024-10-28T18:21:22.686+0000] {dag.py:3239} INFO - Sync 1 DAGs
[2024-10-28T18:21:22.696+0000] {logging_mixin.py:190} INFO - [2024-10-28T18:21:22.696+0000] {dag.py:4180} INFO - Setting next_dagrun for example_python_decorator to None, run_after=None
[2024-10-28T18:21:22.718+0000] {processor.py:208} INFO - Processing /home/airflow/.local/lib/python3.12/site-packages/airflow/example_dags/example_python_decorator.py took 0.061 seconds
[2024-10-28T18:21:53.479+0000] {processor.py:186} INFO - Started process (PID=2449) to work on /home/airflow/.local/lib/python3.12/site-packages/airflow/example_dags/example_python_decorator.py
[2024-10-28T18:21:53.480+0000] {processor.py:914} INFO - Processing file /home/airflow/.local/lib/python3.12/site-packages/airflow/example_dags/example_python_decorator.py for tasks to queue
[2024-10-28T18:21:53.482+0000] {logging_mixin.py:190} INFO - [2024-10-28T18:21:53.482+0000] {dagbag.py:588} INFO - Filling up the DagBag from /home/airflow/.local/lib/python3.12/site-packages/airflow/example_dags/example_python_decorator.py
[2024-10-28T18:21:53.491+0000] {processor.py:925} INFO - DAG(s) 'example_python_decorator' retrieved from /home/airflow/.local/lib/python3.12/site-packages/airflow/example_dags/example_python_decorator.py
[2024-10-28T18:21:53.510+0000] {logging_mixin.py:190} INFO - [2024-10-28T18:21:53.509+0000] {dag.py:3239} INFO - Sync 1 DAGs
[2024-10-28T18:21:53.521+0000] {logging_mixin.py:190} INFO - [2024-10-28T18:21:53.521+0000] {dag.py:4180} INFO - Setting next_dagrun for example_python_decorator to None, run_after=None
[2024-10-28T18:21:53.544+0000] {processor.py:208} INFO - Processing /home/airflow/.local/lib/python3.12/site-packages/airflow/example_dags/example_python_decorator.py took 0.068 seconds
[2024-10-28T18:22:24.836+0000] {processor.py:186} INFO - Started process (PID=2515) to work on /home/airflow/.local/lib/python3.12/site-packages/airflow/example_dags/example_python_decorator.py
[2024-10-28T18:22:24.837+0000] {processor.py:914} INFO - Processing file /home/airflow/.local/lib/python3.12/site-packages/airflow/example_dags/example_python_decorator.py for tasks to queue
[2024-10-28T18:22:24.839+0000] {logging_mixin.py:190} INFO - [2024-10-28T18:22:24.839+0000] {dagbag.py:588} INFO - Filling up the DagBag from /home/airflow/.local/lib/python3.12/site-packages/airflow/example_dags/example_python_decorator.py
[2024-10-28T18:22:24.849+0000] {processor.py:925} INFO - DAG(s) 'example_python_decorator' retrieved from /home/airflow/.local/lib/python3.12/site-packages/airflow/example_dags/example_python_decorator.py
[2024-10-28T18:22:24.866+0000] {logging_mixin.py:190} INFO - [2024-10-28T18:22:24.866+0000] {dag.py:3239} INFO - Sync 1 DAGs
[2024-10-28T18:22:24.879+0000] {logging_mixin.py:190} INFO - [2024-10-28T18:22:24.879+0000] {dag.py:4180} INFO - Setting next_dagrun for example_python_decorator to None, run_after=None
[2024-10-28T18:22:24.904+0000] {processor.py:208} INFO - Processing /home/airflow/.local/lib/python3.12/site-packages/airflow/example_dags/example_python_decorator.py took 0.072 seconds
[2024-10-28T18:22:55.096+0000] {processor.py:186} INFO - Started process (PID=2581) to work on /home/airflow/.local/lib/python3.12/site-packages/airflow/example_dags/example_python_decorator.py
[2024-10-28T18:22:55.097+0000] {processor.py:914} INFO - Processing file /home/airflow/.local/lib/python3.12/site-packages/airflow/example_dags/example_python_decorator.py for tasks to queue
[2024-10-28T18:22:55.100+0000] {logging_mixin.py:190} INFO - [2024-10-28T18:22:55.099+0000] {dagbag.py:588} INFO - Filling up the DagBag from /home/airflow/.local/lib/python3.12/site-packages/airflow/example_dags/example_python_decorator.py
[2024-10-28T18:22:55.110+0000] {processor.py:925} INFO - DAG(s) 'example_python_decorator' retrieved from /home/airflow/.local/lib/python3.12/site-packages/airflow/example_dags/example_python_decorator.py
[2024-10-28T18:22:55.130+0000] {logging_mixin.py:190} INFO - [2024-10-28T18:22:55.130+0000] {dag.py:3239} INFO - Sync 1 DAGs
[2024-10-28T18:22:55.140+0000] {logging_mixin.py:190} INFO - [2024-10-28T18:22:55.139+0000] {dag.py:4180} INFO - Setting next_dagrun for example_python_decorator to None, run_after=None
[2024-10-28T18:22:55.154+0000] {processor.py:208} INFO - Processing /home/airflow/.local/lib/python3.12/site-packages/airflow/example_dags/example_python_decorator.py took 0.062 seconds
[2024-10-28T18:23:25.375+0000] {processor.py:186} INFO - Started process (PID=2647) to work on /home/airflow/.local/lib/python3.12/site-packages/airflow/example_dags/example_python_decorator.py
[2024-10-28T18:23:25.376+0000] {processor.py:914} INFO - Processing file /home/airflow/.local/lib/python3.12/site-packages/airflow/example_dags/example_python_decorator.py for tasks to queue
[2024-10-28T18:23:25.379+0000] {logging_mixin.py:190} INFO - [2024-10-28T18:23:25.379+0000] {dagbag.py:588} INFO - Filling up the DagBag from /home/airflow/.local/lib/python3.12/site-packages/airflow/example_dags/example_python_decorator.py
[2024-10-28T18:23:25.392+0000] {processor.py:925} INFO - DAG(s) 'example_python_decorator' retrieved from /home/airflow/.local/lib/python3.12/site-packages/airflow/example_dags/example_python_decorator.py
[2024-10-28T18:23:25.413+0000] {logging_mixin.py:190} INFO - [2024-10-28T18:23:25.413+0000] {dag.py:3239} INFO - Sync 1 DAGs
[2024-10-28T18:23:25.426+0000] {logging_mixin.py:190} INFO - [2024-10-28T18:23:25.426+0000] {dag.py:4180} INFO - Setting next_dagrun for example_python_decorator to None, run_after=None
[2024-10-28T18:23:25.444+0000] {processor.py:208} INFO - Processing /home/airflow/.local/lib/python3.12/site-packages/airflow/example_dags/example_python_decorator.py took 0.072 seconds
[2024-10-28T18:23:55.698+0000] {processor.py:186} INFO - Started process (PID=2713) to work on /home/airflow/.local/lib/python3.12/site-packages/airflow/example_dags/example_python_decorator.py
[2024-10-28T18:23:55.698+0000] {processor.py:914} INFO - Processing file /home/airflow/.local/lib/python3.12/site-packages/airflow/example_dags/example_python_decorator.py for tasks to queue
[2024-10-28T18:23:55.701+0000] {logging_mixin.py:190} INFO - [2024-10-28T18:23:55.700+0000] {dagbag.py:588} INFO - Filling up the DagBag from /home/airflow/.local/lib/python3.12/site-packages/airflow/example_dags/example_python_decorator.py
[2024-10-28T18:23:55.711+0000] {processor.py:925} INFO - DAG(s) 'example_python_decorator' retrieved from /home/airflow/.local/lib/python3.12/site-packages/airflow/example_dags/example_python_decorator.py
[2024-10-28T18:23:55.728+0000] {logging_mixin.py:190} INFO - [2024-10-28T18:23:55.728+0000] {dag.py:3239} INFO - Sync 1 DAGs
[2024-10-28T18:23:55.738+0000] {logging_mixin.py:190} INFO - [2024-10-28T18:23:55.738+0000] {dag.py:4180} INFO - Setting next_dagrun for example_python_decorator to None, run_after=None
[2024-10-28T18:23:55.758+0000] {processor.py:208} INFO - Processing /home/airflow/.local/lib/python3.12/site-packages/airflow/example_dags/example_python_decorator.py took 0.064 seconds
[2024-10-28T18:24:26.580+0000] {processor.py:186} INFO - Started process (PID=2779) to work on /home/airflow/.local/lib/python3.12/site-packages/airflow/example_dags/example_python_decorator.py
[2024-10-28T18:24:26.581+0000] {processor.py:914} INFO - Processing file /home/airflow/.local/lib/python3.12/site-packages/airflow/example_dags/example_python_decorator.py for tasks to queue
[2024-10-28T18:24:26.583+0000] {logging_mixin.py:190} INFO - [2024-10-28T18:24:26.583+0000] {dagbag.py:588} INFO - Filling up the DagBag from /home/airflow/.local/lib/python3.12/site-packages/airflow/example_dags/example_python_decorator.py
[2024-10-28T18:24:26.592+0000] {processor.py:925} INFO - DAG(s) 'example_python_decorator' retrieved from /home/airflow/.local/lib/python3.12/site-packages/airflow/example_dags/example_python_decorator.py
[2024-10-28T18:24:26.607+0000] {logging_mixin.py:190} INFO - [2024-10-28T18:24:26.607+0000] {dag.py:3239} INFO - Sync 1 DAGs
[2024-10-28T18:24:26.615+0000] {logging_mixin.py:190} INFO - [2024-10-28T18:24:26.615+0000] {dag.py:4180} INFO - Setting next_dagrun for example_python_decorator to None, run_after=None
[2024-10-28T18:24:26.635+0000] {processor.py:208} INFO - Processing /home/airflow/.local/lib/python3.12/site-packages/airflow/example_dags/example_python_decorator.py took 0.058 seconds
[2024-10-28T18:24:57.199+0000] {processor.py:186} INFO - Started process (PID=2845) to work on /home/airflow/.local/lib/python3.12/site-packages/airflow/example_dags/example_python_decorator.py
[2024-10-28T18:24:57.200+0000] {processor.py:914} INFO - Processing file /home/airflow/.local/lib/python3.12/site-packages/airflow/example_dags/example_python_decorator.py for tasks to queue
[2024-10-28T18:24:57.204+0000] {logging_mixin.py:190} INFO - [2024-10-28T18:24:57.203+0000] {dagbag.py:588} INFO - Filling up the DagBag from /home/airflow/.local/lib/python3.12/site-packages/airflow/example_dags/example_python_decorator.py
[2024-10-28T18:24:57.219+0000] {processor.py:925} INFO - DAG(s) 'example_python_decorator' retrieved from /home/airflow/.local/lib/python3.12/site-packages/airflow/example_dags/example_python_decorator.py
[2024-10-28T18:24:57.247+0000] {logging_mixin.py:190} INFO - [2024-10-28T18:24:57.247+0000] {dag.py:3239} INFO - Sync 1 DAGs
[2024-10-28T18:24:57.261+0000] {logging_mixin.py:190} INFO - [2024-10-28T18:24:57.261+0000] {dag.py:4180} INFO - Setting next_dagrun for example_python_decorator to None, run_after=None
[2024-10-28T18:24:57.466+0000] {logging_mixin.py:190} INFO - [2024-10-28T18:24:57.466+0000] {process_utils.py:266} INFO - Waiting up to 5 seconds for processes to exit...
[2024-10-28T18:24:57.476+0000] {logging_mixin.py:190} INFO - [2024-10-28T18:24:57.475+0000] {process_utils.py:266} INFO - Waiting up to 5 seconds for processes to exit...
