[2024-10-28T18:03:59.624+0000] {processor.py:186} INFO - Started process (PID=134) to work on /home/airflow/.local/lib/python3.12/site-packages/airflow/example_dags/example_branch_python_dop_operator_3.py
[2024-10-28T18:03:59.625+0000] {processor.py:914} INFO - Processing file /home/airflow/.local/lib/python3.12/site-packages/airflow/example_dags/example_branch_python_dop_operator_3.py for tasks to queue
[2024-10-28T18:03:59.629+0000] {logging_mixin.py:190} INFO - [2024-10-28T18:03:59.629+0000] {dagbag.py:588} INFO - Filling up the DagBag from /home/airflow/.local/lib/python3.12/site-packages/airflow/example_dags/example_branch_python_dop_operator_3.py
[2024-10-28T18:03:59.643+0000] {processor.py:925} INFO - DAG(s) 'example_branch_dop_operator_v3' retrieved from /home/airflow/.local/lib/python3.12/site-packages/airflow/example_dags/example_branch_python_dop_operator_3.py
[2024-10-28T18:03:59.672+0000] {logging_mixin.py:190} INFO - [2024-10-28T18:03:59.672+0000] {dag.py:3239} INFO - Sync 1 DAGs
[2024-10-28T18:03:59.711+0000] {logging_mixin.py:190} INFO - [2024-10-28T18:03:59.711+0000] {dag.py:4180} INFO - Setting next_dagrun for example_branch_dop_operator_v3 to 2024-10-28 18:02:00+00:00, run_after=2024-10-28 18:03:00+00:00
[2024-10-28T18:03:59.742+0000] {processor.py:208} INFO - Processing /home/airflow/.local/lib/python3.12/site-packages/airflow/example_dags/example_branch_python_dop_operator_3.py took 0.124 seconds
[2024-10-28T18:04:29.963+0000] {processor.py:186} INFO - Started process (PID=200) to work on /home/airflow/.local/lib/python3.12/site-packages/airflow/example_dags/example_branch_python_dop_operator_3.py
[2024-10-28T18:04:29.964+0000] {processor.py:914} INFO - Processing file /home/airflow/.local/lib/python3.12/site-packages/airflow/example_dags/example_branch_python_dop_operator_3.py for tasks to queue
[2024-10-28T18:04:29.966+0000] {logging_mixin.py:190} INFO - [2024-10-28T18:04:29.966+0000] {dagbag.py:588} INFO - Filling up the DagBag from /home/airflow/.local/lib/python3.12/site-packages/airflow/example_dags/example_branch_python_dop_operator_3.py
[2024-10-28T18:04:29.973+0000] {processor.py:925} INFO - DAG(s) 'example_branch_dop_operator_v3' retrieved from /home/airflow/.local/lib/python3.12/site-packages/airflow/example_dags/example_branch_python_dop_operator_3.py
[2024-10-28T18:04:29.988+0000] {logging_mixin.py:190} INFO - [2024-10-28T18:04:29.988+0000] {dag.py:3239} INFO - Sync 1 DAGs
[2024-10-28T18:04:30.006+0000] {logging_mixin.py:190} INFO - [2024-10-28T18:04:30.006+0000] {dag.py:4180} INFO - Setting next_dagrun for example_branch_dop_operator_v3 to 2024-10-28 18:03:00+00:00, run_after=2024-10-28 18:04:00+00:00
[2024-10-28T18:04:30.021+0000] {processor.py:208} INFO - Processing /home/airflow/.local/lib/python3.12/site-packages/airflow/example_dags/example_branch_python_dop_operator_3.py took 0.062 seconds
[2024-10-28T18:05:01.164+0000] {processor.py:186} INFO - Started process (PID=266) to work on /home/airflow/.local/lib/python3.12/site-packages/airflow/example_dags/example_branch_python_dop_operator_3.py
[2024-10-28T18:05:01.165+0000] {processor.py:914} INFO - Processing file /home/airflow/.local/lib/python3.12/site-packages/airflow/example_dags/example_branch_python_dop_operator_3.py for tasks to queue
[2024-10-28T18:05:01.167+0000] {logging_mixin.py:190} INFO - [2024-10-28T18:05:01.166+0000] {dagbag.py:588} INFO - Filling up the DagBag from /home/airflow/.local/lib/python3.12/site-packages/airflow/example_dags/example_branch_python_dop_operator_3.py
[2024-10-28T18:05:01.177+0000] {processor.py:925} INFO - DAG(s) 'example_branch_dop_operator_v3' retrieved from /home/airflow/.local/lib/python3.12/site-packages/airflow/example_dags/example_branch_python_dop_operator_3.py
[2024-10-28T18:05:01.193+0000] {logging_mixin.py:190} INFO - [2024-10-28T18:05:01.193+0000] {dag.py:3239} INFO - Sync 1 DAGs
[2024-10-28T18:05:01.216+0000] {logging_mixin.py:190} INFO - [2024-10-28T18:05:01.215+0000] {dag.py:4180} INFO - Setting next_dagrun for example_branch_dop_operator_v3 to 2024-10-28 18:04:00+00:00, run_after=2024-10-28 18:05:00+00:00
[2024-10-28T18:05:01.240+0000] {processor.py:208} INFO - Processing /home/airflow/.local/lib/python3.12/site-packages/airflow/example_dags/example_branch_python_dop_operator_3.py took 0.082 seconds
[2024-10-28T18:05:31.612+0000] {processor.py:186} INFO - Started process (PID=332) to work on /home/airflow/.local/lib/python3.12/site-packages/airflow/example_dags/example_branch_python_dop_operator_3.py
[2024-10-28T18:05:31.613+0000] {processor.py:914} INFO - Processing file /home/airflow/.local/lib/python3.12/site-packages/airflow/example_dags/example_branch_python_dop_operator_3.py for tasks to queue
[2024-10-28T18:05:31.615+0000] {logging_mixin.py:190} INFO - [2024-10-28T18:05:31.615+0000] {dagbag.py:588} INFO - Filling up the DagBag from /home/airflow/.local/lib/python3.12/site-packages/airflow/example_dags/example_branch_python_dop_operator_3.py
[2024-10-28T18:05:31.622+0000] {processor.py:925} INFO - DAG(s) 'example_branch_dop_operator_v3' retrieved from /home/airflow/.local/lib/python3.12/site-packages/airflow/example_dags/example_branch_python_dop_operator_3.py
[2024-10-28T18:05:31.635+0000] {logging_mixin.py:190} INFO - [2024-10-28T18:05:31.635+0000] {dag.py:3239} INFO - Sync 1 DAGs
[2024-10-28T18:05:31.652+0000] {logging_mixin.py:190} INFO - [2024-10-28T18:05:31.652+0000] {dag.py:4180} INFO - Setting next_dagrun for example_branch_dop_operator_v3 to 2024-10-28 18:04:00+00:00, run_after=2024-10-28 18:05:00+00:00
[2024-10-28T18:05:31.667+0000] {processor.py:208} INFO - Processing /home/airflow/.local/lib/python3.12/site-packages/airflow/example_dags/example_branch_python_dop_operator_3.py took 0.058 seconds
[2024-10-28T18:06:02.472+0000] {processor.py:186} INFO - Started process (PID=398) to work on /home/airflow/.local/lib/python3.12/site-packages/airflow/example_dags/example_branch_python_dop_operator_3.py
[2024-10-28T18:06:02.473+0000] {processor.py:914} INFO - Processing file /home/airflow/.local/lib/python3.12/site-packages/airflow/example_dags/example_branch_python_dop_operator_3.py for tasks to queue
[2024-10-28T18:06:02.476+0000] {logging_mixin.py:190} INFO - [2024-10-28T18:06:02.475+0000] {dagbag.py:588} INFO - Filling up the DagBag from /home/airflow/.local/lib/python3.12/site-packages/airflow/example_dags/example_branch_python_dop_operator_3.py
[2024-10-28T18:06:02.484+0000] {processor.py:925} INFO - DAG(s) 'example_branch_dop_operator_v3' retrieved from /home/airflow/.local/lib/python3.12/site-packages/airflow/example_dags/example_branch_python_dop_operator_3.py
[2024-10-28T18:06:02.503+0000] {logging_mixin.py:190} INFO - [2024-10-28T18:06:02.503+0000] {dag.py:3239} INFO - Sync 1 DAGs
[2024-10-28T18:06:02.526+0000] {logging_mixin.py:190} INFO - [2024-10-28T18:06:02.526+0000] {dag.py:4180} INFO - Setting next_dagrun for example_branch_dop_operator_v3 to 2024-10-28 18:05:00+00:00, run_after=2024-10-28 18:06:00+00:00
[2024-10-28T18:06:02.544+0000] {processor.py:208} INFO - Processing /home/airflow/.local/lib/python3.12/site-packages/airflow/example_dags/example_branch_python_dop_operator_3.py took 0.076 seconds
[2024-10-28T18:06:33.173+0000] {processor.py:186} INFO - Started process (PID=464) to work on /home/airflow/.local/lib/python3.12/site-packages/airflow/example_dags/example_branch_python_dop_operator_3.py
[2024-10-28T18:06:33.175+0000] {processor.py:914} INFO - Processing file /home/airflow/.local/lib/python3.12/site-packages/airflow/example_dags/example_branch_python_dop_operator_3.py for tasks to queue
[2024-10-28T18:06:33.178+0000] {logging_mixin.py:190} INFO - [2024-10-28T18:06:33.178+0000] {dagbag.py:588} INFO - Filling up the DagBag from /home/airflow/.local/lib/python3.12/site-packages/airflow/example_dags/example_branch_python_dop_operator_3.py
[2024-10-28T18:06:33.188+0000] {processor.py:925} INFO - DAG(s) 'example_branch_dop_operator_v3' retrieved from /home/airflow/.local/lib/python3.12/site-packages/airflow/example_dags/example_branch_python_dop_operator_3.py
[2024-10-28T18:06:33.207+0000] {logging_mixin.py:190} INFO - [2024-10-28T18:06:33.207+0000] {dag.py:3239} INFO - Sync 1 DAGs
[2024-10-28T18:06:33.226+0000] {logging_mixin.py:190} INFO - [2024-10-28T18:06:33.226+0000] {dag.py:4180} INFO - Setting next_dagrun for example_branch_dop_operator_v3 to 2024-10-28 18:05:00+00:00, run_after=2024-10-28 18:06:00+00:00
[2024-10-28T18:06:33.242+0000] {processor.py:208} INFO - Processing /home/airflow/.local/lib/python3.12/site-packages/airflow/example_dags/example_branch_python_dop_operator_3.py took 0.077 seconds
[2024-10-28T18:07:03.856+0000] {processor.py:186} INFO - Started process (PID=530) to work on /home/airflow/.local/lib/python3.12/site-packages/airflow/example_dags/example_branch_python_dop_operator_3.py
[2024-10-28T18:07:03.858+0000] {processor.py:914} INFO - Processing file /home/airflow/.local/lib/python3.12/site-packages/airflow/example_dags/example_branch_python_dop_operator_3.py for tasks to queue
[2024-10-28T18:07:03.860+0000] {logging_mixin.py:190} INFO - [2024-10-28T18:07:03.860+0000] {dagbag.py:588} INFO - Filling up the DagBag from /home/airflow/.local/lib/python3.12/site-packages/airflow/example_dags/example_branch_python_dop_operator_3.py
[2024-10-28T18:07:03.867+0000] {processor.py:925} INFO - DAG(s) 'example_branch_dop_operator_v3' retrieved from /home/airflow/.local/lib/python3.12/site-packages/airflow/example_dags/example_branch_python_dop_operator_3.py
[2024-10-28T18:07:03.881+0000] {logging_mixin.py:190} INFO - [2024-10-28T18:07:03.881+0000] {dag.py:3239} INFO - Sync 1 DAGs
[2024-10-28T18:07:03.900+0000] {logging_mixin.py:190} INFO - [2024-10-28T18:07:03.899+0000] {dag.py:4180} INFO - Setting next_dagrun for example_branch_dop_operator_v3 to 2024-10-28 18:06:00+00:00, run_after=2024-10-28 18:07:00+00:00
[2024-10-28T18:07:03.914+0000] {processor.py:208} INFO - Processing /home/airflow/.local/lib/python3.12/site-packages/airflow/example_dags/example_branch_python_dop_operator_3.py took 0.062 seconds
[2024-10-28T18:07:35.227+0000] {processor.py:186} INFO - Started process (PID=596) to work on /home/airflow/.local/lib/python3.12/site-packages/airflow/example_dags/example_branch_python_dop_operator_3.py
[2024-10-28T18:07:35.228+0000] {processor.py:914} INFO - Processing file /home/airflow/.local/lib/python3.12/site-packages/airflow/example_dags/example_branch_python_dop_operator_3.py for tasks to queue
[2024-10-28T18:07:35.230+0000] {logging_mixin.py:190} INFO - [2024-10-28T18:07:35.230+0000] {dagbag.py:588} INFO - Filling up the DagBag from /home/airflow/.local/lib/python3.12/site-packages/airflow/example_dags/example_branch_python_dop_operator_3.py
[2024-10-28T18:07:35.238+0000] {processor.py:925} INFO - DAG(s) 'example_branch_dop_operator_v3' retrieved from /home/airflow/.local/lib/python3.12/site-packages/airflow/example_dags/example_branch_python_dop_operator_3.py
[2024-10-28T18:07:35.257+0000] {logging_mixin.py:190} INFO - [2024-10-28T18:07:35.257+0000] {dag.py:3239} INFO - Sync 1 DAGs
[2024-10-28T18:07:35.280+0000] {logging_mixin.py:190} INFO - [2024-10-28T18:07:35.280+0000] {dag.py:4180} INFO - Setting next_dagrun for example_branch_dop_operator_v3 to 2024-10-28 18:06:00+00:00, run_after=2024-10-28 18:07:00+00:00
[2024-10-28T18:07:35.294+0000] {processor.py:208} INFO - Processing /home/airflow/.local/lib/python3.12/site-packages/airflow/example_dags/example_branch_python_dop_operator_3.py took 0.072 seconds
[2024-10-28T18:08:05.463+0000] {processor.py:186} INFO - Started process (PID=663) to work on /home/airflow/.local/lib/python3.12/site-packages/airflow/example_dags/example_branch_python_dop_operator_3.py
[2024-10-28T18:08:05.465+0000] {processor.py:914} INFO - Processing file /home/airflow/.local/lib/python3.12/site-packages/airflow/example_dags/example_branch_python_dop_operator_3.py for tasks to queue
[2024-10-28T18:08:05.467+0000] {logging_mixin.py:190} INFO - [2024-10-28T18:08:05.467+0000] {dagbag.py:588} INFO - Filling up the DagBag from /home/airflow/.local/lib/python3.12/site-packages/airflow/example_dags/example_branch_python_dop_operator_3.py
[2024-10-28T18:08:05.474+0000] {processor.py:925} INFO - DAG(s) 'example_branch_dop_operator_v3' retrieved from /home/airflow/.local/lib/python3.12/site-packages/airflow/example_dags/example_branch_python_dop_operator_3.py
[2024-10-28T18:08:05.490+0000] {logging_mixin.py:190} INFO - [2024-10-28T18:08:05.490+0000] {dag.py:3239} INFO - Sync 1 DAGs
[2024-10-28T18:08:05.509+0000] {logging_mixin.py:190} INFO - [2024-10-28T18:08:05.508+0000] {dag.py:4180} INFO - Setting next_dagrun for example_branch_dop_operator_v3 to 2024-10-28 18:07:00+00:00, run_after=2024-10-28 18:08:00+00:00
[2024-10-28T18:08:05.521+0000] {processor.py:208} INFO - Processing /home/airflow/.local/lib/python3.12/site-packages/airflow/example_dags/example_branch_python_dop_operator_3.py took 0.062 seconds
[2024-10-28T18:08:35.715+0000] {processor.py:186} INFO - Started process (PID=729) to work on /home/airflow/.local/lib/python3.12/site-packages/airflow/example_dags/example_branch_python_dop_operator_3.py
[2024-10-28T18:08:35.716+0000] {processor.py:914} INFO - Processing file /home/airflow/.local/lib/python3.12/site-packages/airflow/example_dags/example_branch_python_dop_operator_3.py for tasks to queue
[2024-10-28T18:08:35.718+0000] {logging_mixin.py:190} INFO - [2024-10-28T18:08:35.718+0000] {dagbag.py:588} INFO - Filling up the DagBag from /home/airflow/.local/lib/python3.12/site-packages/airflow/example_dags/example_branch_python_dop_operator_3.py
[2024-10-28T18:08:35.728+0000] {processor.py:925} INFO - DAG(s) 'example_branch_dop_operator_v3' retrieved from /home/airflow/.local/lib/python3.12/site-packages/airflow/example_dags/example_branch_python_dop_operator_3.py
[2024-10-28T18:08:35.748+0000] {logging_mixin.py:190} INFO - [2024-10-28T18:08:35.748+0000] {dag.py:3239} INFO - Sync 1 DAGs
[2024-10-28T18:08:35.774+0000] {logging_mixin.py:190} INFO - [2024-10-28T18:08:35.774+0000] {dag.py:4180} INFO - Setting next_dagrun for example_branch_dop_operator_v3 to 2024-10-28 18:07:00+00:00, run_after=2024-10-28 18:08:00+00:00
[2024-10-28T18:08:35.801+0000] {processor.py:208} INFO - Processing /home/airflow/.local/lib/python3.12/site-packages/airflow/example_dags/example_branch_python_dop_operator_3.py took 0.092 seconds
[2024-10-28T18:09:06.079+0000] {processor.py:186} INFO - Started process (PID=793) to work on /home/airflow/.local/lib/python3.12/site-packages/airflow/example_dags/example_branch_python_dop_operator_3.py
[2024-10-28T18:09:06.080+0000] {processor.py:914} INFO - Processing file /home/airflow/.local/lib/python3.12/site-packages/airflow/example_dags/example_branch_python_dop_operator_3.py for tasks to queue
[2024-10-28T18:09:06.083+0000] {logging_mixin.py:190} INFO - [2024-10-28T18:09:06.083+0000] {dagbag.py:588} INFO - Filling up the DagBag from /home/airflow/.local/lib/python3.12/site-packages/airflow/example_dags/example_branch_python_dop_operator_3.py
[2024-10-28T18:09:06.090+0000] {processor.py:925} INFO - DAG(s) 'example_branch_dop_operator_v3' retrieved from /home/airflow/.local/lib/python3.12/site-packages/airflow/example_dags/example_branch_python_dop_operator_3.py
[2024-10-28T18:09:06.107+0000] {logging_mixin.py:190} INFO - [2024-10-28T18:09:06.107+0000] {dag.py:3239} INFO - Sync 1 DAGs
[2024-10-28T18:09:06.170+0000] {logging_mixin.py:190} INFO - [2024-10-28T18:09:06.170+0000] {dag.py:4180} INFO - Setting next_dagrun for example_branch_dop_operator_v3 to 2024-10-28 18:08:00+00:00, run_after=2024-10-28 18:09:00+00:00
[2024-10-28T18:09:06.186+0000] {processor.py:208} INFO - Processing /home/airflow/.local/lib/python3.12/site-packages/airflow/example_dags/example_branch_python_dop_operator_3.py took 0.112 seconds
[2024-10-28T18:09:36.443+0000] {processor.py:186} INFO - Started process (PID=860) to work on /home/airflow/.local/lib/python3.12/site-packages/airflow/example_dags/example_branch_python_dop_operator_3.py
[2024-10-28T18:09:36.444+0000] {processor.py:914} INFO - Processing file /home/airflow/.local/lib/python3.12/site-packages/airflow/example_dags/example_branch_python_dop_operator_3.py for tasks to queue
[2024-10-28T18:09:36.446+0000] {logging_mixin.py:190} INFO - [2024-10-28T18:09:36.446+0000] {dagbag.py:588} INFO - Filling up the DagBag from /home/airflow/.local/lib/python3.12/site-packages/airflow/example_dags/example_branch_python_dop_operator_3.py
[2024-10-28T18:09:36.455+0000] {processor.py:925} INFO - DAG(s) 'example_branch_dop_operator_v3' retrieved from /home/airflow/.local/lib/python3.12/site-packages/airflow/example_dags/example_branch_python_dop_operator_3.py
[2024-10-28T18:09:36.469+0000] {logging_mixin.py:190} INFO - [2024-10-28T18:09:36.469+0000] {dag.py:3239} INFO - Sync 1 DAGs
[2024-10-28T18:09:36.486+0000] {logging_mixin.py:190} INFO - [2024-10-28T18:09:36.486+0000] {dag.py:4180} INFO - Setting next_dagrun for example_branch_dop_operator_v3 to 2024-10-28 18:08:00+00:00, run_after=2024-10-28 18:09:00+00:00
[2024-10-28T18:09:36.506+0000] {processor.py:208} INFO - Processing /home/airflow/.local/lib/python3.12/site-packages/airflow/example_dags/example_branch_python_dop_operator_3.py took 0.067 seconds
[2024-10-28T18:10:06.661+0000] {processor.py:186} INFO - Started process (PID=925) to work on /home/airflow/.local/lib/python3.12/site-packages/airflow/example_dags/example_branch_python_dop_operator_3.py
[2024-10-28T18:10:06.662+0000] {processor.py:914} INFO - Processing file /home/airflow/.local/lib/python3.12/site-packages/airflow/example_dags/example_branch_python_dop_operator_3.py for tasks to queue
[2024-10-28T18:10:06.664+0000] {logging_mixin.py:190} INFO - [2024-10-28T18:10:06.664+0000] {dagbag.py:588} INFO - Filling up the DagBag from /home/airflow/.local/lib/python3.12/site-packages/airflow/example_dags/example_branch_python_dop_operator_3.py
[2024-10-28T18:10:06.672+0000] {processor.py:925} INFO - DAG(s) 'example_branch_dop_operator_v3' retrieved from /home/airflow/.local/lib/python3.12/site-packages/airflow/example_dags/example_branch_python_dop_operator_3.py
[2024-10-28T18:10:06.687+0000] {logging_mixin.py:190} INFO - [2024-10-28T18:10:06.687+0000] {dag.py:3239} INFO - Sync 1 DAGs
[2024-10-28T18:10:06.706+0000] {logging_mixin.py:190} INFO - [2024-10-28T18:10:06.705+0000] {dag.py:4180} INFO - Setting next_dagrun for example_branch_dop_operator_v3 to 2024-10-28 18:09:00+00:00, run_after=2024-10-28 18:10:00+00:00
[2024-10-28T18:10:06.718+0000] {processor.py:208} INFO - Processing /home/airflow/.local/lib/python3.12/site-packages/airflow/example_dags/example_branch_python_dop_operator_3.py took 0.063 seconds
[2024-10-28T18:10:36.896+0000] {processor.py:186} INFO - Started process (PID=991) to work on /home/airflow/.local/lib/python3.12/site-packages/airflow/example_dags/example_branch_python_dop_operator_3.py
[2024-10-28T18:10:36.897+0000] {processor.py:914} INFO - Processing file /home/airflow/.local/lib/python3.12/site-packages/airflow/example_dags/example_branch_python_dop_operator_3.py for tasks to queue
[2024-10-28T18:10:36.899+0000] {logging_mixin.py:190} INFO - [2024-10-28T18:10:36.899+0000] {dagbag.py:588} INFO - Filling up the DagBag from /home/airflow/.local/lib/python3.12/site-packages/airflow/example_dags/example_branch_python_dop_operator_3.py
[2024-10-28T18:10:36.905+0000] {processor.py:925} INFO - DAG(s) 'example_branch_dop_operator_v3' retrieved from /home/airflow/.local/lib/python3.12/site-packages/airflow/example_dags/example_branch_python_dop_operator_3.py
[2024-10-28T18:10:36.919+0000] {logging_mixin.py:190} INFO - [2024-10-28T18:10:36.919+0000] {dag.py:3239} INFO - Sync 1 DAGs
[2024-10-28T18:10:36.939+0000] {logging_mixin.py:190} INFO - [2024-10-28T18:10:36.939+0000] {dag.py:4180} INFO - Setting next_dagrun for example_branch_dop_operator_v3 to 2024-10-28 18:09:00+00:00, run_after=2024-10-28 18:10:00+00:00
[2024-10-28T18:10:36.956+0000] {processor.py:208} INFO - Processing /home/airflow/.local/lib/python3.12/site-packages/airflow/example_dags/example_branch_python_dop_operator_3.py took 0.066 seconds
[2024-10-28T18:11:07.301+0000] {processor.py:186} INFO - Started process (PID=1057) to work on /home/airflow/.local/lib/python3.12/site-packages/airflow/example_dags/example_branch_python_dop_operator_3.py
[2024-10-28T18:11:07.302+0000] {processor.py:914} INFO - Processing file /home/airflow/.local/lib/python3.12/site-packages/airflow/example_dags/example_branch_python_dop_operator_3.py for tasks to queue
[2024-10-28T18:11:07.305+0000] {logging_mixin.py:190} INFO - [2024-10-28T18:11:07.305+0000] {dagbag.py:588} INFO - Filling up the DagBag from /home/airflow/.local/lib/python3.12/site-packages/airflow/example_dags/example_branch_python_dop_operator_3.py
[2024-10-28T18:11:07.312+0000] {processor.py:925} INFO - DAG(s) 'example_branch_dop_operator_v3' retrieved from /home/airflow/.local/lib/python3.12/site-packages/airflow/example_dags/example_branch_python_dop_operator_3.py
[2024-10-28T18:11:07.331+0000] {logging_mixin.py:190} INFO - [2024-10-28T18:11:07.331+0000] {dag.py:3239} INFO - Sync 1 DAGs
[2024-10-28T18:11:07.350+0000] {logging_mixin.py:190} INFO - [2024-10-28T18:11:07.350+0000] {dag.py:4180} INFO - Setting next_dagrun for example_branch_dop_operator_v3 to 2024-10-28 18:10:00+00:00, run_after=2024-10-28 18:11:00+00:00
[2024-10-28T18:11:07.367+0000] {processor.py:208} INFO - Processing /home/airflow/.local/lib/python3.12/site-packages/airflow/example_dags/example_branch_python_dop_operator_3.py took 0.070 seconds
[2024-10-28T18:11:38.123+0000] {processor.py:186} INFO - Started process (PID=1123) to work on /home/airflow/.local/lib/python3.12/site-packages/airflow/example_dags/example_branch_python_dop_operator_3.py
[2024-10-28T18:11:38.124+0000] {processor.py:914} INFO - Processing file /home/airflow/.local/lib/python3.12/site-packages/airflow/example_dags/example_branch_python_dop_operator_3.py for tasks to queue
[2024-10-28T18:11:38.126+0000] {logging_mixin.py:190} INFO - [2024-10-28T18:11:38.126+0000] {dagbag.py:588} INFO - Filling up the DagBag from /home/airflow/.local/lib/python3.12/site-packages/airflow/example_dags/example_branch_python_dop_operator_3.py
[2024-10-28T18:11:38.132+0000] {processor.py:925} INFO - DAG(s) 'example_branch_dop_operator_v3' retrieved from /home/airflow/.local/lib/python3.12/site-packages/airflow/example_dags/example_branch_python_dop_operator_3.py
[2024-10-28T18:11:38.149+0000] {logging_mixin.py:190} INFO - [2024-10-28T18:11:38.148+0000] {dag.py:3239} INFO - Sync 1 DAGs
[2024-10-28T18:11:38.168+0000] {logging_mixin.py:190} INFO - [2024-10-28T18:11:38.168+0000] {dag.py:4180} INFO - Setting next_dagrun for example_branch_dop_operator_v3 to 2024-10-28 18:10:00+00:00, run_after=2024-10-28 18:11:00+00:00
[2024-10-28T18:11:38.186+0000] {processor.py:208} INFO - Processing /home/airflow/.local/lib/python3.12/site-packages/airflow/example_dags/example_branch_python_dop_operator_3.py took 0.068 seconds
[2024-10-28T18:12:08.398+0000] {processor.py:186} INFO - Started process (PID=1189) to work on /home/airflow/.local/lib/python3.12/site-packages/airflow/example_dags/example_branch_python_dop_operator_3.py
[2024-10-28T18:12:08.407+0000] {processor.py:914} INFO - Processing file /home/airflow/.local/lib/python3.12/site-packages/airflow/example_dags/example_branch_python_dop_operator_3.py for tasks to queue
[2024-10-28T18:12:08.414+0000] {logging_mixin.py:190} INFO - [2024-10-28T18:12:08.413+0000] {dagbag.py:588} INFO - Filling up the DagBag from /home/airflow/.local/lib/python3.12/site-packages/airflow/example_dags/example_branch_python_dop_operator_3.py
[2024-10-28T18:12:08.420+0000] {processor.py:925} INFO - DAG(s) 'example_branch_dop_operator_v3' retrieved from /home/airflow/.local/lib/python3.12/site-packages/airflow/example_dags/example_branch_python_dop_operator_3.py
[2024-10-28T18:12:08.435+0000] {logging_mixin.py:190} INFO - [2024-10-28T18:12:08.434+0000] {dag.py:3239} INFO - Sync 1 DAGs
[2024-10-28T18:12:08.459+0000] {logging_mixin.py:190} INFO - [2024-10-28T18:12:08.459+0000] {dag.py:4180} INFO - Setting next_dagrun for example_branch_dop_operator_v3 to 2024-10-28 18:11:00+00:00, run_after=2024-10-28 18:12:00+00:00
[2024-10-28T18:12:08.482+0000] {processor.py:208} INFO - Processing /home/airflow/.local/lib/python3.12/site-packages/airflow/example_dags/example_branch_python_dop_operator_3.py took 0.088 seconds
[2024-10-28T18:12:38.586+0000] {processor.py:186} INFO - Started process (PID=1257) to work on /home/airflow/.local/lib/python3.12/site-packages/airflow/example_dags/example_branch_python_dop_operator_3.py
[2024-10-28T18:12:38.587+0000] {processor.py:914} INFO - Processing file /home/airflow/.local/lib/python3.12/site-packages/airflow/example_dags/example_branch_python_dop_operator_3.py for tasks to queue
[2024-10-28T18:12:38.589+0000] {logging_mixin.py:190} INFO - [2024-10-28T18:12:38.589+0000] {dagbag.py:588} INFO - Filling up the DagBag from /home/airflow/.local/lib/python3.12/site-packages/airflow/example_dags/example_branch_python_dop_operator_3.py
[2024-10-28T18:12:38.595+0000] {processor.py:925} INFO - DAG(s) 'example_branch_dop_operator_v3' retrieved from /home/airflow/.local/lib/python3.12/site-packages/airflow/example_dags/example_branch_python_dop_operator_3.py
[2024-10-28T18:12:38.607+0000] {logging_mixin.py:190} INFO - [2024-10-28T18:12:38.607+0000] {dag.py:3239} INFO - Sync 1 DAGs
[2024-10-28T18:12:38.623+0000] {logging_mixin.py:190} INFO - [2024-10-28T18:12:38.623+0000] {dag.py:4180} INFO - Setting next_dagrun for example_branch_dop_operator_v3 to 2024-10-28 18:11:00+00:00, run_after=2024-10-28 18:12:00+00:00
[2024-10-28T18:12:38.636+0000] {processor.py:208} INFO - Processing /home/airflow/.local/lib/python3.12/site-packages/airflow/example_dags/example_branch_python_dop_operator_3.py took 0.053 seconds
[2024-10-28T18:13:09.432+0000] {processor.py:186} INFO - Started process (PID=1322) to work on /home/airflow/.local/lib/python3.12/site-packages/airflow/example_dags/example_branch_python_dop_operator_3.py
[2024-10-28T18:13:09.432+0000] {processor.py:914} INFO - Processing file /home/airflow/.local/lib/python3.12/site-packages/airflow/example_dags/example_branch_python_dop_operator_3.py for tasks to queue
[2024-10-28T18:13:09.434+0000] {logging_mixin.py:190} INFO - [2024-10-28T18:13:09.434+0000] {dagbag.py:588} INFO - Filling up the DagBag from /home/airflow/.local/lib/python3.12/site-packages/airflow/example_dags/example_branch_python_dop_operator_3.py
[2024-10-28T18:13:09.440+0000] {processor.py:925} INFO - DAG(s) 'example_branch_dop_operator_v3' retrieved from /home/airflow/.local/lib/python3.12/site-packages/airflow/example_dags/example_branch_python_dop_operator_3.py
[2024-10-28T18:13:09.453+0000] {logging_mixin.py:190} INFO - [2024-10-28T18:13:09.452+0000] {dag.py:3239} INFO - Sync 1 DAGs
[2024-10-28T18:13:09.469+0000] {logging_mixin.py:190} INFO - [2024-10-28T18:13:09.468+0000] {dag.py:4180} INFO - Setting next_dagrun for example_branch_dop_operator_v3 to 2024-10-28 18:12:00+00:00, run_after=2024-10-28 18:13:00+00:00
[2024-10-28T18:13:09.488+0000] {processor.py:208} INFO - Processing /home/airflow/.local/lib/python3.12/site-packages/airflow/example_dags/example_branch_python_dop_operator_3.py took 0.060 seconds
[2024-10-28T18:13:40.558+0000] {processor.py:186} INFO - Started process (PID=1388) to work on /home/airflow/.local/lib/python3.12/site-packages/airflow/example_dags/example_branch_python_dop_operator_3.py
[2024-10-28T18:13:40.559+0000] {processor.py:914} INFO - Processing file /home/airflow/.local/lib/python3.12/site-packages/airflow/example_dags/example_branch_python_dop_operator_3.py for tasks to queue
[2024-10-28T18:13:40.561+0000] {logging_mixin.py:190} INFO - [2024-10-28T18:13:40.560+0000] {dagbag.py:588} INFO - Filling up the DagBag from /home/airflow/.local/lib/python3.12/site-packages/airflow/example_dags/example_branch_python_dop_operator_3.py
[2024-10-28T18:13:40.567+0000] {processor.py:925} INFO - DAG(s) 'example_branch_dop_operator_v3' retrieved from /home/airflow/.local/lib/python3.12/site-packages/airflow/example_dags/example_branch_python_dop_operator_3.py
[2024-10-28T18:13:40.579+0000] {logging_mixin.py:190} INFO - [2024-10-28T18:13:40.578+0000] {dag.py:3239} INFO - Sync 1 DAGs
[2024-10-28T18:13:40.596+0000] {logging_mixin.py:190} INFO - [2024-10-28T18:13:40.596+0000] {dag.py:4180} INFO - Setting next_dagrun for example_branch_dop_operator_v3 to 2024-10-28 18:12:00+00:00, run_after=2024-10-28 18:13:00+00:00
[2024-10-28T18:13:40.610+0000] {processor.py:208} INFO - Processing /home/airflow/.local/lib/python3.12/site-packages/airflow/example_dags/example_branch_python_dop_operator_3.py took 0.055 seconds
[2024-10-28T18:14:11.388+0000] {processor.py:186} INFO - Started process (PID=1454) to work on /home/airflow/.local/lib/python3.12/site-packages/airflow/example_dags/example_branch_python_dop_operator_3.py
[2024-10-28T18:14:11.389+0000] {processor.py:914} INFO - Processing file /home/airflow/.local/lib/python3.12/site-packages/airflow/example_dags/example_branch_python_dop_operator_3.py for tasks to queue
[2024-10-28T18:14:11.390+0000] {logging_mixin.py:190} INFO - [2024-10-28T18:14:11.390+0000] {dagbag.py:588} INFO - Filling up the DagBag from /home/airflow/.local/lib/python3.12/site-packages/airflow/example_dags/example_branch_python_dop_operator_3.py
[2024-10-28T18:14:11.397+0000] {processor.py:925} INFO - DAG(s) 'example_branch_dop_operator_v3' retrieved from /home/airflow/.local/lib/python3.12/site-packages/airflow/example_dags/example_branch_python_dop_operator_3.py
[2024-10-28T18:14:11.412+0000] {logging_mixin.py:190} INFO - [2024-10-28T18:14:11.412+0000] {dag.py:3239} INFO - Sync 1 DAGs
[2024-10-28T18:14:11.432+0000] {logging_mixin.py:190} INFO - [2024-10-28T18:14:11.432+0000] {dag.py:4180} INFO - Setting next_dagrun for example_branch_dop_operator_v3 to 2024-10-28 18:13:00+00:00, run_after=2024-10-28 18:14:00+00:00
[2024-10-28T18:14:11.448+0000] {processor.py:208} INFO - Processing /home/airflow/.local/lib/python3.12/site-packages/airflow/example_dags/example_branch_python_dop_operator_3.py took 0.064 seconds
[2024-10-28T18:14:42.097+0000] {processor.py:186} INFO - Started process (PID=1520) to work on /home/airflow/.local/lib/python3.12/site-packages/airflow/example_dags/example_branch_python_dop_operator_3.py
[2024-10-28T18:14:42.098+0000] {processor.py:914} INFO - Processing file /home/airflow/.local/lib/python3.12/site-packages/airflow/example_dags/example_branch_python_dop_operator_3.py for tasks to queue
[2024-10-28T18:14:42.100+0000] {logging_mixin.py:190} INFO - [2024-10-28T18:14:42.100+0000] {dagbag.py:588} INFO - Filling up the DagBag from /home/airflow/.local/lib/python3.12/site-packages/airflow/example_dags/example_branch_python_dop_operator_3.py
[2024-10-28T18:14:42.107+0000] {processor.py:925} INFO - DAG(s) 'example_branch_dop_operator_v3' retrieved from /home/airflow/.local/lib/python3.12/site-packages/airflow/example_dags/example_branch_python_dop_operator_3.py
[2024-10-28T18:14:42.122+0000] {logging_mixin.py:190} INFO - [2024-10-28T18:14:42.122+0000] {dag.py:3239} INFO - Sync 1 DAGs
[2024-10-28T18:14:42.138+0000] {logging_mixin.py:190} INFO - [2024-10-28T18:14:42.138+0000] {dag.py:4180} INFO - Setting next_dagrun for example_branch_dop_operator_v3 to 2024-10-28 18:13:00+00:00, run_after=2024-10-28 18:14:00+00:00
[2024-10-28T18:14:42.151+0000] {processor.py:208} INFO - Processing /home/airflow/.local/lib/python3.12/site-packages/airflow/example_dags/example_branch_python_dop_operator_3.py took 0.060 seconds
[2024-10-28T18:15:12.742+0000] {processor.py:186} INFO - Started process (PID=1586) to work on /home/airflow/.local/lib/python3.12/site-packages/airflow/example_dags/example_branch_python_dop_operator_3.py
[2024-10-28T18:15:12.743+0000] {processor.py:914} INFO - Processing file /home/airflow/.local/lib/python3.12/site-packages/airflow/example_dags/example_branch_python_dop_operator_3.py for tasks to queue
[2024-10-28T18:15:12.746+0000] {logging_mixin.py:190} INFO - [2024-10-28T18:15:12.745+0000] {dagbag.py:588} INFO - Filling up the DagBag from /home/airflow/.local/lib/python3.12/site-packages/airflow/example_dags/example_branch_python_dop_operator_3.py
[2024-10-28T18:15:12.755+0000] {processor.py:925} INFO - DAG(s) 'example_branch_dop_operator_v3' retrieved from /home/airflow/.local/lib/python3.12/site-packages/airflow/example_dags/example_branch_python_dop_operator_3.py
[2024-10-28T18:15:12.772+0000] {logging_mixin.py:190} INFO - [2024-10-28T18:15:12.772+0000] {dag.py:3239} INFO - Sync 1 DAGs
[2024-10-28T18:15:12.790+0000] {logging_mixin.py:190} INFO - [2024-10-28T18:15:12.790+0000] {dag.py:4180} INFO - Setting next_dagrun for example_branch_dop_operator_v3 to 2024-10-28 18:14:00+00:00, run_after=2024-10-28 18:15:00+00:00
[2024-10-28T18:15:12.806+0000] {processor.py:208} INFO - Processing /home/airflow/.local/lib/python3.12/site-packages/airflow/example_dags/example_branch_python_dop_operator_3.py took 0.067 seconds
[2024-10-28T18:15:43.473+0000] {processor.py:186} INFO - Started process (PID=1652) to work on /home/airflow/.local/lib/python3.12/site-packages/airflow/example_dags/example_branch_python_dop_operator_3.py
[2024-10-28T18:15:43.474+0000] {processor.py:914} INFO - Processing file /home/airflow/.local/lib/python3.12/site-packages/airflow/example_dags/example_branch_python_dop_operator_3.py for tasks to queue
[2024-10-28T18:15:43.476+0000] {logging_mixin.py:190} INFO - [2024-10-28T18:15:43.476+0000] {dagbag.py:588} INFO - Filling up the DagBag from /home/airflow/.local/lib/python3.12/site-packages/airflow/example_dags/example_branch_python_dop_operator_3.py
[2024-10-28T18:15:43.486+0000] {processor.py:925} INFO - DAG(s) 'example_branch_dop_operator_v3' retrieved from /home/airflow/.local/lib/python3.12/site-packages/airflow/example_dags/example_branch_python_dop_operator_3.py
[2024-10-28T18:15:43.505+0000] {logging_mixin.py:190} INFO - [2024-10-28T18:15:43.505+0000] {dag.py:3239} INFO - Sync 1 DAGs
[2024-10-28T18:15:43.527+0000] {logging_mixin.py:190} INFO - [2024-10-28T18:15:43.527+0000] {dag.py:4180} INFO - Setting next_dagrun for example_branch_dop_operator_v3 to 2024-10-28 18:14:00+00:00, run_after=2024-10-28 18:15:00+00:00
[2024-10-28T18:15:43.543+0000] {processor.py:208} INFO - Processing /home/airflow/.local/lib/python3.12/site-packages/airflow/example_dags/example_branch_python_dop_operator_3.py took 0.075 seconds
[2024-10-28T18:16:14.281+0000] {processor.py:186} INFO - Started process (PID=1718) to work on /home/airflow/.local/lib/python3.12/site-packages/airflow/example_dags/example_branch_python_dop_operator_3.py
[2024-10-28T18:16:14.282+0000] {processor.py:914} INFO - Processing file /home/airflow/.local/lib/python3.12/site-packages/airflow/example_dags/example_branch_python_dop_operator_3.py for tasks to queue
[2024-10-28T18:16:14.284+0000] {logging_mixin.py:190} INFO - [2024-10-28T18:16:14.284+0000] {dagbag.py:588} INFO - Filling up the DagBag from /home/airflow/.local/lib/python3.12/site-packages/airflow/example_dags/example_branch_python_dop_operator_3.py
[2024-10-28T18:16:14.291+0000] {processor.py:925} INFO - DAG(s) 'example_branch_dop_operator_v3' retrieved from /home/airflow/.local/lib/python3.12/site-packages/airflow/example_dags/example_branch_python_dop_operator_3.py
[2024-10-28T18:16:14.306+0000] {logging_mixin.py:190} INFO - [2024-10-28T18:16:14.305+0000] {dag.py:3239} INFO - Sync 1 DAGs
[2024-10-28T18:16:14.328+0000] {logging_mixin.py:190} INFO - [2024-10-28T18:16:14.327+0000] {dag.py:4180} INFO - Setting next_dagrun for example_branch_dop_operator_v3 to 2024-10-28 18:15:00+00:00, run_after=2024-10-28 18:16:00+00:00
[2024-10-28T18:16:14.339+0000] {processor.py:208} INFO - Processing /home/airflow/.local/lib/python3.12/site-packages/airflow/example_dags/example_branch_python_dop_operator_3.py took 0.062 seconds
[2024-10-28T18:16:44.923+0000] {processor.py:186} INFO - Started process (PID=1784) to work on /home/airflow/.local/lib/python3.12/site-packages/airflow/example_dags/example_branch_python_dop_operator_3.py
[2024-10-28T18:16:44.924+0000] {processor.py:914} INFO - Processing file /home/airflow/.local/lib/python3.12/site-packages/airflow/example_dags/example_branch_python_dop_operator_3.py for tasks to queue
[2024-10-28T18:16:44.926+0000] {logging_mixin.py:190} INFO - [2024-10-28T18:16:44.925+0000] {dagbag.py:588} INFO - Filling up the DagBag from /home/airflow/.local/lib/python3.12/site-packages/airflow/example_dags/example_branch_python_dop_operator_3.py
[2024-10-28T18:16:44.932+0000] {processor.py:925} INFO - DAG(s) 'example_branch_dop_operator_v3' retrieved from /home/airflow/.local/lib/python3.12/site-packages/airflow/example_dags/example_branch_python_dop_operator_3.py
[2024-10-28T18:16:44.947+0000] {logging_mixin.py:190} INFO - [2024-10-28T18:16:44.947+0000] {dag.py:3239} INFO - Sync 1 DAGs
[2024-10-28T18:16:44.965+0000] {logging_mixin.py:190} INFO - [2024-10-28T18:16:44.964+0000] {dag.py:4180} INFO - Setting next_dagrun for example_branch_dop_operator_v3 to 2024-10-28 18:15:00+00:00, run_after=2024-10-28 18:16:00+00:00
[2024-10-28T18:16:44.977+0000] {processor.py:208} INFO - Processing /home/airflow/.local/lib/python3.12/site-packages/airflow/example_dags/example_branch_python_dop_operator_3.py took 0.057 seconds
[2024-10-28T18:17:16.145+0000] {processor.py:186} INFO - Started process (PID=1850) to work on /home/airflow/.local/lib/python3.12/site-packages/airflow/example_dags/example_branch_python_dop_operator_3.py
[2024-10-28T18:17:16.145+0000] {processor.py:914} INFO - Processing file /home/airflow/.local/lib/python3.12/site-packages/airflow/example_dags/example_branch_python_dop_operator_3.py for tasks to queue
[2024-10-28T18:17:16.147+0000] {logging_mixin.py:190} INFO - [2024-10-28T18:17:16.147+0000] {dagbag.py:588} INFO - Filling up the DagBag from /home/airflow/.local/lib/python3.12/site-packages/airflow/example_dags/example_branch_python_dop_operator_3.py
[2024-10-28T18:17:16.154+0000] {processor.py:925} INFO - DAG(s) 'example_branch_dop_operator_v3' retrieved from /home/airflow/.local/lib/python3.12/site-packages/airflow/example_dags/example_branch_python_dop_operator_3.py
[2024-10-28T18:17:16.168+0000] {logging_mixin.py:190} INFO - [2024-10-28T18:17:16.168+0000] {dag.py:3239} INFO - Sync 1 DAGs
[2024-10-28T18:17:16.184+0000] {logging_mixin.py:190} INFO - [2024-10-28T18:17:16.184+0000] {dag.py:4180} INFO - Setting next_dagrun for example_branch_dop_operator_v3 to 2024-10-28 18:16:00+00:00, run_after=2024-10-28 18:17:00+00:00
[2024-10-28T18:17:16.199+0000] {processor.py:208} INFO - Processing /home/airflow/.local/lib/python3.12/site-packages/airflow/example_dags/example_branch_python_dop_operator_3.py took 0.058 seconds
[2024-10-28T18:17:47.292+0000] {processor.py:186} INFO - Started process (PID=1915) to work on /home/airflow/.local/lib/python3.12/site-packages/airflow/example_dags/example_branch_python_dop_operator_3.py
[2024-10-28T18:17:47.293+0000] {processor.py:914} INFO - Processing file /home/airflow/.local/lib/python3.12/site-packages/airflow/example_dags/example_branch_python_dop_operator_3.py for tasks to queue
[2024-10-28T18:17:47.296+0000] {logging_mixin.py:190} INFO - [2024-10-28T18:17:47.296+0000] {dagbag.py:588} INFO - Filling up the DagBag from /home/airflow/.local/lib/python3.12/site-packages/airflow/example_dags/example_branch_python_dop_operator_3.py
[2024-10-28T18:17:47.306+0000] {processor.py:925} INFO - DAG(s) 'example_branch_dop_operator_v3' retrieved from /home/airflow/.local/lib/python3.12/site-packages/airflow/example_dags/example_branch_python_dop_operator_3.py
[2024-10-28T18:17:47.325+0000] {logging_mixin.py:190} INFO - [2024-10-28T18:17:47.325+0000] {dag.py:3239} INFO - Sync 1 DAGs
[2024-10-28T18:17:47.349+0000] {logging_mixin.py:190} INFO - [2024-10-28T18:17:47.349+0000] {dag.py:4180} INFO - Setting next_dagrun for example_branch_dop_operator_v3 to 2024-10-28 18:16:00+00:00, run_after=2024-10-28 18:17:00+00:00
[2024-10-28T18:17:47.377+0000] {processor.py:208} INFO - Processing /home/airflow/.local/lib/python3.12/site-packages/airflow/example_dags/example_branch_python_dop_operator_3.py took 0.091 seconds
[2024-10-28T18:18:18.397+0000] {processor.py:186} INFO - Started process (PID=1981) to work on /home/airflow/.local/lib/python3.12/site-packages/airflow/example_dags/example_branch_python_dop_operator_3.py
[2024-10-28T18:18:18.398+0000] {processor.py:914} INFO - Processing file /home/airflow/.local/lib/python3.12/site-packages/airflow/example_dags/example_branch_python_dop_operator_3.py for tasks to queue
[2024-10-28T18:18:18.402+0000] {logging_mixin.py:190} INFO - [2024-10-28T18:18:18.402+0000] {dagbag.py:588} INFO - Filling up the DagBag from /home/airflow/.local/lib/python3.12/site-packages/airflow/example_dags/example_branch_python_dop_operator_3.py
[2024-10-28T18:18:18.412+0000] {processor.py:925} INFO - DAG(s) 'example_branch_dop_operator_v3' retrieved from /home/airflow/.local/lib/python3.12/site-packages/airflow/example_dags/example_branch_python_dop_operator_3.py
[2024-10-28T18:18:18.437+0000] {logging_mixin.py:190} INFO - [2024-10-28T18:18:18.436+0000] {dag.py:3239} INFO - Sync 1 DAGs
[2024-10-28T18:18:18.465+0000] {logging_mixin.py:190} INFO - [2024-10-28T18:18:18.465+0000] {dag.py:4180} INFO - Setting next_dagrun for example_branch_dop_operator_v3 to 2024-10-28 18:17:00+00:00, run_after=2024-10-28 18:18:00+00:00
[2024-10-28T18:18:18.484+0000] {processor.py:208} INFO - Processing /home/airflow/.local/lib/python3.12/site-packages/airflow/example_dags/example_branch_python_dop_operator_3.py took 0.093 seconds
[2024-10-28T18:18:49.357+0000] {processor.py:186} INFO - Started process (PID=2047) to work on /home/airflow/.local/lib/python3.12/site-packages/airflow/example_dags/example_branch_python_dop_operator_3.py
[2024-10-28T18:18:49.358+0000] {processor.py:914} INFO - Processing file /home/airflow/.local/lib/python3.12/site-packages/airflow/example_dags/example_branch_python_dop_operator_3.py for tasks to queue
[2024-10-28T18:18:49.361+0000] {logging_mixin.py:190} INFO - [2024-10-28T18:18:49.360+0000] {dagbag.py:588} INFO - Filling up the DagBag from /home/airflow/.local/lib/python3.12/site-packages/airflow/example_dags/example_branch_python_dop_operator_3.py
[2024-10-28T18:18:49.370+0000] {processor.py:925} INFO - DAG(s) 'example_branch_dop_operator_v3' retrieved from /home/airflow/.local/lib/python3.12/site-packages/airflow/example_dags/example_branch_python_dop_operator_3.py
[2024-10-28T18:18:49.388+0000] {logging_mixin.py:190} INFO - [2024-10-28T18:18:49.388+0000] {dag.py:3239} INFO - Sync 1 DAGs
[2024-10-28T18:18:49.413+0000] {logging_mixin.py:190} INFO - [2024-10-28T18:18:49.413+0000] {dag.py:4180} INFO - Setting next_dagrun for example_branch_dop_operator_v3 to 2024-10-28 18:17:00+00:00, run_after=2024-10-28 18:18:00+00:00
[2024-10-28T18:18:49.433+0000] {processor.py:208} INFO - Processing /home/airflow/.local/lib/python3.12/site-packages/airflow/example_dags/example_branch_python_dop_operator_3.py took 0.081 seconds
[2024-10-28T18:19:19.778+0000] {processor.py:186} INFO - Started process (PID=2113) to work on /home/airflow/.local/lib/python3.12/site-packages/airflow/example_dags/example_branch_python_dop_operator_3.py
[2024-10-28T18:19:19.779+0000] {processor.py:914} INFO - Processing file /home/airflow/.local/lib/python3.12/site-packages/airflow/example_dags/example_branch_python_dop_operator_3.py for tasks to queue
[2024-10-28T18:19:19.780+0000] {logging_mixin.py:190} INFO - [2024-10-28T18:19:19.780+0000] {dagbag.py:588} INFO - Filling up the DagBag from /home/airflow/.local/lib/python3.12/site-packages/airflow/example_dags/example_branch_python_dop_operator_3.py
[2024-10-28T18:19:19.786+0000] {processor.py:925} INFO - DAG(s) 'example_branch_dop_operator_v3' retrieved from /home/airflow/.local/lib/python3.12/site-packages/airflow/example_dags/example_branch_python_dop_operator_3.py
[2024-10-28T18:19:19.803+0000] {logging_mixin.py:190} INFO - [2024-10-28T18:19:19.802+0000] {dag.py:3239} INFO - Sync 1 DAGs
[2024-10-28T18:19:19.822+0000] {logging_mixin.py:190} INFO - [2024-10-28T18:19:19.822+0000] {dag.py:4180} INFO - Setting next_dagrun for example_branch_dop_operator_v3 to 2024-10-28 18:18:00+00:00, run_after=2024-10-28 18:19:00+00:00
[2024-10-28T18:19:19.836+0000] {processor.py:208} INFO - Processing /home/airflow/.local/lib/python3.12/site-packages/airflow/example_dags/example_branch_python_dop_operator_3.py took 0.062 seconds
[2024-10-28T18:19:50.412+0000] {processor.py:186} INFO - Started process (PID=2180) to work on /home/airflow/.local/lib/python3.12/site-packages/airflow/example_dags/example_branch_python_dop_operator_3.py
[2024-10-28T18:19:50.413+0000] {processor.py:914} INFO - Processing file /home/airflow/.local/lib/python3.12/site-packages/airflow/example_dags/example_branch_python_dop_operator_3.py for tasks to queue
[2024-10-28T18:19:50.415+0000] {logging_mixin.py:190} INFO - [2024-10-28T18:19:50.415+0000] {dagbag.py:588} INFO - Filling up the DagBag from /home/airflow/.local/lib/python3.12/site-packages/airflow/example_dags/example_branch_python_dop_operator_3.py
[2024-10-28T18:19:50.422+0000] {processor.py:925} INFO - DAG(s) 'example_branch_dop_operator_v3' retrieved from /home/airflow/.local/lib/python3.12/site-packages/airflow/example_dags/example_branch_python_dop_operator_3.py
[2024-10-28T18:19:50.437+0000] {logging_mixin.py:190} INFO - [2024-10-28T18:19:50.437+0000] {dag.py:3239} INFO - Sync 1 DAGs
[2024-10-28T18:19:50.456+0000] {logging_mixin.py:190} INFO - [2024-10-28T18:19:50.456+0000] {dag.py:4180} INFO - Setting next_dagrun for example_branch_dop_operator_v3 to 2024-10-28 18:18:00+00:00, run_after=2024-10-28 18:19:00+00:00
[2024-10-28T18:19:50.472+0000] {processor.py:208} INFO - Processing /home/airflow/.local/lib/python3.12/site-packages/airflow/example_dags/example_branch_python_dop_operator_3.py took 0.064 seconds
[2024-10-28T18:20:20.988+0000] {processor.py:186} INFO - Started process (PID=2246) to work on /home/airflow/.local/lib/python3.12/site-packages/airflow/example_dags/example_branch_python_dop_operator_3.py
[2024-10-28T18:20:20.989+0000] {processor.py:914} INFO - Processing file /home/airflow/.local/lib/python3.12/site-packages/airflow/example_dags/example_branch_python_dop_operator_3.py for tasks to queue
[2024-10-28T18:20:20.991+0000] {logging_mixin.py:190} INFO - [2024-10-28T18:20:20.991+0000] {dagbag.py:588} INFO - Filling up the DagBag from /home/airflow/.local/lib/python3.12/site-packages/airflow/example_dags/example_branch_python_dop_operator_3.py
[2024-10-28T18:20:20.999+0000] {processor.py:925} INFO - DAG(s) 'example_branch_dop_operator_v3' retrieved from /home/airflow/.local/lib/python3.12/site-packages/airflow/example_dags/example_branch_python_dop_operator_3.py
[2024-10-28T18:20:21.016+0000] {logging_mixin.py:190} INFO - [2024-10-28T18:20:21.015+0000] {dag.py:3239} INFO - Sync 1 DAGs
[2024-10-28T18:20:21.040+0000] {logging_mixin.py:190} INFO - [2024-10-28T18:20:21.040+0000] {dag.py:4180} INFO - Setting next_dagrun for example_branch_dop_operator_v3 to 2024-10-28 18:19:00+00:00, run_after=2024-10-28 18:20:00+00:00
[2024-10-28T18:20:21.059+0000] {processor.py:208} INFO - Processing /home/airflow/.local/lib/python3.12/site-packages/airflow/example_dags/example_branch_python_dop_operator_3.py took 0.076 seconds
[2024-10-28T18:20:51.230+0000] {processor.py:186} INFO - Started process (PID=2312) to work on /home/airflow/.local/lib/python3.12/site-packages/airflow/example_dags/example_branch_python_dop_operator_3.py
[2024-10-28T18:20:51.232+0000] {processor.py:914} INFO - Processing file /home/airflow/.local/lib/python3.12/site-packages/airflow/example_dags/example_branch_python_dop_operator_3.py for tasks to queue
[2024-10-28T18:20:51.234+0000] {logging_mixin.py:190} INFO - [2024-10-28T18:20:51.234+0000] {dagbag.py:588} INFO - Filling up the DagBag from /home/airflow/.local/lib/python3.12/site-packages/airflow/example_dags/example_branch_python_dop_operator_3.py
[2024-10-28T18:20:51.242+0000] {processor.py:925} INFO - DAG(s) 'example_branch_dop_operator_v3' retrieved from /home/airflow/.local/lib/python3.12/site-packages/airflow/example_dags/example_branch_python_dop_operator_3.py
[2024-10-28T18:20:51.261+0000] {logging_mixin.py:190} INFO - [2024-10-28T18:20:51.261+0000] {dag.py:3239} INFO - Sync 1 DAGs
[2024-10-28T18:20:51.284+0000] {logging_mixin.py:190} INFO - [2024-10-28T18:20:51.284+0000] {dag.py:4180} INFO - Setting next_dagrun for example_branch_dop_operator_v3 to 2024-10-28 18:19:00+00:00, run_after=2024-10-28 18:20:00+00:00
[2024-10-28T18:20:51.302+0000] {processor.py:208} INFO - Processing /home/airflow/.local/lib/python3.12/site-packages/airflow/example_dags/example_branch_python_dop_operator_3.py took 0.077 seconds
[2024-10-28T18:21:22.660+0000] {processor.py:186} INFO - Started process (PID=2384) to work on /home/airflow/.local/lib/python3.12/site-packages/airflow/example_dags/example_branch_python_dop_operator_3.py
[2024-10-28T18:21:22.661+0000] {processor.py:914} INFO - Processing file /home/airflow/.local/lib/python3.12/site-packages/airflow/example_dags/example_branch_python_dop_operator_3.py for tasks to queue
[2024-10-28T18:21:22.663+0000] {logging_mixin.py:190} INFO - [2024-10-28T18:21:22.663+0000] {dagbag.py:588} INFO - Filling up the DagBag from /home/airflow/.local/lib/python3.12/site-packages/airflow/example_dags/example_branch_python_dop_operator_3.py
[2024-10-28T18:21:22.669+0000] {processor.py:925} INFO - DAG(s) 'example_branch_dop_operator_v3' retrieved from /home/airflow/.local/lib/python3.12/site-packages/airflow/example_dags/example_branch_python_dop_operator_3.py
[2024-10-28T18:21:22.684+0000] {logging_mixin.py:190} INFO - [2024-10-28T18:21:22.683+0000] {dag.py:3239} INFO - Sync 1 DAGs
[2024-10-28T18:21:22.700+0000] {logging_mixin.py:190} INFO - [2024-10-28T18:21:22.700+0000] {dag.py:4180} INFO - Setting next_dagrun for example_branch_dop_operator_v3 to 2024-10-28 18:20:00+00:00, run_after=2024-10-28 18:21:00+00:00
[2024-10-28T18:21:22.718+0000] {processor.py:208} INFO - Processing /home/airflow/.local/lib/python3.12/site-packages/airflow/example_dags/example_branch_python_dop_operator_3.py took 0.062 seconds
[2024-10-28T18:21:53.581+0000] {processor.py:186} INFO - Started process (PID=2450) to work on /home/airflow/.local/lib/python3.12/site-packages/airflow/example_dags/example_branch_python_dop_operator_3.py
[2024-10-28T18:21:53.581+0000] {processor.py:914} INFO - Processing file /home/airflow/.local/lib/python3.12/site-packages/airflow/example_dags/example_branch_python_dop_operator_3.py for tasks to queue
[2024-10-28T18:21:53.583+0000] {logging_mixin.py:190} INFO - [2024-10-28T18:21:53.583+0000] {dagbag.py:588} INFO - Filling up the DagBag from /home/airflow/.local/lib/python3.12/site-packages/airflow/example_dags/example_branch_python_dop_operator_3.py
[2024-10-28T18:21:53.590+0000] {processor.py:925} INFO - DAG(s) 'example_branch_dop_operator_v3' retrieved from /home/airflow/.local/lib/python3.12/site-packages/airflow/example_dags/example_branch_python_dop_operator_3.py
[2024-10-28T18:21:53.606+0000] {logging_mixin.py:190} INFO - [2024-10-28T18:21:53.606+0000] {dag.py:3239} INFO - Sync 1 DAGs
[2024-10-28T18:21:53.625+0000] {logging_mixin.py:190} INFO - [2024-10-28T18:21:53.625+0000] {dag.py:4180} INFO - Setting next_dagrun for example_branch_dop_operator_v3 to 2024-10-28 18:20:00+00:00, run_after=2024-10-28 18:21:00+00:00
[2024-10-28T18:21:53.639+0000] {processor.py:208} INFO - Processing /home/airflow/.local/lib/python3.12/site-packages/airflow/example_dags/example_branch_python_dop_operator_3.py took 0.062 seconds
[2024-10-28T18:22:24.837+0000] {processor.py:186} INFO - Started process (PID=2516) to work on /home/airflow/.local/lib/python3.12/site-packages/airflow/example_dags/example_branch_python_dop_operator_3.py
[2024-10-28T18:22:24.838+0000] {processor.py:914} INFO - Processing file /home/airflow/.local/lib/python3.12/site-packages/airflow/example_dags/example_branch_python_dop_operator_3.py for tasks to queue
[2024-10-28T18:22:24.840+0000] {logging_mixin.py:190} INFO - [2024-10-28T18:22:24.839+0000] {dagbag.py:588} INFO - Filling up the DagBag from /home/airflow/.local/lib/python3.12/site-packages/airflow/example_dags/example_branch_python_dop_operator_3.py
[2024-10-28T18:22:24.846+0000] {processor.py:925} INFO - DAG(s) 'example_branch_dop_operator_v3' retrieved from /home/airflow/.local/lib/python3.12/site-packages/airflow/example_dags/example_branch_python_dop_operator_3.py
[2024-10-28T18:22:24.862+0000] {logging_mixin.py:190} INFO - [2024-10-28T18:22:24.862+0000] {dag.py:3239} INFO - Sync 1 DAGs
[2024-10-28T18:22:24.883+0000] {logging_mixin.py:190} INFO - [2024-10-28T18:22:24.883+0000] {dag.py:4180} INFO - Setting next_dagrun for example_branch_dop_operator_v3 to 2024-10-28 18:21:00+00:00, run_after=2024-10-28 18:22:00+00:00
[2024-10-28T18:22:24.904+0000] {processor.py:208} INFO - Processing /home/airflow/.local/lib/python3.12/site-packages/airflow/example_dags/example_branch_python_dop_operator_3.py took 0.073 seconds
[2024-10-28T18:22:55.165+0000] {processor.py:186} INFO - Started process (PID=2582) to work on /home/airflow/.local/lib/python3.12/site-packages/airflow/example_dags/example_branch_python_dop_operator_3.py
[2024-10-28T18:22:55.166+0000] {processor.py:914} INFO - Processing file /home/airflow/.local/lib/python3.12/site-packages/airflow/example_dags/example_branch_python_dop_operator_3.py for tasks to queue
[2024-10-28T18:22:55.168+0000] {logging_mixin.py:190} INFO - [2024-10-28T18:22:55.167+0000] {dagbag.py:588} INFO - Filling up the DagBag from /home/airflow/.local/lib/python3.12/site-packages/airflow/example_dags/example_branch_python_dop_operator_3.py
[2024-10-28T18:22:55.174+0000] {processor.py:925} INFO - DAG(s) 'example_branch_dop_operator_v3' retrieved from /home/airflow/.local/lib/python3.12/site-packages/airflow/example_dags/example_branch_python_dop_operator_3.py
[2024-10-28T18:22:55.188+0000] {logging_mixin.py:190} INFO - [2024-10-28T18:22:55.188+0000] {dag.py:3239} INFO - Sync 1 DAGs
[2024-10-28T18:22:55.206+0000] {logging_mixin.py:190} INFO - [2024-10-28T18:22:55.206+0000] {dag.py:4180} INFO - Setting next_dagrun for example_branch_dop_operator_v3 to 2024-10-28 18:21:00+00:00, run_after=2024-10-28 18:22:00+00:00
[2024-10-28T18:22:55.229+0000] {processor.py:208} INFO - Processing /home/airflow/.local/lib/python3.12/site-packages/airflow/example_dags/example_branch_python_dop_operator_3.py took 0.068 seconds
[2024-10-28T18:23:25.455+0000] {processor.py:186} INFO - Started process (PID=2648) to work on /home/airflow/.local/lib/python3.12/site-packages/airflow/example_dags/example_branch_python_dop_operator_3.py
[2024-10-28T18:23:25.456+0000] {processor.py:914} INFO - Processing file /home/airflow/.local/lib/python3.12/site-packages/airflow/example_dags/example_branch_python_dop_operator_3.py for tasks to queue
[2024-10-28T18:23:25.457+0000] {logging_mixin.py:190} INFO - [2024-10-28T18:23:25.457+0000] {dagbag.py:588} INFO - Filling up the DagBag from /home/airflow/.local/lib/python3.12/site-packages/airflow/example_dags/example_branch_python_dop_operator_3.py
[2024-10-28T18:23:25.466+0000] {processor.py:925} INFO - DAG(s) 'example_branch_dop_operator_v3' retrieved from /home/airflow/.local/lib/python3.12/site-packages/airflow/example_dags/example_branch_python_dop_operator_3.py
[2024-10-28T18:23:25.485+0000] {logging_mixin.py:190} INFO - [2024-10-28T18:23:25.485+0000] {dag.py:3239} INFO - Sync 1 DAGs
[2024-10-28T18:23:25.507+0000] {logging_mixin.py:190} INFO - [2024-10-28T18:23:25.506+0000] {dag.py:4180} INFO - Setting next_dagrun for example_branch_dop_operator_v3 to 2024-10-28 18:22:00+00:00, run_after=2024-10-28 18:23:00+00:00
[2024-10-28T18:23:25.526+0000] {processor.py:208} INFO - Processing /home/airflow/.local/lib/python3.12/site-packages/airflow/example_dags/example_branch_python_dop_operator_3.py took 0.076 seconds
[2024-10-28T18:23:55.797+0000] {processor.py:186} INFO - Started process (PID=2714) to work on /home/airflow/.local/lib/python3.12/site-packages/airflow/example_dags/example_branch_python_dop_operator_3.py
[2024-10-28T18:23:55.798+0000] {processor.py:914} INFO - Processing file /home/airflow/.local/lib/python3.12/site-packages/airflow/example_dags/example_branch_python_dop_operator_3.py for tasks to queue
[2024-10-28T18:23:55.801+0000] {logging_mixin.py:190} INFO - [2024-10-28T18:23:55.800+0000] {dagbag.py:588} INFO - Filling up the DagBag from /home/airflow/.local/lib/python3.12/site-packages/airflow/example_dags/example_branch_python_dop_operator_3.py
[2024-10-28T18:23:55.807+0000] {processor.py:925} INFO - DAG(s) 'example_branch_dop_operator_v3' retrieved from /home/airflow/.local/lib/python3.12/site-packages/airflow/example_dags/example_branch_python_dop_operator_3.py
[2024-10-28T18:23:55.820+0000] {logging_mixin.py:190} INFO - [2024-10-28T18:23:55.820+0000] {dag.py:3239} INFO - Sync 1 DAGs
[2024-10-28T18:23:55.838+0000] {logging_mixin.py:190} INFO - [2024-10-28T18:23:55.837+0000] {dag.py:4180} INFO - Setting next_dagrun for example_branch_dop_operator_v3 to 2024-10-28 18:22:00+00:00, run_after=2024-10-28 18:23:00+00:00
[2024-10-28T18:23:55.854+0000] {processor.py:208} INFO - Processing /home/airflow/.local/lib/python3.12/site-packages/airflow/example_dags/example_branch_python_dop_operator_3.py took 0.062 seconds
[2024-10-28T18:24:26.665+0000] {processor.py:186} INFO - Started process (PID=2780) to work on /home/airflow/.local/lib/python3.12/site-packages/airflow/example_dags/example_branch_python_dop_operator_3.py
[2024-10-28T18:24:26.666+0000] {processor.py:914} INFO - Processing file /home/airflow/.local/lib/python3.12/site-packages/airflow/example_dags/example_branch_python_dop_operator_3.py for tasks to queue
[2024-10-28T18:24:26.668+0000] {logging_mixin.py:190} INFO - [2024-10-28T18:24:26.668+0000] {dagbag.py:588} INFO - Filling up the DagBag from /home/airflow/.local/lib/python3.12/site-packages/airflow/example_dags/example_branch_python_dop_operator_3.py
[2024-10-28T18:24:26.674+0000] {processor.py:925} INFO - DAG(s) 'example_branch_dop_operator_v3' retrieved from /home/airflow/.local/lib/python3.12/site-packages/airflow/example_dags/example_branch_python_dop_operator_3.py
[2024-10-28T18:24:26.688+0000] {logging_mixin.py:190} INFO - [2024-10-28T18:24:26.688+0000] {dag.py:3239} INFO - Sync 1 DAGs
[2024-10-28T18:24:26.705+0000] {logging_mixin.py:190} INFO - [2024-10-28T18:24:26.705+0000] {dag.py:4180} INFO - Setting next_dagrun for example_branch_dop_operator_v3 to 2024-10-28 18:23:00+00:00, run_after=2024-10-28 18:24:00+00:00
[2024-10-28T18:24:26.723+0000] {processor.py:208} INFO - Processing /home/airflow/.local/lib/python3.12/site-packages/airflow/example_dags/example_branch_python_dop_operator_3.py took 0.062 seconds
[2024-10-28T18:24:57.248+0000] {processor.py:186} INFO - Started process (PID=2846) to work on /home/airflow/.local/lib/python3.12/site-packages/airflow/example_dags/example_branch_python_dop_operator_3.py
[2024-10-28T18:24:57.249+0000] {processor.py:914} INFO - Processing file /home/airflow/.local/lib/python3.12/site-packages/airflow/example_dags/example_branch_python_dop_operator_3.py for tasks to queue
[2024-10-28T18:24:57.252+0000] {logging_mixin.py:190} INFO - [2024-10-28T18:24:57.252+0000] {dagbag.py:588} INFO - Filling up the DagBag from /home/airflow/.local/lib/python3.12/site-packages/airflow/example_dags/example_branch_python_dop_operator_3.py
[2024-10-28T18:24:57.266+0000] {processor.py:925} INFO - DAG(s) 'example_branch_dop_operator_v3' retrieved from /home/airflow/.local/lib/python3.12/site-packages/airflow/example_dags/example_branch_python_dop_operator_3.py
[2024-10-28T18:24:57.490+0000] {logging_mixin.py:190} INFO - [2024-10-28T18:24:57.490+0000] {process_utils.py:266} INFO - Waiting up to 5 seconds for processes to exit...
