[2024-10-28T18:03:59.460+0000] {processor.py:186} INFO - Started process (PID=132) to work on /home/airflow/.local/lib/python3.12/site-packages/airflow/example_dags/example_branch_labels.py
[2024-10-28T18:03:59.462+0000] {processor.py:914} INFO - Processing file /home/airflow/.local/lib/python3.12/site-packages/airflow/example_dags/example_branch_labels.py for tasks to queue
[2024-10-28T18:03:59.465+0000] {logging_mixin.py:190} INFO - [2024-10-28T18:03:59.465+0000] {dagbag.py:588} INFO - Filling up the DagBag from /home/airflow/.local/lib/python3.12/site-packages/airflow/example_dags/example_branch_labels.py
[2024-10-28T18:03:59.477+0000] {processor.py:925} INFO - DAG(s) 'example_branch_labels' retrieved from /home/airflow/.local/lib/python3.12/site-packages/airflow/example_dags/example_branch_labels.py
[2024-10-28T18:03:59.505+0000] {logging_mixin.py:190} INFO - [2024-10-28T18:03:59.504+0000] {dag.py:3239} INFO - Sync 1 DAGs
[2024-10-28T18:03:59.540+0000] {logging_mixin.py:190} INFO - [2024-10-28T18:03:59.540+0000] {dag.py:4180} INFO - Setting next_dagrun for example_branch_labels to 2024-10-27 00:00:00+00:00, run_after=2024-10-28 00:00:00+00:00
[2024-10-28T18:03:59.571+0000] {processor.py:208} INFO - Processing /home/airflow/.local/lib/python3.12/site-packages/airflow/example_dags/example_branch_labels.py took 0.116 seconds
[2024-10-28T18:04:29.753+0000] {processor.py:186} INFO - Started process (PID=198) to work on /home/airflow/.local/lib/python3.12/site-packages/airflow/example_dags/example_branch_labels.py
[2024-10-28T18:04:29.754+0000] {processor.py:914} INFO - Processing file /home/airflow/.local/lib/python3.12/site-packages/airflow/example_dags/example_branch_labels.py for tasks to queue
[2024-10-28T18:04:29.756+0000] {logging_mixin.py:190} INFO - [2024-10-28T18:04:29.756+0000] {dagbag.py:588} INFO - Filling up the DagBag from /home/airflow/.local/lib/python3.12/site-packages/airflow/example_dags/example_branch_labels.py
[2024-10-28T18:04:29.763+0000] {processor.py:925} INFO - DAG(s) 'example_branch_labels' retrieved from /home/airflow/.local/lib/python3.12/site-packages/airflow/example_dags/example_branch_labels.py
[2024-10-28T18:04:29.781+0000] {logging_mixin.py:190} INFO - [2024-10-28T18:04:29.780+0000] {dag.py:3239} INFO - Sync 1 DAGs
[2024-10-28T18:04:29.799+0000] {logging_mixin.py:190} INFO - [2024-10-28T18:04:29.798+0000] {dag.py:4180} INFO - Setting next_dagrun for example_branch_labels to 2024-10-27 00:00:00+00:00, run_after=2024-10-28 00:00:00+00:00
[2024-10-28T18:04:29.819+0000] {processor.py:208} INFO - Processing /home/airflow/.local/lib/python3.12/site-packages/airflow/example_dags/example_branch_labels.py took 0.071 seconds
[2024-10-28T18:05:01.042+0000] {processor.py:186} INFO - Started process (PID=264) to work on /home/airflow/.local/lib/python3.12/site-packages/airflow/example_dags/example_branch_labels.py
[2024-10-28T18:05:01.043+0000] {processor.py:914} INFO - Processing file /home/airflow/.local/lib/python3.12/site-packages/airflow/example_dags/example_branch_labels.py for tasks to queue
[2024-10-28T18:05:01.045+0000] {logging_mixin.py:190} INFO - [2024-10-28T18:05:01.044+0000] {dagbag.py:588} INFO - Filling up the DagBag from /home/airflow/.local/lib/python3.12/site-packages/airflow/example_dags/example_branch_labels.py
[2024-10-28T18:05:01.053+0000] {processor.py:925} INFO - DAG(s) 'example_branch_labels' retrieved from /home/airflow/.local/lib/python3.12/site-packages/airflow/example_dags/example_branch_labels.py
[2024-10-28T18:05:01.071+0000] {logging_mixin.py:190} INFO - [2024-10-28T18:05:01.071+0000] {dag.py:3239} INFO - Sync 1 DAGs
[2024-10-28T18:05:01.092+0000] {logging_mixin.py:190} INFO - [2024-10-28T18:05:01.092+0000] {dag.py:4180} INFO - Setting next_dagrun for example_branch_labels to 2024-10-27 00:00:00+00:00, run_after=2024-10-28 00:00:00+00:00
[2024-10-28T18:05:01.117+0000] {processor.py:208} INFO - Processing /home/airflow/.local/lib/python3.12/site-packages/airflow/example_dags/example_branch_labels.py took 0.080 seconds
[2024-10-28T18:05:31.421+0000] {processor.py:186} INFO - Started process (PID=330) to work on /home/airflow/.local/lib/python3.12/site-packages/airflow/example_dags/example_branch_labels.py
[2024-10-28T18:05:31.422+0000] {processor.py:914} INFO - Processing file /home/airflow/.local/lib/python3.12/site-packages/airflow/example_dags/example_branch_labels.py for tasks to queue
[2024-10-28T18:05:31.424+0000] {logging_mixin.py:190} INFO - [2024-10-28T18:05:31.423+0000] {dagbag.py:588} INFO - Filling up the DagBag from /home/airflow/.local/lib/python3.12/site-packages/airflow/example_dags/example_branch_labels.py
[2024-10-28T18:05:31.430+0000] {processor.py:925} INFO - DAG(s) 'example_branch_labels' retrieved from /home/airflow/.local/lib/python3.12/site-packages/airflow/example_dags/example_branch_labels.py
[2024-10-28T18:05:31.444+0000] {logging_mixin.py:190} INFO - [2024-10-28T18:05:31.444+0000] {dag.py:3239} INFO - Sync 1 DAGs
[2024-10-28T18:05:31.462+0000] {logging_mixin.py:190} INFO - [2024-10-28T18:05:31.462+0000] {dag.py:4180} INFO - Setting next_dagrun for example_branch_labels to 2024-10-27 00:00:00+00:00, run_after=2024-10-28 00:00:00+00:00
[2024-10-28T18:05:31.487+0000] {processor.py:208} INFO - Processing /home/airflow/.local/lib/python3.12/site-packages/airflow/example_dags/example_branch_labels.py took 0.070 seconds
[2024-10-28T18:06:02.339+0000] {processor.py:186} INFO - Started process (PID=396) to work on /home/airflow/.local/lib/python3.12/site-packages/airflow/example_dags/example_branch_labels.py
[2024-10-28T18:06:02.340+0000] {processor.py:914} INFO - Processing file /home/airflow/.local/lib/python3.12/site-packages/airflow/example_dags/example_branch_labels.py for tasks to queue
[2024-10-28T18:06:02.343+0000] {logging_mixin.py:190} INFO - [2024-10-28T18:06:02.343+0000] {dagbag.py:588} INFO - Filling up the DagBag from /home/airflow/.local/lib/python3.12/site-packages/airflow/example_dags/example_branch_labels.py
[2024-10-28T18:06:02.351+0000] {processor.py:925} INFO - DAG(s) 'example_branch_labels' retrieved from /home/airflow/.local/lib/python3.12/site-packages/airflow/example_dags/example_branch_labels.py
[2024-10-28T18:06:02.367+0000] {logging_mixin.py:190} INFO - [2024-10-28T18:06:02.367+0000] {dag.py:3239} INFO - Sync 1 DAGs
[2024-10-28T18:06:02.388+0000] {logging_mixin.py:190} INFO - [2024-10-28T18:06:02.387+0000] {dag.py:4180} INFO - Setting next_dagrun for example_branch_labels to 2024-10-27 00:00:00+00:00, run_after=2024-10-28 00:00:00+00:00
[2024-10-28T18:06:02.417+0000] {processor.py:208} INFO - Processing /home/airflow/.local/lib/python3.12/site-packages/airflow/example_dags/example_branch_labels.py took 0.085 seconds
[2024-10-28T18:06:33.061+0000] {processor.py:186} INFO - Started process (PID=462) to work on /home/airflow/.local/lib/python3.12/site-packages/airflow/example_dags/example_branch_labels.py
[2024-10-28T18:06:33.061+0000] {processor.py:914} INFO - Processing file /home/airflow/.local/lib/python3.12/site-packages/airflow/example_dags/example_branch_labels.py for tasks to queue
[2024-10-28T18:06:33.063+0000] {logging_mixin.py:190} INFO - [2024-10-28T18:06:33.063+0000] {dagbag.py:588} INFO - Filling up the DagBag from /home/airflow/.local/lib/python3.12/site-packages/airflow/example_dags/example_branch_labels.py
[2024-10-28T18:06:33.071+0000] {processor.py:925} INFO - DAG(s) 'example_branch_labels' retrieved from /home/airflow/.local/lib/python3.12/site-packages/airflow/example_dags/example_branch_labels.py
[2024-10-28T18:06:33.085+0000] {logging_mixin.py:190} INFO - [2024-10-28T18:06:33.084+0000] {dag.py:3239} INFO - Sync 1 DAGs
[2024-10-28T18:06:33.101+0000] {logging_mixin.py:190} INFO - [2024-10-28T18:06:33.101+0000] {dag.py:4180} INFO - Setting next_dagrun for example_branch_labels to 2024-10-27 00:00:00+00:00, run_after=2024-10-28 00:00:00+00:00
[2024-10-28T18:06:33.125+0000] {processor.py:208} INFO - Processing /home/airflow/.local/lib/python3.12/site-packages/airflow/example_dags/example_branch_labels.py took 0.068 seconds
[2024-10-28T18:07:03.764+0000] {processor.py:186} INFO - Started process (PID=528) to work on /home/airflow/.local/lib/python3.12/site-packages/airflow/example_dags/example_branch_labels.py
[2024-10-28T18:07:03.765+0000] {processor.py:914} INFO - Processing file /home/airflow/.local/lib/python3.12/site-packages/airflow/example_dags/example_branch_labels.py for tasks to queue
[2024-10-28T18:07:03.767+0000] {logging_mixin.py:190} INFO - [2024-10-28T18:07:03.767+0000] {dagbag.py:588} INFO - Filling up the DagBag from /home/airflow/.local/lib/python3.12/site-packages/airflow/example_dags/example_branch_labels.py
[2024-10-28T18:07:03.774+0000] {processor.py:925} INFO - DAG(s) 'example_branch_labels' retrieved from /home/airflow/.local/lib/python3.12/site-packages/airflow/example_dags/example_branch_labels.py
[2024-10-28T18:07:03.790+0000] {logging_mixin.py:190} INFO - [2024-10-28T18:07:03.790+0000] {dag.py:3239} INFO - Sync 1 DAGs
[2024-10-28T18:07:03.807+0000] {logging_mixin.py:190} INFO - [2024-10-28T18:07:03.807+0000] {dag.py:4180} INFO - Setting next_dagrun for example_branch_labels to 2024-10-27 00:00:00+00:00, run_after=2024-10-28 00:00:00+00:00
[2024-10-28T18:07:03.830+0000] {processor.py:208} INFO - Processing /home/airflow/.local/lib/python3.12/site-packages/airflow/example_dags/example_branch_labels.py took 0.070 seconds
[2024-10-28T18:07:34.995+0000] {processor.py:186} INFO - Started process (PID=594) to work on /home/airflow/.local/lib/python3.12/site-packages/airflow/example_dags/example_branch_labels.py
[2024-10-28T18:07:34.996+0000] {processor.py:914} INFO - Processing file /home/airflow/.local/lib/python3.12/site-packages/airflow/example_dags/example_branch_labels.py for tasks to queue
[2024-10-28T18:07:34.998+0000] {logging_mixin.py:190} INFO - [2024-10-28T18:07:34.998+0000] {dagbag.py:588} INFO - Filling up the DagBag from /home/airflow/.local/lib/python3.12/site-packages/airflow/example_dags/example_branch_labels.py
[2024-10-28T18:07:35.006+0000] {processor.py:925} INFO - DAG(s) 'example_branch_labels' retrieved from /home/airflow/.local/lib/python3.12/site-packages/airflow/example_dags/example_branch_labels.py
[2024-10-28T18:07:35.022+0000] {logging_mixin.py:190} INFO - [2024-10-28T18:07:35.021+0000] {dag.py:3239} INFO - Sync 1 DAGs
[2024-10-28T18:07:35.044+0000] {logging_mixin.py:190} INFO - [2024-10-28T18:07:35.044+0000] {dag.py:4180} INFO - Setting next_dagrun for example_branch_labels to 2024-10-27 00:00:00+00:00, run_after=2024-10-28 00:00:00+00:00
[2024-10-28T18:07:35.067+0000] {processor.py:208} INFO - Processing /home/airflow/.local/lib/python3.12/site-packages/airflow/example_dags/example_branch_labels.py took 0.077 seconds
[2024-10-28T18:08:05.135+0000] {processor.py:186} INFO - Started process (PID=660) to work on /home/airflow/.local/lib/python3.12/site-packages/airflow/example_dags/example_branch_labels.py
[2024-10-28T18:08:05.136+0000] {processor.py:914} INFO - Processing file /home/airflow/.local/lib/python3.12/site-packages/airflow/example_dags/example_branch_labels.py for tasks to queue
[2024-10-28T18:08:05.138+0000] {logging_mixin.py:190} INFO - [2024-10-28T18:08:05.138+0000] {dagbag.py:588} INFO - Filling up the DagBag from /home/airflow/.local/lib/python3.12/site-packages/airflow/example_dags/example_branch_labels.py
[2024-10-28T18:08:05.146+0000] {processor.py:925} INFO - DAG(s) 'example_branch_labels' retrieved from /home/airflow/.local/lib/python3.12/site-packages/airflow/example_dags/example_branch_labels.py
[2024-10-28T18:08:05.162+0000] {logging_mixin.py:190} INFO - [2024-10-28T18:08:05.162+0000] {dag.py:3239} INFO - Sync 1 DAGs
[2024-10-28T18:08:05.187+0000] {logging_mixin.py:190} INFO - [2024-10-28T18:08:05.187+0000] {dag.py:4180} INFO - Setting next_dagrun for example_branch_labels to 2024-10-27 00:00:00+00:00, run_after=2024-10-28 00:00:00+00:00
[2024-10-28T18:08:05.214+0000] {processor.py:208} INFO - Processing /home/airflow/.local/lib/python3.12/site-packages/airflow/example_dags/example_branch_labels.py took 0.084 seconds
[2024-10-28T18:08:35.423+0000] {processor.py:186} INFO - Started process (PID=725) to work on /home/airflow/.local/lib/python3.12/site-packages/airflow/example_dags/example_branch_labels.py
[2024-10-28T18:08:35.424+0000] {processor.py:914} INFO - Processing file /home/airflow/.local/lib/python3.12/site-packages/airflow/example_dags/example_branch_labels.py for tasks to queue
[2024-10-28T18:08:35.426+0000] {logging_mixin.py:190} INFO - [2024-10-28T18:08:35.426+0000] {dagbag.py:588} INFO - Filling up the DagBag from /home/airflow/.local/lib/python3.12/site-packages/airflow/example_dags/example_branch_labels.py
[2024-10-28T18:08:35.434+0000] {processor.py:925} INFO - DAG(s) 'example_branch_labels' retrieved from /home/airflow/.local/lib/python3.12/site-packages/airflow/example_dags/example_branch_labels.py
[2024-10-28T18:08:35.453+0000] {logging_mixin.py:190} INFO - [2024-10-28T18:08:35.453+0000] {dag.py:3239} INFO - Sync 1 DAGs
[2024-10-28T18:08:35.477+0000] {logging_mixin.py:190} INFO - [2024-10-28T18:08:35.477+0000] {dag.py:4180} INFO - Setting next_dagrun for example_branch_labels to 2024-10-27 00:00:00+00:00, run_after=2024-10-28 00:00:00+00:00
[2024-10-28T18:08:35.507+0000] {processor.py:208} INFO - Processing /home/airflow/.local/lib/python3.12/site-packages/airflow/example_dags/example_branch_labels.py took 0.089 seconds
[2024-10-28T18:09:05.762+0000] {processor.py:186} INFO - Started process (PID=791) to work on /home/airflow/.local/lib/python3.12/site-packages/airflow/example_dags/example_branch_labels.py
[2024-10-28T18:09:05.763+0000] {processor.py:914} INFO - Processing file /home/airflow/.local/lib/python3.12/site-packages/airflow/example_dags/example_branch_labels.py for tasks to queue
[2024-10-28T18:09:05.765+0000] {logging_mixin.py:190} INFO - [2024-10-28T18:09:05.764+0000] {dagbag.py:588} INFO - Filling up the DagBag from /home/airflow/.local/lib/python3.12/site-packages/airflow/example_dags/example_branch_labels.py
[2024-10-28T18:09:05.772+0000] {processor.py:925} INFO - DAG(s) 'example_branch_labels' retrieved from /home/airflow/.local/lib/python3.12/site-packages/airflow/example_dags/example_branch_labels.py
[2024-10-28T18:09:05.791+0000] {logging_mixin.py:190} INFO - [2024-10-28T18:09:05.790+0000] {dag.py:3239} INFO - Sync 1 DAGs
[2024-10-28T18:09:05.811+0000] {logging_mixin.py:190} INFO - [2024-10-28T18:09:05.811+0000] {dag.py:4180} INFO - Setting next_dagrun for example_branch_labels to 2024-10-27 00:00:00+00:00, run_after=2024-10-28 00:00:00+00:00
[2024-10-28T18:09:05.835+0000] {processor.py:208} INFO - Processing /home/airflow/.local/lib/python3.12/site-packages/airflow/example_dags/example_branch_labels.py took 0.078 seconds
[2024-10-28T18:09:36.123+0000] {processor.py:186} INFO - Started process (PID=857) to work on /home/airflow/.local/lib/python3.12/site-packages/airflow/example_dags/example_branch_labels.py
[2024-10-28T18:09:36.124+0000] {processor.py:914} INFO - Processing file /home/airflow/.local/lib/python3.12/site-packages/airflow/example_dags/example_branch_labels.py for tasks to queue
[2024-10-28T18:09:36.126+0000] {logging_mixin.py:190} INFO - [2024-10-28T18:09:36.126+0000] {dagbag.py:588} INFO - Filling up the DagBag from /home/airflow/.local/lib/python3.12/site-packages/airflow/example_dags/example_branch_labels.py
[2024-10-28T18:09:36.132+0000] {processor.py:925} INFO - DAG(s) 'example_branch_labels' retrieved from /home/airflow/.local/lib/python3.12/site-packages/airflow/example_dags/example_branch_labels.py
[2024-10-28T18:09:36.143+0000] {logging_mixin.py:190} INFO - [2024-10-28T18:09:36.143+0000] {dag.py:3239} INFO - Sync 1 DAGs
[2024-10-28T18:09:36.161+0000] {logging_mixin.py:190} INFO - [2024-10-28T18:09:36.161+0000] {dag.py:4180} INFO - Setting next_dagrun for example_branch_labels to 2024-10-27 00:00:00+00:00, run_after=2024-10-28 00:00:00+00:00
[2024-10-28T18:09:36.182+0000] {processor.py:208} INFO - Processing /home/airflow/.local/lib/python3.12/site-packages/airflow/example_dags/example_branch_labels.py took 0.062 seconds
[2024-10-28T18:10:06.551+0000] {processor.py:186} INFO - Started process (PID=923) to work on /home/airflow/.local/lib/python3.12/site-packages/airflow/example_dags/example_branch_labels.py
[2024-10-28T18:10:06.552+0000] {processor.py:914} INFO - Processing file /home/airflow/.local/lib/python3.12/site-packages/airflow/example_dags/example_branch_labels.py for tasks to queue
[2024-10-28T18:10:06.554+0000] {logging_mixin.py:190} INFO - [2024-10-28T18:10:06.554+0000] {dagbag.py:588} INFO - Filling up the DagBag from /home/airflow/.local/lib/python3.12/site-packages/airflow/example_dags/example_branch_labels.py
[2024-10-28T18:10:06.560+0000] {processor.py:925} INFO - DAG(s) 'example_branch_labels' retrieved from /home/airflow/.local/lib/python3.12/site-packages/airflow/example_dags/example_branch_labels.py
[2024-10-28T18:10:06.572+0000] {logging_mixin.py:190} INFO - [2024-10-28T18:10:06.572+0000] {dag.py:3239} INFO - Sync 1 DAGs
[2024-10-28T18:10:06.587+0000] {logging_mixin.py:190} INFO - [2024-10-28T18:10:06.587+0000] {dag.py:4180} INFO - Setting next_dagrun for example_branch_labels to 2024-10-27 00:00:00+00:00, run_after=2024-10-28 00:00:00+00:00
[2024-10-28T18:10:06.608+0000] {processor.py:208} INFO - Processing /home/airflow/.local/lib/python3.12/site-packages/airflow/example_dags/example_branch_labels.py took 0.061 seconds
[2024-10-28T18:10:36.794+0000] {processor.py:186} INFO - Started process (PID=989) to work on /home/airflow/.local/lib/python3.12/site-packages/airflow/example_dags/example_branch_labels.py
[2024-10-28T18:10:36.795+0000] {processor.py:914} INFO - Processing file /home/airflow/.local/lib/python3.12/site-packages/airflow/example_dags/example_branch_labels.py for tasks to queue
[2024-10-28T18:10:36.796+0000] {logging_mixin.py:190} INFO - [2024-10-28T18:10:36.796+0000] {dagbag.py:588} INFO - Filling up the DagBag from /home/airflow/.local/lib/python3.12/site-packages/airflow/example_dags/example_branch_labels.py
[2024-10-28T18:10:36.802+0000] {processor.py:925} INFO - DAG(s) 'example_branch_labels' retrieved from /home/airflow/.local/lib/python3.12/site-packages/airflow/example_dags/example_branch_labels.py
[2024-10-28T18:10:36.819+0000] {logging_mixin.py:190} INFO - [2024-10-28T18:10:36.819+0000] {dag.py:3239} INFO - Sync 1 DAGs
[2024-10-28T18:10:36.838+0000] {logging_mixin.py:190} INFO - [2024-10-28T18:10:36.838+0000] {dag.py:4180} INFO - Setting next_dagrun for example_branch_labels to 2024-10-27 00:00:00+00:00, run_after=2024-10-28 00:00:00+00:00
[2024-10-28T18:10:36.859+0000] {processor.py:208} INFO - Processing /home/airflow/.local/lib/python3.12/site-packages/airflow/example_dags/example_branch_labels.py took 0.069 seconds
[2024-10-28T18:11:07.089+0000] {processor.py:186} INFO - Started process (PID=1055) to work on /home/airflow/.local/lib/python3.12/site-packages/airflow/example_dags/example_branch_labels.py
[2024-10-28T18:11:07.090+0000] {processor.py:914} INFO - Processing file /home/airflow/.local/lib/python3.12/site-packages/airflow/example_dags/example_branch_labels.py for tasks to queue
[2024-10-28T18:11:07.092+0000] {logging_mixin.py:190} INFO - [2024-10-28T18:11:07.092+0000] {dagbag.py:588} INFO - Filling up the DagBag from /home/airflow/.local/lib/python3.12/site-packages/airflow/example_dags/example_branch_labels.py
[2024-10-28T18:11:07.099+0000] {processor.py:925} INFO - DAG(s) 'example_branch_labels' retrieved from /home/airflow/.local/lib/python3.12/site-packages/airflow/example_dags/example_branch_labels.py
[2024-10-28T18:11:07.113+0000] {logging_mixin.py:190} INFO - [2024-10-28T18:11:07.113+0000] {dag.py:3239} INFO - Sync 1 DAGs
[2024-10-28T18:11:07.130+0000] {logging_mixin.py:190} INFO - [2024-10-28T18:11:07.129+0000] {dag.py:4180} INFO - Setting next_dagrun for example_branch_labels to 2024-10-27 00:00:00+00:00, run_after=2024-10-28 00:00:00+00:00
[2024-10-28T18:11:07.152+0000] {processor.py:208} INFO - Processing /home/airflow/.local/lib/python3.12/site-packages/airflow/example_dags/example_branch_labels.py took 0.066 seconds
[2024-10-28T18:11:38.019+0000] {processor.py:186} INFO - Started process (PID=1121) to work on /home/airflow/.local/lib/python3.12/site-packages/airflow/example_dags/example_branch_labels.py
[2024-10-28T18:11:38.020+0000] {processor.py:914} INFO - Processing file /home/airflow/.local/lib/python3.12/site-packages/airflow/example_dags/example_branch_labels.py for tasks to queue
[2024-10-28T18:11:38.023+0000] {logging_mixin.py:190} INFO - [2024-10-28T18:11:38.022+0000] {dagbag.py:588} INFO - Filling up the DagBag from /home/airflow/.local/lib/python3.12/site-packages/airflow/example_dags/example_branch_labels.py
[2024-10-28T18:11:38.030+0000] {processor.py:925} INFO - DAG(s) 'example_branch_labels' retrieved from /home/airflow/.local/lib/python3.12/site-packages/airflow/example_dags/example_branch_labels.py
[2024-10-28T18:11:38.047+0000] {logging_mixin.py:190} INFO - [2024-10-28T18:11:38.047+0000] {dag.py:3239} INFO - Sync 1 DAGs
[2024-10-28T18:11:38.065+0000] {logging_mixin.py:190} INFO - [2024-10-28T18:11:38.065+0000] {dag.py:4180} INFO - Setting next_dagrun for example_branch_labels to 2024-10-27 00:00:00+00:00, run_after=2024-10-28 00:00:00+00:00
[2024-10-28T18:11:38.089+0000] {processor.py:208} INFO - Processing /home/airflow/.local/lib/python3.12/site-packages/airflow/example_dags/example_branch_labels.py took 0.074 seconds
[2024-10-28T18:12:08.195+0000] {processor.py:186} INFO - Started process (PID=1187) to work on /home/airflow/.local/lib/python3.12/site-packages/airflow/example_dags/example_branch_labels.py
[2024-10-28T18:12:08.196+0000] {processor.py:914} INFO - Processing file /home/airflow/.local/lib/python3.12/site-packages/airflow/example_dags/example_branch_labels.py for tasks to queue
[2024-10-28T18:12:08.198+0000] {logging_mixin.py:190} INFO - [2024-10-28T18:12:08.197+0000] {dagbag.py:588} INFO - Filling up the DagBag from /home/airflow/.local/lib/python3.12/site-packages/airflow/example_dags/example_branch_labels.py
[2024-10-28T18:12:08.204+0000] {processor.py:925} INFO - DAG(s) 'example_branch_labels' retrieved from /home/airflow/.local/lib/python3.12/site-packages/airflow/example_dags/example_branch_labels.py
[2024-10-28T18:12:08.219+0000] {logging_mixin.py:190} INFO - [2024-10-28T18:12:08.219+0000] {dag.py:3239} INFO - Sync 1 DAGs
[2024-10-28T18:12:08.236+0000] {logging_mixin.py:190} INFO - [2024-10-28T18:12:08.236+0000] {dag.py:4180} INFO - Setting next_dagrun for example_branch_labels to 2024-10-27 00:00:00+00:00, run_after=2024-10-28 00:00:00+00:00
[2024-10-28T18:12:08.260+0000] {processor.py:208} INFO - Processing /home/airflow/.local/lib/python3.12/site-packages/airflow/example_dags/example_branch_labels.py took 0.070 seconds
[2024-10-28T18:12:38.445+0000] {processor.py:186} INFO - Started process (PID=1254) to work on /home/airflow/.local/lib/python3.12/site-packages/airflow/example_dags/example_branch_labels.py
[2024-10-28T18:12:38.446+0000] {processor.py:914} INFO - Processing file /home/airflow/.local/lib/python3.12/site-packages/airflow/example_dags/example_branch_labels.py for tasks to queue
[2024-10-28T18:12:38.449+0000] {logging_mixin.py:190} INFO - [2024-10-28T18:12:38.448+0000] {dagbag.py:588} INFO - Filling up the DagBag from /home/airflow/.local/lib/python3.12/site-packages/airflow/example_dags/example_branch_labels.py
[2024-10-28T18:12:38.455+0000] {processor.py:925} INFO - DAG(s) 'example_branch_labels' retrieved from /home/airflow/.local/lib/python3.12/site-packages/airflow/example_dags/example_branch_labels.py
[2024-10-28T18:12:38.469+0000] {logging_mixin.py:190} INFO - [2024-10-28T18:12:38.468+0000] {dag.py:3239} INFO - Sync 1 DAGs
[2024-10-28T18:12:38.483+0000] {logging_mixin.py:190} INFO - [2024-10-28T18:12:38.483+0000] {dag.py:4180} INFO - Setting next_dagrun for example_branch_labels to 2024-10-27 00:00:00+00:00, run_after=2024-10-28 00:00:00+00:00
[2024-10-28T18:12:38.506+0000] {processor.py:208} INFO - Processing /home/airflow/.local/lib/python3.12/site-packages/airflow/example_dags/example_branch_labels.py took 0.064 seconds
[2024-10-28T18:13:09.339+0000] {processor.py:186} INFO - Started process (PID=1320) to work on /home/airflow/.local/lib/python3.12/site-packages/airflow/example_dags/example_branch_labels.py
[2024-10-28T18:13:09.340+0000] {processor.py:914} INFO - Processing file /home/airflow/.local/lib/python3.12/site-packages/airflow/example_dags/example_branch_labels.py for tasks to queue
[2024-10-28T18:13:09.342+0000] {logging_mixin.py:190} INFO - [2024-10-28T18:13:09.342+0000] {dagbag.py:588} INFO - Filling up the DagBag from /home/airflow/.local/lib/python3.12/site-packages/airflow/example_dags/example_branch_labels.py
[2024-10-28T18:13:09.348+0000] {processor.py:925} INFO - DAG(s) 'example_branch_labels' retrieved from /home/airflow/.local/lib/python3.12/site-packages/airflow/example_dags/example_branch_labels.py
[2024-10-28T18:13:09.362+0000] {logging_mixin.py:190} INFO - [2024-10-28T18:13:09.362+0000] {dag.py:3239} INFO - Sync 1 DAGs
[2024-10-28T18:13:09.378+0000] {logging_mixin.py:190} INFO - [2024-10-28T18:13:09.378+0000] {dag.py:4180} INFO - Setting next_dagrun for example_branch_labels to 2024-10-27 00:00:00+00:00, run_after=2024-10-28 00:00:00+00:00
[2024-10-28T18:13:09.398+0000] {processor.py:208} INFO - Processing /home/airflow/.local/lib/python3.12/site-packages/airflow/example_dags/example_branch_labels.py took 0.063 seconds
[2024-10-28T18:13:40.381+0000] {processor.py:186} INFO - Started process (PID=1386) to work on /home/airflow/.local/lib/python3.12/site-packages/airflow/example_dags/example_branch_labels.py
[2024-10-28T18:13:40.381+0000] {processor.py:914} INFO - Processing file /home/airflow/.local/lib/python3.12/site-packages/airflow/example_dags/example_branch_labels.py for tasks to queue
[2024-10-28T18:13:40.384+0000] {logging_mixin.py:190} INFO - [2024-10-28T18:13:40.384+0000] {dagbag.py:588} INFO - Filling up the DagBag from /home/airflow/.local/lib/python3.12/site-packages/airflow/example_dags/example_branch_labels.py
[2024-10-28T18:13:40.391+0000] {processor.py:925} INFO - DAG(s) 'example_branch_labels' retrieved from /home/airflow/.local/lib/python3.12/site-packages/airflow/example_dags/example_branch_labels.py
[2024-10-28T18:13:40.405+0000] {logging_mixin.py:190} INFO - [2024-10-28T18:13:40.404+0000] {dag.py:3239} INFO - Sync 1 DAGs
[2024-10-28T18:13:40.423+0000] {logging_mixin.py:190} INFO - [2024-10-28T18:13:40.423+0000] {dag.py:4180} INFO - Setting next_dagrun for example_branch_labels to 2024-10-27 00:00:00+00:00, run_after=2024-10-28 00:00:00+00:00
[2024-10-28T18:13:40.438+0000] {processor.py:208} INFO - Processing /home/airflow/.local/lib/python3.12/site-packages/airflow/example_dags/example_branch_labels.py took 0.061 seconds
[2024-10-28T18:14:11.114+0000] {processor.py:186} INFO - Started process (PID=1452) to work on /home/airflow/.local/lib/python3.12/site-packages/airflow/example_dags/example_branch_labels.py
[2024-10-28T18:14:11.114+0000] {processor.py:914} INFO - Processing file /home/airflow/.local/lib/python3.12/site-packages/airflow/example_dags/example_branch_labels.py for tasks to queue
[2024-10-28T18:14:11.116+0000] {logging_mixin.py:190} INFO - [2024-10-28T18:14:11.116+0000] {dagbag.py:588} INFO - Filling up the DagBag from /home/airflow/.local/lib/python3.12/site-packages/airflow/example_dags/example_branch_labels.py
[2024-10-28T18:14:11.129+0000] {processor.py:925} INFO - DAG(s) 'example_branch_labels' retrieved from /home/airflow/.local/lib/python3.12/site-packages/airflow/example_dags/example_branch_labels.py
[2024-10-28T18:14:11.146+0000] {logging_mixin.py:190} INFO - [2024-10-28T18:14:11.146+0000] {dag.py:3239} INFO - Sync 1 DAGs
[2024-10-28T18:14:11.163+0000] {logging_mixin.py:190} INFO - [2024-10-28T18:14:11.163+0000] {dag.py:4180} INFO - Setting next_dagrun for example_branch_labels to 2024-10-27 00:00:00+00:00, run_after=2024-10-28 00:00:00+00:00
[2024-10-28T18:14:11.187+0000] {processor.py:208} INFO - Processing /home/airflow/.local/lib/python3.12/site-packages/airflow/example_dags/example_branch_labels.py took 0.077 seconds
[2024-10-28T18:14:41.992+0000] {processor.py:186} INFO - Started process (PID=1518) to work on /home/airflow/.local/lib/python3.12/site-packages/airflow/example_dags/example_branch_labels.py
[2024-10-28T18:14:41.993+0000] {processor.py:914} INFO - Processing file /home/airflow/.local/lib/python3.12/site-packages/airflow/example_dags/example_branch_labels.py for tasks to queue
[2024-10-28T18:14:41.994+0000] {logging_mixin.py:190} INFO - [2024-10-28T18:14:41.994+0000] {dagbag.py:588} INFO - Filling up the DagBag from /home/airflow/.local/lib/python3.12/site-packages/airflow/example_dags/example_branch_labels.py
[2024-10-28T18:14:42.001+0000] {processor.py:925} INFO - DAG(s) 'example_branch_labels' retrieved from /home/airflow/.local/lib/python3.12/site-packages/airflow/example_dags/example_branch_labels.py
[2024-10-28T18:14:42.015+0000] {logging_mixin.py:190} INFO - [2024-10-28T18:14:42.015+0000] {dag.py:3239} INFO - Sync 1 DAGs
[2024-10-28T18:14:42.032+0000] {logging_mixin.py:190} INFO - [2024-10-28T18:14:42.032+0000] {dag.py:4180} INFO - Setting next_dagrun for example_branch_labels to 2024-10-27 00:00:00+00:00, run_after=2024-10-28 00:00:00+00:00
[2024-10-28T18:14:42.054+0000] {processor.py:208} INFO - Processing /home/airflow/.local/lib/python3.12/site-packages/airflow/example_dags/example_branch_labels.py took 0.066 seconds
[2024-10-28T18:15:12.556+0000] {processor.py:186} INFO - Started process (PID=1584) to work on /home/airflow/.local/lib/python3.12/site-packages/airflow/example_dags/example_branch_labels.py
[2024-10-28T18:15:12.557+0000] {processor.py:914} INFO - Processing file /home/airflow/.local/lib/python3.12/site-packages/airflow/example_dags/example_branch_labels.py for tasks to queue
[2024-10-28T18:15:12.559+0000] {logging_mixin.py:190} INFO - [2024-10-28T18:15:12.559+0000] {dagbag.py:588} INFO - Filling up the DagBag from /home/airflow/.local/lib/python3.12/site-packages/airflow/example_dags/example_branch_labels.py
[2024-10-28T18:15:12.565+0000] {processor.py:925} INFO - DAG(s) 'example_branch_labels' retrieved from /home/airflow/.local/lib/python3.12/site-packages/airflow/example_dags/example_branch_labels.py
[2024-10-28T18:15:12.580+0000] {logging_mixin.py:190} INFO - [2024-10-28T18:15:12.580+0000] {dag.py:3239} INFO - Sync 1 DAGs
[2024-10-28T18:15:12.596+0000] {logging_mixin.py:190} INFO - [2024-10-28T18:15:12.596+0000] {dag.py:4180} INFO - Setting next_dagrun for example_branch_labels to 2024-10-27 00:00:00+00:00, run_after=2024-10-28 00:00:00+00:00
[2024-10-28T18:15:12.607+0000] {processor.py:208} INFO - Processing /home/airflow/.local/lib/python3.12/site-packages/airflow/example_dags/example_branch_labels.py took 0.055 seconds
[2024-10-28T18:15:43.350+0000] {processor.py:186} INFO - Started process (PID=1650) to work on /home/airflow/.local/lib/python3.12/site-packages/airflow/example_dags/example_branch_labels.py
[2024-10-28T18:15:43.352+0000] {processor.py:914} INFO - Processing file /home/airflow/.local/lib/python3.12/site-packages/airflow/example_dags/example_branch_labels.py for tasks to queue
[2024-10-28T18:15:43.354+0000] {logging_mixin.py:190} INFO - [2024-10-28T18:15:43.353+0000] {dagbag.py:588} INFO - Filling up the DagBag from /home/airflow/.local/lib/python3.12/site-packages/airflow/example_dags/example_branch_labels.py
[2024-10-28T18:15:43.362+0000] {processor.py:925} INFO - DAG(s) 'example_branch_labels' retrieved from /home/airflow/.local/lib/python3.12/site-packages/airflow/example_dags/example_branch_labels.py
[2024-10-28T18:15:43.380+0000] {logging_mixin.py:190} INFO - [2024-10-28T18:15:43.380+0000] {dag.py:3239} INFO - Sync 1 DAGs
[2024-10-28T18:15:43.402+0000] {logging_mixin.py:190} INFO - [2024-10-28T18:15:43.401+0000] {dag.py:4180} INFO - Setting next_dagrun for example_branch_labels to 2024-10-27 00:00:00+00:00, run_after=2024-10-28 00:00:00+00:00
[2024-10-28T18:15:43.428+0000] {processor.py:208} INFO - Processing /home/airflow/.local/lib/python3.12/site-packages/airflow/example_dags/example_branch_labels.py took 0.082 seconds
[2024-10-28T18:16:14.183+0000] {processor.py:186} INFO - Started process (PID=1716) to work on /home/airflow/.local/lib/python3.12/site-packages/airflow/example_dags/example_branch_labels.py
[2024-10-28T18:16:14.184+0000] {processor.py:914} INFO - Processing file /home/airflow/.local/lib/python3.12/site-packages/airflow/example_dags/example_branch_labels.py for tasks to queue
[2024-10-28T18:16:14.186+0000] {logging_mixin.py:190} INFO - [2024-10-28T18:16:14.186+0000] {dagbag.py:588} INFO - Filling up the DagBag from /home/airflow/.local/lib/python3.12/site-packages/airflow/example_dags/example_branch_labels.py
[2024-10-28T18:16:14.192+0000] {processor.py:925} INFO - DAG(s) 'example_branch_labels' retrieved from /home/airflow/.local/lib/python3.12/site-packages/airflow/example_dags/example_branch_labels.py
[2024-10-28T18:16:14.207+0000] {logging_mixin.py:190} INFO - [2024-10-28T18:16:14.207+0000] {dag.py:3239} INFO - Sync 1 DAGs
[2024-10-28T18:16:14.224+0000] {logging_mixin.py:190} INFO - [2024-10-28T18:16:14.224+0000] {dag.py:4180} INFO - Setting next_dagrun for example_branch_labels to 2024-10-27 00:00:00+00:00, run_after=2024-10-28 00:00:00+00:00
[2024-10-28T18:16:14.244+0000] {processor.py:208} INFO - Processing /home/airflow/.local/lib/python3.12/site-packages/airflow/example_dags/example_branch_labels.py took 0.064 seconds
[2024-10-28T18:16:44.846+0000] {processor.py:186} INFO - Started process (PID=1782) to work on /home/airflow/.local/lib/python3.12/site-packages/airflow/example_dags/example_branch_labels.py
[2024-10-28T18:16:44.847+0000] {processor.py:914} INFO - Processing file /home/airflow/.local/lib/python3.12/site-packages/airflow/example_dags/example_branch_labels.py for tasks to queue
[2024-10-28T18:16:44.849+0000] {logging_mixin.py:190} INFO - [2024-10-28T18:16:44.849+0000] {dagbag.py:588} INFO - Filling up the DagBag from /home/airflow/.local/lib/python3.12/site-packages/airflow/example_dags/example_branch_labels.py
[2024-10-28T18:16:44.855+0000] {processor.py:925} INFO - DAG(s) 'example_branch_labels' retrieved from /home/airflow/.local/lib/python3.12/site-packages/airflow/example_dags/example_branch_labels.py
[2024-10-28T18:16:44.869+0000] {logging_mixin.py:190} INFO - [2024-10-28T18:16:44.869+0000] {dag.py:3239} INFO - Sync 1 DAGs
[2024-10-28T18:16:44.886+0000] {logging_mixin.py:190} INFO - [2024-10-28T18:16:44.885+0000] {dag.py:4180} INFO - Setting next_dagrun for example_branch_labels to 2024-10-27 00:00:00+00:00, run_after=2024-10-28 00:00:00+00:00
[2024-10-28T18:16:44.898+0000] {processor.py:208} INFO - Processing /home/airflow/.local/lib/python3.12/site-packages/airflow/example_dags/example_branch_labels.py took 0.056 seconds
[2024-10-28T18:17:16.042+0000] {processor.py:186} INFO - Started process (PID=1848) to work on /home/airflow/.local/lib/python3.12/site-packages/airflow/example_dags/example_branch_labels.py
[2024-10-28T18:17:16.044+0000] {processor.py:914} INFO - Processing file /home/airflow/.local/lib/python3.12/site-packages/airflow/example_dags/example_branch_labels.py for tasks to queue
[2024-10-28T18:17:16.046+0000] {logging_mixin.py:190} INFO - [2024-10-28T18:17:16.046+0000] {dagbag.py:588} INFO - Filling up the DagBag from /home/airflow/.local/lib/python3.12/site-packages/airflow/example_dags/example_branch_labels.py
[2024-10-28T18:17:16.053+0000] {processor.py:925} INFO - DAG(s) 'example_branch_labels' retrieved from /home/airflow/.local/lib/python3.12/site-packages/airflow/example_dags/example_branch_labels.py
[2024-10-28T18:17:16.068+0000] {logging_mixin.py:190} INFO - [2024-10-28T18:17:16.068+0000] {dag.py:3239} INFO - Sync 1 DAGs
[2024-10-28T18:17:16.084+0000] {logging_mixin.py:190} INFO - [2024-10-28T18:17:16.084+0000] {dag.py:4180} INFO - Setting next_dagrun for example_branch_labels to 2024-10-27 00:00:00+00:00, run_after=2024-10-28 00:00:00+00:00
[2024-10-28T18:17:16.098+0000] {processor.py:208} INFO - Processing /home/airflow/.local/lib/python3.12/site-packages/airflow/example_dags/example_branch_labels.py took 0.061 seconds
[2024-10-28T18:17:47.180+0000] {processor.py:186} INFO - Started process (PID=1913) to work on /home/airflow/.local/lib/python3.12/site-packages/airflow/example_dags/example_branch_labels.py
[2024-10-28T18:17:47.181+0000] {processor.py:914} INFO - Processing file /home/airflow/.local/lib/python3.12/site-packages/airflow/example_dags/example_branch_labels.py for tasks to queue
[2024-10-28T18:17:47.184+0000] {logging_mixin.py:190} INFO - [2024-10-28T18:17:47.183+0000] {dagbag.py:588} INFO - Filling up the DagBag from /home/airflow/.local/lib/python3.12/site-packages/airflow/example_dags/example_branch_labels.py
[2024-10-28T18:17:47.193+0000] {processor.py:925} INFO - DAG(s) 'example_branch_labels' retrieved from /home/airflow/.local/lib/python3.12/site-packages/airflow/example_dags/example_branch_labels.py
[2024-10-28T18:17:47.212+0000] {logging_mixin.py:190} INFO - [2024-10-28T18:17:47.212+0000] {dag.py:3239} INFO - Sync 1 DAGs
[2024-10-28T18:17:47.235+0000] {logging_mixin.py:190} INFO - [2024-10-28T18:17:47.235+0000] {dag.py:4180} INFO - Setting next_dagrun for example_branch_labels to 2024-10-27 00:00:00+00:00, run_after=2024-10-28 00:00:00+00:00
[2024-10-28T18:17:47.255+0000] {processor.py:208} INFO - Processing /home/airflow/.local/lib/python3.12/site-packages/airflow/example_dags/example_branch_labels.py took 0.080 seconds
[2024-10-28T18:18:18.266+0000] {processor.py:186} INFO - Started process (PID=1979) to work on /home/airflow/.local/lib/python3.12/site-packages/airflow/example_dags/example_branch_labels.py
[2024-10-28T18:18:18.267+0000] {processor.py:914} INFO - Processing file /home/airflow/.local/lib/python3.12/site-packages/airflow/example_dags/example_branch_labels.py for tasks to queue
[2024-10-28T18:18:18.269+0000] {logging_mixin.py:190} INFO - [2024-10-28T18:18:18.269+0000] {dagbag.py:588} INFO - Filling up the DagBag from /home/airflow/.local/lib/python3.12/site-packages/airflow/example_dags/example_branch_labels.py
[2024-10-28T18:18:18.278+0000] {processor.py:925} INFO - DAG(s) 'example_branch_labels' retrieved from /home/airflow/.local/lib/python3.12/site-packages/airflow/example_dags/example_branch_labels.py
[2024-10-28T18:18:18.298+0000] {logging_mixin.py:190} INFO - [2024-10-28T18:18:18.298+0000] {dag.py:3239} INFO - Sync 1 DAGs
[2024-10-28T18:18:18.321+0000] {logging_mixin.py:190} INFO - [2024-10-28T18:18:18.321+0000] {dag.py:4180} INFO - Setting next_dagrun for example_branch_labels to 2024-10-27 00:00:00+00:00, run_after=2024-10-28 00:00:00+00:00
[2024-10-28T18:18:18.347+0000] {processor.py:208} INFO - Processing /home/airflow/.local/lib/python3.12/site-packages/airflow/example_dags/example_branch_labels.py took 0.087 seconds
[2024-10-28T18:18:49.115+0000] {processor.py:186} INFO - Started process (PID=2045) to work on /home/airflow/.local/lib/python3.12/site-packages/airflow/example_dags/example_branch_labels.py
[2024-10-28T18:18:49.117+0000] {processor.py:914} INFO - Processing file /home/airflow/.local/lib/python3.12/site-packages/airflow/example_dags/example_branch_labels.py for tasks to queue
[2024-10-28T18:18:49.120+0000] {logging_mixin.py:190} INFO - [2024-10-28T18:18:49.119+0000] {dagbag.py:588} INFO - Filling up the DagBag from /home/airflow/.local/lib/python3.12/site-packages/airflow/example_dags/example_branch_labels.py
[2024-10-28T18:18:49.129+0000] {processor.py:925} INFO - DAG(s) 'example_branch_labels' retrieved from /home/airflow/.local/lib/python3.12/site-packages/airflow/example_dags/example_branch_labels.py
[2024-10-28T18:18:49.152+0000] {logging_mixin.py:190} INFO - [2024-10-28T18:18:49.151+0000] {dag.py:3239} INFO - Sync 1 DAGs
[2024-10-28T18:18:49.176+0000] {logging_mixin.py:190} INFO - [2024-10-28T18:18:49.176+0000] {dag.py:4180} INFO - Setting next_dagrun for example_branch_labels to 2024-10-27 00:00:00+00:00, run_after=2024-10-28 00:00:00+00:00
[2024-10-28T18:18:49.195+0000] {processor.py:208} INFO - Processing /home/airflow/.local/lib/python3.12/site-packages/airflow/example_dags/example_branch_labels.py took 0.085 seconds
[2024-10-28T18:19:19.683+0000] {processor.py:186} INFO - Started process (PID=2111) to work on /home/airflow/.local/lib/python3.12/site-packages/airflow/example_dags/example_branch_labels.py
[2024-10-28T18:19:19.683+0000] {processor.py:914} INFO - Processing file /home/airflow/.local/lib/python3.12/site-packages/airflow/example_dags/example_branch_labels.py for tasks to queue
[2024-10-28T18:19:19.685+0000] {logging_mixin.py:190} INFO - [2024-10-28T18:19:19.685+0000] {dagbag.py:588} INFO - Filling up the DagBag from /home/airflow/.local/lib/python3.12/site-packages/airflow/example_dags/example_branch_labels.py
[2024-10-28T18:19:19.692+0000] {processor.py:925} INFO - DAG(s) 'example_branch_labels' retrieved from /home/airflow/.local/lib/python3.12/site-packages/airflow/example_dags/example_branch_labels.py
[2024-10-28T18:19:19.706+0000] {logging_mixin.py:190} INFO - [2024-10-28T18:19:19.706+0000] {dag.py:3239} INFO - Sync 1 DAGs
[2024-10-28T18:19:19.721+0000] {logging_mixin.py:190} INFO - [2024-10-28T18:19:19.721+0000] {dag.py:4180} INFO - Setting next_dagrun for example_branch_labels to 2024-10-27 00:00:00+00:00, run_after=2024-10-28 00:00:00+00:00
[2024-10-28T18:19:19.738+0000] {processor.py:208} INFO - Processing /home/airflow/.local/lib/python3.12/site-packages/airflow/example_dags/example_branch_labels.py took 0.059 seconds
[2024-10-28T18:19:50.315+0000] {processor.py:186} INFO - Started process (PID=2178) to work on /home/airflow/.local/lib/python3.12/site-packages/airflow/example_dags/example_branch_labels.py
[2024-10-28T18:19:50.316+0000] {processor.py:914} INFO - Processing file /home/airflow/.local/lib/python3.12/site-packages/airflow/example_dags/example_branch_labels.py for tasks to queue
[2024-10-28T18:19:50.318+0000] {logging_mixin.py:190} INFO - [2024-10-28T18:19:50.317+0000] {dagbag.py:588} INFO - Filling up the DagBag from /home/airflow/.local/lib/python3.12/site-packages/airflow/example_dags/example_branch_labels.py
[2024-10-28T18:19:50.324+0000] {processor.py:925} INFO - DAG(s) 'example_branch_labels' retrieved from /home/airflow/.local/lib/python3.12/site-packages/airflow/example_dags/example_branch_labels.py
[2024-10-28T18:19:50.340+0000] {logging_mixin.py:190} INFO - [2024-10-28T18:19:50.340+0000] {dag.py:3239} INFO - Sync 1 DAGs
[2024-10-28T18:19:50.356+0000] {logging_mixin.py:190} INFO - [2024-10-28T18:19:50.356+0000] {dag.py:4180} INFO - Setting next_dagrun for example_branch_labels to 2024-10-27 00:00:00+00:00, run_after=2024-10-28 00:00:00+00:00
[2024-10-28T18:19:50.379+0000] {processor.py:208} INFO - Processing /home/airflow/.local/lib/python3.12/site-packages/airflow/example_dags/example_branch_labels.py took 0.068 seconds
[2024-10-28T18:20:20.761+0000] {processor.py:186} INFO - Started process (PID=2244) to work on /home/airflow/.local/lib/python3.12/site-packages/airflow/example_dags/example_branch_labels.py
[2024-10-28T18:20:20.763+0000] {processor.py:914} INFO - Processing file /home/airflow/.local/lib/python3.12/site-packages/airflow/example_dags/example_branch_labels.py for tasks to queue
[2024-10-28T18:20:20.765+0000] {logging_mixin.py:190} INFO - [2024-10-28T18:20:20.765+0000] {dagbag.py:588} INFO - Filling up the DagBag from /home/airflow/.local/lib/python3.12/site-packages/airflow/example_dags/example_branch_labels.py
[2024-10-28T18:20:20.774+0000] {processor.py:925} INFO - DAG(s) 'example_branch_labels' retrieved from /home/airflow/.local/lib/python3.12/site-packages/airflow/example_dags/example_branch_labels.py
[2024-10-28T18:20:20.795+0000] {logging_mixin.py:190} INFO - [2024-10-28T18:20:20.795+0000] {dag.py:3239} INFO - Sync 1 DAGs
[2024-10-28T18:20:20.815+0000] {logging_mixin.py:190} INFO - [2024-10-28T18:20:20.815+0000] {dag.py:4180} INFO - Setting next_dagrun for example_branch_labels to 2024-10-27 00:00:00+00:00, run_after=2024-10-28 00:00:00+00:00
[2024-10-28T18:20:20.832+0000] {processor.py:208} INFO - Processing /home/airflow/.local/lib/python3.12/site-packages/airflow/example_dags/example_branch_labels.py took 0.076 seconds
[2024-10-28T18:20:51.124+0000] {processor.py:186} INFO - Started process (PID=2310) to work on /home/airflow/.local/lib/python3.12/site-packages/airflow/example_dags/example_branch_labels.py
[2024-10-28T18:20:51.125+0000] {processor.py:914} INFO - Processing file /home/airflow/.local/lib/python3.12/site-packages/airflow/example_dags/example_branch_labels.py for tasks to queue
[2024-10-28T18:20:51.127+0000] {logging_mixin.py:190} INFO - [2024-10-28T18:20:51.127+0000] {dagbag.py:588} INFO - Filling up the DagBag from /home/airflow/.local/lib/python3.12/site-packages/airflow/example_dags/example_branch_labels.py
[2024-10-28T18:20:51.134+0000] {processor.py:925} INFO - DAG(s) 'example_branch_labels' retrieved from /home/airflow/.local/lib/python3.12/site-packages/airflow/example_dags/example_branch_labels.py
[2024-10-28T18:20:51.153+0000] {logging_mixin.py:190} INFO - [2024-10-28T18:20:51.153+0000] {dag.py:3239} INFO - Sync 1 DAGs
[2024-10-28T18:20:51.172+0000] {logging_mixin.py:190} INFO - [2024-10-28T18:20:51.172+0000] {dag.py:4180} INFO - Setting next_dagrun for example_branch_labels to 2024-10-27 00:00:00+00:00, run_after=2024-10-28 00:00:00+00:00
[2024-10-28T18:20:51.187+0000] {processor.py:208} INFO - Processing /home/airflow/.local/lib/python3.12/site-packages/airflow/example_dags/example_branch_labels.py took 0.068 seconds
[2024-10-28T18:21:22.574+0000] {processor.py:186} INFO - Started process (PID=2382) to work on /home/airflow/.local/lib/python3.12/site-packages/airflow/example_dags/example_branch_labels.py
[2024-10-28T18:21:22.575+0000] {processor.py:914} INFO - Processing file /home/airflow/.local/lib/python3.12/site-packages/airflow/example_dags/example_branch_labels.py for tasks to queue
[2024-10-28T18:21:22.577+0000] {logging_mixin.py:190} INFO - [2024-10-28T18:21:22.577+0000] {dagbag.py:588} INFO - Filling up the DagBag from /home/airflow/.local/lib/python3.12/site-packages/airflow/example_dags/example_branch_labels.py
[2024-10-28T18:21:22.584+0000] {processor.py:925} INFO - DAG(s) 'example_branch_labels' retrieved from /home/airflow/.local/lib/python3.12/site-packages/airflow/example_dags/example_branch_labels.py
[2024-10-28T18:21:22.597+0000] {logging_mixin.py:190} INFO - [2024-10-28T18:21:22.597+0000] {dag.py:3239} INFO - Sync 1 DAGs
[2024-10-28T18:21:22.612+0000] {logging_mixin.py:190} INFO - [2024-10-28T18:21:22.611+0000] {dag.py:4180} INFO - Setting next_dagrun for example_branch_labels to 2024-10-27 00:00:00+00:00, run_after=2024-10-28 00:00:00+00:00
[2024-10-28T18:21:22.628+0000] {processor.py:208} INFO - Processing /home/airflow/.local/lib/python3.12/site-packages/airflow/example_dags/example_branch_labels.py took 0.058 seconds
[2024-10-28T18:21:53.480+0000] {processor.py:186} INFO - Started process (PID=2448) to work on /home/airflow/.local/lib/python3.12/site-packages/airflow/example_dags/example_branch_labels.py
[2024-10-28T18:21:53.481+0000] {processor.py:914} INFO - Processing file /home/airflow/.local/lib/python3.12/site-packages/airflow/example_dags/example_branch_labels.py for tasks to queue
[2024-10-28T18:21:53.482+0000] {logging_mixin.py:190} INFO - [2024-10-28T18:21:53.482+0000] {dagbag.py:588} INFO - Filling up the DagBag from /home/airflow/.local/lib/python3.12/site-packages/airflow/example_dags/example_branch_labels.py
[2024-10-28T18:21:53.490+0000] {processor.py:925} INFO - DAG(s) 'example_branch_labels' retrieved from /home/airflow/.local/lib/python3.12/site-packages/airflow/example_dags/example_branch_labels.py
[2024-10-28T18:21:53.506+0000] {logging_mixin.py:190} INFO - [2024-10-28T18:21:53.506+0000] {dag.py:3239} INFO - Sync 1 DAGs
[2024-10-28T18:21:53.525+0000] {logging_mixin.py:190} INFO - [2024-10-28T18:21:53.525+0000] {dag.py:4180} INFO - Setting next_dagrun for example_branch_labels to 2024-10-27 00:00:00+00:00, run_after=2024-10-28 00:00:00+00:00
[2024-10-28T18:21:53.544+0000] {processor.py:208} INFO - Processing /home/airflow/.local/lib/python3.12/site-packages/airflow/example_dags/example_branch_labels.py took 0.068 seconds
[2024-10-28T18:22:24.735+0000] {processor.py:186} INFO - Started process (PID=2514) to work on /home/airflow/.local/lib/python3.12/site-packages/airflow/example_dags/example_branch_labels.py
[2024-10-28T18:22:24.736+0000] {processor.py:914} INFO - Processing file /home/airflow/.local/lib/python3.12/site-packages/airflow/example_dags/example_branch_labels.py for tasks to queue
[2024-10-28T18:22:24.738+0000] {logging_mixin.py:190} INFO - [2024-10-28T18:22:24.738+0000] {dagbag.py:588} INFO - Filling up the DagBag from /home/airflow/.local/lib/python3.12/site-packages/airflow/example_dags/example_branch_labels.py
[2024-10-28T18:22:24.746+0000] {processor.py:925} INFO - DAG(s) 'example_branch_labels' retrieved from /home/airflow/.local/lib/python3.12/site-packages/airflow/example_dags/example_branch_labels.py
[2024-10-28T18:22:24.762+0000] {logging_mixin.py:190} INFO - [2024-10-28T18:22:24.762+0000] {dag.py:3239} INFO - Sync 1 DAGs
[2024-10-28T18:22:24.780+0000] {logging_mixin.py:190} INFO - [2024-10-28T18:22:24.779+0000] {dag.py:4180} INFO - Setting next_dagrun for example_branch_labels to 2024-10-27 00:00:00+00:00, run_after=2024-10-28 00:00:00+00:00
[2024-10-28T18:22:24.801+0000] {processor.py:208} INFO - Processing /home/airflow/.local/lib/python3.12/site-packages/airflow/example_dags/example_branch_labels.py took 0.070 seconds
[2024-10-28T18:22:55.076+0000] {processor.py:186} INFO - Started process (PID=2580) to work on /home/airflow/.local/lib/python3.12/site-packages/airflow/example_dags/example_branch_labels.py
[2024-10-28T18:22:55.077+0000] {processor.py:914} INFO - Processing file /home/airflow/.local/lib/python3.12/site-packages/airflow/example_dags/example_branch_labels.py for tasks to queue
[2024-10-28T18:22:55.079+0000] {logging_mixin.py:190} INFO - [2024-10-28T18:22:55.078+0000] {dagbag.py:588} INFO - Filling up the DagBag from /home/airflow/.local/lib/python3.12/site-packages/airflow/example_dags/example_branch_labels.py
[2024-10-28T18:22:55.086+0000] {processor.py:925} INFO - DAG(s) 'example_branch_labels' retrieved from /home/airflow/.local/lib/python3.12/site-packages/airflow/example_dags/example_branch_labels.py
[2024-10-28T18:22:55.102+0000] {logging_mixin.py:190} INFO - [2024-10-28T18:22:55.101+0000] {dag.py:3239} INFO - Sync 1 DAGs
[2024-10-28T18:22:55.122+0000] {logging_mixin.py:190} INFO - [2024-10-28T18:22:55.122+0000] {dag.py:4180} INFO - Setting next_dagrun for example_branch_labels to 2024-10-27 00:00:00+00:00, run_after=2024-10-28 00:00:00+00:00
[2024-10-28T18:22:55.138+0000] {processor.py:208} INFO - Processing /home/airflow/.local/lib/python3.12/site-packages/airflow/example_dags/example_branch_labels.py took 0.066 seconds
[2024-10-28T18:23:25.354+0000] {processor.py:186} INFO - Started process (PID=2646) to work on /home/airflow/.local/lib/python3.12/site-packages/airflow/example_dags/example_branch_labels.py
[2024-10-28T18:23:25.355+0000] {processor.py:914} INFO - Processing file /home/airflow/.local/lib/python3.12/site-packages/airflow/example_dags/example_branch_labels.py for tasks to queue
[2024-10-28T18:23:25.357+0000] {logging_mixin.py:190} INFO - [2024-10-28T18:23:25.356+0000] {dagbag.py:588} INFO - Filling up the DagBag from /home/airflow/.local/lib/python3.12/site-packages/airflow/example_dags/example_branch_labels.py
[2024-10-28T18:23:25.364+0000] {processor.py:925} INFO - DAG(s) 'example_branch_labels' retrieved from /home/airflow/.local/lib/python3.12/site-packages/airflow/example_dags/example_branch_labels.py
[2024-10-28T18:23:25.381+0000] {logging_mixin.py:190} INFO - [2024-10-28T18:23:25.380+0000] {dag.py:3239} INFO - Sync 1 DAGs
[2024-10-28T18:23:25.400+0000] {logging_mixin.py:190} INFO - [2024-10-28T18:23:25.400+0000] {dag.py:4180} INFO - Setting next_dagrun for example_branch_labels to 2024-10-27 00:00:00+00:00, run_after=2024-10-28 00:00:00+00:00
[2024-10-28T18:23:25.425+0000] {processor.py:208} INFO - Processing /home/airflow/.local/lib/python3.12/site-packages/airflow/example_dags/example_branch_labels.py took 0.076 seconds
[2024-10-28T18:23:55.587+0000] {processor.py:186} INFO - Started process (PID=2712) to work on /home/airflow/.local/lib/python3.12/site-packages/airflow/example_dags/example_branch_labels.py
[2024-10-28T18:23:55.588+0000] {processor.py:914} INFO - Processing file /home/airflow/.local/lib/python3.12/site-packages/airflow/example_dags/example_branch_labels.py for tasks to queue
[2024-10-28T18:23:55.590+0000] {logging_mixin.py:190} INFO - [2024-10-28T18:23:55.590+0000] {dagbag.py:588} INFO - Filling up the DagBag from /home/airflow/.local/lib/python3.12/site-packages/airflow/example_dags/example_branch_labels.py
[2024-10-28T18:23:55.596+0000] {processor.py:925} INFO - DAG(s) 'example_branch_labels' retrieved from /home/airflow/.local/lib/python3.12/site-packages/airflow/example_dags/example_branch_labels.py
[2024-10-28T18:23:55.611+0000] {logging_mixin.py:190} INFO - [2024-10-28T18:23:55.611+0000] {dag.py:3239} INFO - Sync 1 DAGs
[2024-10-28T18:23:55.630+0000] {logging_mixin.py:190} INFO - [2024-10-28T18:23:55.629+0000] {dag.py:4180} INFO - Setting next_dagrun for example_branch_labels to 2024-10-27 00:00:00+00:00, run_after=2024-10-28 00:00:00+00:00
[2024-10-28T18:23:55.653+0000] {processor.py:208} INFO - Processing /home/airflow/.local/lib/python3.12/site-packages/airflow/example_dags/example_branch_labels.py took 0.072 seconds
[2024-10-28T18:24:26.481+0000] {processor.py:186} INFO - Started process (PID=2778) to work on /home/airflow/.local/lib/python3.12/site-packages/airflow/example_dags/example_branch_labels.py
[2024-10-28T18:24:26.482+0000] {processor.py:914} INFO - Processing file /home/airflow/.local/lib/python3.12/site-packages/airflow/example_dags/example_branch_labels.py for tasks to queue
[2024-10-28T18:24:26.484+0000] {logging_mixin.py:190} INFO - [2024-10-28T18:24:26.484+0000] {dagbag.py:588} INFO - Filling up the DagBag from /home/airflow/.local/lib/python3.12/site-packages/airflow/example_dags/example_branch_labels.py
[2024-10-28T18:24:26.490+0000] {processor.py:925} INFO - DAG(s) 'example_branch_labels' retrieved from /home/airflow/.local/lib/python3.12/site-packages/airflow/example_dags/example_branch_labels.py
[2024-10-28T18:24:26.504+0000] {logging_mixin.py:190} INFO - [2024-10-28T18:24:26.504+0000] {dag.py:3239} INFO - Sync 1 DAGs
[2024-10-28T18:24:26.521+0000] {logging_mixin.py:190} INFO - [2024-10-28T18:24:26.520+0000] {dag.py:4180} INFO - Setting next_dagrun for example_branch_labels to 2024-10-27 00:00:00+00:00, run_after=2024-10-28 00:00:00+00:00
[2024-10-28T18:24:26.544+0000] {processor.py:208} INFO - Processing /home/airflow/.local/lib/python3.12/site-packages/airflow/example_dags/example_branch_labels.py took 0.066 seconds
[2024-10-28T18:24:57.123+0000] {processor.py:186} INFO - Started process (PID=2844) to work on /home/airflow/.local/lib/python3.12/site-packages/airflow/example_dags/example_branch_labels.py
[2024-10-28T18:24:57.124+0000] {processor.py:914} INFO - Processing file /home/airflow/.local/lib/python3.12/site-packages/airflow/example_dags/example_branch_labels.py for tasks to queue
[2024-10-28T18:24:57.127+0000] {logging_mixin.py:190} INFO - [2024-10-28T18:24:57.126+0000] {dagbag.py:588} INFO - Filling up the DagBag from /home/airflow/.local/lib/python3.12/site-packages/airflow/example_dags/example_branch_labels.py
[2024-10-28T18:24:57.134+0000] {processor.py:925} INFO - DAG(s) 'example_branch_labels' retrieved from /home/airflow/.local/lib/python3.12/site-packages/airflow/example_dags/example_branch_labels.py
[2024-10-28T18:24:57.158+0000] {logging_mixin.py:190} INFO - [2024-10-28T18:24:57.157+0000] {dag.py:3239} INFO - Sync 1 DAGs
[2024-10-28T18:24:57.187+0000] {logging_mixin.py:190} INFO - [2024-10-28T18:24:57.187+0000] {dag.py:4180} INFO - Setting next_dagrun for example_branch_labels to 2024-10-27 00:00:00+00:00, run_after=2024-10-28 00:00:00+00:00
[2024-10-28T18:24:57.211+0000] {processor.py:208} INFO - Processing /home/airflow/.local/lib/python3.12/site-packages/airflow/example_dags/example_branch_labels.py took 0.094 seconds
