[2024-10-28T18:03:56.297+0000] {processor.py:186} INFO - Started process (PID=109) to work on /home/airflow/.local/lib/python3.12/site-packages/airflow/example_dags/example_short_circuit_decorator.py
[2024-10-28T18:03:56.299+0000] {processor.py:914} INFO - Processing file /home/airflow/.local/lib/python3.12/site-packages/airflow/example_dags/example_short_circuit_decorator.py for tasks to queue
[2024-10-28T18:03:56.304+0000] {logging_mixin.py:190} INFO - [2024-10-28T18:03:56.303+0000] {dagbag.py:588} INFO - Filling up the DagBag from /home/airflow/.local/lib/python3.12/site-packages/airflow/example_dags/example_short_circuit_decorator.py
[2024-10-28T18:03:56.325+0000] {processor.py:925} INFO - DAG(s) 'example_short_circuit_decorator' retrieved from /home/airflow/.local/lib/python3.12/site-packages/airflow/example_dags/example_short_circuit_decorator.py
[2024-10-28T18:03:56.376+0000] {logging_mixin.py:190} INFO - [2024-10-28T18:03:56.376+0000] {dag.py:3239} INFO - Sync 1 DAGs
[2024-10-28T18:03:56.401+0000] {logging_mixin.py:190} INFO - [2024-10-28T18:03:56.400+0000] {dag.py:4180} INFO - Setting next_dagrun for example_short_circuit_decorator to None, run_after=None
[2024-10-28T18:03:56.447+0000] {processor.py:208} INFO - Processing /home/airflow/.local/lib/python3.12/site-packages/airflow/example_dags/example_short_circuit_decorator.py took 0.162 seconds
[2024-10-28T18:04:27.146+0000] {processor.py:186} INFO - Started process (PID=175) to work on /home/airflow/.local/lib/python3.12/site-packages/airflow/example_dags/example_short_circuit_decorator.py
[2024-10-28T18:04:27.147+0000] {processor.py:914} INFO - Processing file /home/airflow/.local/lib/python3.12/site-packages/airflow/example_dags/example_short_circuit_decorator.py for tasks to queue
[2024-10-28T18:04:27.148+0000] {logging_mixin.py:190} INFO - [2024-10-28T18:04:27.148+0000] {dagbag.py:588} INFO - Filling up the DagBag from /home/airflow/.local/lib/python3.12/site-packages/airflow/example_dags/example_short_circuit_decorator.py
[2024-10-28T18:04:27.154+0000] {processor.py:925} INFO - DAG(s) 'example_short_circuit_decorator' retrieved from /home/airflow/.local/lib/python3.12/site-packages/airflow/example_dags/example_short_circuit_decorator.py
[2024-10-28T18:04:27.172+0000] {logging_mixin.py:190} INFO - [2024-10-28T18:04:27.172+0000] {dag.py:3239} INFO - Sync 1 DAGs
[2024-10-28T18:04:27.183+0000] {logging_mixin.py:190} INFO - [2024-10-28T18:04:27.183+0000] {dag.py:4180} INFO - Setting next_dagrun for example_short_circuit_decorator to None, run_after=None
[2024-10-28T18:04:27.208+0000] {processor.py:208} INFO - Processing /home/airflow/.local/lib/python3.12/site-packages/airflow/example_dags/example_short_circuit_decorator.py took 0.066 seconds
[2024-10-28T18:04:58.426+0000] {processor.py:186} INFO - Started process (PID=241) to work on /home/airflow/.local/lib/python3.12/site-packages/airflow/example_dags/example_short_circuit_decorator.py
[2024-10-28T18:04:58.427+0000] {processor.py:914} INFO - Processing file /home/airflow/.local/lib/python3.12/site-packages/airflow/example_dags/example_short_circuit_decorator.py for tasks to queue
[2024-10-28T18:04:58.429+0000] {logging_mixin.py:190} INFO - [2024-10-28T18:04:58.429+0000] {dagbag.py:588} INFO - Filling up the DagBag from /home/airflow/.local/lib/python3.12/site-packages/airflow/example_dags/example_short_circuit_decorator.py
[2024-10-28T18:04:58.437+0000] {processor.py:925} INFO - DAG(s) 'example_short_circuit_decorator' retrieved from /home/airflow/.local/lib/python3.12/site-packages/airflow/example_dags/example_short_circuit_decorator.py
[2024-10-28T18:04:58.461+0000] {logging_mixin.py:190} INFO - [2024-10-28T18:04:58.461+0000] {dag.py:3239} INFO - Sync 1 DAGs
[2024-10-28T18:04:58.473+0000] {logging_mixin.py:190} INFO - [2024-10-28T18:04:58.473+0000] {dag.py:4180} INFO - Setting next_dagrun for example_short_circuit_decorator to None, run_after=None
[2024-10-28T18:04:58.502+0000] {processor.py:208} INFO - Processing /home/airflow/.local/lib/python3.12/site-packages/airflow/example_dags/example_short_circuit_decorator.py took 0.081 seconds
[2024-10-28T18:05:28.933+0000] {processor.py:186} INFO - Started process (PID=307) to work on /home/airflow/.local/lib/python3.12/site-packages/airflow/example_dags/example_short_circuit_decorator.py
[2024-10-28T18:05:28.934+0000] {processor.py:914} INFO - Processing file /home/airflow/.local/lib/python3.12/site-packages/airflow/example_dags/example_short_circuit_decorator.py for tasks to queue
[2024-10-28T18:05:28.936+0000] {logging_mixin.py:190} INFO - [2024-10-28T18:05:28.936+0000] {dagbag.py:588} INFO - Filling up the DagBag from /home/airflow/.local/lib/python3.12/site-packages/airflow/example_dags/example_short_circuit_decorator.py
[2024-10-28T18:05:28.943+0000] {processor.py:925} INFO - DAG(s) 'example_short_circuit_decorator' retrieved from /home/airflow/.local/lib/python3.12/site-packages/airflow/example_dags/example_short_circuit_decorator.py
[2024-10-28T18:05:28.962+0000] {logging_mixin.py:190} INFO - [2024-10-28T18:05:28.961+0000] {dag.py:3239} INFO - Sync 1 DAGs
[2024-10-28T18:05:28.972+0000] {logging_mixin.py:190} INFO - [2024-10-28T18:05:28.972+0000] {dag.py:4180} INFO - Setting next_dagrun for example_short_circuit_decorator to None, run_after=None
[2024-10-28T18:05:28.999+0000] {processor.py:208} INFO - Processing /home/airflow/.local/lib/python3.12/site-packages/airflow/example_dags/example_short_circuit_decorator.py took 0.069 seconds
[2024-10-28T18:05:59.735+0000] {processor.py:186} INFO - Started process (PID=373) to work on /home/airflow/.local/lib/python3.12/site-packages/airflow/example_dags/example_short_circuit_decorator.py
[2024-10-28T18:05:59.737+0000] {processor.py:914} INFO - Processing file /home/airflow/.local/lib/python3.12/site-packages/airflow/example_dags/example_short_circuit_decorator.py for tasks to queue
[2024-10-28T18:05:59.739+0000] {logging_mixin.py:190} INFO - [2024-10-28T18:05:59.738+0000] {dagbag.py:588} INFO - Filling up the DagBag from /home/airflow/.local/lib/python3.12/site-packages/airflow/example_dags/example_short_circuit_decorator.py
[2024-10-28T18:05:59.745+0000] {processor.py:925} INFO - DAG(s) 'example_short_circuit_decorator' retrieved from /home/airflow/.local/lib/python3.12/site-packages/airflow/example_dags/example_short_circuit_decorator.py
[2024-10-28T18:05:59.765+0000] {logging_mixin.py:190} INFO - [2024-10-28T18:05:59.765+0000] {dag.py:3239} INFO - Sync 1 DAGs
[2024-10-28T18:05:59.776+0000] {logging_mixin.py:190} INFO - [2024-10-28T18:05:59.775+0000] {dag.py:4180} INFO - Setting next_dagrun for example_short_circuit_decorator to None, run_after=None
[2024-10-28T18:05:59.800+0000] {processor.py:208} INFO - Processing /home/airflow/.local/lib/python3.12/site-packages/airflow/example_dags/example_short_circuit_decorator.py took 0.068 seconds
[2024-10-28T18:06:30.634+0000] {processor.py:186} INFO - Started process (PID=439) to work on /home/airflow/.local/lib/python3.12/site-packages/airflow/example_dags/example_short_circuit_decorator.py
[2024-10-28T18:06:30.635+0000] {processor.py:914} INFO - Processing file /home/airflow/.local/lib/python3.12/site-packages/airflow/example_dags/example_short_circuit_decorator.py for tasks to queue
[2024-10-28T18:06:30.637+0000] {logging_mixin.py:190} INFO - [2024-10-28T18:06:30.637+0000] {dagbag.py:588} INFO - Filling up the DagBag from /home/airflow/.local/lib/python3.12/site-packages/airflow/example_dags/example_short_circuit_decorator.py
[2024-10-28T18:06:30.646+0000] {processor.py:925} INFO - DAG(s) 'example_short_circuit_decorator' retrieved from /home/airflow/.local/lib/python3.12/site-packages/airflow/example_dags/example_short_circuit_decorator.py
[2024-10-28T18:06:30.663+0000] {logging_mixin.py:190} INFO - [2024-10-28T18:06:30.663+0000] {dag.py:3239} INFO - Sync 1 DAGs
[2024-10-28T18:06:30.675+0000] {logging_mixin.py:190} INFO - [2024-10-28T18:06:30.675+0000] {dag.py:4180} INFO - Setting next_dagrun for example_short_circuit_decorator to None, run_after=None
[2024-10-28T18:06:30.697+0000] {processor.py:208} INFO - Processing /home/airflow/.local/lib/python3.12/site-packages/airflow/example_dags/example_short_circuit_decorator.py took 0.067 seconds
[2024-10-28T18:07:01.300+0000] {processor.py:186} INFO - Started process (PID=505) to work on /home/airflow/.local/lib/python3.12/site-packages/airflow/example_dags/example_short_circuit_decorator.py
[2024-10-28T18:07:01.300+0000] {processor.py:914} INFO - Processing file /home/airflow/.local/lib/python3.12/site-packages/airflow/example_dags/example_short_circuit_decorator.py for tasks to queue
[2024-10-28T18:07:01.302+0000] {logging_mixin.py:190} INFO - [2024-10-28T18:07:01.302+0000] {dagbag.py:588} INFO - Filling up the DagBag from /home/airflow/.local/lib/python3.12/site-packages/airflow/example_dags/example_short_circuit_decorator.py
[2024-10-28T18:07:01.311+0000] {processor.py:925} INFO - DAG(s) 'example_short_circuit_decorator' retrieved from /home/airflow/.local/lib/python3.12/site-packages/airflow/example_dags/example_short_circuit_decorator.py
[2024-10-28T18:07:01.331+0000] {logging_mixin.py:190} INFO - [2024-10-28T18:07:01.331+0000] {dag.py:3239} INFO - Sync 1 DAGs
[2024-10-28T18:07:01.344+0000] {logging_mixin.py:190} INFO - [2024-10-28T18:07:01.344+0000] {dag.py:4180} INFO - Setting next_dagrun for example_short_circuit_decorator to None, run_after=None
[2024-10-28T18:07:01.367+0000] {processor.py:208} INFO - Processing /home/airflow/.local/lib/python3.12/site-packages/airflow/example_dags/example_short_circuit_decorator.py took 0.072 seconds
[2024-10-28T18:07:31.952+0000] {processor.py:186} INFO - Started process (PID=571) to work on /home/airflow/.local/lib/python3.12/site-packages/airflow/example_dags/example_short_circuit_decorator.py
[2024-10-28T18:07:31.953+0000] {processor.py:914} INFO - Processing file /home/airflow/.local/lib/python3.12/site-packages/airflow/example_dags/example_short_circuit_decorator.py for tasks to queue
[2024-10-28T18:07:31.955+0000] {logging_mixin.py:190} INFO - [2024-10-28T18:07:31.955+0000] {dagbag.py:588} INFO - Filling up the DagBag from /home/airflow/.local/lib/python3.12/site-packages/airflow/example_dags/example_short_circuit_decorator.py
[2024-10-28T18:07:31.968+0000] {processor.py:925} INFO - DAG(s) 'example_short_circuit_decorator' retrieved from /home/airflow/.local/lib/python3.12/site-packages/airflow/example_dags/example_short_circuit_decorator.py
[2024-10-28T18:07:31.988+0000] {logging_mixin.py:190} INFO - [2024-10-28T18:07:31.988+0000] {dag.py:3239} INFO - Sync 1 DAGs
[2024-10-28T18:07:32.005+0000] {logging_mixin.py:190} INFO - [2024-10-28T18:07:32.005+0000] {dag.py:4180} INFO - Setting next_dagrun for example_short_circuit_decorator to None, run_after=None
[2024-10-28T18:07:32.034+0000] {processor.py:208} INFO - Processing /home/airflow/.local/lib/python3.12/site-packages/airflow/example_dags/example_short_circuit_decorator.py took 0.085 seconds
[2024-10-28T18:08:02.492+0000] {processor.py:186} INFO - Started process (PID=637) to work on /home/airflow/.local/lib/python3.12/site-packages/airflow/example_dags/example_short_circuit_decorator.py
[2024-10-28T18:08:02.493+0000] {processor.py:914} INFO - Processing file /home/airflow/.local/lib/python3.12/site-packages/airflow/example_dags/example_short_circuit_decorator.py for tasks to queue
[2024-10-28T18:08:02.495+0000] {logging_mixin.py:190} INFO - [2024-10-28T18:08:02.495+0000] {dagbag.py:588} INFO - Filling up the DagBag from /home/airflow/.local/lib/python3.12/site-packages/airflow/example_dags/example_short_circuit_decorator.py
[2024-10-28T18:08:02.501+0000] {processor.py:925} INFO - DAG(s) 'example_short_circuit_decorator' retrieved from /home/airflow/.local/lib/python3.12/site-packages/airflow/example_dags/example_short_circuit_decorator.py
[2024-10-28T18:08:02.519+0000] {logging_mixin.py:190} INFO - [2024-10-28T18:08:02.519+0000] {dag.py:3239} INFO - Sync 1 DAGs
[2024-10-28T18:08:02.530+0000] {logging_mixin.py:190} INFO - [2024-10-28T18:08:02.530+0000] {dag.py:4180} INFO - Setting next_dagrun for example_short_circuit_decorator to None, run_after=None
[2024-10-28T18:08:02.553+0000] {processor.py:208} INFO - Processing /home/airflow/.local/lib/python3.12/site-packages/airflow/example_dags/example_short_circuit_decorator.py took 0.065 seconds
[2024-10-28T18:08:32.802+0000] {processor.py:186} INFO - Started process (PID=702) to work on /home/airflow/.local/lib/python3.12/site-packages/airflow/example_dags/example_short_circuit_decorator.py
[2024-10-28T18:08:32.803+0000] {processor.py:914} INFO - Processing file /home/airflow/.local/lib/python3.12/site-packages/airflow/example_dags/example_short_circuit_decorator.py for tasks to queue
[2024-10-28T18:08:32.805+0000] {logging_mixin.py:190} INFO - [2024-10-28T18:08:32.804+0000] {dagbag.py:588} INFO - Filling up the DagBag from /home/airflow/.local/lib/python3.12/site-packages/airflow/example_dags/example_short_circuit_decorator.py
[2024-10-28T18:08:32.812+0000] {processor.py:925} INFO - DAG(s) 'example_short_circuit_decorator' retrieved from /home/airflow/.local/lib/python3.12/site-packages/airflow/example_dags/example_short_circuit_decorator.py
[2024-10-28T18:08:32.831+0000] {logging_mixin.py:190} INFO - [2024-10-28T18:08:32.830+0000] {dag.py:3239} INFO - Sync 1 DAGs
[2024-10-28T18:08:32.840+0000] {logging_mixin.py:190} INFO - [2024-10-28T18:08:32.840+0000] {dag.py:4180} INFO - Setting next_dagrun for example_short_circuit_decorator to None, run_after=None
[2024-10-28T18:08:32.864+0000] {processor.py:208} INFO - Processing /home/airflow/.local/lib/python3.12/site-packages/airflow/example_dags/example_short_circuit_decorator.py took 0.066 seconds
[2024-10-28T18:09:03.214+0000] {processor.py:186} INFO - Started process (PID=768) to work on /home/airflow/.local/lib/python3.12/site-packages/airflow/example_dags/example_short_circuit_decorator.py
[2024-10-28T18:09:03.216+0000] {processor.py:914} INFO - Processing file /home/airflow/.local/lib/python3.12/site-packages/airflow/example_dags/example_short_circuit_decorator.py for tasks to queue
[2024-10-28T18:09:03.218+0000] {logging_mixin.py:190} INFO - [2024-10-28T18:09:03.218+0000] {dagbag.py:588} INFO - Filling up the DagBag from /home/airflow/.local/lib/python3.12/site-packages/airflow/example_dags/example_short_circuit_decorator.py
[2024-10-28T18:09:03.226+0000] {processor.py:925} INFO - DAG(s) 'example_short_circuit_decorator' retrieved from /home/airflow/.local/lib/python3.12/site-packages/airflow/example_dags/example_short_circuit_decorator.py
[2024-10-28T18:09:03.241+0000] {logging_mixin.py:190} INFO - [2024-10-28T18:09:03.241+0000] {dag.py:3239} INFO - Sync 1 DAGs
[2024-10-28T18:09:03.250+0000] {logging_mixin.py:190} INFO - [2024-10-28T18:09:03.250+0000] {dag.py:4180} INFO - Setting next_dagrun for example_short_circuit_decorator to None, run_after=None
[2024-10-28T18:09:03.263+0000] {processor.py:208} INFO - Processing /home/airflow/.local/lib/python3.12/site-packages/airflow/example_dags/example_short_circuit_decorator.py took 0.053 seconds
[2024-10-28T18:09:33.714+0000] {processor.py:186} INFO - Started process (PID=834) to work on /home/airflow/.local/lib/python3.12/site-packages/airflow/example_dags/example_short_circuit_decorator.py
[2024-10-28T18:09:33.714+0000] {processor.py:914} INFO - Processing file /home/airflow/.local/lib/python3.12/site-packages/airflow/example_dags/example_short_circuit_decorator.py for tasks to queue
[2024-10-28T18:09:33.716+0000] {logging_mixin.py:190} INFO - [2024-10-28T18:09:33.716+0000] {dagbag.py:588} INFO - Filling up the DagBag from /home/airflow/.local/lib/python3.12/site-packages/airflow/example_dags/example_short_circuit_decorator.py
[2024-10-28T18:09:33.722+0000] {processor.py:925} INFO - DAG(s) 'example_short_circuit_decorator' retrieved from /home/airflow/.local/lib/python3.12/site-packages/airflow/example_dags/example_short_circuit_decorator.py
[2024-10-28T18:09:33.737+0000] {logging_mixin.py:190} INFO - [2024-10-28T18:09:33.737+0000] {dag.py:3239} INFO - Sync 1 DAGs
[2024-10-28T18:09:33.753+0000] {logging_mixin.py:190} INFO - [2024-10-28T18:09:33.752+0000] {dag.py:4180} INFO - Setting next_dagrun for example_short_circuit_decorator to None, run_after=None
[2024-10-28T18:09:33.776+0000] {processor.py:208} INFO - Processing /home/airflow/.local/lib/python3.12/site-packages/airflow/example_dags/example_short_circuit_decorator.py took 0.066 seconds
[2024-10-28T18:10:03.961+0000] {processor.py:186} INFO - Started process (PID=900) to work on /home/airflow/.local/lib/python3.12/site-packages/airflow/example_dags/example_short_circuit_decorator.py
[2024-10-28T18:10:03.962+0000] {processor.py:914} INFO - Processing file /home/airflow/.local/lib/python3.12/site-packages/airflow/example_dags/example_short_circuit_decorator.py for tasks to queue
[2024-10-28T18:10:03.964+0000] {logging_mixin.py:190} INFO - [2024-10-28T18:10:03.964+0000] {dagbag.py:588} INFO - Filling up the DagBag from /home/airflow/.local/lib/python3.12/site-packages/airflow/example_dags/example_short_circuit_decorator.py
[2024-10-28T18:10:03.970+0000] {processor.py:925} INFO - DAG(s) 'example_short_circuit_decorator' retrieved from /home/airflow/.local/lib/python3.12/site-packages/airflow/example_dags/example_short_circuit_decorator.py
[2024-10-28T18:10:03.985+0000] {logging_mixin.py:190} INFO - [2024-10-28T18:10:03.985+0000] {dag.py:3239} INFO - Sync 1 DAGs
[2024-10-28T18:10:04.000+0000] {logging_mixin.py:190} INFO - [2024-10-28T18:10:03.999+0000] {dag.py:4180} INFO - Setting next_dagrun for example_short_circuit_decorator to None, run_after=None
[2024-10-28T18:10:04.023+0000] {processor.py:208} INFO - Processing /home/airflow/.local/lib/python3.12/site-packages/airflow/example_dags/example_short_circuit_decorator.py took 0.066 seconds
[2024-10-28T18:10:34.255+0000] {processor.py:186} INFO - Started process (PID=966) to work on /home/airflow/.local/lib/python3.12/site-packages/airflow/example_dags/example_short_circuit_decorator.py
[2024-10-28T18:10:34.256+0000] {processor.py:914} INFO - Processing file /home/airflow/.local/lib/python3.12/site-packages/airflow/example_dags/example_short_circuit_decorator.py for tasks to queue
[2024-10-28T18:10:34.258+0000] {logging_mixin.py:190} INFO - [2024-10-28T18:10:34.258+0000] {dagbag.py:588} INFO - Filling up the DagBag from /home/airflow/.local/lib/python3.12/site-packages/airflow/example_dags/example_short_circuit_decorator.py
[2024-10-28T18:10:34.264+0000] {processor.py:925} INFO - DAG(s) 'example_short_circuit_decorator' retrieved from /home/airflow/.local/lib/python3.12/site-packages/airflow/example_dags/example_short_circuit_decorator.py
[2024-10-28T18:10:34.282+0000] {logging_mixin.py:190} INFO - [2024-10-28T18:10:34.282+0000] {dag.py:3239} INFO - Sync 1 DAGs
[2024-10-28T18:10:34.293+0000] {logging_mixin.py:190} INFO - [2024-10-28T18:10:34.293+0000] {dag.py:4180} INFO - Setting next_dagrun for example_short_circuit_decorator to None, run_after=None
[2024-10-28T18:10:34.315+0000] {processor.py:208} INFO - Processing /home/airflow/.local/lib/python3.12/site-packages/airflow/example_dags/example_short_circuit_decorator.py took 0.067 seconds
[2024-10-28T18:11:04.491+0000] {processor.py:186} INFO - Started process (PID=1032) to work on /home/airflow/.local/lib/python3.12/site-packages/airflow/example_dags/example_short_circuit_decorator.py
[2024-10-28T18:11:04.493+0000] {processor.py:914} INFO - Processing file /home/airflow/.local/lib/python3.12/site-packages/airflow/example_dags/example_short_circuit_decorator.py for tasks to queue
[2024-10-28T18:11:04.495+0000] {logging_mixin.py:190} INFO - [2024-10-28T18:11:04.494+0000] {dagbag.py:588} INFO - Filling up the DagBag from /home/airflow/.local/lib/python3.12/site-packages/airflow/example_dags/example_short_circuit_decorator.py
[2024-10-28T18:11:04.501+0000] {processor.py:925} INFO - DAG(s) 'example_short_circuit_decorator' retrieved from /home/airflow/.local/lib/python3.12/site-packages/airflow/example_dags/example_short_circuit_decorator.py
[2024-10-28T18:11:04.520+0000] {logging_mixin.py:190} INFO - [2024-10-28T18:11:04.520+0000] {dag.py:3239} INFO - Sync 1 DAGs
[2024-10-28T18:11:04.531+0000] {logging_mixin.py:190} INFO - [2024-10-28T18:11:04.531+0000] {dag.py:4180} INFO - Setting next_dagrun for example_short_circuit_decorator to None, run_after=None
[2024-10-28T18:11:04.554+0000] {processor.py:208} INFO - Processing /home/airflow/.local/lib/python3.12/site-packages/airflow/example_dags/example_short_circuit_decorator.py took 0.067 seconds
[2024-10-28T18:11:35.499+0000] {processor.py:186} INFO - Started process (PID=1098) to work on /home/airflow/.local/lib/python3.12/site-packages/airflow/example_dags/example_short_circuit_decorator.py
[2024-10-28T18:11:35.501+0000] {processor.py:914} INFO - Processing file /home/airflow/.local/lib/python3.12/site-packages/airflow/example_dags/example_short_circuit_decorator.py for tasks to queue
[2024-10-28T18:11:35.505+0000] {logging_mixin.py:190} INFO - [2024-10-28T18:11:35.504+0000] {dagbag.py:588} INFO - Filling up the DagBag from /home/airflow/.local/lib/python3.12/site-packages/airflow/example_dags/example_short_circuit_decorator.py
[2024-10-28T18:11:35.513+0000] {processor.py:925} INFO - DAG(s) 'example_short_circuit_decorator' retrieved from /home/airflow/.local/lib/python3.12/site-packages/airflow/example_dags/example_short_circuit_decorator.py
[2024-10-28T18:11:35.533+0000] {logging_mixin.py:190} INFO - [2024-10-28T18:11:35.533+0000] {dag.py:3239} INFO - Sync 1 DAGs
[2024-10-28T18:11:35.544+0000] {logging_mixin.py:190} INFO - [2024-10-28T18:11:35.543+0000] {dag.py:4180} INFO - Setting next_dagrun for example_short_circuit_decorator to None, run_after=None
[2024-10-28T18:11:35.568+0000] {processor.py:208} INFO - Processing /home/airflow/.local/lib/python3.12/site-packages/airflow/example_dags/example_short_circuit_decorator.py took 0.074 seconds
[2024-10-28T18:12:06.417+0000] {processor.py:186} INFO - Started process (PID=1164) to work on /home/airflow/.local/lib/python3.12/site-packages/airflow/example_dags/example_short_circuit_decorator.py
[2024-10-28T18:12:06.417+0000] {processor.py:914} INFO - Processing file /home/airflow/.local/lib/python3.12/site-packages/airflow/example_dags/example_short_circuit_decorator.py for tasks to queue
[2024-10-28T18:12:06.419+0000] {logging_mixin.py:190} INFO - [2024-10-28T18:12:06.419+0000] {dagbag.py:588} INFO - Filling up the DagBag from /home/airflow/.local/lib/python3.12/site-packages/airflow/example_dags/example_short_circuit_decorator.py
[2024-10-28T18:12:06.426+0000] {processor.py:925} INFO - DAG(s) 'example_short_circuit_decorator' retrieved from /home/airflow/.local/lib/python3.12/site-packages/airflow/example_dags/example_short_circuit_decorator.py
[2024-10-28T18:12:06.444+0000] {logging_mixin.py:190} INFO - [2024-10-28T18:12:06.444+0000] {dag.py:3239} INFO - Sync 1 DAGs
[2024-10-28T18:12:06.455+0000] {logging_mixin.py:190} INFO - [2024-10-28T18:12:06.455+0000] {dag.py:4180} INFO - Setting next_dagrun for example_short_circuit_decorator to None, run_after=None
[2024-10-28T18:12:06.479+0000] {processor.py:208} INFO - Processing /home/airflow/.local/lib/python3.12/site-packages/airflow/example_dags/example_short_circuit_decorator.py took 0.067 seconds
[2024-10-28T18:12:36.820+0000] {processor.py:186} INFO - Started process (PID=1231) to work on /home/airflow/.local/lib/python3.12/site-packages/airflow/example_dags/example_short_circuit_decorator.py
[2024-10-28T18:12:36.821+0000] {processor.py:914} INFO - Processing file /home/airflow/.local/lib/python3.12/site-packages/airflow/example_dags/example_short_circuit_decorator.py for tasks to queue
[2024-10-28T18:12:36.824+0000] {logging_mixin.py:190} INFO - [2024-10-28T18:12:36.824+0000] {dagbag.py:588} INFO - Filling up the DagBag from /home/airflow/.local/lib/python3.12/site-packages/airflow/example_dags/example_short_circuit_decorator.py
[2024-10-28T18:12:36.829+0000] {processor.py:925} INFO - DAG(s) 'example_short_circuit_decorator' retrieved from /home/airflow/.local/lib/python3.12/site-packages/airflow/example_dags/example_short_circuit_decorator.py
[2024-10-28T18:12:36.850+0000] {logging_mixin.py:190} INFO - [2024-10-28T18:12:36.850+0000] {dag.py:3239} INFO - Sync 1 DAGs
[2024-10-28T18:12:36.860+0000] {logging_mixin.py:190} INFO - [2024-10-28T18:12:36.860+0000] {dag.py:4180} INFO - Setting next_dagrun for example_short_circuit_decorator to None, run_after=None
[2024-10-28T18:12:36.882+0000] {processor.py:208} INFO - Processing /home/airflow/.local/lib/python3.12/site-packages/airflow/example_dags/example_short_circuit_decorator.py took 0.066 seconds
[2024-10-28T18:13:07.727+0000] {processor.py:186} INFO - Started process (PID=1297) to work on /home/airflow/.local/lib/python3.12/site-packages/airflow/example_dags/example_short_circuit_decorator.py
[2024-10-28T18:13:07.728+0000] {processor.py:914} INFO - Processing file /home/airflow/.local/lib/python3.12/site-packages/airflow/example_dags/example_short_circuit_decorator.py for tasks to queue
[2024-10-28T18:13:07.730+0000] {logging_mixin.py:190} INFO - [2024-10-28T18:13:07.729+0000] {dagbag.py:588} INFO - Filling up the DagBag from /home/airflow/.local/lib/python3.12/site-packages/airflow/example_dags/example_short_circuit_decorator.py
[2024-10-28T18:13:07.736+0000] {processor.py:925} INFO - DAG(s) 'example_short_circuit_decorator' retrieved from /home/airflow/.local/lib/python3.12/site-packages/airflow/example_dags/example_short_circuit_decorator.py
[2024-10-28T18:13:07.753+0000] {logging_mixin.py:190} INFO - [2024-10-28T18:13:07.753+0000] {dag.py:3239} INFO - Sync 1 DAGs
[2024-10-28T18:13:07.763+0000] {logging_mixin.py:190} INFO - [2024-10-28T18:13:07.763+0000] {dag.py:4180} INFO - Setting next_dagrun for example_short_circuit_decorator to None, run_after=None
[2024-10-28T18:13:07.787+0000] {processor.py:208} INFO - Processing /home/airflow/.local/lib/python3.12/site-packages/airflow/example_dags/example_short_circuit_decorator.py took 0.064 seconds
[2024-10-28T18:13:38.676+0000] {processor.py:186} INFO - Started process (PID=1363) to work on /home/airflow/.local/lib/python3.12/site-packages/airflow/example_dags/example_short_circuit_decorator.py
[2024-10-28T18:13:38.678+0000] {processor.py:914} INFO - Processing file /home/airflow/.local/lib/python3.12/site-packages/airflow/example_dags/example_short_circuit_decorator.py for tasks to queue
[2024-10-28T18:13:38.679+0000] {logging_mixin.py:190} INFO - [2024-10-28T18:13:38.679+0000] {dagbag.py:588} INFO - Filling up the DagBag from /home/airflow/.local/lib/python3.12/site-packages/airflow/example_dags/example_short_circuit_decorator.py
[2024-10-28T18:13:38.685+0000] {processor.py:925} INFO - DAG(s) 'example_short_circuit_decorator' retrieved from /home/airflow/.local/lib/python3.12/site-packages/airflow/example_dags/example_short_circuit_decorator.py
[2024-10-28T18:13:38.702+0000] {logging_mixin.py:190} INFO - [2024-10-28T18:13:38.702+0000] {dag.py:3239} INFO - Sync 1 DAGs
[2024-10-28T18:13:38.711+0000] {logging_mixin.py:190} INFO - [2024-10-28T18:13:38.711+0000] {dag.py:4180} INFO - Setting next_dagrun for example_short_circuit_decorator to None, run_after=None
[2024-10-28T18:13:38.733+0000] {processor.py:208} INFO - Processing /home/airflow/.local/lib/python3.12/site-packages/airflow/example_dags/example_short_circuit_decorator.py took 0.060 seconds
[2024-10-28T18:14:09.567+0000] {processor.py:186} INFO - Started process (PID=1429) to work on /home/airflow/.local/lib/python3.12/site-packages/airflow/example_dags/example_short_circuit_decorator.py
[2024-10-28T18:14:09.569+0000] {processor.py:914} INFO - Processing file /home/airflow/.local/lib/python3.12/site-packages/airflow/example_dags/example_short_circuit_decorator.py for tasks to queue
[2024-10-28T18:14:09.570+0000] {logging_mixin.py:190} INFO - [2024-10-28T18:14:09.570+0000] {dagbag.py:588} INFO - Filling up the DagBag from /home/airflow/.local/lib/python3.12/site-packages/airflow/example_dags/example_short_circuit_decorator.py
[2024-10-28T18:14:09.576+0000] {processor.py:925} INFO - DAG(s) 'example_short_circuit_decorator' retrieved from /home/airflow/.local/lib/python3.12/site-packages/airflow/example_dags/example_short_circuit_decorator.py
[2024-10-28T18:14:09.593+0000] {logging_mixin.py:190} INFO - [2024-10-28T18:14:09.592+0000] {dag.py:3239} INFO - Sync 1 DAGs
[2024-10-28T18:14:09.602+0000] {logging_mixin.py:190} INFO - [2024-10-28T18:14:09.602+0000] {dag.py:4180} INFO - Setting next_dagrun for example_short_circuit_decorator to None, run_after=None
[2024-10-28T18:14:09.624+0000] {processor.py:208} INFO - Processing /home/airflow/.local/lib/python3.12/site-packages/airflow/example_dags/example_short_circuit_decorator.py took 0.060 seconds
[2024-10-28T18:14:40.465+0000] {processor.py:186} INFO - Started process (PID=1495) to work on /home/airflow/.local/lib/python3.12/site-packages/airflow/example_dags/example_short_circuit_decorator.py
[2024-10-28T18:14:40.466+0000] {processor.py:914} INFO - Processing file /home/airflow/.local/lib/python3.12/site-packages/airflow/example_dags/example_short_circuit_decorator.py for tasks to queue
[2024-10-28T18:14:40.468+0000] {logging_mixin.py:190} INFO - [2024-10-28T18:14:40.468+0000] {dagbag.py:588} INFO - Filling up the DagBag from /home/airflow/.local/lib/python3.12/site-packages/airflow/example_dags/example_short_circuit_decorator.py
[2024-10-28T18:14:40.475+0000] {processor.py:925} INFO - DAG(s) 'example_short_circuit_decorator' retrieved from /home/airflow/.local/lib/python3.12/site-packages/airflow/example_dags/example_short_circuit_decorator.py
[2024-10-28T18:14:40.494+0000] {logging_mixin.py:190} INFO - [2024-10-28T18:14:40.494+0000] {dag.py:3239} INFO - Sync 1 DAGs
[2024-10-28T18:14:40.505+0000] {logging_mixin.py:190} INFO - [2024-10-28T18:14:40.505+0000] {dag.py:4180} INFO - Setting next_dagrun for example_short_circuit_decorator to None, run_after=None
[2024-10-28T18:14:40.529+0000] {processor.py:208} INFO - Processing /home/airflow/.local/lib/python3.12/site-packages/airflow/example_dags/example_short_circuit_decorator.py took 0.068 seconds
[2024-10-28T18:15:11.019+0000] {processor.py:186} INFO - Started process (PID=1561) to work on /home/airflow/.local/lib/python3.12/site-packages/airflow/example_dags/example_short_circuit_decorator.py
[2024-10-28T18:15:11.020+0000] {processor.py:914} INFO - Processing file /home/airflow/.local/lib/python3.12/site-packages/airflow/example_dags/example_short_circuit_decorator.py for tasks to queue
[2024-10-28T18:15:11.023+0000] {logging_mixin.py:190} INFO - [2024-10-28T18:15:11.023+0000] {dagbag.py:588} INFO - Filling up the DagBag from /home/airflow/.local/lib/python3.12/site-packages/airflow/example_dags/example_short_circuit_decorator.py
[2024-10-28T18:15:11.031+0000] {processor.py:925} INFO - DAG(s) 'example_short_circuit_decorator' retrieved from /home/airflow/.local/lib/python3.12/site-packages/airflow/example_dags/example_short_circuit_decorator.py
[2024-10-28T18:15:11.050+0000] {logging_mixin.py:190} INFO - [2024-10-28T18:15:11.050+0000] {dag.py:3239} INFO - Sync 1 DAGs
[2024-10-28T18:15:11.061+0000] {logging_mixin.py:190} INFO - [2024-10-28T18:15:11.061+0000] {dag.py:4180} INFO - Setting next_dagrun for example_short_circuit_decorator to None, run_after=None
[2024-10-28T18:15:11.086+0000] {processor.py:208} INFO - Processing /home/airflow/.local/lib/python3.12/site-packages/airflow/example_dags/example_short_circuit_decorator.py took 0.072 seconds
[2024-10-28T18:15:41.734+0000] {processor.py:186} INFO - Started process (PID=1627) to work on /home/airflow/.local/lib/python3.12/site-packages/airflow/example_dags/example_short_circuit_decorator.py
[2024-10-28T18:15:41.735+0000] {processor.py:914} INFO - Processing file /home/airflow/.local/lib/python3.12/site-packages/airflow/example_dags/example_short_circuit_decorator.py for tasks to queue
[2024-10-28T18:15:41.737+0000] {logging_mixin.py:190} INFO - [2024-10-28T18:15:41.736+0000] {dagbag.py:588} INFO - Filling up the DagBag from /home/airflow/.local/lib/python3.12/site-packages/airflow/example_dags/example_short_circuit_decorator.py
[2024-10-28T18:15:41.743+0000] {processor.py:925} INFO - DAG(s) 'example_short_circuit_decorator' retrieved from /home/airflow/.local/lib/python3.12/site-packages/airflow/example_dags/example_short_circuit_decorator.py
[2024-10-28T18:15:41.760+0000] {logging_mixin.py:190} INFO - [2024-10-28T18:15:41.760+0000] {dag.py:3239} INFO - Sync 1 DAGs
[2024-10-28T18:15:41.769+0000] {logging_mixin.py:190} INFO - [2024-10-28T18:15:41.769+0000] {dag.py:4180} INFO - Setting next_dagrun for example_short_circuit_decorator to None, run_after=None
[2024-10-28T18:15:41.791+0000] {processor.py:208} INFO - Processing /home/airflow/.local/lib/python3.12/site-packages/airflow/example_dags/example_short_circuit_decorator.py took 0.061 seconds
[2024-10-28T18:16:12.575+0000] {processor.py:186} INFO - Started process (PID=1693) to work on /home/airflow/.local/lib/python3.12/site-packages/airflow/example_dags/example_short_circuit_decorator.py
[2024-10-28T18:16:12.576+0000] {processor.py:914} INFO - Processing file /home/airflow/.local/lib/python3.12/site-packages/airflow/example_dags/example_short_circuit_decorator.py for tasks to queue
[2024-10-28T18:16:12.578+0000] {logging_mixin.py:190} INFO - [2024-10-28T18:16:12.578+0000] {dagbag.py:588} INFO - Filling up the DagBag from /home/airflow/.local/lib/python3.12/site-packages/airflow/example_dags/example_short_circuit_decorator.py
[2024-10-28T18:16:12.584+0000] {processor.py:925} INFO - DAG(s) 'example_short_circuit_decorator' retrieved from /home/airflow/.local/lib/python3.12/site-packages/airflow/example_dags/example_short_circuit_decorator.py
[2024-10-28T18:16:12.603+0000] {logging_mixin.py:190} INFO - [2024-10-28T18:16:12.603+0000] {dag.py:3239} INFO - Sync 1 DAGs
[2024-10-28T18:16:12.613+0000] {logging_mixin.py:190} INFO - [2024-10-28T18:16:12.613+0000] {dag.py:4180} INFO - Setting next_dagrun for example_short_circuit_decorator to None, run_after=None
[2024-10-28T18:16:12.638+0000] {processor.py:208} INFO - Processing /home/airflow/.local/lib/python3.12/site-packages/airflow/example_dags/example_short_circuit_decorator.py took 0.067 seconds
[2024-10-28T18:16:43.287+0000] {processor.py:186} INFO - Started process (PID=1759) to work on /home/airflow/.local/lib/python3.12/site-packages/airflow/example_dags/example_short_circuit_decorator.py
[2024-10-28T18:16:43.288+0000] {processor.py:914} INFO - Processing file /home/airflow/.local/lib/python3.12/site-packages/airflow/example_dags/example_short_circuit_decorator.py for tasks to queue
[2024-10-28T18:16:43.290+0000] {logging_mixin.py:190} INFO - [2024-10-28T18:16:43.290+0000] {dagbag.py:588} INFO - Filling up the DagBag from /home/airflow/.local/lib/python3.12/site-packages/airflow/example_dags/example_short_circuit_decorator.py
[2024-10-28T18:16:43.297+0000] {processor.py:925} INFO - DAG(s) 'example_short_circuit_decorator' retrieved from /home/airflow/.local/lib/python3.12/site-packages/airflow/example_dags/example_short_circuit_decorator.py
[2024-10-28T18:16:43.315+0000] {logging_mixin.py:190} INFO - [2024-10-28T18:16:43.315+0000] {dag.py:3239} INFO - Sync 1 DAGs
[2024-10-28T18:16:43.326+0000] {logging_mixin.py:190} INFO - [2024-10-28T18:16:43.326+0000] {dag.py:4180} INFO - Setting next_dagrun for example_short_circuit_decorator to None, run_after=None
[2024-10-28T18:16:43.349+0000] {processor.py:208} INFO - Processing /home/airflow/.local/lib/python3.12/site-packages/airflow/example_dags/example_short_circuit_decorator.py took 0.067 seconds
[2024-10-28T18:17:14.105+0000] {processor.py:186} INFO - Started process (PID=1825) to work on /home/airflow/.local/lib/python3.12/site-packages/airflow/example_dags/example_short_circuit_decorator.py
[2024-10-28T18:17:14.106+0000] {processor.py:914} INFO - Processing file /home/airflow/.local/lib/python3.12/site-packages/airflow/example_dags/example_short_circuit_decorator.py for tasks to queue
[2024-10-28T18:17:14.109+0000] {logging_mixin.py:190} INFO - [2024-10-28T18:17:14.109+0000] {dagbag.py:588} INFO - Filling up the DagBag from /home/airflow/.local/lib/python3.12/site-packages/airflow/example_dags/example_short_circuit_decorator.py
[2024-10-28T18:17:14.115+0000] {processor.py:925} INFO - DAG(s) 'example_short_circuit_decorator' retrieved from /home/airflow/.local/lib/python3.12/site-packages/airflow/example_dags/example_short_circuit_decorator.py
[2024-10-28T18:17:14.136+0000] {logging_mixin.py:190} INFO - [2024-10-28T18:17:14.136+0000] {dag.py:3239} INFO - Sync 1 DAGs
[2024-10-28T18:17:14.147+0000] {logging_mixin.py:190} INFO - [2024-10-28T18:17:14.147+0000] {dag.py:4180} INFO - Setting next_dagrun for example_short_circuit_decorator to None, run_after=None
[2024-10-28T18:17:14.166+0000] {processor.py:208} INFO - Processing /home/airflow/.local/lib/python3.12/site-packages/airflow/example_dags/example_short_circuit_decorator.py took 0.064 seconds
[2024-10-28T18:17:44.510+0000] {processor.py:186} INFO - Started process (PID=1890) to work on /home/airflow/.local/lib/python3.12/site-packages/airflow/example_dags/example_short_circuit_decorator.py
[2024-10-28T18:17:44.511+0000] {processor.py:914} INFO - Processing file /home/airflow/.local/lib/python3.12/site-packages/airflow/example_dags/example_short_circuit_decorator.py for tasks to queue
[2024-10-28T18:17:44.513+0000] {logging_mixin.py:190} INFO - [2024-10-28T18:17:44.513+0000] {dagbag.py:588} INFO - Filling up the DagBag from /home/airflow/.local/lib/python3.12/site-packages/airflow/example_dags/example_short_circuit_decorator.py
[2024-10-28T18:17:44.526+0000] {processor.py:925} INFO - DAG(s) 'example_short_circuit_decorator' retrieved from /home/airflow/.local/lib/python3.12/site-packages/airflow/example_dags/example_short_circuit_decorator.py
[2024-10-28T18:17:44.549+0000] {logging_mixin.py:190} INFO - [2024-10-28T18:17:44.548+0000] {dag.py:3239} INFO - Sync 1 DAGs
[2024-10-28T18:17:44.560+0000] {logging_mixin.py:190} INFO - [2024-10-28T18:17:44.560+0000] {dag.py:4180} INFO - Setting next_dagrun for example_short_circuit_decorator to None, run_after=None
[2024-10-28T18:17:44.586+0000] {processor.py:208} INFO - Processing /home/airflow/.local/lib/python3.12/site-packages/airflow/example_dags/example_short_circuit_decorator.py took 0.080 seconds
[2024-10-28T18:18:15.552+0000] {processor.py:186} INFO - Started process (PID=1956) to work on /home/airflow/.local/lib/python3.12/site-packages/airflow/example_dags/example_short_circuit_decorator.py
[2024-10-28T18:18:15.554+0000] {processor.py:914} INFO - Processing file /home/airflow/.local/lib/python3.12/site-packages/airflow/example_dags/example_short_circuit_decorator.py for tasks to queue
[2024-10-28T18:18:15.556+0000] {logging_mixin.py:190} INFO - [2024-10-28T18:18:15.556+0000] {dagbag.py:588} INFO - Filling up the DagBag from /home/airflow/.local/lib/python3.12/site-packages/airflow/example_dags/example_short_circuit_decorator.py
[2024-10-28T18:18:15.562+0000] {processor.py:925} INFO - DAG(s) 'example_short_circuit_decorator' retrieved from /home/airflow/.local/lib/python3.12/site-packages/airflow/example_dags/example_short_circuit_decorator.py
[2024-10-28T18:18:15.580+0000] {logging_mixin.py:190} INFO - [2024-10-28T18:18:15.580+0000] {dag.py:3239} INFO - Sync 1 DAGs
[2024-10-28T18:18:15.591+0000] {logging_mixin.py:190} INFO - [2024-10-28T18:18:15.591+0000] {dag.py:4180} INFO - Setting next_dagrun for example_short_circuit_decorator to None, run_after=None
[2024-10-28T18:18:15.613+0000] {processor.py:208} INFO - Processing /home/airflow/.local/lib/python3.12/site-packages/airflow/example_dags/example_short_circuit_decorator.py took 0.065 seconds
[2024-10-28T18:18:46.465+0000] {processor.py:186} INFO - Started process (PID=2022) to work on /home/airflow/.local/lib/python3.12/site-packages/airflow/example_dags/example_short_circuit_decorator.py
[2024-10-28T18:18:46.466+0000] {processor.py:914} INFO - Processing file /home/airflow/.local/lib/python3.12/site-packages/airflow/example_dags/example_short_circuit_decorator.py for tasks to queue
[2024-10-28T18:18:46.469+0000] {logging_mixin.py:190} INFO - [2024-10-28T18:18:46.469+0000] {dagbag.py:588} INFO - Filling up the DagBag from /home/airflow/.local/lib/python3.12/site-packages/airflow/example_dags/example_short_circuit_decorator.py
[2024-10-28T18:18:46.476+0000] {processor.py:925} INFO - DAG(s) 'example_short_circuit_decorator' retrieved from /home/airflow/.local/lib/python3.12/site-packages/airflow/example_dags/example_short_circuit_decorator.py
[2024-10-28T18:18:46.496+0000] {logging_mixin.py:190} INFO - [2024-10-28T18:18:46.496+0000] {dag.py:3239} INFO - Sync 1 DAGs
[2024-10-28T18:18:46.510+0000] {logging_mixin.py:190} INFO - [2024-10-28T18:18:46.510+0000] {dag.py:4180} INFO - Setting next_dagrun for example_short_circuit_decorator to None, run_after=None
[2024-10-28T18:18:46.535+0000] {processor.py:208} INFO - Processing /home/airflow/.local/lib/python3.12/site-packages/airflow/example_dags/example_short_circuit_decorator.py took 0.074 seconds
[2024-10-28T18:19:16.594+0000] {processor.py:186} INFO - Started process (PID=2087) to work on /home/airflow/.local/lib/python3.12/site-packages/airflow/example_dags/example_short_circuit_decorator.py
[2024-10-28T18:19:16.595+0000] {processor.py:914} INFO - Processing file /home/airflow/.local/lib/python3.12/site-packages/airflow/example_dags/example_short_circuit_decorator.py for tasks to queue
[2024-10-28T18:19:16.596+0000] {logging_mixin.py:190} INFO - [2024-10-28T18:19:16.596+0000] {dagbag.py:588} INFO - Filling up the DagBag from /home/airflow/.local/lib/python3.12/site-packages/airflow/example_dags/example_short_circuit_decorator.py
[2024-10-28T18:19:16.602+0000] {processor.py:925} INFO - DAG(s) 'example_short_circuit_decorator' retrieved from /home/airflow/.local/lib/python3.12/site-packages/airflow/example_dags/example_short_circuit_decorator.py
[2024-10-28T18:19:16.618+0000] {logging_mixin.py:190} INFO - [2024-10-28T18:19:16.617+0000] {dag.py:3239} INFO - Sync 1 DAGs
[2024-10-28T18:19:16.627+0000] {logging_mixin.py:190} INFO - [2024-10-28T18:19:16.627+0000] {dag.py:4180} INFO - Setting next_dagrun for example_short_circuit_decorator to None, run_after=None
[2024-10-28T18:19:16.646+0000] {processor.py:208} INFO - Processing /home/airflow/.local/lib/python3.12/site-packages/airflow/example_dags/example_short_circuit_decorator.py took 0.056 seconds
[2024-10-28T18:19:46.771+0000] {processor.py:186} INFO - Started process (PID=2154) to work on /home/airflow/.local/lib/python3.12/site-packages/airflow/example_dags/example_short_circuit_decorator.py
[2024-10-28T18:19:46.772+0000] {processor.py:914} INFO - Processing file /home/airflow/.local/lib/python3.12/site-packages/airflow/example_dags/example_short_circuit_decorator.py for tasks to queue
[2024-10-28T18:19:46.774+0000] {logging_mixin.py:190} INFO - [2024-10-28T18:19:46.774+0000] {dagbag.py:588} INFO - Filling up the DagBag from /home/airflow/.local/lib/python3.12/site-packages/airflow/example_dags/example_short_circuit_decorator.py
[2024-10-28T18:19:46.780+0000] {processor.py:925} INFO - DAG(s) 'example_short_circuit_decorator' retrieved from /home/airflow/.local/lib/python3.12/site-packages/airflow/example_dags/example_short_circuit_decorator.py
[2024-10-28T18:19:46.799+0000] {logging_mixin.py:190} INFO - [2024-10-28T18:19:46.799+0000] {dag.py:3239} INFO - Sync 1 DAGs
[2024-10-28T18:19:46.809+0000] {logging_mixin.py:190} INFO - [2024-10-28T18:19:46.809+0000] {dag.py:4180} INFO - Setting next_dagrun for example_short_circuit_decorator to None, run_after=None
[2024-10-28T18:19:46.826+0000] {processor.py:208} INFO - Processing /home/airflow/.local/lib/python3.12/site-packages/airflow/example_dags/example_short_circuit_decorator.py took 0.059 seconds
[2024-10-28T18:20:17.663+0000] {processor.py:186} INFO - Started process (PID=2220) to work on /home/airflow/.local/lib/python3.12/site-packages/airflow/example_dags/example_short_circuit_decorator.py
[2024-10-28T18:20:17.665+0000] {processor.py:914} INFO - Processing file /home/airflow/.local/lib/python3.12/site-packages/airflow/example_dags/example_short_circuit_decorator.py for tasks to queue
[2024-10-28T18:20:17.667+0000] {logging_mixin.py:190} INFO - [2024-10-28T18:20:17.667+0000] {dagbag.py:588} INFO - Filling up the DagBag from /home/airflow/.local/lib/python3.12/site-packages/airflow/example_dags/example_short_circuit_decorator.py
[2024-10-28T18:20:17.674+0000] {processor.py:925} INFO - DAG(s) 'example_short_circuit_decorator' retrieved from /home/airflow/.local/lib/python3.12/site-packages/airflow/example_dags/example_short_circuit_decorator.py
[2024-10-28T18:20:17.698+0000] {logging_mixin.py:190} INFO - [2024-10-28T18:20:17.698+0000] {dag.py:3239} INFO - Sync 1 DAGs
[2024-10-28T18:20:17.714+0000] {logging_mixin.py:190} INFO - [2024-10-28T18:20:17.714+0000] {dag.py:4180} INFO - Setting next_dagrun for example_short_circuit_decorator to None, run_after=None
[2024-10-28T18:20:17.732+0000] {processor.py:208} INFO - Processing /home/airflow/.local/lib/python3.12/site-packages/airflow/example_dags/example_short_circuit_decorator.py took 0.074 seconds
[2024-10-28T18:20:48.326+0000] {processor.py:186} INFO - Started process (PID=2286) to work on /home/airflow/.local/lib/python3.12/site-packages/airflow/example_dags/example_short_circuit_decorator.py
[2024-10-28T18:20:48.328+0000] {processor.py:914} INFO - Processing file /home/airflow/.local/lib/python3.12/site-packages/airflow/example_dags/example_short_circuit_decorator.py for tasks to queue
[2024-10-28T18:20:48.330+0000] {logging_mixin.py:190} INFO - [2024-10-28T18:20:48.329+0000] {dagbag.py:588} INFO - Filling up the DagBag from /home/airflow/.local/lib/python3.12/site-packages/airflow/example_dags/example_short_circuit_decorator.py
[2024-10-28T18:20:48.340+0000] {processor.py:925} INFO - DAG(s) 'example_short_circuit_decorator' retrieved from /home/airflow/.local/lib/python3.12/site-packages/airflow/example_dags/example_short_circuit_decorator.py
[2024-10-28T18:20:48.359+0000] {logging_mixin.py:190} INFO - [2024-10-28T18:20:48.358+0000] {dag.py:3239} INFO - Sync 1 DAGs
[2024-10-28T18:20:48.372+0000] {logging_mixin.py:190} INFO - [2024-10-28T18:20:48.372+0000] {dag.py:4180} INFO - Setting next_dagrun for example_short_circuit_decorator to None, run_after=None
[2024-10-28T18:20:48.396+0000] {processor.py:208} INFO - Processing /home/airflow/.local/lib/python3.12/site-packages/airflow/example_dags/example_short_circuit_decorator.py took 0.074 seconds
[2024-10-28T18:21:18.460+0000] {processor.py:186} INFO - Started process (PID=2352) to work on /home/airflow/.local/lib/python3.12/site-packages/airflow/example_dags/example_short_circuit_decorator.py
[2024-10-28T18:21:18.462+0000] {processor.py:914} INFO - Processing file /home/airflow/.local/lib/python3.12/site-packages/airflow/example_dags/example_short_circuit_decorator.py for tasks to queue
[2024-10-28T18:21:18.464+0000] {logging_mixin.py:190} INFO - [2024-10-28T18:21:18.463+0000] {dagbag.py:588} INFO - Filling up the DagBag from /home/airflow/.local/lib/python3.12/site-packages/airflow/example_dags/example_short_circuit_decorator.py
[2024-10-28T18:21:18.470+0000] {processor.py:925} INFO - DAG(s) 'example_short_circuit_decorator' retrieved from /home/airflow/.local/lib/python3.12/site-packages/airflow/example_dags/example_short_circuit_decorator.py
[2024-10-28T18:21:18.487+0000] {logging_mixin.py:190} INFO - [2024-10-28T18:21:18.487+0000] {dag.py:3239} INFO - Sync 1 DAGs
[2024-10-28T18:21:18.497+0000] {logging_mixin.py:190} INFO - [2024-10-28T18:21:18.496+0000] {dag.py:4180} INFO - Setting next_dagrun for example_short_circuit_decorator to None, run_after=None
[2024-10-28T18:21:18.521+0000] {processor.py:208} INFO - Processing /home/airflow/.local/lib/python3.12/site-packages/airflow/example_dags/example_short_circuit_decorator.py took 0.065 seconds
[2024-10-28T18:21:48.594+0000] {processor.py:186} INFO - Started process (PID=2418) to work on /home/airflow/.local/lib/python3.12/site-packages/airflow/example_dags/example_short_circuit_decorator.py
[2024-10-28T18:21:48.595+0000] {processor.py:914} INFO - Processing file /home/airflow/.local/lib/python3.12/site-packages/airflow/example_dags/example_short_circuit_decorator.py for tasks to queue
[2024-10-28T18:21:48.597+0000] {logging_mixin.py:190} INFO - [2024-10-28T18:21:48.597+0000] {dagbag.py:588} INFO - Filling up the DagBag from /home/airflow/.local/lib/python3.12/site-packages/airflow/example_dags/example_short_circuit_decorator.py
[2024-10-28T18:21:48.604+0000] {processor.py:925} INFO - DAG(s) 'example_short_circuit_decorator' retrieved from /home/airflow/.local/lib/python3.12/site-packages/airflow/example_dags/example_short_circuit_decorator.py
[2024-10-28T18:21:48.623+0000] {logging_mixin.py:190} INFO - [2024-10-28T18:21:48.623+0000] {dag.py:3239} INFO - Sync 1 DAGs
[2024-10-28T18:21:48.635+0000] {logging_mixin.py:190} INFO - [2024-10-28T18:21:48.635+0000] {dag.py:4180} INFO - Setting next_dagrun for example_short_circuit_decorator to None, run_after=None
[2024-10-28T18:21:48.661+0000] {processor.py:208} INFO - Processing /home/airflow/.local/lib/python3.12/site-packages/airflow/example_dags/example_short_circuit_decorator.py took 0.072 seconds
[2024-10-28T18:22:18.732+0000] {processor.py:186} INFO - Started process (PID=2484) to work on /home/airflow/.local/lib/python3.12/site-packages/airflow/example_dags/example_short_circuit_decorator.py
[2024-10-28T18:22:18.733+0000] {processor.py:914} INFO - Processing file /home/airflow/.local/lib/python3.12/site-packages/airflow/example_dags/example_short_circuit_decorator.py for tasks to queue
[2024-10-28T18:22:18.734+0000] {logging_mixin.py:190} INFO - [2024-10-28T18:22:18.734+0000] {dagbag.py:588} INFO - Filling up the DagBag from /home/airflow/.local/lib/python3.12/site-packages/airflow/example_dags/example_short_circuit_decorator.py
[2024-10-28T18:22:18.740+0000] {processor.py:925} INFO - DAG(s) 'example_short_circuit_decorator' retrieved from /home/airflow/.local/lib/python3.12/site-packages/airflow/example_dags/example_short_circuit_decorator.py
[2024-10-28T18:22:18.759+0000] {logging_mixin.py:190} INFO - [2024-10-28T18:22:18.758+0000] {dag.py:3239} INFO - Sync 1 DAGs
[2024-10-28T18:22:18.769+0000] {logging_mixin.py:190} INFO - [2024-10-28T18:22:18.769+0000] {dag.py:4180} INFO - Setting next_dagrun for example_short_circuit_decorator to None, run_after=None
[2024-10-28T18:22:18.793+0000] {processor.py:208} INFO - Processing /home/airflow/.local/lib/python3.12/site-packages/airflow/example_dags/example_short_circuit_decorator.py took 0.064 seconds
[2024-10-28T18:22:49.004+0000] {processor.py:186} INFO - Started process (PID=2550) to work on /home/airflow/.local/lib/python3.12/site-packages/airflow/example_dags/example_short_circuit_decorator.py
[2024-10-28T18:22:49.005+0000] {processor.py:914} INFO - Processing file /home/airflow/.local/lib/python3.12/site-packages/airflow/example_dags/example_short_circuit_decorator.py for tasks to queue
[2024-10-28T18:22:49.007+0000] {logging_mixin.py:190} INFO - [2024-10-28T18:22:49.007+0000] {dagbag.py:588} INFO - Filling up the DagBag from /home/airflow/.local/lib/python3.12/site-packages/airflow/example_dags/example_short_circuit_decorator.py
[2024-10-28T18:22:49.013+0000] {processor.py:925} INFO - DAG(s) 'example_short_circuit_decorator' retrieved from /home/airflow/.local/lib/python3.12/site-packages/airflow/example_dags/example_short_circuit_decorator.py
[2024-10-28T18:22:49.033+0000] {logging_mixin.py:190} INFO - [2024-10-28T18:22:49.033+0000] {dag.py:3239} INFO - Sync 1 DAGs
[2024-10-28T18:22:49.043+0000] {logging_mixin.py:190} INFO - [2024-10-28T18:22:49.043+0000] {dag.py:4180} INFO - Setting next_dagrun for example_short_circuit_decorator to None, run_after=None
[2024-10-28T18:22:49.065+0000] {processor.py:208} INFO - Processing /home/airflow/.local/lib/python3.12/site-packages/airflow/example_dags/example_short_circuit_decorator.py took 0.065 seconds
[2024-10-28T18:23:19.327+0000] {processor.py:186} INFO - Started process (PID=2616) to work on /home/airflow/.local/lib/python3.12/site-packages/airflow/example_dags/example_short_circuit_decorator.py
[2024-10-28T18:23:19.328+0000] {processor.py:914} INFO - Processing file /home/airflow/.local/lib/python3.12/site-packages/airflow/example_dags/example_short_circuit_decorator.py for tasks to queue
[2024-10-28T18:23:19.330+0000] {logging_mixin.py:190} INFO - [2024-10-28T18:23:19.330+0000] {dagbag.py:588} INFO - Filling up the DagBag from /home/airflow/.local/lib/python3.12/site-packages/airflow/example_dags/example_short_circuit_decorator.py
[2024-10-28T18:23:19.336+0000] {processor.py:925} INFO - DAG(s) 'example_short_circuit_decorator' retrieved from /home/airflow/.local/lib/python3.12/site-packages/airflow/example_dags/example_short_circuit_decorator.py
[2024-10-28T18:23:19.353+0000] {logging_mixin.py:190} INFO - [2024-10-28T18:23:19.353+0000] {dag.py:3239} INFO - Sync 1 DAGs
[2024-10-28T18:23:19.365+0000] {logging_mixin.py:190} INFO - [2024-10-28T18:23:19.365+0000] {dag.py:4180} INFO - Setting next_dagrun for example_short_circuit_decorator to None, run_after=None
[2024-10-28T18:23:19.389+0000] {processor.py:208} INFO - Processing /home/airflow/.local/lib/python3.12/site-packages/airflow/example_dags/example_short_circuit_decorator.py took 0.065 seconds
[2024-10-28T18:23:49.614+0000] {processor.py:186} INFO - Started process (PID=2682) to work on /home/airflow/.local/lib/python3.12/site-packages/airflow/example_dags/example_short_circuit_decorator.py
[2024-10-28T18:23:49.616+0000] {processor.py:914} INFO - Processing file /home/airflow/.local/lib/python3.12/site-packages/airflow/example_dags/example_short_circuit_decorator.py for tasks to queue
[2024-10-28T18:23:49.618+0000] {logging_mixin.py:190} INFO - [2024-10-28T18:23:49.618+0000] {dagbag.py:588} INFO - Filling up the DagBag from /home/airflow/.local/lib/python3.12/site-packages/airflow/example_dags/example_short_circuit_decorator.py
[2024-10-28T18:23:49.624+0000] {processor.py:925} INFO - DAG(s) 'example_short_circuit_decorator' retrieved from /home/airflow/.local/lib/python3.12/site-packages/airflow/example_dags/example_short_circuit_decorator.py
[2024-10-28T18:23:49.643+0000] {logging_mixin.py:190} INFO - [2024-10-28T18:23:49.643+0000] {dag.py:3239} INFO - Sync 1 DAGs
[2024-10-28T18:23:49.655+0000] {logging_mixin.py:190} INFO - [2024-10-28T18:23:49.655+0000] {dag.py:4180} INFO - Setting next_dagrun for example_short_circuit_decorator to None, run_after=None
[2024-10-28T18:23:49.678+0000] {processor.py:208} INFO - Processing /home/airflow/.local/lib/python3.12/site-packages/airflow/example_dags/example_short_circuit_decorator.py took 0.068 seconds
[2024-10-28T18:24:20.616+0000] {processor.py:186} INFO - Started process (PID=2748) to work on /home/airflow/.local/lib/python3.12/site-packages/airflow/example_dags/example_short_circuit_decorator.py
[2024-10-28T18:24:20.617+0000] {processor.py:914} INFO - Processing file /home/airflow/.local/lib/python3.12/site-packages/airflow/example_dags/example_short_circuit_decorator.py for tasks to queue
[2024-10-28T18:24:20.619+0000] {logging_mixin.py:190} INFO - [2024-10-28T18:24:20.618+0000] {dagbag.py:588} INFO - Filling up the DagBag from /home/airflow/.local/lib/python3.12/site-packages/airflow/example_dags/example_short_circuit_decorator.py
[2024-10-28T18:24:20.624+0000] {processor.py:925} INFO - DAG(s) 'example_short_circuit_decorator' retrieved from /home/airflow/.local/lib/python3.12/site-packages/airflow/example_dags/example_short_circuit_decorator.py
[2024-10-28T18:24:20.642+0000] {logging_mixin.py:190} INFO - [2024-10-28T18:24:20.642+0000] {dag.py:3239} INFO - Sync 1 DAGs
[2024-10-28T18:24:20.653+0000] {logging_mixin.py:190} INFO - [2024-10-28T18:24:20.652+0000] {dag.py:4180} INFO - Setting next_dagrun for example_short_circuit_decorator to None, run_after=None
[2024-10-28T18:24:20.675+0000] {processor.py:208} INFO - Processing /home/airflow/.local/lib/python3.12/site-packages/airflow/example_dags/example_short_circuit_decorator.py took 0.063 seconds
[2024-10-28T18:24:51.025+0000] {processor.py:186} INFO - Started process (PID=2814) to work on /home/airflow/.local/lib/python3.12/site-packages/airflow/example_dags/example_short_circuit_decorator.py
[2024-10-28T18:24:51.026+0000] {processor.py:914} INFO - Processing file /home/airflow/.local/lib/python3.12/site-packages/airflow/example_dags/example_short_circuit_decorator.py for tasks to queue
[2024-10-28T18:24:51.028+0000] {logging_mixin.py:190} INFO - [2024-10-28T18:24:51.028+0000] {dagbag.py:588} INFO - Filling up the DagBag from /home/airflow/.local/lib/python3.12/site-packages/airflow/example_dags/example_short_circuit_decorator.py
[2024-10-28T18:24:51.036+0000] {processor.py:925} INFO - DAG(s) 'example_short_circuit_decorator' retrieved from /home/airflow/.local/lib/python3.12/site-packages/airflow/example_dags/example_short_circuit_decorator.py
[2024-10-28T18:24:51.055+0000] {logging_mixin.py:190} INFO - [2024-10-28T18:24:51.055+0000] {dag.py:3239} INFO - Sync 1 DAGs
[2024-10-28T18:24:51.066+0000] {logging_mixin.py:190} INFO - [2024-10-28T18:24:51.066+0000] {dag.py:4180} INFO - Setting next_dagrun for example_short_circuit_decorator to None, run_after=None
[2024-10-28T18:24:51.089+0000] {processor.py:208} INFO - Processing /home/airflow/.local/lib/python3.12/site-packages/airflow/example_dags/example_short_circuit_decorator.py took 0.067 seconds
