[2024-10-28T18:03:54.783+0000] {processor.py:186} INFO - Started process (PID=102) to work on /home/airflow/.local/lib/python3.12/site-packages/airflow/example_dags/example_xcomargs.py
[2024-10-28T18:03:54.785+0000] {processor.py:914} INFO - Processing file /home/airflow/.local/lib/python3.12/site-packages/airflow/example_dags/example_xcomargs.py for tasks to queue
[2024-10-28T18:03:54.794+0000] {logging_mixin.py:190} INFO - [2024-10-28T18:03:54.794+0000] {dagbag.py:588} INFO - Filling up the DagBag from /home/airflow/.local/lib/python3.12/site-packages/airflow/example_dags/example_xcomargs.py
[2024-10-28T18:03:54.841+0000] {processor.py:925} INFO - DAG(s) 'example_xcom_args_with_operators', 'example_xcom_args' retrieved from /home/airflow/.local/lib/python3.12/site-packages/airflow/example_dags/example_xcomargs.py
[2024-10-28T18:03:54.912+0000] {logging_mixin.py:190} INFO - [2024-10-28T18:03:54.911+0000] {dag.py:3239} INFO - Sync 2 DAGs
[2024-10-28T18:03:54.947+0000] {logging_mixin.py:190} INFO - [2024-10-28T18:03:54.946+0000] {dag.py:4180} INFO - Setting next_dagrun for example_xcom_args to None, run_after=None
[2024-10-28T18:03:54.957+0000] {logging_mixin.py:190} INFO - [2024-10-28T18:03:54.957+0000] {dag.py:4180} INFO - Setting next_dagrun for example_xcom_args_with_operators to None, run_after=None
[2024-10-28T18:03:54.996+0000] {processor.py:208} INFO - Processing /home/airflow/.local/lib/python3.12/site-packages/airflow/example_dags/example_xcomargs.py took 0.242 seconds
[2024-10-28T18:04:25.698+0000] {processor.py:186} INFO - Started process (PID=168) to work on /home/airflow/.local/lib/python3.12/site-packages/airflow/example_dags/example_xcomargs.py
[2024-10-28T18:04:25.698+0000] {processor.py:914} INFO - Processing file /home/airflow/.local/lib/python3.12/site-packages/airflow/example_dags/example_xcomargs.py for tasks to queue
[2024-10-28T18:04:25.701+0000] {logging_mixin.py:190} INFO - [2024-10-28T18:04:25.700+0000] {dagbag.py:588} INFO - Filling up the DagBag from /home/airflow/.local/lib/python3.12/site-packages/airflow/example_dags/example_xcomargs.py
[2024-10-28T18:04:25.708+0000] {processor.py:925} INFO - DAG(s) 'example_xcom_args_with_operators', 'example_xcom_args' retrieved from /home/airflow/.local/lib/python3.12/site-packages/airflow/example_dags/example_xcomargs.py
[2024-10-28T18:04:25.727+0000] {logging_mixin.py:190} INFO - [2024-10-28T18:04:25.726+0000] {dag.py:3239} INFO - Sync 2 DAGs
[2024-10-28T18:04:25.738+0000] {logging_mixin.py:190} INFO - [2024-10-28T18:04:25.738+0000] {dag.py:4180} INFO - Setting next_dagrun for example_xcom_args to None, run_after=None
[2024-10-28T18:04:25.741+0000] {logging_mixin.py:190} INFO - [2024-10-28T18:04:25.741+0000] {dag.py:4180} INFO - Setting next_dagrun for example_xcom_args_with_operators to None, run_after=None
[2024-10-28T18:04:25.760+0000] {processor.py:208} INFO - Processing /home/airflow/.local/lib/python3.12/site-packages/airflow/example_dags/example_xcomargs.py took 0.067 seconds
[2024-10-28T18:04:55.922+0000] {processor.py:186} INFO - Started process (PID=234) to work on /home/airflow/.local/lib/python3.12/site-packages/airflow/example_dags/example_xcomargs.py
[2024-10-28T18:04:55.923+0000] {processor.py:914} INFO - Processing file /home/airflow/.local/lib/python3.12/site-packages/airflow/example_dags/example_xcomargs.py for tasks to queue
[2024-10-28T18:04:55.925+0000] {logging_mixin.py:190} INFO - [2024-10-28T18:04:55.925+0000] {dagbag.py:588} INFO - Filling up the DagBag from /home/airflow/.local/lib/python3.12/site-packages/airflow/example_dags/example_xcomargs.py
[2024-10-28T18:04:55.932+0000] {processor.py:925} INFO - DAG(s) 'example_xcom_args_with_operators', 'example_xcom_args' retrieved from /home/airflow/.local/lib/python3.12/site-packages/airflow/example_dags/example_xcomargs.py
[2024-10-28T18:04:55.950+0000] {logging_mixin.py:190} INFO - [2024-10-28T18:04:55.949+0000] {dag.py:3239} INFO - Sync 2 DAGs
[2024-10-28T18:04:55.962+0000] {logging_mixin.py:190} INFO - [2024-10-28T18:04:55.962+0000] {dag.py:4180} INFO - Setting next_dagrun for example_xcom_args to None, run_after=None
[2024-10-28T18:04:55.965+0000] {logging_mixin.py:190} INFO - [2024-10-28T18:04:55.965+0000] {dag.py:4180} INFO - Setting next_dagrun for example_xcom_args_with_operators to None, run_after=None
[2024-10-28T18:04:55.980+0000] {processor.py:208} INFO - Processing /home/airflow/.local/lib/python3.12/site-packages/airflow/example_dags/example_xcomargs.py took 0.062 seconds
[2024-10-28T18:05:26.647+0000] {processor.py:186} INFO - Started process (PID=300) to work on /home/airflow/.local/lib/python3.12/site-packages/airflow/example_dags/example_xcomargs.py
[2024-10-28T18:05:26.649+0000] {processor.py:914} INFO - Processing file /home/airflow/.local/lib/python3.12/site-packages/airflow/example_dags/example_xcomargs.py for tasks to queue
[2024-10-28T18:05:26.651+0000] {logging_mixin.py:190} INFO - [2024-10-28T18:05:26.650+0000] {dagbag.py:588} INFO - Filling up the DagBag from /home/airflow/.local/lib/python3.12/site-packages/airflow/example_dags/example_xcomargs.py
[2024-10-28T18:05:26.657+0000] {processor.py:925} INFO - DAG(s) 'example_xcom_args_with_operators', 'example_xcom_args' retrieved from /home/airflow/.local/lib/python3.12/site-packages/airflow/example_dags/example_xcomargs.py
[2024-10-28T18:05:26.674+0000] {logging_mixin.py:190} INFO - [2024-10-28T18:05:26.674+0000] {dag.py:3239} INFO - Sync 2 DAGs
[2024-10-28T18:05:26.687+0000] {logging_mixin.py:190} INFO - [2024-10-28T18:05:26.686+0000] {dag.py:4180} INFO - Setting next_dagrun for example_xcom_args to None, run_after=None
[2024-10-28T18:05:26.690+0000] {logging_mixin.py:190} INFO - [2024-10-28T18:05:26.690+0000] {dag.py:4180} INFO - Setting next_dagrun for example_xcom_args_with_operators to None, run_after=None
[2024-10-28T18:05:26.703+0000] {processor.py:208} INFO - Processing /home/airflow/.local/lib/python3.12/site-packages/airflow/example_dags/example_xcomargs.py took 0.059 seconds
[2024-10-28T18:05:57.467+0000] {processor.py:186} INFO - Started process (PID=366) to work on /home/airflow/.local/lib/python3.12/site-packages/airflow/example_dags/example_xcomargs.py
[2024-10-28T18:05:57.468+0000] {processor.py:914} INFO - Processing file /home/airflow/.local/lib/python3.12/site-packages/airflow/example_dags/example_xcomargs.py for tasks to queue
[2024-10-28T18:05:57.471+0000] {logging_mixin.py:190} INFO - [2024-10-28T18:05:57.471+0000] {dagbag.py:588} INFO - Filling up the DagBag from /home/airflow/.local/lib/python3.12/site-packages/airflow/example_dags/example_xcomargs.py
[2024-10-28T18:05:57.483+0000] {processor.py:925} INFO - DAG(s) 'example_xcom_args', 'example_xcom_args_with_operators' retrieved from /home/airflow/.local/lib/python3.12/site-packages/airflow/example_dags/example_xcomargs.py
[2024-10-28T18:05:57.514+0000] {logging_mixin.py:190} INFO - [2024-10-28T18:05:57.513+0000] {dag.py:3239} INFO - Sync 2 DAGs
[2024-10-28T18:05:57.530+0000] {logging_mixin.py:190} INFO - [2024-10-28T18:05:57.530+0000] {dag.py:4180} INFO - Setting next_dagrun for example_xcom_args to None, run_after=None
[2024-10-28T18:05:57.536+0000] {logging_mixin.py:190} INFO - [2024-10-28T18:05:57.536+0000] {dag.py:4180} INFO - Setting next_dagrun for example_xcom_args_with_operators to None, run_after=None
[2024-10-28T18:05:57.563+0000] {processor.py:208} INFO - Processing /home/airflow/.local/lib/python3.12/site-packages/airflow/example_dags/example_xcomargs.py took 0.103 seconds
[2024-10-28T18:06:28.317+0000] {processor.py:186} INFO - Started process (PID=432) to work on /home/airflow/.local/lib/python3.12/site-packages/airflow/example_dags/example_xcomargs.py
[2024-10-28T18:06:28.318+0000] {processor.py:914} INFO - Processing file /home/airflow/.local/lib/python3.12/site-packages/airflow/example_dags/example_xcomargs.py for tasks to queue
[2024-10-28T18:06:28.320+0000] {logging_mixin.py:190} INFO - [2024-10-28T18:06:28.320+0000] {dagbag.py:588} INFO - Filling up the DagBag from /home/airflow/.local/lib/python3.12/site-packages/airflow/example_dags/example_xcomargs.py
[2024-10-28T18:06:28.327+0000] {processor.py:925} INFO - DAG(s) 'example_xcom_args', 'example_xcom_args_with_operators' retrieved from /home/airflow/.local/lib/python3.12/site-packages/airflow/example_dags/example_xcomargs.py
[2024-10-28T18:06:28.345+0000] {logging_mixin.py:190} INFO - [2024-10-28T18:06:28.345+0000] {dag.py:3239} INFO - Sync 2 DAGs
[2024-10-28T18:06:28.358+0000] {logging_mixin.py:190} INFO - [2024-10-28T18:06:28.358+0000] {dag.py:4180} INFO - Setting next_dagrun for example_xcom_args to None, run_after=None
[2024-10-28T18:06:28.362+0000] {logging_mixin.py:190} INFO - [2024-10-28T18:06:28.361+0000] {dag.py:4180} INFO - Setting next_dagrun for example_xcom_args_with_operators to None, run_after=None
[2024-10-28T18:06:28.377+0000] {processor.py:208} INFO - Processing /home/airflow/.local/lib/python3.12/site-packages/airflow/example_dags/example_xcomargs.py took 0.064 seconds
[2024-10-28T18:06:58.916+0000] {processor.py:186} INFO - Started process (PID=498) to work on /home/airflow/.local/lib/python3.12/site-packages/airflow/example_dags/example_xcomargs.py
[2024-10-28T18:06:58.917+0000] {processor.py:914} INFO - Processing file /home/airflow/.local/lib/python3.12/site-packages/airflow/example_dags/example_xcomargs.py for tasks to queue
[2024-10-28T18:06:58.919+0000] {logging_mixin.py:190} INFO - [2024-10-28T18:06:58.919+0000] {dagbag.py:588} INFO - Filling up the DagBag from /home/airflow/.local/lib/python3.12/site-packages/airflow/example_dags/example_xcomargs.py
[2024-10-28T18:06:58.926+0000] {processor.py:925} INFO - DAG(s) 'example_xcom_args_with_operators', 'example_xcom_args' retrieved from /home/airflow/.local/lib/python3.12/site-packages/airflow/example_dags/example_xcomargs.py
[2024-10-28T18:06:58.943+0000] {logging_mixin.py:190} INFO - [2024-10-28T18:06:58.943+0000] {dag.py:3239} INFO - Sync 2 DAGs
[2024-10-28T18:06:58.955+0000] {logging_mixin.py:190} INFO - [2024-10-28T18:06:58.955+0000] {dag.py:4180} INFO - Setting next_dagrun for example_xcom_args to None, run_after=None
[2024-10-28T18:06:58.958+0000] {logging_mixin.py:190} INFO - [2024-10-28T18:06:58.958+0000] {dag.py:4180} INFO - Setting next_dagrun for example_xcom_args_with_operators to None, run_after=None
[2024-10-28T18:06:58.974+0000] {processor.py:208} INFO - Processing /home/airflow/.local/lib/python3.12/site-packages/airflow/example_dags/example_xcomargs.py took 0.061 seconds
[2024-10-28T18:07:29.538+0000] {processor.py:186} INFO - Started process (PID=564) to work on /home/airflow/.local/lib/python3.12/site-packages/airflow/example_dags/example_xcomargs.py
[2024-10-28T18:07:29.539+0000] {processor.py:914} INFO - Processing file /home/airflow/.local/lib/python3.12/site-packages/airflow/example_dags/example_xcomargs.py for tasks to queue
[2024-10-28T18:07:29.541+0000] {logging_mixin.py:190} INFO - [2024-10-28T18:07:29.541+0000] {dagbag.py:588} INFO - Filling up the DagBag from /home/airflow/.local/lib/python3.12/site-packages/airflow/example_dags/example_xcomargs.py
[2024-10-28T18:07:29.548+0000] {processor.py:925} INFO - DAG(s) 'example_xcom_args', 'example_xcom_args_with_operators' retrieved from /home/airflow/.local/lib/python3.12/site-packages/airflow/example_dags/example_xcomargs.py
[2024-10-28T18:07:29.565+0000] {logging_mixin.py:190} INFO - [2024-10-28T18:07:29.564+0000] {dag.py:3239} INFO - Sync 2 DAGs
[2024-10-28T18:07:29.575+0000] {logging_mixin.py:190} INFO - [2024-10-28T18:07:29.575+0000] {dag.py:4180} INFO - Setting next_dagrun for example_xcom_args to None, run_after=None
[2024-10-28T18:07:29.579+0000] {logging_mixin.py:190} INFO - [2024-10-28T18:07:29.579+0000] {dag.py:4180} INFO - Setting next_dagrun for example_xcom_args_with_operators to None, run_after=None
[2024-10-28T18:07:29.597+0000] {processor.py:208} INFO - Processing /home/airflow/.local/lib/python3.12/site-packages/airflow/example_dags/example_xcomargs.py took 0.062 seconds
[2024-10-28T18:08:00.237+0000] {processor.py:186} INFO - Started process (PID=630) to work on /home/airflow/.local/lib/python3.12/site-packages/airflow/example_dags/example_xcomargs.py
[2024-10-28T18:08:00.238+0000] {processor.py:914} INFO - Processing file /home/airflow/.local/lib/python3.12/site-packages/airflow/example_dags/example_xcomargs.py for tasks to queue
[2024-10-28T18:08:00.240+0000] {logging_mixin.py:190} INFO - [2024-10-28T18:08:00.240+0000] {dagbag.py:588} INFO - Filling up the DagBag from /home/airflow/.local/lib/python3.12/site-packages/airflow/example_dags/example_xcomargs.py
[2024-10-28T18:08:00.247+0000] {processor.py:925} INFO - DAG(s) 'example_xcom_args_with_operators', 'example_xcom_args' retrieved from /home/airflow/.local/lib/python3.12/site-packages/airflow/example_dags/example_xcomargs.py
[2024-10-28T18:08:00.263+0000] {logging_mixin.py:190} INFO - [2024-10-28T18:08:00.263+0000] {dag.py:3239} INFO - Sync 2 DAGs
[2024-10-28T18:08:00.272+0000] {logging_mixin.py:190} INFO - [2024-10-28T18:08:00.272+0000] {dag.py:4180} INFO - Setting next_dagrun for example_xcom_args to None, run_after=None
[2024-10-28T18:08:00.275+0000] {logging_mixin.py:190} INFO - [2024-10-28T18:08:00.275+0000] {dag.py:4180} INFO - Setting next_dagrun for example_xcom_args_with_operators to None, run_after=None
[2024-10-28T18:08:00.287+0000] {processor.py:208} INFO - Processing /home/airflow/.local/lib/python3.12/site-packages/airflow/example_dags/example_xcomargs.py took 0.054 seconds
[2024-10-28T18:08:30.524+0000] {processor.py:186} INFO - Started process (PID=695) to work on /home/airflow/.local/lib/python3.12/site-packages/airflow/example_dags/example_xcomargs.py
[2024-10-28T18:08:30.525+0000] {processor.py:914} INFO - Processing file /home/airflow/.local/lib/python3.12/site-packages/airflow/example_dags/example_xcomargs.py for tasks to queue
[2024-10-28T18:08:30.527+0000] {logging_mixin.py:190} INFO - [2024-10-28T18:08:30.527+0000] {dagbag.py:588} INFO - Filling up the DagBag from /home/airflow/.local/lib/python3.12/site-packages/airflow/example_dags/example_xcomargs.py
[2024-10-28T18:08:30.534+0000] {processor.py:925} INFO - DAG(s) 'example_xcom_args', 'example_xcom_args_with_operators' retrieved from /home/airflow/.local/lib/python3.12/site-packages/airflow/example_dags/example_xcomargs.py
[2024-10-28T18:08:30.554+0000] {logging_mixin.py:190} INFO - [2024-10-28T18:08:30.553+0000] {dag.py:3239} INFO - Sync 2 DAGs
[2024-10-28T18:08:30.565+0000] {logging_mixin.py:190} INFO - [2024-10-28T18:08:30.565+0000] {dag.py:4180} INFO - Setting next_dagrun for example_xcom_args to None, run_after=None
[2024-10-28T18:08:30.569+0000] {logging_mixin.py:190} INFO - [2024-10-28T18:08:30.569+0000] {dag.py:4180} INFO - Setting next_dagrun for example_xcom_args_with_operators to None, run_after=None
[2024-10-28T18:08:30.584+0000] {processor.py:208} INFO - Processing /home/airflow/.local/lib/python3.12/site-packages/airflow/example_dags/example_xcomargs.py took 0.064 seconds
[2024-10-28T18:09:00.859+0000] {processor.py:186} INFO - Started process (PID=761) to work on /home/airflow/.local/lib/python3.12/site-packages/airflow/example_dags/example_xcomargs.py
[2024-10-28T18:09:00.860+0000] {processor.py:914} INFO - Processing file /home/airflow/.local/lib/python3.12/site-packages/airflow/example_dags/example_xcomargs.py for tasks to queue
[2024-10-28T18:09:00.863+0000] {logging_mixin.py:190} INFO - [2024-10-28T18:09:00.863+0000] {dagbag.py:588} INFO - Filling up the DagBag from /home/airflow/.local/lib/python3.12/site-packages/airflow/example_dags/example_xcomargs.py
[2024-10-28T18:09:00.876+0000] {processor.py:925} INFO - DAG(s) 'example_xcom_args', 'example_xcom_args_with_operators' retrieved from /home/airflow/.local/lib/python3.12/site-packages/airflow/example_dags/example_xcomargs.py
[2024-10-28T18:09:00.903+0000] {logging_mixin.py:190} INFO - [2024-10-28T18:09:00.903+0000] {dag.py:3239} INFO - Sync 2 DAGs
[2024-10-28T18:09:00.922+0000] {logging_mixin.py:190} INFO - [2024-10-28T18:09:00.921+0000] {dag.py:4180} INFO - Setting next_dagrun for example_xcom_args to None, run_after=None
[2024-10-28T18:09:00.927+0000] {logging_mixin.py:190} INFO - [2024-10-28T18:09:00.927+0000] {dag.py:4180} INFO - Setting next_dagrun for example_xcom_args_with_operators to None, run_after=None
[2024-10-28T18:09:00.953+0000] {processor.py:208} INFO - Processing /home/airflow/.local/lib/python3.12/site-packages/airflow/example_dags/example_xcomargs.py took 0.098 seconds
[2024-10-28T18:09:31.447+0000] {processor.py:186} INFO - Started process (PID=827) to work on /home/airflow/.local/lib/python3.12/site-packages/airflow/example_dags/example_xcomargs.py
[2024-10-28T18:09:31.449+0000] {processor.py:914} INFO - Processing file /home/airflow/.local/lib/python3.12/site-packages/airflow/example_dags/example_xcomargs.py for tasks to queue
[2024-10-28T18:09:31.452+0000] {logging_mixin.py:190} INFO - [2024-10-28T18:09:31.451+0000] {dagbag.py:588} INFO - Filling up the DagBag from /home/airflow/.local/lib/python3.12/site-packages/airflow/example_dags/example_xcomargs.py
[2024-10-28T18:09:31.461+0000] {processor.py:925} INFO - DAG(s) 'example_xcom_args', 'example_xcom_args_with_operators' retrieved from /home/airflow/.local/lib/python3.12/site-packages/airflow/example_dags/example_xcomargs.py
[2024-10-28T18:09:31.486+0000] {logging_mixin.py:190} INFO - [2024-10-28T18:09:31.486+0000] {dag.py:3239} INFO - Sync 2 DAGs
[2024-10-28T18:09:31.499+0000] {logging_mixin.py:190} INFO - [2024-10-28T18:09:31.499+0000] {dag.py:4180} INFO - Setting next_dagrun for example_xcom_args to None, run_after=None
[2024-10-28T18:09:31.503+0000] {logging_mixin.py:190} INFO - [2024-10-28T18:09:31.502+0000] {dag.py:4180} INFO - Setting next_dagrun for example_xcom_args_with_operators to None, run_after=None
[2024-10-28T18:09:31.525+0000] {processor.py:208} INFO - Processing /home/airflow/.local/lib/python3.12/site-packages/airflow/example_dags/example_xcomargs.py took 0.084 seconds
[2024-10-28T18:10:01.593+0000] {processor.py:186} INFO - Started process (PID=893) to work on /home/airflow/.local/lib/python3.12/site-packages/airflow/example_dags/example_xcomargs.py
[2024-10-28T18:10:01.594+0000] {processor.py:914} INFO - Processing file /home/airflow/.local/lib/python3.12/site-packages/airflow/example_dags/example_xcomargs.py for tasks to queue
[2024-10-28T18:10:01.596+0000] {logging_mixin.py:190} INFO - [2024-10-28T18:10:01.596+0000] {dagbag.py:588} INFO - Filling up the DagBag from /home/airflow/.local/lib/python3.12/site-packages/airflow/example_dags/example_xcomargs.py
[2024-10-28T18:10:01.602+0000] {processor.py:925} INFO - DAG(s) 'example_xcom_args_with_operators', 'example_xcom_args' retrieved from /home/airflow/.local/lib/python3.12/site-packages/airflow/example_dags/example_xcomargs.py
[2024-10-28T18:10:01.617+0000] {logging_mixin.py:190} INFO - [2024-10-28T18:10:01.617+0000] {dag.py:3239} INFO - Sync 2 DAGs
[2024-10-28T18:10:01.629+0000] {logging_mixin.py:190} INFO - [2024-10-28T18:10:01.629+0000] {dag.py:4180} INFO - Setting next_dagrun for example_xcom_args to None, run_after=None
[2024-10-28T18:10:01.632+0000] {logging_mixin.py:190} INFO - [2024-10-28T18:10:01.632+0000] {dag.py:4180} INFO - Setting next_dagrun for example_xcom_args_with_operators to None, run_after=None
[2024-10-28T18:10:01.653+0000] {processor.py:208} INFO - Processing /home/airflow/.local/lib/python3.12/site-packages/airflow/example_dags/example_xcomargs.py took 0.063 seconds
[2024-10-28T18:10:31.764+0000] {processor.py:186} INFO - Started process (PID=959) to work on /home/airflow/.local/lib/python3.12/site-packages/airflow/example_dags/example_xcomargs.py
[2024-10-28T18:10:31.765+0000] {processor.py:914} INFO - Processing file /home/airflow/.local/lib/python3.12/site-packages/airflow/example_dags/example_xcomargs.py for tasks to queue
[2024-10-28T18:10:31.766+0000] {logging_mixin.py:190} INFO - [2024-10-28T18:10:31.766+0000] {dagbag.py:588} INFO - Filling up the DagBag from /home/airflow/.local/lib/python3.12/site-packages/airflow/example_dags/example_xcomargs.py
[2024-10-28T18:10:31.775+0000] {processor.py:925} INFO - DAG(s) 'example_xcom_args_with_operators', 'example_xcom_args' retrieved from /home/airflow/.local/lib/python3.12/site-packages/airflow/example_dags/example_xcomargs.py
[2024-10-28T18:10:31.794+0000] {logging_mixin.py:190} INFO - [2024-10-28T18:10:31.794+0000] {dag.py:3239} INFO - Sync 2 DAGs
[2024-10-28T18:10:31.803+0000] {logging_mixin.py:190} INFO - [2024-10-28T18:10:31.803+0000] {dag.py:4180} INFO - Setting next_dagrun for example_xcom_args to None, run_after=None
[2024-10-28T18:10:31.807+0000] {logging_mixin.py:190} INFO - [2024-10-28T18:10:31.806+0000] {dag.py:4180} INFO - Setting next_dagrun for example_xcom_args_with_operators to None, run_after=None
[2024-10-28T18:10:31.827+0000] {processor.py:208} INFO - Processing /home/airflow/.local/lib/python3.12/site-packages/airflow/example_dags/example_xcomargs.py took 0.067 seconds
[2024-10-28T18:11:01.996+0000] {processor.py:186} INFO - Started process (PID=1025) to work on /home/airflow/.local/lib/python3.12/site-packages/airflow/example_dags/example_xcomargs.py
[2024-10-28T18:11:01.997+0000] {processor.py:914} INFO - Processing file /home/airflow/.local/lib/python3.12/site-packages/airflow/example_dags/example_xcomargs.py for tasks to queue
[2024-10-28T18:11:01.999+0000] {logging_mixin.py:190} INFO - [2024-10-28T18:11:01.999+0000] {dagbag.py:588} INFO - Filling up the DagBag from /home/airflow/.local/lib/python3.12/site-packages/airflow/example_dags/example_xcomargs.py
[2024-10-28T18:11:02.006+0000] {processor.py:925} INFO - DAG(s) 'example_xcom_args_with_operators', 'example_xcom_args' retrieved from /home/airflow/.local/lib/python3.12/site-packages/airflow/example_dags/example_xcomargs.py
[2024-10-28T18:11:02.021+0000] {logging_mixin.py:190} INFO - [2024-10-28T18:11:02.021+0000] {dag.py:3239} INFO - Sync 2 DAGs
[2024-10-28T18:11:02.031+0000] {logging_mixin.py:190} INFO - [2024-10-28T18:11:02.031+0000] {dag.py:4180} INFO - Setting next_dagrun for example_xcom_args to None, run_after=None
[2024-10-28T18:11:02.034+0000] {logging_mixin.py:190} INFO - [2024-10-28T18:11:02.034+0000] {dag.py:4180} INFO - Setting next_dagrun for example_xcom_args_with_operators to None, run_after=None
[2024-10-28T18:11:02.056+0000] {processor.py:208} INFO - Processing /home/airflow/.local/lib/python3.12/site-packages/airflow/example_dags/example_xcomargs.py took 0.064 seconds
[2024-10-28T18:11:33.060+0000] {processor.py:186} INFO - Started process (PID=1091) to work on /home/airflow/.local/lib/python3.12/site-packages/airflow/example_dags/example_xcomargs.py
[2024-10-28T18:11:33.061+0000] {processor.py:914} INFO - Processing file /home/airflow/.local/lib/python3.12/site-packages/airflow/example_dags/example_xcomargs.py for tasks to queue
[2024-10-28T18:11:33.062+0000] {logging_mixin.py:190} INFO - [2024-10-28T18:11:33.062+0000] {dagbag.py:588} INFO - Filling up the DagBag from /home/airflow/.local/lib/python3.12/site-packages/airflow/example_dags/example_xcomargs.py
[2024-10-28T18:11:33.069+0000] {processor.py:925} INFO - DAG(s) 'example_xcom_args_with_operators', 'example_xcom_args' retrieved from /home/airflow/.local/lib/python3.12/site-packages/airflow/example_dags/example_xcomargs.py
[2024-10-28T18:11:33.084+0000] {logging_mixin.py:190} INFO - [2024-10-28T18:11:33.084+0000] {dag.py:3239} INFO - Sync 2 DAGs
[2024-10-28T18:11:33.094+0000] {logging_mixin.py:190} INFO - [2024-10-28T18:11:33.094+0000] {dag.py:4180} INFO - Setting next_dagrun for example_xcom_args to None, run_after=None
[2024-10-28T18:11:33.097+0000] {logging_mixin.py:190} INFO - [2024-10-28T18:11:33.097+0000] {dag.py:4180} INFO - Setting next_dagrun for example_xcom_args_with_operators to None, run_after=None
[2024-10-28T18:11:33.115+0000] {processor.py:208} INFO - Processing /home/airflow/.local/lib/python3.12/site-packages/airflow/example_dags/example_xcomargs.py took 0.059 seconds
[2024-10-28T18:12:03.997+0000] {processor.py:186} INFO - Started process (PID=1157) to work on /home/airflow/.local/lib/python3.12/site-packages/airflow/example_dags/example_xcomargs.py
[2024-10-28T18:12:03.998+0000] {processor.py:914} INFO - Processing file /home/airflow/.local/lib/python3.12/site-packages/airflow/example_dags/example_xcomargs.py for tasks to queue
[2024-10-28T18:12:04.000+0000] {logging_mixin.py:190} INFO - [2024-10-28T18:12:04.000+0000] {dagbag.py:588} INFO - Filling up the DagBag from /home/airflow/.local/lib/python3.12/site-packages/airflow/example_dags/example_xcomargs.py
[2024-10-28T18:12:04.009+0000] {processor.py:925} INFO - DAG(s) 'example_xcom_args', 'example_xcom_args_with_operators' retrieved from /home/airflow/.local/lib/python3.12/site-packages/airflow/example_dags/example_xcomargs.py
[2024-10-28T18:12:04.029+0000] {logging_mixin.py:190} INFO - [2024-10-28T18:12:04.028+0000] {dag.py:3239} INFO - Sync 2 DAGs
[2024-10-28T18:12:04.039+0000] {logging_mixin.py:190} INFO - [2024-10-28T18:12:04.039+0000] {dag.py:4180} INFO - Setting next_dagrun for example_xcom_args to None, run_after=None
[2024-10-28T18:12:04.042+0000] {logging_mixin.py:190} INFO - [2024-10-28T18:12:04.042+0000] {dag.py:4180} INFO - Setting next_dagrun for example_xcom_args_with_operators to None, run_after=None
[2024-10-28T18:12:04.053+0000] {processor.py:208} INFO - Processing /home/airflow/.local/lib/python3.12/site-packages/airflow/example_dags/example_xcomargs.py took 0.060 seconds
[2024-10-28T18:12:34.434+0000] {processor.py:186} INFO - Started process (PID=1224) to work on /home/airflow/.local/lib/python3.12/site-packages/airflow/example_dags/example_xcomargs.py
[2024-10-28T18:12:34.435+0000] {processor.py:914} INFO - Processing file /home/airflow/.local/lib/python3.12/site-packages/airflow/example_dags/example_xcomargs.py for tasks to queue
[2024-10-28T18:12:34.436+0000] {logging_mixin.py:190} INFO - [2024-10-28T18:12:34.436+0000] {dagbag.py:588} INFO - Filling up the DagBag from /home/airflow/.local/lib/python3.12/site-packages/airflow/example_dags/example_xcomargs.py
[2024-10-28T18:12:34.443+0000] {processor.py:925} INFO - DAG(s) 'example_xcom_args', 'example_xcom_args_with_operators' retrieved from /home/airflow/.local/lib/python3.12/site-packages/airflow/example_dags/example_xcomargs.py
[2024-10-28T18:12:34.458+0000] {logging_mixin.py:190} INFO - [2024-10-28T18:12:34.458+0000] {dag.py:3239} INFO - Sync 2 DAGs
[2024-10-28T18:12:34.467+0000] {logging_mixin.py:190} INFO - [2024-10-28T18:12:34.467+0000] {dag.py:4180} INFO - Setting next_dagrun for example_xcom_args to None, run_after=None
[2024-10-28T18:12:34.470+0000] {logging_mixin.py:190} INFO - [2024-10-28T18:12:34.470+0000] {dag.py:4180} INFO - Setting next_dagrun for example_xcom_args_with_operators to None, run_after=None
[2024-10-28T18:12:34.487+0000] {processor.py:208} INFO - Processing /home/airflow/.local/lib/python3.12/site-packages/airflow/example_dags/example_xcomargs.py took 0.057 seconds
[2024-10-28T18:13:05.384+0000] {processor.py:186} INFO - Started process (PID=1290) to work on /home/airflow/.local/lib/python3.12/site-packages/airflow/example_dags/example_xcomargs.py
[2024-10-28T18:13:05.385+0000] {processor.py:914} INFO - Processing file /home/airflow/.local/lib/python3.12/site-packages/airflow/example_dags/example_xcomargs.py for tasks to queue
[2024-10-28T18:13:05.387+0000] {logging_mixin.py:190} INFO - [2024-10-28T18:13:05.387+0000] {dagbag.py:588} INFO - Filling up the DagBag from /home/airflow/.local/lib/python3.12/site-packages/airflow/example_dags/example_xcomargs.py
[2024-10-28T18:13:05.394+0000] {processor.py:925} INFO - DAG(s) 'example_xcom_args_with_operators', 'example_xcom_args' retrieved from /home/airflow/.local/lib/python3.12/site-packages/airflow/example_dags/example_xcomargs.py
[2024-10-28T18:13:05.412+0000] {logging_mixin.py:190} INFO - [2024-10-28T18:13:05.412+0000] {dag.py:3239} INFO - Sync 2 DAGs
[2024-10-28T18:13:05.421+0000] {logging_mixin.py:190} INFO - [2024-10-28T18:13:05.421+0000] {dag.py:4180} INFO - Setting next_dagrun for example_xcom_args to None, run_after=None
[2024-10-28T18:13:05.451+0000] {logging_mixin.py:190} INFO - [2024-10-28T18:13:05.451+0000] {dag.py:4180} INFO - Setting next_dagrun for example_xcom_args_with_operators to None, run_after=None
[2024-10-28T18:13:05.470+0000] {processor.py:208} INFO - Processing /home/airflow/.local/lib/python3.12/site-packages/airflow/example_dags/example_xcomargs.py took 0.089 seconds
[2024-10-28T18:13:36.268+0000] {processor.py:186} INFO - Started process (PID=1356) to work on /home/airflow/.local/lib/python3.12/site-packages/airflow/example_dags/example_xcomargs.py
[2024-10-28T18:13:36.268+0000] {processor.py:914} INFO - Processing file /home/airflow/.local/lib/python3.12/site-packages/airflow/example_dags/example_xcomargs.py for tasks to queue
[2024-10-28T18:13:36.270+0000] {logging_mixin.py:190} INFO - [2024-10-28T18:13:36.270+0000] {dagbag.py:588} INFO - Filling up the DagBag from /home/airflow/.local/lib/python3.12/site-packages/airflow/example_dags/example_xcomargs.py
[2024-10-28T18:13:36.277+0000] {processor.py:925} INFO - DAG(s) 'example_xcom_args_with_operators', 'example_xcom_args' retrieved from /home/airflow/.local/lib/python3.12/site-packages/airflow/example_dags/example_xcomargs.py
[2024-10-28T18:13:36.292+0000] {logging_mixin.py:190} INFO - [2024-10-28T18:13:36.292+0000] {dag.py:3239} INFO - Sync 2 DAGs
[2024-10-28T18:13:36.301+0000] {logging_mixin.py:190} INFO - [2024-10-28T18:13:36.301+0000] {dag.py:4180} INFO - Setting next_dagrun for example_xcom_args to None, run_after=None
[2024-10-28T18:13:36.305+0000] {logging_mixin.py:190} INFO - [2024-10-28T18:13:36.304+0000] {dag.py:4180} INFO - Setting next_dagrun for example_xcom_args_with_operators to None, run_after=None
[2024-10-28T18:13:36.316+0000] {processor.py:208} INFO - Processing /home/airflow/.local/lib/python3.12/site-packages/airflow/example_dags/example_xcomargs.py took 0.052 seconds
[2024-10-28T18:14:07.245+0000] {processor.py:186} INFO - Started process (PID=1422) to work on /home/airflow/.local/lib/python3.12/site-packages/airflow/example_dags/example_xcomargs.py
[2024-10-28T18:14:07.246+0000] {processor.py:914} INFO - Processing file /home/airflow/.local/lib/python3.12/site-packages/airflow/example_dags/example_xcomargs.py for tasks to queue
[2024-10-28T18:14:07.247+0000] {logging_mixin.py:190} INFO - [2024-10-28T18:14:07.247+0000] {dagbag.py:588} INFO - Filling up the DagBag from /home/airflow/.local/lib/python3.12/site-packages/airflow/example_dags/example_xcomargs.py
[2024-10-28T18:14:07.253+0000] {processor.py:925} INFO - DAG(s) 'example_xcom_args', 'example_xcom_args_with_operators' retrieved from /home/airflow/.local/lib/python3.12/site-packages/airflow/example_dags/example_xcomargs.py
[2024-10-28T18:14:07.270+0000] {logging_mixin.py:190} INFO - [2024-10-28T18:14:07.270+0000] {dag.py:3239} INFO - Sync 2 DAGs
[2024-10-28T18:14:07.279+0000] {logging_mixin.py:190} INFO - [2024-10-28T18:14:07.279+0000] {dag.py:4180} INFO - Setting next_dagrun for example_xcom_args to None, run_after=None
[2024-10-28T18:14:07.282+0000] {logging_mixin.py:190} INFO - [2024-10-28T18:14:07.282+0000] {dag.py:4180} INFO - Setting next_dagrun for example_xcom_args_with_operators to None, run_after=None
[2024-10-28T18:14:07.294+0000] {processor.py:208} INFO - Processing /home/airflow/.local/lib/python3.12/site-packages/airflow/example_dags/example_xcomargs.py took 0.053 seconds
[2024-10-28T18:14:38.028+0000] {processor.py:186} INFO - Started process (PID=1488) to work on /home/airflow/.local/lib/python3.12/site-packages/airflow/example_dags/example_xcomargs.py
[2024-10-28T18:14:38.029+0000] {processor.py:914} INFO - Processing file /home/airflow/.local/lib/python3.12/site-packages/airflow/example_dags/example_xcomargs.py for tasks to queue
[2024-10-28T18:14:38.031+0000] {logging_mixin.py:190} INFO - [2024-10-28T18:14:38.031+0000] {dagbag.py:588} INFO - Filling up the DagBag from /home/airflow/.local/lib/python3.12/site-packages/airflow/example_dags/example_xcomargs.py
[2024-10-28T18:14:38.040+0000] {processor.py:925} INFO - DAG(s) 'example_xcom_args_with_operators', 'example_xcom_args' retrieved from /home/airflow/.local/lib/python3.12/site-packages/airflow/example_dags/example_xcomargs.py
[2024-10-28T18:14:38.060+0000] {logging_mixin.py:190} INFO - [2024-10-28T18:14:38.059+0000] {dag.py:3239} INFO - Sync 2 DAGs
[2024-10-28T18:14:38.070+0000] {logging_mixin.py:190} INFO - [2024-10-28T18:14:38.070+0000] {dag.py:4180} INFO - Setting next_dagrun for example_xcom_args to None, run_after=None
[2024-10-28T18:14:38.073+0000] {logging_mixin.py:190} INFO - [2024-10-28T18:14:38.073+0000] {dag.py:4180} INFO - Setting next_dagrun for example_xcom_args_with_operators to None, run_after=None
[2024-10-28T18:14:38.092+0000] {processor.py:208} INFO - Processing /home/airflow/.local/lib/python3.12/site-packages/airflow/example_dags/example_xcomargs.py took 0.069 seconds
[2024-10-28T18:15:08.708+0000] {processor.py:186} INFO - Started process (PID=1554) to work on /home/airflow/.local/lib/python3.12/site-packages/airflow/example_dags/example_xcomargs.py
[2024-10-28T18:15:08.709+0000] {processor.py:914} INFO - Processing file /home/airflow/.local/lib/python3.12/site-packages/airflow/example_dags/example_xcomargs.py for tasks to queue
[2024-10-28T18:15:08.711+0000] {logging_mixin.py:190} INFO - [2024-10-28T18:15:08.711+0000] {dagbag.py:588} INFO - Filling up the DagBag from /home/airflow/.local/lib/python3.12/site-packages/airflow/example_dags/example_xcomargs.py
[2024-10-28T18:15:08.718+0000] {processor.py:925} INFO - DAG(s) 'example_xcom_args', 'example_xcom_args_with_operators' retrieved from /home/airflow/.local/lib/python3.12/site-packages/airflow/example_dags/example_xcomargs.py
[2024-10-28T18:15:08.733+0000] {logging_mixin.py:190} INFO - [2024-10-28T18:15:08.733+0000] {dag.py:3239} INFO - Sync 2 DAGs
[2024-10-28T18:15:08.743+0000] {logging_mixin.py:190} INFO - [2024-10-28T18:15:08.742+0000] {dag.py:4180} INFO - Setting next_dagrun for example_xcom_args to None, run_after=None
[2024-10-28T18:15:08.746+0000] {logging_mixin.py:190} INFO - [2024-10-28T18:15:08.746+0000] {dag.py:4180} INFO - Setting next_dagrun for example_xcom_args_with_operators to None, run_after=None
[2024-10-28T18:15:08.766+0000] {processor.py:208} INFO - Processing /home/airflow/.local/lib/python3.12/site-packages/airflow/example_dags/example_xcomargs.py took 0.062 seconds
[2024-10-28T18:15:39.420+0000] {processor.py:186} INFO - Started process (PID=1620) to work on /home/airflow/.local/lib/python3.12/site-packages/airflow/example_dags/example_xcomargs.py
[2024-10-28T18:15:39.420+0000] {processor.py:914} INFO - Processing file /home/airflow/.local/lib/python3.12/site-packages/airflow/example_dags/example_xcomargs.py for tasks to queue
[2024-10-28T18:15:39.422+0000] {logging_mixin.py:190} INFO - [2024-10-28T18:15:39.422+0000] {dagbag.py:588} INFO - Filling up the DagBag from /home/airflow/.local/lib/python3.12/site-packages/airflow/example_dags/example_xcomargs.py
[2024-10-28T18:15:39.432+0000] {processor.py:925} INFO - DAG(s) 'example_xcom_args', 'example_xcom_args_with_operators' retrieved from /home/airflow/.local/lib/python3.12/site-packages/airflow/example_dags/example_xcomargs.py
[2024-10-28T18:15:39.450+0000] {logging_mixin.py:190} INFO - [2024-10-28T18:15:39.449+0000] {dag.py:3239} INFO - Sync 2 DAGs
[2024-10-28T18:15:39.461+0000] {logging_mixin.py:190} INFO - [2024-10-28T18:15:39.461+0000] {dag.py:4180} INFO - Setting next_dagrun for example_xcom_args to None, run_after=None
[2024-10-28T18:15:39.465+0000] {logging_mixin.py:190} INFO - [2024-10-28T18:15:39.465+0000] {dag.py:4180} INFO - Setting next_dagrun for example_xcom_args_with_operators to None, run_after=None
[2024-10-28T18:15:39.485+0000] {processor.py:208} INFO - Processing /home/airflow/.local/lib/python3.12/site-packages/airflow/example_dags/example_xcomargs.py took 0.070 seconds
[2024-10-28T18:16:10.228+0000] {processor.py:186} INFO - Started process (PID=1686) to work on /home/airflow/.local/lib/python3.12/site-packages/airflow/example_dags/example_xcomargs.py
[2024-10-28T18:16:10.229+0000] {processor.py:914} INFO - Processing file /home/airflow/.local/lib/python3.12/site-packages/airflow/example_dags/example_xcomargs.py for tasks to queue
[2024-10-28T18:16:10.231+0000] {logging_mixin.py:190} INFO - [2024-10-28T18:16:10.231+0000] {dagbag.py:588} INFO - Filling up the DagBag from /home/airflow/.local/lib/python3.12/site-packages/airflow/example_dags/example_xcomargs.py
[2024-10-28T18:16:10.239+0000] {processor.py:925} INFO - DAG(s) 'example_xcom_args_with_operators', 'example_xcom_args' retrieved from /home/airflow/.local/lib/python3.12/site-packages/airflow/example_dags/example_xcomargs.py
[2024-10-28T18:16:10.259+0000] {logging_mixin.py:190} INFO - [2024-10-28T18:16:10.258+0000] {dag.py:3239} INFO - Sync 2 DAGs
[2024-10-28T18:16:10.270+0000] {logging_mixin.py:190} INFO - [2024-10-28T18:16:10.270+0000] {dag.py:4180} INFO - Setting next_dagrun for example_xcom_args to None, run_after=None
[2024-10-28T18:16:10.274+0000] {logging_mixin.py:190} INFO - [2024-10-28T18:16:10.274+0000] {dag.py:4180} INFO - Setting next_dagrun for example_xcom_args_with_operators to None, run_after=None
[2024-10-28T18:16:10.293+0000] {processor.py:208} INFO - Processing /home/airflow/.local/lib/python3.12/site-packages/airflow/example_dags/example_xcomargs.py took 0.068 seconds
[2024-10-28T18:16:40.979+0000] {processor.py:186} INFO - Started process (PID=1752) to work on /home/airflow/.local/lib/python3.12/site-packages/airflow/example_dags/example_xcomargs.py
[2024-10-28T18:16:40.979+0000] {processor.py:914} INFO - Processing file /home/airflow/.local/lib/python3.12/site-packages/airflow/example_dags/example_xcomargs.py for tasks to queue
[2024-10-28T18:16:40.981+0000] {logging_mixin.py:190} INFO - [2024-10-28T18:16:40.981+0000] {dagbag.py:588} INFO - Filling up the DagBag from /home/airflow/.local/lib/python3.12/site-packages/airflow/example_dags/example_xcomargs.py
[2024-10-28T18:16:40.988+0000] {processor.py:925} INFO - DAG(s) 'example_xcom_args_with_operators', 'example_xcom_args' retrieved from /home/airflow/.local/lib/python3.12/site-packages/airflow/example_dags/example_xcomargs.py
[2024-10-28T18:16:41.005+0000] {logging_mixin.py:190} INFO - [2024-10-28T18:16:41.005+0000] {dag.py:3239} INFO - Sync 2 DAGs
[2024-10-28T18:16:41.015+0000] {logging_mixin.py:190} INFO - [2024-10-28T18:16:41.015+0000] {dag.py:4180} INFO - Setting next_dagrun for example_xcom_args to None, run_after=None
[2024-10-28T18:16:41.019+0000] {logging_mixin.py:190} INFO - [2024-10-28T18:16:41.018+0000] {dag.py:4180} INFO - Setting next_dagrun for example_xcom_args_with_operators to None, run_after=None
[2024-10-28T18:16:41.031+0000] {processor.py:208} INFO - Processing /home/airflow/.local/lib/python3.12/site-packages/airflow/example_dags/example_xcomargs.py took 0.056 seconds
[2024-10-28T18:17:11.744+0000] {processor.py:186} INFO - Started process (PID=1818) to work on /home/airflow/.local/lib/python3.12/site-packages/airflow/example_dags/example_xcomargs.py
[2024-10-28T18:17:11.745+0000] {processor.py:914} INFO - Processing file /home/airflow/.local/lib/python3.12/site-packages/airflow/example_dags/example_xcomargs.py for tasks to queue
[2024-10-28T18:17:11.746+0000] {logging_mixin.py:190} INFO - [2024-10-28T18:17:11.746+0000] {dagbag.py:588} INFO - Filling up the DagBag from /home/airflow/.local/lib/python3.12/site-packages/airflow/example_dags/example_xcomargs.py
[2024-10-28T18:17:11.752+0000] {processor.py:925} INFO - DAG(s) 'example_xcom_args', 'example_xcom_args_with_operators' retrieved from /home/airflow/.local/lib/python3.12/site-packages/airflow/example_dags/example_xcomargs.py
[2024-10-28T18:17:11.768+0000] {logging_mixin.py:190} INFO - [2024-10-28T18:17:11.768+0000] {dag.py:3239} INFO - Sync 2 DAGs
[2024-10-28T18:17:11.779+0000] {logging_mixin.py:190} INFO - [2024-10-28T18:17:11.779+0000] {dag.py:4180} INFO - Setting next_dagrun for example_xcom_args to None, run_after=None
[2024-10-28T18:17:11.782+0000] {logging_mixin.py:190} INFO - [2024-10-28T18:17:11.782+0000] {dag.py:4180} INFO - Setting next_dagrun for example_xcom_args_with_operators to None, run_after=None
[2024-10-28T18:17:11.801+0000] {processor.py:208} INFO - Processing /home/airflow/.local/lib/python3.12/site-packages/airflow/example_dags/example_xcomargs.py took 0.061 seconds
[2024-10-28T18:17:41.877+0000] {processor.py:186} INFO - Started process (PID=1883) to work on /home/airflow/.local/lib/python3.12/site-packages/airflow/example_dags/example_xcomargs.py
[2024-10-28T18:17:41.896+0000] {processor.py:914} INFO - Processing file /home/airflow/.local/lib/python3.12/site-packages/airflow/example_dags/example_xcomargs.py for tasks to queue
[2024-10-28T18:17:41.899+0000] {logging_mixin.py:190} INFO - [2024-10-28T18:17:41.899+0000] {dagbag.py:588} INFO - Filling up the DagBag from /home/airflow/.local/lib/python3.12/site-packages/airflow/example_dags/example_xcomargs.py
[2024-10-28T18:17:41.908+0000] {processor.py:925} INFO - DAG(s) 'example_xcom_args', 'example_xcom_args_with_operators' retrieved from /home/airflow/.local/lib/python3.12/site-packages/airflow/example_dags/example_xcomargs.py
[2024-10-28T18:17:41.923+0000] {logging_mixin.py:190} INFO - [2024-10-28T18:17:41.923+0000] {dag.py:3239} INFO - Sync 2 DAGs
[2024-10-28T18:17:41.934+0000] {logging_mixin.py:190} INFO - [2024-10-28T18:17:41.934+0000] {dag.py:4180} INFO - Setting next_dagrun for example_xcom_args to None, run_after=None
[2024-10-28T18:17:41.938+0000] {logging_mixin.py:190} INFO - [2024-10-28T18:17:41.938+0000] {dag.py:4180} INFO - Setting next_dagrun for example_xcom_args_with_operators to None, run_after=None
[2024-10-28T18:17:41.950+0000] {processor.py:208} INFO - Processing /home/airflow/.local/lib/python3.12/site-packages/airflow/example_dags/example_xcomargs.py took 0.078 seconds
[2024-10-28T18:18:12.177+0000] {processor.py:186} INFO - Started process (PID=1949) to work on /home/airflow/.local/lib/python3.12/site-packages/airflow/example_dags/example_xcomargs.py
[2024-10-28T18:18:12.178+0000] {processor.py:914} INFO - Processing file /home/airflow/.local/lib/python3.12/site-packages/airflow/example_dags/example_xcomargs.py for tasks to queue
[2024-10-28T18:18:12.180+0000] {logging_mixin.py:190} INFO - [2024-10-28T18:18:12.180+0000] {dagbag.py:588} INFO - Filling up the DagBag from /home/airflow/.local/lib/python3.12/site-packages/airflow/example_dags/example_xcomargs.py
[2024-10-28T18:18:12.188+0000] {processor.py:925} INFO - DAG(s) 'example_xcom_args_with_operators', 'example_xcom_args' retrieved from /home/airflow/.local/lib/python3.12/site-packages/airflow/example_dags/example_xcomargs.py
[2024-10-28T18:18:12.208+0000] {logging_mixin.py:190} INFO - [2024-10-28T18:18:12.207+0000] {dag.py:3239} INFO - Sync 2 DAGs
[2024-10-28T18:18:12.222+0000] {logging_mixin.py:190} INFO - [2024-10-28T18:18:12.221+0000] {dag.py:4180} INFO - Setting next_dagrun for example_xcom_args to None, run_after=None
[2024-10-28T18:18:12.226+0000] {logging_mixin.py:190} INFO - [2024-10-28T18:18:12.225+0000] {dag.py:4180} INFO - Setting next_dagrun for example_xcom_args_with_operators to None, run_after=None
[2024-10-28T18:18:12.246+0000] {processor.py:208} INFO - Processing /home/airflow/.local/lib/python3.12/site-packages/airflow/example_dags/example_xcomargs.py took 0.074 seconds
[2024-10-28T18:18:43.100+0000] {processor.py:186} INFO - Started process (PID=2015) to work on /home/airflow/.local/lib/python3.12/site-packages/airflow/example_dags/example_xcomargs.py
[2024-10-28T18:18:43.101+0000] {processor.py:914} INFO - Processing file /home/airflow/.local/lib/python3.12/site-packages/airflow/example_dags/example_xcomargs.py for tasks to queue
[2024-10-28T18:18:43.103+0000] {logging_mixin.py:190} INFO - [2024-10-28T18:18:43.103+0000] {dagbag.py:588} INFO - Filling up the DagBag from /home/airflow/.local/lib/python3.12/site-packages/airflow/example_dags/example_xcomargs.py
[2024-10-28T18:18:43.110+0000] {processor.py:925} INFO - DAG(s) 'example_xcom_args', 'example_xcom_args_with_operators' retrieved from /home/airflow/.local/lib/python3.12/site-packages/airflow/example_dags/example_xcomargs.py
[2024-10-28T18:18:43.133+0000] {logging_mixin.py:190} INFO - [2024-10-28T18:18:43.132+0000] {dag.py:3239} INFO - Sync 2 DAGs
[2024-10-28T18:18:43.146+0000] {logging_mixin.py:190} INFO - [2024-10-28T18:18:43.145+0000] {dag.py:4180} INFO - Setting next_dagrun for example_xcom_args to None, run_after=None
[2024-10-28T18:18:43.149+0000] {logging_mixin.py:190} INFO - [2024-10-28T18:18:43.149+0000] {dag.py:4180} INFO - Setting next_dagrun for example_xcom_args_with_operators to None, run_after=None
[2024-10-28T18:18:43.164+0000] {processor.py:208} INFO - Processing /home/airflow/.local/lib/python3.12/site-packages/airflow/example_dags/example_xcomargs.py took 0.068 seconds
[2024-10-28T18:19:14.240+0000] {processor.py:186} INFO - Started process (PID=2081) to work on /home/airflow/.local/lib/python3.12/site-packages/airflow/example_dags/example_xcomargs.py
[2024-10-28T18:19:14.241+0000] {processor.py:914} INFO - Processing file /home/airflow/.local/lib/python3.12/site-packages/airflow/example_dags/example_xcomargs.py for tasks to queue
[2024-10-28T18:19:14.244+0000] {logging_mixin.py:190} INFO - [2024-10-28T18:19:14.244+0000] {dagbag.py:588} INFO - Filling up the DagBag from /home/airflow/.local/lib/python3.12/site-packages/airflow/example_dags/example_xcomargs.py
[2024-10-28T18:19:14.252+0000] {processor.py:925} INFO - DAG(s) 'example_xcom_args_with_operators', 'example_xcom_args' retrieved from /home/airflow/.local/lib/python3.12/site-packages/airflow/example_dags/example_xcomargs.py
[2024-10-28T18:19:14.270+0000] {logging_mixin.py:190} INFO - [2024-10-28T18:19:14.270+0000] {dag.py:3239} INFO - Sync 2 DAGs
[2024-10-28T18:19:14.281+0000] {logging_mixin.py:190} INFO - [2024-10-28T18:19:14.281+0000] {dag.py:4180} INFO - Setting next_dagrun for example_xcom_args to None, run_after=None
[2024-10-28T18:19:14.285+0000] {logging_mixin.py:190} INFO - [2024-10-28T18:19:14.284+0000] {dag.py:4180} INFO - Setting next_dagrun for example_xcom_args_with_operators to None, run_after=None
[2024-10-28T18:19:14.300+0000] {processor.py:208} INFO - Processing /home/airflow/.local/lib/python3.12/site-packages/airflow/example_dags/example_xcomargs.py took 0.068 seconds
[2024-10-28T18:19:44.539+0000] {processor.py:186} INFO - Started process (PID=2149) to work on /home/airflow/.local/lib/python3.12/site-packages/airflow/example_dags/example_xcomargs.py
[2024-10-28T18:19:44.540+0000] {processor.py:914} INFO - Processing file /home/airflow/.local/lib/python3.12/site-packages/airflow/example_dags/example_xcomargs.py for tasks to queue
[2024-10-28T18:19:44.542+0000] {logging_mixin.py:190} INFO - [2024-10-28T18:19:44.542+0000] {dagbag.py:588} INFO - Filling up the DagBag from /home/airflow/.local/lib/python3.12/site-packages/airflow/example_dags/example_xcomargs.py
[2024-10-28T18:19:44.549+0000] {processor.py:925} INFO - DAG(s) 'example_xcom_args', 'example_xcom_args_with_operators' retrieved from /home/airflow/.local/lib/python3.12/site-packages/airflow/example_dags/example_xcomargs.py
[2024-10-28T18:19:44.568+0000] {logging_mixin.py:190} INFO - [2024-10-28T18:19:44.567+0000] {dag.py:3239} INFO - Sync 2 DAGs
[2024-10-28T18:19:44.581+0000] {logging_mixin.py:190} INFO - [2024-10-28T18:19:44.581+0000] {dag.py:4180} INFO - Setting next_dagrun for example_xcom_args to None, run_after=None
[2024-10-28T18:19:44.585+0000] {logging_mixin.py:190} INFO - [2024-10-28T18:19:44.585+0000] {dag.py:4180} INFO - Setting next_dagrun for example_xcom_args_with_operators to None, run_after=None
[2024-10-28T18:19:44.608+0000] {processor.py:208} INFO - Processing /home/airflow/.local/lib/python3.12/site-packages/airflow/example_dags/example_xcomargs.py took 0.072 seconds
[2024-10-28T18:20:15.406+0000] {processor.py:186} INFO - Started process (PID=2214) to work on /home/airflow/.local/lib/python3.12/site-packages/airflow/example_dags/example_xcomargs.py
[2024-10-28T18:20:15.407+0000] {processor.py:914} INFO - Processing file /home/airflow/.local/lib/python3.12/site-packages/airflow/example_dags/example_xcomargs.py for tasks to queue
[2024-10-28T18:20:15.409+0000] {logging_mixin.py:190} INFO - [2024-10-28T18:20:15.409+0000] {dagbag.py:588} INFO - Filling up the DagBag from /home/airflow/.local/lib/python3.12/site-packages/airflow/example_dags/example_xcomargs.py
[2024-10-28T18:20:15.419+0000] {processor.py:925} INFO - DAG(s) 'example_xcom_args', 'example_xcom_args_with_operators' retrieved from /home/airflow/.local/lib/python3.12/site-packages/airflow/example_dags/example_xcomargs.py
[2024-10-28T18:20:15.438+0000] {logging_mixin.py:190} INFO - [2024-10-28T18:20:15.438+0000] {dag.py:3239} INFO - Sync 2 DAGs
[2024-10-28T18:20:15.452+0000] {logging_mixin.py:190} INFO - [2024-10-28T18:20:15.452+0000] {dag.py:4180} INFO - Setting next_dagrun for example_xcom_args to None, run_after=None
[2024-10-28T18:20:15.455+0000] {logging_mixin.py:190} INFO - [2024-10-28T18:20:15.455+0000] {dag.py:4180} INFO - Setting next_dagrun for example_xcom_args_with_operators to None, run_after=None
[2024-10-28T18:20:15.471+0000] {processor.py:208} INFO - Processing /home/airflow/.local/lib/python3.12/site-packages/airflow/example_dags/example_xcomargs.py took 0.069 seconds
[2024-10-28T18:20:45.969+0000] {processor.py:186} INFO - Started process (PID=2280) to work on /home/airflow/.local/lib/python3.12/site-packages/airflow/example_dags/example_xcomargs.py
[2024-10-28T18:20:45.973+0000] {processor.py:914} INFO - Processing file /home/airflow/.local/lib/python3.12/site-packages/airflow/example_dags/example_xcomargs.py for tasks to queue
[2024-10-28T18:20:45.980+0000] {logging_mixin.py:190} INFO - [2024-10-28T18:20:45.979+0000] {dagbag.py:588} INFO - Filling up the DagBag from /home/airflow/.local/lib/python3.12/site-packages/airflow/example_dags/example_xcomargs.py
[2024-10-28T18:20:45.991+0000] {processor.py:925} INFO - DAG(s) 'example_xcom_args_with_operators', 'example_xcom_args' retrieved from /home/airflow/.local/lib/python3.12/site-packages/airflow/example_dags/example_xcomargs.py
[2024-10-28T18:20:46.008+0000] {logging_mixin.py:190} INFO - [2024-10-28T18:20:46.007+0000] {dag.py:3239} INFO - Sync 2 DAGs
[2024-10-28T18:20:46.017+0000] {logging_mixin.py:190} INFO - [2024-10-28T18:20:46.017+0000] {dag.py:4180} INFO - Setting next_dagrun for example_xcom_args to None, run_after=None
[2024-10-28T18:20:46.020+0000] {logging_mixin.py:190} INFO - [2024-10-28T18:20:46.020+0000] {dag.py:4180} INFO - Setting next_dagrun for example_xcom_args_with_operators to None, run_after=None
[2024-10-28T18:20:46.040+0000] {processor.py:208} INFO - Processing /home/airflow/.local/lib/python3.12/site-packages/airflow/example_dags/example_xcomargs.py took 0.075 seconds
[2024-10-28T18:21:17.032+0000] {processor.py:186} INFO - Started process (PID=2346) to work on /home/airflow/.local/lib/python3.12/site-packages/airflow/example_dags/example_xcomargs.py
[2024-10-28T18:21:17.033+0000] {processor.py:914} INFO - Processing file /home/airflow/.local/lib/python3.12/site-packages/airflow/example_dags/example_xcomargs.py for tasks to queue
[2024-10-28T18:21:17.036+0000] {logging_mixin.py:190} INFO - [2024-10-28T18:21:17.035+0000] {dagbag.py:588} INFO - Filling up the DagBag from /home/airflow/.local/lib/python3.12/site-packages/airflow/example_dags/example_xcomargs.py
[2024-10-28T18:21:17.044+0000] {processor.py:925} INFO - DAG(s) 'example_xcom_args', 'example_xcom_args_with_operators' retrieved from /home/airflow/.local/lib/python3.12/site-packages/airflow/example_dags/example_xcomargs.py
[2024-10-28T18:21:17.064+0000] {logging_mixin.py:190} INFO - [2024-10-28T18:21:17.064+0000] {dag.py:3239} INFO - Sync 2 DAGs
[2024-10-28T18:21:17.075+0000] {logging_mixin.py:190} INFO - [2024-10-28T18:21:17.074+0000] {dag.py:4180} INFO - Setting next_dagrun for example_xcom_args to None, run_after=None
[2024-10-28T18:21:17.078+0000] {logging_mixin.py:190} INFO - [2024-10-28T18:21:17.078+0000] {dag.py:4180} INFO - Setting next_dagrun for example_xcom_args_with_operators to None, run_after=None
[2024-10-28T18:21:17.098+0000] {processor.py:208} INFO - Processing /home/airflow/.local/lib/python3.12/site-packages/airflow/example_dags/example_xcomargs.py took 0.071 seconds
[2024-10-28T18:21:47.186+0000] {processor.py:186} INFO - Started process (PID=2412) to work on /home/airflow/.local/lib/python3.12/site-packages/airflow/example_dags/example_xcomargs.py
[2024-10-28T18:21:47.187+0000] {processor.py:914} INFO - Processing file /home/airflow/.local/lib/python3.12/site-packages/airflow/example_dags/example_xcomargs.py for tasks to queue
[2024-10-28T18:21:47.190+0000] {logging_mixin.py:190} INFO - [2024-10-28T18:21:47.189+0000] {dagbag.py:588} INFO - Filling up the DagBag from /home/airflow/.local/lib/python3.12/site-packages/airflow/example_dags/example_xcomargs.py
[2024-10-28T18:21:47.196+0000] {processor.py:925} INFO - DAG(s) 'example_xcom_args', 'example_xcom_args_with_operators' retrieved from /home/airflow/.local/lib/python3.12/site-packages/airflow/example_dags/example_xcomargs.py
[2024-10-28T18:21:47.213+0000] {logging_mixin.py:190} INFO - [2024-10-28T18:21:47.213+0000] {dag.py:3239} INFO - Sync 2 DAGs
[2024-10-28T18:21:47.225+0000] {logging_mixin.py:190} INFO - [2024-10-28T18:21:47.225+0000] {dag.py:4180} INFO - Setting next_dagrun for example_xcom_args to None, run_after=None
[2024-10-28T18:21:47.228+0000] {logging_mixin.py:190} INFO - [2024-10-28T18:21:47.228+0000] {dag.py:4180} INFO - Setting next_dagrun for example_xcom_args_with_operators to None, run_after=None
[2024-10-28T18:21:47.243+0000] {processor.py:208} INFO - Processing /home/airflow/.local/lib/python3.12/site-packages/airflow/example_dags/example_xcomargs.py took 0.061 seconds
[2024-10-28T18:22:17.472+0000] {processor.py:186} INFO - Started process (PID=2478) to work on /home/airflow/.local/lib/python3.12/site-packages/airflow/example_dags/example_xcomargs.py
[2024-10-28T18:22:17.472+0000] {processor.py:914} INFO - Processing file /home/airflow/.local/lib/python3.12/site-packages/airflow/example_dags/example_xcomargs.py for tasks to queue
[2024-10-28T18:22:17.474+0000] {logging_mixin.py:190} INFO - [2024-10-28T18:22:17.474+0000] {dagbag.py:588} INFO - Filling up the DagBag from /home/airflow/.local/lib/python3.12/site-packages/airflow/example_dags/example_xcomargs.py
[2024-10-28T18:22:17.485+0000] {processor.py:925} INFO - DAG(s) 'example_xcom_args', 'example_xcom_args_with_operators' retrieved from /home/airflow/.local/lib/python3.12/site-packages/airflow/example_dags/example_xcomargs.py
[2024-10-28T18:22:17.505+0000] {logging_mixin.py:190} INFO - [2024-10-28T18:22:17.504+0000] {dag.py:3239} INFO - Sync 2 DAGs
[2024-10-28T18:22:17.516+0000] {logging_mixin.py:190} INFO - [2024-10-28T18:22:17.516+0000] {dag.py:4180} INFO - Setting next_dagrun for example_xcom_args to None, run_after=None
[2024-10-28T18:22:17.519+0000] {logging_mixin.py:190} INFO - [2024-10-28T18:22:17.519+0000] {dag.py:4180} INFO - Setting next_dagrun for example_xcom_args_with_operators to None, run_after=None
[2024-10-28T18:22:17.533+0000] {processor.py:208} INFO - Processing /home/airflow/.local/lib/python3.12/site-packages/airflow/example_dags/example_xcomargs.py took 0.066 seconds
[2024-10-28T18:22:47.658+0000] {processor.py:186} INFO - Started process (PID=2544) to work on /home/airflow/.local/lib/python3.12/site-packages/airflow/example_dags/example_xcomargs.py
[2024-10-28T18:22:47.659+0000] {processor.py:914} INFO - Processing file /home/airflow/.local/lib/python3.12/site-packages/airflow/example_dags/example_xcomargs.py for tasks to queue
[2024-10-28T18:22:47.661+0000] {logging_mixin.py:190} INFO - [2024-10-28T18:22:47.661+0000] {dagbag.py:588} INFO - Filling up the DagBag from /home/airflow/.local/lib/python3.12/site-packages/airflow/example_dags/example_xcomargs.py
[2024-10-28T18:22:47.669+0000] {processor.py:925} INFO - DAG(s) 'example_xcom_args', 'example_xcom_args_with_operators' retrieved from /home/airflow/.local/lib/python3.12/site-packages/airflow/example_dags/example_xcomargs.py
[2024-10-28T18:22:47.687+0000] {logging_mixin.py:190} INFO - [2024-10-28T18:22:47.687+0000] {dag.py:3239} INFO - Sync 2 DAGs
[2024-10-28T18:22:47.700+0000] {logging_mixin.py:190} INFO - [2024-10-28T18:22:47.700+0000] {dag.py:4180} INFO - Setting next_dagrun for example_xcom_args to None, run_after=None
[2024-10-28T18:22:47.704+0000] {logging_mixin.py:190} INFO - [2024-10-28T18:22:47.704+0000] {dag.py:4180} INFO - Setting next_dagrun for example_xcom_args_with_operators to None, run_after=None
[2024-10-28T18:22:47.730+0000] {processor.py:208} INFO - Processing /home/airflow/.local/lib/python3.12/site-packages/airflow/example_dags/example_xcomargs.py took 0.075 seconds
[2024-10-28T18:23:17.794+0000] {processor.py:186} INFO - Started process (PID=2609) to work on /home/airflow/.local/lib/python3.12/site-packages/airflow/example_dags/example_xcomargs.py
[2024-10-28T18:23:17.794+0000] {processor.py:914} INFO - Processing file /home/airflow/.local/lib/python3.12/site-packages/airflow/example_dags/example_xcomargs.py for tasks to queue
[2024-10-28T18:23:17.797+0000] {logging_mixin.py:190} INFO - [2024-10-28T18:23:17.797+0000] {dagbag.py:588} INFO - Filling up the DagBag from /home/airflow/.local/lib/python3.12/site-packages/airflow/example_dags/example_xcomargs.py
[2024-10-28T18:23:17.804+0000] {processor.py:925} INFO - DAG(s) 'example_xcom_args_with_operators', 'example_xcom_args' retrieved from /home/airflow/.local/lib/python3.12/site-packages/airflow/example_dags/example_xcomargs.py
[2024-10-28T18:23:17.820+0000] {logging_mixin.py:190} INFO - [2024-10-28T18:23:17.820+0000] {dag.py:3239} INFO - Sync 2 DAGs
[2024-10-28T18:23:17.832+0000] {logging_mixin.py:190} INFO - [2024-10-28T18:23:17.831+0000] {dag.py:4180} INFO - Setting next_dagrun for example_xcom_args to None, run_after=None
[2024-10-28T18:23:17.835+0000] {logging_mixin.py:190} INFO - [2024-10-28T18:23:17.835+0000] {dag.py:4180} INFO - Setting next_dagrun for example_xcom_args_with_operators to None, run_after=None
[2024-10-28T18:23:17.853+0000] {processor.py:208} INFO - Processing /home/airflow/.local/lib/python3.12/site-packages/airflow/example_dags/example_xcomargs.py took 0.063 seconds
[2024-10-28T18:23:48.180+0000] {processor.py:186} INFO - Started process (PID=2675) to work on /home/airflow/.local/lib/python3.12/site-packages/airflow/example_dags/example_xcomargs.py
[2024-10-28T18:23:48.182+0000] {processor.py:914} INFO - Processing file /home/airflow/.local/lib/python3.12/site-packages/airflow/example_dags/example_xcomargs.py for tasks to queue
[2024-10-28T18:23:48.184+0000] {logging_mixin.py:190} INFO - [2024-10-28T18:23:48.184+0000] {dagbag.py:588} INFO - Filling up the DagBag from /home/airflow/.local/lib/python3.12/site-packages/airflow/example_dags/example_xcomargs.py
[2024-10-28T18:23:48.191+0000] {processor.py:925} INFO - DAG(s) 'example_xcom_args_with_operators', 'example_xcom_args' retrieved from /home/airflow/.local/lib/python3.12/site-packages/airflow/example_dags/example_xcomargs.py
[2024-10-28T18:23:48.210+0000] {logging_mixin.py:190} INFO - [2024-10-28T18:23:48.210+0000] {dag.py:3239} INFO - Sync 2 DAGs
[2024-10-28T18:23:48.221+0000] {logging_mixin.py:190} INFO - [2024-10-28T18:23:48.221+0000] {dag.py:4180} INFO - Setting next_dagrun for example_xcom_args to None, run_after=None
[2024-10-28T18:23:48.225+0000] {logging_mixin.py:190} INFO - [2024-10-28T18:23:48.224+0000] {dag.py:4180} INFO - Setting next_dagrun for example_xcom_args_with_operators to None, run_after=None
[2024-10-28T18:23:48.244+0000] {processor.py:208} INFO - Processing /home/airflow/.local/lib/python3.12/site-packages/airflow/example_dags/example_xcomargs.py took 0.067 seconds
[2024-10-28T18:24:19.216+0000] {processor.py:186} INFO - Started process (PID=2742) to work on /home/airflow/.local/lib/python3.12/site-packages/airflow/example_dags/example_xcomargs.py
[2024-10-28T18:24:19.217+0000] {processor.py:914} INFO - Processing file /home/airflow/.local/lib/python3.12/site-packages/airflow/example_dags/example_xcomargs.py for tasks to queue
[2024-10-28T18:24:19.219+0000] {logging_mixin.py:190} INFO - [2024-10-28T18:24:19.219+0000] {dagbag.py:588} INFO - Filling up the DagBag from /home/airflow/.local/lib/python3.12/site-packages/airflow/example_dags/example_xcomargs.py
[2024-10-28T18:24:19.226+0000] {processor.py:925} INFO - DAG(s) 'example_xcom_args', 'example_xcom_args_with_operators' retrieved from /home/airflow/.local/lib/python3.12/site-packages/airflow/example_dags/example_xcomargs.py
[2024-10-28T18:24:19.244+0000] {logging_mixin.py:190} INFO - [2024-10-28T18:24:19.243+0000] {dag.py:3239} INFO - Sync 2 DAGs
[2024-10-28T18:24:19.256+0000] {logging_mixin.py:190} INFO - [2024-10-28T18:24:19.256+0000] {dag.py:4180} INFO - Setting next_dagrun for example_xcom_args to None, run_after=None
[2024-10-28T18:24:19.259+0000] {logging_mixin.py:190} INFO - [2024-10-28T18:24:19.259+0000] {dag.py:4180} INFO - Setting next_dagrun for example_xcom_args_with_operators to None, run_after=None
[2024-10-28T18:24:19.275+0000] {processor.py:208} INFO - Processing /home/airflow/.local/lib/python3.12/site-packages/airflow/example_dags/example_xcomargs.py took 0.063 seconds
[2024-10-28T18:24:49.421+0000] {processor.py:186} INFO - Started process (PID=2807) to work on /home/airflow/.local/lib/python3.12/site-packages/airflow/example_dags/example_xcomargs.py
[2024-10-28T18:24:49.422+0000] {processor.py:914} INFO - Processing file /home/airflow/.local/lib/python3.12/site-packages/airflow/example_dags/example_xcomargs.py for tasks to queue
[2024-10-28T18:24:49.424+0000] {logging_mixin.py:190} INFO - [2024-10-28T18:24:49.424+0000] {dagbag.py:588} INFO - Filling up the DagBag from /home/airflow/.local/lib/python3.12/site-packages/airflow/example_dags/example_xcomargs.py
[2024-10-28T18:24:49.430+0000] {processor.py:925} INFO - DAG(s) 'example_xcom_args_with_operators', 'example_xcom_args' retrieved from /home/airflow/.local/lib/python3.12/site-packages/airflow/example_dags/example_xcomargs.py
[2024-10-28T18:24:49.446+0000] {logging_mixin.py:190} INFO - [2024-10-28T18:24:49.446+0000] {dag.py:3239} INFO - Sync 2 DAGs
[2024-10-28T18:24:49.455+0000] {logging_mixin.py:190} INFO - [2024-10-28T18:24:49.455+0000] {dag.py:4180} INFO - Setting next_dagrun for example_xcom_args to None, run_after=None
[2024-10-28T18:24:49.458+0000] {logging_mixin.py:190} INFO - [2024-10-28T18:24:49.458+0000] {dag.py:4180} INFO - Setting next_dagrun for example_xcom_args_with_operators to None, run_after=None
[2024-10-28T18:24:49.470+0000] {processor.py:208} INFO - Processing /home/airflow/.local/lib/python3.12/site-packages/airflow/example_dags/example_xcomargs.py took 0.053 seconds
