[2024-10-28T18:03:52.249+0000] {processor.py:186} INFO - Started process (PID=90) to work on /home/airflow/.local/lib/python3.12/site-packages/airflow/example_dags/example_bash_operator.py
[2024-10-28T18:03:52.251+0000] {processor.py:914} INFO - Processing file /home/airflow/.local/lib/python3.12/site-packages/airflow/example_dags/example_bash_operator.py for tasks to queue
[2024-10-28T18:03:52.257+0000] {logging_mixin.py:190} INFO - [2024-10-28T18:03:52.256+0000] {dagbag.py:588} INFO - Filling up the DagBag from /home/airflow/.local/lib/python3.12/site-packages/airflow/example_dags/example_bash_operator.py
[2024-10-28T18:03:52.297+0000] {processor.py:925} INFO - DAG(s) 'example_bash_operator' retrieved from /home/airflow/.local/lib/python3.12/site-packages/airflow/example_dags/example_bash_operator.py
[2024-10-28T18:03:52.368+0000] {logging_mixin.py:190} INFO - [2024-10-28T18:03:52.367+0000] {dag.py:3239} INFO - Sync 1 DAGs
[2024-10-28T18:03:52.437+0000] {logging_mixin.py:190} INFO - [2024-10-28T18:03:52.437+0000] {dag.py:4180} INFO - Setting next_dagrun for example_bash_operator to 2024-10-27 00:00:00+00:00, run_after=2024-10-28 00:00:00+00:00
[2024-10-28T18:03:52.482+0000] {processor.py:208} INFO - Processing /home/airflow/.local/lib/python3.12/site-packages/airflow/example_dags/example_bash_operator.py took 0.245 seconds
[2024-10-28T18:04:22.885+0000] {processor.py:186} INFO - Started process (PID=156) to work on /home/airflow/.local/lib/python3.12/site-packages/airflow/example_dags/example_bash_operator.py
[2024-10-28T18:04:22.886+0000] {processor.py:914} INFO - Processing file /home/airflow/.local/lib/python3.12/site-packages/airflow/example_dags/example_bash_operator.py for tasks to queue
[2024-10-28T18:04:22.888+0000] {logging_mixin.py:190} INFO - [2024-10-28T18:04:22.888+0000] {dagbag.py:588} INFO - Filling up the DagBag from /home/airflow/.local/lib/python3.12/site-packages/airflow/example_dags/example_bash_operator.py
[2024-10-28T18:04:22.896+0000] {processor.py:925} INFO - DAG(s) 'example_bash_operator' retrieved from /home/airflow/.local/lib/python3.12/site-packages/airflow/example_dags/example_bash_operator.py
[2024-10-28T18:04:22.915+0000] {logging_mixin.py:190} INFO - [2024-10-28T18:04:22.915+0000] {dag.py:3239} INFO - Sync 1 DAGs
[2024-10-28T18:04:22.932+0000] {logging_mixin.py:190} INFO - [2024-10-28T18:04:22.931+0000] {dag.py:4180} INFO - Setting next_dagrun for example_bash_operator to 2024-10-27 00:00:00+00:00, run_after=2024-10-28 00:00:00+00:00
[2024-10-28T18:04:22.952+0000] {processor.py:208} INFO - Processing /home/airflow/.local/lib/python3.12/site-packages/airflow/example_dags/example_bash_operator.py took 0.072 seconds
[2024-10-28T18:04:53.123+0000] {processor.py:186} INFO - Started process (PID=222) to work on /home/airflow/.local/lib/python3.12/site-packages/airflow/example_dags/example_bash_operator.py
[2024-10-28T18:04:53.124+0000] {processor.py:914} INFO - Processing file /home/airflow/.local/lib/python3.12/site-packages/airflow/example_dags/example_bash_operator.py for tasks to queue
[2024-10-28T18:04:53.126+0000] {logging_mixin.py:190} INFO - [2024-10-28T18:04:53.125+0000] {dagbag.py:588} INFO - Filling up the DagBag from /home/airflow/.local/lib/python3.12/site-packages/airflow/example_dags/example_bash_operator.py
[2024-10-28T18:04:53.134+0000] {processor.py:925} INFO - DAG(s) 'example_bash_operator' retrieved from /home/airflow/.local/lib/python3.12/site-packages/airflow/example_dags/example_bash_operator.py
[2024-10-28T18:04:53.155+0000] {logging_mixin.py:190} INFO - [2024-10-28T18:04:53.155+0000] {dag.py:3239} INFO - Sync 1 DAGs
[2024-10-28T18:04:53.171+0000] {logging_mixin.py:190} INFO - [2024-10-28T18:04:53.171+0000] {dag.py:4180} INFO - Setting next_dagrun for example_bash_operator to 2024-10-27 00:00:00+00:00, run_after=2024-10-28 00:00:00+00:00
[2024-10-28T18:04:53.193+0000] {processor.py:208} INFO - Processing /home/airflow/.local/lib/python3.12/site-packages/airflow/example_dags/example_bash_operator.py took 0.075 seconds
[2024-10-28T18:05:23.870+0000] {processor.py:186} INFO - Started process (PID=288) to work on /home/airflow/.local/lib/python3.12/site-packages/airflow/example_dags/example_bash_operator.py
[2024-10-28T18:05:23.871+0000] {processor.py:914} INFO - Processing file /home/airflow/.local/lib/python3.12/site-packages/airflow/example_dags/example_bash_operator.py for tasks to queue
[2024-10-28T18:05:23.873+0000] {logging_mixin.py:190} INFO - [2024-10-28T18:05:23.873+0000] {dagbag.py:588} INFO - Filling up the DagBag from /home/airflow/.local/lib/python3.12/site-packages/airflow/example_dags/example_bash_operator.py
[2024-10-28T18:05:23.883+0000] {processor.py:925} INFO - DAG(s) 'example_bash_operator' retrieved from /home/airflow/.local/lib/python3.12/site-packages/airflow/example_dags/example_bash_operator.py
[2024-10-28T18:05:23.902+0000] {logging_mixin.py:190} INFO - [2024-10-28T18:05:23.902+0000] {dag.py:3239} INFO - Sync 1 DAGs
[2024-10-28T18:05:23.920+0000] {logging_mixin.py:190} INFO - [2024-10-28T18:05:23.920+0000] {dag.py:4180} INFO - Setting next_dagrun for example_bash_operator to 2024-10-27 00:00:00+00:00, run_after=2024-10-28 00:00:00+00:00
[2024-10-28T18:05:23.934+0000] {processor.py:208} INFO - Processing /home/airflow/.local/lib/python3.12/site-packages/airflow/example_dags/example_bash_operator.py took 0.069 seconds
[2024-10-28T18:05:54.586+0000] {processor.py:186} INFO - Started process (PID=354) to work on /home/airflow/.local/lib/python3.12/site-packages/airflow/example_dags/example_bash_operator.py
[2024-10-28T18:05:54.587+0000] {processor.py:914} INFO - Processing file /home/airflow/.local/lib/python3.12/site-packages/airflow/example_dags/example_bash_operator.py for tasks to queue
[2024-10-28T18:05:54.589+0000] {logging_mixin.py:190} INFO - [2024-10-28T18:05:54.589+0000] {dagbag.py:588} INFO - Filling up the DagBag from /home/airflow/.local/lib/python3.12/site-packages/airflow/example_dags/example_bash_operator.py
[2024-10-28T18:05:54.599+0000] {processor.py:925} INFO - DAG(s) 'example_bash_operator' retrieved from /home/airflow/.local/lib/python3.12/site-packages/airflow/example_dags/example_bash_operator.py
[2024-10-28T18:05:54.616+0000] {logging_mixin.py:190} INFO - [2024-10-28T18:05:54.615+0000] {dag.py:3239} INFO - Sync 1 DAGs
[2024-10-28T18:05:54.631+0000] {logging_mixin.py:190} INFO - [2024-10-28T18:05:54.631+0000] {dag.py:4180} INFO - Setting next_dagrun for example_bash_operator to 2024-10-27 00:00:00+00:00, run_after=2024-10-28 00:00:00+00:00
[2024-10-28T18:05:54.644+0000] {processor.py:208} INFO - Processing /home/airflow/.local/lib/python3.12/site-packages/airflow/example_dags/example_bash_operator.py took 0.063 seconds
[2024-10-28T18:06:25.543+0000] {processor.py:186} INFO - Started process (PID=420) to work on /home/airflow/.local/lib/python3.12/site-packages/airflow/example_dags/example_bash_operator.py
[2024-10-28T18:06:25.544+0000] {processor.py:914} INFO - Processing file /home/airflow/.local/lib/python3.12/site-packages/airflow/example_dags/example_bash_operator.py for tasks to queue
[2024-10-28T18:06:25.546+0000] {logging_mixin.py:190} INFO - [2024-10-28T18:06:25.545+0000] {dagbag.py:588} INFO - Filling up the DagBag from /home/airflow/.local/lib/python3.12/site-packages/airflow/example_dags/example_bash_operator.py
[2024-10-28T18:06:25.556+0000] {processor.py:925} INFO - DAG(s) 'example_bash_operator' retrieved from /home/airflow/.local/lib/python3.12/site-packages/airflow/example_dags/example_bash_operator.py
[2024-10-28T18:06:25.574+0000] {logging_mixin.py:190} INFO - [2024-10-28T18:06:25.574+0000] {dag.py:3239} INFO - Sync 1 DAGs
[2024-10-28T18:06:25.590+0000] {logging_mixin.py:190} INFO - [2024-10-28T18:06:25.590+0000] {dag.py:4180} INFO - Setting next_dagrun for example_bash_operator to 2024-10-27 00:00:00+00:00, run_after=2024-10-28 00:00:00+00:00
[2024-10-28T18:06:25.611+0000] {processor.py:208} INFO - Processing /home/airflow/.local/lib/python3.12/site-packages/airflow/example_dags/example_bash_operator.py took 0.072 seconds
[2024-10-28T18:06:56.227+0000] {processor.py:186} INFO - Started process (PID=486) to work on /home/airflow/.local/lib/python3.12/site-packages/airflow/example_dags/example_bash_operator.py
[2024-10-28T18:06:56.228+0000] {processor.py:914} INFO - Processing file /home/airflow/.local/lib/python3.12/site-packages/airflow/example_dags/example_bash_operator.py for tasks to queue
[2024-10-28T18:06:56.230+0000] {logging_mixin.py:190} INFO - [2024-10-28T18:06:56.230+0000] {dagbag.py:588} INFO - Filling up the DagBag from /home/airflow/.local/lib/python3.12/site-packages/airflow/example_dags/example_bash_operator.py
[2024-10-28T18:06:56.239+0000] {processor.py:925} INFO - DAG(s) 'example_bash_operator' retrieved from /home/airflow/.local/lib/python3.12/site-packages/airflow/example_dags/example_bash_operator.py
[2024-10-28T18:06:56.257+0000] {logging_mixin.py:190} INFO - [2024-10-28T18:06:56.256+0000] {dag.py:3239} INFO - Sync 1 DAGs
[2024-10-28T18:06:56.274+0000] {logging_mixin.py:190} INFO - [2024-10-28T18:06:56.273+0000] {dag.py:4180} INFO - Setting next_dagrun for example_bash_operator to 2024-10-27 00:00:00+00:00, run_after=2024-10-28 00:00:00+00:00
[2024-10-28T18:06:56.288+0000] {processor.py:208} INFO - Processing /home/airflow/.local/lib/python3.12/site-packages/airflow/example_dags/example_bash_operator.py took 0.065 seconds
[2024-10-28T18:07:26.897+0000] {processor.py:186} INFO - Started process (PID=552) to work on /home/airflow/.local/lib/python3.12/site-packages/airflow/example_dags/example_bash_operator.py
[2024-10-28T18:07:26.898+0000] {processor.py:914} INFO - Processing file /home/airflow/.local/lib/python3.12/site-packages/airflow/example_dags/example_bash_operator.py for tasks to queue
[2024-10-28T18:07:26.900+0000] {logging_mixin.py:190} INFO - [2024-10-28T18:07:26.900+0000] {dagbag.py:588} INFO - Filling up the DagBag from /home/airflow/.local/lib/python3.12/site-packages/airflow/example_dags/example_bash_operator.py
[2024-10-28T18:07:26.908+0000] {processor.py:925} INFO - DAG(s) 'example_bash_operator' retrieved from /home/airflow/.local/lib/python3.12/site-packages/airflow/example_dags/example_bash_operator.py
[2024-10-28T18:07:26.927+0000] {logging_mixin.py:190} INFO - [2024-10-28T18:07:26.927+0000] {dag.py:3239} INFO - Sync 1 DAGs
[2024-10-28T18:07:26.944+0000] {logging_mixin.py:190} INFO - [2024-10-28T18:07:26.944+0000] {dag.py:4180} INFO - Setting next_dagrun for example_bash_operator to 2024-10-27 00:00:00+00:00, run_after=2024-10-28 00:00:00+00:00
[2024-10-28T18:07:26.967+0000] {processor.py:208} INFO - Processing /home/airflow/.local/lib/python3.12/site-packages/airflow/example_dags/example_bash_operator.py took 0.074 seconds
[2024-10-28T18:07:57.525+0000] {processor.py:186} INFO - Started process (PID=618) to work on /home/airflow/.local/lib/python3.12/site-packages/airflow/example_dags/example_bash_operator.py
[2024-10-28T18:07:57.526+0000] {processor.py:914} INFO - Processing file /home/airflow/.local/lib/python3.12/site-packages/airflow/example_dags/example_bash_operator.py for tasks to queue
[2024-10-28T18:07:57.528+0000] {logging_mixin.py:190} INFO - [2024-10-28T18:07:57.527+0000] {dagbag.py:588} INFO - Filling up the DagBag from /home/airflow/.local/lib/python3.12/site-packages/airflow/example_dags/example_bash_operator.py
[2024-10-28T18:07:57.536+0000] {processor.py:925} INFO - DAG(s) 'example_bash_operator' retrieved from /home/airflow/.local/lib/python3.12/site-packages/airflow/example_dags/example_bash_operator.py
[2024-10-28T18:07:57.555+0000] {logging_mixin.py:190} INFO - [2024-10-28T18:07:57.555+0000] {dag.py:3239} INFO - Sync 1 DAGs
[2024-10-28T18:07:57.575+0000] {logging_mixin.py:190} INFO - [2024-10-28T18:07:57.575+0000] {dag.py:4180} INFO - Setting next_dagrun for example_bash_operator to 2024-10-27 00:00:00+00:00, run_after=2024-10-28 00:00:00+00:00
[2024-10-28T18:07:57.596+0000] {processor.py:208} INFO - Processing /home/airflow/.local/lib/python3.12/site-packages/airflow/example_dags/example_bash_operator.py took 0.075 seconds
[2024-10-28T18:08:27.837+0000] {processor.py:186} INFO - Started process (PID=683) to work on /home/airflow/.local/lib/python3.12/site-packages/airflow/example_dags/example_bash_operator.py
[2024-10-28T18:08:27.839+0000] {processor.py:914} INFO - Processing file /home/airflow/.local/lib/python3.12/site-packages/airflow/example_dags/example_bash_operator.py for tasks to queue
[2024-10-28T18:08:27.841+0000] {logging_mixin.py:190} INFO - [2024-10-28T18:08:27.841+0000] {dagbag.py:588} INFO - Filling up the DagBag from /home/airflow/.local/lib/python3.12/site-packages/airflow/example_dags/example_bash_operator.py
[2024-10-28T18:08:27.849+0000] {processor.py:925} INFO - DAG(s) 'example_bash_operator' retrieved from /home/airflow/.local/lib/python3.12/site-packages/airflow/example_dags/example_bash_operator.py
[2024-10-28T18:08:27.870+0000] {logging_mixin.py:190} INFO - [2024-10-28T18:08:27.870+0000] {dag.py:3239} INFO - Sync 1 DAGs
[2024-10-28T18:08:27.888+0000] {logging_mixin.py:190} INFO - [2024-10-28T18:08:27.888+0000] {dag.py:4180} INFO - Setting next_dagrun for example_bash_operator to 2024-10-27 00:00:00+00:00, run_after=2024-10-28 00:00:00+00:00
[2024-10-28T18:08:27.913+0000] {processor.py:208} INFO - Processing /home/airflow/.local/lib/python3.12/site-packages/airflow/example_dags/example_bash_operator.py took 0.080 seconds
[2024-10-28T18:08:58.932+0000] {processor.py:186} INFO - Started process (PID=749) to work on /home/airflow/.local/lib/python3.12/site-packages/airflow/example_dags/example_bash_operator.py
[2024-10-28T18:08:58.933+0000] {processor.py:914} INFO - Processing file /home/airflow/.local/lib/python3.12/site-packages/airflow/example_dags/example_bash_operator.py for tasks to queue
[2024-10-28T18:08:58.935+0000] {logging_mixin.py:190} INFO - [2024-10-28T18:08:58.935+0000] {dagbag.py:588} INFO - Filling up the DagBag from /home/airflow/.local/lib/python3.12/site-packages/airflow/example_dags/example_bash_operator.py
[2024-10-28T18:08:58.942+0000] {processor.py:925} INFO - DAG(s) 'example_bash_operator' retrieved from /home/airflow/.local/lib/python3.12/site-packages/airflow/example_dags/example_bash_operator.py
[2024-10-28T18:08:58.961+0000] {logging_mixin.py:190} INFO - [2024-10-28T18:08:58.961+0000] {dag.py:3239} INFO - Sync 1 DAGs
[2024-10-28T18:08:58.976+0000] {logging_mixin.py:190} INFO - [2024-10-28T18:08:58.976+0000] {dag.py:4180} INFO - Setting next_dagrun for example_bash_operator to 2024-10-27 00:00:00+00:00, run_after=2024-10-28 00:00:00+00:00
[2024-10-28T18:08:58.998+0000] {processor.py:208} INFO - Processing /home/airflow/.local/lib/python3.12/site-packages/airflow/example_dags/example_bash_operator.py took 0.069 seconds
[2024-10-28T18:09:29.593+0000] {processor.py:186} INFO - Started process (PID=815) to work on /home/airflow/.local/lib/python3.12/site-packages/airflow/example_dags/example_bash_operator.py
[2024-10-28T18:09:29.594+0000] {processor.py:914} INFO - Processing file /home/airflow/.local/lib/python3.12/site-packages/airflow/example_dags/example_bash_operator.py for tasks to queue
[2024-10-28T18:09:29.596+0000] {logging_mixin.py:190} INFO - [2024-10-28T18:09:29.596+0000] {dagbag.py:588} INFO - Filling up the DagBag from /home/airflow/.local/lib/python3.12/site-packages/airflow/example_dags/example_bash_operator.py
[2024-10-28T18:09:29.605+0000] {processor.py:925} INFO - DAG(s) 'example_bash_operator' retrieved from /home/airflow/.local/lib/python3.12/site-packages/airflow/example_dags/example_bash_operator.py
[2024-10-28T18:09:29.624+0000] {logging_mixin.py:190} INFO - [2024-10-28T18:09:29.624+0000] {dag.py:3239} INFO - Sync 1 DAGs
[2024-10-28T18:09:29.640+0000] {logging_mixin.py:190} INFO - [2024-10-28T18:09:29.640+0000] {dag.py:4180} INFO - Setting next_dagrun for example_bash_operator to 2024-10-27 00:00:00+00:00, run_after=2024-10-28 00:00:00+00:00
[2024-10-28T18:09:29.664+0000] {processor.py:208} INFO - Processing /home/airflow/.local/lib/python3.12/site-packages/airflow/example_dags/example_bash_operator.py took 0.074 seconds
[2024-10-28T18:10:00.637+0000] {processor.py:186} INFO - Started process (PID=881) to work on /home/airflow/.local/lib/python3.12/site-packages/airflow/example_dags/example_bash_operator.py
[2024-10-28T18:10:00.638+0000] {processor.py:914} INFO - Processing file /home/airflow/.local/lib/python3.12/site-packages/airflow/example_dags/example_bash_operator.py for tasks to queue
[2024-10-28T18:10:00.640+0000] {logging_mixin.py:190} INFO - [2024-10-28T18:10:00.640+0000] {dagbag.py:588} INFO - Filling up the DagBag from /home/airflow/.local/lib/python3.12/site-packages/airflow/example_dags/example_bash_operator.py
[2024-10-28T18:10:00.649+0000] {processor.py:925} INFO - DAG(s) 'example_bash_operator' retrieved from /home/airflow/.local/lib/python3.12/site-packages/airflow/example_dags/example_bash_operator.py
[2024-10-28T18:10:00.669+0000] {logging_mixin.py:190} INFO - [2024-10-28T18:10:00.669+0000] {dag.py:3239} INFO - Sync 1 DAGs
[2024-10-28T18:10:00.689+0000] {logging_mixin.py:190} INFO - [2024-10-28T18:10:00.689+0000] {dag.py:4180} INFO - Setting next_dagrun for example_bash_operator to 2024-10-27 00:00:00+00:00, run_after=2024-10-28 00:00:00+00:00
[2024-10-28T18:10:00.710+0000] {processor.py:208} INFO - Processing /home/airflow/.local/lib/python3.12/site-packages/airflow/example_dags/example_bash_operator.py took 0.077 seconds
[2024-10-28T18:10:30.921+0000] {processor.py:186} INFO - Started process (PID=947) to work on /home/airflow/.local/lib/python3.12/site-packages/airflow/example_dags/example_bash_operator.py
[2024-10-28T18:10:30.922+0000] {processor.py:914} INFO - Processing file /home/airflow/.local/lib/python3.12/site-packages/airflow/example_dags/example_bash_operator.py for tasks to queue
[2024-10-28T18:10:30.924+0000] {logging_mixin.py:190} INFO - [2024-10-28T18:10:30.924+0000] {dagbag.py:588} INFO - Filling up the DagBag from /home/airflow/.local/lib/python3.12/site-packages/airflow/example_dags/example_bash_operator.py
[2024-10-28T18:10:30.934+0000] {processor.py:925} INFO - DAG(s) 'example_bash_operator' retrieved from /home/airflow/.local/lib/python3.12/site-packages/airflow/example_dags/example_bash_operator.py
[2024-10-28T18:10:30.953+0000] {logging_mixin.py:190} INFO - [2024-10-28T18:10:30.953+0000] {dag.py:3239} INFO - Sync 1 DAGs
[2024-10-28T18:10:30.971+0000] {logging_mixin.py:190} INFO - [2024-10-28T18:10:30.971+0000] {dag.py:4180} INFO - Setting next_dagrun for example_bash_operator to 2024-10-27 00:00:00+00:00, run_after=2024-10-28 00:00:00+00:00
[2024-10-28T18:10:30.986+0000] {processor.py:208} INFO - Processing /home/airflow/.local/lib/python3.12/site-packages/airflow/example_dags/example_bash_operator.py took 0.068 seconds
[2024-10-28T18:11:01.155+0000] {processor.py:186} INFO - Started process (PID=1013) to work on /home/airflow/.local/lib/python3.12/site-packages/airflow/example_dags/example_bash_operator.py
[2024-10-28T18:11:01.156+0000] {processor.py:914} INFO - Processing file /home/airflow/.local/lib/python3.12/site-packages/airflow/example_dags/example_bash_operator.py for tasks to queue
[2024-10-28T18:11:01.159+0000] {logging_mixin.py:190} INFO - [2024-10-28T18:11:01.159+0000] {dagbag.py:588} INFO - Filling up the DagBag from /home/airflow/.local/lib/python3.12/site-packages/airflow/example_dags/example_bash_operator.py
[2024-10-28T18:11:01.168+0000] {processor.py:925} INFO - DAG(s) 'example_bash_operator' retrieved from /home/airflow/.local/lib/python3.12/site-packages/airflow/example_dags/example_bash_operator.py
[2024-10-28T18:11:01.191+0000] {logging_mixin.py:190} INFO - [2024-10-28T18:11:01.190+0000] {dag.py:3239} INFO - Sync 1 DAGs
[2024-10-28T18:11:01.208+0000] {logging_mixin.py:190} INFO - [2024-10-28T18:11:01.208+0000] {dag.py:4180} INFO - Setting next_dagrun for example_bash_operator to 2024-10-27 00:00:00+00:00, run_after=2024-10-28 00:00:00+00:00
[2024-10-28T18:11:01.233+0000] {processor.py:208} INFO - Processing /home/airflow/.local/lib/python3.12/site-packages/airflow/example_dags/example_bash_operator.py took 0.082 seconds
[2024-10-28T18:11:31.381+0000] {processor.py:186} INFO - Started process (PID=1079) to work on /home/airflow/.local/lib/python3.12/site-packages/airflow/example_dags/example_bash_operator.py
[2024-10-28T18:11:31.386+0000] {processor.py:914} INFO - Processing file /home/airflow/.local/lib/python3.12/site-packages/airflow/example_dags/example_bash_operator.py for tasks to queue
[2024-10-28T18:11:31.388+0000] {logging_mixin.py:190} INFO - [2024-10-28T18:11:31.388+0000] {dagbag.py:588} INFO - Filling up the DagBag from /home/airflow/.local/lib/python3.12/site-packages/airflow/example_dags/example_bash_operator.py
[2024-10-28T18:11:31.397+0000] {processor.py:925} INFO - DAG(s) 'example_bash_operator' retrieved from /home/airflow/.local/lib/python3.12/site-packages/airflow/example_dags/example_bash_operator.py
[2024-10-28T18:11:31.418+0000] {logging_mixin.py:190} INFO - [2024-10-28T18:11:31.417+0000] {dag.py:3239} INFO - Sync 1 DAGs
[2024-10-28T18:11:31.436+0000] {logging_mixin.py:190} INFO - [2024-10-28T18:11:31.436+0000] {dag.py:4180} INFO - Setting next_dagrun for example_bash_operator to 2024-10-27 00:00:00+00:00, run_after=2024-10-28 00:00:00+00:00
[2024-10-28T18:11:31.461+0000] {processor.py:208} INFO - Processing /home/airflow/.local/lib/python3.12/site-packages/airflow/example_dags/example_bash_operator.py took 0.084 seconds
[2024-10-28T18:12:02.276+0000] {processor.py:186} INFO - Started process (PID=1145) to work on /home/airflow/.local/lib/python3.12/site-packages/airflow/example_dags/example_bash_operator.py
[2024-10-28T18:12:02.277+0000] {processor.py:914} INFO - Processing file /home/airflow/.local/lib/python3.12/site-packages/airflow/example_dags/example_bash_operator.py for tasks to queue
[2024-10-28T18:12:02.279+0000] {logging_mixin.py:190} INFO - [2024-10-28T18:12:02.279+0000] {dagbag.py:588} INFO - Filling up the DagBag from /home/airflow/.local/lib/python3.12/site-packages/airflow/example_dags/example_bash_operator.py
[2024-10-28T18:12:02.288+0000] {processor.py:925} INFO - DAG(s) 'example_bash_operator' retrieved from /home/airflow/.local/lib/python3.12/site-packages/airflow/example_dags/example_bash_operator.py
[2024-10-28T18:12:02.309+0000] {logging_mixin.py:190} INFO - [2024-10-28T18:12:02.308+0000] {dag.py:3239} INFO - Sync 1 DAGs
[2024-10-28T18:12:02.326+0000] {logging_mixin.py:190} INFO - [2024-10-28T18:12:02.326+0000] {dag.py:4180} INFO - Setting next_dagrun for example_bash_operator to 2024-10-27 00:00:00+00:00, run_after=2024-10-28 00:00:00+00:00
[2024-10-28T18:12:02.349+0000] {processor.py:208} INFO - Processing /home/airflow/.local/lib/python3.12/site-packages/airflow/example_dags/example_bash_operator.py took 0.078 seconds
[2024-10-28T18:12:32.806+0000] {processor.py:186} INFO - Started process (PID=1212) to work on /home/airflow/.local/lib/python3.12/site-packages/airflow/example_dags/example_bash_operator.py
[2024-10-28T18:12:32.807+0000] {processor.py:914} INFO - Processing file /home/airflow/.local/lib/python3.12/site-packages/airflow/example_dags/example_bash_operator.py for tasks to queue
[2024-10-28T18:12:32.808+0000] {logging_mixin.py:190} INFO - [2024-10-28T18:12:32.808+0000] {dagbag.py:588} INFO - Filling up the DagBag from /home/airflow/.local/lib/python3.12/site-packages/airflow/example_dags/example_bash_operator.py
[2024-10-28T18:12:32.816+0000] {processor.py:925} INFO - DAG(s) 'example_bash_operator' retrieved from /home/airflow/.local/lib/python3.12/site-packages/airflow/example_dags/example_bash_operator.py
[2024-10-28T18:12:32.837+0000] {logging_mixin.py:190} INFO - [2024-10-28T18:12:32.837+0000] {dag.py:3239} INFO - Sync 1 DAGs
[2024-10-28T18:12:32.854+0000] {logging_mixin.py:190} INFO - [2024-10-28T18:12:32.854+0000] {dag.py:4180} INFO - Setting next_dagrun for example_bash_operator to 2024-10-27 00:00:00+00:00, run_after=2024-10-28 00:00:00+00:00
[2024-10-28T18:12:32.878+0000] {processor.py:208} INFO - Processing /home/airflow/.local/lib/python3.12/site-packages/airflow/example_dags/example_bash_operator.py took 0.076 seconds
[2024-10-28T18:13:03.658+0000] {processor.py:186} INFO - Started process (PID=1278) to work on /home/airflow/.local/lib/python3.12/site-packages/airflow/example_dags/example_bash_operator.py
[2024-10-28T18:13:03.659+0000] {processor.py:914} INFO - Processing file /home/airflow/.local/lib/python3.12/site-packages/airflow/example_dags/example_bash_operator.py for tasks to queue
[2024-10-28T18:13:03.661+0000] {logging_mixin.py:190} INFO - [2024-10-28T18:13:03.660+0000] {dagbag.py:588} INFO - Filling up the DagBag from /home/airflow/.local/lib/python3.12/site-packages/airflow/example_dags/example_bash_operator.py
[2024-10-28T18:13:03.669+0000] {processor.py:925} INFO - DAG(s) 'example_bash_operator' retrieved from /home/airflow/.local/lib/python3.12/site-packages/airflow/example_dags/example_bash_operator.py
[2024-10-28T18:13:03.685+0000] {logging_mixin.py:190} INFO - [2024-10-28T18:13:03.685+0000] {dag.py:3239} INFO - Sync 1 DAGs
[2024-10-28T18:13:03.702+0000] {logging_mixin.py:190} INFO - [2024-10-28T18:13:03.702+0000] {dag.py:4180} INFO - Setting next_dagrun for example_bash_operator to 2024-10-27 00:00:00+00:00, run_after=2024-10-28 00:00:00+00:00
[2024-10-28T18:13:03.721+0000] {processor.py:208} INFO - Processing /home/airflow/.local/lib/python3.12/site-packages/airflow/example_dags/example_bash_operator.py took 0.067 seconds
[2024-10-28T18:13:34.684+0000] {processor.py:186} INFO - Started process (PID=1344) to work on /home/airflow/.local/lib/python3.12/site-packages/airflow/example_dags/example_bash_operator.py
[2024-10-28T18:13:34.685+0000] {processor.py:914} INFO - Processing file /home/airflow/.local/lib/python3.12/site-packages/airflow/example_dags/example_bash_operator.py for tasks to queue
[2024-10-28T18:13:34.687+0000] {logging_mixin.py:190} INFO - [2024-10-28T18:13:34.687+0000] {dagbag.py:588} INFO - Filling up the DagBag from /home/airflow/.local/lib/python3.12/site-packages/airflow/example_dags/example_bash_operator.py
[2024-10-28T18:13:34.695+0000] {processor.py:925} INFO - DAG(s) 'example_bash_operator' retrieved from /home/airflow/.local/lib/python3.12/site-packages/airflow/example_dags/example_bash_operator.py
[2024-10-28T18:13:34.714+0000] {logging_mixin.py:190} INFO - [2024-10-28T18:13:34.714+0000] {dag.py:3239} INFO - Sync 1 DAGs
[2024-10-28T18:13:34.732+0000] {logging_mixin.py:190} INFO - [2024-10-28T18:13:34.732+0000] {dag.py:4180} INFO - Setting next_dagrun for example_bash_operator to 2024-10-27 00:00:00+00:00, run_after=2024-10-28 00:00:00+00:00
[2024-10-28T18:13:34.755+0000] {processor.py:208} INFO - Processing /home/airflow/.local/lib/python3.12/site-packages/airflow/example_dags/example_bash_operator.py took 0.075 seconds
[2024-10-28T18:14:05.641+0000] {processor.py:186} INFO - Started process (PID=1410) to work on /home/airflow/.local/lib/python3.12/site-packages/airflow/example_dags/example_bash_operator.py
[2024-10-28T18:14:05.642+0000] {processor.py:914} INFO - Processing file /home/airflow/.local/lib/python3.12/site-packages/airflow/example_dags/example_bash_operator.py for tasks to queue
[2024-10-28T18:14:05.644+0000] {logging_mixin.py:190} INFO - [2024-10-28T18:14:05.644+0000] {dagbag.py:588} INFO - Filling up the DagBag from /home/airflow/.local/lib/python3.12/site-packages/airflow/example_dags/example_bash_operator.py
[2024-10-28T18:14:05.652+0000] {processor.py:925} INFO - DAG(s) 'example_bash_operator' retrieved from /home/airflow/.local/lib/python3.12/site-packages/airflow/example_dags/example_bash_operator.py
[2024-10-28T18:14:05.672+0000] {logging_mixin.py:190} INFO - [2024-10-28T18:14:05.672+0000] {dag.py:3239} INFO - Sync 1 DAGs
[2024-10-28T18:14:05.689+0000] {logging_mixin.py:190} INFO - [2024-10-28T18:14:05.689+0000] {dag.py:4180} INFO - Setting next_dagrun for example_bash_operator to 2024-10-27 00:00:00+00:00, run_after=2024-10-28 00:00:00+00:00
[2024-10-28T18:14:05.713+0000] {processor.py:208} INFO - Processing /home/airflow/.local/lib/python3.12/site-packages/airflow/example_dags/example_bash_operator.py took 0.076 seconds
[2024-10-28T18:14:36.370+0000] {processor.py:186} INFO - Started process (PID=1476) to work on /home/airflow/.local/lib/python3.12/site-packages/airflow/example_dags/example_bash_operator.py
[2024-10-28T18:14:36.371+0000] {processor.py:914} INFO - Processing file /home/airflow/.local/lib/python3.12/site-packages/airflow/example_dags/example_bash_operator.py for tasks to queue
[2024-10-28T18:14:36.372+0000] {logging_mixin.py:190} INFO - [2024-10-28T18:14:36.372+0000] {dagbag.py:588} INFO - Filling up the DagBag from /home/airflow/.local/lib/python3.12/site-packages/airflow/example_dags/example_bash_operator.py
[2024-10-28T18:14:36.382+0000] {processor.py:925} INFO - DAG(s) 'example_bash_operator' retrieved from /home/airflow/.local/lib/python3.12/site-packages/airflow/example_dags/example_bash_operator.py
[2024-10-28T18:14:36.403+0000] {logging_mixin.py:190} INFO - [2024-10-28T18:14:36.403+0000] {dag.py:3239} INFO - Sync 1 DAGs
[2024-10-28T18:14:36.420+0000] {logging_mixin.py:190} INFO - [2024-10-28T18:14:36.420+0000] {dag.py:4180} INFO - Setting next_dagrun for example_bash_operator to 2024-10-27 00:00:00+00:00, run_after=2024-10-28 00:00:00+00:00
[2024-10-28T18:14:36.434+0000] {processor.py:208} INFO - Processing /home/airflow/.local/lib/python3.12/site-packages/airflow/example_dags/example_bash_operator.py took 0.069 seconds
[2024-10-28T18:15:07.101+0000] {processor.py:186} INFO - Started process (PID=1542) to work on /home/airflow/.local/lib/python3.12/site-packages/airflow/example_dags/example_bash_operator.py
[2024-10-28T18:15:07.102+0000] {processor.py:914} INFO - Processing file /home/airflow/.local/lib/python3.12/site-packages/airflow/example_dags/example_bash_operator.py for tasks to queue
[2024-10-28T18:15:07.104+0000] {logging_mixin.py:190} INFO - [2024-10-28T18:15:07.104+0000] {dagbag.py:588} INFO - Filling up the DagBag from /home/airflow/.local/lib/python3.12/site-packages/airflow/example_dags/example_bash_operator.py
[2024-10-28T18:15:07.113+0000] {processor.py:925} INFO - DAG(s) 'example_bash_operator' retrieved from /home/airflow/.local/lib/python3.12/site-packages/airflow/example_dags/example_bash_operator.py
[2024-10-28T18:15:07.137+0000] {logging_mixin.py:190} INFO - [2024-10-28T18:15:07.137+0000] {dag.py:3239} INFO - Sync 1 DAGs
[2024-10-28T18:15:07.154+0000] {logging_mixin.py:190} INFO - [2024-10-28T18:15:07.154+0000] {dag.py:4180} INFO - Setting next_dagrun for example_bash_operator to 2024-10-27 00:00:00+00:00, run_after=2024-10-28 00:00:00+00:00
[2024-10-28T18:15:07.170+0000] {processor.py:208} INFO - Processing /home/airflow/.local/lib/python3.12/site-packages/airflow/example_dags/example_bash_operator.py took 0.073 seconds
[2024-10-28T18:15:37.738+0000] {processor.py:186} INFO - Started process (PID=1608) to work on /home/airflow/.local/lib/python3.12/site-packages/airflow/example_dags/example_bash_operator.py
[2024-10-28T18:15:37.739+0000] {processor.py:914} INFO - Processing file /home/airflow/.local/lib/python3.12/site-packages/airflow/example_dags/example_bash_operator.py for tasks to queue
[2024-10-28T18:15:37.740+0000] {logging_mixin.py:190} INFO - [2024-10-28T18:15:37.740+0000] {dagbag.py:588} INFO - Filling up the DagBag from /home/airflow/.local/lib/python3.12/site-packages/airflow/example_dags/example_bash_operator.py
[2024-10-28T18:15:37.750+0000] {processor.py:925} INFO - DAG(s) 'example_bash_operator' retrieved from /home/airflow/.local/lib/python3.12/site-packages/airflow/example_dags/example_bash_operator.py
[2024-10-28T18:15:37.770+0000] {logging_mixin.py:190} INFO - [2024-10-28T18:15:37.770+0000] {dag.py:3239} INFO - Sync 1 DAGs
[2024-10-28T18:15:37.787+0000] {logging_mixin.py:190} INFO - [2024-10-28T18:15:37.787+0000] {dag.py:4180} INFO - Setting next_dagrun for example_bash_operator to 2024-10-27 00:00:00+00:00, run_after=2024-10-28 00:00:00+00:00
[2024-10-28T18:15:37.810+0000] {processor.py:208} INFO - Processing /home/airflow/.local/lib/python3.12/site-packages/airflow/example_dags/example_bash_operator.py took 0.076 seconds
[2024-10-28T18:16:08.661+0000] {processor.py:186} INFO - Started process (PID=1674) to work on /home/airflow/.local/lib/python3.12/site-packages/airflow/example_dags/example_bash_operator.py
[2024-10-28T18:16:08.662+0000] {processor.py:914} INFO - Processing file /home/airflow/.local/lib/python3.12/site-packages/airflow/example_dags/example_bash_operator.py for tasks to queue
[2024-10-28T18:16:08.663+0000] {logging_mixin.py:190} INFO - [2024-10-28T18:16:08.663+0000] {dagbag.py:588} INFO - Filling up the DagBag from /home/airflow/.local/lib/python3.12/site-packages/airflow/example_dags/example_bash_operator.py
[2024-10-28T18:16:08.672+0000] {processor.py:925} INFO - DAG(s) 'example_bash_operator' retrieved from /home/airflow/.local/lib/python3.12/site-packages/airflow/example_dags/example_bash_operator.py
[2024-10-28T18:16:08.695+0000] {logging_mixin.py:190} INFO - [2024-10-28T18:16:08.695+0000] {dag.py:3239} INFO - Sync 1 DAGs
[2024-10-28T18:16:08.711+0000] {logging_mixin.py:190} INFO - [2024-10-28T18:16:08.711+0000] {dag.py:4180} INFO - Setting next_dagrun for example_bash_operator to 2024-10-27 00:00:00+00:00, run_after=2024-10-28 00:00:00+00:00
[2024-10-28T18:16:08.727+0000] {processor.py:208} INFO - Processing /home/airflow/.local/lib/python3.12/site-packages/airflow/example_dags/example_bash_operator.py took 0.070 seconds
[2024-10-28T18:16:39.281+0000] {processor.py:186} INFO - Started process (PID=1740) to work on /home/airflow/.local/lib/python3.12/site-packages/airflow/example_dags/example_bash_operator.py
[2024-10-28T18:16:39.282+0000] {processor.py:914} INFO - Processing file /home/airflow/.local/lib/python3.12/site-packages/airflow/example_dags/example_bash_operator.py for tasks to queue
[2024-10-28T18:16:39.284+0000] {logging_mixin.py:190} INFO - [2024-10-28T18:16:39.284+0000] {dagbag.py:588} INFO - Filling up the DagBag from /home/airflow/.local/lib/python3.12/site-packages/airflow/example_dags/example_bash_operator.py
[2024-10-28T18:16:39.294+0000] {processor.py:925} INFO - DAG(s) 'example_bash_operator' retrieved from /home/airflow/.local/lib/python3.12/site-packages/airflow/example_dags/example_bash_operator.py
[2024-10-28T18:16:39.315+0000] {logging_mixin.py:190} INFO - [2024-10-28T18:16:39.314+0000] {dag.py:3239} INFO - Sync 1 DAGs
[2024-10-28T18:16:39.332+0000] {logging_mixin.py:190} INFO - [2024-10-28T18:16:39.332+0000] {dag.py:4180} INFO - Setting next_dagrun for example_bash_operator to 2024-10-27 00:00:00+00:00, run_after=2024-10-28 00:00:00+00:00
[2024-10-28T18:16:39.357+0000] {processor.py:208} INFO - Processing /home/airflow/.local/lib/python3.12/site-packages/airflow/example_dags/example_bash_operator.py took 0.079 seconds
[2024-10-28T18:17:10.023+0000] {processor.py:186} INFO - Started process (PID=1806) to work on /home/airflow/.local/lib/python3.12/site-packages/airflow/example_dags/example_bash_operator.py
[2024-10-28T18:17:10.024+0000] {processor.py:914} INFO - Processing file /home/airflow/.local/lib/python3.12/site-packages/airflow/example_dags/example_bash_operator.py for tasks to queue
[2024-10-28T18:17:10.026+0000] {logging_mixin.py:190} INFO - [2024-10-28T18:17:10.025+0000] {dagbag.py:588} INFO - Filling up the DagBag from /home/airflow/.local/lib/python3.12/site-packages/airflow/example_dags/example_bash_operator.py
[2024-10-28T18:17:10.033+0000] {processor.py:925} INFO - DAG(s) 'example_bash_operator' retrieved from /home/airflow/.local/lib/python3.12/site-packages/airflow/example_dags/example_bash_operator.py
[2024-10-28T18:17:10.054+0000] {logging_mixin.py:190} INFO - [2024-10-28T18:17:10.054+0000] {dag.py:3239} INFO - Sync 1 DAGs
[2024-10-28T18:17:10.071+0000] {logging_mixin.py:190} INFO - [2024-10-28T18:17:10.071+0000] {dag.py:4180} INFO - Setting next_dagrun for example_bash_operator to 2024-10-27 00:00:00+00:00, run_after=2024-10-28 00:00:00+00:00
[2024-10-28T18:17:10.095+0000] {processor.py:208} INFO - Processing /home/airflow/.local/lib/python3.12/site-packages/airflow/example_dags/example_bash_operator.py took 0.076 seconds
[2024-10-28T18:17:40.194+0000] {processor.py:186} INFO - Started process (PID=1871) to work on /home/airflow/.local/lib/python3.12/site-packages/airflow/example_dags/example_bash_operator.py
[2024-10-28T18:17:40.196+0000] {processor.py:914} INFO - Processing file /home/airflow/.local/lib/python3.12/site-packages/airflow/example_dags/example_bash_operator.py for tasks to queue
[2024-10-28T18:17:40.198+0000] {logging_mixin.py:190} INFO - [2024-10-28T18:17:40.198+0000] {dagbag.py:588} INFO - Filling up the DagBag from /home/airflow/.local/lib/python3.12/site-packages/airflow/example_dags/example_bash_operator.py
[2024-10-28T18:17:40.207+0000] {processor.py:925} INFO - DAG(s) 'example_bash_operator' retrieved from /home/airflow/.local/lib/python3.12/site-packages/airflow/example_dags/example_bash_operator.py
[2024-10-28T18:17:40.229+0000] {logging_mixin.py:190} INFO - [2024-10-28T18:17:40.229+0000] {dag.py:3239} INFO - Sync 1 DAGs
[2024-10-28T18:17:40.247+0000] {logging_mixin.py:190} INFO - [2024-10-28T18:17:40.247+0000] {dag.py:4180} INFO - Setting next_dagrun for example_bash_operator to 2024-10-27 00:00:00+00:00, run_after=2024-10-28 00:00:00+00:00
[2024-10-28T18:17:40.270+0000] {processor.py:208} INFO - Processing /home/airflow/.local/lib/python3.12/site-packages/airflow/example_dags/example_bash_operator.py took 0.080 seconds
[2024-10-28T18:18:10.570+0000] {processor.py:186} INFO - Started process (PID=1937) to work on /home/airflow/.local/lib/python3.12/site-packages/airflow/example_dags/example_bash_operator.py
[2024-10-28T18:18:10.571+0000] {processor.py:914} INFO - Processing file /home/airflow/.local/lib/python3.12/site-packages/airflow/example_dags/example_bash_operator.py for tasks to queue
[2024-10-28T18:18:10.573+0000] {logging_mixin.py:190} INFO - [2024-10-28T18:18:10.573+0000] {dagbag.py:588} INFO - Filling up the DagBag from /home/airflow/.local/lib/python3.12/site-packages/airflow/example_dags/example_bash_operator.py
[2024-10-28T18:18:10.581+0000] {processor.py:925} INFO - DAG(s) 'example_bash_operator' retrieved from /home/airflow/.local/lib/python3.12/site-packages/airflow/example_dags/example_bash_operator.py
[2024-10-28T18:18:10.601+0000] {logging_mixin.py:190} INFO - [2024-10-28T18:18:10.601+0000] {dag.py:3239} INFO - Sync 1 DAGs
[2024-10-28T18:18:10.619+0000] {logging_mixin.py:190} INFO - [2024-10-28T18:18:10.619+0000] {dag.py:4180} INFO - Setting next_dagrun for example_bash_operator to 2024-10-27 00:00:00+00:00, run_after=2024-10-28 00:00:00+00:00
[2024-10-28T18:18:10.640+0000] {processor.py:208} INFO - Processing /home/airflow/.local/lib/python3.12/site-packages/airflow/example_dags/example_bash_operator.py took 0.074 seconds
[2024-10-28T18:18:41.528+0000] {processor.py:186} INFO - Started process (PID=2003) to work on /home/airflow/.local/lib/python3.12/site-packages/airflow/example_dags/example_bash_operator.py
[2024-10-28T18:18:41.529+0000] {processor.py:914} INFO - Processing file /home/airflow/.local/lib/python3.12/site-packages/airflow/example_dags/example_bash_operator.py for tasks to queue
[2024-10-28T18:18:41.530+0000] {logging_mixin.py:190} INFO - [2024-10-28T18:18:41.530+0000] {dagbag.py:588} INFO - Filling up the DagBag from /home/airflow/.local/lib/python3.12/site-packages/airflow/example_dags/example_bash_operator.py
[2024-10-28T18:18:41.543+0000] {processor.py:925} INFO - DAG(s) 'example_bash_operator' retrieved from /home/airflow/.local/lib/python3.12/site-packages/airflow/example_dags/example_bash_operator.py
[2024-10-28T18:18:41.565+0000] {logging_mixin.py:190} INFO - [2024-10-28T18:18:41.565+0000] {dag.py:3239} INFO - Sync 1 DAGs
[2024-10-28T18:18:41.586+0000] {logging_mixin.py:190} INFO - [2024-10-28T18:18:41.586+0000] {dag.py:4180} INFO - Setting next_dagrun for example_bash_operator to 2024-10-27 00:00:00+00:00, run_after=2024-10-28 00:00:00+00:00
[2024-10-28T18:18:41.611+0000] {processor.py:208} INFO - Processing /home/airflow/.local/lib/python3.12/site-packages/airflow/example_dags/example_bash_operator.py took 0.089 seconds
[2024-10-28T18:19:12.419+0000] {processor.py:186} INFO - Started process (PID=2069) to work on /home/airflow/.local/lib/python3.12/site-packages/airflow/example_dags/example_bash_operator.py
[2024-10-28T18:19:12.421+0000] {processor.py:914} INFO - Processing file /home/airflow/.local/lib/python3.12/site-packages/airflow/example_dags/example_bash_operator.py for tasks to queue
[2024-10-28T18:19:12.423+0000] {logging_mixin.py:190} INFO - [2024-10-28T18:19:12.423+0000] {dagbag.py:588} INFO - Filling up the DagBag from /home/airflow/.local/lib/python3.12/site-packages/airflow/example_dags/example_bash_operator.py
[2024-10-28T18:19:12.432+0000] {processor.py:925} INFO - DAG(s) 'example_bash_operator' retrieved from /home/airflow/.local/lib/python3.12/site-packages/airflow/example_dags/example_bash_operator.py
[2024-10-28T18:19:12.454+0000] {logging_mixin.py:190} INFO - [2024-10-28T18:19:12.454+0000] {dag.py:3239} INFO - Sync 1 DAGs
[2024-10-28T18:19:12.479+0000] {logging_mixin.py:190} INFO - [2024-10-28T18:19:12.479+0000] {dag.py:4180} INFO - Setting next_dagrun for example_bash_operator to 2024-10-27 00:00:00+00:00, run_after=2024-10-28 00:00:00+00:00
[2024-10-28T18:19:12.505+0000] {processor.py:208} INFO - Processing /home/airflow/.local/lib/python3.12/site-packages/airflow/example_dags/example_bash_operator.py took 0.089 seconds
[2024-10-28T18:19:42.782+0000] {processor.py:186} INFO - Started process (PID=2136) to work on /home/airflow/.local/lib/python3.12/site-packages/airflow/example_dags/example_bash_operator.py
[2024-10-28T18:19:42.783+0000] {processor.py:914} INFO - Processing file /home/airflow/.local/lib/python3.12/site-packages/airflow/example_dags/example_bash_operator.py for tasks to queue
[2024-10-28T18:19:42.785+0000] {logging_mixin.py:190} INFO - [2024-10-28T18:19:42.784+0000] {dagbag.py:588} INFO - Filling up the DagBag from /home/airflow/.local/lib/python3.12/site-packages/airflow/example_dags/example_bash_operator.py
[2024-10-28T18:19:42.793+0000] {processor.py:925} INFO - DAG(s) 'example_bash_operator' retrieved from /home/airflow/.local/lib/python3.12/site-packages/airflow/example_dags/example_bash_operator.py
[2024-10-28T18:19:42.814+0000] {logging_mixin.py:190} INFO - [2024-10-28T18:19:42.813+0000] {dag.py:3239} INFO - Sync 1 DAGs
[2024-10-28T18:19:42.832+0000] {logging_mixin.py:190} INFO - [2024-10-28T18:19:42.831+0000] {dag.py:4180} INFO - Setting next_dagrun for example_bash_operator to 2024-10-27 00:00:00+00:00, run_after=2024-10-28 00:00:00+00:00
[2024-10-28T18:19:42.856+0000] {processor.py:208} INFO - Processing /home/airflow/.local/lib/python3.12/site-packages/airflow/example_dags/example_bash_operator.py took 0.078 seconds
[2024-10-28T18:20:13.555+0000] {processor.py:186} INFO - Started process (PID=2202) to work on /home/airflow/.local/lib/python3.12/site-packages/airflow/example_dags/example_bash_operator.py
[2024-10-28T18:20:13.556+0000] {processor.py:914} INFO - Processing file /home/airflow/.local/lib/python3.12/site-packages/airflow/example_dags/example_bash_operator.py for tasks to queue
[2024-10-28T18:20:13.559+0000] {logging_mixin.py:190} INFO - [2024-10-28T18:20:13.558+0000] {dagbag.py:588} INFO - Filling up the DagBag from /home/airflow/.local/lib/python3.12/site-packages/airflow/example_dags/example_bash_operator.py
[2024-10-28T18:20:13.570+0000] {processor.py:925} INFO - DAG(s) 'example_bash_operator' retrieved from /home/airflow/.local/lib/python3.12/site-packages/airflow/example_dags/example_bash_operator.py
[2024-10-28T18:20:13.598+0000] {logging_mixin.py:190} INFO - [2024-10-28T18:20:13.597+0000] {dag.py:3239} INFO - Sync 1 DAGs
[2024-10-28T18:20:13.626+0000] {logging_mixin.py:190} INFO - [2024-10-28T18:20:13.625+0000] {dag.py:4180} INFO - Setting next_dagrun for example_bash_operator to 2024-10-27 00:00:00+00:00, run_after=2024-10-28 00:00:00+00:00
[2024-10-28T18:20:13.647+0000] {processor.py:208} INFO - Processing /home/airflow/.local/lib/python3.12/site-packages/airflow/example_dags/example_bash_operator.py took 0.097 seconds
[2024-10-28T18:20:43.890+0000] {processor.py:186} INFO - Started process (PID=2268) to work on /home/airflow/.local/lib/python3.12/site-packages/airflow/example_dags/example_bash_operator.py
[2024-10-28T18:20:43.891+0000] {processor.py:914} INFO - Processing file /home/airflow/.local/lib/python3.12/site-packages/airflow/example_dags/example_bash_operator.py for tasks to queue
[2024-10-28T18:20:43.893+0000] {logging_mixin.py:190} INFO - [2024-10-28T18:20:43.893+0000] {dagbag.py:588} INFO - Filling up the DagBag from /home/airflow/.local/lib/python3.12/site-packages/airflow/example_dags/example_bash_operator.py
[2024-10-28T18:20:43.908+0000] {processor.py:925} INFO - DAG(s) 'example_bash_operator' retrieved from /home/airflow/.local/lib/python3.12/site-packages/airflow/example_dags/example_bash_operator.py
[2024-10-28T18:20:43.936+0000] {logging_mixin.py:190} INFO - [2024-10-28T18:20:43.936+0000] {dag.py:3239} INFO - Sync 1 DAGs
[2024-10-28T18:20:43.957+0000] {logging_mixin.py:190} INFO - [2024-10-28T18:20:43.957+0000] {dag.py:4180} INFO - Setting next_dagrun for example_bash_operator to 2024-10-27 00:00:00+00:00, run_after=2024-10-28 00:00:00+00:00
[2024-10-28T18:20:43.984+0000] {processor.py:208} INFO - Processing /home/airflow/.local/lib/python3.12/site-packages/airflow/example_dags/example_bash_operator.py took 0.099 seconds
[2024-10-28T18:21:14.211+0000] {processor.py:186} INFO - Started process (PID=2334) to work on /home/airflow/.local/lib/python3.12/site-packages/airflow/example_dags/example_bash_operator.py
[2024-10-28T18:21:14.212+0000] {processor.py:914} INFO - Processing file /home/airflow/.local/lib/python3.12/site-packages/airflow/example_dags/example_bash_operator.py for tasks to queue
[2024-10-28T18:21:14.214+0000] {logging_mixin.py:190} INFO - [2024-10-28T18:21:14.213+0000] {dagbag.py:588} INFO - Filling up the DagBag from /home/airflow/.local/lib/python3.12/site-packages/airflow/example_dags/example_bash_operator.py
[2024-10-28T18:21:14.222+0000] {processor.py:925} INFO - DAG(s) 'example_bash_operator' retrieved from /home/airflow/.local/lib/python3.12/site-packages/airflow/example_dags/example_bash_operator.py
[2024-10-28T18:21:14.241+0000] {logging_mixin.py:190} INFO - [2024-10-28T18:21:14.241+0000] {dag.py:3239} INFO - Sync 1 DAGs
[2024-10-28T18:21:14.258+0000] {logging_mixin.py:190} INFO - [2024-10-28T18:21:14.258+0000] {dag.py:4180} INFO - Setting next_dagrun for example_bash_operator to 2024-10-27 00:00:00+00:00, run_after=2024-10-28 00:00:00+00:00
[2024-10-28T18:21:14.280+0000] {processor.py:208} INFO - Processing /home/airflow/.local/lib/python3.12/site-packages/airflow/example_dags/example_bash_operator.py took 0.072 seconds
[2024-10-28T18:21:44.546+0000] {processor.py:186} INFO - Started process (PID=2400) to work on /home/airflow/.local/lib/python3.12/site-packages/airflow/example_dags/example_bash_operator.py
[2024-10-28T18:21:44.548+0000] {processor.py:914} INFO - Processing file /home/airflow/.local/lib/python3.12/site-packages/airflow/example_dags/example_bash_operator.py for tasks to queue
[2024-10-28T18:21:44.550+0000] {logging_mixin.py:190} INFO - [2024-10-28T18:21:44.549+0000] {dagbag.py:588} INFO - Filling up the DagBag from /home/airflow/.local/lib/python3.12/site-packages/airflow/example_dags/example_bash_operator.py
[2024-10-28T18:21:44.559+0000] {processor.py:925} INFO - DAG(s) 'example_bash_operator' retrieved from /home/airflow/.local/lib/python3.12/site-packages/airflow/example_dags/example_bash_operator.py
[2024-10-28T18:21:44.577+0000] {logging_mixin.py:190} INFO - [2024-10-28T18:21:44.577+0000] {dag.py:3239} INFO - Sync 1 DAGs
[2024-10-28T18:21:44.596+0000] {logging_mixin.py:190} INFO - [2024-10-28T18:21:44.596+0000] {dag.py:4180} INFO - Setting next_dagrun for example_bash_operator to 2024-10-27 00:00:00+00:00, run_after=2024-10-28 00:00:00+00:00
[2024-10-28T18:21:44.624+0000] {processor.py:208} INFO - Processing /home/airflow/.local/lib/python3.12/site-packages/airflow/example_dags/example_bash_operator.py took 0.082 seconds
[2024-10-28T18:22:14.768+0000] {processor.py:186} INFO - Started process (PID=2466) to work on /home/airflow/.local/lib/python3.12/site-packages/airflow/example_dags/example_bash_operator.py
[2024-10-28T18:22:14.769+0000] {processor.py:914} INFO - Processing file /home/airflow/.local/lib/python3.12/site-packages/airflow/example_dags/example_bash_operator.py for tasks to queue
[2024-10-28T18:22:14.771+0000] {logging_mixin.py:190} INFO - [2024-10-28T18:22:14.771+0000] {dagbag.py:588} INFO - Filling up the DagBag from /home/airflow/.local/lib/python3.12/site-packages/airflow/example_dags/example_bash_operator.py
[2024-10-28T18:22:14.779+0000] {processor.py:925} INFO - DAG(s) 'example_bash_operator' retrieved from /home/airflow/.local/lib/python3.12/site-packages/airflow/example_dags/example_bash_operator.py
[2024-10-28T18:22:14.799+0000] {logging_mixin.py:190} INFO - [2024-10-28T18:22:14.799+0000] {dag.py:3239} INFO - Sync 1 DAGs
[2024-10-28T18:22:14.819+0000] {logging_mixin.py:190} INFO - [2024-10-28T18:22:14.819+0000] {dag.py:4180} INFO - Setting next_dagrun for example_bash_operator to 2024-10-27 00:00:00+00:00, run_after=2024-10-28 00:00:00+00:00
[2024-10-28T18:22:14.842+0000] {processor.py:208} INFO - Processing /home/airflow/.local/lib/python3.12/site-packages/airflow/example_dags/example_bash_operator.py took 0.077 seconds
[2024-10-28T18:22:44.993+0000] {processor.py:186} INFO - Started process (PID=2532) to work on /home/airflow/.local/lib/python3.12/site-packages/airflow/example_dags/example_bash_operator.py
[2024-10-28T18:22:44.994+0000] {processor.py:914} INFO - Processing file /home/airflow/.local/lib/python3.12/site-packages/airflow/example_dags/example_bash_operator.py for tasks to queue
[2024-10-28T18:22:44.996+0000] {logging_mixin.py:190} INFO - [2024-10-28T18:22:44.996+0000] {dagbag.py:588} INFO - Filling up the DagBag from /home/airflow/.local/lib/python3.12/site-packages/airflow/example_dags/example_bash_operator.py
[2024-10-28T18:22:45.005+0000] {processor.py:925} INFO - DAG(s) 'example_bash_operator' retrieved from /home/airflow/.local/lib/python3.12/site-packages/airflow/example_dags/example_bash_operator.py
[2024-10-28T18:22:45.029+0000] {logging_mixin.py:190} INFO - [2024-10-28T18:22:45.029+0000] {dag.py:3239} INFO - Sync 1 DAGs
[2024-10-28T18:22:45.049+0000] {logging_mixin.py:190} INFO - [2024-10-28T18:22:45.049+0000] {dag.py:4180} INFO - Setting next_dagrun for example_bash_operator to 2024-10-27 00:00:00+00:00, run_after=2024-10-28 00:00:00+00:00
[2024-10-28T18:22:45.073+0000] {processor.py:208} INFO - Processing /home/airflow/.local/lib/python3.12/site-packages/airflow/example_dags/example_bash_operator.py took 0.085 seconds
[2024-10-28T18:23:15.124+0000] {processor.py:186} INFO - Started process (PID=2598) to work on /home/airflow/.local/lib/python3.12/site-packages/airflow/example_dags/example_bash_operator.py
[2024-10-28T18:23:15.125+0000] {processor.py:914} INFO - Processing file /home/airflow/.local/lib/python3.12/site-packages/airflow/example_dags/example_bash_operator.py for tasks to queue
[2024-10-28T18:23:15.127+0000] {logging_mixin.py:190} INFO - [2024-10-28T18:23:15.127+0000] {dagbag.py:588} INFO - Filling up the DagBag from /home/airflow/.local/lib/python3.12/site-packages/airflow/example_dags/example_bash_operator.py
[2024-10-28T18:23:15.136+0000] {processor.py:925} INFO - DAG(s) 'example_bash_operator' retrieved from /home/airflow/.local/lib/python3.12/site-packages/airflow/example_dags/example_bash_operator.py
[2024-10-28T18:23:15.159+0000] {logging_mixin.py:190} INFO - [2024-10-28T18:23:15.159+0000] {dag.py:3239} INFO - Sync 1 DAGs
[2024-10-28T18:23:15.178+0000] {logging_mixin.py:190} INFO - [2024-10-28T18:23:15.178+0000] {dag.py:4180} INFO - Setting next_dagrun for example_bash_operator to 2024-10-27 00:00:00+00:00, run_after=2024-10-28 00:00:00+00:00
[2024-10-28T18:23:15.203+0000] {processor.py:208} INFO - Processing /home/airflow/.local/lib/python3.12/site-packages/airflow/example_dags/example_bash_operator.py took 0.083 seconds
[2024-10-28T18:23:45.415+0000] {processor.py:186} INFO - Started process (PID=2664) to work on /home/airflow/.local/lib/python3.12/site-packages/airflow/example_dags/example_bash_operator.py
[2024-10-28T18:23:45.416+0000] {processor.py:914} INFO - Processing file /home/airflow/.local/lib/python3.12/site-packages/airflow/example_dags/example_bash_operator.py for tasks to queue
[2024-10-28T18:23:45.418+0000] {logging_mixin.py:190} INFO - [2024-10-28T18:23:45.418+0000] {dagbag.py:588} INFO - Filling up the DagBag from /home/airflow/.local/lib/python3.12/site-packages/airflow/example_dags/example_bash_operator.py
[2024-10-28T18:23:45.428+0000] {processor.py:925} INFO - DAG(s) 'example_bash_operator' retrieved from /home/airflow/.local/lib/python3.12/site-packages/airflow/example_dags/example_bash_operator.py
[2024-10-28T18:23:45.450+0000] {logging_mixin.py:190} INFO - [2024-10-28T18:23:45.450+0000] {dag.py:3239} INFO - Sync 1 DAGs
[2024-10-28T18:23:45.468+0000] {logging_mixin.py:190} INFO - [2024-10-28T18:23:45.467+0000] {dag.py:4180} INFO - Setting next_dagrun for example_bash_operator to 2024-10-27 00:00:00+00:00, run_after=2024-10-28 00:00:00+00:00
[2024-10-28T18:23:45.490+0000] {processor.py:208} INFO - Processing /home/airflow/.local/lib/python3.12/site-packages/airflow/example_dags/example_bash_operator.py took 0.079 seconds
[2024-10-28T18:24:15.747+0000] {processor.py:186} INFO - Started process (PID=2730) to work on /home/airflow/.local/lib/python3.12/site-packages/airflow/example_dags/example_bash_operator.py
[2024-10-28T18:24:15.749+0000] {processor.py:914} INFO - Processing file /home/airflow/.local/lib/python3.12/site-packages/airflow/example_dags/example_bash_operator.py for tasks to queue
[2024-10-28T18:24:15.752+0000] {logging_mixin.py:190} INFO - [2024-10-28T18:24:15.751+0000] {dagbag.py:588} INFO - Filling up the DagBag from /home/airflow/.local/lib/python3.12/site-packages/airflow/example_dags/example_bash_operator.py
[2024-10-28T18:24:15.759+0000] {processor.py:925} INFO - DAG(s) 'example_bash_operator' retrieved from /home/airflow/.local/lib/python3.12/site-packages/airflow/example_dags/example_bash_operator.py
[2024-10-28T18:24:15.780+0000] {logging_mixin.py:190} INFO - [2024-10-28T18:24:15.780+0000] {dag.py:3239} INFO - Sync 1 DAGs
[2024-10-28T18:24:15.797+0000] {logging_mixin.py:190} INFO - [2024-10-28T18:24:15.797+0000] {dag.py:4180} INFO - Setting next_dagrun for example_bash_operator to 2024-10-27 00:00:00+00:00, run_after=2024-10-28 00:00:00+00:00
[2024-10-28T18:24:15.820+0000] {processor.py:208} INFO - Processing /home/airflow/.local/lib/python3.12/site-packages/airflow/example_dags/example_bash_operator.py took 0.076 seconds
[2024-10-28T18:24:46.745+0000] {processor.py:186} INFO - Started process (PID=2796) to work on /home/airflow/.local/lib/python3.12/site-packages/airflow/example_dags/example_bash_operator.py
[2024-10-28T18:24:46.745+0000] {processor.py:914} INFO - Processing file /home/airflow/.local/lib/python3.12/site-packages/airflow/example_dags/example_bash_operator.py for tasks to queue
[2024-10-28T18:24:46.748+0000] {logging_mixin.py:190} INFO - [2024-10-28T18:24:46.747+0000] {dagbag.py:588} INFO - Filling up the DagBag from /home/airflow/.local/lib/python3.12/site-packages/airflow/example_dags/example_bash_operator.py
[2024-10-28T18:24:46.755+0000] {processor.py:925} INFO - DAG(s) 'example_bash_operator' retrieved from /home/airflow/.local/lib/python3.12/site-packages/airflow/example_dags/example_bash_operator.py
[2024-10-28T18:24:46.775+0000] {logging_mixin.py:190} INFO - [2024-10-28T18:24:46.775+0000] {dag.py:3239} INFO - Sync 1 DAGs
[2024-10-28T18:24:46.792+0000] {logging_mixin.py:190} INFO - [2024-10-28T18:24:46.791+0000] {dag.py:4180} INFO - Setting next_dagrun for example_bash_operator to 2024-10-27 00:00:00+00:00, run_after=2024-10-28 00:00:00+00:00
[2024-10-28T18:24:46.815+0000] {processor.py:208} INFO - Processing /home/airflow/.local/lib/python3.12/site-packages/airflow/example_dags/example_bash_operator.py took 0.074 seconds
