[2024-10-28T18:03:51.767+0000] {processor.py:186} INFO - Started process (PID=88) to work on /home/airflow/.local/lib/python3.12/site-packages/airflow/example_dags/tutorial_dag.py
[2024-10-28T18:03:51.769+0000] {processor.py:914} INFO - Processing file /home/airflow/.local/lib/python3.12/site-packages/airflow/example_dags/tutorial_dag.py for tasks to queue
[2024-10-28T18:03:51.775+0000] {logging_mixin.py:190} INFO - [2024-10-28T18:03:51.774+0000] {dagbag.py:588} INFO - Filling up the DagBag from /home/airflow/.local/lib/python3.12/site-packages/airflow/example_dags/tutorial_dag.py
[2024-10-28T18:03:51.814+0000] {processor.py:925} INFO - DAG(s) 'tutorial_dag' retrieved from /home/airflow/.local/lib/python3.12/site-packages/airflow/example_dags/tutorial_dag.py
[2024-10-28T18:03:51.873+0000] {logging_mixin.py:190} INFO - [2024-10-28T18:03:51.873+0000] {dag.py:3239} INFO - Sync 1 DAGs
[2024-10-28T18:03:51.900+0000] {logging_mixin.py:190} INFO - [2024-10-28T18:03:51.900+0000] {dag.py:4180} INFO - Setting next_dagrun for tutorial_dag to None, run_after=None
[2024-10-28T18:03:51.940+0000] {processor.py:208} INFO - Processing /home/airflow/.local/lib/python3.12/site-packages/airflow/example_dags/tutorial_dag.py took 0.187 seconds
[2024-10-28T18:04:22.741+0000] {processor.py:186} INFO - Started process (PID=154) to work on /home/airflow/.local/lib/python3.12/site-packages/airflow/example_dags/tutorial_dag.py
[2024-10-28T18:04:22.742+0000] {processor.py:914} INFO - Processing file /home/airflow/.local/lib/python3.12/site-packages/airflow/example_dags/tutorial_dag.py for tasks to queue
[2024-10-28T18:04:22.744+0000] {logging_mixin.py:190} INFO - [2024-10-28T18:04:22.744+0000] {dagbag.py:588} INFO - Filling up the DagBag from /home/airflow/.local/lib/python3.12/site-packages/airflow/example_dags/tutorial_dag.py
[2024-10-28T18:04:22.749+0000] {processor.py:925} INFO - DAG(s) 'tutorial_dag' retrieved from /home/airflow/.local/lib/python3.12/site-packages/airflow/example_dags/tutorial_dag.py
[2024-10-28T18:04:22.763+0000] {logging_mixin.py:190} INFO - [2024-10-28T18:04:22.763+0000] {dag.py:3239} INFO - Sync 1 DAGs
[2024-10-28T18:04:22.776+0000] {logging_mixin.py:190} INFO - [2024-10-28T18:04:22.776+0000] {dag.py:4180} INFO - Setting next_dagrun for tutorial_dag to None, run_after=None
[2024-10-28T18:04:22.802+0000] {processor.py:208} INFO - Processing /home/airflow/.local/lib/python3.12/site-packages/airflow/example_dags/tutorial_dag.py took 0.065 seconds
[2024-10-28T18:04:52.931+0000] {processor.py:186} INFO - Started process (PID=220) to work on /home/airflow/.local/lib/python3.12/site-packages/airflow/example_dags/tutorial_dag.py
[2024-10-28T18:04:52.932+0000] {processor.py:914} INFO - Processing file /home/airflow/.local/lib/python3.12/site-packages/airflow/example_dags/tutorial_dag.py for tasks to queue
[2024-10-28T18:04:52.935+0000] {logging_mixin.py:190} INFO - [2024-10-28T18:04:52.934+0000] {dagbag.py:588} INFO - Filling up the DagBag from /home/airflow/.local/lib/python3.12/site-packages/airflow/example_dags/tutorial_dag.py
[2024-10-28T18:04:52.944+0000] {processor.py:925} INFO - DAG(s) 'tutorial_dag' retrieved from /home/airflow/.local/lib/python3.12/site-packages/airflow/example_dags/tutorial_dag.py
[2024-10-28T18:04:52.963+0000] {logging_mixin.py:190} INFO - [2024-10-28T18:04:52.963+0000] {dag.py:3239} INFO - Sync 1 DAGs
[2024-10-28T18:04:52.978+0000] {logging_mixin.py:190} INFO - [2024-10-28T18:04:52.978+0000] {dag.py:4180} INFO - Setting next_dagrun for tutorial_dag to None, run_after=None
[2024-10-28T18:04:53.009+0000] {processor.py:208} INFO - Processing /home/airflow/.local/lib/python3.12/site-packages/airflow/example_dags/tutorial_dag.py took 0.084 seconds
[2024-10-28T18:05:23.713+0000] {processor.py:186} INFO - Started process (PID=286) to work on /home/airflow/.local/lib/python3.12/site-packages/airflow/example_dags/tutorial_dag.py
[2024-10-28T18:05:23.714+0000] {processor.py:914} INFO - Processing file /home/airflow/.local/lib/python3.12/site-packages/airflow/example_dags/tutorial_dag.py for tasks to queue
[2024-10-28T18:05:23.716+0000] {logging_mixin.py:190} INFO - [2024-10-28T18:05:23.715+0000] {dagbag.py:588} INFO - Filling up the DagBag from /home/airflow/.local/lib/python3.12/site-packages/airflow/example_dags/tutorial_dag.py
[2024-10-28T18:05:23.720+0000] {processor.py:925} INFO - DAG(s) 'tutorial_dag' retrieved from /home/airflow/.local/lib/python3.12/site-packages/airflow/example_dags/tutorial_dag.py
[2024-10-28T18:05:23.735+0000] {logging_mixin.py:190} INFO - [2024-10-28T18:05:23.735+0000] {dag.py:3239} INFO - Sync 1 DAGs
[2024-10-28T18:05:23.745+0000] {logging_mixin.py:190} INFO - [2024-10-28T18:05:23.745+0000] {dag.py:4180} INFO - Setting next_dagrun for tutorial_dag to None, run_after=None
[2024-10-28T18:05:23.770+0000] {processor.py:208} INFO - Processing /home/airflow/.local/lib/python3.12/site-packages/airflow/example_dags/tutorial_dag.py took 0.061 seconds
[2024-10-28T18:05:54.441+0000] {processor.py:186} INFO - Started process (PID=352) to work on /home/airflow/.local/lib/python3.12/site-packages/airflow/example_dags/tutorial_dag.py
[2024-10-28T18:05:54.442+0000] {processor.py:914} INFO - Processing file /home/airflow/.local/lib/python3.12/site-packages/airflow/example_dags/tutorial_dag.py for tasks to queue
[2024-10-28T18:05:54.444+0000] {logging_mixin.py:190} INFO - [2024-10-28T18:05:54.443+0000] {dagbag.py:588} INFO - Filling up the DagBag from /home/airflow/.local/lib/python3.12/site-packages/airflow/example_dags/tutorial_dag.py
[2024-10-28T18:05:54.448+0000] {processor.py:925} INFO - DAG(s) 'tutorial_dag' retrieved from /home/airflow/.local/lib/python3.12/site-packages/airflow/example_dags/tutorial_dag.py
[2024-10-28T18:05:54.465+0000] {logging_mixin.py:190} INFO - [2024-10-28T18:05:54.465+0000] {dag.py:3239} INFO - Sync 1 DAGs
[2024-10-28T18:05:54.475+0000] {logging_mixin.py:190} INFO - [2024-10-28T18:05:54.475+0000] {dag.py:4180} INFO - Setting next_dagrun for tutorial_dag to None, run_after=None
[2024-10-28T18:05:54.503+0000] {processor.py:208} INFO - Processing /home/airflow/.local/lib/python3.12/site-packages/airflow/example_dags/tutorial_dag.py took 0.065 seconds
[2024-10-28T18:06:25.405+0000] {processor.py:186} INFO - Started process (PID=418) to work on /home/airflow/.local/lib/python3.12/site-packages/airflow/example_dags/tutorial_dag.py
[2024-10-28T18:06:25.406+0000] {processor.py:914} INFO - Processing file /home/airflow/.local/lib/python3.12/site-packages/airflow/example_dags/tutorial_dag.py for tasks to queue
[2024-10-28T18:06:25.408+0000] {logging_mixin.py:190} INFO - [2024-10-28T18:06:25.408+0000] {dagbag.py:588} INFO - Filling up the DagBag from /home/airflow/.local/lib/python3.12/site-packages/airflow/example_dags/tutorial_dag.py
[2024-10-28T18:06:25.413+0000] {processor.py:925} INFO - DAG(s) 'tutorial_dag' retrieved from /home/airflow/.local/lib/python3.12/site-packages/airflow/example_dags/tutorial_dag.py
[2024-10-28T18:06:25.429+0000] {logging_mixin.py:190} INFO - [2024-10-28T18:06:25.429+0000] {dag.py:3239} INFO - Sync 1 DAGs
[2024-10-28T18:06:25.439+0000] {logging_mixin.py:190} INFO - [2024-10-28T18:06:25.439+0000] {dag.py:4180} INFO - Setting next_dagrun for tutorial_dag to None, run_after=None
[2024-10-28T18:06:25.464+0000] {processor.py:208} INFO - Processing /home/airflow/.local/lib/python3.12/site-packages/airflow/example_dags/tutorial_dag.py took 0.062 seconds
[2024-10-28T18:06:56.086+0000] {processor.py:186} INFO - Started process (PID=484) to work on /home/airflow/.local/lib/python3.12/site-packages/airflow/example_dags/tutorial_dag.py
[2024-10-28T18:06:56.088+0000] {processor.py:914} INFO - Processing file /home/airflow/.local/lib/python3.12/site-packages/airflow/example_dags/tutorial_dag.py for tasks to queue
[2024-10-28T18:06:56.090+0000] {logging_mixin.py:190} INFO - [2024-10-28T18:06:56.090+0000] {dagbag.py:588} INFO - Filling up the DagBag from /home/airflow/.local/lib/python3.12/site-packages/airflow/example_dags/tutorial_dag.py
[2024-10-28T18:06:56.095+0000] {processor.py:925} INFO - DAG(s) 'tutorial_dag' retrieved from /home/airflow/.local/lib/python3.12/site-packages/airflow/example_dags/tutorial_dag.py
[2024-10-28T18:06:56.111+0000] {logging_mixin.py:190} INFO - [2024-10-28T18:06:56.111+0000] {dag.py:3239} INFO - Sync 1 DAGs
[2024-10-28T18:06:56.123+0000] {logging_mixin.py:190} INFO - [2024-10-28T18:06:56.122+0000] {dag.py:4180} INFO - Setting next_dagrun for tutorial_dag to None, run_after=None
[2024-10-28T18:06:56.147+0000] {processor.py:208} INFO - Processing /home/airflow/.local/lib/python3.12/site-packages/airflow/example_dags/tutorial_dag.py took 0.066 seconds
[2024-10-28T18:07:26.762+0000] {processor.py:186} INFO - Started process (PID=550) to work on /home/airflow/.local/lib/python3.12/site-packages/airflow/example_dags/tutorial_dag.py
[2024-10-28T18:07:26.763+0000] {processor.py:914} INFO - Processing file /home/airflow/.local/lib/python3.12/site-packages/airflow/example_dags/tutorial_dag.py for tasks to queue
[2024-10-28T18:07:26.765+0000] {logging_mixin.py:190} INFO - [2024-10-28T18:07:26.764+0000] {dagbag.py:588} INFO - Filling up the DagBag from /home/airflow/.local/lib/python3.12/site-packages/airflow/example_dags/tutorial_dag.py
[2024-10-28T18:07:26.770+0000] {processor.py:925} INFO - DAG(s) 'tutorial_dag' retrieved from /home/airflow/.local/lib/python3.12/site-packages/airflow/example_dags/tutorial_dag.py
[2024-10-28T18:07:26.786+0000] {logging_mixin.py:190} INFO - [2024-10-28T18:07:26.786+0000] {dag.py:3239} INFO - Sync 1 DAGs
[2024-10-28T18:07:26.798+0000] {logging_mixin.py:190} INFO - [2024-10-28T18:07:26.798+0000] {dag.py:4180} INFO - Setting next_dagrun for tutorial_dag to None, run_after=None
[2024-10-28T18:07:26.811+0000] {processor.py:208} INFO - Processing /home/airflow/.local/lib/python3.12/site-packages/airflow/example_dags/tutorial_dag.py took 0.054 seconds
[2024-10-28T18:07:57.383+0000] {processor.py:186} INFO - Started process (PID=616) to work on /home/airflow/.local/lib/python3.12/site-packages/airflow/example_dags/tutorial_dag.py
[2024-10-28T18:07:57.384+0000] {processor.py:914} INFO - Processing file /home/airflow/.local/lib/python3.12/site-packages/airflow/example_dags/tutorial_dag.py for tasks to queue
[2024-10-28T18:07:57.386+0000] {logging_mixin.py:190} INFO - [2024-10-28T18:07:57.386+0000] {dagbag.py:588} INFO - Filling up the DagBag from /home/airflow/.local/lib/python3.12/site-packages/airflow/example_dags/tutorial_dag.py
[2024-10-28T18:07:57.391+0000] {processor.py:925} INFO - DAG(s) 'tutorial_dag' retrieved from /home/airflow/.local/lib/python3.12/site-packages/airflow/example_dags/tutorial_dag.py
[2024-10-28T18:07:57.406+0000] {logging_mixin.py:190} INFO - [2024-10-28T18:07:57.406+0000] {dag.py:3239} INFO - Sync 1 DAGs
[2024-10-28T18:07:57.416+0000] {logging_mixin.py:190} INFO - [2024-10-28T18:07:57.415+0000] {dag.py:4180} INFO - Setting next_dagrun for tutorial_dag to None, run_after=None
[2024-10-28T18:07:57.434+0000] {processor.py:208} INFO - Processing /home/airflow/.local/lib/python3.12/site-packages/airflow/example_dags/tutorial_dag.py took 0.055 seconds
[2024-10-28T18:08:27.641+0000] {processor.py:186} INFO - Started process (PID=681) to work on /home/airflow/.local/lib/python3.12/site-packages/airflow/example_dags/tutorial_dag.py
[2024-10-28T18:08:27.642+0000] {processor.py:914} INFO - Processing file /home/airflow/.local/lib/python3.12/site-packages/airflow/example_dags/tutorial_dag.py for tasks to queue
[2024-10-28T18:08:27.645+0000] {logging_mixin.py:190} INFO - [2024-10-28T18:08:27.644+0000] {dagbag.py:588} INFO - Filling up the DagBag from /home/airflow/.local/lib/python3.12/site-packages/airflow/example_dags/tutorial_dag.py
[2024-10-28T18:08:27.649+0000] {processor.py:925} INFO - DAG(s) 'tutorial_dag' retrieved from /home/airflow/.local/lib/python3.12/site-packages/airflow/example_dags/tutorial_dag.py
[2024-10-28T18:08:27.668+0000] {logging_mixin.py:190} INFO - [2024-10-28T18:08:27.667+0000] {dag.py:3239} INFO - Sync 1 DAGs
[2024-10-28T18:08:27.679+0000] {logging_mixin.py:190} INFO - [2024-10-28T18:08:27.679+0000] {dag.py:4180} INFO - Setting next_dagrun for tutorial_dag to None, run_after=None
[2024-10-28T18:08:27.702+0000] {processor.py:208} INFO - Processing /home/airflow/.local/lib/python3.12/site-packages/airflow/example_dags/tutorial_dag.py took 0.066 seconds
[2024-10-28T18:08:57.779+0000] {processor.py:186} INFO - Started process (PID=747) to work on /home/airflow/.local/lib/python3.12/site-packages/airflow/example_dags/tutorial_dag.py
[2024-10-28T18:08:57.780+0000] {processor.py:914} INFO - Processing file /home/airflow/.local/lib/python3.12/site-packages/airflow/example_dags/tutorial_dag.py for tasks to queue
[2024-10-28T18:08:57.782+0000] {logging_mixin.py:190} INFO - [2024-10-28T18:08:57.782+0000] {dagbag.py:588} INFO - Filling up the DagBag from /home/airflow/.local/lib/python3.12/site-packages/airflow/example_dags/tutorial_dag.py
[2024-10-28T18:08:57.786+0000] {processor.py:925} INFO - DAG(s) 'tutorial_dag' retrieved from /home/airflow/.local/lib/python3.12/site-packages/airflow/example_dags/tutorial_dag.py
[2024-10-28T18:08:57.800+0000] {logging_mixin.py:190} INFO - [2024-10-28T18:08:57.800+0000] {dag.py:3239} INFO - Sync 1 DAGs
[2024-10-28T18:08:57.810+0000] {logging_mixin.py:190} INFO - [2024-10-28T18:08:57.810+0000] {dag.py:4180} INFO - Setting next_dagrun for tutorial_dag to None, run_after=None
[2024-10-28T18:08:57.826+0000] {processor.py:208} INFO - Processing /home/airflow/.local/lib/python3.12/site-packages/airflow/example_dags/tutorial_dag.py took 0.050 seconds
[2024-10-28T18:09:28.454+0000] {processor.py:186} INFO - Started process (PID=813) to work on /home/airflow/.local/lib/python3.12/site-packages/airflow/example_dags/tutorial_dag.py
[2024-10-28T18:09:28.455+0000] {processor.py:914} INFO - Processing file /home/airflow/.local/lib/python3.12/site-packages/airflow/example_dags/tutorial_dag.py for tasks to queue
[2024-10-28T18:09:28.458+0000] {logging_mixin.py:190} INFO - [2024-10-28T18:09:28.458+0000] {dagbag.py:588} INFO - Filling up the DagBag from /home/airflow/.local/lib/python3.12/site-packages/airflow/example_dags/tutorial_dag.py
[2024-10-28T18:09:28.465+0000] {processor.py:925} INFO - DAG(s) 'tutorial_dag' retrieved from /home/airflow/.local/lib/python3.12/site-packages/airflow/example_dags/tutorial_dag.py
[2024-10-28T18:09:28.487+0000] {logging_mixin.py:190} INFO - [2024-10-28T18:09:28.487+0000] {dag.py:3239} INFO - Sync 1 DAGs
[2024-10-28T18:09:28.502+0000] {logging_mixin.py:190} INFO - [2024-10-28T18:09:28.502+0000] {dag.py:4180} INFO - Setting next_dagrun for tutorial_dag to None, run_after=None
[2024-10-28T18:09:28.523+0000] {processor.py:208} INFO - Processing /home/airflow/.local/lib/python3.12/site-packages/airflow/example_dags/tutorial_dag.py took 0.076 seconds
[2024-10-28T18:09:59.490+0000] {processor.py:186} INFO - Started process (PID=879) to work on /home/airflow/.local/lib/python3.12/site-packages/airflow/example_dags/tutorial_dag.py
[2024-10-28T18:09:59.491+0000] {processor.py:914} INFO - Processing file /home/airflow/.local/lib/python3.12/site-packages/airflow/example_dags/tutorial_dag.py for tasks to queue
[2024-10-28T18:09:59.493+0000] {logging_mixin.py:190} INFO - [2024-10-28T18:09:59.492+0000] {dagbag.py:588} INFO - Filling up the DagBag from /home/airflow/.local/lib/python3.12/site-packages/airflow/example_dags/tutorial_dag.py
[2024-10-28T18:09:59.497+0000] {processor.py:925} INFO - DAG(s) 'tutorial_dag' retrieved from /home/airflow/.local/lib/python3.12/site-packages/airflow/example_dags/tutorial_dag.py
[2024-10-28T18:09:59.511+0000] {logging_mixin.py:190} INFO - [2024-10-28T18:09:59.511+0000] {dag.py:3239} INFO - Sync 1 DAGs
[2024-10-28T18:09:59.521+0000] {logging_mixin.py:190} INFO - [2024-10-28T18:09:59.521+0000] {dag.py:4180} INFO - Setting next_dagrun for tutorial_dag to None, run_after=None
[2024-10-28T18:09:59.544+0000] {processor.py:208} INFO - Processing /home/airflow/.local/lib/python3.12/site-packages/airflow/example_dags/tutorial_dag.py took 0.059 seconds
[2024-10-28T18:10:29.832+0000] {processor.py:186} INFO - Started process (PID=945) to work on /home/airflow/.local/lib/python3.12/site-packages/airflow/example_dags/tutorial_dag.py
[2024-10-28T18:10:29.833+0000] {processor.py:914} INFO - Processing file /home/airflow/.local/lib/python3.12/site-packages/airflow/example_dags/tutorial_dag.py for tasks to queue
[2024-10-28T18:10:29.835+0000] {logging_mixin.py:190} INFO - [2024-10-28T18:10:29.835+0000] {dagbag.py:588} INFO - Filling up the DagBag from /home/airflow/.local/lib/python3.12/site-packages/airflow/example_dags/tutorial_dag.py
[2024-10-28T18:10:29.840+0000] {processor.py:925} INFO - DAG(s) 'tutorial_dag' retrieved from /home/airflow/.local/lib/python3.12/site-packages/airflow/example_dags/tutorial_dag.py
[2024-10-28T18:10:29.854+0000] {logging_mixin.py:190} INFO - [2024-10-28T18:10:29.854+0000] {dag.py:3239} INFO - Sync 1 DAGs
[2024-10-28T18:10:29.864+0000] {logging_mixin.py:190} INFO - [2024-10-28T18:10:29.864+0000] {dag.py:4180} INFO - Setting next_dagrun for tutorial_dag to None, run_after=None
[2024-10-28T18:10:29.880+0000] {processor.py:208} INFO - Processing /home/airflow/.local/lib/python3.12/site-packages/airflow/example_dags/tutorial_dag.py took 0.052 seconds
[2024-10-28T18:10:59.996+0000] {processor.py:186} INFO - Started process (PID=1011) to work on /home/airflow/.local/lib/python3.12/site-packages/airflow/example_dags/tutorial_dag.py
[2024-10-28T18:10:59.997+0000] {processor.py:914} INFO - Processing file /home/airflow/.local/lib/python3.12/site-packages/airflow/example_dags/tutorial_dag.py for tasks to queue
[2024-10-28T18:10:59.999+0000] {logging_mixin.py:190} INFO - [2024-10-28T18:10:59.998+0000] {dagbag.py:588} INFO - Filling up the DagBag from /home/airflow/.local/lib/python3.12/site-packages/airflow/example_dags/tutorial_dag.py
[2024-10-28T18:11:00.005+0000] {processor.py:925} INFO - DAG(s) 'tutorial_dag' retrieved from /home/airflow/.local/lib/python3.12/site-packages/airflow/example_dags/tutorial_dag.py
[2024-10-28T18:11:00.018+0000] {logging_mixin.py:190} INFO - [2024-10-28T18:11:00.018+0000] {dag.py:3239} INFO - Sync 1 DAGs
[2024-10-28T18:11:00.030+0000] {logging_mixin.py:190} INFO - [2024-10-28T18:11:00.030+0000] {dag.py:4180} INFO - Setting next_dagrun for tutorial_dag to None, run_after=None
[2024-10-28T18:11:00.057+0000] {processor.py:208} INFO - Processing /home/airflow/.local/lib/python3.12/site-packages/airflow/example_dags/tutorial_dag.py took 0.065 seconds
[2024-10-28T18:11:30.269+0000] {processor.py:186} INFO - Started process (PID=1077) to work on /home/airflow/.local/lib/python3.12/site-packages/airflow/example_dags/tutorial_dag.py
[2024-10-28T18:11:30.270+0000] {processor.py:914} INFO - Processing file /home/airflow/.local/lib/python3.12/site-packages/airflow/example_dags/tutorial_dag.py for tasks to queue
[2024-10-28T18:11:30.272+0000] {logging_mixin.py:190} INFO - [2024-10-28T18:11:30.272+0000] {dagbag.py:588} INFO - Filling up the DagBag from /home/airflow/.local/lib/python3.12/site-packages/airflow/example_dags/tutorial_dag.py
[2024-10-28T18:11:30.277+0000] {processor.py:925} INFO - DAG(s) 'tutorial_dag' retrieved from /home/airflow/.local/lib/python3.12/site-packages/airflow/example_dags/tutorial_dag.py
[2024-10-28T18:11:30.291+0000] {logging_mixin.py:190} INFO - [2024-10-28T18:11:30.291+0000] {dag.py:3239} INFO - Sync 1 DAGs
[2024-10-28T18:11:30.302+0000] {logging_mixin.py:190} INFO - [2024-10-28T18:11:30.301+0000] {dag.py:4180} INFO - Setting next_dagrun for tutorial_dag to None, run_after=None
[2024-10-28T18:11:30.323+0000] {processor.py:208} INFO - Processing /home/airflow/.local/lib/python3.12/site-packages/airflow/example_dags/tutorial_dag.py took 0.058 seconds
[2024-10-28T18:12:01.140+0000] {processor.py:186} INFO - Started process (PID=1143) to work on /home/airflow/.local/lib/python3.12/site-packages/airflow/example_dags/tutorial_dag.py
[2024-10-28T18:12:01.140+0000] {processor.py:914} INFO - Processing file /home/airflow/.local/lib/python3.12/site-packages/airflow/example_dags/tutorial_dag.py for tasks to queue
[2024-10-28T18:12:01.142+0000] {logging_mixin.py:190} INFO - [2024-10-28T18:12:01.141+0000] {dagbag.py:588} INFO - Filling up the DagBag from /home/airflow/.local/lib/python3.12/site-packages/airflow/example_dags/tutorial_dag.py
[2024-10-28T18:12:01.147+0000] {processor.py:925} INFO - DAG(s) 'tutorial_dag' retrieved from /home/airflow/.local/lib/python3.12/site-packages/airflow/example_dags/tutorial_dag.py
[2024-10-28T18:12:01.161+0000] {logging_mixin.py:190} INFO - [2024-10-28T18:12:01.161+0000] {dag.py:3239} INFO - Sync 1 DAGs
[2024-10-28T18:12:01.171+0000] {logging_mixin.py:190} INFO - [2024-10-28T18:12:01.171+0000] {dag.py:4180} INFO - Setting next_dagrun for tutorial_dag to None, run_after=None
[2024-10-28T18:12:01.193+0000] {processor.py:208} INFO - Processing /home/airflow/.local/lib/python3.12/site-packages/airflow/example_dags/tutorial_dag.py took 0.057 seconds
[2024-10-28T18:12:31.648+0000] {processor.py:186} INFO - Started process (PID=1210) to work on /home/airflow/.local/lib/python3.12/site-packages/airflow/example_dags/tutorial_dag.py
[2024-10-28T18:12:31.648+0000] {processor.py:914} INFO - Processing file /home/airflow/.local/lib/python3.12/site-packages/airflow/example_dags/tutorial_dag.py for tasks to queue
[2024-10-28T18:12:31.652+0000] {logging_mixin.py:190} INFO - [2024-10-28T18:12:31.652+0000] {dagbag.py:588} INFO - Filling up the DagBag from /home/airflow/.local/lib/python3.12/site-packages/airflow/example_dags/tutorial_dag.py
[2024-10-28T18:12:31.662+0000] {processor.py:925} INFO - DAG(s) 'tutorial_dag' retrieved from /home/airflow/.local/lib/python3.12/site-packages/airflow/example_dags/tutorial_dag.py
[2024-10-28T18:12:31.678+0000] {logging_mixin.py:190} INFO - [2024-10-28T18:12:31.678+0000] {dag.py:3239} INFO - Sync 1 DAGs
[2024-10-28T18:12:31.688+0000] {logging_mixin.py:190} INFO - [2024-10-28T18:12:31.688+0000] {dag.py:4180} INFO - Setting next_dagrun for tutorial_dag to None, run_after=None
[2024-10-28T18:12:31.713+0000] {processor.py:208} INFO - Processing /home/airflow/.local/lib/python3.12/site-packages/airflow/example_dags/tutorial_dag.py took 0.069 seconds
[2024-10-28T18:13:02.504+0000] {processor.py:186} INFO - Started process (PID=1276) to work on /home/airflow/.local/lib/python3.12/site-packages/airflow/example_dags/tutorial_dag.py
[2024-10-28T18:13:02.505+0000] {processor.py:914} INFO - Processing file /home/airflow/.local/lib/python3.12/site-packages/airflow/example_dags/tutorial_dag.py for tasks to queue
[2024-10-28T18:13:02.507+0000] {logging_mixin.py:190} INFO - [2024-10-28T18:13:02.507+0000] {dagbag.py:588} INFO - Filling up the DagBag from /home/airflow/.local/lib/python3.12/site-packages/airflow/example_dags/tutorial_dag.py
[2024-10-28T18:13:02.512+0000] {processor.py:925} INFO - DAG(s) 'tutorial_dag' retrieved from /home/airflow/.local/lib/python3.12/site-packages/airflow/example_dags/tutorial_dag.py
[2024-10-28T18:13:02.526+0000] {logging_mixin.py:190} INFO - [2024-10-28T18:13:02.525+0000] {dag.py:3239} INFO - Sync 1 DAGs
[2024-10-28T18:13:02.536+0000] {logging_mixin.py:190} INFO - [2024-10-28T18:13:02.535+0000] {dag.py:4180} INFO - Setting next_dagrun for tutorial_dag to None, run_after=None
[2024-10-28T18:13:02.560+0000] {processor.py:208} INFO - Processing /home/airflow/.local/lib/python3.12/site-packages/airflow/example_dags/tutorial_dag.py took 0.059 seconds
[2024-10-28T18:13:33.527+0000] {processor.py:186} INFO - Started process (PID=1342) to work on /home/airflow/.local/lib/python3.12/site-packages/airflow/example_dags/tutorial_dag.py
[2024-10-28T18:13:33.529+0000] {processor.py:914} INFO - Processing file /home/airflow/.local/lib/python3.12/site-packages/airflow/example_dags/tutorial_dag.py for tasks to queue
[2024-10-28T18:13:33.530+0000] {logging_mixin.py:190} INFO - [2024-10-28T18:13:33.530+0000] {dagbag.py:588} INFO - Filling up the DagBag from /home/airflow/.local/lib/python3.12/site-packages/airflow/example_dags/tutorial_dag.py
[2024-10-28T18:13:33.535+0000] {processor.py:925} INFO - DAG(s) 'tutorial_dag' retrieved from /home/airflow/.local/lib/python3.12/site-packages/airflow/example_dags/tutorial_dag.py
[2024-10-28T18:13:33.549+0000] {logging_mixin.py:190} INFO - [2024-10-28T18:13:33.548+0000] {dag.py:3239} INFO - Sync 1 DAGs
[2024-10-28T18:13:33.558+0000] {logging_mixin.py:190} INFO - [2024-10-28T18:13:33.558+0000] {dag.py:4180} INFO - Setting next_dagrun for tutorial_dag to None, run_after=None
[2024-10-28T18:13:33.580+0000] {processor.py:208} INFO - Processing /home/airflow/.local/lib/python3.12/site-packages/airflow/example_dags/tutorial_dag.py took 0.056 seconds
[2024-10-28T18:14:04.529+0000] {processor.py:186} INFO - Started process (PID=1408) to work on /home/airflow/.local/lib/python3.12/site-packages/airflow/example_dags/tutorial_dag.py
[2024-10-28T18:14:04.530+0000] {processor.py:914} INFO - Processing file /home/airflow/.local/lib/python3.12/site-packages/airflow/example_dags/tutorial_dag.py for tasks to queue
[2024-10-28T18:14:04.531+0000] {logging_mixin.py:190} INFO - [2024-10-28T18:14:04.531+0000] {dagbag.py:588} INFO - Filling up the DagBag from /home/airflow/.local/lib/python3.12/site-packages/airflow/example_dags/tutorial_dag.py
[2024-10-28T18:14:04.536+0000] {processor.py:925} INFO - DAG(s) 'tutorial_dag' retrieved from /home/airflow/.local/lib/python3.12/site-packages/airflow/example_dags/tutorial_dag.py
[2024-10-28T18:14:04.549+0000] {logging_mixin.py:190} INFO - [2024-10-28T18:14:04.549+0000] {dag.py:3239} INFO - Sync 1 DAGs
[2024-10-28T18:14:04.559+0000] {logging_mixin.py:190} INFO - [2024-10-28T18:14:04.559+0000] {dag.py:4180} INFO - Setting next_dagrun for tutorial_dag to None, run_after=None
[2024-10-28T18:14:04.573+0000] {processor.py:208} INFO - Processing /home/airflow/.local/lib/python3.12/site-packages/airflow/example_dags/tutorial_dag.py took 0.048 seconds
[2024-10-28T18:14:35.210+0000] {processor.py:186} INFO - Started process (PID=1474) to work on /home/airflow/.local/lib/python3.12/site-packages/airflow/example_dags/tutorial_dag.py
[2024-10-28T18:14:35.212+0000] {processor.py:914} INFO - Processing file /home/airflow/.local/lib/python3.12/site-packages/airflow/example_dags/tutorial_dag.py for tasks to queue
[2024-10-28T18:14:35.214+0000] {logging_mixin.py:190} INFO - [2024-10-28T18:14:35.214+0000] {dagbag.py:588} INFO - Filling up the DagBag from /home/airflow/.local/lib/python3.12/site-packages/airflow/example_dags/tutorial_dag.py
[2024-10-28T18:14:35.220+0000] {processor.py:925} INFO - DAG(s) 'tutorial_dag' retrieved from /home/airflow/.local/lib/python3.12/site-packages/airflow/example_dags/tutorial_dag.py
[2024-10-28T18:14:35.242+0000] {logging_mixin.py:190} INFO - [2024-10-28T18:14:35.242+0000] {dag.py:3239} INFO - Sync 1 DAGs
[2024-10-28T18:14:35.257+0000] {logging_mixin.py:190} INFO - [2024-10-28T18:14:35.257+0000] {dag.py:4180} INFO - Setting next_dagrun for tutorial_dag to None, run_after=None
[2024-10-28T18:14:35.279+0000] {processor.py:208} INFO - Processing /home/airflow/.local/lib/python3.12/site-packages/airflow/example_dags/tutorial_dag.py took 0.073 seconds
[2024-10-28T18:15:06.000+0000] {processor.py:186} INFO - Started process (PID=1540) to work on /home/airflow/.local/lib/python3.12/site-packages/airflow/example_dags/tutorial_dag.py
[2024-10-28T18:15:06.001+0000] {processor.py:914} INFO - Processing file /home/airflow/.local/lib/python3.12/site-packages/airflow/example_dags/tutorial_dag.py for tasks to queue
[2024-10-28T18:15:06.003+0000] {logging_mixin.py:190} INFO - [2024-10-28T18:15:06.003+0000] {dagbag.py:588} INFO - Filling up the DagBag from /home/airflow/.local/lib/python3.12/site-packages/airflow/example_dags/tutorial_dag.py
[2024-10-28T18:15:06.007+0000] {processor.py:925} INFO - DAG(s) 'tutorial_dag' retrieved from /home/airflow/.local/lib/python3.12/site-packages/airflow/example_dags/tutorial_dag.py
[2024-10-28T18:15:06.022+0000] {logging_mixin.py:190} INFO - [2024-10-28T18:15:06.022+0000] {dag.py:3239} INFO - Sync 1 DAGs
[2024-10-28T18:15:06.032+0000] {logging_mixin.py:190} INFO - [2024-10-28T18:15:06.032+0000] {dag.py:4180} INFO - Setting next_dagrun for tutorial_dag to None, run_after=None
[2024-10-28T18:15:06.046+0000] {processor.py:208} INFO - Processing /home/airflow/.local/lib/python3.12/site-packages/airflow/example_dags/tutorial_dag.py took 0.050 seconds
[2024-10-28T18:15:36.613+0000] {processor.py:186} INFO - Started process (PID=1606) to work on /home/airflow/.local/lib/python3.12/site-packages/airflow/example_dags/tutorial_dag.py
[2024-10-28T18:15:36.614+0000] {processor.py:914} INFO - Processing file /home/airflow/.local/lib/python3.12/site-packages/airflow/example_dags/tutorial_dag.py for tasks to queue
[2024-10-28T18:15:36.617+0000] {logging_mixin.py:190} INFO - [2024-10-28T18:15:36.617+0000] {dagbag.py:588} INFO - Filling up the DagBag from /home/airflow/.local/lib/python3.12/site-packages/airflow/example_dags/tutorial_dag.py
[2024-10-28T18:15:36.623+0000] {processor.py:925} INFO - DAG(s) 'tutorial_dag' retrieved from /home/airflow/.local/lib/python3.12/site-packages/airflow/example_dags/tutorial_dag.py
[2024-10-28T18:15:36.641+0000] {logging_mixin.py:190} INFO - [2024-10-28T18:15:36.641+0000] {dag.py:3239} INFO - Sync 1 DAGs
[2024-10-28T18:15:36.655+0000] {logging_mixin.py:190} INFO - [2024-10-28T18:15:36.655+0000] {dag.py:4180} INFO - Setting next_dagrun for tutorial_dag to None, run_after=None
[2024-10-28T18:15:36.683+0000] {processor.py:208} INFO - Processing /home/airflow/.local/lib/python3.12/site-packages/airflow/example_dags/tutorial_dag.py took 0.074 seconds
[2024-10-28T18:16:07.556+0000] {processor.py:186} INFO - Started process (PID=1672) to work on /home/airflow/.local/lib/python3.12/site-packages/airflow/example_dags/tutorial_dag.py
[2024-10-28T18:16:07.557+0000] {processor.py:914} INFO - Processing file /home/airflow/.local/lib/python3.12/site-packages/airflow/example_dags/tutorial_dag.py for tasks to queue
[2024-10-28T18:16:07.559+0000] {logging_mixin.py:190} INFO - [2024-10-28T18:16:07.559+0000] {dagbag.py:588} INFO - Filling up the DagBag from /home/airflow/.local/lib/python3.12/site-packages/airflow/example_dags/tutorial_dag.py
[2024-10-28T18:16:07.565+0000] {processor.py:925} INFO - DAG(s) 'tutorial_dag' retrieved from /home/airflow/.local/lib/python3.12/site-packages/airflow/example_dags/tutorial_dag.py
[2024-10-28T18:16:07.578+0000] {logging_mixin.py:190} INFO - [2024-10-28T18:16:07.578+0000] {dag.py:3239} INFO - Sync 1 DAGs
[2024-10-28T18:16:07.588+0000] {logging_mixin.py:190} INFO - [2024-10-28T18:16:07.588+0000] {dag.py:4180} INFO - Setting next_dagrun for tutorial_dag to None, run_after=None
[2024-10-28T18:16:07.600+0000] {processor.py:208} INFO - Processing /home/airflow/.local/lib/python3.12/site-packages/airflow/example_dags/tutorial_dag.py took 0.048 seconds
[2024-10-28T18:16:38.139+0000] {processor.py:186} INFO - Started process (PID=1738) to work on /home/airflow/.local/lib/python3.12/site-packages/airflow/example_dags/tutorial_dag.py
[2024-10-28T18:16:38.140+0000] {processor.py:914} INFO - Processing file /home/airflow/.local/lib/python3.12/site-packages/airflow/example_dags/tutorial_dag.py for tasks to queue
[2024-10-28T18:16:38.142+0000] {logging_mixin.py:190} INFO - [2024-10-28T18:16:38.141+0000] {dagbag.py:588} INFO - Filling up the DagBag from /home/airflow/.local/lib/python3.12/site-packages/airflow/example_dags/tutorial_dag.py
[2024-10-28T18:16:38.147+0000] {processor.py:925} INFO - DAG(s) 'tutorial_dag' retrieved from /home/airflow/.local/lib/python3.12/site-packages/airflow/example_dags/tutorial_dag.py
[2024-10-28T18:16:38.160+0000] {logging_mixin.py:190} INFO - [2024-10-28T18:16:38.160+0000] {dag.py:3239} INFO - Sync 1 DAGs
[2024-10-28T18:16:38.171+0000] {logging_mixin.py:190} INFO - [2024-10-28T18:16:38.170+0000] {dag.py:4180} INFO - Setting next_dagrun for tutorial_dag to None, run_after=None
[2024-10-28T18:16:38.193+0000] {processor.py:208} INFO - Processing /home/airflow/.local/lib/python3.12/site-packages/airflow/example_dags/tutorial_dag.py took 0.058 seconds
[2024-10-28T18:17:08.930+0000] {processor.py:186} INFO - Started process (PID=1804) to work on /home/airflow/.local/lib/python3.12/site-packages/airflow/example_dags/tutorial_dag.py
[2024-10-28T18:17:08.931+0000] {processor.py:914} INFO - Processing file /home/airflow/.local/lib/python3.12/site-packages/airflow/example_dags/tutorial_dag.py for tasks to queue
[2024-10-28T18:17:08.932+0000] {logging_mixin.py:190} INFO - [2024-10-28T18:17:08.932+0000] {dagbag.py:588} INFO - Filling up the DagBag from /home/airflow/.local/lib/python3.12/site-packages/airflow/example_dags/tutorial_dag.py
[2024-10-28T18:17:08.938+0000] {processor.py:925} INFO - DAG(s) 'tutorial_dag' retrieved from /home/airflow/.local/lib/python3.12/site-packages/airflow/example_dags/tutorial_dag.py
[2024-10-28T18:17:08.952+0000] {logging_mixin.py:190} INFO - [2024-10-28T18:17:08.952+0000] {dag.py:3239} INFO - Sync 1 DAGs
[2024-10-28T18:17:08.962+0000] {logging_mixin.py:190} INFO - [2024-10-28T18:17:08.962+0000] {dag.py:4180} INFO - Setting next_dagrun for tutorial_dag to None, run_after=None
[2024-10-28T18:17:08.977+0000] {processor.py:208} INFO - Processing /home/airflow/.local/lib/python3.12/site-packages/airflow/example_dags/tutorial_dag.py took 0.051 seconds
[2024-10-28T18:17:39.037+0000] {processor.py:186} INFO - Started process (PID=1869) to work on /home/airflow/.local/lib/python3.12/site-packages/airflow/example_dags/tutorial_dag.py
[2024-10-28T18:17:39.037+0000] {processor.py:914} INFO - Processing file /home/airflow/.local/lib/python3.12/site-packages/airflow/example_dags/tutorial_dag.py for tasks to queue
[2024-10-28T18:17:39.039+0000] {logging_mixin.py:190} INFO - [2024-10-28T18:17:39.039+0000] {dagbag.py:588} INFO - Filling up the DagBag from /home/airflow/.local/lib/python3.12/site-packages/airflow/example_dags/tutorial_dag.py
[2024-10-28T18:17:39.047+0000] {processor.py:925} INFO - DAG(s) 'tutorial_dag' retrieved from /home/airflow/.local/lib/python3.12/site-packages/airflow/example_dags/tutorial_dag.py
[2024-10-28T18:17:39.061+0000] {logging_mixin.py:190} INFO - [2024-10-28T18:17:39.060+0000] {dag.py:3239} INFO - Sync 1 DAGs
[2024-10-28T18:17:39.071+0000] {logging_mixin.py:190} INFO - [2024-10-28T18:17:39.071+0000] {dag.py:4180} INFO - Setting next_dagrun for tutorial_dag to None, run_after=None
[2024-10-28T18:17:39.095+0000] {processor.py:208} INFO - Processing /home/airflow/.local/lib/python3.12/site-packages/airflow/example_dags/tutorial_dag.py took 0.063 seconds
[2024-10-28T18:18:09.427+0000] {processor.py:186} INFO - Started process (PID=1935) to work on /home/airflow/.local/lib/python3.12/site-packages/airflow/example_dags/tutorial_dag.py
[2024-10-28T18:18:09.428+0000] {processor.py:914} INFO - Processing file /home/airflow/.local/lib/python3.12/site-packages/airflow/example_dags/tutorial_dag.py for tasks to queue
[2024-10-28T18:18:09.432+0000] {logging_mixin.py:190} INFO - [2024-10-28T18:18:09.432+0000] {dagbag.py:588} INFO - Filling up the DagBag from /home/airflow/.local/lib/python3.12/site-packages/airflow/example_dags/tutorial_dag.py
[2024-10-28T18:18:09.440+0000] {processor.py:925} INFO - DAG(s) 'tutorial_dag' retrieved from /home/airflow/.local/lib/python3.12/site-packages/airflow/example_dags/tutorial_dag.py
[2024-10-28T18:18:09.463+0000] {logging_mixin.py:190} INFO - [2024-10-28T18:18:09.462+0000] {dag.py:3239} INFO - Sync 1 DAGs
[2024-10-28T18:18:09.479+0000] {logging_mixin.py:190} INFO - [2024-10-28T18:18:09.479+0000] {dag.py:4180} INFO - Setting next_dagrun for tutorial_dag to None, run_after=None
[2024-10-28T18:18:09.508+0000] {processor.py:208} INFO - Processing /home/airflow/.local/lib/python3.12/site-packages/airflow/example_dags/tutorial_dag.py took 0.087 seconds
[2024-10-28T18:18:40.424+0000] {processor.py:186} INFO - Started process (PID=2001) to work on /home/airflow/.local/lib/python3.12/site-packages/airflow/example_dags/tutorial_dag.py
[2024-10-28T18:18:40.426+0000] {processor.py:914} INFO - Processing file /home/airflow/.local/lib/python3.12/site-packages/airflow/example_dags/tutorial_dag.py for tasks to queue
[2024-10-28T18:18:40.429+0000] {logging_mixin.py:190} INFO - [2024-10-28T18:18:40.428+0000] {dagbag.py:588} INFO - Filling up the DagBag from /home/airflow/.local/lib/python3.12/site-packages/airflow/example_dags/tutorial_dag.py
[2024-10-28T18:18:40.434+0000] {processor.py:925} INFO - DAG(s) 'tutorial_dag' retrieved from /home/airflow/.local/lib/python3.12/site-packages/airflow/example_dags/tutorial_dag.py
[2024-10-28T18:18:40.449+0000] {logging_mixin.py:190} INFO - [2024-10-28T18:18:40.449+0000] {dag.py:3239} INFO - Sync 1 DAGs
[2024-10-28T18:18:40.461+0000] {logging_mixin.py:190} INFO - [2024-10-28T18:18:40.461+0000] {dag.py:4180} INFO - Setting next_dagrun for tutorial_dag to None, run_after=None
[2024-10-28T18:18:40.477+0000] {processor.py:208} INFO - Processing /home/airflow/.local/lib/python3.12/site-packages/airflow/example_dags/tutorial_dag.py took 0.060 seconds
[2024-10-28T18:19:11.319+0000] {processor.py:186} INFO - Started process (PID=2067) to work on /home/airflow/.local/lib/python3.12/site-packages/airflow/example_dags/tutorial_dag.py
[2024-10-28T18:19:11.320+0000] {processor.py:914} INFO - Processing file /home/airflow/.local/lib/python3.12/site-packages/airflow/example_dags/tutorial_dag.py for tasks to queue
[2024-10-28T18:19:11.322+0000] {logging_mixin.py:190} INFO - [2024-10-28T18:19:11.322+0000] {dagbag.py:588} INFO - Filling up the DagBag from /home/airflow/.local/lib/python3.12/site-packages/airflow/example_dags/tutorial_dag.py
[2024-10-28T18:19:11.328+0000] {processor.py:925} INFO - DAG(s) 'tutorial_dag' retrieved from /home/airflow/.local/lib/python3.12/site-packages/airflow/example_dags/tutorial_dag.py
[2024-10-28T18:19:11.342+0000] {logging_mixin.py:190} INFO - [2024-10-28T18:19:11.341+0000] {dag.py:3239} INFO - Sync 1 DAGs
[2024-10-28T18:19:11.351+0000] {logging_mixin.py:190} INFO - [2024-10-28T18:19:11.351+0000] {dag.py:4180} INFO - Setting next_dagrun for tutorial_dag to None, run_after=None
[2024-10-28T18:19:11.367+0000] {processor.py:208} INFO - Processing /home/airflow/.local/lib/python3.12/site-packages/airflow/example_dags/tutorial_dag.py took 0.052 seconds
[2024-10-28T18:19:41.682+0000] {processor.py:186} INFO - Started process (PID=2134) to work on /home/airflow/.local/lib/python3.12/site-packages/airflow/example_dags/tutorial_dag.py
[2024-10-28T18:19:41.683+0000] {processor.py:914} INFO - Processing file /home/airflow/.local/lib/python3.12/site-packages/airflow/example_dags/tutorial_dag.py for tasks to queue
[2024-10-28T18:19:41.685+0000] {logging_mixin.py:190} INFO - [2024-10-28T18:19:41.685+0000] {dagbag.py:588} INFO - Filling up the DagBag from /home/airflow/.local/lib/python3.12/site-packages/airflow/example_dags/tutorial_dag.py
[2024-10-28T18:19:41.690+0000] {processor.py:925} INFO - DAG(s) 'tutorial_dag' retrieved from /home/airflow/.local/lib/python3.12/site-packages/airflow/example_dags/tutorial_dag.py
[2024-10-28T18:19:41.703+0000] {logging_mixin.py:190} INFO - [2024-10-28T18:19:41.703+0000] {dag.py:3239} INFO - Sync 1 DAGs
[2024-10-28T18:19:41.715+0000] {logging_mixin.py:190} INFO - [2024-10-28T18:19:41.714+0000] {dag.py:4180} INFO - Setting next_dagrun for tutorial_dag to None, run_after=None
[2024-10-28T18:19:41.730+0000] {processor.py:208} INFO - Processing /home/airflow/.local/lib/python3.12/site-packages/airflow/example_dags/tutorial_dag.py took 0.052 seconds
[2024-10-28T18:20:12.414+0000] {processor.py:186} INFO - Started process (PID=2200) to work on /home/airflow/.local/lib/python3.12/site-packages/airflow/example_dags/tutorial_dag.py
[2024-10-28T18:20:12.415+0000] {processor.py:914} INFO - Processing file /home/airflow/.local/lib/python3.12/site-packages/airflow/example_dags/tutorial_dag.py for tasks to queue
[2024-10-28T18:20:12.418+0000] {logging_mixin.py:190} INFO - [2024-10-28T18:20:12.418+0000] {dagbag.py:588} INFO - Filling up the DagBag from /home/airflow/.local/lib/python3.12/site-packages/airflow/example_dags/tutorial_dag.py
[2024-10-28T18:20:12.425+0000] {processor.py:925} INFO - DAG(s) 'tutorial_dag' retrieved from /home/airflow/.local/lib/python3.12/site-packages/airflow/example_dags/tutorial_dag.py
[2024-10-28T18:20:12.449+0000] {logging_mixin.py:190} INFO - [2024-10-28T18:20:12.448+0000] {dag.py:3239} INFO - Sync 1 DAGs
[2024-10-28T18:20:12.465+0000] {logging_mixin.py:190} INFO - [2024-10-28T18:20:12.464+0000] {dag.py:4180} INFO - Setting next_dagrun for tutorial_dag to None, run_after=None
[2024-10-28T18:20:12.492+0000] {processor.py:208} INFO - Processing /home/airflow/.local/lib/python3.12/site-packages/airflow/example_dags/tutorial_dag.py took 0.083 seconds
[2024-10-28T18:20:42.838+0000] {processor.py:186} INFO - Started process (PID=2266) to work on /home/airflow/.local/lib/python3.12/site-packages/airflow/example_dags/tutorial_dag.py
[2024-10-28T18:20:42.839+0000] {processor.py:914} INFO - Processing file /home/airflow/.local/lib/python3.12/site-packages/airflow/example_dags/tutorial_dag.py for tasks to queue
[2024-10-28T18:20:42.841+0000] {logging_mixin.py:190} INFO - [2024-10-28T18:20:42.841+0000] {dagbag.py:588} INFO - Filling up the DagBag from /home/airflow/.local/lib/python3.12/site-packages/airflow/example_dags/tutorial_dag.py
[2024-10-28T18:20:42.847+0000] {processor.py:925} INFO - DAG(s) 'tutorial_dag' retrieved from /home/airflow/.local/lib/python3.12/site-packages/airflow/example_dags/tutorial_dag.py
[2024-10-28T18:20:42.860+0000] {logging_mixin.py:190} INFO - [2024-10-28T18:20:42.860+0000] {dag.py:3239} INFO - Sync 1 DAGs
[2024-10-28T18:20:42.870+0000] {logging_mixin.py:190} INFO - [2024-10-28T18:20:42.870+0000] {dag.py:4180} INFO - Setting next_dagrun for tutorial_dag to None, run_after=None
[2024-10-28T18:20:42.888+0000] {processor.py:208} INFO - Processing /home/airflow/.local/lib/python3.12/site-packages/airflow/example_dags/tutorial_dag.py took 0.053 seconds
[2024-10-28T18:21:13.112+0000] {processor.py:186} INFO - Started process (PID=2332) to work on /home/airflow/.local/lib/python3.12/site-packages/airflow/example_dags/tutorial_dag.py
[2024-10-28T18:21:13.113+0000] {processor.py:914} INFO - Processing file /home/airflow/.local/lib/python3.12/site-packages/airflow/example_dags/tutorial_dag.py for tasks to queue
[2024-10-28T18:21:13.116+0000] {logging_mixin.py:190} INFO - [2024-10-28T18:21:13.116+0000] {dagbag.py:588} INFO - Filling up the DagBag from /home/airflow/.local/lib/python3.12/site-packages/airflow/example_dags/tutorial_dag.py
[2024-10-28T18:21:13.122+0000] {processor.py:925} INFO - DAG(s) 'tutorial_dag' retrieved from /home/airflow/.local/lib/python3.12/site-packages/airflow/example_dags/tutorial_dag.py
[2024-10-28T18:21:13.137+0000] {logging_mixin.py:190} INFO - [2024-10-28T18:21:13.136+0000] {dag.py:3239} INFO - Sync 1 DAGs
[2024-10-28T18:21:13.150+0000] {logging_mixin.py:190} INFO - [2024-10-28T18:21:13.149+0000] {dag.py:4180} INFO - Setting next_dagrun for tutorial_dag to None, run_after=None
[2024-10-28T18:21:13.165+0000] {processor.py:208} INFO - Processing /home/airflow/.local/lib/python3.12/site-packages/airflow/example_dags/tutorial_dag.py took 0.057 seconds
[2024-10-28T18:21:43.443+0000] {processor.py:186} INFO - Started process (PID=2398) to work on /home/airflow/.local/lib/python3.12/site-packages/airflow/example_dags/tutorial_dag.py
[2024-10-28T18:21:43.444+0000] {processor.py:914} INFO - Processing file /home/airflow/.local/lib/python3.12/site-packages/airflow/example_dags/tutorial_dag.py for tasks to queue
[2024-10-28T18:21:43.445+0000] {logging_mixin.py:190} INFO - [2024-10-28T18:21:43.445+0000] {dagbag.py:588} INFO - Filling up the DagBag from /home/airflow/.local/lib/python3.12/site-packages/airflow/example_dags/tutorial_dag.py
[2024-10-28T18:21:43.451+0000] {processor.py:925} INFO - DAG(s) 'tutorial_dag' retrieved from /home/airflow/.local/lib/python3.12/site-packages/airflow/example_dags/tutorial_dag.py
[2024-10-28T18:21:43.464+0000] {logging_mixin.py:190} INFO - [2024-10-28T18:21:43.464+0000] {dag.py:3239} INFO - Sync 1 DAGs
[2024-10-28T18:21:43.474+0000] {logging_mixin.py:190} INFO - [2024-10-28T18:21:43.474+0000] {dag.py:4180} INFO - Setting next_dagrun for tutorial_dag to None, run_after=None
[2024-10-28T18:21:43.489+0000] {processor.py:208} INFO - Processing /home/airflow/.local/lib/python3.12/site-packages/airflow/example_dags/tutorial_dag.py took 0.050 seconds
[2024-10-28T18:22:13.585+0000] {processor.py:186} INFO - Started process (PID=2464) to work on /home/airflow/.local/lib/python3.12/site-packages/airflow/example_dags/tutorial_dag.py
[2024-10-28T18:22:13.586+0000] {processor.py:914} INFO - Processing file /home/airflow/.local/lib/python3.12/site-packages/airflow/example_dags/tutorial_dag.py for tasks to queue
[2024-10-28T18:22:13.588+0000] {logging_mixin.py:190} INFO - [2024-10-28T18:22:13.588+0000] {dagbag.py:588} INFO - Filling up the DagBag from /home/airflow/.local/lib/python3.12/site-packages/airflow/example_dags/tutorial_dag.py
[2024-10-28T18:22:13.594+0000] {processor.py:925} INFO - DAG(s) 'tutorial_dag' retrieved from /home/airflow/.local/lib/python3.12/site-packages/airflow/example_dags/tutorial_dag.py
[2024-10-28T18:22:13.611+0000] {logging_mixin.py:190} INFO - [2024-10-28T18:22:13.611+0000] {dag.py:3239} INFO - Sync 1 DAGs
[2024-10-28T18:22:13.621+0000] {logging_mixin.py:190} INFO - [2024-10-28T18:22:13.621+0000] {dag.py:4180} INFO - Setting next_dagrun for tutorial_dag to None, run_after=None
[2024-10-28T18:22:13.648+0000] {processor.py:208} INFO - Processing /home/airflow/.local/lib/python3.12/site-packages/airflow/example_dags/tutorial_dag.py took 0.067 seconds
[2024-10-28T18:22:43.816+0000] {processor.py:186} INFO - Started process (PID=2530) to work on /home/airflow/.local/lib/python3.12/site-packages/airflow/example_dags/tutorial_dag.py
[2024-10-28T18:22:43.817+0000] {processor.py:914} INFO - Processing file /home/airflow/.local/lib/python3.12/site-packages/airflow/example_dags/tutorial_dag.py for tasks to queue
[2024-10-28T18:22:43.819+0000] {logging_mixin.py:190} INFO - [2024-10-28T18:22:43.819+0000] {dagbag.py:588} INFO - Filling up the DagBag from /home/airflow/.local/lib/python3.12/site-packages/airflow/example_dags/tutorial_dag.py
[2024-10-28T18:22:43.831+0000] {processor.py:925} INFO - DAG(s) 'tutorial_dag' retrieved from /home/airflow/.local/lib/python3.12/site-packages/airflow/example_dags/tutorial_dag.py
[2024-10-28T18:22:43.846+0000] {logging_mixin.py:190} INFO - [2024-10-28T18:22:43.846+0000] {dag.py:3239} INFO - Sync 1 DAGs
[2024-10-28T18:22:43.857+0000] {logging_mixin.py:190} INFO - [2024-10-28T18:22:43.857+0000] {dag.py:4180} INFO - Setting next_dagrun for tutorial_dag to None, run_after=None
[2024-10-28T18:22:43.882+0000] {processor.py:208} INFO - Processing /home/airflow/.local/lib/python3.12/site-packages/airflow/example_dags/tutorial_dag.py took 0.069 seconds
[2024-10-28T18:23:13.917+0000] {processor.py:186} INFO - Started process (PID=2595) to work on /home/airflow/.local/lib/python3.12/site-packages/airflow/example_dags/tutorial_dag.py
[2024-10-28T18:23:13.918+0000] {processor.py:914} INFO - Processing file /home/airflow/.local/lib/python3.12/site-packages/airflow/example_dags/tutorial_dag.py for tasks to queue
[2024-10-28T18:23:13.920+0000] {logging_mixin.py:190} INFO - [2024-10-28T18:23:13.920+0000] {dagbag.py:588} INFO - Filling up the DagBag from /home/airflow/.local/lib/python3.12/site-packages/airflow/example_dags/tutorial_dag.py
[2024-10-28T18:23:13.926+0000] {processor.py:925} INFO - DAG(s) 'tutorial_dag' retrieved from /home/airflow/.local/lib/python3.12/site-packages/airflow/example_dags/tutorial_dag.py
[2024-10-28T18:23:13.940+0000] {logging_mixin.py:190} INFO - [2024-10-28T18:23:13.940+0000] {dag.py:3239} INFO - Sync 1 DAGs
[2024-10-28T18:23:13.952+0000] {logging_mixin.py:190} INFO - [2024-10-28T18:23:13.952+0000] {dag.py:4180} INFO - Setting next_dagrun for tutorial_dag to None, run_after=None
[2024-10-28T18:23:13.975+0000] {processor.py:208} INFO - Processing /home/airflow/.local/lib/python3.12/site-packages/airflow/example_dags/tutorial_dag.py took 0.062 seconds
[2024-10-28T18:23:44.305+0000] {processor.py:186} INFO - Started process (PID=2662) to work on /home/airflow/.local/lib/python3.12/site-packages/airflow/example_dags/tutorial_dag.py
[2024-10-28T18:23:44.306+0000] {processor.py:914} INFO - Processing file /home/airflow/.local/lib/python3.12/site-packages/airflow/example_dags/tutorial_dag.py for tasks to queue
[2024-10-28T18:23:44.309+0000] {logging_mixin.py:190} INFO - [2024-10-28T18:23:44.308+0000] {dagbag.py:588} INFO - Filling up the DagBag from /home/airflow/.local/lib/python3.12/site-packages/airflow/example_dags/tutorial_dag.py
[2024-10-28T18:23:44.315+0000] {processor.py:925} INFO - DAG(s) 'tutorial_dag' retrieved from /home/airflow/.local/lib/python3.12/site-packages/airflow/example_dags/tutorial_dag.py
[2024-10-28T18:23:44.330+0000] {logging_mixin.py:190} INFO - [2024-10-28T18:23:44.330+0000] {dag.py:3239} INFO - Sync 1 DAGs
[2024-10-28T18:23:44.340+0000] {logging_mixin.py:190} INFO - [2024-10-28T18:23:44.340+0000] {dag.py:4180} INFO - Setting next_dagrun for tutorial_dag to None, run_after=None
[2024-10-28T18:23:44.355+0000] {processor.py:208} INFO - Processing /home/airflow/.local/lib/python3.12/site-packages/airflow/example_dags/tutorial_dag.py took 0.058 seconds
[2024-10-28T18:24:14.704+0000] {processor.py:186} INFO - Started process (PID=2728) to work on /home/airflow/.local/lib/python3.12/site-packages/airflow/example_dags/tutorial_dag.py
[2024-10-28T18:24:14.705+0000] {processor.py:914} INFO - Processing file /home/airflow/.local/lib/python3.12/site-packages/airflow/example_dags/tutorial_dag.py for tasks to queue
[2024-10-28T18:24:14.707+0000] {logging_mixin.py:190} INFO - [2024-10-28T18:24:14.707+0000] {dagbag.py:588} INFO - Filling up the DagBag from /home/airflow/.local/lib/python3.12/site-packages/airflow/example_dags/tutorial_dag.py
[2024-10-28T18:24:14.712+0000] {processor.py:925} INFO - DAG(s) 'tutorial_dag' retrieved from /home/airflow/.local/lib/python3.12/site-packages/airflow/example_dags/tutorial_dag.py
[2024-10-28T18:24:14.726+0000] {logging_mixin.py:190} INFO - [2024-10-28T18:24:14.726+0000] {dag.py:3239} INFO - Sync 1 DAGs
[2024-10-28T18:24:14.735+0000] {logging_mixin.py:190} INFO - [2024-10-28T18:24:14.735+0000] {dag.py:4180} INFO - Setting next_dagrun for tutorial_dag to None, run_after=None
[2024-10-28T18:24:14.756+0000] {processor.py:208} INFO - Processing /home/airflow/.local/lib/python3.12/site-packages/airflow/example_dags/tutorial_dag.py took 0.057 seconds
[2024-10-28T18:24:45.582+0000] {processor.py:186} INFO - Started process (PID=2794) to work on /home/airflow/.local/lib/python3.12/site-packages/airflow/example_dags/tutorial_dag.py
[2024-10-28T18:24:45.583+0000] {processor.py:914} INFO - Processing file /home/airflow/.local/lib/python3.12/site-packages/airflow/example_dags/tutorial_dag.py for tasks to queue
[2024-10-28T18:24:45.586+0000] {logging_mixin.py:190} INFO - [2024-10-28T18:24:45.585+0000] {dagbag.py:588} INFO - Filling up the DagBag from /home/airflow/.local/lib/python3.12/site-packages/airflow/example_dags/tutorial_dag.py
[2024-10-28T18:24:45.590+0000] {processor.py:925} INFO - DAG(s) 'tutorial_dag' retrieved from /home/airflow/.local/lib/python3.12/site-packages/airflow/example_dags/tutorial_dag.py
[2024-10-28T18:24:45.607+0000] {logging_mixin.py:190} INFO - [2024-10-28T18:24:45.606+0000] {dag.py:3239} INFO - Sync 1 DAGs
[2024-10-28T18:24:45.618+0000] {logging_mixin.py:190} INFO - [2024-10-28T18:24:45.618+0000] {dag.py:4180} INFO - Setting next_dagrun for tutorial_dag to None, run_after=None
[2024-10-28T18:24:45.647+0000] {processor.py:208} INFO - Processing /home/airflow/.local/lib/python3.12/site-packages/airflow/example_dags/tutorial_dag.py took 0.069 seconds
