[2024-10-28T18:03:58.224+0000] {processor.py:186} INFO - Started process (PID=119) to work on /home/airflow/.local/lib/python3.12/site-packages/airflow/example_dags/tutorial.py
[2024-10-28T18:03:58.227+0000] {processor.py:914} INFO - Processing file /home/airflow/.local/lib/python3.12/site-packages/airflow/example_dags/tutorial.py for tasks to queue
[2024-10-28T18:03:58.230+0000] {logging_mixin.py:190} INFO - [2024-10-28T18:03:58.230+0000] {dagbag.py:588} INFO - Filling up the DagBag from /home/airflow/.local/lib/python3.12/site-packages/airflow/example_dags/tutorial.py
[2024-10-28T18:03:58.242+0000] {processor.py:925} INFO - DAG(s) 'tutorial' retrieved from /home/airflow/.local/lib/python3.12/site-packages/airflow/example_dags/tutorial.py
[2024-10-28T18:03:58.274+0000] {logging_mixin.py:190} INFO - [2024-10-28T18:03:58.273+0000] {dag.py:3239} INFO - Sync 1 DAGs
[2024-10-28T18:03:58.308+0000] {logging_mixin.py:190} INFO - [2024-10-28T18:03:58.308+0000] {dag.py:4180} INFO - Setting next_dagrun for tutorial to 2024-10-27 00:00:00+00:00, run_after=2024-10-28 00:00:00+00:00
[2024-10-28T18:03:58.340+0000] {processor.py:208} INFO - Processing /home/airflow/.local/lib/python3.12/site-packages/airflow/example_dags/tutorial.py took 0.123 seconds
[2024-10-28T18:04:28.932+0000] {processor.py:186} INFO - Started process (PID=185) to work on /home/airflow/.local/lib/python3.12/site-packages/airflow/example_dags/tutorial.py
[2024-10-28T18:04:28.933+0000] {processor.py:914} INFO - Processing file /home/airflow/.local/lib/python3.12/site-packages/airflow/example_dags/tutorial.py for tasks to queue
[2024-10-28T18:04:28.934+0000] {logging_mixin.py:190} INFO - [2024-10-28T18:04:28.934+0000] {dagbag.py:588} INFO - Filling up the DagBag from /home/airflow/.local/lib/python3.12/site-packages/airflow/example_dags/tutorial.py
[2024-10-28T18:04:28.940+0000] {processor.py:925} INFO - DAG(s) 'tutorial' retrieved from /home/airflow/.local/lib/python3.12/site-packages/airflow/example_dags/tutorial.py
[2024-10-28T18:04:28.953+0000] {logging_mixin.py:190} INFO - [2024-10-28T18:04:28.953+0000] {dag.py:3239} INFO - Sync 1 DAGs
[2024-10-28T18:04:28.972+0000] {logging_mixin.py:190} INFO - [2024-10-28T18:04:28.972+0000] {dag.py:4180} INFO - Setting next_dagrun for tutorial to 2024-10-27 00:00:00+00:00, run_after=2024-10-28 00:00:00+00:00
[2024-10-28T18:04:28.992+0000] {processor.py:208} INFO - Processing /home/airflow/.local/lib/python3.12/site-packages/airflow/example_dags/tutorial.py took 0.064 seconds
[2024-10-28T18:05:00.285+0000] {processor.py:186} INFO - Started process (PID=251) to work on /home/airflow/.local/lib/python3.12/site-packages/airflow/example_dags/tutorial.py
[2024-10-28T18:05:00.287+0000] {processor.py:914} INFO - Processing file /home/airflow/.local/lib/python3.12/site-packages/airflow/example_dags/tutorial.py for tasks to queue
[2024-10-28T18:05:00.289+0000] {logging_mixin.py:190} INFO - [2024-10-28T18:05:00.288+0000] {dagbag.py:588} INFO - Filling up the DagBag from /home/airflow/.local/lib/python3.12/site-packages/airflow/example_dags/tutorial.py
[2024-10-28T18:05:00.297+0000] {processor.py:925} INFO - DAG(s) 'tutorial' retrieved from /home/airflow/.local/lib/python3.12/site-packages/airflow/example_dags/tutorial.py
[2024-10-28T18:05:00.312+0000] {logging_mixin.py:190} INFO - [2024-10-28T18:05:00.312+0000] {dag.py:3239} INFO - Sync 1 DAGs
[2024-10-28T18:05:00.328+0000] {logging_mixin.py:190} INFO - [2024-10-28T18:05:00.328+0000] {dag.py:4180} INFO - Setting next_dagrun for tutorial to 2024-10-27 00:00:00+00:00, run_after=2024-10-28 00:00:00+00:00
[2024-10-28T18:05:00.343+0000] {processor.py:208} INFO - Processing /home/airflow/.local/lib/python3.12/site-packages/airflow/example_dags/tutorial.py took 0.062 seconds
[2024-10-28T18:05:30.679+0000] {processor.py:186} INFO - Started process (PID=317) to work on /home/airflow/.local/lib/python3.12/site-packages/airflow/example_dags/tutorial.py
[2024-10-28T18:05:30.680+0000] {processor.py:914} INFO - Processing file /home/airflow/.local/lib/python3.12/site-packages/airflow/example_dags/tutorial.py for tasks to queue
[2024-10-28T18:05:30.682+0000] {logging_mixin.py:190} INFO - [2024-10-28T18:05:30.682+0000] {dagbag.py:588} INFO - Filling up the DagBag from /home/airflow/.local/lib/python3.12/site-packages/airflow/example_dags/tutorial.py
[2024-10-28T18:05:30.688+0000] {processor.py:925} INFO - DAG(s) 'tutorial' retrieved from /home/airflow/.local/lib/python3.12/site-packages/airflow/example_dags/tutorial.py
[2024-10-28T18:05:30.704+0000] {logging_mixin.py:190} INFO - [2024-10-28T18:05:30.704+0000] {dag.py:3239} INFO - Sync 1 DAGs
[2024-10-28T18:05:30.721+0000] {logging_mixin.py:190} INFO - [2024-10-28T18:05:30.721+0000] {dag.py:4180} INFO - Setting next_dagrun for tutorial to 2024-10-27 00:00:00+00:00, run_after=2024-10-28 00:00:00+00:00
[2024-10-28T18:05:30.742+0000] {processor.py:208} INFO - Processing /home/airflow/.local/lib/python3.12/site-packages/airflow/example_dags/tutorial.py took 0.067 seconds
[2024-10-28T18:06:01.536+0000] {processor.py:186} INFO - Started process (PID=383) to work on /home/airflow/.local/lib/python3.12/site-packages/airflow/example_dags/tutorial.py
[2024-10-28T18:06:01.537+0000] {processor.py:914} INFO - Processing file /home/airflow/.local/lib/python3.12/site-packages/airflow/example_dags/tutorial.py for tasks to queue
[2024-10-28T18:06:01.539+0000] {logging_mixin.py:190} INFO - [2024-10-28T18:06:01.539+0000] {dagbag.py:588} INFO - Filling up the DagBag from /home/airflow/.local/lib/python3.12/site-packages/airflow/example_dags/tutorial.py
[2024-10-28T18:06:01.544+0000] {processor.py:925} INFO - DAG(s) 'tutorial' retrieved from /home/airflow/.local/lib/python3.12/site-packages/airflow/example_dags/tutorial.py
[2024-10-28T18:06:01.557+0000] {logging_mixin.py:190} INFO - [2024-10-28T18:06:01.557+0000] {dag.py:3239} INFO - Sync 1 DAGs
[2024-10-28T18:06:01.572+0000] {logging_mixin.py:190} INFO - [2024-10-28T18:06:01.572+0000] {dag.py:4180} INFO - Setting next_dagrun for tutorial to 2024-10-27 00:00:00+00:00, run_after=2024-10-28 00:00:00+00:00
[2024-10-28T18:06:01.592+0000] {processor.py:208} INFO - Processing /home/airflow/.local/lib/python3.12/site-packages/airflow/example_dags/tutorial.py took 0.060 seconds
[2024-10-28T18:06:32.290+0000] {processor.py:186} INFO - Started process (PID=449) to work on /home/airflow/.local/lib/python3.12/site-packages/airflow/example_dags/tutorial.py
[2024-10-28T18:06:32.291+0000] {processor.py:914} INFO - Processing file /home/airflow/.local/lib/python3.12/site-packages/airflow/example_dags/tutorial.py for tasks to queue
[2024-10-28T18:06:32.292+0000] {logging_mixin.py:190} INFO - [2024-10-28T18:06:32.292+0000] {dagbag.py:588} INFO - Filling up the DagBag from /home/airflow/.local/lib/python3.12/site-packages/airflow/example_dags/tutorial.py
[2024-10-28T18:06:32.298+0000] {processor.py:925} INFO - DAG(s) 'tutorial' retrieved from /home/airflow/.local/lib/python3.12/site-packages/airflow/example_dags/tutorial.py
[2024-10-28T18:06:32.314+0000] {logging_mixin.py:190} INFO - [2024-10-28T18:06:32.314+0000] {dag.py:3239} INFO - Sync 1 DAGs
[2024-10-28T18:06:32.329+0000] {logging_mixin.py:190} INFO - [2024-10-28T18:06:32.329+0000] {dag.py:4180} INFO - Setting next_dagrun for tutorial to 2024-10-27 00:00:00+00:00, run_after=2024-10-28 00:00:00+00:00
[2024-10-28T18:06:32.343+0000] {processor.py:208} INFO - Processing /home/airflow/.local/lib/python3.12/site-packages/airflow/example_dags/tutorial.py took 0.058 seconds
[2024-10-28T18:07:03.028+0000] {processor.py:186} INFO - Started process (PID=515) to work on /home/airflow/.local/lib/python3.12/site-packages/airflow/example_dags/tutorial.py
[2024-10-28T18:07:03.029+0000] {processor.py:914} INFO - Processing file /home/airflow/.local/lib/python3.12/site-packages/airflow/example_dags/tutorial.py for tasks to queue
[2024-10-28T18:07:03.030+0000] {logging_mixin.py:190} INFO - [2024-10-28T18:07:03.030+0000] {dagbag.py:588} INFO - Filling up the DagBag from /home/airflow/.local/lib/python3.12/site-packages/airflow/example_dags/tutorial.py
[2024-10-28T18:07:03.035+0000] {processor.py:925} INFO - DAG(s) 'tutorial' retrieved from /home/airflow/.local/lib/python3.12/site-packages/airflow/example_dags/tutorial.py
[2024-10-28T18:07:03.048+0000] {logging_mixin.py:190} INFO - [2024-10-28T18:07:03.048+0000] {dag.py:3239} INFO - Sync 1 DAGs
[2024-10-28T18:07:03.065+0000] {logging_mixin.py:190} INFO - [2024-10-28T18:07:03.064+0000] {dag.py:4180} INFO - Setting next_dagrun for tutorial to 2024-10-27 00:00:00+00:00, run_after=2024-10-28 00:00:00+00:00
[2024-10-28T18:07:03.081+0000] {processor.py:208} INFO - Processing /home/airflow/.local/lib/python3.12/site-packages/airflow/example_dags/tutorial.py took 0.057 seconds
[2024-10-28T18:07:33.935+0000] {processor.py:186} INFO - Started process (PID=581) to work on /home/airflow/.local/lib/python3.12/site-packages/airflow/example_dags/tutorial.py
[2024-10-28T18:07:33.936+0000] {processor.py:914} INFO - Processing file /home/airflow/.local/lib/python3.12/site-packages/airflow/example_dags/tutorial.py for tasks to queue
[2024-10-28T18:07:33.938+0000] {logging_mixin.py:190} INFO - [2024-10-28T18:07:33.938+0000] {dagbag.py:588} INFO - Filling up the DagBag from /home/airflow/.local/lib/python3.12/site-packages/airflow/example_dags/tutorial.py
[2024-10-28T18:07:33.946+0000] {processor.py:925} INFO - DAG(s) 'tutorial' retrieved from /home/airflow/.local/lib/python3.12/site-packages/airflow/example_dags/tutorial.py
[2024-10-28T18:07:33.966+0000] {logging_mixin.py:190} INFO - [2024-10-28T18:07:33.966+0000] {dag.py:3239} INFO - Sync 1 DAGs
[2024-10-28T18:07:33.986+0000] {logging_mixin.py:190} INFO - [2024-10-28T18:07:33.986+0000] {dag.py:4180} INFO - Setting next_dagrun for tutorial to 2024-10-27 00:00:00+00:00, run_after=2024-10-28 00:00:00+00:00
[2024-10-28T18:07:34.004+0000] {processor.py:208} INFO - Processing /home/airflow/.local/lib/python3.12/site-packages/airflow/example_dags/tutorial.py took 0.075 seconds
[2024-10-28T18:08:04.349+0000] {processor.py:186} INFO - Started process (PID=647) to work on /home/airflow/.local/lib/python3.12/site-packages/airflow/example_dags/tutorial.py
[2024-10-28T18:08:04.350+0000] {processor.py:914} INFO - Processing file /home/airflow/.local/lib/python3.12/site-packages/airflow/example_dags/tutorial.py for tasks to queue
[2024-10-28T18:08:04.353+0000] {logging_mixin.py:190} INFO - [2024-10-28T18:08:04.353+0000] {dagbag.py:588} INFO - Filling up the DagBag from /home/airflow/.local/lib/python3.12/site-packages/airflow/example_dags/tutorial.py
[2024-10-28T18:08:04.360+0000] {processor.py:925} INFO - DAG(s) 'tutorial' retrieved from /home/airflow/.local/lib/python3.12/site-packages/airflow/example_dags/tutorial.py
[2024-10-28T18:08:04.376+0000] {logging_mixin.py:190} INFO - [2024-10-28T18:08:04.376+0000] {dag.py:3239} INFO - Sync 1 DAGs
[2024-10-28T18:08:04.394+0000] {logging_mixin.py:190} INFO - [2024-10-28T18:08:04.394+0000] {dag.py:4180} INFO - Setting next_dagrun for tutorial to 2024-10-27 00:00:00+00:00, run_after=2024-10-28 00:00:00+00:00
[2024-10-28T18:08:04.412+0000] {processor.py:208} INFO - Processing /home/airflow/.local/lib/python3.12/site-packages/airflow/example_dags/tutorial.py took 0.068 seconds
[2024-10-28T18:08:34.569+0000] {processor.py:186} INFO - Started process (PID=712) to work on /home/airflow/.local/lib/python3.12/site-packages/airflow/example_dags/tutorial.py
[2024-10-28T18:08:34.570+0000] {processor.py:914} INFO - Processing file /home/airflow/.local/lib/python3.12/site-packages/airflow/example_dags/tutorial.py for tasks to queue
[2024-10-28T18:08:34.572+0000] {logging_mixin.py:190} INFO - [2024-10-28T18:08:34.571+0000] {dagbag.py:588} INFO - Filling up the DagBag from /home/airflow/.local/lib/python3.12/site-packages/airflow/example_dags/tutorial.py
[2024-10-28T18:08:34.580+0000] {processor.py:925} INFO - DAG(s) 'tutorial' retrieved from /home/airflow/.local/lib/python3.12/site-packages/airflow/example_dags/tutorial.py
[2024-10-28T18:08:34.599+0000] {logging_mixin.py:190} INFO - [2024-10-28T18:08:34.599+0000] {dag.py:3239} INFO - Sync 1 DAGs
[2024-10-28T18:08:34.621+0000] {logging_mixin.py:190} INFO - [2024-10-28T18:08:34.621+0000] {dag.py:4180} INFO - Setting next_dagrun for tutorial to 2024-10-27 00:00:00+00:00, run_after=2024-10-28 00:00:00+00:00
[2024-10-28T18:08:34.641+0000] {processor.py:208} INFO - Processing /home/airflow/.local/lib/python3.12/site-packages/airflow/example_dags/tutorial.py took 0.076 seconds
[2024-10-28T18:09:04.905+0000] {processor.py:186} INFO - Started process (PID=778) to work on /home/airflow/.local/lib/python3.12/site-packages/airflow/example_dags/tutorial.py
[2024-10-28T18:09:04.906+0000] {processor.py:914} INFO - Processing file /home/airflow/.local/lib/python3.12/site-packages/airflow/example_dags/tutorial.py for tasks to queue
[2024-10-28T18:09:04.908+0000] {logging_mixin.py:190} INFO - [2024-10-28T18:09:04.907+0000] {dagbag.py:588} INFO - Filling up the DagBag from /home/airflow/.local/lib/python3.12/site-packages/airflow/example_dags/tutorial.py
[2024-10-28T18:09:04.912+0000] {processor.py:925} INFO - DAG(s) 'tutorial' retrieved from /home/airflow/.local/lib/python3.12/site-packages/airflow/example_dags/tutorial.py
[2024-10-28T18:09:04.925+0000] {logging_mixin.py:190} INFO - [2024-10-28T18:09:04.924+0000] {dag.py:3239} INFO - Sync 1 DAGs
[2024-10-28T18:09:04.938+0000] {logging_mixin.py:190} INFO - [2024-10-28T18:09:04.938+0000] {dag.py:4180} INFO - Setting next_dagrun for tutorial to 2024-10-27 00:00:00+00:00, run_after=2024-10-28 00:00:00+00:00
[2024-10-28T18:09:04.951+0000] {processor.py:208} INFO - Processing /home/airflow/.local/lib/python3.12/site-packages/airflow/example_dags/tutorial.py took 0.049 seconds
[2024-10-28T18:09:35.384+0000] {processor.py:186} INFO - Started process (PID=844) to work on /home/airflow/.local/lib/python3.12/site-packages/airflow/example_dags/tutorial.py
[2024-10-28T18:09:35.385+0000] {processor.py:914} INFO - Processing file /home/airflow/.local/lib/python3.12/site-packages/airflow/example_dags/tutorial.py for tasks to queue
[2024-10-28T18:09:35.386+0000] {logging_mixin.py:190} INFO - [2024-10-28T18:09:35.386+0000] {dagbag.py:588} INFO - Filling up the DagBag from /home/airflow/.local/lib/python3.12/site-packages/airflow/example_dags/tutorial.py
[2024-10-28T18:09:35.391+0000] {processor.py:925} INFO - DAG(s) 'tutorial' retrieved from /home/airflow/.local/lib/python3.12/site-packages/airflow/example_dags/tutorial.py
[2024-10-28T18:09:35.405+0000] {logging_mixin.py:190} INFO - [2024-10-28T18:09:35.404+0000] {dag.py:3239} INFO - Sync 1 DAGs
[2024-10-28T18:09:35.420+0000] {logging_mixin.py:190} INFO - [2024-10-28T18:09:35.420+0000] {dag.py:4180} INFO - Setting next_dagrun for tutorial to 2024-10-27 00:00:00+00:00, run_after=2024-10-28 00:00:00+00:00
[2024-10-28T18:09:35.441+0000] {processor.py:208} INFO - Processing /home/airflow/.local/lib/python3.12/site-packages/airflow/example_dags/tutorial.py took 0.061 seconds
[2024-10-28T18:10:05.808+0000] {processor.py:186} INFO - Started process (PID=910) to work on /home/airflow/.local/lib/python3.12/site-packages/airflow/example_dags/tutorial.py
[2024-10-28T18:10:05.809+0000] {processor.py:914} INFO - Processing file /home/airflow/.local/lib/python3.12/site-packages/airflow/example_dags/tutorial.py for tasks to queue
[2024-10-28T18:10:05.811+0000] {logging_mixin.py:190} INFO - [2024-10-28T18:10:05.811+0000] {dagbag.py:588} INFO - Filling up the DagBag from /home/airflow/.local/lib/python3.12/site-packages/airflow/example_dags/tutorial.py
[2024-10-28T18:10:05.816+0000] {processor.py:925} INFO - DAG(s) 'tutorial' retrieved from /home/airflow/.local/lib/python3.12/site-packages/airflow/example_dags/tutorial.py
[2024-10-28T18:10:05.828+0000] {logging_mixin.py:190} INFO - [2024-10-28T18:10:05.828+0000] {dag.py:3239} INFO - Sync 1 DAGs
[2024-10-28T18:10:05.842+0000] {logging_mixin.py:190} INFO - [2024-10-28T18:10:05.842+0000] {dag.py:4180} INFO - Setting next_dagrun for tutorial to 2024-10-27 00:00:00+00:00, run_after=2024-10-28 00:00:00+00:00
[2024-10-28T18:10:05.862+0000] {processor.py:208} INFO - Processing /home/airflow/.local/lib/python3.12/site-packages/airflow/example_dags/tutorial.py took 0.057 seconds
[2024-10-28T18:10:36.025+0000] {processor.py:186} INFO - Started process (PID=976) to work on /home/airflow/.local/lib/python3.12/site-packages/airflow/example_dags/tutorial.py
[2024-10-28T18:10:36.026+0000] {processor.py:914} INFO - Processing file /home/airflow/.local/lib/python3.12/site-packages/airflow/example_dags/tutorial.py for tasks to queue
[2024-10-28T18:10:36.028+0000] {logging_mixin.py:190} INFO - [2024-10-28T18:10:36.028+0000] {dagbag.py:588} INFO - Filling up the DagBag from /home/airflow/.local/lib/python3.12/site-packages/airflow/example_dags/tutorial.py
[2024-10-28T18:10:36.034+0000] {processor.py:925} INFO - DAG(s) 'tutorial' retrieved from /home/airflow/.local/lib/python3.12/site-packages/airflow/example_dags/tutorial.py
[2024-10-28T18:10:36.049+0000] {logging_mixin.py:190} INFO - [2024-10-28T18:10:36.049+0000] {dag.py:3239} INFO - Sync 1 DAGs
[2024-10-28T18:10:36.066+0000] {logging_mixin.py:190} INFO - [2024-10-28T18:10:36.065+0000] {dag.py:4180} INFO - Setting next_dagrun for tutorial to 2024-10-27 00:00:00+00:00, run_after=2024-10-28 00:00:00+00:00
[2024-10-28T18:10:36.083+0000] {processor.py:208} INFO - Processing /home/airflow/.local/lib/python3.12/site-packages/airflow/example_dags/tutorial.py took 0.062 seconds
[2024-10-28T18:11:06.301+0000] {processor.py:186} INFO - Started process (PID=1042) to work on /home/airflow/.local/lib/python3.12/site-packages/airflow/example_dags/tutorial.py
[2024-10-28T18:11:06.302+0000] {processor.py:914} INFO - Processing file /home/airflow/.local/lib/python3.12/site-packages/airflow/example_dags/tutorial.py for tasks to queue
[2024-10-28T18:11:06.304+0000] {logging_mixin.py:190} INFO - [2024-10-28T18:11:06.303+0000] {dagbag.py:588} INFO - Filling up the DagBag from /home/airflow/.local/lib/python3.12/site-packages/airflow/example_dags/tutorial.py
[2024-10-28T18:11:06.311+0000] {processor.py:925} INFO - DAG(s) 'tutorial' retrieved from /home/airflow/.local/lib/python3.12/site-packages/airflow/example_dags/tutorial.py
[2024-10-28T18:11:06.325+0000] {logging_mixin.py:190} INFO - [2024-10-28T18:11:06.325+0000] {dag.py:3239} INFO - Sync 1 DAGs
[2024-10-28T18:11:06.340+0000] {logging_mixin.py:190} INFO - [2024-10-28T18:11:06.340+0000] {dag.py:4180} INFO - Setting next_dagrun for tutorial to 2024-10-27 00:00:00+00:00, run_after=2024-10-28 00:00:00+00:00
[2024-10-28T18:11:06.359+0000] {processor.py:208} INFO - Processing /home/airflow/.local/lib/python3.12/site-packages/airflow/example_dags/tutorial.py took 0.062 seconds
[2024-10-28T18:11:37.185+0000] {processor.py:186} INFO - Started process (PID=1108) to work on /home/airflow/.local/lib/python3.12/site-packages/airflow/example_dags/tutorial.py
[2024-10-28T18:11:37.186+0000] {processor.py:914} INFO - Processing file /home/airflow/.local/lib/python3.12/site-packages/airflow/example_dags/tutorial.py for tasks to queue
[2024-10-28T18:11:37.189+0000] {logging_mixin.py:190} INFO - [2024-10-28T18:11:37.188+0000] {dagbag.py:588} INFO - Filling up the DagBag from /home/airflow/.local/lib/python3.12/site-packages/airflow/example_dags/tutorial.py
[2024-10-28T18:11:37.195+0000] {processor.py:925} INFO - DAG(s) 'tutorial' retrieved from /home/airflow/.local/lib/python3.12/site-packages/airflow/example_dags/tutorial.py
[2024-10-28T18:11:37.211+0000] {logging_mixin.py:190} INFO - [2024-10-28T18:11:37.210+0000] {dag.py:3239} INFO - Sync 1 DAGs
[2024-10-28T18:11:37.227+0000] {logging_mixin.py:190} INFO - [2024-10-28T18:11:37.227+0000] {dag.py:4180} INFO - Setting next_dagrun for tutorial to 2024-10-27 00:00:00+00:00, run_after=2024-10-28 00:00:00+00:00
[2024-10-28T18:11:37.244+0000] {processor.py:208} INFO - Processing /home/airflow/.local/lib/python3.12/site-packages/airflow/example_dags/tutorial.py took 0.063 seconds
[2024-10-28T18:12:07.319+0000] {processor.py:186} INFO - Started process (PID=1174) to work on /home/airflow/.local/lib/python3.12/site-packages/airflow/example_dags/tutorial.py
[2024-10-28T18:12:07.320+0000] {processor.py:914} INFO - Processing file /home/airflow/.local/lib/python3.12/site-packages/airflow/example_dags/tutorial.py for tasks to queue
[2024-10-28T18:12:07.322+0000] {logging_mixin.py:190} INFO - [2024-10-28T18:12:07.322+0000] {dagbag.py:588} INFO - Filling up the DagBag from /home/airflow/.local/lib/python3.12/site-packages/airflow/example_dags/tutorial.py
[2024-10-28T18:12:07.327+0000] {processor.py:925} INFO - DAG(s) 'tutorial' retrieved from /home/airflow/.local/lib/python3.12/site-packages/airflow/example_dags/tutorial.py
[2024-10-28T18:12:07.342+0000] {logging_mixin.py:190} INFO - [2024-10-28T18:12:07.342+0000] {dag.py:3239} INFO - Sync 1 DAGs
[2024-10-28T18:12:07.358+0000] {logging_mixin.py:190} INFO - [2024-10-28T18:12:07.358+0000] {dag.py:4180} INFO - Setting next_dagrun for tutorial to 2024-10-27 00:00:00+00:00, run_after=2024-10-28 00:00:00+00:00
[2024-10-28T18:12:07.380+0000] {processor.py:208} INFO - Processing /home/airflow/.local/lib/python3.12/site-packages/airflow/example_dags/tutorial.py took 0.065 seconds
[2024-10-28T18:12:37.518+0000] {processor.py:186} INFO - Started process (PID=1241) to work on /home/airflow/.local/lib/python3.12/site-packages/airflow/example_dags/tutorial.py
[2024-10-28T18:12:37.518+0000] {processor.py:914} INFO - Processing file /home/airflow/.local/lib/python3.12/site-packages/airflow/example_dags/tutorial.py for tasks to queue
[2024-10-28T18:12:37.521+0000] {logging_mixin.py:190} INFO - [2024-10-28T18:12:37.520+0000] {dagbag.py:588} INFO - Filling up the DagBag from /home/airflow/.local/lib/python3.12/site-packages/airflow/example_dags/tutorial.py
[2024-10-28T18:12:37.527+0000] {processor.py:925} INFO - DAG(s) 'tutorial' retrieved from /home/airflow/.local/lib/python3.12/site-packages/airflow/example_dags/tutorial.py
[2024-10-28T18:12:37.542+0000] {logging_mixin.py:190} INFO - [2024-10-28T18:12:37.542+0000] {dag.py:3239} INFO - Sync 1 DAGs
[2024-10-28T18:12:37.562+0000] {logging_mixin.py:190} INFO - [2024-10-28T18:12:37.562+0000] {dag.py:4180} INFO - Setting next_dagrun for tutorial to 2024-10-27 00:00:00+00:00, run_after=2024-10-28 00:00:00+00:00
[2024-10-28T18:12:37.586+0000] {processor.py:208} INFO - Processing /home/airflow/.local/lib/python3.12/site-packages/airflow/example_dags/tutorial.py took 0.072 seconds
[2024-10-28T18:13:08.563+0000] {processor.py:186} INFO - Started process (PID=1307) to work on /home/airflow/.local/lib/python3.12/site-packages/airflow/example_dags/tutorial.py
[2024-10-28T18:13:08.564+0000] {processor.py:914} INFO - Processing file /home/airflow/.local/lib/python3.12/site-packages/airflow/example_dags/tutorial.py for tasks to queue
[2024-10-28T18:13:08.566+0000] {logging_mixin.py:190} INFO - [2024-10-28T18:13:08.565+0000] {dagbag.py:588} INFO - Filling up the DagBag from /home/airflow/.local/lib/python3.12/site-packages/airflow/example_dags/tutorial.py
[2024-10-28T18:13:08.570+0000] {processor.py:925} INFO - DAG(s) 'tutorial' retrieved from /home/airflow/.local/lib/python3.12/site-packages/airflow/example_dags/tutorial.py
[2024-10-28T18:13:08.582+0000] {logging_mixin.py:190} INFO - [2024-10-28T18:13:08.582+0000] {dag.py:3239} INFO - Sync 1 DAGs
[2024-10-28T18:13:08.597+0000] {logging_mixin.py:190} INFO - [2024-10-28T18:13:08.596+0000] {dag.py:4180} INFO - Setting next_dagrun for tutorial to 2024-10-27 00:00:00+00:00, run_after=2024-10-28 00:00:00+00:00
[2024-10-28T18:13:08.616+0000] {processor.py:208} INFO - Processing /home/airflow/.local/lib/python3.12/site-packages/airflow/example_dags/tutorial.py took 0.057 seconds
[2024-10-28T18:13:39.639+0000] {processor.py:186} INFO - Started process (PID=1373) to work on /home/airflow/.local/lib/python3.12/site-packages/airflow/example_dags/tutorial.py
[2024-10-28T18:13:39.640+0000] {processor.py:914} INFO - Processing file /home/airflow/.local/lib/python3.12/site-packages/airflow/example_dags/tutorial.py for tasks to queue
[2024-10-28T18:13:39.642+0000] {logging_mixin.py:190} INFO - [2024-10-28T18:13:39.642+0000] {dagbag.py:588} INFO - Filling up the DagBag from /home/airflow/.local/lib/python3.12/site-packages/airflow/example_dags/tutorial.py
[2024-10-28T18:13:39.647+0000] {processor.py:925} INFO - DAG(s) 'tutorial' retrieved from /home/airflow/.local/lib/python3.12/site-packages/airflow/example_dags/tutorial.py
[2024-10-28T18:13:39.659+0000] {logging_mixin.py:190} INFO - [2024-10-28T18:13:39.659+0000] {dag.py:3239} INFO - Sync 1 DAGs
[2024-10-28T18:13:39.674+0000] {logging_mixin.py:190} INFO - [2024-10-28T18:13:39.673+0000] {dag.py:4180} INFO - Setting next_dagrun for tutorial to 2024-10-27 00:00:00+00:00, run_after=2024-10-28 00:00:00+00:00
[2024-10-28T18:13:39.695+0000] {processor.py:208} INFO - Processing /home/airflow/.local/lib/python3.12/site-packages/airflow/example_dags/tutorial.py took 0.060 seconds
[2024-10-28T18:14:10.317+0000] {processor.py:186} INFO - Started process (PID=1439) to work on /home/airflow/.local/lib/python3.12/site-packages/airflow/example_dags/tutorial.py
[2024-10-28T18:14:10.318+0000] {processor.py:914} INFO - Processing file /home/airflow/.local/lib/python3.12/site-packages/airflow/example_dags/tutorial.py for tasks to queue
[2024-10-28T18:14:10.320+0000] {logging_mixin.py:190} INFO - [2024-10-28T18:14:10.319+0000] {dagbag.py:588} INFO - Filling up the DagBag from /home/airflow/.local/lib/python3.12/site-packages/airflow/example_dags/tutorial.py
[2024-10-28T18:14:10.324+0000] {processor.py:925} INFO - DAG(s) 'tutorial' retrieved from /home/airflow/.local/lib/python3.12/site-packages/airflow/example_dags/tutorial.py
[2024-10-28T18:14:10.339+0000] {logging_mixin.py:190} INFO - [2024-10-28T18:14:10.339+0000] {dag.py:3239} INFO - Sync 1 DAGs
[2024-10-28T18:14:10.354+0000] {logging_mixin.py:190} INFO - [2024-10-28T18:14:10.354+0000] {dag.py:4180} INFO - Setting next_dagrun for tutorial to 2024-10-27 00:00:00+00:00, run_after=2024-10-28 00:00:00+00:00
[2024-10-28T18:14:10.373+0000] {processor.py:208} INFO - Processing /home/airflow/.local/lib/python3.12/site-packages/airflow/example_dags/tutorial.py took 0.060 seconds
[2024-10-28T18:14:41.247+0000] {processor.py:186} INFO - Started process (PID=1505) to work on /home/airflow/.local/lib/python3.12/site-packages/airflow/example_dags/tutorial.py
[2024-10-28T18:14:41.248+0000] {processor.py:914} INFO - Processing file /home/airflow/.local/lib/python3.12/site-packages/airflow/example_dags/tutorial.py for tasks to queue
[2024-10-28T18:14:41.250+0000] {logging_mixin.py:190} INFO - [2024-10-28T18:14:41.250+0000] {dagbag.py:588} INFO - Filling up the DagBag from /home/airflow/.local/lib/python3.12/site-packages/airflow/example_dags/tutorial.py
[2024-10-28T18:14:41.255+0000] {processor.py:925} INFO - DAG(s) 'tutorial' retrieved from /home/airflow/.local/lib/python3.12/site-packages/airflow/example_dags/tutorial.py
[2024-10-28T18:14:41.270+0000] {logging_mixin.py:190} INFO - [2024-10-28T18:14:41.270+0000] {dag.py:3239} INFO - Sync 1 DAGs
[2024-10-28T18:14:41.287+0000] {logging_mixin.py:190} INFO - [2024-10-28T18:14:41.287+0000] {dag.py:4180} INFO - Setting next_dagrun for tutorial to 2024-10-27 00:00:00+00:00, run_after=2024-10-28 00:00:00+00:00
[2024-10-28T18:14:41.302+0000] {processor.py:208} INFO - Processing /home/airflow/.local/lib/python3.12/site-packages/airflow/example_dags/tutorial.py took 0.059 seconds
[2024-10-28T18:15:11.880+0000] {processor.py:186} INFO - Started process (PID=1571) to work on /home/airflow/.local/lib/python3.12/site-packages/airflow/example_dags/tutorial.py
[2024-10-28T18:15:11.881+0000] {processor.py:914} INFO - Processing file /home/airflow/.local/lib/python3.12/site-packages/airflow/example_dags/tutorial.py for tasks to queue
[2024-10-28T18:15:11.883+0000] {logging_mixin.py:190} INFO - [2024-10-28T18:15:11.883+0000] {dagbag.py:588} INFO - Filling up the DagBag from /home/airflow/.local/lib/python3.12/site-packages/airflow/example_dags/tutorial.py
[2024-10-28T18:15:11.888+0000] {processor.py:925} INFO - DAG(s) 'tutorial' retrieved from /home/airflow/.local/lib/python3.12/site-packages/airflow/example_dags/tutorial.py
[2024-10-28T18:15:11.902+0000] {logging_mixin.py:190} INFO - [2024-10-28T18:15:11.902+0000] {dag.py:3239} INFO - Sync 1 DAGs
[2024-10-28T18:15:11.919+0000] {logging_mixin.py:190} INFO - [2024-10-28T18:15:11.919+0000] {dag.py:4180} INFO - Setting next_dagrun for tutorial to 2024-10-27 00:00:00+00:00, run_after=2024-10-28 00:00:00+00:00
[2024-10-28T18:15:11.936+0000] {processor.py:208} INFO - Processing /home/airflow/.local/lib/python3.12/site-packages/airflow/example_dags/tutorial.py took 0.060 seconds
[2024-10-28T18:15:42.459+0000] {processor.py:186} INFO - Started process (PID=1637) to work on /home/airflow/.local/lib/python3.12/site-packages/airflow/example_dags/tutorial.py
[2024-10-28T18:15:42.460+0000] {processor.py:914} INFO - Processing file /home/airflow/.local/lib/python3.12/site-packages/airflow/example_dags/tutorial.py for tasks to queue
[2024-10-28T18:15:42.462+0000] {logging_mixin.py:190} INFO - [2024-10-28T18:15:42.462+0000] {dagbag.py:588} INFO - Filling up the DagBag from /home/airflow/.local/lib/python3.12/site-packages/airflow/example_dags/tutorial.py
[2024-10-28T18:15:42.468+0000] {processor.py:925} INFO - DAG(s) 'tutorial' retrieved from /home/airflow/.local/lib/python3.12/site-packages/airflow/example_dags/tutorial.py
[2024-10-28T18:15:42.482+0000] {logging_mixin.py:190} INFO - [2024-10-28T18:15:42.482+0000] {dag.py:3239} INFO - Sync 1 DAGs
[2024-10-28T18:15:42.501+0000] {logging_mixin.py:190} INFO - [2024-10-28T18:15:42.501+0000] {dag.py:4180} INFO - Setting next_dagrun for tutorial to 2024-10-27 00:00:00+00:00, run_after=2024-10-28 00:00:00+00:00
[2024-10-28T18:15:42.522+0000] {processor.py:208} INFO - Processing /home/airflow/.local/lib/python3.12/site-packages/airflow/example_dags/tutorial.py took 0.067 seconds
[2024-10-28T18:16:13.450+0000] {processor.py:186} INFO - Started process (PID=1703) to work on /home/airflow/.local/lib/python3.12/site-packages/airflow/example_dags/tutorial.py
[2024-10-28T18:16:13.451+0000] {processor.py:914} INFO - Processing file /home/airflow/.local/lib/python3.12/site-packages/airflow/example_dags/tutorial.py for tasks to queue
[2024-10-28T18:16:13.452+0000] {logging_mixin.py:190} INFO - [2024-10-28T18:16:13.452+0000] {dagbag.py:588} INFO - Filling up the DagBag from /home/airflow/.local/lib/python3.12/site-packages/airflow/example_dags/tutorial.py
[2024-10-28T18:16:13.457+0000] {processor.py:925} INFO - DAG(s) 'tutorial' retrieved from /home/airflow/.local/lib/python3.12/site-packages/airflow/example_dags/tutorial.py
[2024-10-28T18:16:13.471+0000] {logging_mixin.py:190} INFO - [2024-10-28T18:16:13.470+0000] {dag.py:3239} INFO - Sync 1 DAGs
[2024-10-28T18:16:13.485+0000] {logging_mixin.py:190} INFO - [2024-10-28T18:16:13.485+0000] {dag.py:4180} INFO - Setting next_dagrun for tutorial to 2024-10-27 00:00:00+00:00, run_after=2024-10-28 00:00:00+00:00
[2024-10-28T18:16:13.504+0000] {processor.py:208} INFO - Processing /home/airflow/.local/lib/python3.12/site-packages/airflow/example_dags/tutorial.py took 0.059 seconds
[2024-10-28T18:16:44.284+0000] {processor.py:186} INFO - Started process (PID=1769) to work on /home/airflow/.local/lib/python3.12/site-packages/airflow/example_dags/tutorial.py
[2024-10-28T18:16:44.286+0000] {processor.py:914} INFO - Processing file /home/airflow/.local/lib/python3.12/site-packages/airflow/example_dags/tutorial.py for tasks to queue
[2024-10-28T18:16:44.288+0000] {logging_mixin.py:190} INFO - [2024-10-28T18:16:44.288+0000] {dagbag.py:588} INFO - Filling up the DagBag from /home/airflow/.local/lib/python3.12/site-packages/airflow/example_dags/tutorial.py
[2024-10-28T18:16:44.293+0000] {processor.py:925} INFO - DAG(s) 'tutorial' retrieved from /home/airflow/.local/lib/python3.12/site-packages/airflow/example_dags/tutorial.py
[2024-10-28T18:16:44.306+0000] {logging_mixin.py:190} INFO - [2024-10-28T18:16:44.306+0000] {dag.py:3239} INFO - Sync 1 DAGs
[2024-10-28T18:16:44.321+0000] {logging_mixin.py:190} INFO - [2024-10-28T18:16:44.321+0000] {dag.py:4180} INFO - Setting next_dagrun for tutorial to 2024-10-27 00:00:00+00:00, run_after=2024-10-28 00:00:00+00:00
[2024-10-28T18:16:44.339+0000] {processor.py:208} INFO - Processing /home/airflow/.local/lib/python3.12/site-packages/airflow/example_dags/tutorial.py took 0.059 seconds
[2024-10-28T18:17:15.375+0000] {processor.py:186} INFO - Started process (PID=1835) to work on /home/airflow/.local/lib/python3.12/site-packages/airflow/example_dags/tutorial.py
[2024-10-28T18:17:15.376+0000] {processor.py:914} INFO - Processing file /home/airflow/.local/lib/python3.12/site-packages/airflow/example_dags/tutorial.py for tasks to queue
[2024-10-28T18:17:15.378+0000] {logging_mixin.py:190} INFO - [2024-10-28T18:17:15.378+0000] {dagbag.py:588} INFO - Filling up the DagBag from /home/airflow/.local/lib/python3.12/site-packages/airflow/example_dags/tutorial.py
[2024-10-28T18:17:15.383+0000] {processor.py:925} INFO - DAG(s) 'tutorial' retrieved from /home/airflow/.local/lib/python3.12/site-packages/airflow/example_dags/tutorial.py
[2024-10-28T18:17:15.398+0000] {logging_mixin.py:190} INFO - [2024-10-28T18:17:15.397+0000] {dag.py:3239} INFO - Sync 1 DAGs
[2024-10-28T18:17:15.414+0000] {logging_mixin.py:190} INFO - [2024-10-28T18:17:15.414+0000] {dag.py:4180} INFO - Setting next_dagrun for tutorial to 2024-10-27 00:00:00+00:00, run_after=2024-10-28 00:00:00+00:00
[2024-10-28T18:17:15.430+0000] {processor.py:208} INFO - Processing /home/airflow/.local/lib/python3.12/site-packages/airflow/example_dags/tutorial.py took 0.059 seconds
[2024-10-28T18:17:46.342+0000] {processor.py:186} INFO - Started process (PID=1900) to work on /home/airflow/.local/lib/python3.12/site-packages/airflow/example_dags/tutorial.py
[2024-10-28T18:17:46.343+0000] {processor.py:914} INFO - Processing file /home/airflow/.local/lib/python3.12/site-packages/airflow/example_dags/tutorial.py for tasks to queue
[2024-10-28T18:17:46.346+0000] {logging_mixin.py:190} INFO - [2024-10-28T18:17:46.345+0000] {dagbag.py:588} INFO - Filling up the DagBag from /home/airflow/.local/lib/python3.12/site-packages/airflow/example_dags/tutorial.py
[2024-10-28T18:17:46.351+0000] {processor.py:925} INFO - DAG(s) 'tutorial' retrieved from /home/airflow/.local/lib/python3.12/site-packages/airflow/example_dags/tutorial.py
[2024-10-28T18:17:46.366+0000] {logging_mixin.py:190} INFO - [2024-10-28T18:17:46.366+0000] {dag.py:3239} INFO - Sync 1 DAGs
[2024-10-28T18:17:46.386+0000] {logging_mixin.py:190} INFO - [2024-10-28T18:17:46.385+0000] {dag.py:4180} INFO - Setting next_dagrun for tutorial to 2024-10-27 00:00:00+00:00, run_after=2024-10-28 00:00:00+00:00
[2024-10-28T18:17:46.409+0000] {processor.py:208} INFO - Processing /home/airflow/.local/lib/python3.12/site-packages/airflow/example_dags/tutorial.py took 0.071 seconds
[2024-10-28T18:18:17.302+0000] {processor.py:186} INFO - Started process (PID=1966) to work on /home/airflow/.local/lib/python3.12/site-packages/airflow/example_dags/tutorial.py
[2024-10-28T18:18:17.303+0000] {processor.py:914} INFO - Processing file /home/airflow/.local/lib/python3.12/site-packages/airflow/example_dags/tutorial.py for tasks to queue
[2024-10-28T18:18:17.305+0000] {logging_mixin.py:190} INFO - [2024-10-28T18:18:17.305+0000] {dagbag.py:588} INFO - Filling up the DagBag from /home/airflow/.local/lib/python3.12/site-packages/airflow/example_dags/tutorial.py
[2024-10-28T18:18:17.311+0000] {processor.py:925} INFO - DAG(s) 'tutorial' retrieved from /home/airflow/.local/lib/python3.12/site-packages/airflow/example_dags/tutorial.py
[2024-10-28T18:18:17.327+0000] {logging_mixin.py:190} INFO - [2024-10-28T18:18:17.327+0000] {dag.py:3239} INFO - Sync 1 DAGs
[2024-10-28T18:18:17.346+0000] {logging_mixin.py:190} INFO - [2024-10-28T18:18:17.346+0000] {dag.py:4180} INFO - Setting next_dagrun for tutorial to 2024-10-27 00:00:00+00:00, run_after=2024-10-28 00:00:00+00:00
[2024-10-28T18:18:17.371+0000] {processor.py:208} INFO - Processing /home/airflow/.local/lib/python3.12/site-packages/airflow/example_dags/tutorial.py took 0.074 seconds
[2024-10-28T18:18:48.296+0000] {processor.py:186} INFO - Started process (PID=2032) to work on /home/airflow/.local/lib/python3.12/site-packages/airflow/example_dags/tutorial.py
[2024-10-28T18:18:48.297+0000] {processor.py:914} INFO - Processing file /home/airflow/.local/lib/python3.12/site-packages/airflow/example_dags/tutorial.py for tasks to queue
[2024-10-28T18:18:48.299+0000] {logging_mixin.py:190} INFO - [2024-10-28T18:18:48.299+0000] {dagbag.py:588} INFO - Filling up the DagBag from /home/airflow/.local/lib/python3.12/site-packages/airflow/example_dags/tutorial.py
[2024-10-28T18:18:48.305+0000] {processor.py:925} INFO - DAG(s) 'tutorial' retrieved from /home/airflow/.local/lib/python3.12/site-packages/airflow/example_dags/tutorial.py
[2024-10-28T18:18:48.320+0000] {logging_mixin.py:190} INFO - [2024-10-28T18:18:48.320+0000] {dag.py:3239} INFO - Sync 1 DAGs
[2024-10-28T18:18:48.337+0000] {logging_mixin.py:190} INFO - [2024-10-28T18:18:48.337+0000] {dag.py:4180} INFO - Setting next_dagrun for tutorial to 2024-10-27 00:00:00+00:00, run_after=2024-10-28 00:00:00+00:00
[2024-10-28T18:18:48.361+0000] {processor.py:208} INFO - Processing /home/airflow/.local/lib/python3.12/site-packages/airflow/example_dags/tutorial.py took 0.069 seconds
[2024-10-28T18:19:18.839+0000] {processor.py:186} INFO - Started process (PID=2098) to work on /home/airflow/.local/lib/python3.12/site-packages/airflow/example_dags/tutorial.py
[2024-10-28T18:19:18.840+0000] {processor.py:914} INFO - Processing file /home/airflow/.local/lib/python3.12/site-packages/airflow/example_dags/tutorial.py for tasks to queue
[2024-10-28T18:19:18.842+0000] {logging_mixin.py:190} INFO - [2024-10-28T18:19:18.842+0000] {dagbag.py:588} INFO - Filling up the DagBag from /home/airflow/.local/lib/python3.12/site-packages/airflow/example_dags/tutorial.py
[2024-10-28T18:19:18.847+0000] {processor.py:925} INFO - DAG(s) 'tutorial' retrieved from /home/airflow/.local/lib/python3.12/site-packages/airflow/example_dags/tutorial.py
[2024-10-28T18:19:18.863+0000] {logging_mixin.py:190} INFO - [2024-10-28T18:19:18.862+0000] {dag.py:3239} INFO - Sync 1 DAGs
[2024-10-28T18:19:18.879+0000] {logging_mixin.py:190} INFO - [2024-10-28T18:19:18.879+0000] {dag.py:4180} INFO - Setting next_dagrun for tutorial to 2024-10-27 00:00:00+00:00, run_after=2024-10-28 00:00:00+00:00
[2024-10-28T18:19:18.900+0000] {processor.py:208} INFO - Processing /home/airflow/.local/lib/python3.12/site-packages/airflow/example_dags/tutorial.py took 0.066 seconds
[2024-10-28T18:19:49.613+0000] {processor.py:186} INFO - Started process (PID=2165) to work on /home/airflow/.local/lib/python3.12/site-packages/airflow/example_dags/tutorial.py
[2024-10-28T18:19:49.614+0000] {processor.py:914} INFO - Processing file /home/airflow/.local/lib/python3.12/site-packages/airflow/example_dags/tutorial.py for tasks to queue
[2024-10-28T18:19:49.616+0000] {logging_mixin.py:190} INFO - [2024-10-28T18:19:49.616+0000] {dagbag.py:588} INFO - Filling up the DagBag from /home/airflow/.local/lib/python3.12/site-packages/airflow/example_dags/tutorial.py
[2024-10-28T18:19:49.623+0000] {processor.py:925} INFO - DAG(s) 'tutorial' retrieved from /home/airflow/.local/lib/python3.12/site-packages/airflow/example_dags/tutorial.py
[2024-10-28T18:19:49.639+0000] {logging_mixin.py:190} INFO - [2024-10-28T18:19:49.639+0000] {dag.py:3239} INFO - Sync 1 DAGs
[2024-10-28T18:19:49.655+0000] {logging_mixin.py:190} INFO - [2024-10-28T18:19:49.654+0000] {dag.py:4180} INFO - Setting next_dagrun for tutorial to 2024-10-27 00:00:00+00:00, run_after=2024-10-28 00:00:00+00:00
[2024-10-28T18:19:49.679+0000] {processor.py:208} INFO - Processing /home/airflow/.local/lib/python3.12/site-packages/airflow/example_dags/tutorial.py took 0.071 seconds
[2024-10-28T18:20:19.915+0000] {processor.py:186} INFO - Started process (PID=2231) to work on /home/airflow/.local/lib/python3.12/site-packages/airflow/example_dags/tutorial.py
[2024-10-28T18:20:19.916+0000] {processor.py:914} INFO - Processing file /home/airflow/.local/lib/python3.12/site-packages/airflow/example_dags/tutorial.py for tasks to queue
[2024-10-28T18:20:19.918+0000] {logging_mixin.py:190} INFO - [2024-10-28T18:20:19.918+0000] {dagbag.py:588} INFO - Filling up the DagBag from /home/airflow/.local/lib/python3.12/site-packages/airflow/example_dags/tutorial.py
[2024-10-28T18:20:19.924+0000] {processor.py:925} INFO - DAG(s) 'tutorial' retrieved from /home/airflow/.local/lib/python3.12/site-packages/airflow/example_dags/tutorial.py
[2024-10-28T18:20:19.942+0000] {logging_mixin.py:190} INFO - [2024-10-28T18:20:19.942+0000] {dag.py:3239} INFO - Sync 1 DAGs
[2024-10-28T18:20:19.964+0000] {logging_mixin.py:190} INFO - [2024-10-28T18:20:19.964+0000] {dag.py:4180} INFO - Setting next_dagrun for tutorial to 2024-10-27 00:00:00+00:00, run_after=2024-10-28 00:00:00+00:00
[2024-10-28T18:20:19.990+0000] {processor.py:208} INFO - Processing /home/airflow/.local/lib/python3.12/site-packages/airflow/example_dags/tutorial.py took 0.080 seconds
[2024-10-28T18:20:50.421+0000] {processor.py:186} INFO - Started process (PID=2297) to work on /home/airflow/.local/lib/python3.12/site-packages/airflow/example_dags/tutorial.py
[2024-10-28T18:20:50.422+0000] {processor.py:914} INFO - Processing file /home/airflow/.local/lib/python3.12/site-packages/airflow/example_dags/tutorial.py for tasks to queue
[2024-10-28T18:20:50.424+0000] {logging_mixin.py:190} INFO - [2024-10-28T18:20:50.424+0000] {dagbag.py:588} INFO - Filling up the DagBag from /home/airflow/.local/lib/python3.12/site-packages/airflow/example_dags/tutorial.py
[2024-10-28T18:20:50.430+0000] {processor.py:925} INFO - DAG(s) 'tutorial' retrieved from /home/airflow/.local/lib/python3.12/site-packages/airflow/example_dags/tutorial.py
[2024-10-28T18:20:50.445+0000] {logging_mixin.py:190} INFO - [2024-10-28T18:20:50.445+0000] {dag.py:3239} INFO - Sync 1 DAGs
[2024-10-28T18:20:50.461+0000] {logging_mixin.py:190} INFO - [2024-10-28T18:20:50.461+0000] {dag.py:4180} INFO - Setting next_dagrun for tutorial to 2024-10-27 00:00:00+00:00, run_after=2024-10-28 00:00:00+00:00
[2024-10-28T18:20:50.484+0000] {processor.py:208} INFO - Processing /home/airflow/.local/lib/python3.12/site-packages/airflow/example_dags/tutorial.py took 0.067 seconds
[2024-10-28T18:21:21.793+0000] {processor.py:186} INFO - Started process (PID=2369) to work on /home/airflow/.local/lib/python3.12/site-packages/airflow/example_dags/tutorial.py
[2024-10-28T18:21:21.794+0000] {processor.py:914} INFO - Processing file /home/airflow/.local/lib/python3.12/site-packages/airflow/example_dags/tutorial.py for tasks to queue
[2024-10-28T18:21:21.795+0000] {logging_mixin.py:190} INFO - [2024-10-28T18:21:21.795+0000] {dagbag.py:588} INFO - Filling up the DagBag from /home/airflow/.local/lib/python3.12/site-packages/airflow/example_dags/tutorial.py
[2024-10-28T18:21:21.801+0000] {processor.py:925} INFO - DAG(s) 'tutorial' retrieved from /home/airflow/.local/lib/python3.12/site-packages/airflow/example_dags/tutorial.py
[2024-10-28T18:21:21.820+0000] {logging_mixin.py:190} INFO - [2024-10-28T18:21:21.819+0000] {dag.py:3239} INFO - Sync 1 DAGs
[2024-10-28T18:21:21.837+0000] {logging_mixin.py:190} INFO - [2024-10-28T18:21:21.837+0000] {dag.py:4180} INFO - Setting next_dagrun for tutorial to 2024-10-27 00:00:00+00:00, run_after=2024-10-28 00:00:00+00:00
[2024-10-28T18:21:21.854+0000] {processor.py:208} INFO - Processing /home/airflow/.local/lib/python3.12/site-packages/airflow/example_dags/tutorial.py took 0.066 seconds
[2024-10-28T18:21:52.535+0000] {processor.py:186} INFO - Started process (PID=2435) to work on /home/airflow/.local/lib/python3.12/site-packages/airflow/example_dags/tutorial.py
[2024-10-28T18:21:52.535+0000] {processor.py:914} INFO - Processing file /home/airflow/.local/lib/python3.12/site-packages/airflow/example_dags/tutorial.py for tasks to queue
[2024-10-28T18:21:52.537+0000] {logging_mixin.py:190} INFO - [2024-10-28T18:21:52.537+0000] {dagbag.py:588} INFO - Filling up the DagBag from /home/airflow/.local/lib/python3.12/site-packages/airflow/example_dags/tutorial.py
[2024-10-28T18:21:52.543+0000] {processor.py:925} INFO - DAG(s) 'tutorial' retrieved from /home/airflow/.local/lib/python3.12/site-packages/airflow/example_dags/tutorial.py
[2024-10-28T18:21:52.561+0000] {logging_mixin.py:190} INFO - [2024-10-28T18:21:52.561+0000] {dag.py:3239} INFO - Sync 1 DAGs
[2024-10-28T18:21:52.579+0000] {logging_mixin.py:190} INFO - [2024-10-28T18:21:52.579+0000] {dag.py:4180} INFO - Setting next_dagrun for tutorial to 2024-10-27 00:00:00+00:00, run_after=2024-10-28 00:00:00+00:00
[2024-10-28T18:21:52.606+0000] {processor.py:208} INFO - Processing /home/airflow/.local/lib/python3.12/site-packages/airflow/example_dags/tutorial.py took 0.076 seconds
[2024-10-28T18:22:23.601+0000] {processor.py:186} INFO - Started process (PID=2500) to work on /home/airflow/.local/lib/python3.12/site-packages/airflow/example_dags/tutorial.py
[2024-10-28T18:22:23.604+0000] {processor.py:914} INFO - Processing file /home/airflow/.local/lib/python3.12/site-packages/airflow/example_dags/tutorial.py for tasks to queue
[2024-10-28T18:22:23.606+0000] {logging_mixin.py:190} INFO - [2024-10-28T18:22:23.605+0000] {dagbag.py:588} INFO - Filling up the DagBag from /home/airflow/.local/lib/python3.12/site-packages/airflow/example_dags/tutorial.py
[2024-10-28T18:22:23.613+0000] {processor.py:925} INFO - DAG(s) 'tutorial' retrieved from /home/airflow/.local/lib/python3.12/site-packages/airflow/example_dags/tutorial.py
[2024-10-28T18:22:23.628+0000] {logging_mixin.py:190} INFO - [2024-10-28T18:22:23.628+0000] {dag.py:3239} INFO - Sync 1 DAGs
[2024-10-28T18:22:23.644+0000] {logging_mixin.py:190} INFO - [2024-10-28T18:22:23.644+0000] {dag.py:4180} INFO - Setting next_dagrun for tutorial to 2024-10-27 00:00:00+00:00, run_after=2024-10-28 00:00:00+00:00
[2024-10-28T18:22:23.658+0000] {processor.py:208} INFO - Processing /home/airflow/.local/lib/python3.12/site-packages/airflow/example_dags/tutorial.py took 0.061 seconds
[2024-10-28T18:22:53.944+0000] {processor.py:186} INFO - Started process (PID=2566) to work on /home/airflow/.local/lib/python3.12/site-packages/airflow/example_dags/tutorial.py
[2024-10-28T18:22:53.945+0000] {processor.py:914} INFO - Processing file /home/airflow/.local/lib/python3.12/site-packages/airflow/example_dags/tutorial.py for tasks to queue
[2024-10-28T18:22:53.947+0000] {logging_mixin.py:190} INFO - [2024-10-28T18:22:53.947+0000] {dagbag.py:588} INFO - Filling up the DagBag from /home/airflow/.local/lib/python3.12/site-packages/airflow/example_dags/tutorial.py
[2024-10-28T18:22:53.953+0000] {processor.py:925} INFO - DAG(s) 'tutorial' retrieved from /home/airflow/.local/lib/python3.12/site-packages/airflow/example_dags/tutorial.py
[2024-10-28T18:22:53.969+0000] {logging_mixin.py:190} INFO - [2024-10-28T18:22:53.969+0000] {dag.py:3239} INFO - Sync 1 DAGs
[2024-10-28T18:22:53.989+0000] {logging_mixin.py:190} INFO - [2024-10-28T18:22:53.989+0000] {dag.py:4180} INFO - Setting next_dagrun for tutorial to 2024-10-27 00:00:00+00:00, run_after=2024-10-28 00:00:00+00:00
[2024-10-28T18:22:54.010+0000] {processor.py:208} INFO - Processing /home/airflow/.local/lib/python3.12/site-packages/airflow/example_dags/tutorial.py took 0.070 seconds
[2024-10-28T18:23:24.405+0000] {processor.py:186} INFO - Started process (PID=2632) to work on /home/airflow/.local/lib/python3.12/site-packages/airflow/example_dags/tutorial.py
[2024-10-28T18:23:24.406+0000] {processor.py:914} INFO - Processing file /home/airflow/.local/lib/python3.12/site-packages/airflow/example_dags/tutorial.py for tasks to queue
[2024-10-28T18:23:24.408+0000] {logging_mixin.py:190} INFO - [2024-10-28T18:23:24.408+0000] {dagbag.py:588} INFO - Filling up the DagBag from /home/airflow/.local/lib/python3.12/site-packages/airflow/example_dags/tutorial.py
[2024-10-28T18:23:24.414+0000] {processor.py:925} INFO - DAG(s) 'tutorial' retrieved from /home/airflow/.local/lib/python3.12/site-packages/airflow/example_dags/tutorial.py
[2024-10-28T18:23:24.430+0000] {logging_mixin.py:190} INFO - [2024-10-28T18:23:24.430+0000] {dag.py:3239} INFO - Sync 1 DAGs
[2024-10-28T18:23:24.448+0000] {logging_mixin.py:190} INFO - [2024-10-28T18:23:24.448+0000] {dag.py:4180} INFO - Setting next_dagrun for tutorial to 2024-10-27 00:00:00+00:00, run_after=2024-10-28 00:00:00+00:00
[2024-10-28T18:23:24.470+0000] {processor.py:208} INFO - Processing /home/airflow/.local/lib/python3.12/site-packages/airflow/example_dags/tutorial.py took 0.069 seconds
[2024-10-28T18:23:54.756+0000] {processor.py:186} INFO - Started process (PID=2698) to work on /home/airflow/.local/lib/python3.12/site-packages/airflow/example_dags/tutorial.py
[2024-10-28T18:23:54.757+0000] {processor.py:914} INFO - Processing file /home/airflow/.local/lib/python3.12/site-packages/airflow/example_dags/tutorial.py for tasks to queue
[2024-10-28T18:23:54.758+0000] {logging_mixin.py:190} INFO - [2024-10-28T18:23:54.758+0000] {dagbag.py:588} INFO - Filling up the DagBag from /home/airflow/.local/lib/python3.12/site-packages/airflow/example_dags/tutorial.py
[2024-10-28T18:23:54.764+0000] {processor.py:925} INFO - DAG(s) 'tutorial' retrieved from /home/airflow/.local/lib/python3.12/site-packages/airflow/example_dags/tutorial.py
[2024-10-28T18:23:54.778+0000] {logging_mixin.py:190} INFO - [2024-10-28T18:23:54.778+0000] {dag.py:3239} INFO - Sync 1 DAGs
[2024-10-28T18:23:54.795+0000] {logging_mixin.py:190} INFO - [2024-10-28T18:23:54.794+0000] {dag.py:4180} INFO - Setting next_dagrun for tutorial to 2024-10-27 00:00:00+00:00, run_after=2024-10-28 00:00:00+00:00
[2024-10-28T18:23:54.808+0000] {processor.py:208} INFO - Processing /home/airflow/.local/lib/python3.12/site-packages/airflow/example_dags/tutorial.py took 0.057 seconds
[2024-10-28T18:24:25.551+0000] {processor.py:186} INFO - Started process (PID=2764) to work on /home/airflow/.local/lib/python3.12/site-packages/airflow/example_dags/tutorial.py
[2024-10-28T18:24:25.552+0000] {processor.py:914} INFO - Processing file /home/airflow/.local/lib/python3.12/site-packages/airflow/example_dags/tutorial.py for tasks to queue
[2024-10-28T18:24:25.554+0000] {logging_mixin.py:190} INFO - [2024-10-28T18:24:25.554+0000] {dagbag.py:588} INFO - Filling up the DagBag from /home/airflow/.local/lib/python3.12/site-packages/airflow/example_dags/tutorial.py
[2024-10-28T18:24:25.559+0000] {processor.py:925} INFO - DAG(s) 'tutorial' retrieved from /home/airflow/.local/lib/python3.12/site-packages/airflow/example_dags/tutorial.py
[2024-10-28T18:24:25.572+0000] {logging_mixin.py:190} INFO - [2024-10-28T18:24:25.572+0000] {dag.py:3239} INFO - Sync 1 DAGs
[2024-10-28T18:24:25.587+0000] {logging_mixin.py:190} INFO - [2024-10-28T18:24:25.587+0000] {dag.py:4180} INFO - Setting next_dagrun for tutorial to 2024-10-27 00:00:00+00:00, run_after=2024-10-28 00:00:00+00:00
[2024-10-28T18:24:25.600+0000] {processor.py:208} INFO - Processing /home/airflow/.local/lib/python3.12/site-packages/airflow/example_dags/tutorial.py took 0.052 seconds
[2024-10-28T18:24:55.845+0000] {processor.py:186} INFO - Started process (PID=2830) to work on /home/airflow/.local/lib/python3.12/site-packages/airflow/example_dags/tutorial.py
[2024-10-28T18:24:55.846+0000] {processor.py:914} INFO - Processing file /home/airflow/.local/lib/python3.12/site-packages/airflow/example_dags/tutorial.py for tasks to queue
[2024-10-28T18:24:55.849+0000] {logging_mixin.py:190} INFO - [2024-10-28T18:24:55.848+0000] {dagbag.py:588} INFO - Filling up the DagBag from /home/airflow/.local/lib/python3.12/site-packages/airflow/example_dags/tutorial.py
[2024-10-28T18:24:55.855+0000] {processor.py:925} INFO - DAG(s) 'tutorial' retrieved from /home/airflow/.local/lib/python3.12/site-packages/airflow/example_dags/tutorial.py
[2024-10-28T18:24:55.873+0000] {logging_mixin.py:190} INFO - [2024-10-28T18:24:55.873+0000] {dag.py:3239} INFO - Sync 1 DAGs
[2024-10-28T18:24:55.894+0000] {logging_mixin.py:190} INFO - [2024-10-28T18:24:55.894+0000] {dag.py:4180} INFO - Setting next_dagrun for tutorial to 2024-10-27 00:00:00+00:00, run_after=2024-10-28 00:00:00+00:00
[2024-10-28T18:24:55.919+0000] {processor.py:208} INFO - Processing /home/airflow/.local/lib/python3.12/site-packages/airflow/example_dags/tutorial.py took 0.078 seconds
