[2024-10-23T17:28:37.226+0000] {local_task_job_runner.py:123} INFO - ::group::Pre task execution logs
[2024-10-23T17:28:37.249+0000] {taskinstance.py:2612} INFO - Dependencies all met for dep_context=non-requeueable deps ti=<TaskInstance: simple_etl_dag.load_task scheduled__2024-10-22T00:00:00+00:00 [queued]>
[2024-10-23T17:28:37.259+0000] {taskinstance.py:2612} INFO - Dependencies all met for dep_context=requeueable deps ti=<TaskInstance: simple_etl_dag.load_task scheduled__2024-10-22T00:00:00+00:00 [queued]>
[2024-10-23T17:28:37.260+0000] {taskinstance.py:2865} INFO - Starting attempt 1 of 1
[2024-10-23T17:28:37.276+0000] {taskinstance.py:2888} INFO - Executing <Task(PythonOperator): load_task> on 2024-10-22 00:00:00+00:00
[2024-10-23T17:28:37.286+0000] {warnings.py:112} WARNING - /home/***/.local/lib/python3.12/site-packages/***/task/task_runner/standard_task_runner.py:70: DeprecationWarning: This process (pid=234) is multi-threaded, use of fork() may lead to deadlocks in the child.
  pid = os.fork()

[2024-10-23T17:28:37.288+0000] {standard_task_runner.py:72} INFO - Started process 246 to run task
[2024-10-23T17:28:37.288+0000] {standard_task_runner.py:104} INFO - Running: ['***', 'tasks', 'run', 'simple_etl_dag', 'load_task', 'scheduled__2024-10-22T00:00:00+00:00', '--job-id', '82', '--raw', '--subdir', 'DAGS_FOLDER/etl.py', '--cfg-path', '/tmp/tmpl1gxbwb5']
[2024-10-23T17:28:37.289+0000] {standard_task_runner.py:105} INFO - Job 82: Subtask load_task
[2024-10-23T17:28:37.353+0000] {task_command.py:467} INFO - Running <TaskInstance: simple_etl_dag.load_task scheduled__2024-10-22T00:00:00+00:00 [running]> on host a6116a313841
[2024-10-23T17:28:37.525+0000] {taskinstance.py:3131} INFO - Exporting env vars: AIRFLOW_CTX_DAG_OWNER='***' AIRFLOW_CTX_DAG_ID='simple_etl_dag' AIRFLOW_CTX_TASK_ID='load_task' AIRFLOW_CTX_EXECUTION_DATE='2024-10-22T00:00:00+00:00' AIRFLOW_CTX_TRY_NUMBER='1' AIRFLOW_CTX_DAG_RUN_ID='scheduled__2024-10-22T00:00:00+00:00'
[2024-10-23T17:28:37.527+0000] {logging_mixin.py:190} INFO - Task instance is in running state
[2024-10-23T17:28:37.528+0000] {logging_mixin.py:190} INFO -  Previous state of the Task instance: queued
[2024-10-23T17:28:37.529+0000] {logging_mixin.py:190} INFO - Current task name:load_task state:running start_date:2024-10-23 17:28:37.250023+00:00
[2024-10-23T17:28:37.530+0000] {logging_mixin.py:190} INFO - Dag name:simple_etl_dag and current dag run status:running
[2024-10-23T17:28:37.530+0000] {taskinstance.py:731} INFO - ::endgroup::
[2024-10-23T17:28:37.551+0000] {logging_mixin.py:190} INFO - Transformed data saved to: /opt/***/dest/transformed_data.csv
[2024-10-23T17:28:37.552+0000] {python.py:240} INFO - Done. Returned value was: None
[2024-10-23T17:28:37.563+0000] {taskinstance.py:340} INFO - ::group::Post task execution logs
[2024-10-23T17:28:37.564+0000] {taskinstance.py:352} INFO - Marking task as SUCCESS. dag_id=simple_etl_dag, task_id=load_task, run_id=scheduled__2024-10-22T00:00:00+00:00, execution_date=20241022T000000, start_date=20241023T172837, end_date=20241023T172837
[2024-10-23T17:28:37.576+0000] {logging_mixin.py:190} INFO - Task instance in success state
[2024-10-23T17:28:37.577+0000] {logging_mixin.py:190} INFO -  Previous state of the Task instance: running
[2024-10-23T17:28:37.578+0000] {logging_mixin.py:190} INFO - Dag name:simple_etl_dag queued_at:2024-10-23 17:28:33.007696+00:00
[2024-10-23T17:28:37.578+0000] {logging_mixin.py:190} INFO - Task hostname:a6116a313841 operator:PythonOperator
[2024-10-23T17:28:37.626+0000] {local_task_job_runner.py:266} INFO - Task exited with return code 0
[2024-10-23T17:28:37.648+0000] {taskinstance.py:3900} INFO - 0 downstream tasks scheduled from follow-on schedule check
[2024-10-23T17:28:37.652+0000] {local_task_job_runner.py:245} INFO - ::endgroup::
