[2024-10-23T17:28:37.222+0000] {local_task_job_runner.py:123} INFO - ::group::Pre task execution logs
[2024-10-23T17:28:37.244+0000] {taskinstance.py:2612} INFO - Dependencies all met for dep_context=non-requeueable deps ti=<TaskInstance: simple_etl_dag.load_task manual__2024-10-23T17:28:32.182866+00:00 [queued]>
[2024-10-23T17:28:37.254+0000] {taskinstance.py:2612} INFO - Dependencies all met for dep_context=requeueable deps ti=<TaskInstance: simple_etl_dag.load_task manual__2024-10-23T17:28:32.182866+00:00 [queued]>
[2024-10-23T17:28:37.256+0000] {taskinstance.py:2865} INFO - Starting attempt 1 of 1
[2024-10-23T17:28:37.275+0000] {taskinstance.py:2888} INFO - Executing <Task(PythonOperator): load_task> on 2024-10-23 17:28:32.182866+00:00
[2024-10-23T17:28:37.282+0000] {warnings.py:112} WARNING - /home/***/.local/lib/python3.12/site-packages/***/task/task_runner/standard_task_runner.py:70: DeprecationWarning: This process (pid=235) is multi-threaded, use of fork() may lead to deadlocks in the child.
  pid = os.fork()

[2024-10-23T17:28:37.284+0000] {standard_task_runner.py:72} INFO - Started process 245 to run task
[2024-10-23T17:28:37.285+0000] {standard_task_runner.py:104} INFO - Running: ['***', 'tasks', 'run', 'simple_etl_dag', 'load_task', 'manual__2024-10-23T17:28:32.182866+00:00', '--job-id', '81', '--raw', '--subdir', 'DAGS_FOLDER/etl.py', '--cfg-path', '/tmp/tmp9se2psjk']
[2024-10-23T17:28:37.287+0000] {standard_task_runner.py:105} INFO - Job 81: Subtask load_task
[2024-10-23T17:28:37.349+0000] {task_command.py:467} INFO - Running <TaskInstance: simple_etl_dag.load_task manual__2024-10-23T17:28:32.182866+00:00 [running]> on host a6116a313841
[2024-10-23T17:28:37.514+0000] {taskinstance.py:3131} INFO - Exporting env vars: AIRFLOW_CTX_DAG_OWNER='***' AIRFLOW_CTX_DAG_ID='simple_etl_dag' AIRFLOW_CTX_TASK_ID='load_task' AIRFLOW_CTX_EXECUTION_DATE='2024-10-23T17:28:32.182866+00:00' AIRFLOW_CTX_TRY_NUMBER='1' AIRFLOW_CTX_DAG_RUN_ID='manual__2024-10-23T17:28:32.182866+00:00'
[2024-10-23T17:28:37.516+0000] {logging_mixin.py:190} INFO - Task instance is in running state
[2024-10-23T17:28:37.517+0000] {logging_mixin.py:190} INFO -  Previous state of the Task instance: queued
[2024-10-23T17:28:37.518+0000] {logging_mixin.py:190} INFO - Current task name:load_task state:running start_date:2024-10-23 17:28:37.245159+00:00
[2024-10-23T17:28:37.519+0000] {logging_mixin.py:190} INFO - Dag name:simple_etl_dag and current dag run status:running
[2024-10-23T17:28:37.520+0000] {taskinstance.py:731} INFO - ::endgroup::
[2024-10-23T17:28:37.535+0000] {logging_mixin.py:190} INFO - Transformed data saved to: /opt/***/dest/transformed_data.csv
[2024-10-23T17:28:37.535+0000] {python.py:240} INFO - Done. Returned value was: None
[2024-10-23T17:28:37.547+0000] {taskinstance.py:340} INFO - ::group::Post task execution logs
[2024-10-23T17:28:37.548+0000] {taskinstance.py:352} INFO - Marking task as SUCCESS. dag_id=simple_etl_dag, task_id=load_task, run_id=manual__2024-10-23T17:28:32.182866+00:00, execution_date=20241023T172832, start_date=20241023T172837, end_date=20241023T172837
[2024-10-23T17:28:37.560+0000] {logging_mixin.py:190} INFO - Task instance in success state
[2024-10-23T17:28:37.561+0000] {logging_mixin.py:190} INFO -  Previous state of the Task instance: running
[2024-10-23T17:28:37.562+0000] {logging_mixin.py:190} INFO - Dag name:simple_etl_dag queued_at:2024-10-23 17:28:32.194066+00:00
[2024-10-23T17:28:37.563+0000] {logging_mixin.py:190} INFO - Task hostname:a6116a313841 operator:PythonOperator
[2024-10-23T17:28:37.583+0000] {local_task_job_runner.py:266} INFO - Task exited with return code 0
[2024-10-23T17:28:37.603+0000] {taskinstance.py:3900} INFO - 0 downstream tasks scheduled from follow-on schedule check
[2024-10-23T17:28:37.606+0000] {local_task_job_runner.py:245} INFO - ::endgroup::
