[2024-10-23T02:30:41.863+0000] {local_task_job_runner.py:123} INFO - ::group::Pre task execution logs
[2024-10-23T02:30:41.947+0000] {taskinstance.py:2612} INFO - Dependencies all met for dep_context=non-requeueable deps ti=<TaskInstance: sample_etl.extract scheduled__2024-10-17T00:00:00+00:00 [queued]>
[2024-10-23T02:30:41.987+0000] {taskinstance.py:2612} INFO - Dependencies all met for dep_context=requeueable deps ti=<TaskInstance: sample_etl.extract scheduled__2024-10-17T00:00:00+00:00 [queued]>
[2024-10-23T02:30:41.991+0000] {taskinstance.py:2865} INFO - Starting attempt 1 of 2
[2024-10-23T02:30:42.107+0000] {taskinstance.py:2888} INFO - Executing <Task(PythonOperator): extract> on 2024-10-17 00:00:00+00:00
[2024-10-23T02:30:42.133+0000] {warnings.py:112} WARNING - /home/***/.local/lib/python3.12/site-packages/***/task/task_runner/standard_task_runner.py:70: DeprecationWarning: This process (pid=68) is multi-threaded, use of fork() may lead to deadlocks in the child.
  pid = os.fork()

[2024-10-23T02:30:42.138+0000] {standard_task_runner.py:72} INFO - Started process 98 to run task
[2024-10-23T02:30:42.139+0000] {standard_task_runner.py:104} INFO - Running: ['***', 'tasks', 'run', 'sample_etl', 'extract', 'scheduled__2024-10-17T00:00:00+00:00', '--job-id', '31', '--raw', '--subdir', 'DAGS_FOLDER/simple_etl.py', '--cfg-path', '/tmp/tmpzuckalfr']
[2024-10-23T02:30:42.142+0000] {standard_task_runner.py:105} INFO - Job 31: Subtask extract
[2024-10-23T02:30:42.354+0000] {task_command.py:467} INFO - Running <TaskInstance: sample_etl.extract scheduled__2024-10-17T00:00:00+00:00 [running]> on host 65fa52b3600c
[2024-10-23T02:30:42.650+0000] {taskinstance.py:3131} INFO - Exporting env vars: AIRFLOW_CTX_DAG_OWNER='***' AIRFLOW_CTX_DAG_ID='sample_etl' AIRFLOW_CTX_TASK_ID='extract' AIRFLOW_CTX_EXECUTION_DATE='2024-10-17T00:00:00+00:00' AIRFLOW_CTX_TRY_NUMBER='1' AIRFLOW_CTX_DAG_RUN_ID='scheduled__2024-10-17T00:00:00+00:00'
[2024-10-23T02:30:42.661+0000] {logging_mixin.py:190} INFO - Task instance is in running state
[2024-10-23T02:30:42.680+0000] {logging_mixin.py:190} INFO -  Previous state of the Task instance: queued
[2024-10-23T02:30:42.681+0000] {logging_mixin.py:190} INFO - Current task name:extract state:running start_date:2024-10-23 02:30:41.952005+00:00
[2024-10-23T02:30:42.682+0000] {logging_mixin.py:190} INFO - Dag name:sample_etl and current dag run status:running
[2024-10-23T02:30:42.683+0000] {taskinstance.py:731} INFO - ::endgroup::
[2024-10-23T02:30:42.687+0000] {python.py:240} INFO - Done. Returned value was: {'name': 'John Doe', 'age': 30}
[2024-10-23T02:30:42.761+0000] {taskinstance.py:340} INFO - ::group::Post task execution logs
[2024-10-23T02:30:42.764+0000] {taskinstance.py:352} INFO - Marking task as SUCCESS. dag_id=sample_etl, task_id=extract, run_id=scheduled__2024-10-17T00:00:00+00:00, execution_date=20241017T000000, start_date=20241023T023041, end_date=20241023T023042
[2024-10-23T02:30:42.799+0000] {logging_mixin.py:190} INFO - Task instance in success state
[2024-10-23T02:30:42.807+0000] {logging_mixin.py:190} INFO -  Previous state of the Task instance: running
[2024-10-23T02:30:42.809+0000] {logging_mixin.py:190} INFO - Dag name:sample_etl queued_at:2024-10-23 02:30:32.661973+00:00
[2024-10-23T02:30:42.810+0000] {logging_mixin.py:190} INFO - Task hostname:65fa52b3600c operator:PythonOperator
[2024-10-23T02:30:42.866+0000] {local_task_job_runner.py:266} INFO - Task exited with return code 0
[2024-10-23T02:30:42.944+0000] {taskinstance.py:3900} INFO - 1 downstream tasks scheduled from follow-on schedule check
[2024-10-23T02:30:42.954+0000] {local_task_job_runner.py:245} INFO - ::endgroup::
