[2024-10-23T17:28:34.049+0000] {local_task_job_runner.py:123} INFO - ::group::Pre task execution logs
[2024-10-23T17:28:34.061+0000] {taskinstance.py:2612} INFO - Dependencies all met for dep_context=non-requeueable deps ti=<TaskInstance: simple_etl_dag.extract_task manual__2024-10-23T17:28:32.182866+00:00 [queued]>
[2024-10-23T17:28:34.067+0000] {taskinstance.py:2612} INFO - Dependencies all met for dep_context=requeueable deps ti=<TaskInstance: simple_etl_dag.extract_task manual__2024-10-23T17:28:32.182866+00:00 [queued]>
[2024-10-23T17:28:34.068+0000] {taskinstance.py:2865} INFO - Starting attempt 1 of 1
[2024-10-23T17:28:34.077+0000] {taskinstance.py:2888} INFO - Executing <Task(PythonOperator): extract_task> on 2024-10-23 17:28:32.182866+00:00
[2024-10-23T17:28:34.082+0000] {warnings.py:112} WARNING - /home/***/.local/lib/python3.12/site-packages/***/task/task_runner/standard_task_runner.py:70: DeprecationWarning: This process (pid=206) is multi-threaded, use of fork() may lead to deadlocks in the child.
  pid = os.fork()

[2024-10-23T17:28:34.085+0000] {standard_task_runner.py:72} INFO - Started process 210 to run task
[2024-10-23T17:28:34.085+0000] {standard_task_runner.py:104} INFO - Running: ['***', 'tasks', 'run', 'simple_etl_dag', 'extract_task', 'manual__2024-10-23T17:28:32.182866+00:00', '--job-id', '77', '--raw', '--subdir', 'DAGS_FOLDER/etl.py', '--cfg-path', '/tmp/tmpn9ok_l2k']
[2024-10-23T17:28:34.087+0000] {standard_task_runner.py:105} INFO - Job 77: Subtask extract_task
[2024-10-23T17:28:34.123+0000] {task_command.py:467} INFO - Running <TaskInstance: simple_etl_dag.extract_task manual__2024-10-23T17:28:32.182866+00:00 [running]> on host a6116a313841
[2024-10-23T17:28:34.172+0000] {taskinstance.py:3131} INFO - Exporting env vars: AIRFLOW_CTX_DAG_OWNER='***' AIRFLOW_CTX_DAG_ID='simple_etl_dag' AIRFLOW_CTX_TASK_ID='extract_task' AIRFLOW_CTX_EXECUTION_DATE='2024-10-23T17:28:32.182866+00:00' AIRFLOW_CTX_TRY_NUMBER='1' AIRFLOW_CTX_DAG_RUN_ID='manual__2024-10-23T17:28:32.182866+00:00'
[2024-10-23T17:28:34.174+0000] {logging_mixin.py:190} INFO - Task instance is in running state
[2024-10-23T17:28:34.174+0000] {logging_mixin.py:190} INFO -  Previous state of the Task instance: queued
[2024-10-23T17:28:34.174+0000] {logging_mixin.py:190} INFO - Current task name:extract_task state:running start_date:2024-10-23 17:28:34.062448+00:00
[2024-10-23T17:28:34.175+0000] {logging_mixin.py:190} INFO - Dag name:simple_etl_dag and current dag run status:running
[2024-10-23T17:28:34.175+0000] {taskinstance.py:731} INFO - ::endgroup::
[2024-10-23T17:28:34.200+0000] {python.py:240} INFO - Done. Returned value was:    id important_column           description  value
0   1           Data A  Sample description 1  100.0
1   2              NaN  Sample description 2  200.0
2   3           Data C  Sample description 3    NaN
3   4           Data D  Sample description 4  150.0
4   5              NaN  Sample description 5  300.0
5   6           Data F  Sample description 6  400.0
6   7           Data G  Sample description 7    NaN
[2024-10-23T17:28:34.270+0000] {taskinstance.py:340} INFO - ::group::Post task execution logs
[2024-10-23T17:28:34.270+0000] {taskinstance.py:352} INFO - Marking task as SUCCESS. dag_id=simple_etl_dag, task_id=extract_task, run_id=manual__2024-10-23T17:28:32.182866+00:00, execution_date=20241023T172832, start_date=20241023T172834, end_date=20241023T172834
[2024-10-23T17:28:34.278+0000] {logging_mixin.py:190} INFO - Task instance in success state
[2024-10-23T17:28:34.278+0000] {logging_mixin.py:190} INFO -  Previous state of the Task instance: running
[2024-10-23T17:28:34.279+0000] {logging_mixin.py:190} INFO - Dag name:simple_etl_dag queued_at:2024-10-23 17:28:32.194066+00:00
[2024-10-23T17:28:34.279+0000] {logging_mixin.py:190} INFO - Task hostname:a6116a313841 operator:PythonOperator
[2024-10-23T17:28:34.301+0000] {local_task_job_runner.py:266} INFO - Task exited with return code 0
[2024-10-23T17:28:34.320+0000] {taskinstance.py:3900} INFO - 0 downstream tasks scheduled from follow-on schedule check
[2024-10-23T17:28:34.323+0000] {local_task_job_runner.py:245} INFO - ::endgroup::
