[2024-10-23T02:30:41.945+0000] {local_task_job_runner.py:123} INFO - ::group::Pre task execution logs
[2024-10-23T02:30:42.043+0000] {taskinstance.py:2612} INFO - Dependencies all met for dep_context=non-requeueable deps ti=<TaskInstance: direct_load_etl.extract scheduled__2024-10-21T00:00:00+00:00 [queued]>
[2024-10-23T02:30:42.068+0000] {taskinstance.py:2612} INFO - Dependencies all met for dep_context=requeueable deps ti=<TaskInstance: direct_load_etl.extract scheduled__2024-10-21T00:00:00+00:00 [queued]>
[2024-10-23T02:30:42.072+0000] {taskinstance.py:2865} INFO - Starting attempt 1 of 2
[2024-10-23T02:30:42.161+0000] {taskinstance.py:2888} INFO - Executing <Task(PythonOperator): extract> on 2024-10-21 00:00:00+00:00
[2024-10-23T02:30:42.216+0000] {warnings.py:112} WARNING - /home/***/.local/lib/python3.12/site-packages/***/task/task_runner/standard_task_runner.py:70: DeprecationWarning: This process (pid=84) is multi-threaded, use of fork() may lead to deadlocks in the child.
  pid = os.fork()

[2024-10-23T02:30:42.225+0000] {standard_task_runner.py:72} INFO - Started process 102 to run task
[2024-10-23T02:30:42.226+0000] {standard_task_runner.py:104} INFO - Running: ['***', 'tasks', 'run', 'direct_load_etl', 'extract', 'scheduled__2024-10-21T00:00:00+00:00', '--job-id', '34', '--raw', '--subdir', 'DAGS_FOLDER/direct_load_etl.py', '--cfg-path', '/tmp/tmpfe64rszf']
[2024-10-23T02:30:42.241+0000] {standard_task_runner.py:105} INFO - Job 34: Subtask extract
[2024-10-23T02:30:42.474+0000] {task_command.py:467} INFO - Running <TaskInstance: direct_load_etl.extract scheduled__2024-10-21T00:00:00+00:00 [running]> on host 65fa52b3600c
[2024-10-23T02:30:42.754+0000] {taskinstance.py:3131} INFO - Exporting env vars: AIRFLOW_CTX_DAG_OWNER='***' AIRFLOW_CTX_DAG_ID='direct_load_etl' AIRFLOW_CTX_TASK_ID='extract' AIRFLOW_CTX_EXECUTION_DATE='2024-10-21T00:00:00+00:00' AIRFLOW_CTX_TRY_NUMBER='1' AIRFLOW_CTX_DAG_RUN_ID='scheduled__2024-10-21T00:00:00+00:00'
[2024-10-23T02:30:42.758+0000] {logging_mixin.py:190} INFO - Task instance is in running state
[2024-10-23T02:30:42.763+0000] {logging_mixin.py:190} INFO -  Previous state of the Task instance: queued
[2024-10-23T02:30:42.765+0000] {logging_mixin.py:190} INFO - Current task name:extract state:running start_date:2024-10-23 02:30:42.045327+00:00
[2024-10-23T02:30:42.767+0000] {logging_mixin.py:190} INFO - Dag name:direct_load_etl and current dag run status:running
[2024-10-23T02:30:42.769+0000] {taskinstance.py:731} INFO - ::endgroup::
[2024-10-23T02:30:42.776+0000] {python.py:240} INFO - Done. Returned value was: [{"name": "John Doe", "age": 30}, {"name": "Jane Smith", "age": 25}, {"name": "Emily Davis", "age": 35}]
[2024-10-23T02:30:42.863+0000] {taskinstance.py:340} INFO - ::group::Post task execution logs
[2024-10-23T02:30:42.866+0000] {taskinstance.py:352} INFO - Marking task as SUCCESS. dag_id=direct_load_etl, task_id=extract, run_id=scheduled__2024-10-21T00:00:00+00:00, execution_date=20241021T000000, start_date=20241023T023042, end_date=20241023T023042
[2024-10-23T02:30:42.903+0000] {logging_mixin.py:190} INFO - Task instance in success state
[2024-10-23T02:30:42.908+0000] {logging_mixin.py:190} INFO -  Previous state of the Task instance: running
[2024-10-23T02:30:42.910+0000] {logging_mixin.py:190} INFO - Dag name:direct_load_etl queued_at:2024-10-23 02:30:36.013121+00:00
[2024-10-23T02:30:42.912+0000] {logging_mixin.py:190} INFO - Task hostname:65fa52b3600c operator:PythonOperator
[2024-10-23T02:30:42.964+0000] {local_task_job_runner.py:266} INFO - Task exited with return code 0
[2024-10-23T02:30:43.051+0000] {taskinstance.py:3900} INFO - 1 downstream tasks scheduled from follow-on schedule check
[2024-10-23T02:30:43.057+0000] {local_task_job_runner.py:245} INFO - ::endgroup::
