[2024-10-17T18:36:31.409+0000] {local_task_job_runner.py:123} INFO - ::group::Pre task execution logs
[2024-10-17T18:36:31.427+0000] {taskinstance.py:2612} INFO - Dependencies all met for dep_context=non-requeueable deps ti=<TaskInstance: sample_etl.extract manual__2024-10-17T18:36:29.197168+00:00 [queued]>
[2024-10-17T18:36:31.434+0000] {taskinstance.py:2612} INFO - Dependencies all met for dep_context=requeueable deps ti=<TaskInstance: sample_etl.extract manual__2024-10-17T18:36:29.197168+00:00 [queued]>
[2024-10-17T18:36:31.435+0000] {taskinstance.py:2865} INFO - Starting attempt 1 of 2
[2024-10-17T18:36:31.445+0000] {taskinstance.py:2888} INFO - Executing <Task(PythonOperator): extract> on 2024-10-17 18:36:29.197168+00:00
[2024-10-17T18:36:31.451+0000] {warnings.py:112} WARNING - /home/***/.local/lib/python3.12/site-packages/***/task/task_runner/standard_task_runner.py:70: DeprecationWarning: This process (pid=222) is multi-threaded, use of fork() may lead to deadlocks in the child.
  pid = os.fork()

[2024-10-17T18:36:31.453+0000] {standard_task_runner.py:72} INFO - Started process 224 to run task
[2024-10-17T18:36:31.453+0000] {standard_task_runner.py:104} INFO - Running: ['***', 'tasks', 'run', 'sample_etl', 'extract', 'manual__2024-10-17T18:36:29.197168+00:00', '--job-id', '12', '--raw', '--subdir', 'DAGS_FOLDER/simple_etl.py', '--cfg-path', '/tmp/tmpayukewav']
[2024-10-17T18:36:31.454+0000] {standard_task_runner.py:105} INFO - Job 12: Subtask extract
[2024-10-17T18:36:31.494+0000] {task_command.py:467} INFO - Running <TaskInstance: sample_etl.extract manual__2024-10-17T18:36:29.197168+00:00 [running]> on host 1a738d4b19e8
[2024-10-17T18:36:31.553+0000] {taskinstance.py:3131} INFO - Exporting env vars: AIRFLOW_CTX_DAG_OWNER='***' AIRFLOW_CTX_DAG_ID='sample_etl' AIRFLOW_CTX_TASK_ID='extract' AIRFLOW_CTX_EXECUTION_DATE='2024-10-17T18:36:29.197168+00:00' AIRFLOW_CTX_TRY_NUMBER='1' AIRFLOW_CTX_DAG_RUN_ID='manual__2024-10-17T18:36:29.197168+00:00'
[2024-10-17T18:36:31.554+0000] {logging_mixin.py:190} INFO - Task instance is in running state
[2024-10-17T18:36:31.555+0000] {logging_mixin.py:190} INFO -  Previous state of the Task instance: queued
[2024-10-17T18:36:31.555+0000] {logging_mixin.py:190} INFO - Current task name:extract state:running start_date:2024-10-17 18:36:31.428253+00:00
[2024-10-17T18:36:31.556+0000] {logging_mixin.py:190} INFO - Dag name:sample_etl and current dag run status:running
[2024-10-17T18:36:31.556+0000] {taskinstance.py:731} INFO - ::endgroup::
[2024-10-17T18:36:31.557+0000] {python.py:240} INFO - Done. Returned value was: {'name': 'John Doe', 'age': 30}
[2024-10-17T18:36:31.575+0000] {taskinstance.py:340} INFO - ::group::Post task execution logs
[2024-10-17T18:36:31.576+0000] {taskinstance.py:352} INFO - Marking task as SUCCESS. dag_id=sample_etl, task_id=extract, run_id=manual__2024-10-17T18:36:29.197168+00:00, execution_date=20241017T183629, start_date=20241017T183631, end_date=20241017T183631
[2024-10-17T18:36:31.586+0000] {logging_mixin.py:190} INFO - Task instance in success state
[2024-10-17T18:36:31.586+0000] {logging_mixin.py:190} INFO -  Previous state of the Task instance: running
[2024-10-17T18:36:31.587+0000] {logging_mixin.py:190} INFO - Dag name:sample_etl queued_at:2024-10-17 18:36:29.207467+00:00
[2024-10-17T18:36:31.588+0000] {logging_mixin.py:190} INFO - Task hostname:1a738d4b19e8 operator:PythonOperator
[2024-10-17T18:36:31.594+0000] {local_task_job_runner.py:266} INFO - Task exited with return code 0
[2024-10-17T18:36:31.614+0000] {taskinstance.py:3900} INFO - 1 downstream tasks scheduled from follow-on schedule check
[2024-10-17T18:36:31.616+0000] {local_task_job_runner.py:245} INFO - ::endgroup::
