[2024-10-23T02:30:41.819+0000] {local_task_job_runner.py:123} INFO - ::group::Pre task execution logs
[2024-10-23T02:30:41.904+0000] {taskinstance.py:2612} INFO - Dependencies all met for dep_context=non-requeueable deps ti=<TaskInstance: sample_etl.extract scheduled__2024-10-21T00:00:00+00:00 [queued]>
[2024-10-23T02:30:41.947+0000] {taskinstance.py:2612} INFO - Dependencies all met for dep_context=requeueable deps ti=<TaskInstance: sample_etl.extract scheduled__2024-10-21T00:00:00+00:00 [queued]>
[2024-10-23T02:30:41.954+0000] {taskinstance.py:2865} INFO - Starting attempt 1 of 2
[2024-10-23T02:30:42.063+0000] {taskinstance.py:2888} INFO - Executing <Task(PythonOperator): extract> on 2024-10-21 00:00:00+00:00
[2024-10-23T02:30:42.096+0000] {warnings.py:112} WARNING - /home/***/.local/lib/python3.12/site-packages/***/task/task_runner/standard_task_runner.py:70: DeprecationWarning: This process (pid=85) is multi-threaded, use of fork() may lead to deadlocks in the child.
  pid = os.fork()

[2024-10-23T02:30:42.104+0000] {standard_task_runner.py:72} INFO - Started process 95 to run task
[2024-10-23T02:30:42.111+0000] {standard_task_runner.py:104} INFO - Running: ['***', 'tasks', 'run', 'sample_etl', 'extract', 'scheduled__2024-10-21T00:00:00+00:00', '--job-id', '30', '--raw', '--subdir', 'DAGS_FOLDER/simple_etl.py', '--cfg-path', '/tmp/tmprg5q87qh']
[2024-10-23T02:30:42.119+0000] {standard_task_runner.py:105} INFO - Job 30: Subtask extract
[2024-10-23T02:30:42.324+0000] {task_command.py:467} INFO - Running <TaskInstance: sample_etl.extract scheduled__2024-10-21T00:00:00+00:00 [running]> on host 65fa52b3600c
[2024-10-23T02:30:42.659+0000] {taskinstance.py:3131} INFO - Exporting env vars: AIRFLOW_CTX_DAG_OWNER='***' AIRFLOW_CTX_DAG_ID='sample_etl' AIRFLOW_CTX_TASK_ID='extract' AIRFLOW_CTX_EXECUTION_DATE='2024-10-21T00:00:00+00:00' AIRFLOW_CTX_TRY_NUMBER='1' AIRFLOW_CTX_DAG_RUN_ID='scheduled__2024-10-21T00:00:00+00:00'
[2024-10-23T02:30:42.662+0000] {logging_mixin.py:190} INFO - Task instance is in running state
[2024-10-23T02:30:42.665+0000] {logging_mixin.py:190} INFO -  Previous state of the Task instance: queued
[2024-10-23T02:30:42.666+0000] {logging_mixin.py:190} INFO - Current task name:extract state:running start_date:2024-10-23 02:30:41.907982+00:00
[2024-10-23T02:30:42.667+0000] {logging_mixin.py:190} INFO - Dag name:sample_etl and current dag run status:running
[2024-10-23T02:30:42.668+0000] {taskinstance.py:731} INFO - ::endgroup::
[2024-10-23T02:30:42.671+0000] {python.py:240} INFO - Done. Returned value was: {'name': 'John Doe', 'age': 30}
[2024-10-23T02:30:42.759+0000] {taskinstance.py:340} INFO - ::group::Post task execution logs
[2024-10-23T02:30:42.766+0000] {taskinstance.py:352} INFO - Marking task as SUCCESS. dag_id=sample_etl, task_id=extract, run_id=scheduled__2024-10-21T00:00:00+00:00, execution_date=20241021T000000, start_date=20241023T023041, end_date=20241023T023042
[2024-10-23T02:30:42.803+0000] {logging_mixin.py:190} INFO - Task instance in success state
[2024-10-23T02:30:42.809+0000] {logging_mixin.py:190} INFO -  Previous state of the Task instance: running
[2024-10-23T02:30:42.815+0000] {logging_mixin.py:190} INFO - Dag name:sample_etl queued_at:2024-10-23 02:30:36.036333+00:00
[2024-10-23T02:30:42.828+0000] {logging_mixin.py:190} INFO - Task hostname:65fa52b3600c operator:PythonOperator
[2024-10-23T02:30:42.865+0000] {local_task_job_runner.py:266} INFO - Task exited with return code 0
[2024-10-23T02:30:42.959+0000] {taskinstance.py:3900} INFO - 1 downstream tasks scheduled from follow-on schedule check
[2024-10-23T02:30:42.971+0000] {local_task_job_runner.py:245} INFO - ::endgroup::
