[2024-10-23T02:38:00.835+0000] {local_task_job_runner.py:123} INFO - ::group::Pre task execution logs
[2024-10-23T02:38:00.914+0000] {taskinstance.py:2612} INFO - Dependencies all met for dep_context=non-requeueable deps ti=<TaskInstance: dataframe_move_dag.move_data_task scheduled__2024-10-22T00:00:00+00:00 [queued]>
[2024-10-23T02:38:00.936+0000] {taskinstance.py:2612} INFO - Dependencies all met for dep_context=requeueable deps ti=<TaskInstance: dataframe_move_dag.move_data_task scheduled__2024-10-22T00:00:00+00:00 [queued]>
[2024-10-23T02:38:00.938+0000] {taskinstance.py:2865} INFO - Starting attempt 1 of 1
[2024-10-23T02:38:00.969+0000] {taskinstance.py:2888} INFO - Executing <Task(PythonOperator): move_data_task> on 2024-10-22 00:00:00+00:00
[2024-10-23T02:38:00.979+0000] {standard_task_runner.py:104} INFO - Running: ['***', 'tasks', 'run', 'dataframe_move_dag', 'move_data_task', 'scheduled__2024-10-22T00:00:00+00:00', '--job-id', '52', '--raw', '--subdir', 'DAGS_FOLDER/simpl_etl.py', '--cfg-path', '/tmp/tmpjfnar0i6']
[2024-10-23T02:38:00.977+0000] {warnings.py:112} WARNING - /home/***/.local/lib/python3.12/site-packages/***/task/task_runner/standard_task_runner.py:70: DeprecationWarning: This process (pid=260) is multi-threaded, use of fork() may lead to deadlocks in the child.
  pid = os.fork()

[2024-10-23T02:38:00.987+0000] {standard_task_runner.py:105} INFO - Job 52: Subtask move_data_task
[2024-10-23T02:38:00.987+0000] {standard_task_runner.py:72} INFO - Started process 266 to run task
[2024-10-23T02:38:01.075+0000] {task_command.py:467} INFO - Running <TaskInstance: dataframe_move_dag.move_data_task scheduled__2024-10-22T00:00:00+00:00 [running]> on host 65fa52b3600c
[2024-10-23T02:38:01.170+0000] {taskinstance.py:3131} INFO - Exporting env vars: AIRFLOW_CTX_DAG_OWNER='***' AIRFLOW_CTX_DAG_ID='dataframe_move_dag' AIRFLOW_CTX_TASK_ID='move_data_task' AIRFLOW_CTX_EXECUTION_DATE='2024-10-22T00:00:00+00:00' AIRFLOW_CTX_TRY_NUMBER='1' AIRFLOW_CTX_DAG_RUN_ID='scheduled__2024-10-22T00:00:00+00:00'
[2024-10-23T02:38:01.173+0000] {logging_mixin.py:190} INFO - Task instance is in running state
[2024-10-23T02:38:01.174+0000] {logging_mixin.py:190} INFO -  Previous state of the Task instance: queued
[2024-10-23T02:38:01.174+0000] {logging_mixin.py:190} INFO - Current task name:move_data_task state:running start_date:2024-10-23 02:38:00.915285+00:00
[2024-10-23T02:38:01.175+0000] {logging_mixin.py:190} INFO - Dag name:dataframe_move_dag and current dag run status:running
[2024-10-23T02:38:01.175+0000] {taskinstance.py:731} INFO - ::endgroup::
[2024-10-23T02:38:01.178+0000] {logging_mixin.py:190} INFO - Source DataFrame:
[2024-10-23T02:38:01.187+0000] {logging_mixin.py:190} INFO -       Name  Age         City
0    Alice   25     New York
1      Bob   30  Los Angeles
2  Charlie   35      Chicago
[2024-10-23T02:38:01.188+0000] {logging_mixin.py:190} INFO - Destination DataFrame:
[2024-10-23T02:38:01.193+0000] {logging_mixin.py:190} INFO -       Name  Age         City
0    Alice   25     New York
1      Bob   30  Los Angeles
2  Charlie   35      Chicago
[2024-10-23T02:38:01.194+0000] {python.py:240} INFO - Done. Returned value was: None
[2024-10-23T02:38:01.204+0000] {taskinstance.py:340} INFO - ::group::Post task execution logs
[2024-10-23T02:38:01.205+0000] {taskinstance.py:352} INFO - Marking task as SUCCESS. dag_id=dataframe_move_dag, task_id=move_data_task, run_id=scheduled__2024-10-22T00:00:00+00:00, execution_date=20241022T000000, start_date=20241023T023800, end_date=20241023T023801
[2024-10-23T02:38:01.217+0000] {logging_mixin.py:190} INFO - Task instance in success state
[2024-10-23T02:38:01.228+0000] {logging_mixin.py:190} INFO -  Previous state of the Task instance: running
[2024-10-23T02:38:01.228+0000] {logging_mixin.py:190} INFO - Dag name:dataframe_move_dag queued_at:2024-10-23 02:37:59.079106+00:00
[2024-10-23T02:38:01.229+0000] {logging_mixin.py:190} INFO - Task hostname:65fa52b3600c operator:PythonOperator
[2024-10-23T02:38:01.245+0000] {local_task_job_runner.py:266} INFO - Task exited with return code 0
[2024-10-23T02:38:01.272+0000] {taskinstance.py:3900} INFO - 0 downstream tasks scheduled from follow-on schedule check
[2024-10-23T02:38:01.276+0000] {local_task_job_runner.py:245} INFO - ::endgroup::
[2024-10-23T03:00:46.753+0000] {local_task_job_runner.py:123} INFO - ::group::Pre task execution logs
[2024-10-23T03:00:46.772+0000] {taskinstance.py:2612} INFO - Dependencies all met for dep_context=non-requeueable deps ti=<TaskInstance: dataframe_move_dag.move_data_task scheduled__2024-10-22T00:00:00+00:00 [queued]>
[2024-10-23T03:00:46.782+0000] {taskinstance.py:2612} INFO - Dependencies all met for dep_context=requeueable deps ti=<TaskInstance: dataframe_move_dag.move_data_task scheduled__2024-10-22T00:00:00+00:00 [queued]>
[2024-10-23T03:00:46.783+0000] {taskinstance.py:2865} INFO - Starting attempt 1 of 1
[2024-10-23T03:00:46.798+0000] {taskinstance.py:2888} INFO - Executing <Task(PythonOperator): move_data_task> on 2024-10-22 00:00:00+00:00
[2024-10-23T03:00:46.805+0000] {warnings.py:112} WARNING - /home/***/.local/lib/python3.12/site-packages/***/task/task_runner/standard_task_runner.py:70: DeprecationWarning: This process (pid=204) is multi-threaded, use of fork() may lead to deadlocks in the child.
  pid = os.fork()

[2024-10-23T03:00:46.808+0000] {standard_task_runner.py:72} INFO - Started process 209 to run task
[2024-10-23T03:00:46.808+0000] {standard_task_runner.py:104} INFO - Running: ['***', 'tasks', 'run', 'dataframe_move_dag', 'move_data_task', 'scheduled__2024-10-22T00:00:00+00:00', '--job-id', '58', '--raw', '--subdir', 'DAGS_FOLDER/simpl_etl.py', '--cfg-path', '/tmp/tmp3un70gqt']
[2024-10-23T03:00:46.809+0000] {standard_task_runner.py:105} INFO - Job 58: Subtask move_data_task
[2024-10-23T03:00:46.869+0000] {task_command.py:467} INFO - Running <TaskInstance: dataframe_move_dag.move_data_task scheduled__2024-10-22T00:00:00+00:00 [running]> on host c85a6004b767
[2024-10-23T03:00:46.970+0000] {taskinstance.py:3131} INFO - Exporting env vars: AIRFLOW_CTX_DAG_OWNER='***' AIRFLOW_CTX_DAG_ID='dataframe_move_dag' AIRFLOW_CTX_TASK_ID='move_data_task' AIRFLOW_CTX_EXECUTION_DATE='2024-10-22T00:00:00+00:00' AIRFLOW_CTX_TRY_NUMBER='1' AIRFLOW_CTX_DAG_RUN_ID='scheduled__2024-10-22T00:00:00+00:00'
[2024-10-23T03:00:46.972+0000] {logging_mixin.py:190} INFO - Task instance is in running state
[2024-10-23T03:00:46.972+0000] {logging_mixin.py:190} INFO -  Previous state of the Task instance: queued
[2024-10-23T03:00:46.973+0000] {logging_mixin.py:190} INFO - Current task name:move_data_task state:running start_date:2024-10-23 03:00:46.773428+00:00
[2024-10-23T03:00:46.974+0000] {logging_mixin.py:190} INFO - Dag name:dataframe_move_dag and current dag run status:running
[2024-10-23T03:00:46.974+0000] {taskinstance.py:731} INFO - ::endgroup::
[2024-10-23T03:00:46.977+0000] {logging_mixin.py:190} INFO - Source DataFrame:
[2024-10-23T03:00:46.987+0000] {logging_mixin.py:190} INFO -       Name  Age         City
0    Alice   25     New York
1      Bob   30  Los Angeles
2  Charlie   35      Chicago
[2024-10-23T03:00:46.988+0000] {logging_mixin.py:190} INFO - Destination DataFrame:
[2024-10-23T03:00:46.993+0000] {logging_mixin.py:190} INFO -       Name  Age         City
0    Alice   25     New York
1      Bob   30  Los Angeles
2  Charlie   35      Chicago
[2024-10-23T03:00:46.994+0000] {python.py:240} INFO - Done. Returned value was: None
[2024-10-23T03:00:47.005+0000] {taskinstance.py:340} INFO - ::group::Post task execution logs
[2024-10-23T03:00:47.006+0000] {taskinstance.py:352} INFO - Marking task as SUCCESS. dag_id=dataframe_move_dag, task_id=move_data_task, run_id=scheduled__2024-10-22T00:00:00+00:00, execution_date=20241022T000000, start_date=20241023T030046, end_date=20241023T030047
[2024-10-23T03:00:47.017+0000] {logging_mixin.py:190} INFO - Task instance in success state
[2024-10-23T03:00:47.018+0000] {logging_mixin.py:190} INFO -  Previous state of the Task instance: running
[2024-10-23T03:00:47.019+0000] {logging_mixin.py:190} INFO - Dag name:dataframe_move_dag queued_at:2024-10-23 03:00:44.532562+00:00
[2024-10-23T03:00:47.019+0000] {logging_mixin.py:190} INFO - Task hostname:c85a6004b767 operator:PythonOperator
[2024-10-23T03:00:47.065+0000] {local_task_job_runner.py:266} INFO - Task exited with return code 0
[2024-10-23T03:00:47.077+0000] {local_task_job_runner.py:245} INFO - ::endgroup::
